# new algo with postgres/my_workload.sql with 0.9999


==== BEGIN WORKLOAD ====


===== Query 1 =====

SQL: UPDATE ORDER_LINE SET OL_DELIVERY_D = '2014-10-12 20:52:15.219' WHERE OL_O_ID = 2511 AND OL_D_ID = 1 AND OL_W_ID = 2

EXPLAIN Plan:

Update on order_line  (cost=0.43..43.81 rows=0 width=0) (actual time=4.207..4.207 rows=0 loops=1)

  ->  Index Scan using order_line_pkey on order_line  (cost=0.43..43.81 rows=10 width=14) (actual time=1.334..1.841 rows=7 loops=1)

        Index Cond: ((ol_w_id = 2) AND (ol_d_id = 1) AND (ol_o_id = 2511))

Planning Time: 0.408 ms

Execution Time: 4.239 ms
Failed SQL 1: UPDATE ORDER_LINE SET OL_DELIVERY_D = '2014-10-12 20:52:15.219' WHERE OL_O_ID = 2511 AND OL_D_ID = 1 AND OL_W_ID = 2
Error Message: Cannot invoke "java.util.List.get(int)" because the return value of "sg.edu.nus.autotune.DB2DATA.getAllIndexes()" is null


===== Query 2 =====

SQL: SELECT C_DISCOUNT, C_LAST, C_CREDIT, W_TAX FROM CUSTOMER, WAREHOUSE WHERE W_ID = 1 AND C_W_ID = 1 AND C_D_ID = 5 AND C_ID = 544

EXPLAIN Plan:

Nested Loop  (cost=4.56..16.61 rows=1 width=26) (actual time=0.047..0.049 rows=1 loops=1)

  ->  Index Scan using customer_pkey on customer  (cost=0.42..8.44 rows=1 width=21) (actual time=0.028..0.029 rows=1 loops=1)

        Index Cond: ((c_w_id = 1) AND (c_d_id = 5) AND (c_id = 544))

  ->  Bitmap Heap Scan on warehouse  (cost=4.14..8.15 rows=1 width=5) (actual time=0.011..0.012 rows=1 loops=1)

        Recheck Cond: (w_id = 1)

        Heap Blocks: exact=1

        ->  Bitmap Index Scan on warehouse_pkey  (cost=0.00..4.14 rows=1 width=0) (actual time=0.003..0.003 rows=1 loops=1)

              Index Cond: (w_id = 1)

Planning Time: 0.816 ms

Execution Time: 0.116 ms
Failed SQL 2: SELECT C_DISCOUNT, C_LAST, C_CREDIT, W_TAX FROM CUSTOMER, WAREHOUSE WHERE W_ID = 1 AND C_W_ID = 1 AND C_D_ID = 5 AND C_ID = 544
Error Message: Cannot invoke "java.util.List.get(int)" because the return value of "sg.edu.nus.autotune.DB2DATA.getAllIndexes()" is null


===== Query 3 =====

SQL: UPDATE WAREHOUSE SET W_YTD = W_YTD + 2479.74 WHERE W_ID = 2

EXPLAIN Plan:

Update on warehouse  (cost=4.14..8.16 rows=0 width=0) (actual time=0.083..0.084 rows=0 loops=1)

  ->  Bitmap Heap Scan on warehouse  (cost=4.14..8.16 rows=1 width=22) (actual time=0.013..0.014 rows=1 loops=1)

        Recheck Cond: (w_id = 2)

        Heap Blocks: exact=1

        ->  Bitmap Index Scan on warehouse_pkey  (cost=0.00..4.14 rows=1 width=0) (actual time=0.004..0.004 rows=1 loops=1)

              Index Cond: (w_id = 2)

Planning Time: 0.093 ms

Execution Time: 0.113 ms
Failed SQL 3: UPDATE WAREHOUSE SET W_YTD = W_YTD + 2479.74 WHERE W_ID = 2
Error Message: Cannot invoke "java.util.List.get(int)" because the return value of "sg.edu.nus.autotune.DB2DATA.getAllIndexes()" is null


===== Query 4 =====

SQL: SELECT W_STREET_1, W_STREET_2, W_CITY, W_STATE, W_ZIP, W_NAME FROM WAREHOUSE WHERE W_ID = 2

EXPLAIN Plan:

Bitmap Heap Scan on warehouse  (cost=4.14..8.15 rows=1 width=65) (actual time=0.008..0.009 rows=1 loops=1)

  Recheck Cond: (w_id = 2)

  Heap Blocks: exact=1

  ->  Bitmap Index Scan on warehouse_pkey  (cost=0.00..4.14 rows=1 width=0) (actual time=0.003..0.003 rows=1 loops=1)

        Index Cond: (w_id = 2)

Planning Time: 0.094 ms

Execution Time: 0.023 ms
Failed SQL 4: SELECT W_STREET_1, W_STREET_2, W_CITY, W_STATE, W_ZIP, W_NAME FROM WAREHOUSE WHERE W_ID = 2
Error Message: Cannot invoke "java.util.List.get(int)" because the return value of "sg.edu.nus.autotune.DB2DATA.getAllIndexes()" is null


===== Query 5 =====

SQL: UPDATE DISTRICT SET D_YTD = D_YTD + 2479.74 WHERE D_W_ID = 2 AND D_ID = 9

EXPLAIN Plan:

Update on district  (cost=4.28..11.67 rows=0 width=0) (actual time=0.053..0.053 rows=0 loops=1)

  ->  Bitmap Heap Scan on district  (cost=4.28..11.67 rows=2 width=22) (actual time=0.022..0.022 rows=1 loops=1)

        Recheck Cond: ((d_w_id = 2) AND (d_id = 9))

        Heap Blocks: exact=1

        ->  Bitmap Index Scan on district_pkey  (cost=0.00..4.28 rows=2 width=0) (actual time=0.010..0.010 rows=1 loops=1)

              Index Cond: ((d_w_id = 2) AND (d_id = 9))

Planning Time: 0.219 ms

Execution Time: 0.069 ms
Failed SQL 5: UPDATE DISTRICT SET D_YTD = D_YTD + 2479.74 WHERE D_W_ID = 2 AND D_ID = 9
Error Message: Cannot invoke "java.util.List.get(int)" because the return value of "sg.edu.nus.autotune.DB2DATA.getAllIndexes()" is null


===== Query 6 =====

SQL: SELECT D_STREET_1, D_STREET_2, D_CITY, D_STATE, D_ZIP, D_NAME FROM DISTRICT WHERE D_W_ID = 2 AND D_ID = 9

EXPLAIN Plan:

Bitmap Heap Scan on district  (cost=4.28..11.66 rows=2 width=64) (actual time=0.009..0.009 rows=1 loops=1)

  Recheck Cond: ((d_w_id = 2) AND (d_id = 9))

  Heap Blocks: exact=1

  ->  Bitmap Index Scan on district_pkey  (cost=0.00..4.28 rows=2 width=0) (actual time=0.003..0.004 rows=1 loops=1)

        Index Cond: ((d_w_id = 2) AND (d_id = 9))

Planning Time: 0.100 ms

Execution Time: 0.021 ms
Failed SQL 6: SELECT D_STREET_1, D_STREET_2, D_CITY, D_STATE, D_ZIP, D_NAME FROM DISTRICT WHERE D_W_ID = 2 AND D_ID = 9
Error Message: Cannot invoke "java.util.List.get(int)" because the return value of "sg.edu.nus.autotune.DB2DATA.getAllIndexes()" is null


===== Query 7 =====

SQL: SELECT D_NEXT_O_ID, D_TAX FROM DISTRICT WHERE D_W_ID = 1 AND D_ID = 5

EXPLAIN Plan:

Bitmap Heap Scan on district  (cost=4.28..11.66 rows=2 width=9) (actual time=0.009..0.009 rows=1 loops=1)

  Recheck Cond: ((d_w_id = 1) AND (d_id = 5))

  Heap Blocks: exact=1

  ->  Bitmap Index Scan on district_pkey  (cost=0.00..4.28 rows=2 width=0) (actual time=0.003..0.004 rows=1 loops=1)

        Index Cond: ((d_w_id = 1) AND (d_id = 5))

Planning Time: 0.072 ms

Execution Time: 0.021 ms
Failed SQL 7: SELECT D_NEXT_O_ID, D_TAX FROM DISTRICT WHERE D_W_ID = 1 AND D_ID = 5
Error Message: Cannot invoke "java.util.List.get(int)" because the return value of "sg.edu.nus.autotune.DB2DATA.getAllIndexes()" is null


===== Query 8 =====

SQL: SELECT C_FIRST, C_MIDDLE, C_LAST, C_STREET_1, C_STREET_2, C_CITY, C_STATE, C_ZIP, C_PHONE, C_CREDIT, C_CREDIT_LIM, C_DISCOUNT, C_BALANCE, C_YTD_PAYMENT, C_PAYMENT_CNT, C_SINCE FROM CUSTOMER WHERE C_W_ID = 2 AND C_D_ID = 9 AND C_ID = 267

EXPLAIN Plan:

Index Scan using customer_pkey on customer  (cost=0.42..8.44 rows=1 width=140) (actual time=0.027..0.027 rows=1 loops=1)

  Index Cond: ((c_w_id = 2) AND (c_d_id = 9) AND (c_id = 267))

Planning Time: 0.148 ms

Execution Time: 0.039 ms
Failed SQL 8: SELECT C_FIRST, C_MIDDLE, C_LAST, C_STREET_1, C_STREET_2, C_CITY, C_STATE, C_ZIP, C_PHONE, C_CREDIT, C_CREDIT_LIM, C_DISCOUNT, C_BALANCE, C_YTD_PAYMENT, C_PAYMENT_CNT, C_SINCE FROM CUSTOMER WHERE C_W_ID = 2 AND C_D_ID = 9 AND C_ID = 267
Error Message: Cannot invoke "java.util.List.get(int)" because the return value of "sg.edu.nus.autotune.DB2DATA.getAllIndexes()" is null


===== Query 9 =====

SQL: UPDATE DISTRICT SET D_NEXT_O_ID = D_NEXT_O_ID + 1 WHERE D_W_ID = 1 AND D_ID = 5

EXPLAIN Plan:

Update on district  (cost=4.28..11.67 rows=0 width=0) (actual time=0.025..0.025 rows=0 loops=1)

  ->  Bitmap Heap Scan on district  (cost=4.28..11.67 rows=2 width=10) (actual time=0.008..0.008 rows=1 loops=1)

        Recheck Cond: ((d_w_id = 1) AND (d_id = 5))

        Heap Blocks: exact=1

        ->  Bitmap Index Scan on district_pkey  (cost=0.00..4.28 rows=2 width=0) (actual time=0.003..0.003 rows=1 loops=1)

              Index Cond: ((d_w_id = 1) AND (d_id = 5))

Planning Time: 0.056 ms

Execution Time: 0.040 ms
Failed SQL 9: UPDATE DISTRICT SET D_NEXT_O_ID = D_NEXT_O_ID + 1 WHERE D_W_ID = 1 AND D_ID = 5
Error Message: Cannot invoke "java.util.List.get(int)" because the return value of "sg.edu.nus.autotune.DB2DATA.getAllIndexes()" is null


===== Query 10 =====

SQL: UPDATE CUSTOMER SET C_BALANCE = -5118.59, C_YTD_PAYMENT = 5118.59, C_PAYMENT_CNT = 3 WHERE C_W_ID = 2 AND C_D_ID = 9 AND C_ID = 267

EXPLAIN Plan:

Update on customer  (cost=0.42..8.44 rows=0 width=0) (actual time=0.071..0.072 rows=0 loops=1)

  ->  Index Scan using customer_pkey on customer  (cost=0.42..8.44 rows=1 width=34) (actual time=0.014..0.015 rows=1 loops=1)

        Index Cond: ((c_w_id = 2) AND (c_d_id = 9) AND (c_id = 267))

Planning Time: 0.102 ms

Execution Time: 0.095 ms
Failed SQL 10: UPDATE CUSTOMER SET C_BALANCE = -5118.59, C_YTD_PAYMENT = 5118.59, C_PAYMENT_CNT = 3 WHERE C_W_ID = 2 AND C_D_ID = 9 AND C_ID = 267
Error Message: Cannot invoke "java.util.List.get(int)" because the return value of "sg.edu.nus.autotune.DB2DATA.getAllIndexes()" is null


===== Query 11 =====

SQL: SELECT I_PRICE, I_NAME , I_DATA FROM ITEM WHERE I_ID = 69082

EXPLAIN Plan:

Index Scan using item_pkey on item  (cost=0.29..8.31 rows=1 width=61) (actual time=0.018..0.019 rows=1 loops=1)

  Index Cond: (i_id = 69082)

Planning Time: 0.432 ms

Execution Time: 0.035 ms
Failed SQL 11: SELECT I_PRICE, I_NAME , I_DATA FROM ITEM WHERE I_ID = 69082
Error Message: Cannot invoke "java.util.List.get(int)" because the return value of "sg.edu.nus.autotune.DB2DATA.getAllIndexes()" is null


===== Query 12 =====

SQL: SELECT S_QUANTITY, S_DATA, S_DIST_01, S_DIST_02, S_DIST_03, S_DIST_04, S_DIST_05, S_DIST_06, S_DIST_07, S_DIST_08, S_DIST_09, S_DIST_10 FROM STOCK WHERE S_I_ID = 69082 AND S_W_ID = 1

EXPLAIN Plan:

Index Scan using stock_pkey on stock  (cost=0.42..8.44 rows=1 width=291) (actual time=0.035..0.036 rows=1 loops=1)

  Index Cond: ((s_w_id = 1) AND (s_i_id = 69082))

Planning Time: 0.603 ms

Execution Time: 0.055 ms
Failed SQL 12: SELECT S_QUANTITY, S_DATA, S_DIST_01, S_DIST_02, S_DIST_03, S_DIST_04, S_DIST_05, S_DIST_06, S_DIST_07, S_DIST_08, S_DIST_09, S_DIST_10 FROM STOCK WHERE S_I_ID = 69082 AND S_W_ID = 1
Error Message: Cannot invoke "java.util.List.get(int)" because the return value of "sg.edu.nus.autotune.DB2DATA.getAllIndexes()" is null


===== Query 13 =====

SQL: UPDATE STOCK SET S_QUANTITY = 20, S_YTD = S_YTD + 6, S_ORDER_CNT = S_ORDER_CNT + 1, S_REMOTE_CNT = S_REMOTE_CNT + 0 WHERE S_I_ID = 69082 AND S_W_ID = 1

EXPLAIN Plan:

Update on stock  (cost=0.42..8.45 rows=0 width=0) (actual time=0.082..0.082 rows=0 loops=1)

  ->  Index Scan using stock_pkey on stock  (cost=0.42..8.45 rows=1 width=32) (actual time=0.016..0.017 rows=1 loops=1)

        Index Cond: ((s_w_id = 1) AND (s_i_id = 69082))

Planning Time: 0.122 ms

Execution Time: 0.107 ms
Failed SQL 13: UPDATE STOCK SET S_QUANTITY = 20, S_YTD = S_YTD + 6, S_ORDER_CNT = S_ORDER_CNT + 1, S_REMOTE_CNT = S_REMOTE_CNT + 0 WHERE S_I_ID = 69082 AND S_W_ID = 1
Error Message: Cannot invoke "java.util.List.get(int)" because the return value of "sg.edu.nus.autotune.DB2DATA.getAllIndexes()" is null


===== Query 14 =====

SQL: UPDATE WAREHOUSE SET W_YTD = W_YTD + 989.08 WHERE W_ID = 2

EXPLAIN Plan:

Update on warehouse  (cost=4.14..8.16 rows=0 width=0) (actual time=0.054..0.055 rows=0 loops=1)

  ->  Bitmap Heap Scan on warehouse  (cost=4.14..8.16 rows=1 width=22) (actual time=0.020..0.020 rows=1 loops=1)

        Recheck Cond: (w_id = 2)

        Heap Blocks: exact=1

        ->  Bitmap Index Scan on warehouse_pkey  (cost=0.00..4.14 rows=1 width=0) (actual time=0.008..0.009 rows=1 loops=1)

              Index Cond: (w_id = 2)

Planning Time: 0.088 ms

Execution Time: 0.090 ms
Failed SQL 14: UPDATE WAREHOUSE SET W_YTD = W_YTD + 989.08 WHERE W_ID = 2
Error Message: Cannot invoke "java.util.List.get(int)" because the return value of "sg.edu.nus.autotune.DB2DATA.getAllIndexes()" is null


===== Query 15 =====

SQL: SELECT W_STREET_1, W_STREET_2, W_CITY, W_STATE, W_ZIP, W_NAME FROM WAREHOUSE WHERE W_ID = 2

EXPLAIN Plan:

Bitmap Heap Scan on warehouse  (cost=4.14..8.15 rows=1 width=65) (actual time=0.018..0.019 rows=1 loops=1)

  Recheck Cond: (w_id = 2)

  Heap Blocks: exact=1

  ->  Bitmap Index Scan on warehouse_pkey  (cost=0.00..4.14 rows=1 width=0) (actual time=0.008..0.009 rows=1 loops=1)

        Index Cond: (w_id = 2)

Planning Time: 0.071 ms

Execution Time: 0.044 ms
Failed SQL 15: SELECT W_STREET_1, W_STREET_2, W_CITY, W_STATE, W_ZIP, W_NAME FROM WAREHOUSE WHERE W_ID = 2
Error Message: Cannot invoke "java.util.List.get(int)" because the return value of "sg.edu.nus.autotune.DB2DATA.getAllIndexes()" is null


===== Query 16 =====

SQL: UPDATE DISTRICT SET D_YTD = D_YTD + 989.08 WHERE D_W_ID = 2 AND D_ID = 10

EXPLAIN Plan:

Update on district  (cost=4.28..11.67 rows=0 width=0) (actual time=0.063..0.064 rows=0 loops=1)

  ->  Bitmap Heap Scan on district  (cost=4.28..11.67 rows=2 width=22) (actual time=0.034..0.035 rows=1 loops=1)

        Recheck Cond: ((d_w_id = 2) AND (d_id = 10))

        Heap Blocks: exact=1

        ->  Bitmap Index Scan on district_pkey  (cost=0.00..4.28 rows=2 width=0) (actual time=0.009..0.009 rows=1 loops=1)

              Index Cond: ((d_w_id = 2) AND (d_id = 10))

Planning Time: 0.081 ms

Execution Time: 0.091 ms
Failed SQL 16: UPDATE DISTRICT SET D_YTD = D_YTD + 989.08 WHERE D_W_ID = 2 AND D_ID = 10
Error Message: Cannot invoke "java.util.List.get(int)" because the return value of "sg.edu.nus.autotune.DB2DATA.getAllIndexes()" is null


===== Query 17 =====

SQL: SELECT D_STREET_1, D_STREET_2, D_CITY, D_STATE, D_ZIP, D_NAME FROM DISTRICT WHERE D_W_ID = 2 AND D_ID = 10

EXPLAIN Plan:

Bitmap Heap Scan on district  (cost=4.28..11.66 rows=2 width=64) (actual time=0.020..0.021 rows=1 loops=1)

  Recheck Cond: ((d_w_id = 2) AND (d_id = 10))

  Heap Blocks: exact=1

  ->  Bitmap Index Scan on district_pkey  (cost=0.00..4.28 rows=2 width=0) (actual time=0.010..0.011 rows=1 loops=1)

        Index Cond: ((d_w_id = 2) AND (d_id = 10))

Planning Time: 0.092 ms

Execution Time: 0.047 ms
Failed SQL 17: SELECT D_STREET_1, D_STREET_2, D_CITY, D_STATE, D_ZIP, D_NAME FROM DISTRICT WHERE D_W_ID = 2 AND D_ID = 10
Error Message: Cannot invoke "java.util.List.get(int)" because the return value of "sg.edu.nus.autotune.DB2DATA.getAllIndexes()" is null


===== Query 18 =====

SQL: SELECT C_FIRST, C_MIDDLE, C_ID, C_STREET_1, C_STREET_2, C_CITY, C_STATE, C_ZIP, C_PHONE, C_CREDIT, C_CREDIT_LIM, C_DISCOUNT, C_BALANCE, C_YTD_PAYMENT, C_PAYMENT_CNT, C_SINCE FROM CUSTOMER WHERE C_W_ID = 2 AND C_D_ID = 10 AND C_LAST = 'ABLEABLEABLE' ORDER BY C_FIRST

EXPLAIN Plan:

Sort  (cost=7157.35..7157.35 rows=2 width=131) (actual time=4.547..4.548 rows=1 loops=1)

  Sort Key: c_first

  Sort Method: quicksort  Memory: 25kB

  ->  Bitmap Heap Scan on customer  (cost=77.47..7157.34 rows=2 width=131) (actual time=1.633..4.537 rows=1 loops=1)

        Recheck Cond: ((c_w_id = 2) AND (c_d_id = 10))

        Filter: ((c_last)::text = 'ABLEABLEABLE'::text)

        Rows Removed by Filter: 2999

        Heap Blocks: exact=718

        ->  Bitmap Index Scan on customer_pkey  (cost=0.00..77.47 rows=2905 width=0) (actual time=0.483..0.483 rows=3013 loops=1)

              Index Cond: ((c_w_id = 2) AND (c_d_id = 10))

Planning Time: 0.145 ms

Execution Time: 4.593 ms
Failed SQL 18: SELECT C_FIRST, C_MIDDLE, C_ID, C_STREET_1, C_STREET_2, C_CITY, C_STATE, C_ZIP, C_PHONE, C_CREDIT, C_CREDIT_LIM, C_DISCOUNT, C_BALANCE, C_YTD_PAYMENT, C_PAYMENT_CNT, C_SINCE FROM CUSTOMER WHERE C_W_ID = 2 AND C_D_ID = 10 AND C_LAST = 'ABLEABLEABLE' ORDER BY C_FIRST
Error Message: Cannot invoke "java.util.List.get(int)" because the return value of "sg.edu.nus.autotune.DB2DATA.getAllIndexes()" is null


===== Query 19 =====

SQL: SELECT I_PRICE, I_NAME , I_DATA FROM ITEM WHERE I_ID = 35201

EXPLAIN Plan:

Index Scan using item_pkey on item  (cost=0.29..8.31 rows=1 width=61) (actual time=0.034..0.035 rows=1 loops=1)

  Index Cond: (i_id = 35201)

Planning Time: 0.070 ms

Execution Time: 0.052 ms
Failed SQL 19: SELECT I_PRICE, I_NAME , I_DATA FROM ITEM WHERE I_ID = 35201
Error Message: Cannot invoke "java.util.List.get(int)" because the return value of "sg.edu.nus.autotune.DB2DATA.getAllIndexes()" is null


===== Query 20 =====

SQL: SELECT S_QUANTITY, S_DATA, S_DIST_01, S_DIST_02, S_DIST_03, S_DIST_04, S_DIST_05, S_DIST_06, S_DIST_07, S_DIST_08, S_DIST_09, S_DIST_10 FROM STOCK WHERE S_I_ID = 35201 AND S_W_ID = 1

EXPLAIN Plan:

Index Scan using stock_pkey on stock  (cost=0.42..8.44 rows=1 width=291) (actual time=0.057..0.059 rows=1 loops=1)

  Index Cond: ((s_w_id = 1) AND (s_i_id = 35201))

Planning Time: 0.078 ms

Execution Time: 0.074 ms
Failed SQL 20: SELECT S_QUANTITY, S_DATA, S_DIST_01, S_DIST_02, S_DIST_03, S_DIST_04, S_DIST_05, S_DIST_06, S_DIST_07, S_DIST_08, S_DIST_09, S_DIST_10 FROM STOCK WHERE S_I_ID = 35201 AND S_W_ID = 1
Error Message: Cannot invoke "java.util.List.get(int)" because the return value of "sg.edu.nus.autotune.DB2DATA.getAllIndexes()" is null


===== Query 21 =====

SQL: UPDATE CUSTOMER SET C_BALANCE = -999.08, C_YTD_PAYMENT = 999.08, C_PAYMENT_CNT = 2 WHERE C_W_ID = 2 AND C_D_ID = 10 AND C_ID = 223

EXPLAIN Plan:

Update on customer  (cost=0.42..8.44 rows=0 width=0) (actual time=0.089..0.089 rows=0 loops=1)

  ->  Index Scan using customer_pkey on customer  (cost=0.42..8.44 rows=1 width=34) (actual time=0.027..0.028 rows=1 loops=1)

        Index Cond: ((c_w_id = 2) AND (c_d_id = 10) AND (c_id = 223))

Planning Time: 0.105 ms

Execution Time: 0.127 ms
Failed SQL 21: UPDATE CUSTOMER SET C_BALANCE = -999.08, C_YTD_PAYMENT = 999.08, C_PAYMENT_CNT = 2 WHERE C_W_ID = 2 AND C_D_ID = 10 AND C_ID = 223
Error Message: Cannot invoke "java.util.List.get(int)" because the return value of "sg.edu.nus.autotune.DB2DATA.getAllIndexes()" is null


===== Query 22 =====

SQL: UPDATE STOCK SET S_QUANTITY = 75, S_YTD = S_YTD + 6, S_ORDER_CNT = S_ORDER_CNT + 1, S_REMOTE_CNT = S_REMOTE_CNT + 0 WHERE S_I_ID = 35201 AND S_W_ID = 1

EXPLAIN Plan:

Update on stock  (cost=0.42..8.45 rows=0 width=0) (actual time=0.043..0.044 rows=0 loops=1)

  ->  Index Scan using stock_pkey on stock  (cost=0.42..8.45 rows=1 width=32) (actual time=0.019..0.020 rows=1 loops=1)

        Index Cond: ((s_w_id = 1) AND (s_i_id = 35201))

Planning Time: 0.087 ms

Execution Time: 0.065 ms
Failed SQL 22: UPDATE STOCK SET S_QUANTITY = 75, S_YTD = S_YTD + 6, S_ORDER_CNT = S_ORDER_CNT + 1, S_REMOTE_CNT = S_REMOTE_CNT + 0 WHERE S_I_ID = 35201 AND S_W_ID = 1
Error Message: Cannot invoke "java.util.List.get(int)" because the return value of "sg.edu.nus.autotune.DB2DATA.getAllIndexes()" is null


===== Query 23 =====

SQL: SELECT I_PRICE, I_NAME , I_DATA FROM ITEM WHERE I_ID = 85602

EXPLAIN Plan:

Index Scan using item_pkey on item  (cost=0.29..8.31 rows=1 width=61) (actual time=0.034..0.036 rows=1 loops=1)

  Index Cond: (i_id = 85602)

Planning Time: 0.070 ms

Execution Time: 0.052 ms
Failed SQL 23: SELECT I_PRICE, I_NAME , I_DATA FROM ITEM WHERE I_ID = 85602
Error Message: Cannot invoke "java.util.List.get(int)" because the return value of "sg.edu.nus.autotune.DB2DATA.getAllIndexes()" is null


===== Query 24 =====

SQL: UPDATE WAREHOUSE SET W_YTD = W_YTD + 4996.11 WHERE W_ID = 2

EXPLAIN Plan:

Update on warehouse  (cost=4.14..8.16 rows=0 width=0) (actual time=0.077..0.078 rows=0 loops=1)

  ->  Bitmap Heap Scan on warehouse  (cost=4.14..8.16 rows=1 width=22) (actual time=0.036..0.037 rows=1 loops=1)

        Recheck Cond: (w_id = 2)

        Heap Blocks: exact=1

        ->  Bitmap Index Scan on warehouse_pkey  (cost=0.00..4.14 rows=1 width=0) (actual time=0.013..0.013 rows=1 loops=1)

              Index Cond: (w_id = 2)

Planning Time: 0.076 ms

Execution Time: 0.109 ms
Failed SQL 24: UPDATE WAREHOUSE SET W_YTD = W_YTD + 4996.11 WHERE W_ID = 2
Error Message: Cannot invoke "java.util.List.get(int)" because the return value of "sg.edu.nus.autotune.DB2DATA.getAllIndexes()" is null


===== Query 25 =====

SQL: SELECT W_STREET_1, W_STREET_2, W_CITY, W_STATE, W_ZIP, W_NAME FROM WAREHOUSE WHERE W_ID = 2

EXPLAIN Plan:

Bitmap Heap Scan on warehouse  (cost=4.14..8.15 rows=1 width=65) (actual time=0.017..0.017 rows=1 loops=1)

  Recheck Cond: (w_id = 2)

  Heap Blocks: exact=1

  ->  Bitmap Index Scan on warehouse_pkey  (cost=0.00..4.14 rows=1 width=0) (actual time=0.007..0.007 rows=1 loops=1)

        Index Cond: (w_id = 2)

Planning Time: 0.076 ms

Execution Time: 0.041 ms
Failed SQL 25: SELECT W_STREET_1, W_STREET_2, W_CITY, W_STATE, W_ZIP, W_NAME FROM WAREHOUSE WHERE W_ID = 2
Error Message: Cannot invoke "java.util.List.get(int)" because the return value of "sg.edu.nus.autotune.DB2DATA.getAllIndexes()" is null


===== Query 26 =====

SQL: UPDATE DISTRICT SET D_YTD = D_YTD + 4996.11 WHERE D_W_ID = 2 AND D_ID = 4

EXPLAIN Plan:

Update on district  (cost=4.28..11.67 rows=0 width=0) (actual time=0.091..0.091 rows=0 loops=1)

  ->  Bitmap Heap Scan on district  (cost=4.28..11.67 rows=2 width=22) (actual time=0.037..0.038 rows=1 loops=1)

        Recheck Cond: ((d_w_id = 2) AND (d_id = 4))

        Heap Blocks: exact=1

        ->  Bitmap Index Scan on district_pkey  (cost=0.00..4.28 rows=2 width=0) (actual time=0.023..0.023 rows=1 loops=1)

              Index Cond: ((d_w_id = 2) AND (d_id = 4))

Planning Time: 0.091 ms

Execution Time: 0.149 ms
Failed SQL 26: UPDATE DISTRICT SET D_YTD = D_YTD + 4996.11 WHERE D_W_ID = 2 AND D_ID = 4
Error Message: Cannot invoke "java.util.List.get(int)" because the return value of "sg.edu.nus.autotune.DB2DATA.getAllIndexes()" is null


===== Query 27 =====

SQL: SELECT D_STREET_1, D_STREET_2, D_CITY, D_STATE, D_ZIP, D_NAME FROM DISTRICT WHERE D_W_ID = 2 AND D_ID = 4

EXPLAIN Plan:

Bitmap Heap Scan on district  (cost=4.28..11.66 rows=2 width=64) (actual time=0.018..0.018 rows=1 loops=1)

  Recheck Cond: ((d_w_id = 2) AND (d_id = 4))

  Heap Blocks: exact=1

  ->  Bitmap Index Scan on district_pkey  (cost=0.00..4.28 rows=2 width=0) (actual time=0.009..0.009 rows=1 loops=1)

        Index Cond: ((d_w_id = 2) AND (d_id = 4))

Planning Time: 0.068 ms

Execution Time: 0.036 ms
Failed SQL 27: SELECT D_STREET_1, D_STREET_2, D_CITY, D_STATE, D_ZIP, D_NAME FROM DISTRICT WHERE D_W_ID = 2 AND D_ID = 4
Error Message: Cannot invoke "java.util.List.get(int)" because the return value of "sg.edu.nus.autotune.DB2DATA.getAllIndexes()" is null


===== Query 28 =====

SQL: SELECT C_FIRST, C_MIDDLE, C_LAST, C_STREET_1, C_STREET_2, C_CITY, C_STATE, C_ZIP, C_PHONE, C_CREDIT, C_CREDIT_LIM, C_DISCOUNT, C_BALANCE, C_YTD_PAYMENT, C_PAYMENT_CNT, C_SINCE FROM CUSTOMER WHERE C_W_ID = 2 AND C_D_ID = 4 AND C_ID = 2267

EXPLAIN Plan:

Index Scan using customer_pkey on customer  (cost=0.42..8.44 rows=1 width=140) (actual time=1.419..1.421 rows=1 loops=1)

  Index Cond: ((c_w_id = 2) AND (c_d_id = 4) AND (c_id = 2267))

Planning Time: 0.104 ms

Execution Time: 1.445 ms
Failed SQL 28: SELECT C_FIRST, C_MIDDLE, C_LAST, C_STREET_1, C_STREET_2, C_CITY, C_STATE, C_ZIP, C_PHONE, C_CREDIT, C_CREDIT_LIM, C_DISCOUNT, C_BALANCE, C_YTD_PAYMENT, C_PAYMENT_CNT, C_SINCE FROM CUSTOMER WHERE C_W_ID = 2 AND C_D_ID = 4 AND C_ID = 2267
Error Message: Cannot invoke "java.util.List.get(int)" because the return value of "sg.edu.nus.autotune.DB2DATA.getAllIndexes()" is null


===== Query 29 =====

SQL: SELECT S_QUANTITY, S_DATA, S_DIST_01, S_DIST_02, S_DIST_03, S_DIST_04, S_DIST_05, S_DIST_06, S_DIST_07, S_DIST_08, S_DIST_09, S_DIST_10 FROM STOCK WHERE S_I_ID = 85602 AND S_W_ID = 1

EXPLAIN Plan:

Index Scan using stock_pkey on stock  (cost=0.42..8.44 rows=1 width=291) (actual time=1.250..1.252 rows=1 loops=1)

  Index Cond: ((s_w_id = 1) AND (s_i_id = 85602))

Planning Time: 0.093 ms

Execution Time: 1.274 ms
Failed SQL 29: SELECT S_QUANTITY, S_DATA, S_DIST_01, S_DIST_02, S_DIST_03, S_DIST_04, S_DIST_05, S_DIST_06, S_DIST_07, S_DIST_08, S_DIST_09, S_DIST_10 FROM STOCK WHERE S_I_ID = 85602 AND S_W_ID = 1
Error Message: Cannot invoke "java.util.List.get(int)" because the return value of "sg.edu.nus.autotune.DB2DATA.getAllIndexes()" is null


===== Query 30 =====

SQL: SELECT C_DATA FROM CUSTOMER WHERE C_W_ID = 2 AND C_D_ID = 4 AND C_ID = 2267

EXPLAIN Plan:

Index Scan using customer_pkey on customer  (cost=0.42..8.44 rows=1 width=405) (actual time=0.013..0.014 rows=1 loops=1)

  Index Cond: ((c_w_id = 2) AND (c_d_id = 4) AND (c_id = 2267))

Planning Time: 0.326 ms

Execution Time: 0.031 ms
Failed SQL 30: SELECT C_DATA FROM CUSTOMER WHERE C_W_ID = 2 AND C_D_ID = 4 AND C_ID = 2267
Error Message: Cannot invoke "java.util.List.get(int)" because the return value of "sg.edu.nus.autotune.DB2DATA.getAllIndexes()" is null


===== Query 31 =====

SQL: UPDATE CUSTOMER SET C_BALANCE = -9667.32, C_YTD_PAYMENT = 9667.32, C_PAYMENT_CNT = 3, C_DATA = '2267 4 2 4 2 4996.11 | 2267 4 2 4 2 4661.21 | iohugphxhtegfbqxsmddjpojwwnxbafxjucfrlhvqzmbndsnxzcbfpdrdxfulcxrspnjbqfcdtbhlonmckkcllozyfbjtrhlcqqupwuzbbqwuwsavwqexbufihaapnwoytueibrqhweftphkawohdzqtwolicpvpitgukvzsoslkjplzhncigdzcorhwofxiulllpmehvoaikmqhtqyicfsnyhiupufbeasnlhfoapwouggrvugtilcljfpkmedffwjctdzkvobdzewhagxzuhdekiypeagbvnlflcrlpolsgkzguqlbsfsgsgfgiyxjaymwbhellmqmczhrobcwpmuuckxgbpdefomhgpunurwxyerilpmwvcaoqogqqudxdquhiaaqjasxezmuztqjyohnczdhqvbqjrelvprieswsoanhvfmzijroflpxhjupezlngw' WHERE C_W_ID = 2 AND C_D_ID = 4 AND C_ID = 2267

EXPLAIN Plan:

Update on customer  (cost=0.42..8.44 rows=0 width=0) (actual time=0.063..0.063 rows=0 loops=1)

  ->  Index Scan using customer_pkey on customer  (cost=0.42..8.44 rows=1 width=550) (actual time=0.013..0.015 rows=1 loops=1)

        Index Cond: ((c_w_id = 2) AND (c_d_id = 4) AND (c_id = 2267))

Planning Time: 0.115 ms

Execution Time: 0.099 ms
Failed SQL 31: UPDATE CUSTOMER SET C_BALANCE = -9667.32, C_YTD_PAYMENT = 9667.32, C_PAYMENT_CNT = 3, C_DATA = '2267 4 2 4 2 4996.11 | 2267 4 2 4 2 4661.21 | iohugphxhtegfbqxsmddjpojwwnxbafxjucfrlhvqzmbndsnxzcbfpdrdxfulcxrspnjbqfcdtbhlonmckkcllozyfbjtrhlcqqupwuzbbqwuwsavwqexbufihaapnwoytueibrqhweftphkawohdzqtwolicpvpitgukvzsoslkjplzhncigdzcorhwofxiulllpmehvoaikmqhtqyicfsnyhiupufbeasnlhfoapwouggrvugtilcljfpkmedffwjctdzkvobdzewhagxzuhdekiypeagbvnlflcrlpolsgkzguqlbsfsgsgfgiyxjaymwbhellmqmczhrobcwpmuuckxgbpdefomhgpunurwxyerilpmwvcaoqogqqudxdquhiaaqjasxezmuztqjyohnczdhqvbqjrelvprieswsoanhvfmzijroflpxhjupezlngw' WHERE C_W_ID = 2 AND C_D_ID = 4 AND C_ID = 2267
Error Message: Cannot invoke "java.util.List.get(int)" because the return value of "sg.edu.nus.autotune.DB2DATA.getAllIndexes()" is null


===== Query 32 =====

SQL: UPDATE STOCK SET S_QUANTITY = 32, S_YTD = S_YTD + 1, S_ORDER_CNT = S_ORDER_CNT + 1, S_REMOTE_CNT = S_REMOTE_CNT + 0 WHERE S_I_ID = 85602 AND S_W_ID = 1

EXPLAIN Plan:

Update on stock  (cost=0.42..8.45 rows=0 width=0) (actual time=0.092..0.092 rows=0 loops=1)

  ->  Index Scan using stock_pkey on stock  (cost=0.42..8.45 rows=1 width=32) (actual time=0.028..0.030 rows=1 loops=1)

        Index Cond: ((s_w_id = 1) AND (s_i_id = 85602))

Planning Time: 0.100 ms

Execution Time: 0.119 ms
Failed SQL 32: UPDATE STOCK SET S_QUANTITY = 32, S_YTD = S_YTD + 1, S_ORDER_CNT = S_ORDER_CNT + 1, S_REMOTE_CNT = S_REMOTE_CNT + 0 WHERE S_I_ID = 85602 AND S_W_ID = 1
Error Message: Cannot invoke "java.util.List.get(int)" because the return value of "sg.edu.nus.autotune.DB2DATA.getAllIndexes()" is null


===== Query 33 =====

SQL: SELECT I_PRICE, I_NAME , I_DATA FROM ITEM WHERE I_ID = 65223

EXPLAIN Plan:

Index Scan using item_pkey on item  (cost=0.29..8.31 rows=1 width=61) (actual time=0.534..0.536 rows=1 loops=1)

  Index Cond: (i_id = 65223)

Planning Time: 0.077 ms

Execution Time: 0.554 ms
Failed SQL 33: SELECT I_PRICE, I_NAME , I_DATA FROM ITEM WHERE I_ID = 65223
Error Message: Cannot invoke "java.util.List.get(int)" because the return value of "sg.edu.nus.autotune.DB2DATA.getAllIndexes()" is null


===== Query 34 =====

SQL: SELECT S_QUANTITY, S_DATA, S_DIST_01, S_DIST_02, S_DIST_03, S_DIST_04, S_DIST_05, S_DIST_06, S_DIST_07, S_DIST_08, S_DIST_09, S_DIST_10 FROM STOCK WHERE S_I_ID = 65223 AND S_W_ID = 1

EXPLAIN Plan:

Index Scan using stock_pkey on stock  (cost=0.42..8.44 rows=1 width=291) (actual time=0.533..0.535 rows=1 loops=1)

  Index Cond: ((s_w_id = 1) AND (s_i_id = 65223))

Planning Time: 0.096 ms

Execution Time: 0.557 ms
Failed SQL 34: SELECT S_QUANTITY, S_DATA, S_DIST_01, S_DIST_02, S_DIST_03, S_DIST_04, S_DIST_05, S_DIST_06, S_DIST_07, S_DIST_08, S_DIST_09, S_DIST_10 FROM STOCK WHERE S_I_ID = 65223 AND S_W_ID = 1
Error Message: Cannot invoke "java.util.List.get(int)" because the return value of "sg.edu.nus.autotune.DB2DATA.getAllIndexes()" is null


===== Query 35 =====

SQL: SELECT NO_O_ID FROM NEW_ORDER WHERE NO_D_ID = 1 AND NO_W_ID = 2 ORDER BY NO_O_ID ASC LIMIT 1

EXPLAIN Plan:

Limit  (cost=0.42..0.47 rows=1 width=4) (actual time=2.338..2.339 rows=1 loops=1)

  ->  Index Only Scan using new_order_pkey on new_order  (cost=0.42..86.46 rows=1702 width=4) (actual time=2.337..2.337 rows=1 loops=1)

        Index Cond: ((no_w_id = 2) AND (no_d_id = 1))

        Heap Fetches: 0

Planning Time: 0.568 ms

Execution Time: 2.357 ms
Failed SQL 35: SELECT NO_O_ID FROM NEW_ORDER WHERE NO_D_ID = 1 AND NO_W_ID = 2 ORDER BY NO_O_ID ASC LIMIT 1
Error Message: Cannot invoke "java.util.List.get(int)" because the return value of "sg.edu.nus.autotune.DB2DATA.getAllIndexes()" is null


===== Query 36 =====

SQL: UPDATE STOCK SET S_QUANTITY = 27, S_YTD = S_YTD + 4, S_ORDER_CNT = S_ORDER_CNT + 1, S_REMOTE_CNT = S_REMOTE_CNT + 0 WHERE S_I_ID = 65223 AND S_W_ID = 1

EXPLAIN Plan:

Update on stock  (cost=0.42..8.45 rows=0 width=0) (actual time=0.106..0.106 rows=0 loops=1)

  ->  Index Scan using stock_pkey on stock  (cost=0.42..8.45 rows=1 width=32) (actual time=0.026..0.028 rows=1 loops=1)

        Index Cond: ((s_w_id = 1) AND (s_i_id = 65223))

Planning Time: 0.101 ms

Execution Time: 0.132 ms
Failed SQL 36: UPDATE STOCK SET S_QUANTITY = 27, S_YTD = S_YTD + 4, S_ORDER_CNT = S_ORDER_CNT + 1, S_REMOTE_CNT = S_REMOTE_CNT + 0 WHERE S_I_ID = 65223 AND S_W_ID = 1
Error Message: Cannot invoke "java.util.List.get(int)" because the return value of "sg.edu.nus.autotune.DB2DATA.getAllIndexes()" is null


===== Query 37 =====

SQL: SELECT I_PRICE, I_NAME , I_DATA FROM ITEM WHERE I_ID = 12967

EXPLAIN Plan:

Index Scan using item_pkey on item  (cost=0.29..8.31 rows=1 width=61) (actual time=1.769..1.771 rows=1 loops=1)

  Index Cond: (i_id = 12967)

Planning Time: 0.079 ms

Execution Time: 1.791 ms
Failed SQL 37: SELECT I_PRICE, I_NAME , I_DATA FROM ITEM WHERE I_ID = 12967
Error Message: Cannot invoke "java.util.List.get(int)" because the return value of "sg.edu.nus.autotune.DB2DATA.getAllIndexes()" is null


===== Query 38 =====

SQL: SELECT S_QUANTITY, S_DATA, S_DIST_01, S_DIST_02, S_DIST_03, S_DIST_04, S_DIST_05, S_DIST_06, S_DIST_07, S_DIST_08, S_DIST_09, S_DIST_10 FROM STOCK WHERE S_I_ID = 12967 AND S_W_ID = 1

EXPLAIN Plan:

Index Scan using stock_pkey on stock  (cost=0.42..8.44 rows=1 width=291) (actual time=1.040..1.041 rows=1 loops=1)

  Index Cond: ((s_w_id = 1) AND (s_i_id = 12967))

Planning Time: 0.094 ms

Execution Time: 1.063 ms
Failed SQL 38: SELECT S_QUANTITY, S_DATA, S_DIST_01, S_DIST_02, S_DIST_03, S_DIST_04, S_DIST_05, S_DIST_06, S_DIST_07, S_DIST_08, S_DIST_09, S_DIST_10 FROM STOCK WHERE S_I_ID = 12967 AND S_W_ID = 1
Error Message: Cannot invoke "java.util.List.get(int)" because the return value of "sg.edu.nus.autotune.DB2DATA.getAllIndexes()" is null


===== Query 39 =====

SQL: UPDATE STOCK SET S_QUANTITY = 16, S_YTD = S_YTD + 1, S_ORDER_CNT = S_ORDER_CNT + 1, S_REMOTE_CNT = S_REMOTE_CNT + 0 WHERE S_I_ID = 12967 AND S_W_ID = 1

EXPLAIN Plan:

Update on stock  (cost=0.42..8.45 rows=0 width=0) (actual time=0.093..0.094 rows=0 loops=1)

  ->  Index Scan using stock_pkey on stock  (cost=0.42..8.45 rows=1 width=32) (actual time=0.033..0.034 rows=1 loops=1)

        Index Cond: ((s_w_id = 1) AND (s_i_id = 12967))

Planning Time: 0.102 ms

Execution Time: 0.120 ms
Failed SQL 39: UPDATE STOCK SET S_QUANTITY = 16, S_YTD = S_YTD + 1, S_ORDER_CNT = S_ORDER_CNT + 1, S_REMOTE_CNT = S_REMOTE_CNT + 0 WHERE S_I_ID = 12967 AND S_W_ID = 1
Error Message: Cannot invoke "java.util.List.get(int)" because the return value of "sg.edu.nus.autotune.DB2DATA.getAllIndexes()" is null


===== Query 40 =====

SQL: SELECT I_PRICE, I_NAME , I_DATA FROM ITEM WHERE I_ID = 64991

EXPLAIN Plan:

Index Scan using item_pkey on item  (cost=0.29..8.31 rows=1 width=61) (actual time=1.029..1.031 rows=1 loops=1)

  Index Cond: (i_id = 64991)

Planning Time: 0.074 ms

Execution Time: 1.050 ms
Failed SQL 40: SELECT I_PRICE, I_NAME , I_DATA FROM ITEM WHERE I_ID = 64991
Error Message: Cannot invoke "java.util.List.get(int)" because the return value of "sg.edu.nus.autotune.DB2DATA.getAllIndexes()" is null


===== Query 41 =====

SQL: SELECT S_QUANTITY, S_DATA, S_DIST_01, S_DIST_02, S_DIST_03, S_DIST_04, S_DIST_05, S_DIST_06, S_DIST_07, S_DIST_08, S_DIST_09, S_DIST_10 FROM STOCK WHERE S_I_ID = 64991 AND S_W_ID = 1

EXPLAIN Plan:

Index Scan using stock_pkey on stock  (cost=0.42..8.44 rows=1 width=291) (actual time=0.517..0.519 rows=1 loops=1)

  Index Cond: ((s_w_id = 1) AND (s_i_id = 64991))

Planning Time: 0.096 ms

Execution Time: 0.541 ms
Failed SQL 41: SELECT S_QUANTITY, S_DATA, S_DIST_01, S_DIST_02, S_DIST_03, S_DIST_04, S_DIST_05, S_DIST_06, S_DIST_07, S_DIST_08, S_DIST_09, S_DIST_10 FROM STOCK WHERE S_I_ID = 64991 AND S_W_ID = 1
Error Message: Cannot invoke "java.util.List.get(int)" because the return value of "sg.edu.nus.autotune.DB2DATA.getAllIndexes()" is null


===== Query 42 =====

SQL: UPDATE STOCK SET S_QUANTITY = 86, S_YTD = S_YTD + 7, S_ORDER_CNT = S_ORDER_CNT + 1, S_REMOTE_CNT = S_REMOTE_CNT + 0 WHERE S_I_ID = 64991 AND S_W_ID = 1

EXPLAIN Plan:

Update on stock  (cost=0.42..8.45 rows=0 width=0) (actual time=0.097..0.097 rows=0 loops=1)

  ->  Index Scan using stock_pkey on stock  (cost=0.42..8.45 rows=1 width=32) (actual time=0.027..0.028 rows=1 loops=1)

        Index Cond: ((s_w_id = 1) AND (s_i_id = 64991))

Planning Time: 0.103 ms

Execution Time: 0.124 ms
Failed SQL 42: UPDATE STOCK SET S_QUANTITY = 86, S_YTD = S_YTD + 7, S_ORDER_CNT = S_ORDER_CNT + 1, S_REMOTE_CNT = S_REMOTE_CNT + 0 WHERE S_I_ID = 64991 AND S_W_ID = 1
Error Message: Cannot invoke "java.util.List.get(int)" because the return value of "sg.edu.nus.autotune.DB2DATA.getAllIndexes()" is null


===== Query 43 =====

SQL: SELECT I_PRICE, I_NAME , I_DATA FROM ITEM WHERE I_ID = 56543

EXPLAIN Plan:

Index Scan using item_pkey on item  (cost=0.29..8.31 rows=1 width=61) (actual time=1.048..1.050 rows=1 loops=1)

  Index Cond: (i_id = 56543)

Planning Time: 0.069 ms

Execution Time: 1.068 ms
Failed SQL 43: SELECT I_PRICE, I_NAME , I_DATA FROM ITEM WHERE I_ID = 56543
Error Message: Cannot invoke "java.util.List.get(int)" because the return value of "sg.edu.nus.autotune.DB2DATA.getAllIndexes()" is null


===== Query 44 =====

SQL: SELECT S_QUANTITY, S_DATA, S_DIST_01, S_DIST_02, S_DIST_03, S_DIST_04, S_DIST_05, S_DIST_06, S_DIST_07, S_DIST_08, S_DIST_09, S_DIST_10 FROM STOCK WHERE S_I_ID = 56543 AND S_W_ID = 1

EXPLAIN Plan:

Index Scan using stock_pkey on stock  (cost=0.42..8.44 rows=1 width=291) (actual time=0.434..0.436 rows=1 loops=1)

  Index Cond: ((s_w_id = 1) AND (s_i_id = 56543))

Planning Time: 0.090 ms

Execution Time: 0.458 ms
Failed SQL 44: SELECT S_QUANTITY, S_DATA, S_DIST_01, S_DIST_02, S_DIST_03, S_DIST_04, S_DIST_05, S_DIST_06, S_DIST_07, S_DIST_08, S_DIST_09, S_DIST_10 FROM STOCK WHERE S_I_ID = 56543 AND S_W_ID = 1
Error Message: Cannot invoke "java.util.List.get(int)" because the return value of "sg.edu.nus.autotune.DB2DATA.getAllIndexes()" is null


===== Query 45 =====

SQL: UPDATE STOCK SET S_QUANTITY = 78, S_YTD = S_YTD + 7, S_ORDER_CNT = S_ORDER_CNT + 1, S_REMOTE_CNT = S_REMOTE_CNT + 0 WHERE S_I_ID = 56543 AND S_W_ID = 1

EXPLAIN Plan:

Update on stock  (cost=0.42..8.45 rows=0 width=0) (actual time=0.093..0.093 rows=0 loops=1)

  ->  Index Scan using stock_pkey on stock  (cost=0.42..8.45 rows=1 width=32) (actual time=0.020..0.020 rows=1 loops=1)

        Index Cond: ((s_w_id = 1) AND (s_i_id = 56543))

Planning Time: 0.063 ms

Execution Time: 0.108 ms
Failed SQL 45: UPDATE STOCK SET S_QUANTITY = 78, S_YTD = S_YTD + 7, S_ORDER_CNT = S_ORDER_CNT + 1, S_REMOTE_CNT = S_REMOTE_CNT + 0 WHERE S_I_ID = 56543 AND S_W_ID = 1
Error Message: Cannot invoke "java.util.List.get(int)" because the return value of "sg.edu.nus.autotune.DB2DATA.getAllIndexes()" is null


===== Query 46 =====

SQL: SELECT I_PRICE, I_NAME , I_DATA FROM ITEM WHERE I_ID = 40551

EXPLAIN Plan:

Index Scan using item_pkey on item  (cost=0.29..8.31 rows=1 width=61) (actual time=1.005..1.007 rows=1 loops=1)

  Index Cond: (i_id = 40551)

Planning Time: 0.071 ms

Execution Time: 1.026 ms
Failed SQL 46: SELECT I_PRICE, I_NAME , I_DATA FROM ITEM WHERE I_ID = 40551
Error Message: Cannot invoke "java.util.List.get(int)" because the return value of "sg.edu.nus.autotune.DB2DATA.getAllIndexes()" is null


===== Query 47 =====

SQL: SELECT S_QUANTITY, S_DATA, S_DIST_01, S_DIST_02, S_DIST_03, S_DIST_04, S_DIST_05, S_DIST_06, S_DIST_07, S_DIST_08, S_DIST_09, S_DIST_10 FROM STOCK WHERE S_I_ID = 40551 AND S_W_ID = 1

EXPLAIN Plan:

Index Scan using stock_pkey on stock  (cost=0.42..8.44 rows=1 width=291) (actual time=0.929..0.931 rows=1 loops=1)

  Index Cond: ((s_w_id = 1) AND (s_i_id = 40551))

Planning Time: 0.055 ms

Execution Time: 0.945 ms
Failed SQL 47: SELECT S_QUANTITY, S_DATA, S_DIST_01, S_DIST_02, S_DIST_03, S_DIST_04, S_DIST_05, S_DIST_06, S_DIST_07, S_DIST_08, S_DIST_09, S_DIST_10 FROM STOCK WHERE S_I_ID = 40551 AND S_W_ID = 1
Error Message: Cannot invoke "java.util.List.get(int)" because the return value of "sg.edu.nus.autotune.DB2DATA.getAllIndexes()" is null


===== Query 48 =====

SQL: UPDATE STOCK SET S_QUANTITY = 88, S_YTD = S_YTD + 5, S_ORDER_CNT = S_ORDER_CNT + 1, S_REMOTE_CNT = S_REMOTE_CNT + 0 WHERE S_I_ID = 40551 AND S_W_ID = 1

EXPLAIN Plan:

Update on stock  (cost=0.42..8.45 rows=0 width=0) (actual time=0.101..0.102 rows=0 loops=1)

  ->  Index Scan using stock_pkey on stock  (cost=0.42..8.45 rows=1 width=32) (actual time=0.031..0.032 rows=1 loops=1)

        Index Cond: ((s_w_id = 1) AND (s_i_id = 40551))

Planning Time: 0.098 ms

Execution Time: 0.130 ms
Failed SQL 48: UPDATE STOCK SET S_QUANTITY = 88, S_YTD = S_YTD + 5, S_ORDER_CNT = S_ORDER_CNT + 1, S_REMOTE_CNT = S_REMOTE_CNT + 0 WHERE S_I_ID = 40551 AND S_W_ID = 1
Error Message: Cannot invoke "java.util.List.get(int)" because the return value of "sg.edu.nus.autotune.DB2DATA.getAllIndexes()" is null


===== Query 49 =====

SQL: SELECT I_PRICE, I_NAME , I_DATA FROM ITEM WHERE I_ID = 15044

EXPLAIN Plan:

Index Scan using item_pkey on item  (cost=0.29..8.31 rows=1 width=61) (actual time=1.170..1.172 rows=1 loops=1)

  Index Cond: (i_id = 15044)

Planning Time: 0.068 ms

Execution Time: 1.189 ms
Failed SQL 49: SELECT I_PRICE, I_NAME , I_DATA FROM ITEM WHERE I_ID = 15044
Error Message: Cannot invoke "java.util.List.get(int)" because the return value of "sg.edu.nus.autotune.DB2DATA.getAllIndexes()" is null


===== Query 50 =====

SQL: SELECT S_QUANTITY, S_DATA, S_DIST_01, S_DIST_02, S_DIST_03, S_DIST_04, S_DIST_05, S_DIST_06, S_DIST_07, S_DIST_08, S_DIST_09, S_DIST_10 FROM STOCK WHERE S_I_ID = 15044 AND S_W_ID = 1

EXPLAIN Plan:

Index Scan using stock_pkey on stock  (cost=0.42..8.44 rows=1 width=291) (actual time=23.240..23.242 rows=1 loops=1)

  Index Cond: ((s_w_id = 1) AND (s_i_id = 15044))

Planning Time: 0.109 ms

Execution Time: 23.273 ms
Failed SQL 50: SELECT S_QUANTITY, S_DATA, S_DIST_01, S_DIST_02, S_DIST_03, S_DIST_04, S_DIST_05, S_DIST_06, S_DIST_07, S_DIST_08, S_DIST_09, S_DIST_10 FROM STOCK WHERE S_I_ID = 15044 AND S_W_ID = 1
Error Message: Cannot invoke "java.util.List.get(int)" because the return value of "sg.edu.nus.autotune.DB2DATA.getAllIndexes()" is null


===== Query 51 =====

SQL: UPDATE STOCK SET S_QUANTITY = 90, S_YTD = S_YTD + 8, S_ORDER_CNT = S_ORDER_CNT + 1, S_REMOTE_CNT = S_REMOTE_CNT + 0 WHERE S_I_ID = 15044 AND S_W_ID = 1

EXPLAIN Plan:

Update on stock  (cost=0.42..8.45 rows=0 width=0) (actual time=0.099..0.100 rows=0 loops=1)

  ->  Index Scan using stock_pkey on stock  (cost=0.42..8.45 rows=1 width=32) (actual time=0.039..0.040 rows=1 loops=1)

        Index Cond: ((s_w_id = 1) AND (s_i_id = 15044))

Planning Time: 0.100 ms

Execution Time: 0.136 ms
Failed SQL 51: UPDATE STOCK SET S_QUANTITY = 90, S_YTD = S_YTD + 8, S_ORDER_CNT = S_ORDER_CNT + 1, S_REMOTE_CNT = S_REMOTE_CNT + 0 WHERE S_I_ID = 15044 AND S_W_ID = 1
Error Message: Cannot invoke "java.util.List.get(int)" because the return value of "sg.edu.nus.autotune.DB2DATA.getAllIndexes()" is null


===== Query 52 =====

SQL: SELECT I_PRICE, I_NAME , I_DATA FROM ITEM WHERE I_ID = 23718

EXPLAIN Plan:

Index Scan using item_pkey on item  (cost=0.29..8.31 rows=1 width=61) (actual time=0.473..0.475 rows=1 loops=1)

  Index Cond: (i_id = 23718)

Planning Time: 0.074 ms

Execution Time: 0.494 ms
Failed SQL 52: SELECT I_PRICE, I_NAME , I_DATA FROM ITEM WHERE I_ID = 23718
Error Message: Cannot invoke "java.util.List.get(int)" because the return value of "sg.edu.nus.autotune.DB2DATA.getAllIndexes()" is null


===== Query 53 =====

SQL: SELECT O_C_ID FROM OORDER WHERE O_ID = 2511 AND O_D_ID = 1 AND O_W_ID = 2

EXPLAIN Plan:

Index Scan using oorder_pkey on oorder  (cost=0.42..8.44 rows=1 width=4) (actual time=0.966..0.968 rows=1 loops=1)

  Index Cond: ((o_w_id = 2) AND (o_d_id = 1) AND (o_id = 2511))

Planning Time: 0.814 ms

Execution Time: 0.986 ms
Failed SQL 53: SELECT O_C_ID FROM OORDER WHERE O_ID = 2511 AND O_D_ID = 1 AND O_W_ID = 2
Error Message: Cannot invoke "java.util.List.get(int)" because the return value of "sg.edu.nus.autotune.DB2DATA.getAllIndexes()" is null


===== Query 54 =====

SQL: SELECT S_QUANTITY, S_DATA, S_DIST_01, S_DIST_02, S_DIST_03, S_DIST_04, S_DIST_05, S_DIST_06, S_DIST_07, S_DIST_08, S_DIST_09, S_DIST_10 FROM STOCK WHERE S_I_ID = 23718 AND S_W_ID = 1

EXPLAIN Plan:

Index Scan using stock_pkey on stock  (cost=0.42..8.44 rows=1 width=291) (actual time=0.601..0.603 rows=1 loops=1)

  Index Cond: ((s_w_id = 1) AND (s_i_id = 23718))

Planning Time: 0.098 ms

Execution Time: 0.625 ms
Failed SQL 54: SELECT S_QUANTITY, S_DATA, S_DIST_01, S_DIST_02, S_DIST_03, S_DIST_04, S_DIST_05, S_DIST_06, S_DIST_07, S_DIST_08, S_DIST_09, S_DIST_10 FROM STOCK WHERE S_I_ID = 23718 AND S_W_ID = 1
Error Message: Cannot invoke "java.util.List.get(int)" because the return value of "sg.edu.nus.autotune.DB2DATA.getAllIndexes()" is null


===== Query 55 =====

SQL: UPDATE STOCK SET S_QUANTITY = 76, S_YTD = S_YTD + 9, S_ORDER_CNT = S_ORDER_CNT + 1, S_REMOTE_CNT = S_REMOTE_CNT + 0 WHERE S_I_ID = 23718 AND S_W_ID = 1

EXPLAIN Plan:

Update on stock  (cost=0.42..8.45 rows=0 width=0) (actual time=0.089..0.090 rows=0 loops=1)

  ->  Index Scan using stock_pkey on stock  (cost=0.42..8.45 rows=1 width=32) (actual time=0.036..0.038 rows=1 loops=1)

        Index Cond: ((s_w_id = 1) AND (s_i_id = 23718))

Planning Time: 0.100 ms

Execution Time: 0.117 ms
Failed SQL 55: UPDATE STOCK SET S_QUANTITY = 76, S_YTD = S_YTD + 9, S_ORDER_CNT = S_ORDER_CNT + 1, S_REMOTE_CNT = S_REMOTE_CNT + 0 WHERE S_I_ID = 23718 AND S_W_ID = 1
Error Message: Cannot invoke "java.util.List.get(int)" because the return value of "sg.edu.nus.autotune.DB2DATA.getAllIndexes()" is null


===== Query 56 =====

SQL: SELECT I_PRICE, I_NAME , I_DATA FROM ITEM WHERE I_ID = 76412

EXPLAIN Plan:

Index Scan using item_pkey on item  (cost=0.29..8.31 rows=1 width=61) (actual time=1.003..1.005 rows=1 loops=1)

  Index Cond: (i_id = 76412)

Planning Time: 0.069 ms

Execution Time: 1.023 ms
Failed SQL 56: SELECT I_PRICE, I_NAME , I_DATA FROM ITEM WHERE I_ID = 76412
Error Message: Cannot invoke "java.util.List.get(int)" because the return value of "sg.edu.nus.autotune.DB2DATA.getAllIndexes()" is null


===== Query 57 =====

SQL: UPDATE OORDER SET O_CARRIER_ID = 1 WHERE O_ID = 2511 AND O_D_ID = 1 AND O_W_ID = 2

EXPLAIN Plan:

Update on oorder  (cost=0.42..8.44 rows=0 width=0) (actual time=0.142..0.143 rows=0 loops=1)

  ->  Index Scan using oorder_pkey on oorder  (cost=0.42..8.44 rows=1 width=10) (actual time=0.025..0.026 rows=1 loops=1)

        Index Cond: ((o_w_id = 2) AND (o_d_id = 1) AND (o_id = 2511))

Planning Time: 0.101 ms

Execution Time: 0.167 ms
Failed SQL 57: UPDATE OORDER SET O_CARRIER_ID = 1 WHERE O_ID = 2511 AND O_D_ID = 1 AND O_W_ID = 2
Error Message: Cannot invoke "java.util.List.get(int)" because the return value of "sg.edu.nus.autotune.DB2DATA.getAllIndexes()" is null


===== Query 58 =====

SQL: UPDATE ORDER_LINE SET OL_DELIVERY_D = '2014-10-12 20:52:15.219' WHERE OL_O_ID = 2511 AND OL_D_ID = 1 AND OL_W_ID = 2

EXPLAIN Plan:

Update on order_line  (cost=0.43..43.81 rows=0 width=0) (actual time=0.219..0.220 rows=0 loops=1)

  ->  Index Scan using order_line_pkey on order_line  (cost=0.43..43.81 rows=10 width=14) (actual time=0.067..0.134 rows=7 loops=1)

        Index Cond: ((ol_w_id = 2) AND (ol_d_id = 1) AND (ol_o_id = 2511))

Planning Time: 0.113 ms

Execution Time: 0.246 ms
Failed SQL 58: UPDATE ORDER_LINE SET OL_DELIVERY_D = '2014-10-12 20:52:15.219' WHERE OL_O_ID = 2511 AND OL_D_ID = 1 AND OL_W_ID = 2
Error Message: Cannot invoke "java.util.List.get(int)" because the return value of "sg.edu.nus.autotune.DB2DATA.getAllIndexes()" is null


===== Query 59 =====

SQL: SELECT SUM(OL_AMOUNT) AS OL_TOTAL FROM ORDER_LINE WHERE OL_O_ID = 2511 AND OL_D_ID = 1 AND OL_W_ID = 2

EXPLAIN Plan:

Aggregate  (cost=43.83..43.84 rows=1 width=32) (actual time=0.062..0.063 rows=1 loops=1)

  ->  Index Scan using order_line_pkey on order_line  (cost=0.43..43.81 rows=10 width=6) (actual time=0.029..0.051 rows=7 loops=1)

        Index Cond: ((ol_w_id = 2) AND (ol_d_id = 1) AND (ol_o_id = 2511))

Planning Time: 0.529 ms

Execution Time: 0.097 ms
Failed SQL 59: SELECT SUM(OL_AMOUNT) AS OL_TOTAL FROM ORDER_LINE WHERE OL_O_ID = 2511 AND OL_D_ID = 1 AND OL_W_ID = 2
Error Message: Cannot invoke "java.util.List.get(int)" because the return value of "sg.edu.nus.autotune.DB2DATA.getAllIndexes()" is null


===== Query 60 =====

SQL: UPDATE CUSTOMER SET C_BALANCE = C_BALANCE + 28355.95, C_DELIVERY_CNT = C_DELIVERY_CNT + 1 WHERE C_W_ID = 2 AND C_D_ID = 1 AND C_ID = 1214

EXPLAIN Plan:

Update on customer  (cost=0.42..8.45 rows=0 width=0) (actual time=0.601..0.602 rows=0 loops=1)

  ->  Index Scan using customer_pkey on customer  (cost=0.42..8.45 rows=1 width=26) (actual time=0.566..0.568 rows=1 loops=1)

        Index Cond: ((c_w_id = 2) AND (c_d_id = 1) AND (c_id = 1214))

Planning Time: 0.142 ms

Execution Time: 0.636 ms
Failed SQL 60: UPDATE CUSTOMER SET C_BALANCE = C_BALANCE + 28355.95, C_DELIVERY_CNT = C_DELIVERY_CNT + 1 WHERE C_W_ID = 2 AND C_D_ID = 1 AND C_ID = 1214
Error Message: Cannot invoke "java.util.List.get(int)" because the return value of "sg.edu.nus.autotune.DB2DATA.getAllIndexes()" is null


===== Query 61 =====

SQL: SELECT S_QUANTITY, S_DATA, S_DIST_01, S_DIST_02, S_DIST_03, S_DIST_04, S_DIST_05, S_DIST_06, S_DIST_07, S_DIST_08, S_DIST_09, S_DIST_10 FROM STOCK WHERE S_I_ID = 76412 AND S_W_ID = 1

EXPLAIN Plan:

Index Scan using stock_pkey on stock  (cost=0.42..8.44 rows=1 width=291) (actual time=0.603..0.605 rows=1 loops=1)

  Index Cond: ((s_w_id = 1) AND (s_i_id = 76412))

Planning Time: 0.097 ms

Execution Time: 0.627 ms
Failed SQL 61: SELECT S_QUANTITY, S_DATA, S_DIST_01, S_DIST_02, S_DIST_03, S_DIST_04, S_DIST_05, S_DIST_06, S_DIST_07, S_DIST_08, S_DIST_09, S_DIST_10 FROM STOCK WHERE S_I_ID = 76412 AND S_W_ID = 1
Error Message: Cannot invoke "java.util.List.get(int)" because the return value of "sg.edu.nus.autotune.DB2DATA.getAllIndexes()" is null


===== Query 62 =====

SQL: SELECT NO_O_ID FROM NEW_ORDER WHERE NO_D_ID = 2 AND NO_W_ID = 2 ORDER BY NO_O_ID ASC LIMIT 1

EXPLAIN Plan:

Limit  (cost=0.42..0.47 rows=1 width=4) (actual time=0.986..0.987 rows=1 loops=1)

  ->  Index Only Scan using new_order_pkey on new_order  (cost=0.42..85.36 rows=1647 width=4) (actual time=0.985..0.985 rows=1 loops=1)

        Index Cond: ((no_w_id = 2) AND (no_d_id = 2))

        Heap Fetches: 0

Planning Time: 0.107 ms

Execution Time: 1.008 ms
Failed SQL 62: SELECT NO_O_ID FROM NEW_ORDER WHERE NO_D_ID = 2 AND NO_W_ID = 2 ORDER BY NO_O_ID ASC LIMIT 1
Error Message: Cannot invoke "java.util.List.get(int)" because the return value of "sg.edu.nus.autotune.DB2DATA.getAllIndexes()" is null


===== Query 63 =====

SQL: SELECT O_C_ID FROM OORDER WHERE O_ID = 2511 AND O_D_ID = 2 AND O_W_ID = 2

EXPLAIN Plan:

Index Scan using oorder_pkey on oorder  (cost=0.42..8.44 rows=1 width=4) (actual time=1.077..1.079 rows=1 loops=1)

  Index Cond: ((o_w_id = 2) AND (o_d_id = 2) AND (o_id = 2511))

Planning Time: 0.113 ms

Execution Time: 1.101 ms
Failed SQL 63: SELECT O_C_ID FROM OORDER WHERE O_ID = 2511 AND O_D_ID = 2 AND O_W_ID = 2
Error Message: Cannot invoke "java.util.List.get(int)" because the return value of "sg.edu.nus.autotune.DB2DATA.getAllIndexes()" is null


===== Query 64 =====

SQL: UPDATE OORDER SET O_CARRIER_ID = 1 WHERE O_ID = 2511 AND O_D_ID = 2 AND O_W_ID = 2

EXPLAIN Plan:

Update on oorder  (cost=0.42..8.44 rows=0 width=0) (actual time=0.074..0.075 rows=0 loops=1)

  ->  Index Scan using oorder_pkey on oorder  (cost=0.42..8.44 rows=1 width=10) (actual time=0.021..0.022 rows=1 loops=1)

        Index Cond: ((o_w_id = 2) AND (o_d_id = 2) AND (o_id = 2511))

Planning Time: 0.105 ms

Execution Time: 0.099 ms
Failed SQL 64: UPDATE OORDER SET O_CARRIER_ID = 1 WHERE O_ID = 2511 AND O_D_ID = 2 AND O_W_ID = 2
Error Message: Cannot invoke "java.util.List.get(int)" because the return value of "sg.edu.nus.autotune.DB2DATA.getAllIndexes()" is null


===== Query 65 =====

SQL: UPDATE ORDER_LINE SET OL_DELIVERY_D = '2014-10-12 20:52:15.252' WHERE OL_O_ID = 2511 AND OL_D_ID = 2 AND OL_W_ID = 2

EXPLAIN Plan:

Update on order_line  (cost=0.43..43.81 rows=0 width=0) (actual time=1.572..1.572 rows=0 loops=1)

  ->  Index Scan using order_line_pkey on order_line  (cost=0.43..43.81 rows=10 width=14) (actual time=1.018..1.421 rows=10 loops=1)

        Index Cond: ((ol_w_id = 2) AND (ol_d_id = 2) AND (ol_o_id = 2511))

Planning Time: 0.091 ms

Execution Time: 1.598 ms
Failed SQL 65: UPDATE ORDER_LINE SET OL_DELIVERY_D = '2014-10-12 20:52:15.252' WHERE OL_O_ID = 2511 AND OL_D_ID = 2 AND OL_W_ID = 2
Error Message: Cannot invoke "java.util.List.get(int)" because the return value of "sg.edu.nus.autotune.DB2DATA.getAllIndexes()" is null


===== Query 66 =====

SQL: SELECT SUM(OL_AMOUNT) AS OL_TOTAL FROM ORDER_LINE WHERE OL_O_ID = 2511 AND OL_D_ID = 2 AND OL_W_ID = 2

EXPLAIN Plan:

Aggregate  (cost=43.83..43.84 rows=1 width=32) (actual time=0.084..0.085 rows=1 loops=1)

  ->  Index Scan using order_line_pkey on order_line  (cost=0.43..43.81 rows=10 width=6) (actual time=0.036..0.071 rows=10 loops=1)

        Index Cond: ((ol_w_id = 2) AND (ol_d_id = 2) AND (ol_o_id = 2511))

Planning Time: 0.108 ms

Execution Time: 0.115 ms
Failed SQL 66: SELECT SUM(OL_AMOUNT) AS OL_TOTAL FROM ORDER_LINE WHERE OL_O_ID = 2511 AND OL_D_ID = 2 AND OL_W_ID = 2
Error Message: Cannot invoke "java.util.List.get(int)" because the return value of "sg.edu.nus.autotune.DB2DATA.getAllIndexes()" is null


===== Query 67 =====

SQL: UPDATE CUSTOMER SET C_BALANCE = C_BALANCE + 30007.21, C_DELIVERY_CNT = C_DELIVERY_CNT + 1 WHERE C_W_ID = 2 AND C_D_ID = 2 AND C_ID = 680

EXPLAIN Plan:

Update on customer  (cost=0.42..8.45 rows=0 width=0) (actual time=1.110..1.111 rows=0 loops=1)

  ->  Index Scan using customer_pkey on customer  (cost=0.42..8.45 rows=1 width=26) (actual time=1.060..1.062 rows=1 loops=1)

        Index Cond: ((c_w_id = 2) AND (c_d_id = 2) AND (c_id = 680))

Planning Time: 0.097 ms

Execution Time: 1.140 ms
Failed SQL 67: UPDATE CUSTOMER SET C_BALANCE = C_BALANCE + 30007.21, C_DELIVERY_CNT = C_DELIVERY_CNT + 1 WHERE C_W_ID = 2 AND C_D_ID = 2 AND C_ID = 680
Error Message: Cannot invoke "java.util.List.get(int)" because the return value of "sg.edu.nus.autotune.DB2DATA.getAllIndexes()" is null


===== Query 68 =====

SQL: UPDATE STOCK SET S_QUANTITY = 46, S_YTD = S_YTD + 10, S_ORDER_CNT = S_ORDER_CNT + 1, S_REMOTE_CNT = S_REMOTE_CNT + 0 WHERE S_I_ID = 76412 AND S_W_ID = 1

EXPLAIN Plan:

Update on stock  (cost=0.42..8.45 rows=0 width=0) (actual time=0.060..0.061 rows=0 loops=1)

  ->  Index Scan using stock_pkey on stock  (cost=0.42..8.45 rows=1 width=32) (actual time=0.025..0.026 rows=1 loops=1)

        Index Cond: ((s_w_id = 1) AND (s_i_id = 76412))

Planning Time: 0.106 ms

Execution Time: 0.088 ms
Failed SQL 68: UPDATE STOCK SET S_QUANTITY = 46, S_YTD = S_YTD + 10, S_ORDER_CNT = S_ORDER_CNT + 1, S_REMOTE_CNT = S_REMOTE_CNT + 0 WHERE S_I_ID = 76412 AND S_W_ID = 1
Error Message: Cannot invoke "java.util.List.get(int)" because the return value of "sg.edu.nus.autotune.DB2DATA.getAllIndexes()" is null


===== Query 69 =====

SQL: SELECT I_PRICE, I_NAME , I_DATA FROM ITEM WHERE I_ID = 64820

EXPLAIN Plan:

Index Scan using item_pkey on item  (cost=0.29..8.31 rows=1 width=61) (actual time=0.794..0.796 rows=1 loops=1)

  Index Cond: (i_id = 64820)

Planning Time: 0.072 ms

Execution Time: 0.813 ms
Failed SQL 69: SELECT I_PRICE, I_NAME , I_DATA FROM ITEM WHERE I_ID = 64820
Error Message: Cannot invoke "java.util.List.get(int)" because the return value of "sg.edu.nus.autotune.DB2DATA.getAllIndexes()" is null


===== Query 70 =====

SQL: SELECT NO_O_ID FROM NEW_ORDER WHERE NO_D_ID = 3 AND NO_W_ID = 2 ORDER BY NO_O_ID ASC LIMIT 1

EXPLAIN Plan:

Limit  (cost=0.42..0.47 rows=1 width=4) (actual time=1.250..1.251 rows=1 loops=1)

  ->  Index Only Scan using new_order_pkey on new_order  (cost=0.42..92.78 rows=1818 width=4) (actual time=1.249..1.250 rows=1 loops=1)

        Index Cond: ((no_w_id = 2) AND (no_d_id = 3))

        Heap Fetches: 0

Planning Time: 0.100 ms

Execution Time: 1.271 ms
Failed SQL 70: SELECT NO_O_ID FROM NEW_ORDER WHERE NO_D_ID = 3 AND NO_W_ID = 2 ORDER BY NO_O_ID ASC LIMIT 1
Error Message: Cannot invoke "java.util.List.get(int)" because the return value of "sg.edu.nus.autotune.DB2DATA.getAllIndexes()" is null


===== Query 71 =====

SQL: SELECT O_C_ID FROM OORDER WHERE O_ID = 2511 AND O_D_ID = 3 AND O_W_ID = 2

EXPLAIN Plan:

Index Scan using oorder_pkey on oorder  (cost=0.42..8.44 rows=1 width=4) (actual time=1.921..1.923 rows=1 loops=1)

  Index Cond: ((o_w_id = 2) AND (o_d_id = 3) AND (o_id = 2511))

Planning Time: 0.108 ms

Execution Time: 1.943 ms
Failed SQL 71: SELECT O_C_ID FROM OORDER WHERE O_ID = 2511 AND O_D_ID = 3 AND O_W_ID = 2
Error Message: Cannot invoke "java.util.List.get(int)" because the return value of "sg.edu.nus.autotune.DB2DATA.getAllIndexes()" is null


===== Query 72 =====

SQL: UPDATE OORDER SET O_CARRIER_ID = 1 WHERE O_ID = 2511 AND O_D_ID = 3 AND O_W_ID = 2

EXPLAIN Plan:

Update on oorder  (cost=0.42..8.44 rows=0 width=0) (actual time=0.101..0.102 rows=0 loops=1)

  ->  Index Scan using oorder_pkey on oorder  (cost=0.42..8.44 rows=1 width=10) (actual time=0.022..0.024 rows=1 loops=1)

        Index Cond: ((o_w_id = 2) AND (o_d_id = 3) AND (o_id = 2511))

Planning Time: 0.105 ms

Execution Time: 0.129 ms
Failed SQL 72: UPDATE OORDER SET O_CARRIER_ID = 1 WHERE O_ID = 2511 AND O_D_ID = 3 AND O_W_ID = 2
Error Message: Cannot invoke "java.util.List.get(int)" because the return value of "sg.edu.nus.autotune.DB2DATA.getAllIndexes()" is null


===== Query 73 =====

SQL: UPDATE ORDER_LINE SET OL_DELIVERY_D = '2014-10-12 20:52:15.268' WHERE OL_O_ID = 2511 AND OL_D_ID = 3 AND OL_W_ID = 2

EXPLAIN Plan:

Update on order_line  (cost=0.43..43.81 rows=0 width=0) (actual time=1.911..1.911 rows=0 loops=1)

  ->  Index Scan using order_line_pkey on order_line  (cost=0.43..43.81 rows=10 width=14) (actual time=1.276..1.713 rows=12 loops=1)

        Index Cond: ((ol_w_id = 2) AND (ol_d_id = 3) AND (ol_o_id = 2511))

Planning Time: 0.093 ms

Execution Time: 1.939 ms
Failed SQL 73: UPDATE ORDER_LINE SET OL_DELIVERY_D = '2014-10-12 20:52:15.268' WHERE OL_O_ID = 2511 AND OL_D_ID = 3 AND OL_W_ID = 2
Error Message: Cannot invoke "java.util.List.get(int)" because the return value of "sg.edu.nus.autotune.DB2DATA.getAllIndexes()" is null


===== Query 74 =====

SQL: SELECT S_QUANTITY, S_DATA, S_DIST_01, S_DIST_02, S_DIST_03, S_DIST_04, S_DIST_05, S_DIST_06, S_DIST_07, S_DIST_08, S_DIST_09, S_DIST_10 FROM STOCK WHERE S_I_ID = 64820 AND S_W_ID = 1

EXPLAIN Plan:

Index Scan using stock_pkey on stock  (cost=0.42..8.44 rows=1 width=291) (actual time=0.778..0.780 rows=1 loops=1)

  Index Cond: ((s_w_id = 1) AND (s_i_id = 64820))

Planning Time: 0.091 ms

Execution Time: 0.801 ms
Failed SQL 74: SELECT S_QUANTITY, S_DATA, S_DIST_01, S_DIST_02, S_DIST_03, S_DIST_04, S_DIST_05, S_DIST_06, S_DIST_07, S_DIST_08, S_DIST_09, S_DIST_10 FROM STOCK WHERE S_I_ID = 64820 AND S_W_ID = 1
Error Message: Cannot invoke "java.util.List.get(int)" because the return value of "sg.edu.nus.autotune.DB2DATA.getAllIndexes()" is null


===== Query 75 =====

SQL: SELECT SUM(OL_AMOUNT) AS OL_TOTAL FROM ORDER_LINE WHERE OL_O_ID = 2511 AND OL_D_ID = 3 AND OL_W_ID = 2

EXPLAIN Plan:

Aggregate  (cost=43.83..43.84 rows=1 width=32) (actual time=0.078..0.078 rows=1 loops=1)

  ->  Index Scan using order_line_pkey on order_line  (cost=0.43..43.81 rows=10 width=6) (actual time=0.044..0.064 rows=12 loops=1)

        Index Cond: ((ol_w_id = 2) AND (ol_d_id = 3) AND (ol_o_id = 2511))

Planning Time: 0.106 ms

Execution Time: 0.108 ms
Failed SQL 75: SELECT SUM(OL_AMOUNT) AS OL_TOTAL FROM ORDER_LINE WHERE OL_O_ID = 2511 AND OL_D_ID = 3 AND OL_W_ID = 2
Error Message: Cannot invoke "java.util.List.get(int)" because the return value of "sg.edu.nus.autotune.DB2DATA.getAllIndexes()" is null


===== Query 76 =====

SQL: UPDATE CUSTOMER SET C_BALANCE = C_BALANCE + 48356.99, C_DELIVERY_CNT = C_DELIVERY_CNT + 1 WHERE C_W_ID = 2 AND C_D_ID = 3 AND C_ID = 956

EXPLAIN Plan:

Update on customer  (cost=0.42..8.45 rows=0 width=0) (actual time=1.125..1.126 rows=0 loops=1)

  ->  Index Scan using customer_pkey on customer  (cost=0.42..8.45 rows=1 width=26) (actual time=1.063..1.065 rows=1 loops=1)

        Index Cond: ((c_w_id = 2) AND (c_d_id = 3) AND (c_id = 956))

Planning Time: 0.099 ms

Execution Time: 1.155 ms
Failed SQL 76: UPDATE CUSTOMER SET C_BALANCE = C_BALANCE + 48356.99, C_DELIVERY_CNT = C_DELIVERY_CNT + 1 WHERE C_W_ID = 2 AND C_D_ID = 3 AND C_ID = 956
Error Message: Cannot invoke "java.util.List.get(int)" because the return value of "sg.edu.nus.autotune.DB2DATA.getAllIndexes()" is null


===== Query 77 =====

SQL: UPDATE STOCK SET S_QUANTITY = 90, S_YTD = S_YTD + 1, S_ORDER_CNT = S_ORDER_CNT + 1, S_REMOTE_CNT = S_REMOTE_CNT + 0 WHERE S_I_ID = 64820 AND S_W_ID = 1

EXPLAIN Plan:

Update on stock  (cost=0.42..8.45 rows=0 width=0) (actual time=0.083..0.084 rows=0 loops=1)

  ->  Index Scan using stock_pkey on stock  (cost=0.42..8.45 rows=1 width=32) (actual time=0.026..0.028 rows=1 loops=1)

        Index Cond: ((s_w_id = 1) AND (s_i_id = 64820))

Planning Time: 0.099 ms

Execution Time: 0.110 ms
Failed SQL 77: UPDATE STOCK SET S_QUANTITY = 90, S_YTD = S_YTD + 1, S_ORDER_CNT = S_ORDER_CNT + 1, S_REMOTE_CNT = S_REMOTE_CNT + 0 WHERE S_I_ID = 64820 AND S_W_ID = 1
Error Message: Cannot invoke "java.util.List.get(int)" because the return value of "sg.edu.nus.autotune.DB2DATA.getAllIndexes()" is null


===== Query 78 =====

SQL: UPDATE WAREHOUSE SET W_YTD = W_YTD + 1079.26 WHERE W_ID = 1

EXPLAIN Plan:

Update on warehouse  (cost=4.14..8.16 rows=0 width=0) (actual time=0.083..0.084 rows=0 loops=1)

  ->  Bitmap Heap Scan on warehouse  (cost=4.14..8.16 rows=1 width=22) (actual time=0.044..0.045 rows=1 loops=1)

        Recheck Cond: (w_id = 1)

        Heap Blocks: exact=1

        ->  Bitmap Index Scan on warehouse_pkey  (cost=0.00..4.14 rows=1 width=0) (actual time=0.021..0.021 rows=1 loops=1)

              Index Cond: (w_id = 1)

Planning Time: 0.077 ms

Execution Time: 0.114 ms
Failed SQL 78: UPDATE WAREHOUSE SET W_YTD = W_YTD + 1079.26 WHERE W_ID = 1
Error Message: Cannot invoke "java.util.List.get(int)" because the return value of "sg.edu.nus.autotune.DB2DATA.getAllIndexes()" is null


===== Query 79 =====

SQL: SELECT W_STREET_1, W_STREET_2, W_CITY, W_STATE, W_ZIP, W_NAME FROM WAREHOUSE WHERE W_ID = 1

EXPLAIN Plan:

Bitmap Heap Scan on warehouse  (cost=4.14..8.15 rows=1 width=65) (actual time=0.018..0.019 rows=1 loops=1)

  Recheck Cond: (w_id = 1)

  Heap Blocks: exact=1

  ->  Bitmap Index Scan on warehouse_pkey  (cost=0.00..4.14 rows=1 width=0) (actual time=0.008..0.008 rows=1 loops=1)

        Index Cond: (w_id = 1)

Planning Time: 0.075 ms

Execution Time: 0.043 ms
Failed SQL 79: SELECT W_STREET_1, W_STREET_2, W_CITY, W_STATE, W_ZIP, W_NAME FROM WAREHOUSE WHERE W_ID = 1
Error Message: Cannot invoke "java.util.List.get(int)" because the return value of "sg.edu.nus.autotune.DB2DATA.getAllIndexes()" is null


===== Query 80 =====

SQL: UPDATE DISTRICT SET D_YTD = D_YTD + 1079.26 WHERE D_W_ID = 1 AND D_ID = 4

EXPLAIN Plan:

Update on district  (cost=4.28..11.67 rows=0 width=0) (actual time=0.084..0.084 rows=0 loops=1)

  ->  Bitmap Heap Scan on district  (cost=4.28..11.67 rows=2 width=22) (actual time=0.046..0.047 rows=1 loops=1)

        Recheck Cond: ((d_w_id = 1) AND (d_id = 4))

        Heap Blocks: exact=1

        ->  Bitmap Index Scan on district_pkey  (cost=0.00..4.28 rows=2 width=0) (actual time=0.025..0.025 rows=1 loops=1)

              Index Cond: ((d_w_id = 1) AND (d_id = 4))

Planning Time: 0.103 ms

Execution Time: 0.118 ms
Failed SQL 80: UPDATE DISTRICT SET D_YTD = D_YTD + 1079.26 WHERE D_W_ID = 1 AND D_ID = 4
Error Message: Cannot invoke "java.util.List.get(int)" because the return value of "sg.edu.nus.autotune.DB2DATA.getAllIndexes()" is null


===== Query 81 =====

SQL: SELECT D_STREET_1, D_STREET_2, D_CITY, D_STATE, D_ZIP, D_NAME FROM DISTRICT WHERE D_W_ID = 1 AND D_ID = 4

EXPLAIN Plan:

Bitmap Heap Scan on district  (cost=4.28..11.66 rows=2 width=64) (actual time=0.021..0.022 rows=1 loops=1)

  Recheck Cond: ((d_w_id = 1) AND (d_id = 4))

  Heap Blocks: exact=1

  ->  Bitmap Index Scan on district_pkey  (cost=0.00..4.28 rows=2 width=0) (actual time=0.011..0.011 rows=1 loops=1)

        Index Cond: ((d_w_id = 1) AND (d_id = 4))

Planning Time: 0.090 ms

Execution Time: 0.049 ms
Failed SQL 81: SELECT D_STREET_1, D_STREET_2, D_CITY, D_STATE, D_ZIP, D_NAME FROM DISTRICT WHERE D_W_ID = 1 AND D_ID = 4
Error Message: Cannot invoke "java.util.List.get(int)" because the return value of "sg.edu.nus.autotune.DB2DATA.getAllIndexes()" is null


===== Query 82 =====

SQL: SELECT NO_O_ID FROM NEW_ORDER WHERE NO_D_ID = 4 AND NO_W_ID = 2 ORDER BY NO_O_ID ASC LIMIT 1

EXPLAIN Plan:

Limit  (cost=0.42..0.47 rows=1 width=4) (actual time=0.835..0.835 rows=1 loops=1)

  ->  Index Only Scan using new_order_pkey on new_order  (cost=0.42..91.92 rows=1775 width=4) (actual time=0.834..0.834 rows=1 loops=1)

        Index Cond: ((no_w_id = 2) AND (no_d_id = 4))

        Heap Fetches: 0

Planning Time: 0.099 ms

Execution Time: 0.855 ms
Failed SQL 82: SELECT NO_O_ID FROM NEW_ORDER WHERE NO_D_ID = 4 AND NO_W_ID = 2 ORDER BY NO_O_ID ASC LIMIT 1
Error Message: Cannot invoke "java.util.List.get(int)" because the return value of "sg.edu.nus.autotune.DB2DATA.getAllIndexes()" is null


===== Query 83 =====

SQL: SELECT C_FIRST, C_MIDDLE, C_ID, C_STREET_1, C_STREET_2, C_CITY, C_STATE, C_ZIP, C_PHONE, C_CREDIT, C_CREDIT_LIM, C_DISCOUNT, C_BALANCE, C_YTD_PAYMENT, C_PAYMENT_CNT, C_SINCE FROM CUSTOMER WHERE C_W_ID = 1 AND C_D_ID = 4 AND C_LAST = 'BARABLEABLE' ORDER BY C_FIRST

EXPLAIN Plan:

Sort  (cost=7328.40..7328.41 rows=2 width=131) (actual time=103.986..103.988 rows=1 loops=1)

  Sort Key: c_first

  Sort Method: quicksort  Memory: 25kB

  ->  Bitmap Heap Scan on customer  (cost=78.51..7328.39 rows=2 width=131) (actual time=22.260..103.964 rows=1 loops=1)

        Recheck Cond: ((c_w_id = 1) AND (c_d_id = 4))

        Filter: ((c_last)::text = 'BARABLEABLE'::text)

        Rows Removed by Filter: 2999

        Heap Blocks: exact=835

        ->  Bitmap Index Scan on customer_pkey  (cost=0.00..78.51 rows=3009 width=0) (actual time=3.210..3.210 rows=3045 loops=1)

              Index Cond: ((c_w_id = 1) AND (c_d_id = 4))

Planning Time: 0.142 ms

Execution Time: 104.044 ms
Failed SQL 83: SELECT C_FIRST, C_MIDDLE, C_ID, C_STREET_1, C_STREET_2, C_CITY, C_STATE, C_ZIP, C_PHONE, C_CREDIT, C_CREDIT_LIM, C_DISCOUNT, C_BALANCE, C_YTD_PAYMENT, C_PAYMENT_CNT, C_SINCE FROM CUSTOMER WHERE C_W_ID = 1 AND C_D_ID = 4 AND C_LAST = 'BARABLEABLE' ORDER BY C_FIRST
Error Message: Cannot invoke "java.util.List.get(int)" because the return value of "sg.edu.nus.autotune.DB2DATA.getAllIndexes()" is null


===== Query 84 =====

SQL: SELECT O_C_ID FROM OORDER WHERE O_ID = 2511 AND O_D_ID = 4 AND O_W_ID = 2

EXPLAIN Plan:

Index Scan using oorder_pkey on oorder  (cost=0.42..8.44 rows=1 width=4) (actual time=1.047..1.049 rows=1 loops=1)

  Index Cond: ((o_w_id = 2) AND (o_d_id = 4) AND (o_id = 2511))

Planning Time: 0.104 ms

Execution Time: 1.068 ms
Failed SQL 84: SELECT O_C_ID FROM OORDER WHERE O_ID = 2511 AND O_D_ID = 4 AND O_W_ID = 2
Error Message: Cannot invoke "java.util.List.get(int)" because the return value of "sg.edu.nus.autotune.DB2DATA.getAllIndexes()" is null


===== Query 85 =====

SQL: UPDATE OORDER SET O_CARRIER_ID = 1 WHERE O_ID = 2511 AND O_D_ID = 4 AND O_W_ID = 2

EXPLAIN Plan:

Update on oorder  (cost=0.42..8.44 rows=0 width=0) (actual time=0.064..0.065 rows=0 loops=1)

  ->  Index Scan using oorder_pkey on oorder  (cost=0.42..8.44 rows=1 width=10) (actual time=0.022..0.024 rows=1 loops=1)

        Index Cond: ((o_w_id = 2) AND (o_d_id = 4) AND (o_id = 2511))

Planning Time: 0.103 ms

Execution Time: 0.090 ms
Failed SQL 85: UPDATE OORDER SET O_CARRIER_ID = 1 WHERE O_ID = 2511 AND O_D_ID = 4 AND O_W_ID = 2
Error Message: Cannot invoke "java.util.List.get(int)" because the return value of "sg.edu.nus.autotune.DB2DATA.getAllIndexes()" is null


===== Query 86 =====

SQL: UPDATE ORDER_LINE SET OL_DELIVERY_D = '2014-10-12 20:52:15.31' WHERE OL_O_ID = 2511 AND OL_D_ID = 4 AND OL_W_ID = 2

EXPLAIN Plan:

Update on order_line  (cost=0.43..43.81 rows=0 width=0) (actual time=1.290..1.290 rows=0 loops=1)

  ->  Index Scan using order_line_pkey on order_line  (cost=0.43..43.81 rows=10 width=14) (actual time=1.194..1.197 rows=5 loops=1)

        Index Cond: ((ol_w_id = 2) AND (ol_d_id = 4) AND (ol_o_id = 2511))

Planning Time: 0.090 ms

Execution Time: 1.315 ms
Failed SQL 86: UPDATE ORDER_LINE SET OL_DELIVERY_D = '2014-10-12 20:52:15.31' WHERE OL_O_ID = 2511 AND OL_D_ID = 4 AND OL_W_ID = 2
Error Message: Cannot invoke "java.util.List.get(int)" because the return value of "sg.edu.nus.autotune.DB2DATA.getAllIndexes()" is null


===== Query 87 =====

SQL: SELECT SUM(OL_AMOUNT) AS OL_TOTAL FROM ORDER_LINE WHERE OL_O_ID = 2511 AND OL_D_ID = 4 AND OL_W_ID = 2

EXPLAIN Plan:

Aggregate  (cost=43.83..43.84 rows=1 width=32) (actual time=0.035..0.035 rows=1 loops=1)

  ->  Index Scan using order_line_pkey on order_line  (cost=0.43..43.81 rows=10 width=6) (actual time=0.027..0.028 rows=5 loops=1)

        Index Cond: ((ol_w_id = 2) AND (ol_d_id = 4) AND (ol_o_id = 2511))

Planning Time: 0.061 ms

Execution Time: 0.053 ms
Failed SQL 87: SELECT SUM(OL_AMOUNT) AS OL_TOTAL FROM ORDER_LINE WHERE OL_O_ID = 2511 AND OL_D_ID = 4 AND OL_W_ID = 2
Error Message: Cannot invoke "java.util.List.get(int)" because the return value of "sg.edu.nus.autotune.DB2DATA.getAllIndexes()" is null


===== Query 88 =====

SQL: UPDATE CUSTOMER SET C_BALANCE = C_BALANCE + 58091.66, C_DELIVERY_CNT = C_DELIVERY_CNT + 1 WHERE C_W_ID = 2 AND C_D_ID = 4 AND C_ID = 1801

EXPLAIN Plan:

Update on customer  (cost=0.42..8.45 rows=0 width=0) (actual time=0.567..0.568 rows=0 loops=1)

  ->  Index Scan using customer_pkey on customer  (cost=0.42..8.45 rows=1 width=26) (actual time=0.518..0.520 rows=1 loops=1)

        Index Cond: ((c_w_id = 2) AND (c_d_id = 4) AND (c_id = 1801))

Planning Time: 0.096 ms

Execution Time: 0.598 ms
Failed SQL 88: UPDATE CUSTOMER SET C_BALANCE = C_BALANCE + 58091.66, C_DELIVERY_CNT = C_DELIVERY_CNT + 1 WHERE C_W_ID = 2 AND C_D_ID = 4 AND C_ID = 1801
Error Message: Cannot invoke "java.util.List.get(int)" because the return value of "sg.edu.nus.autotune.DB2DATA.getAllIndexes()" is null


===== Query 89 =====

SQL: UPDATE CUSTOMER SET C_BALANCE = -3915.42, C_YTD_PAYMENT = 3915.42, C_PAYMENT_CNT = 3 WHERE C_W_ID = 1 AND C_D_ID = 4 AND C_ID = 23

EXPLAIN Plan:

Update on customer  (cost=0.42..8.44 rows=0 width=0) (actual time=0.085..0.085 rows=0 loops=1)

  ->  Index Scan using customer_pkey on customer  (cost=0.42..8.44 rows=1 width=34) (actual time=0.048..0.050 rows=1 loops=1)

        Index Cond: ((c_w_id = 1) AND (c_d_id = 4) AND (c_id = 23))

Planning Time: 0.101 ms

Execution Time: 0.110 ms
Failed SQL 89: UPDATE CUSTOMER SET C_BALANCE = -3915.42, C_YTD_PAYMENT = 3915.42, C_PAYMENT_CNT = 3 WHERE C_W_ID = 1 AND C_D_ID = 4 AND C_ID = 23
Error Message: Cannot invoke "java.util.List.get(int)" because the return value of "sg.edu.nus.autotune.DB2DATA.getAllIndexes()" is null


===== Query 90 =====

SQL: SELECT NO_O_ID FROM NEW_ORDER WHERE NO_D_ID = 5 AND NO_W_ID = 2 ORDER BY NO_O_ID ASC LIMIT 1

EXPLAIN Plan:

Limit  (cost=0.42..0.47 rows=1 width=4) (actual time=1.085..1.086 rows=1 loops=1)

  ->  Index Only Scan using new_order_pkey on new_order  (cost=0.42..91.54 rows=1756 width=4) (actual time=1.084..1.084 rows=1 loops=1)

        Index Cond: ((no_w_id = 2) AND (no_d_id = 5))

        Heap Fetches: 0

Planning Time: 0.104 ms

Execution Time: 1.109 ms
Failed SQL 90: SELECT NO_O_ID FROM NEW_ORDER WHERE NO_D_ID = 5 AND NO_W_ID = 2 ORDER BY NO_O_ID ASC LIMIT 1
Error Message: Cannot invoke "java.util.List.get(int)" because the return value of "sg.edu.nus.autotune.DB2DATA.getAllIndexes()" is null


===== Query 91 =====

SQL: SELECT O_C_ID FROM OORDER WHERE O_ID = 2511 AND O_D_ID = 5 AND O_W_ID = 2

EXPLAIN Plan:

Index Scan using oorder_pkey on oorder  (cost=0.42..8.44 rows=1 width=4) (actual time=0.679..0.681 rows=1 loops=1)

  Index Cond: ((o_w_id = 2) AND (o_d_id = 5) AND (o_id = 2511))

Planning Time: 0.086 ms

Execution Time: 0.694 ms
Failed SQL 91: SELECT O_C_ID FROM OORDER WHERE O_ID = 2511 AND O_D_ID = 5 AND O_W_ID = 2
Error Message: Cannot invoke "java.util.List.get(int)" because the return value of "sg.edu.nus.autotune.DB2DATA.getAllIndexes()" is null


===== Query 92 =====

SQL: UPDATE OORDER SET O_CARRIER_ID = 1 WHERE O_ID = 2511 AND O_D_ID = 5 AND O_W_ID = 2

EXPLAIN Plan:

Update on oorder  (cost=0.42..8.44 rows=0 width=0) (actual time=3.361..3.361 rows=0 loops=1)

  ->  Index Scan using oorder_pkey on oorder  (cost=0.42..8.44 rows=1 width=10) (actual time=0.029..0.030 rows=1 loops=1)

        Index Cond: ((o_w_id = 2) AND (o_d_id = 5) AND (o_id = 2511))

Planning Time: 0.200 ms

Execution Time: 3.393 ms
Failed SQL 92: UPDATE OORDER SET O_CARRIER_ID = 1 WHERE O_ID = 2511 AND O_D_ID = 5 AND O_W_ID = 2
Error Message: Cannot invoke "java.util.List.get(int)" because the return value of "sg.edu.nus.autotune.DB2DATA.getAllIndexes()" is null


===== Query 93 =====

SQL: UPDATE ORDER_LINE SET OL_DELIVERY_D = '2014-10-12 20:52:15.326' WHERE OL_O_ID = 2511 AND OL_D_ID = 5 AND OL_W_ID = 2

EXPLAIN Plan:

Update on order_line  (cost=0.43..43.81 rows=0 width=0) (actual time=1.753..1.754 rows=0 loops=1)

  ->  Index Scan using order_line_pkey on order_line  (cost=0.43..43.81 rows=10 width=14) (actual time=1.202..1.623 rows=13 loops=1)

        Index Cond: ((ol_w_id = 2) AND (ol_d_id = 5) AND (ol_o_id = 2511))

Planning Time: 0.093 ms

Execution Time: 1.781 ms
Failed SQL 93: UPDATE ORDER_LINE SET OL_DELIVERY_D = '2014-10-12 20:52:15.326' WHERE OL_O_ID = 2511 AND OL_D_ID = 5 AND OL_W_ID = 2
Error Message: Cannot invoke "java.util.List.get(int)" because the return value of "sg.edu.nus.autotune.DB2DATA.getAllIndexes()" is null


===== Query 94 =====

SQL: SELECT SUM(OL_AMOUNT) AS OL_TOTAL FROM ORDER_LINE WHERE OL_O_ID = 2511 AND OL_D_ID = 5 AND OL_W_ID = 2

EXPLAIN Plan:

Aggregate  (cost=43.83..43.84 rows=1 width=32) (actual time=0.085..0.085 rows=1 loops=1)

  ->  Index Scan using order_line_pkey on order_line  (cost=0.43..43.81 rows=10 width=6) (actual time=0.039..0.071 rows=13 loops=1)

        Index Cond: ((ol_w_id = 2) AND (ol_d_id = 5) AND (ol_o_id = 2511))

Planning Time: 0.110 ms

Execution Time: 0.114 ms
Failed SQL 94: SELECT SUM(OL_AMOUNT) AS OL_TOTAL FROM ORDER_LINE WHERE OL_O_ID = 2511 AND OL_D_ID = 5 AND OL_W_ID = 2
Error Message: Cannot invoke "java.util.List.get(int)" because the return value of "sg.edu.nus.autotune.DB2DATA.getAllIndexes()" is null


===== Query 95 =====

SQL: UPDATE CUSTOMER SET C_BALANCE = C_BALANCE + 47561.73, C_DELIVERY_CNT = C_DELIVERY_CNT + 1 WHERE C_W_ID = 2 AND C_D_ID = 5 AND C_ID = 841

EXPLAIN Plan:

Update on customer  (cost=0.42..8.45 rows=0 width=0) (actual time=1.051..1.052 rows=0 loops=1)

  ->  Index Scan using customer_pkey on customer  (cost=0.42..8.45 rows=1 width=26) (actual time=1.013..1.014 rows=1 loops=1)

        Index Cond: ((c_w_id = 2) AND (c_d_id = 5) AND (c_id = 841))

Planning Time: 0.078 ms

Execution Time: 1.075 ms
Failed SQL 95: UPDATE CUSTOMER SET C_BALANCE = C_BALANCE + 47561.73, C_DELIVERY_CNT = C_DELIVERY_CNT + 1 WHERE C_W_ID = 2 AND C_D_ID = 5 AND C_ID = 841
Error Message: Cannot invoke "java.util.List.get(int)" because the return value of "sg.edu.nus.autotune.DB2DATA.getAllIndexes()" is null


===== Query 96 =====

SQL: UPDATE WAREHOUSE SET W_YTD = W_YTD + 3755.75 WHERE W_ID = 1

EXPLAIN Plan:

Update on warehouse  (cost=4.14..8.16 rows=0 width=0) (actual time=0.071..0.072 rows=0 loops=1)

  ->  Bitmap Heap Scan on warehouse  (cost=4.14..8.16 rows=1 width=22) (actual time=0.019..0.020 rows=1 loops=1)

        Recheck Cond: (w_id = 1)

        Heap Blocks: exact=1

        ->  Bitmap Index Scan on warehouse_pkey  (cost=0.00..4.14 rows=1 width=0) (actual time=0.009..0.009 rows=1 loops=1)

              Index Cond: (w_id = 1)

Planning Time: 0.075 ms

Execution Time: 0.104 ms
Failed SQL 96: UPDATE WAREHOUSE SET W_YTD = W_YTD + 3755.75 WHERE W_ID = 1
Error Message: Cannot invoke "java.util.List.get(int)" because the return value of "sg.edu.nus.autotune.DB2DATA.getAllIndexes()" is null


===== Query 97 =====

SQL: SELECT W_STREET_1, W_STREET_2, W_CITY, W_STATE, W_ZIP, W_NAME FROM WAREHOUSE WHERE W_ID = 1

EXPLAIN Plan:

Bitmap Heap Scan on warehouse  (cost=4.14..8.15 rows=1 width=65) (actual time=0.019..0.020 rows=1 loops=1)

  Recheck Cond: (w_id = 1)

  Heap Blocks: exact=1

  ->  Bitmap Index Scan on warehouse_pkey  (cost=0.00..4.14 rows=1 width=0) (actual time=0.009..0.009 rows=1 loops=1)

        Index Cond: (w_id = 1)

Planning Time: 0.079 ms

Execution Time: 0.045 ms
Failed SQL 97: SELECT W_STREET_1, W_STREET_2, W_CITY, W_STATE, W_ZIP, W_NAME FROM WAREHOUSE WHERE W_ID = 1
Error Message: Cannot invoke "java.util.List.get(int)" because the return value of "sg.edu.nus.autotune.DB2DATA.getAllIndexes()" is null


===== Query 98 =====

SQL: UPDATE DISTRICT SET D_YTD = D_YTD + 3755.75 WHERE D_W_ID = 1 AND D_ID = 2

EXPLAIN Plan:

Update on district  (cost=4.28..11.67 rows=0 width=0) (actual time=1.201..1.202 rows=0 loops=1)

  ->  Bitmap Heap Scan on district  (cost=4.28..11.67 rows=2 width=22) (actual time=0.760..0.762 rows=1 loops=1)

        Recheck Cond: ((d_w_id = 1) AND (d_id = 2))

        Heap Blocks: exact=1

        ->  Bitmap Index Scan on district_pkey  (cost=0.00..4.28 rows=2 width=0) (actual time=0.011..0.011 rows=1 loops=1)

              Index Cond: ((d_w_id = 1) AND (d_id = 2))

Planning Time: 0.094 ms

Execution Time: 1.237 ms
Failed SQL 98: UPDATE DISTRICT SET D_YTD = D_YTD + 3755.75 WHERE D_W_ID = 1 AND D_ID = 2
Error Message: Cannot invoke "java.util.List.get(int)" because the return value of "sg.edu.nus.autotune.DB2DATA.getAllIndexes()" is null


===== Query 99 =====

SQL: SELECT D_STREET_1, D_STREET_2, D_CITY, D_STATE, D_ZIP, D_NAME FROM DISTRICT WHERE D_W_ID = 1 AND D_ID = 2

EXPLAIN Plan:

Bitmap Heap Scan on district  (cost=4.28..11.66 rows=2 width=64) (actual time=0.022..0.023 rows=1 loops=1)

  Recheck Cond: ((d_w_id = 1) AND (d_id = 2))

  Heap Blocks: exact=1

  ->  Bitmap Index Scan on district_pkey  (cost=0.00..4.28 rows=2 width=0) (actual time=0.011..0.011 rows=1 loops=1)

        Index Cond: ((d_w_id = 1) AND (d_id = 2))

Planning Time: 0.091 ms

Execution Time: 0.049 ms
Failed SQL 99: SELECT D_STREET_1, D_STREET_2, D_CITY, D_STATE, D_ZIP, D_NAME FROM DISTRICT WHERE D_W_ID = 1 AND D_ID = 2
Error Message: Cannot invoke "java.util.List.get(int)" because the return value of "sg.edu.nus.autotune.DB2DATA.getAllIndexes()" is null


===== Query 100 =====

SQL: SELECT C_FIRST, C_MIDDLE, C_ID, C_STREET_1, C_STREET_2, C_CITY, C_STATE, C_ZIP, C_PHONE, C_CREDIT, C_CREDIT_LIM, C_DISCOUNT, C_BALANCE, C_YTD_PAYMENT, C_PAYMENT_CNT, C_SINCE FROM CUSTOMER WHERE C_W_ID = 1 AND C_D_ID = 2 AND C_LAST = 'EINGEINGBAR' ORDER BY C_FIRST

EXPLAIN Plan:

Sort  (cost=7352.60..7352.61 rows=2 width=131) (actual time=87.018..87.019 rows=1 loops=1)

  Sort Key: c_first

  Sort Method: quicksort  Memory: 25kB

  ->  Bitmap Heap Scan on customer  (cost=78.65..7352.59 rows=2 width=131) (actual time=80.142..87.001 rows=1 loops=1)

        Recheck Cond: ((c_w_id = 1) AND (c_d_id = 2))

        Filter: ((c_last)::text = 'EINGEINGBAR'::text)

        Rows Removed by Filter: 2999

        Heap Blocks: exact=868

        ->  Bitmap Index Scan on customer_pkey  (cost=0.00..78.65 rows=3023 width=0) (actual time=3.004..3.004 rows=3083 loops=1)

              Index Cond: ((c_w_id = 1) AND (c_d_id = 2))

Planning Time: 0.144 ms

Execution Time: 87.076 ms
Failed SQL 100: SELECT C_FIRST, C_MIDDLE, C_ID, C_STREET_1, C_STREET_2, C_CITY, C_STATE, C_ZIP, C_PHONE, C_CREDIT, C_CREDIT_LIM, C_DISCOUNT, C_BALANCE, C_YTD_PAYMENT, C_PAYMENT_CNT, C_SINCE FROM CUSTOMER WHERE C_W_ID = 1 AND C_D_ID = 2 AND C_LAST = 'EINGEINGBAR' ORDER BY C_FIRST
Error Message: Cannot invoke "java.util.List.get(int)" because the return value of "sg.edu.nus.autotune.DB2DATA.getAllIndexes()" is null


===== Query 101 =====

SQL: SELECT NO_O_ID FROM NEW_ORDER WHERE NO_D_ID = 6 AND NO_W_ID = 2 ORDER BY NO_O_ID ASC LIMIT 1

EXPLAIN Plan:

Limit  (cost=0.42..0.47 rows=1 width=4) (actual time=0.977..0.977 rows=1 loops=1)

  ->  Index Only Scan using new_order_pkey on new_order  (cost=0.42..86.80 rows=1719 width=4) (actual time=0.976..0.976 rows=1 loops=1)

        Index Cond: ((no_w_id = 2) AND (no_d_id = 6))

        Heap Fetches: 0

Planning Time: 0.104 ms

Execution Time: 0.995 ms
Failed SQL 101: SELECT NO_O_ID FROM NEW_ORDER WHERE NO_D_ID = 6 AND NO_W_ID = 2 ORDER BY NO_O_ID ASC LIMIT 1
Error Message: Cannot invoke "java.util.List.get(int)" because the return value of "sg.edu.nus.autotune.DB2DATA.getAllIndexes()" is null


===== Query 102 =====

SQL: SELECT O_C_ID FROM OORDER WHERE O_ID = 2511 AND O_D_ID = 6 AND O_W_ID = 2

EXPLAIN Plan:

Index Scan using oorder_pkey on oorder  (cost=0.42..8.44 rows=1 width=4) (actual time=1.237..1.239 rows=1 loops=1)

  Index Cond: ((o_w_id = 2) AND (o_d_id = 6) AND (o_id = 2511))

Planning Time: 0.107 ms

Execution Time: 1.258 ms
Failed SQL 102: SELECT O_C_ID FROM OORDER WHERE O_ID = 2511 AND O_D_ID = 6 AND O_W_ID = 2
Error Message: Cannot invoke "java.util.List.get(int)" because the return value of "sg.edu.nus.autotune.DB2DATA.getAllIndexes()" is null


===== Query 103 =====

SQL: UPDATE OORDER SET O_CARRIER_ID = 1 WHERE O_ID = 2511 AND O_D_ID = 6 AND O_W_ID = 2

EXPLAIN Plan:

Update on oorder  (cost=0.42..8.44 rows=0 width=0) (actual time=0.086..0.086 rows=0 loops=1)

  ->  Index Scan using oorder_pkey on oorder  (cost=0.42..8.44 rows=1 width=10) (actual time=0.029..0.030 rows=1 loops=1)

        Index Cond: ((o_w_id = 2) AND (o_d_id = 6) AND (o_id = 2511))

Planning Time: 0.113 ms

Execution Time: 0.112 ms
Failed SQL 103: UPDATE OORDER SET O_CARRIER_ID = 1 WHERE O_ID = 2511 AND O_D_ID = 6 AND O_W_ID = 2
Error Message: Cannot invoke "java.util.List.get(int)" because the return value of "sg.edu.nus.autotune.DB2DATA.getAllIndexes()" is null


===== Query 104 =====

SQL: UPDATE ORDER_LINE SET OL_DELIVERY_D = '2014-10-12 20:52:15.343' WHERE OL_O_ID = 2511 AND OL_D_ID = 6 AND OL_W_ID = 2

EXPLAIN Plan:

Update on order_line  (cost=0.43..43.81 rows=0 width=0) (actual time=1.520..1.521 rows=0 loops=1)

  ->  Index Scan using order_line_pkey on order_line  (cost=0.43..43.81 rows=10 width=14) (actual time=0.975..1.370 rows=11 loops=1)

        Index Cond: ((ol_w_id = 2) AND (ol_d_id = 6) AND (ol_o_id = 2511))

Planning Time: 0.078 ms

Execution Time: 1.546 ms
Failed SQL 104: UPDATE ORDER_LINE SET OL_DELIVERY_D = '2014-10-12 20:52:15.343' WHERE OL_O_ID = 2511 AND OL_D_ID = 6 AND OL_W_ID = 2
Error Message: Cannot invoke "java.util.List.get(int)" because the return value of "sg.edu.nus.autotune.DB2DATA.getAllIndexes()" is null


===== Query 105 =====

SQL: UPDATE CUSTOMER SET C_BALANCE = -18664.531, C_YTD_PAYMENT = 18664.54, C_PAYMENT_CNT = 9 WHERE C_W_ID = 1 AND C_D_ID = 2 AND C_ID = 991

EXPLAIN Plan:

Update on customer  (cost=0.42..8.44 rows=0 width=0) (actual time=0.065..0.066 rows=0 loops=1)

  ->  Index Scan using customer_pkey on customer  (cost=0.42..8.44 rows=1 width=34) (actual time=0.028..0.029 rows=1 loops=1)

        Index Cond: ((c_w_id = 1) AND (c_d_id = 2) AND (c_id = 991))

Planning Time: 0.109 ms

Execution Time: 0.090 ms
Failed SQL 105: UPDATE CUSTOMER SET C_BALANCE = -18664.531, C_YTD_PAYMENT = 18664.54, C_PAYMENT_CNT = 9 WHERE C_W_ID = 1 AND C_D_ID = 2 AND C_ID = 991
Error Message: Cannot invoke "java.util.List.get(int)" because the return value of "sg.edu.nus.autotune.DB2DATA.getAllIndexes()" is null


===== Query 106 =====

SQL: SELECT C_FIRST, C_MIDDLE, C_ID, C_STREET_1, C_STREET_2, C_CITY, C_STATE, C_ZIP, C_PHONE, C_CREDIT, C_CREDIT_LIM, C_DISCOUNT, C_BALANCE, C_YTD_PAYMENT, C_PAYMENT_CNT, C_SINCE FROM CUSTOMER WHERE C_W_ID = 1 AND C_D_ID = 6 AND C_LAST = 'PRESBAREING' ORDER BY C_FIRST

EXPLAIN Plan:

Sort  (cost=7378.90..7378.91 rows=7 width=131) (actual time=63.974..63.976 rows=5 loops=1)

  Sort Key: c_first

  Sort Method: quicksort  Memory: 26kB

  ->  Bitmap Heap Scan on customer  (cost=78.82..7378.80 rows=7 width=131) (actual time=17.197..63.947 rows=5 loops=1)

        Recheck Cond: ((c_w_id = 1) AND (c_d_id = 6))

        Filter: ((c_last)::text = 'PRESBAREING'::text)

        Rows Removed by Filter: 2995

        Heap Blocks: exact=788

        ->  Bitmap Index Scan on customer_pkey  (cost=0.00..78.82 rows=3040 width=0) (actual time=3.014..3.014 rows=3032 loops=1)

              Index Cond: ((c_w_id = 1) AND (c_d_id = 6))

Planning Time: 0.144 ms

Execution Time: 64.018 ms
Failed SQL 106: SELECT C_FIRST, C_MIDDLE, C_ID, C_STREET_1, C_STREET_2, C_CITY, C_STATE, C_ZIP, C_PHONE, C_CREDIT, C_CREDIT_LIM, C_DISCOUNT, C_BALANCE, C_YTD_PAYMENT, C_PAYMENT_CNT, C_SINCE FROM CUSTOMER WHERE C_W_ID = 1 AND C_D_ID = 6 AND C_LAST = 'PRESBAREING' ORDER BY C_FIRST
Error Message: Cannot invoke "java.util.List.get(int)" because the return value of "sg.edu.nus.autotune.DB2DATA.getAllIndexes()" is null


===== Query 107 =====

SQL: SELECT SUM(OL_AMOUNT) AS OL_TOTAL FROM ORDER_LINE WHERE OL_O_ID = 2511 AND OL_D_ID = 6 AND OL_W_ID = 2

EXPLAIN Plan:

Aggregate  (cost=43.83..43.84 rows=1 width=32) (actual time=0.086..0.086 rows=1 loops=1)

  ->  Index Scan using order_line_pkey on order_line  (cost=0.43..43.81 rows=10 width=6) (actual time=0.038..0.073 rows=11 loops=1)

        Index Cond: ((ol_w_id = 2) AND (ol_d_id = 6) AND (ol_o_id = 2511))

Planning Time: 0.108 ms

Execution Time: 0.117 ms
Failed SQL 107: SELECT SUM(OL_AMOUNT) AS OL_TOTAL FROM ORDER_LINE WHERE OL_O_ID = 2511 AND OL_D_ID = 6 AND OL_W_ID = 2
Error Message: Cannot invoke "java.util.List.get(int)" because the return value of "sg.edu.nus.autotune.DB2DATA.getAllIndexes()" is null


===== Query 108 =====

SQL: UPDATE CUSTOMER SET C_BALANCE = C_BALANCE + 72904.61, C_DELIVERY_CNT = C_DELIVERY_CNT + 1 WHERE C_W_ID = 2 AND C_D_ID = 6 AND C_ID = 675

EXPLAIN Plan:

Update on customer  (cost=0.42..8.45 rows=0 width=0) (actual time=1.087..1.088 rows=0 loops=1)

  ->  Index Scan using customer_pkey on customer  (cost=0.42..8.45 rows=1 width=26) (actual time=1.047..1.049 rows=1 loops=1)

        Index Cond: ((c_w_id = 2) AND (c_d_id = 6) AND (c_id = 675))

Planning Time: 0.095 ms

Execution Time: 1.117 ms
Failed SQL 108: UPDATE CUSTOMER SET C_BALANCE = C_BALANCE + 72904.61, C_DELIVERY_CNT = C_DELIVERY_CNT + 1 WHERE C_W_ID = 2 AND C_D_ID = 6 AND C_ID = 675
Error Message: Cannot invoke "java.util.List.get(int)" because the return value of "sg.edu.nus.autotune.DB2DATA.getAllIndexes()" is null


===== Query 109 =====

SQL: SELECT NO_O_ID FROM NEW_ORDER WHERE NO_D_ID = 7 AND NO_W_ID = 2 ORDER BY NO_O_ID ASC LIMIT 1

EXPLAIN Plan:

Limit  (cost=0.42..0.47 rows=1 width=4) (actual time=0.848..0.849 rows=1 loops=1)

  ->  Index Only Scan using new_order_pkey on new_order  (cost=0.42..85.52 rows=1655 width=4) (actual time=0.847..0.847 rows=1 loops=1)

        Index Cond: ((no_w_id = 2) AND (no_d_id = 7))

        Heap Fetches: 0

Planning Time: 0.102 ms

Execution Time: 0.868 ms
Failed SQL 109: SELECT NO_O_ID FROM NEW_ORDER WHERE NO_D_ID = 7 AND NO_W_ID = 2 ORDER BY NO_O_ID ASC LIMIT 1
Error Message: Cannot invoke "java.util.List.get(int)" because the return value of "sg.edu.nus.autotune.DB2DATA.getAllIndexes()" is null


===== Query 110 =====

SQL: SELECT O_C_ID FROM OORDER WHERE O_ID = 2511 AND O_D_ID = 7 AND O_W_ID = 2

EXPLAIN Plan:

Index Scan using oorder_pkey on oorder  (cost=0.42..8.44 rows=1 width=4) (actual time=1.470..1.479 rows=1 loops=1)

  Index Cond: ((o_w_id = 2) AND (o_d_id = 7) AND (o_id = 2511))

Planning Time: 0.108 ms

Execution Time: 1.502 ms
Failed SQL 110: SELECT O_C_ID FROM OORDER WHERE O_ID = 2511 AND O_D_ID = 7 AND O_W_ID = 2
Error Message: Cannot invoke "java.util.List.get(int)" because the return value of "sg.edu.nus.autotune.DB2DATA.getAllIndexes()" is null


===== Query 111 =====

SQL: UPDATE OORDER SET O_CARRIER_ID = 1 WHERE O_ID = 2511 AND O_D_ID = 7 AND O_W_ID = 2

EXPLAIN Plan:

Update on oorder  (cost=0.42..8.44 rows=0 width=0) (actual time=1.155..1.156 rows=0 loops=1)

  ->  Index Scan using oorder_pkey on oorder  (cost=0.42..8.44 rows=1 width=10) (actual time=0.022..0.024 rows=1 loops=1)

        Index Cond: ((o_w_id = 2) AND (o_d_id = 7) AND (o_id = 2511))

Planning Time: 0.102 ms

Execution Time: 1.182 ms
Failed SQL 111: UPDATE OORDER SET O_CARRIER_ID = 1 WHERE O_ID = 2511 AND O_D_ID = 7 AND O_W_ID = 2
Error Message: Cannot invoke "java.util.List.get(int)" because the return value of "sg.edu.nus.autotune.DB2DATA.getAllIndexes()" is null


===== Query 112 =====

SQL: UPDATE ORDER_LINE SET OL_DELIVERY_D = '2014-10-12 20:52:15.394' WHERE OL_O_ID = 2511 AND OL_D_ID = 7 AND OL_W_ID = 2

EXPLAIN Plan:

Update on order_line  (cost=0.43..39.88 rows=0 width=0) (actual time=1.514..1.514 rows=0 loops=1)

  ->  Index Scan using order_line_pkey on order_line  (cost=0.43..39.88 rows=9 width=14) (actual time=1.179..1.381 rows=9 loops=1)

        Index Cond: ((ol_w_id = 2) AND (ol_d_id = 7) AND (ol_o_id = 2511))

Planning Time: 0.090 ms

Execution Time: 1.539 ms
Failed SQL 112: UPDATE ORDER_LINE SET OL_DELIVERY_D = '2014-10-12 20:52:15.394' WHERE OL_O_ID = 2511 AND OL_D_ID = 7 AND OL_W_ID = 2
Error Message: Cannot invoke "java.util.List.get(int)" because the return value of "sg.edu.nus.autotune.DB2DATA.getAllIndexes()" is null


===== Query 113 =====

SQL: SELECT SUM(OL_AMOUNT) AS OL_TOTAL FROM ORDER_LINE WHERE OL_O_ID = 2511 AND OL_D_ID = 7 AND OL_W_ID = 2

EXPLAIN Plan:

Aggregate  (cost=39.90..39.91 rows=1 width=32) (actual time=0.079..0.079 rows=1 loops=1)

  ->  Index Scan using order_line_pkey on order_line  (cost=0.43..39.88 rows=9 width=6) (actual time=0.043..0.066 rows=9 loops=1)

        Index Cond: ((ol_w_id = 2) AND (ol_d_id = 7) AND (ol_o_id = 2511))

Planning Time: 0.108 ms

Execution Time: 0.110 ms
Failed SQL 113: SELECT SUM(OL_AMOUNT) AS OL_TOTAL FROM ORDER_LINE WHERE OL_O_ID = 2511 AND OL_D_ID = 7 AND OL_W_ID = 2
Error Message: Cannot invoke "java.util.List.get(int)" because the return value of "sg.edu.nus.autotune.DB2DATA.getAllIndexes()" is null


===== Query 114 =====

SQL: UPDATE CUSTOMER SET C_BALANCE = C_BALANCE + 55640.89, C_DELIVERY_CNT = C_DELIVERY_CNT + 1 WHERE C_W_ID = 2 AND C_D_ID = 7 AND C_ID = 1470

EXPLAIN Plan:

Update on customer  (cost=0.42..8.45 rows=0 width=0) (actual time=1.164..1.165 rows=0 loops=1)

  ->  Index Scan using customer_pkey on customer  (cost=0.42..8.45 rows=1 width=26) (actual time=1.101..1.103 rows=1 loops=1)

        Index Cond: ((c_w_id = 2) AND (c_d_id = 7) AND (c_id = 1470))

Planning Time: 0.102 ms

Execution Time: 1.195 ms
Failed SQL 114: UPDATE CUSTOMER SET C_BALANCE = C_BALANCE + 55640.89, C_DELIVERY_CNT = C_DELIVERY_CNT + 1 WHERE C_W_ID = 2 AND C_D_ID = 7 AND C_ID = 1470
Error Message: Cannot invoke "java.util.List.get(int)" because the return value of "sg.edu.nus.autotune.DB2DATA.getAllIndexes()" is null


===== Query 115 =====

SQL: SELECT NO_O_ID FROM NEW_ORDER WHERE NO_D_ID = 8 AND NO_W_ID = 2 ORDER BY NO_O_ID ASC LIMIT 1

EXPLAIN Plan:

Limit  (cost=0.42..0.47 rows=1 width=4) (actual time=0.771..0.772 rows=1 loops=1)

  ->  Index Only Scan using new_order_pkey on new_order  (cost=0.42..91.80 rows=1769 width=4) (actual time=0.770..0.770 rows=1 loops=1)

        Index Cond: ((no_w_id = 2) AND (no_d_id = 8))

        Heap Fetches: 0

Planning Time: 0.099 ms

Execution Time: 0.791 ms
Failed SQL 115: SELECT NO_O_ID FROM NEW_ORDER WHERE NO_D_ID = 8 AND NO_W_ID = 2 ORDER BY NO_O_ID ASC LIMIT 1
Error Message: Cannot invoke "java.util.List.get(int)" because the return value of "sg.edu.nus.autotune.DB2DATA.getAllIndexes()" is null


===== Query 116 =====

SQL: SELECT O_C_ID FROM OORDER WHERE O_ID = 2511 AND O_D_ID = 8 AND O_W_ID = 2

EXPLAIN Plan:

Index Scan using oorder_pkey on oorder  (cost=0.42..8.44 rows=1 width=4) (actual time=1.247..1.249 rows=1 loops=1)

  Index Cond: ((o_w_id = 2) AND (o_d_id = 8) AND (o_id = 2511))

Planning Time: 0.100 ms

Execution Time: 1.268 ms
Failed SQL 116: SELECT O_C_ID FROM OORDER WHERE O_ID = 2511 AND O_D_ID = 8 AND O_W_ID = 2
Error Message: Cannot invoke "java.util.List.get(int)" because the return value of "sg.edu.nus.autotune.DB2DATA.getAllIndexes()" is null


===== Query 117 =====

SQL: UPDATE OORDER SET O_CARRIER_ID = 1 WHERE O_ID = 2511 AND O_D_ID = 8 AND O_W_ID = 2

EXPLAIN Plan:

Update on oorder  (cost=0.42..8.44 rows=0 width=0) (actual time=0.053..0.054 rows=0 loops=1)

  ->  Index Scan using oorder_pkey on oorder  (cost=0.42..8.44 rows=1 width=10) (actual time=0.023..0.024 rows=1 loops=1)

        Index Cond: ((o_w_id = 2) AND (o_d_id = 8) AND (o_id = 2511))

Planning Time: 0.101 ms

Execution Time: 0.080 ms
Failed SQL 117: UPDATE OORDER SET O_CARRIER_ID = 1 WHERE O_ID = 2511 AND O_D_ID = 8 AND O_W_ID = 2
Error Message: Cannot invoke "java.util.List.get(int)" because the return value of "sg.edu.nus.autotune.DB2DATA.getAllIndexes()" is null


===== Query 118 =====

SQL: UPDATE ORDER_LINE SET OL_DELIVERY_D = '2014-10-12 20:52:15.419' WHERE OL_O_ID = 2511 AND OL_D_ID = 8 AND OL_W_ID = 2

EXPLAIN Plan:

Update on order_line  (cost=0.43..43.81 rows=0 width=0) (actual time=1.317..1.318 rows=0 loops=1)

  ->  Index Scan using order_line_pkey on order_line  (cost=0.43..43.81 rows=10 width=14) (actual time=1.219..1.225 rows=9 loops=1)

        Index Cond: ((ol_w_id = 2) AND (ol_d_id = 8) AND (ol_o_id = 2511))

Planning Time: 0.090 ms

Execution Time: 1.344 ms
Failed SQL 118: UPDATE ORDER_LINE SET OL_DELIVERY_D = '2014-10-12 20:52:15.419' WHERE OL_O_ID = 2511 AND OL_D_ID = 8 AND OL_W_ID = 2
Error Message: Cannot invoke "java.util.List.get(int)" because the return value of "sg.edu.nus.autotune.DB2DATA.getAllIndexes()" is null


===== Query 119 =====

SQL: SELECT SUM(OL_AMOUNT) AS OL_TOTAL FROM ORDER_LINE WHERE OL_O_ID = 2511 AND OL_D_ID = 8 AND OL_W_ID = 2

EXPLAIN Plan:

Aggregate  (cost=43.83..43.84 rows=1 width=32) (actual time=0.053..0.054 rows=1 loops=1)

  ->  Index Scan using order_line_pkey on order_line  (cost=0.43..43.81 rows=10 width=6) (actual time=0.038..0.041 rows=9 loops=1)

        Index Cond: ((ol_w_id = 2) AND (ol_d_id = 8) AND (ol_o_id = 2511))

Planning Time: 0.101 ms

Execution Time: 0.082 ms
Failed SQL 119: SELECT SUM(OL_AMOUNT) AS OL_TOTAL FROM ORDER_LINE WHERE OL_O_ID = 2511 AND OL_D_ID = 8 AND OL_W_ID = 2
Error Message: Cannot invoke "java.util.List.get(int)" because the return value of "sg.edu.nus.autotune.DB2DATA.getAllIndexes()" is null


===== Query 120 =====

SQL: UPDATE CUSTOMER SET C_BALANCE = C_BALANCE + 22620.68, C_DELIVERY_CNT = C_DELIVERY_CNT + 1 WHERE C_W_ID = 2 AND C_D_ID = 8 AND C_ID = 1349

EXPLAIN Plan:

Update on customer  (cost=0.42..8.45 rows=0 width=0) (actual time=1.272..1.273 rows=0 loops=1)

  ->  Index Scan using customer_pkey on customer  (cost=0.42..8.45 rows=1 width=26) (actual time=1.219..1.221 rows=1 loops=1)

        Index Cond: ((c_w_id = 2) AND (c_d_id = 8) AND (c_id = 1349))

Planning Time: 0.091 ms

Execution Time: 1.301 ms
Failed SQL 120: UPDATE CUSTOMER SET C_BALANCE = C_BALANCE + 22620.68, C_DELIVERY_CNT = C_DELIVERY_CNT + 1 WHERE C_W_ID = 2 AND C_D_ID = 8 AND C_ID = 1349
Error Message: Cannot invoke "java.util.List.get(int)" because the return value of "sg.edu.nus.autotune.DB2DATA.getAllIndexes()" is null


===== Query 121 =====

SQL: SELECT NO_O_ID FROM NEW_ORDER WHERE NO_D_ID = 9 AND NO_W_ID = 2 ORDER BY NO_O_ID ASC LIMIT 1

EXPLAIN Plan:

Limit  (cost=0.42..0.47 rows=1 width=4) (actual time=1.044..1.045 rows=1 loops=1)

  ->  Index Only Scan using new_order_pkey on new_order  (cost=0.42..86.08 rows=1683 width=4) (actual time=1.043..1.043 rows=1 loops=1)

        Index Cond: ((no_w_id = 2) AND (no_d_id = 9))

        Heap Fetches: 0

Planning Time: 0.095 ms

Execution Time: 1.064 ms
Failed SQL 121: SELECT NO_O_ID FROM NEW_ORDER WHERE NO_D_ID = 9 AND NO_W_ID = 2 ORDER BY NO_O_ID ASC LIMIT 1
Error Message: Cannot invoke "java.util.List.get(int)" because the return value of "sg.edu.nus.autotune.DB2DATA.getAllIndexes()" is null


===== Query 122 =====

SQL: SELECT O_C_ID FROM OORDER WHERE O_ID = 2511 AND O_D_ID = 9 AND O_W_ID = 2

EXPLAIN Plan:

Index Scan using oorder_pkey on oorder  (cost=0.42..8.44 rows=1 width=4) (actual time=1.125..1.127 rows=1 loops=1)

  Index Cond: ((o_w_id = 2) AND (o_d_id = 9) AND (o_id = 2511))

Planning Time: 0.100 ms

Execution Time: 1.147 ms
Failed SQL 122: SELECT O_C_ID FROM OORDER WHERE O_ID = 2511 AND O_D_ID = 9 AND O_W_ID = 2
Error Message: Cannot invoke "java.util.List.get(int)" because the return value of "sg.edu.nus.autotune.DB2DATA.getAllIndexes()" is null


===== Query 123 =====

SQL: UPDATE OORDER SET O_CARRIER_ID = 1 WHERE O_ID = 2511 AND O_D_ID = 9 AND O_W_ID = 2

EXPLAIN Plan:

Update on oorder  (cost=0.42..8.44 rows=0 width=0) (actual time=0.854..0.855 rows=0 loops=1)

  ->  Index Scan using oorder_pkey on oorder  (cost=0.42..8.44 rows=1 width=10) (actual time=0.021..0.023 rows=1 loops=1)

        Index Cond: ((o_w_id = 2) AND (o_d_id = 9) AND (o_id = 2511))

Planning Time: 0.104 ms

Execution Time: 0.880 ms
Failed SQL 123: UPDATE OORDER SET O_CARRIER_ID = 1 WHERE O_ID = 2511 AND O_D_ID = 9 AND O_W_ID = 2
Error Message: Cannot invoke "java.util.List.get(int)" because the return value of "sg.edu.nus.autotune.DB2DATA.getAllIndexes()" is null


===== Query 124 =====

SQL: UPDATE ORDER_LINE SET OL_DELIVERY_D = '2014-10-12 20:52:15.449' WHERE OL_O_ID = 2511 AND OL_D_ID = 9 AND OL_W_ID = 2

EXPLAIN Plan:

Update on order_line  (cost=0.43..43.81 rows=0 width=0) (actual time=1.460..1.460 rows=0 loops=1)

  ->  Index Scan using order_line_pkey on order_line  (cost=0.43..43.81 rows=10 width=14) (actual time=1.378..1.385 rows=10 loops=1)

        Index Cond: ((ol_w_id = 2) AND (ol_d_id = 9) AND (ol_o_id = 2511))

Planning Time: 0.089 ms

Execution Time: 1.486 ms
Failed SQL 124: UPDATE ORDER_LINE SET OL_DELIVERY_D = '2014-10-12 20:52:15.449' WHERE OL_O_ID = 2511 AND OL_D_ID = 9 AND OL_W_ID = 2
Error Message: Cannot invoke "java.util.List.get(int)" because the return value of "sg.edu.nus.autotune.DB2DATA.getAllIndexes()" is null


===== Query 125 =====

SQL: SELECT O_ID, O_CARRIER_ID, O_ENTRY_D FROM OORDER WHERE O_W_ID = 1 AND O_D_ID = 6 AND O_C_ID = 1027 ORDER BY O_ID DESC LIMIT 1

EXPLAIN Plan:

Limit  (cost=0.42..4.44 rows=1 width=16) (actual time=1.347..1.348 rows=1 loops=1)

  ->  Index Scan Backward using oorder_o_w_id_o_d_id_o_c_id_o_id_key on oorder  (cost=0.42..193.35 rows=48 width=16) (actual time=1.346..1.346 rows=1 loops=1)

        Index Cond: ((o_w_id = 1) AND (o_d_id = 6) AND (o_c_id = 1027))

Planning Time: 0.263 ms

Execution Time: 1.367 ms
Failed SQL 125: SELECT O_ID, O_CARRIER_ID, O_ENTRY_D FROM OORDER WHERE O_W_ID = 1 AND O_D_ID = 6 AND O_C_ID = 1027 ORDER BY O_ID DESC LIMIT 1
Error Message: Cannot invoke "java.util.List.get(int)" because the return value of "sg.edu.nus.autotune.DB2DATA.getAllIndexes()" is null


===== Query 126 =====

SQL: SELECT SUM(OL_AMOUNT) AS OL_TOTAL FROM ORDER_LINE WHERE OL_O_ID = 2511 AND OL_D_ID = 9 AND OL_W_ID = 2

EXPLAIN Plan:

Aggregate  (cost=43.83..43.84 rows=1 width=32) (actual time=0.065..0.066 rows=1 loops=1)

  ->  Index Scan using order_line_pkey on order_line  (cost=0.43..43.81 rows=10 width=6) (actual time=0.039..0.053 rows=10 loops=1)

        Index Cond: ((ol_w_id = 2) AND (ol_d_id = 9) AND (ol_o_id = 2511))

Planning Time: 0.104 ms

Execution Time: 0.096 ms
Failed SQL 126: SELECT SUM(OL_AMOUNT) AS OL_TOTAL FROM ORDER_LINE WHERE OL_O_ID = 2511 AND OL_D_ID = 9 AND OL_W_ID = 2
Error Message: Cannot invoke "java.util.List.get(int)" because the return value of "sg.edu.nus.autotune.DB2DATA.getAllIndexes()" is null


===== Query 127 =====

SQL: UPDATE CUSTOMER SET C_BALANCE = C_BALANCE + 32321.74, C_DELIVERY_CNT = C_DELIVERY_CNT + 1 WHERE C_W_ID = 2 AND C_D_ID = 9 AND C_ID = 1923

EXPLAIN Plan:

Update on customer  (cost=0.42..8.45 rows=0 width=0) (actual time=0.863..0.864 rows=0 loops=1)

  ->  Index Scan using customer_pkey on customer  (cost=0.42..8.45 rows=1 width=26) (actual time=0.785..0.786 rows=1 loops=1)

        Index Cond: ((c_w_id = 2) AND (c_d_id = 9) AND (c_id = 1923))

Planning Time: 0.101 ms

Execution Time: 0.893 ms
Failed SQL 127: UPDATE CUSTOMER SET C_BALANCE = C_BALANCE + 32321.74, C_DELIVERY_CNT = C_DELIVERY_CNT + 1 WHERE C_W_ID = 2 AND C_D_ID = 9 AND C_ID = 1923
Error Message: Cannot invoke "java.util.List.get(int)" because the return value of "sg.edu.nus.autotune.DB2DATA.getAllIndexes()" is null


===== Query 128 =====

SQL: SELECT NO_O_ID FROM NEW_ORDER WHERE NO_D_ID = 10 AND NO_W_ID = 2 ORDER BY NO_O_ID ASC LIMIT 1

EXPLAIN Plan:

Limit  (cost=0.42..0.47 rows=1 width=4) (actual time=0.793..0.793 rows=1 loops=1)

  ->  Index Only Scan using new_order_pkey on new_order  (cost=0.42..91.60 rows=1759 width=4) (actual time=0.791..0.792 rows=1 loops=1)

        Index Cond: ((no_w_id = 2) AND (no_d_id = 10))

        Heap Fetches: 0

Planning Time: 0.099 ms

Execution Time: 0.814 ms
Failed SQL 128: SELECT NO_O_ID FROM NEW_ORDER WHERE NO_D_ID = 10 AND NO_W_ID = 2 ORDER BY NO_O_ID ASC LIMIT 1
Error Message: Cannot invoke "java.util.List.get(int)" because the return value of "sg.edu.nus.autotune.DB2DATA.getAllIndexes()" is null


===== Query 129 =====

SQL: SELECT O_C_ID FROM OORDER WHERE O_ID = 2511 AND O_D_ID = 10 AND O_W_ID = 2

EXPLAIN Plan:

Index Scan using oorder_pkey on oorder  (cost=0.42..8.44 rows=1 width=4) (actual time=0.531..0.533 rows=1 loops=1)

  Index Cond: ((o_w_id = 2) AND (o_d_id = 10) AND (o_id = 2511))

Planning Time: 0.103 ms

Execution Time: 0.552 ms
Failed SQL 129: SELECT O_C_ID FROM OORDER WHERE O_ID = 2511 AND O_D_ID = 10 AND O_W_ID = 2
Error Message: Cannot invoke "java.util.List.get(int)" because the return value of "sg.edu.nus.autotune.DB2DATA.getAllIndexes()" is null


===== Query 130 =====

SQL: UPDATE OORDER SET O_CARRIER_ID = 1 WHERE O_ID = 2511 AND O_D_ID = 10 AND O_W_ID = 2

EXPLAIN Plan:

Update on oorder  (cost=0.42..8.44 rows=0 width=0) (actual time=0.066..0.067 rows=0 loops=1)

  ->  Index Scan using oorder_pkey on oorder  (cost=0.42..8.44 rows=1 width=10) (actual time=0.021..0.023 rows=1 loops=1)

        Index Cond: ((o_w_id = 2) AND (o_d_id = 10) AND (o_id = 2511))

Planning Time: 0.100 ms

Execution Time: 0.092 ms
Failed SQL 130: UPDATE OORDER SET O_CARRIER_ID = 1 WHERE O_ID = 2511 AND O_D_ID = 10 AND O_W_ID = 2
Error Message: Cannot invoke "java.util.List.get(int)" because the return value of "sg.edu.nus.autotune.DB2DATA.getAllIndexes()" is null


===== Query 131 =====

SQL: UPDATE ORDER_LINE SET OL_DELIVERY_D = '2014-10-12 20:52:15.471' WHERE OL_O_ID = 2511 AND OL_D_ID = 10 AND OL_W_ID = 2

EXPLAIN Plan:

Update on order_line  (cost=0.43..43.81 rows=0 width=0) (actual time=1.544..1.545 rows=0 loops=1)

  ->  Index Scan using order_line_pkey on order_line  (cost=0.43..43.81 rows=10 width=14) (actual time=1.256..1.458 rows=6 loops=1)

        Index Cond: ((ol_w_id = 2) AND (ol_d_id = 10) AND (ol_o_id = 2511))

Planning Time: 0.090 ms

Execution Time: 1.571 ms
Failed SQL 131: UPDATE ORDER_LINE SET OL_DELIVERY_D = '2014-10-12 20:52:15.471' WHERE OL_O_ID = 2511 AND OL_D_ID = 10 AND OL_W_ID = 2
Error Message: Cannot invoke "java.util.List.get(int)" because the return value of "sg.edu.nus.autotune.DB2DATA.getAllIndexes()" is null


===== Query 132 =====

SQL: SELECT SUM(OL_AMOUNT) AS OL_TOTAL FROM ORDER_LINE WHERE OL_O_ID = 2511 AND OL_D_ID = 10 AND OL_W_ID = 2

EXPLAIN Plan:

Aggregate  (cost=43.83..43.84 rows=1 width=32) (actual time=0.071..0.071 rows=1 loops=1)

  ->  Index Scan using order_line_pkey on order_line  (cost=0.43..43.81 rows=10 width=6) (actual time=0.037..0.060 rows=6 loops=1)

        Index Cond: ((ol_w_id = 2) AND (ol_d_id = 10) AND (ol_o_id = 2511))

Planning Time: 0.106 ms

Execution Time: 0.100 ms
Failed SQL 132: SELECT SUM(OL_AMOUNT) AS OL_TOTAL FROM ORDER_LINE WHERE OL_O_ID = 2511 AND OL_D_ID = 10 AND OL_W_ID = 2
Error Message: Cannot invoke "java.util.List.get(int)" because the return value of "sg.edu.nus.autotune.DB2DATA.getAllIndexes()" is null


===== Query 133 =====

SQL: UPDATE CUSTOMER SET C_BALANCE = C_BALANCE + 36641.77, C_DELIVERY_CNT = C_DELIVERY_CNT + 1 WHERE C_W_ID = 2 AND C_D_ID = 10 AND C_ID = 1073

EXPLAIN Plan:

Update on customer  (cost=0.42..8.45 rows=0 width=0) (actual time=0.133..0.134 rows=0 loops=1)

  ->  Index Scan using customer_pkey on customer  (cost=0.42..8.45 rows=1 width=26) (actual time=0.080..0.082 rows=1 loops=1)

        Index Cond: ((c_w_id = 2) AND (c_d_id = 10) AND (c_id = 1073))

Planning Time: 0.094 ms

Execution Time: 0.161 ms
Failed SQL 133: UPDATE CUSTOMER SET C_BALANCE = C_BALANCE + 36641.77, C_DELIVERY_CNT = C_DELIVERY_CNT + 1 WHERE C_W_ID = 2 AND C_D_ID = 10 AND C_ID = 1073
Error Message: Cannot invoke "java.util.List.get(int)" because the return value of "sg.edu.nus.autotune.DB2DATA.getAllIndexes()" is null


===== Query 134 =====

SQL: SELECT OL_I_ID, OL_SUPPLY_W_ID, OL_QUANTITY, OL_AMOUNT, OL_DELIVERY_D FROM ORDER_LINE WHERE OL_O_ID = 3274 AND OL_D_ID = 6 AND OL_W_ID = 1

EXPLAIN Plan:

Index Scan using order_line_pkey on order_line  (cost=0.43..43.81 rows=10 width=27) (actual time=1.382..1.387 rows=10 loops=1)

  Index Cond: ((ol_w_id = 1) AND (ol_d_id = 6) AND (ol_o_id = 3274))

Planning Time: 0.155 ms

Execution Time: 1.407 ms
Failed SQL 134: SELECT OL_I_ID, OL_SUPPLY_W_ID, OL_QUANTITY, OL_AMOUNT, OL_DELIVERY_D FROM ORDER_LINE WHERE OL_O_ID = 3274 AND OL_D_ID = 6 AND OL_W_ID = 1
Error Message: Cannot invoke "java.util.List.get(int)" because the return value of "sg.edu.nus.autotune.DB2DATA.getAllIndexes()" is null


===== Query 135 =====

SQL: SELECT C_DISCOUNT, C_LAST, C_CREDIT, W_TAX FROM CUSTOMER, WAREHOUSE WHERE W_ID = 1 AND C_W_ID = 1 AND C_D_ID = 2 AND C_ID = 327

EXPLAIN Plan:

Nested Loop  (cost=4.56..16.61 rows=1 width=26) (actual time=0.026..0.027 rows=1 loops=1)

  ->  Index Scan using customer_pkey on customer  (cost=0.42..8.44 rows=1 width=21) (actual time=0.018..0.019 rows=1 loops=1)

        Index Cond: ((c_w_id = 1) AND (c_d_id = 2) AND (c_id = 327))

  ->  Bitmap Heap Scan on warehouse  (cost=4.14..8.15 rows=1 width=5) (actual time=0.005..0.005 rows=1 loops=1)

        Recheck Cond: (w_id = 1)

        Heap Blocks: exact=1

        ->  Bitmap Index Scan on warehouse_pkey  (cost=0.00..4.14 rows=1 width=0) (actual time=0.002..0.002 rows=1 loops=1)

              Index Cond: (w_id = 1)

Planning Time: 0.079 ms

Execution Time: 0.048 ms
Failed SQL 135: SELECT C_DISCOUNT, C_LAST, C_CREDIT, W_TAX FROM CUSTOMER, WAREHOUSE WHERE W_ID = 1 AND C_W_ID = 1 AND C_D_ID = 2 AND C_ID = 327
Error Message: Cannot invoke "java.util.List.get(int)" because the return value of "sg.edu.nus.autotune.DB2DATA.getAllIndexes()" is null


===== Query 136 =====

SQL: SELECT C_DISCOUNT, C_LAST, C_CREDIT, W_TAX FROM CUSTOMER, WAREHOUSE WHERE W_ID = 2 AND C_W_ID = 2 AND C_D_ID = 8 AND C_ID = 313

EXPLAIN Plan:

Nested Loop  (cost=4.56..16.61 rows=1 width=26) (actual time=1.156..1.159 rows=1 loops=1)

  ->  Index Scan using customer_pkey on customer  (cost=0.42..8.44 rows=1 width=21) (actual time=1.137..1.138 rows=1 loops=1)

        Index Cond: ((c_w_id = 2) AND (c_d_id = 8) AND (c_id = 313))

  ->  Bitmap Heap Scan on warehouse  (cost=4.14..8.15 rows=1 width=5) (actual time=0.009..0.009 rows=1 loops=1)

        Recheck Cond: (w_id = 2)

        Heap Blocks: exact=1

        ->  Bitmap Index Scan on warehouse_pkey  (cost=0.00..4.14 rows=1 width=0) (actual time=0.005..0.005 rows=1 loops=1)

              Index Cond: (w_id = 2)

Planning Time: 0.137 ms

Execution Time: 1.197 ms
Failed SQL 136: SELECT C_DISCOUNT, C_LAST, C_CREDIT, W_TAX FROM CUSTOMER, WAREHOUSE WHERE W_ID = 2 AND C_W_ID = 2 AND C_D_ID = 8 AND C_ID = 313
Error Message: Cannot invoke "java.util.List.get(int)" because the return value of "sg.edu.nus.autotune.DB2DATA.getAllIndexes()" is null


===== Query 137 =====

SQL: SELECT D_NEXT_O_ID, D_TAX FROM DISTRICT WHERE D_W_ID = 2 AND D_ID = 8

EXPLAIN Plan:

Bitmap Heap Scan on district  (cost=4.28..11.66 rows=2 width=9) (actual time=0.018..0.019 rows=1 loops=1)

  Recheck Cond: ((d_w_id = 2) AND (d_id = 8))

  Heap Blocks: exact=1

  ->  Bitmap Index Scan on district_pkey  (cost=0.00..4.28 rows=2 width=0) (actual time=0.011..0.011 rows=1 loops=1)

        Index Cond: ((d_w_id = 2) AND (d_id = 8))

Planning Time: 0.084 ms

Execution Time: 0.047 ms
Failed SQL 137: SELECT D_NEXT_O_ID, D_TAX FROM DISTRICT WHERE D_W_ID = 2 AND D_ID = 8
Error Message: Cannot invoke "java.util.List.get(int)" because the return value of "sg.edu.nus.autotune.DB2DATA.getAllIndexes()" is null


===== Query 138 =====

SQL: UPDATE DISTRICT SET D_NEXT_O_ID = D_NEXT_O_ID + 1 WHERE D_W_ID = 2 AND D_ID = 8

EXPLAIN Plan:

Update on district  (cost=4.28..11.67 rows=0 width=0) (actual time=0.079..0.080 rows=0 loops=1)

  ->  Bitmap Heap Scan on district  (cost=4.28..11.67 rows=2 width=10) (actual time=0.018..0.019 rows=1 loops=1)

        Recheck Cond: ((d_w_id = 2) AND (d_id = 8))

        Heap Blocks: exact=1

        ->  Bitmap Index Scan on district_pkey  (cost=0.00..4.28 rows=2 width=0) (actual time=0.011..0.011 rows=1 loops=1)

              Index Cond: ((d_w_id = 2) AND (d_id = 8))

Planning Time: 0.086 ms

Execution Time: 0.111 ms
Failed SQL 138: UPDATE DISTRICT SET D_NEXT_O_ID = D_NEXT_O_ID + 1 WHERE D_W_ID = 2 AND D_ID = 8
Error Message: Cannot invoke "java.util.List.get(int)" because the return value of "sg.edu.nus.autotune.DB2DATA.getAllIndexes()" is null


===== Query 139 =====

SQL: SELECT D_NEXT_O_ID, D_TAX FROM DISTRICT WHERE D_W_ID = 1 AND D_ID = 2

EXPLAIN Plan:

Bitmap Heap Scan on district  (cost=4.28..11.66 rows=2 width=9) (actual time=0.021..0.022 rows=1 loops=1)

  Recheck Cond: ((d_w_id = 1) AND (d_id = 2))

  Heap Blocks: exact=1

  ->  Bitmap Index Scan on district_pkey  (cost=0.00..4.28 rows=2 width=0) (actual time=0.010..0.011 rows=1 loops=1)

        Index Cond: ((d_w_id = 1) AND (d_id = 2))

Planning Time: 0.083 ms

Execution Time: 0.045 ms
Failed SQL 139: SELECT D_NEXT_O_ID, D_TAX FROM DISTRICT WHERE D_W_ID = 1 AND D_ID = 2
Error Message: Cannot invoke "java.util.List.get(int)" because the return value of "sg.edu.nus.autotune.DB2DATA.getAllIndexes()" is null


===== Query 140 =====

SQL: UPDATE DISTRICT SET D_NEXT_O_ID = D_NEXT_O_ID + 1 WHERE D_W_ID = 1 AND D_ID = 2

EXPLAIN Plan:

Update on district  (cost=4.28..11.67 rows=0 width=0) (actual time=0.047..0.047 rows=0 loops=1)

  ->  Bitmap Heap Scan on district  (cost=4.28..11.67 rows=2 width=10) (actual time=0.018..0.019 rows=1 loops=1)

        Recheck Cond: ((d_w_id = 1) AND (d_id = 2))

        Heap Blocks: exact=1

        ->  Bitmap Index Scan on district_pkey  (cost=0.00..4.28 rows=2 width=0) (actual time=0.010..0.010 rows=1 loops=1)

              Index Cond: ((d_w_id = 1) AND (d_id = 2))

Planning Time: 0.087 ms

Execution Time: 0.078 ms
Failed SQL 140: UPDATE DISTRICT SET D_NEXT_O_ID = D_NEXT_O_ID + 1 WHERE D_W_ID = 1 AND D_ID = 2
Error Message: Cannot invoke "java.util.List.get(int)" because the return value of "sg.edu.nus.autotune.DB2DATA.getAllIndexes()" is null


===== Query 141 =====

SQL: SELECT I_PRICE, I_NAME , I_DATA FROM ITEM WHERE I_ID = 71905

EXPLAIN Plan:

Index Scan using item_pkey on item  (cost=0.29..8.31 rows=1 width=61) (actual time=1.008..1.011 rows=1 loops=1)

  Index Cond: (i_id = 71905)

Planning Time: 0.069 ms

Execution Time: 1.028 ms
Failed SQL 141: SELECT I_PRICE, I_NAME , I_DATA FROM ITEM WHERE I_ID = 71905
Error Message: Cannot invoke "java.util.List.get(int)" because the return value of "sg.edu.nus.autotune.DB2DATA.getAllIndexes()" is null


===== Query 142 =====

SQL: SELECT S_QUANTITY, S_DATA, S_DIST_01, S_DIST_02, S_DIST_03, S_DIST_04, S_DIST_05, S_DIST_06, S_DIST_07, S_DIST_08, S_DIST_09, S_DIST_10 FROM STOCK WHERE S_I_ID = 71905 AND S_W_ID = 2

EXPLAIN Plan:

Index Scan using stock_pkey on stock  (cost=0.42..8.44 rows=1 width=291) (actual time=1.159..1.161 rows=1 loops=1)

  Index Cond: ((s_w_id = 2) AND (s_i_id = 71905))

Planning Time: 0.091 ms

Execution Time: 1.182 ms
Failed SQL 142: SELECT S_QUANTITY, S_DATA, S_DIST_01, S_DIST_02, S_DIST_03, S_DIST_04, S_DIST_05, S_DIST_06, S_DIST_07, S_DIST_08, S_DIST_09, S_DIST_10 FROM STOCK WHERE S_I_ID = 71905 AND S_W_ID = 2
Error Message: Cannot invoke "java.util.List.get(int)" because the return value of "sg.edu.nus.autotune.DB2DATA.getAllIndexes()" is null


===== Query 143 =====

SQL: SELECT I_PRICE, I_NAME , I_DATA FROM ITEM WHERE I_ID = 40418

EXPLAIN Plan:

Index Scan using item_pkey on item  (cost=0.29..8.31 rows=1 width=61) (actual time=0.771..0.773 rows=1 loops=1)

  Index Cond: (i_id = 40418)

Planning Time: 0.074 ms

Execution Time: 0.791 ms
Failed SQL 143: SELECT I_PRICE, I_NAME , I_DATA FROM ITEM WHERE I_ID = 40418
Error Message: Cannot invoke "java.util.List.get(int)" because the return value of "sg.edu.nus.autotune.DB2DATA.getAllIndexes()" is null


===== Query 144 =====

SQL: UPDATE STOCK SET S_QUANTITY = 20, S_YTD = S_YTD + 9, S_ORDER_CNT = S_ORDER_CNT + 1, S_REMOTE_CNT = S_REMOTE_CNT + 0 WHERE S_I_ID = 71905 AND S_W_ID = 2

EXPLAIN Plan:

Update on stock  (cost=0.42..8.45 rows=0 width=0) (actual time=0.060..0.060 rows=0 loops=1)

  ->  Index Scan using stock_pkey on stock  (cost=0.42..8.45 rows=1 width=32) (actual time=0.024..0.026 rows=1 loops=1)

        Index Cond: ((s_w_id = 2) AND (s_i_id = 71905))

Planning Time: 0.101 ms

Execution Time: 0.087 ms
Failed SQL 144: UPDATE STOCK SET S_QUANTITY = 20, S_YTD = S_YTD + 9, S_ORDER_CNT = S_ORDER_CNT + 1, S_REMOTE_CNT = S_REMOTE_CNT + 0 WHERE S_I_ID = 71905 AND S_W_ID = 2
Error Message: Cannot invoke "java.util.List.get(int)" because the return value of "sg.edu.nus.autotune.DB2DATA.getAllIndexes()" is null


===== Query 145 =====

SQL: SELECT I_PRICE, I_NAME , I_DATA FROM ITEM WHERE I_ID = 48789

EXPLAIN Plan:

Index Scan using item_pkey on item  (cost=0.29..8.31 rows=1 width=61) (actual time=1.027..1.029 rows=1 loops=1)

  Index Cond: (i_id = 48789)

Planning Time: 0.076 ms

Execution Time: 1.047 ms
Failed SQL 145: SELECT I_PRICE, I_NAME , I_DATA FROM ITEM WHERE I_ID = 48789
Error Message: Cannot invoke "java.util.List.get(int)" because the return value of "sg.edu.nus.autotune.DB2DATA.getAllIndexes()" is null


===== Query 146 =====

SQL: SELECT S_QUANTITY, S_DATA, S_DIST_01, S_DIST_02, S_DIST_03, S_DIST_04, S_DIST_05, S_DIST_06, S_DIST_07, S_DIST_08, S_DIST_09, S_DIST_10 FROM STOCK WHERE S_I_ID = 48789 AND S_W_ID = 2

EXPLAIN Plan:

Index Scan using stock_pkey on stock  (cost=0.42..8.44 rows=1 width=291) (actual time=2.468..2.470 rows=1 loops=1)

  Index Cond: ((s_w_id = 2) AND (s_i_id = 48789))

Planning Time: 0.089 ms

Execution Time: 2.492 ms
Failed SQL 146: SELECT S_QUANTITY, S_DATA, S_DIST_01, S_DIST_02, S_DIST_03, S_DIST_04, S_DIST_05, S_DIST_06, S_DIST_07, S_DIST_08, S_DIST_09, S_DIST_10 FROM STOCK WHERE S_I_ID = 48789 AND S_W_ID = 2
Error Message: Cannot invoke "java.util.List.get(int)" because the return value of "sg.edu.nus.autotune.DB2DATA.getAllIndexes()" is null


===== Query 147 =====

SQL: UPDATE STOCK SET S_QUANTITY = 46, S_YTD = S_YTD + 3, S_ORDER_CNT = S_ORDER_CNT + 1, S_REMOTE_CNT = S_REMOTE_CNT + 0 WHERE S_I_ID = 48789 AND S_W_ID = 2

EXPLAIN Plan:

Update on stock  (cost=0.42..8.45 rows=0 width=0) (actual time=0.078..0.079 rows=0 loops=1)

  ->  Index Scan using stock_pkey on stock  (cost=0.42..8.45 rows=1 width=32) (actual time=0.024..0.026 rows=1 loops=1)

        Index Cond: ((s_w_id = 2) AND (s_i_id = 48789))

Planning Time: 0.100 ms

Execution Time: 0.105 ms
Failed SQL 147: UPDATE STOCK SET S_QUANTITY = 46, S_YTD = S_YTD + 3, S_ORDER_CNT = S_ORDER_CNT + 1, S_REMOTE_CNT = S_REMOTE_CNT + 0 WHERE S_I_ID = 48789 AND S_W_ID = 2
Error Message: Cannot invoke "java.util.List.get(int)" because the return value of "sg.edu.nus.autotune.DB2DATA.getAllIndexes()" is null


===== Query 148 =====

SQL: SELECT I_PRICE, I_NAME , I_DATA FROM ITEM WHERE I_ID = 1590

EXPLAIN Plan:

Index Scan using item_pkey on item  (cost=0.29..8.31 rows=1 width=61) (actual time=0.978..0.980 rows=1 loops=1)

  Index Cond: (i_id = 1590)

Planning Time: 0.070 ms

Execution Time: 0.998 ms
Failed SQL 148: SELECT I_PRICE, I_NAME , I_DATA FROM ITEM WHERE I_ID = 1590
Error Message: Cannot invoke "java.util.List.get(int)" because the return value of "sg.edu.nus.autotune.DB2DATA.getAllIndexes()" is null


===== Query 149 =====

SQL: SELECT S_QUANTITY, S_DATA, S_DIST_01, S_DIST_02, S_DIST_03, S_DIST_04, S_DIST_05, S_DIST_06, S_DIST_07, S_DIST_08, S_DIST_09, S_DIST_10 FROM STOCK WHERE S_I_ID = 1590 AND S_W_ID = 2

EXPLAIN Plan:

Index Scan using stock_pkey on stock  (cost=0.42..8.44 rows=1 width=291) (actual time=0.994..0.996 rows=1 loops=1)

  Index Cond: ((s_w_id = 2) AND (s_i_id = 1590))

Planning Time: 0.089 ms

Execution Time: 1.017 ms
Failed SQL 149: SELECT S_QUANTITY, S_DATA, S_DIST_01, S_DIST_02, S_DIST_03, S_DIST_04, S_DIST_05, S_DIST_06, S_DIST_07, S_DIST_08, S_DIST_09, S_DIST_10 FROM STOCK WHERE S_I_ID = 1590 AND S_W_ID = 2
Error Message: Cannot invoke "java.util.List.get(int)" because the return value of "sg.edu.nus.autotune.DB2DATA.getAllIndexes()" is null


===== Query 150 =====

SQL: UPDATE STOCK SET S_QUANTITY = 89, S_YTD = S_YTD + 4, S_ORDER_CNT = S_ORDER_CNT + 1, S_REMOTE_CNT = S_REMOTE_CNT + 0 WHERE S_I_ID = 1590 AND S_W_ID = 2

EXPLAIN Plan:

Update on stock  (cost=0.42..8.45 rows=0 width=0) (actual time=0.059..0.060 rows=0 loops=1)

  ->  Index Scan using stock_pkey on stock  (cost=0.42..8.45 rows=1 width=32) (actual time=0.024..0.026 rows=1 loops=1)

        Index Cond: ((s_w_id = 2) AND (s_i_id = 1590))

Planning Time: 0.093 ms

Execution Time: 0.092 ms
Failed SQL 150: UPDATE STOCK SET S_QUANTITY = 89, S_YTD = S_YTD + 4, S_ORDER_CNT = S_ORDER_CNT + 1, S_REMOTE_CNT = S_REMOTE_CNT + 0 WHERE S_I_ID = 1590 AND S_W_ID = 2
Error Message: Cannot invoke "java.util.List.get(int)" because the return value of "sg.edu.nus.autotune.DB2DATA.getAllIndexes()" is null


===== Query 151 =====

SQL: SELECT I_PRICE, I_NAME , I_DATA FROM ITEM WHERE I_ID = 40156

EXPLAIN Plan:

Index Scan using item_pkey on item  (cost=0.29..8.31 rows=1 width=61) (actual time=0.989..0.991 rows=1 loops=1)

  Index Cond: (i_id = 40156)

Planning Time: 0.073 ms

Execution Time: 1.010 ms
Failed SQL 151: SELECT I_PRICE, I_NAME , I_DATA FROM ITEM WHERE I_ID = 40156
Error Message: Cannot invoke "java.util.List.get(int)" because the return value of "sg.edu.nus.autotune.DB2DATA.getAllIndexes()" is null


===== Query 152 =====

SQL: SELECT S_QUANTITY, S_DATA, S_DIST_01, S_DIST_02, S_DIST_03, S_DIST_04, S_DIST_05, S_DIST_06, S_DIST_07, S_DIST_08, S_DIST_09, S_DIST_10 FROM STOCK WHERE S_I_ID = 40418 AND S_W_ID = 1

EXPLAIN Plan:

Index Scan using stock_pkey on stock  (cost=0.42..8.44 rows=1 width=291) (actual time=0.986..0.988 rows=1 loops=1)

  Index Cond: ((s_w_id = 1) AND (s_i_id = 40418))

Planning Time: 0.056 ms

Execution Time: 1.004 ms
Failed SQL 152: SELECT S_QUANTITY, S_DATA, S_DIST_01, S_DIST_02, S_DIST_03, S_DIST_04, S_DIST_05, S_DIST_06, S_DIST_07, S_DIST_08, S_DIST_09, S_DIST_10 FROM STOCK WHERE S_I_ID = 40418 AND S_W_ID = 1
Error Message: Cannot invoke "java.util.List.get(int)" because the return value of "sg.edu.nus.autotune.DB2DATA.getAllIndexes()" is null


===== Query 153 =====

SQL: UPDATE STOCK SET S_QUANTITY = 97, S_YTD = S_YTD + 3, S_ORDER_CNT = S_ORDER_CNT + 1, S_REMOTE_CNT = S_REMOTE_CNT + 0 WHERE S_I_ID = 40418 AND S_W_ID = 1

EXPLAIN Plan:

Update on stock  (cost=0.42..8.45 rows=0 width=0) (actual time=0.055..0.055 rows=0 loops=1)

  ->  Index Scan using stock_pkey on stock  (cost=0.42..8.45 rows=1 width=32) (actual time=0.023..0.024 rows=1 loops=1)

        Index Cond: ((s_w_id = 1) AND (s_i_id = 40418))

Planning Time: 0.100 ms

Execution Time: 0.083 ms
Failed SQL 153: UPDATE STOCK SET S_QUANTITY = 97, S_YTD = S_YTD + 3, S_ORDER_CNT = S_ORDER_CNT + 1, S_REMOTE_CNT = S_REMOTE_CNT + 0 WHERE S_I_ID = 40418 AND S_W_ID = 1
Error Message: Cannot invoke "java.util.List.get(int)" because the return value of "sg.edu.nus.autotune.DB2DATA.getAllIndexes()" is null


===== Query 154 =====

SQL: SELECT I_PRICE, I_NAME , I_DATA FROM ITEM WHERE I_ID = 81075

EXPLAIN Plan:

Index Scan using item_pkey on item  (cost=0.29..8.31 rows=1 width=61) (actual time=1.161..1.164 rows=1 loops=1)

  Index Cond: (i_id = 81075)

Planning Time: 0.069 ms

Execution Time: 1.182 ms
Failed SQL 154: SELECT I_PRICE, I_NAME , I_DATA FROM ITEM WHERE I_ID = 81075
Error Message: Cannot invoke "java.util.List.get(int)" because the return value of "sg.edu.nus.autotune.DB2DATA.getAllIndexes()" is null


===== Query 155 =====

SQL: SELECT S_QUANTITY, S_DATA, S_DIST_01, S_DIST_02, S_DIST_03, S_DIST_04, S_DIST_05, S_DIST_06, S_DIST_07, S_DIST_08, S_DIST_09, S_DIST_10 FROM STOCK WHERE S_I_ID = 81075 AND S_W_ID = 1

EXPLAIN Plan:

Index Scan using stock_pkey on stock  (cost=0.42..8.44 rows=1 width=291) (actual time=1.000..1.002 rows=1 loops=1)

  Index Cond: ((s_w_id = 1) AND (s_i_id = 81075))

Planning Time: 0.096 ms

Execution Time: 1.024 ms
Failed SQL 155: SELECT S_QUANTITY, S_DATA, S_DIST_01, S_DIST_02, S_DIST_03, S_DIST_04, S_DIST_05, S_DIST_06, S_DIST_07, S_DIST_08, S_DIST_09, S_DIST_10 FROM STOCK WHERE S_I_ID = 81075 AND S_W_ID = 1
Error Message: Cannot invoke "java.util.List.get(int)" because the return value of "sg.edu.nus.autotune.DB2DATA.getAllIndexes()" is null


===== Query 156 =====

SQL: SELECT S_QUANTITY, S_DATA, S_DIST_01, S_DIST_02, S_DIST_03, S_DIST_04, S_DIST_05, S_DIST_06, S_DIST_07, S_DIST_08, S_DIST_09, S_DIST_10 FROM STOCK WHERE S_I_ID = 40156 AND S_W_ID = 2

EXPLAIN Plan:

Index Scan using stock_pkey on stock  (cost=0.42..8.44 rows=1 width=291) (actual time=0.627..0.629 rows=1 loops=1)

  Index Cond: ((s_w_id = 2) AND (s_i_id = 40156))

Planning Time: 0.089 ms

Execution Time: 0.651 ms
Failed SQL 156: SELECT S_QUANTITY, S_DATA, S_DIST_01, S_DIST_02, S_DIST_03, S_DIST_04, S_DIST_05, S_DIST_06, S_DIST_07, S_DIST_08, S_DIST_09, S_DIST_10 FROM STOCK WHERE S_I_ID = 40156 AND S_W_ID = 2
Error Message: Cannot invoke "java.util.List.get(int)" because the return value of "sg.edu.nus.autotune.DB2DATA.getAllIndexes()" is null


===== Query 157 =====

SQL: UPDATE STOCK SET S_QUANTITY = 58, S_YTD = S_YTD + 1, S_ORDER_CNT = S_ORDER_CNT + 1, S_REMOTE_CNT = S_REMOTE_CNT + 0 WHERE S_I_ID = 40156 AND S_W_ID = 2

EXPLAIN Plan:

Update on stock  (cost=0.42..8.45 rows=0 width=0) (actual time=0.065..0.066 rows=0 loops=1)

  ->  Index Scan using stock_pkey on stock  (cost=0.42..8.45 rows=1 width=32) (actual time=0.031..0.032 rows=1 loops=1)

        Index Cond: ((s_w_id = 2) AND (s_i_id = 40156))

Planning Time: 0.101 ms

Execution Time: 0.094 ms
Failed SQL 157: UPDATE STOCK SET S_QUANTITY = 58, S_YTD = S_YTD + 1, S_ORDER_CNT = S_ORDER_CNT + 1, S_REMOTE_CNT = S_REMOTE_CNT + 0 WHERE S_I_ID = 40156 AND S_W_ID = 2
Error Message: Cannot invoke "java.util.List.get(int)" because the return value of "sg.edu.nus.autotune.DB2DATA.getAllIndexes()" is null


===== Query 158 =====

SQL: SELECT I_PRICE, I_NAME , I_DATA FROM ITEM WHERE I_ID = 81399

EXPLAIN Plan:

Index Scan using item_pkey on item  (cost=0.29..8.31 rows=1 width=61) (actual time=1.003..1.006 rows=1 loops=1)

  Index Cond: (i_id = 81399)

Planning Time: 0.071 ms

Execution Time: 1.023 ms
Failed SQL 158: SELECT I_PRICE, I_NAME , I_DATA FROM ITEM WHERE I_ID = 81399
Error Message: Cannot invoke "java.util.List.get(int)" because the return value of "sg.edu.nus.autotune.DB2DATA.getAllIndexes()" is null


===== Query 159 =====

SQL: SELECT S_QUANTITY, S_DATA, S_DIST_01, S_DIST_02, S_DIST_03, S_DIST_04, S_DIST_05, S_DIST_06, S_DIST_07, S_DIST_08, S_DIST_09, S_DIST_10 FROM STOCK WHERE S_I_ID = 81399 AND S_W_ID = 2

EXPLAIN Plan:

Index Scan using stock_pkey on stock  (cost=0.42..8.44 rows=1 width=291) (actual time=1.055..1.057 rows=1 loops=1)

  Index Cond: ((s_w_id = 2) AND (s_i_id = 81399))

Planning Time: 0.092 ms

Execution Time: 1.079 ms
Failed SQL 159: SELECT S_QUANTITY, S_DATA, S_DIST_01, S_DIST_02, S_DIST_03, S_DIST_04, S_DIST_05, S_DIST_06, S_DIST_07, S_DIST_08, S_DIST_09, S_DIST_10 FROM STOCK WHERE S_I_ID = 81399 AND S_W_ID = 2
Error Message: Cannot invoke "java.util.List.get(int)" because the return value of "sg.edu.nus.autotune.DB2DATA.getAllIndexes()" is null


===== Query 160 =====

SQL: UPDATE STOCK SET S_QUANTITY = 32, S_YTD = S_YTD + 2, S_ORDER_CNT = S_ORDER_CNT + 1, S_REMOTE_CNT = S_REMOTE_CNT + 0 WHERE S_I_ID = 81399 AND S_W_ID = 2

EXPLAIN Plan:

Update on stock  (cost=0.42..8.45 rows=0 width=0) (actual time=0.093..0.093 rows=0 loops=1)

  ->  Index Scan using stock_pkey on stock  (cost=0.42..8.45 rows=1 width=32) (actual time=0.025..0.026 rows=1 loops=1)

        Index Cond: ((s_w_id = 2) AND (s_i_id = 81399))

Planning Time: 0.100 ms

Execution Time: 0.121 ms
Failed SQL 160: UPDATE STOCK SET S_QUANTITY = 32, S_YTD = S_YTD + 2, S_ORDER_CNT = S_ORDER_CNT + 1, S_REMOTE_CNT = S_REMOTE_CNT + 0 WHERE S_I_ID = 81399 AND S_W_ID = 2
Error Message: Cannot invoke "java.util.List.get(int)" because the return value of "sg.edu.nus.autotune.DB2DATA.getAllIndexes()" is null


===== Query 161 =====

SQL: SELECT I_PRICE, I_NAME , I_DATA FROM ITEM WHERE I_ID = 31969

EXPLAIN Plan:

Index Scan using item_pkey on item  (cost=0.29..8.31 rows=1 width=61) (actual time=1.031..1.033 rows=1 loops=1)

  Index Cond: (i_id = 31969)

Planning Time: 0.075 ms

Execution Time: 1.054 ms
Failed SQL 161: SELECT I_PRICE, I_NAME , I_DATA FROM ITEM WHERE I_ID = 31969
Error Message: Cannot invoke "java.util.List.get(int)" because the return value of "sg.edu.nus.autotune.DB2DATA.getAllIndexes()" is null


===== Query 162 =====

SQL: UPDATE STOCK SET S_QUANTITY = 81, S_YTD = S_YTD + 9, S_ORDER_CNT = S_ORDER_CNT + 1, S_REMOTE_CNT = S_REMOTE_CNT + 0 WHERE S_I_ID = 81075 AND S_W_ID = 1

EXPLAIN Plan:

Update on stock  (cost=0.42..8.45 rows=0 width=0) (actual time=0.058..0.058 rows=0 loops=1)

  ->  Index Scan using stock_pkey on stock  (cost=0.42..8.45 rows=1 width=32) (actual time=0.024..0.026 rows=1 loops=1)

        Index Cond: ((s_w_id = 1) AND (s_i_id = 81075))

Planning Time: 0.103 ms

Execution Time: 0.086 ms
Failed SQL 162: UPDATE STOCK SET S_QUANTITY = 81, S_YTD = S_YTD + 9, S_ORDER_CNT = S_ORDER_CNT + 1, S_REMOTE_CNT = S_REMOTE_CNT + 0 WHERE S_I_ID = 81075 AND S_W_ID = 1
Error Message: Cannot invoke "java.util.List.get(int)" because the return value of "sg.edu.nus.autotune.DB2DATA.getAllIndexes()" is null


===== Query 163 =====

SQL: SELECT I_PRICE, I_NAME , I_DATA FROM ITEM WHERE I_ID = 32409

EXPLAIN Plan:

Index Scan using item_pkey on item  (cost=0.29..8.31 rows=1 width=61) (actual time=1.187..1.189 rows=1 loops=1)

  Index Cond: (i_id = 32409)

Planning Time: 0.074 ms

Execution Time: 1.207 ms
Failed SQL 163: SELECT I_PRICE, I_NAME , I_DATA FROM ITEM WHERE I_ID = 32409
Error Message: Cannot invoke "java.util.List.get(int)" because the return value of "sg.edu.nus.autotune.DB2DATA.getAllIndexes()" is null


===== Query 164 =====

SQL: SELECT S_QUANTITY, S_DATA, S_DIST_01, S_DIST_02, S_DIST_03, S_DIST_04, S_DIST_05, S_DIST_06, S_DIST_07, S_DIST_08, S_DIST_09, S_DIST_10 FROM STOCK WHERE S_I_ID = 32409 AND S_W_ID = 1

EXPLAIN Plan:

Index Scan using stock_pkey on stock  (cost=0.42..8.44 rows=1 width=291) (actual time=1.078..1.080 rows=1 loops=1)

  Index Cond: ((s_w_id = 1) AND (s_i_id = 32409))

Planning Time: 0.092 ms

Execution Time: 1.102 ms
Failed SQL 164: SELECT S_QUANTITY, S_DATA, S_DIST_01, S_DIST_02, S_DIST_03, S_DIST_04, S_DIST_05, S_DIST_06, S_DIST_07, S_DIST_08, S_DIST_09, S_DIST_10 FROM STOCK WHERE S_I_ID = 32409 AND S_W_ID = 1
Error Message: Cannot invoke "java.util.List.get(int)" because the return value of "sg.edu.nus.autotune.DB2DATA.getAllIndexes()" is null


===== Query 165 =====

SQL: SELECT S_QUANTITY, S_DATA, S_DIST_01, S_DIST_02, S_DIST_03, S_DIST_04, S_DIST_05, S_DIST_06, S_DIST_07, S_DIST_08, S_DIST_09, S_DIST_10 FROM STOCK WHERE S_I_ID = 31969 AND S_W_ID = 2

EXPLAIN Plan:

Index Scan using stock_pkey on stock  (cost=0.42..8.44 rows=1 width=291) (actual time=1.075..1.077 rows=1 loops=1)

  Index Cond: ((s_w_id = 2) AND (s_i_id = 31969))

Planning Time: 0.094 ms

Execution Time: 1.101 ms
Failed SQL 165: SELECT S_QUANTITY, S_DATA, S_DIST_01, S_DIST_02, S_DIST_03, S_DIST_04, S_DIST_05, S_DIST_06, S_DIST_07, S_DIST_08, S_DIST_09, S_DIST_10 FROM STOCK WHERE S_I_ID = 31969 AND S_W_ID = 2
Error Message: Cannot invoke "java.util.List.get(int)" because the return value of "sg.edu.nus.autotune.DB2DATA.getAllIndexes()" is null


===== Query 166 =====

SQL: UPDATE STOCK SET S_QUANTITY = 99, S_YTD = S_YTD + 3, S_ORDER_CNT = S_ORDER_CNT + 1, S_REMOTE_CNT = S_REMOTE_CNT + 0 WHERE S_I_ID = 32409 AND S_W_ID = 1

EXPLAIN Plan:

Update on stock  (cost=0.42..8.45 rows=0 width=0) (actual time=0.099..0.100 rows=0 loops=1)

  ->  Index Scan using stock_pkey on stock  (cost=0.42..8.45 rows=1 width=32) (actual time=0.027..0.029 rows=1 loops=1)

        Index Cond: ((s_w_id = 1) AND (s_i_id = 32409))

Planning Time: 0.099 ms

Execution Time: 0.127 ms
Failed SQL 166: UPDATE STOCK SET S_QUANTITY = 99, S_YTD = S_YTD + 3, S_ORDER_CNT = S_ORDER_CNT + 1, S_REMOTE_CNT = S_REMOTE_CNT + 0 WHERE S_I_ID = 32409 AND S_W_ID = 1
Error Message: Cannot invoke "java.util.List.get(int)" because the return value of "sg.edu.nus.autotune.DB2DATA.getAllIndexes()" is null


===== Query 167 =====

SQL: SELECT I_PRICE, I_NAME , I_DATA FROM ITEM WHERE I_ID = 15335

EXPLAIN Plan:

Index Scan using item_pkey on item  (cost=0.29..8.31 rows=1 width=61) (actual time=0.800..0.802 rows=1 loops=1)

  Index Cond: (i_id = 15335)

Planning Time: 0.077 ms

Execution Time: 0.820 ms
Failed SQL 167: SELECT I_PRICE, I_NAME , I_DATA FROM ITEM WHERE I_ID = 15335
Error Message: Cannot invoke "java.util.List.get(int)" because the return value of "sg.edu.nus.autotune.DB2DATA.getAllIndexes()" is null


===== Query 168 =====

SQL: SELECT S_QUANTITY, S_DATA, S_DIST_01, S_DIST_02, S_DIST_03, S_DIST_04, S_DIST_05, S_DIST_06, S_DIST_07, S_DIST_08, S_DIST_09, S_DIST_10 FROM STOCK WHERE S_I_ID = 15335 AND S_W_ID = 1

EXPLAIN Plan:

Index Scan using stock_pkey on stock  (cost=0.42..8.44 rows=1 width=291) (actual time=0.767..0.769 rows=1 loops=1)

  Index Cond: ((s_w_id = 1) AND (s_i_id = 15335))

Planning Time: 0.094 ms

Execution Time: 0.792 ms
Failed SQL 168: SELECT S_QUANTITY, S_DATA, S_DIST_01, S_DIST_02, S_DIST_03, S_DIST_04, S_DIST_05, S_DIST_06, S_DIST_07, S_DIST_08, S_DIST_09, S_DIST_10 FROM STOCK WHERE S_I_ID = 15335 AND S_W_ID = 1
Error Message: Cannot invoke "java.util.List.get(int)" because the return value of "sg.edu.nus.autotune.DB2DATA.getAllIndexes()" is null


===== Query 169 =====

SQL: UPDATE STOCK SET S_QUANTITY = 70, S_YTD = S_YTD + 1, S_ORDER_CNT = S_ORDER_CNT + 1, S_REMOTE_CNT = S_REMOTE_CNT + 0 WHERE S_I_ID = 15335 AND S_W_ID = 1

EXPLAIN Plan:

Update on stock  (cost=0.42..8.45 rows=0 width=0) (actual time=0.059..0.059 rows=0 loops=1)

  ->  Index Scan using stock_pkey on stock  (cost=0.42..8.45 rows=1 width=32) (actual time=0.024..0.026 rows=1 loops=1)

        Index Cond: ((s_w_id = 1) AND (s_i_id = 15335))

Planning Time: 0.100 ms

Execution Time: 0.087 ms
Failed SQL 169: UPDATE STOCK SET S_QUANTITY = 70, S_YTD = S_YTD + 1, S_ORDER_CNT = S_ORDER_CNT + 1, S_REMOTE_CNT = S_REMOTE_CNT + 0 WHERE S_I_ID = 15335 AND S_W_ID = 1
Error Message: Cannot invoke "java.util.List.get(int)" because the return value of "sg.edu.nus.autotune.DB2DATA.getAllIndexes()" is null


===== Query 170 =====

SQL: SELECT I_PRICE, I_NAME , I_DATA FROM ITEM WHERE I_ID = 23493

EXPLAIN Plan:

Index Scan using item_pkey on item  (cost=0.29..8.31 rows=1 width=61) (actual time=0.821..0.823 rows=1 loops=1)

  Index Cond: (i_id = 23493)

Planning Time: 0.069 ms

Execution Time: 0.841 ms
Failed SQL 170: SELECT I_PRICE, I_NAME , I_DATA FROM ITEM WHERE I_ID = 23493
Error Message: Cannot invoke "java.util.List.get(int)" because the return value of "sg.edu.nus.autotune.DB2DATA.getAllIndexes()" is null


===== Query 171 =====

SQL: UPDATE STOCK SET S_QUANTITY = 71, S_YTD = S_YTD + 8, S_ORDER_CNT = S_ORDER_CNT + 1, S_REMOTE_CNT = S_REMOTE_CNT + 0 WHERE S_I_ID = 31969 AND S_W_ID = 2

EXPLAIN Plan:

Update on stock  (cost=0.42..8.45 rows=0 width=0) (actual time=0.082..0.083 rows=0 loops=1)

  ->  Index Scan using stock_pkey on stock  (cost=0.42..8.45 rows=1 width=32) (actual time=0.024..0.026 rows=1 loops=1)

        Index Cond: ((s_w_id = 2) AND (s_i_id = 31969))

Planning Time: 0.097 ms

Execution Time: 0.110 ms
Failed SQL 171: UPDATE STOCK SET S_QUANTITY = 71, S_YTD = S_YTD + 8, S_ORDER_CNT = S_ORDER_CNT + 1, S_REMOTE_CNT = S_REMOTE_CNT + 0 WHERE S_I_ID = 31969 AND S_W_ID = 2
Error Message: Cannot invoke "java.util.List.get(int)" because the return value of "sg.edu.nus.autotune.DB2DATA.getAllIndexes()" is null


===== Query 172 =====

SQL: SELECT I_PRICE, I_NAME , I_DATA FROM ITEM WHERE I_ID = 56158

EXPLAIN Plan:

Index Scan using item_pkey on item  (cost=0.29..8.31 rows=1 width=61) (actual time=0.526..0.528 rows=1 loops=1)

  Index Cond: (i_id = 56158)

Planning Time: 0.074 ms

Execution Time: 0.546 ms
Failed SQL 172: SELECT I_PRICE, I_NAME , I_DATA FROM ITEM WHERE I_ID = 56158
Error Message: Cannot invoke "java.util.List.get(int)" because the return value of "sg.edu.nus.autotune.DB2DATA.getAllIndexes()" is null


===== Query 173 =====

SQL: SELECT S_QUANTITY, S_DATA, S_DIST_01, S_DIST_02, S_DIST_03, S_DIST_04, S_DIST_05, S_DIST_06, S_DIST_07, S_DIST_08, S_DIST_09, S_DIST_10 FROM STOCK WHERE S_I_ID = 56158 AND S_W_ID = 2

EXPLAIN Plan:

Index Scan using stock_pkey on stock  (cost=0.42..8.44 rows=1 width=291) (actual time=0.993..0.995 rows=1 loops=1)

  Index Cond: ((s_w_id = 2) AND (s_i_id = 56158))

Planning Time: 0.094 ms

Execution Time: 1.017 ms
Failed SQL 173: SELECT S_QUANTITY, S_DATA, S_DIST_01, S_DIST_02, S_DIST_03, S_DIST_04, S_DIST_05, S_DIST_06, S_DIST_07, S_DIST_08, S_DIST_09, S_DIST_10 FROM STOCK WHERE S_I_ID = 56158 AND S_W_ID = 2
Error Message: Cannot invoke "java.util.List.get(int)" because the return value of "sg.edu.nus.autotune.DB2DATA.getAllIndexes()" is null


===== Query 174 =====

SQL: UPDATE STOCK SET S_QUANTITY = 76, S_YTD = S_YTD + 1, S_ORDER_CNT = S_ORDER_CNT + 1, S_REMOTE_CNT = S_REMOTE_CNT + 0 WHERE S_I_ID = 56158 AND S_W_ID = 2

EXPLAIN Plan:

Update on stock  (cost=0.42..8.45 rows=0 width=0) (actual time=0.055..0.056 rows=0 loops=1)

  ->  Index Scan using stock_pkey on stock  (cost=0.42..8.45 rows=1 width=32) (actual time=0.023..0.024 rows=1 loops=1)

        Index Cond: ((s_w_id = 2) AND (s_i_id = 56158))

Planning Time: 0.103 ms

Execution Time: 0.082 ms
Failed SQL 174: UPDATE STOCK SET S_QUANTITY = 76, S_YTD = S_YTD + 1, S_ORDER_CNT = S_ORDER_CNT + 1, S_REMOTE_CNT = S_REMOTE_CNT + 0 WHERE S_I_ID = 56158 AND S_W_ID = 2
Error Message: Cannot invoke "java.util.List.get(int)" because the return value of "sg.edu.nus.autotune.DB2DATA.getAllIndexes()" is null


===== Query 175 =====

SQL: SELECT I_PRICE, I_NAME , I_DATA FROM ITEM WHERE I_ID = 15587

EXPLAIN Plan:

Index Scan using item_pkey on item  (cost=0.29..8.31 rows=1 width=61) (actual time=1.021..1.023 rows=1 loops=1)

  Index Cond: (i_id = 15587)

Planning Time: 0.072 ms

Execution Time: 1.040 ms
Failed SQL 175: SELECT I_PRICE, I_NAME , I_DATA FROM ITEM WHERE I_ID = 15587
Error Message: Cannot invoke "java.util.List.get(int)" because the return value of "sg.edu.nus.autotune.DB2DATA.getAllIndexes()" is null


===== Query 176 =====

SQL: SELECT S_QUANTITY, S_DATA, S_DIST_01, S_DIST_02, S_DIST_03, S_DIST_04, S_DIST_05, S_DIST_06, S_DIST_07, S_DIST_08, S_DIST_09, S_DIST_10 FROM STOCK WHERE S_I_ID = 23493 AND S_W_ID = 1

EXPLAIN Plan:

Index Scan using stock_pkey on stock  (cost=0.42..8.44 rows=1 width=291) (actual time=0.770..0.772 rows=1 loops=1)

  Index Cond: ((s_w_id = 1) AND (s_i_id = 23493))

Planning Time: 0.091 ms

Execution Time: 0.793 ms
Failed SQL 176: SELECT S_QUANTITY, S_DATA, S_DIST_01, S_DIST_02, S_DIST_03, S_DIST_04, S_DIST_05, S_DIST_06, S_DIST_07, S_DIST_08, S_DIST_09, S_DIST_10 FROM STOCK WHERE S_I_ID = 23493 AND S_W_ID = 1
Error Message: Cannot invoke "java.util.List.get(int)" because the return value of "sg.edu.nus.autotune.DB2DATA.getAllIndexes()" is null


===== Query 177 =====

SQL: SELECT S_QUANTITY, S_DATA, S_DIST_01, S_DIST_02, S_DIST_03, S_DIST_04, S_DIST_05, S_DIST_06, S_DIST_07, S_DIST_08, S_DIST_09, S_DIST_10 FROM STOCK WHERE S_I_ID = 15587 AND S_W_ID = 2

EXPLAIN Plan:

Index Scan using stock_pkey on stock  (cost=0.42..8.44 rows=1 width=291) (actual time=0.818..0.820 rows=1 loops=1)

  Index Cond: ((s_w_id = 2) AND (s_i_id = 15587))

Planning Time: 0.092 ms

Execution Time: 0.843 ms
Failed SQL 177: SELECT S_QUANTITY, S_DATA, S_DIST_01, S_DIST_02, S_DIST_03, S_DIST_04, S_DIST_05, S_DIST_06, S_DIST_07, S_DIST_08, S_DIST_09, S_DIST_10 FROM STOCK WHERE S_I_ID = 15587 AND S_W_ID = 2
Error Message: Cannot invoke "java.util.List.get(int)" because the return value of "sg.edu.nus.autotune.DB2DATA.getAllIndexes()" is null


===== Query 178 =====

SQL: UPDATE STOCK SET S_QUANTITY = 45, S_YTD = S_YTD + 6, S_ORDER_CNT = S_ORDER_CNT + 1, S_REMOTE_CNT = S_REMOTE_CNT + 0 WHERE S_I_ID = 15587 AND S_W_ID = 2

EXPLAIN Plan:

Update on stock  (cost=0.42..8.45 rows=0 width=0) (actual time=0.087..0.088 rows=0 loops=1)

  ->  Index Scan using stock_pkey on stock  (cost=0.42..8.45 rows=1 width=32) (actual time=0.024..0.026 rows=1 loops=1)

        Index Cond: ((s_w_id = 2) AND (s_i_id = 15587))

Planning Time: 0.098 ms

Execution Time: 0.115 ms
Failed SQL 178: UPDATE STOCK SET S_QUANTITY = 45, S_YTD = S_YTD + 6, S_ORDER_CNT = S_ORDER_CNT + 1, S_REMOTE_CNT = S_REMOTE_CNT + 0 WHERE S_I_ID = 15587 AND S_W_ID = 2
Error Message: Cannot invoke "java.util.List.get(int)" because the return value of "sg.edu.nus.autotune.DB2DATA.getAllIndexes()" is null


===== Query 179 =====

SQL: SELECT I_PRICE, I_NAME , I_DATA FROM ITEM WHERE I_ID = 80999

EXPLAIN Plan:

Index Scan using item_pkey on item  (cost=0.29..8.31 rows=1 width=61) (actual time=0.782..0.784 rows=1 loops=1)

  Index Cond: (i_id = 80999)

Planning Time: 0.069 ms

Execution Time: 0.802 ms
Failed SQL 179: SELECT I_PRICE, I_NAME , I_DATA FROM ITEM WHERE I_ID = 80999
Error Message: Cannot invoke "java.util.List.get(int)" because the return value of "sg.edu.nus.autotune.DB2DATA.getAllIndexes()" is null


===== Query 180 =====

SQL: SELECT S_QUANTITY, S_DATA, S_DIST_01, S_DIST_02, S_DIST_03, S_DIST_04, S_DIST_05, S_DIST_06, S_DIST_07, S_DIST_08, S_DIST_09, S_DIST_10 FROM STOCK WHERE S_I_ID = 80999 AND S_W_ID = 2

EXPLAIN Plan:

Index Scan using stock_pkey on stock  (cost=0.42..8.44 rows=1 width=291) (actual time=1.162..1.164 rows=1 loops=1)

  Index Cond: ((s_w_id = 2) AND (s_i_id = 80999))

Planning Time: 0.089 ms

Execution Time: 1.187 ms
Failed SQL 180: SELECT S_QUANTITY, S_DATA, S_DIST_01, S_DIST_02, S_DIST_03, S_DIST_04, S_DIST_05, S_DIST_06, S_DIST_07, S_DIST_08, S_DIST_09, S_DIST_10 FROM STOCK WHERE S_I_ID = 80999 AND S_W_ID = 2
Error Message: Cannot invoke "java.util.List.get(int)" because the return value of "sg.edu.nus.autotune.DB2DATA.getAllIndexes()" is null


===== Query 181 =====

SQL: UPDATE STOCK SET S_QUANTITY = 96, S_YTD = S_YTD + 4, S_ORDER_CNT = S_ORDER_CNT + 1, S_REMOTE_CNT = S_REMOTE_CNT + 0 WHERE S_I_ID = 80999 AND S_W_ID = 2

EXPLAIN Plan:

Update on stock  (cost=0.42..8.45 rows=0 width=0) (actual time=0.084..0.084 rows=0 loops=1)

  ->  Index Scan using stock_pkey on stock  (cost=0.42..8.45 rows=1 width=32) (actual time=0.024..0.026 rows=1 loops=1)

        Index Cond: ((s_w_id = 2) AND (s_i_id = 80999))

Planning Time: 0.098 ms

Execution Time: 0.111 ms
Failed SQL 181: UPDATE STOCK SET S_QUANTITY = 96, S_YTD = S_YTD + 4, S_ORDER_CNT = S_ORDER_CNT + 1, S_REMOTE_CNT = S_REMOTE_CNT + 0 WHERE S_I_ID = 80999 AND S_W_ID = 2
Error Message: Cannot invoke "java.util.List.get(int)" because the return value of "sg.edu.nus.autotune.DB2DATA.getAllIndexes()" is null


===== Query 182 =====

SQL: SELECT I_PRICE, I_NAME , I_DATA FROM ITEM WHERE I_ID = 10961

EXPLAIN Plan:

Index Scan using item_pkey on item  (cost=0.29..8.31 rows=1 width=61) (actual time=1.172..1.174 rows=1 loops=1)

  Index Cond: (i_id = 10961)

Planning Time: 0.070 ms

Execution Time: 1.193 ms
Failed SQL 182: SELECT I_PRICE, I_NAME , I_DATA FROM ITEM WHERE I_ID = 10961
Error Message: Cannot invoke "java.util.List.get(int)" because the return value of "sg.edu.nus.autotune.DB2DATA.getAllIndexes()" is null


===== Query 183 =====

SQL: SELECT S_QUANTITY, S_DATA, S_DIST_01, S_DIST_02, S_DIST_03, S_DIST_04, S_DIST_05, S_DIST_06, S_DIST_07, S_DIST_08, S_DIST_09, S_DIST_10 FROM STOCK WHERE S_I_ID = 10961 AND S_W_ID = 2

EXPLAIN Plan:

Index Scan using stock_pkey on stock  (cost=0.42..8.44 rows=1 width=291) (actual time=0.512..0.514 rows=1 loops=1)

  Index Cond: ((s_w_id = 2) AND (s_i_id = 10961))

Planning Time: 0.095 ms

Execution Time: 0.538 ms
Failed SQL 183: SELECT S_QUANTITY, S_DATA, S_DIST_01, S_DIST_02, S_DIST_03, S_DIST_04, S_DIST_05, S_DIST_06, S_DIST_07, S_DIST_08, S_DIST_09, S_DIST_10 FROM STOCK WHERE S_I_ID = 10961 AND S_W_ID = 2
Error Message: Cannot invoke "java.util.List.get(int)" because the return value of "sg.edu.nus.autotune.DB2DATA.getAllIndexes()" is null


===== Query 184 =====

SQL: UPDATE STOCK SET S_QUANTITY = 52, S_YTD = S_YTD + 4, S_ORDER_CNT = S_ORDER_CNT + 1, S_REMOTE_CNT = S_REMOTE_CNT + 0 WHERE S_I_ID = 23493 AND S_W_ID = 1

EXPLAIN Plan:

Update on stock  (cost=0.42..8.45 rows=0 width=0) (actual time=0.073..0.073 rows=0 loops=1)

  ->  Index Scan using stock_pkey on stock  (cost=0.42..8.45 rows=1 width=32) (actual time=0.037..0.038 rows=1 loops=1)

        Index Cond: ((s_w_id = 1) AND (s_i_id = 23493))

Planning Time: 0.099 ms

Execution Time: 0.100 ms
Failed SQL 184: UPDATE STOCK SET S_QUANTITY = 52, S_YTD = S_YTD + 4, S_ORDER_CNT = S_ORDER_CNT + 1, S_REMOTE_CNT = S_REMOTE_CNT + 0 WHERE S_I_ID = 23493 AND S_W_ID = 1
Error Message: Cannot invoke "java.util.List.get(int)" because the return value of "sg.edu.nus.autotune.DB2DATA.getAllIndexes()" is null


===== Query 185 =====

SQL: SELECT I_PRICE, I_NAME , I_DATA FROM ITEM WHERE I_ID = 12163

EXPLAIN Plan:

Index Scan using item_pkey on item  (cost=0.29..8.31 rows=1 width=61) (actual time=0.997..0.999 rows=1 loops=1)

  Index Cond: (i_id = 12163)

Planning Time: 0.045 ms

Execution Time: 1.013 ms
Failed SQL 185: SELECT I_PRICE, I_NAME , I_DATA FROM ITEM WHERE I_ID = 12163
Error Message: Cannot invoke "java.util.List.get(int)" because the return value of "sg.edu.nus.autotune.DB2DATA.getAllIndexes()" is null


===== Query 186 =====

SQL: UPDATE STOCK SET S_QUANTITY = 14, S_YTD = S_YTD + 1, S_ORDER_CNT = S_ORDER_CNT + 1, S_REMOTE_CNT = S_REMOTE_CNT + 0 WHERE S_I_ID = 10961 AND S_W_ID = 2

EXPLAIN Plan:

Update on stock  (cost=0.42..8.45 rows=0 width=0) (actual time=0.058..0.059 rows=0 loops=1)

  ->  Index Scan using stock_pkey on stock  (cost=0.42..8.45 rows=1 width=32) (actual time=0.026..0.027 rows=1 loops=1)

        Index Cond: ((s_w_id = 2) AND (s_i_id = 10961))

Planning Time: 0.098 ms

Execution Time: 0.085 ms
Failed SQL 186: UPDATE STOCK SET S_QUANTITY = 14, S_YTD = S_YTD + 1, S_ORDER_CNT = S_ORDER_CNT + 1, S_REMOTE_CNT = S_REMOTE_CNT + 0 WHERE S_I_ID = 10961 AND S_W_ID = 2
Error Message: Cannot invoke "java.util.List.get(int)" because the return value of "sg.edu.nus.autotune.DB2DATA.getAllIndexes()" is null


===== Query 187 =====

SQL: SELECT I_PRICE, I_NAME , I_DATA FROM ITEM WHERE I_ID = 41830

EXPLAIN Plan:

Index Scan using item_pkey on item  (cost=0.29..8.31 rows=1 width=61) (actual time=0.991..0.993 rows=1 loops=1)

  Index Cond: (i_id = 41830)

Planning Time: 0.078 ms

Execution Time: 1.011 ms
Failed SQL 187: SELECT I_PRICE, I_NAME , I_DATA FROM ITEM WHERE I_ID = 41830
Error Message: Cannot invoke "java.util.List.get(int)" because the return value of "sg.edu.nus.autotune.DB2DATA.getAllIndexes()" is null


===== Query 188 =====

SQL: SELECT S_QUANTITY, S_DATA, S_DIST_01, S_DIST_02, S_DIST_03, S_DIST_04, S_DIST_05, S_DIST_06, S_DIST_07, S_DIST_08, S_DIST_09, S_DIST_10 FROM STOCK WHERE S_I_ID = 12163 AND S_W_ID = 1

EXPLAIN Plan:

Index Scan using stock_pkey on stock  (cost=0.42..8.44 rows=1 width=291) (actual time=1.012..1.014 rows=1 loops=1)

  Index Cond: ((s_w_id = 1) AND (s_i_id = 12163))

Planning Time: 0.102 ms

Execution Time: 1.036 ms
Failed SQL 188: SELECT S_QUANTITY, S_DATA, S_DIST_01, S_DIST_02, S_DIST_03, S_DIST_04, S_DIST_05, S_DIST_06, S_DIST_07, S_DIST_08, S_DIST_09, S_DIST_10 FROM STOCK WHERE S_I_ID = 12163 AND S_W_ID = 1
Error Message: Cannot invoke "java.util.List.get(int)" because the return value of "sg.edu.nus.autotune.DB2DATA.getAllIndexes()" is null


===== Query 189 =====

SQL: SELECT S_QUANTITY, S_DATA, S_DIST_01, S_DIST_02, S_DIST_03, S_DIST_04, S_DIST_05, S_DIST_06, S_DIST_07, S_DIST_08, S_DIST_09, S_DIST_10 FROM STOCK WHERE S_I_ID = 41830 AND S_W_ID = 2

EXPLAIN Plan:

Index Scan using stock_pkey on stock  (cost=0.42..8.44 rows=1 width=291) (actual time=1.178..1.181 rows=1 loops=1)

  Index Cond: ((s_w_id = 2) AND (s_i_id = 41830))

Planning Time: 0.090 ms

Execution Time: 1.204 ms
Failed SQL 189: SELECT S_QUANTITY, S_DATA, S_DIST_01, S_DIST_02, S_DIST_03, S_DIST_04, S_DIST_05, S_DIST_06, S_DIST_07, S_DIST_08, S_DIST_09, S_DIST_10 FROM STOCK WHERE S_I_ID = 41830 AND S_W_ID = 2
Error Message: Cannot invoke "java.util.List.get(int)" because the return value of "sg.edu.nus.autotune.DB2DATA.getAllIndexes()" is null


===== Query 190 =====

SQL: UPDATE STOCK SET S_QUANTITY = 60, S_YTD = S_YTD + 6, S_ORDER_CNT = S_ORDER_CNT + 1, S_REMOTE_CNT = S_REMOTE_CNT + 0 WHERE S_I_ID = 41830 AND S_W_ID = 2

EXPLAIN Plan:

Update on stock  (cost=0.42..8.45 rows=0 width=0) (actual time=0.056..0.056 rows=0 loops=1)

  ->  Index Scan using stock_pkey on stock  (cost=0.42..8.45 rows=1 width=32) (actual time=0.023..0.025 rows=1 loops=1)

        Index Cond: ((s_w_id = 2) AND (s_i_id = 41830))

Planning Time: 0.098 ms

Execution Time: 0.083 ms
Failed SQL 190: UPDATE STOCK SET S_QUANTITY = 60, S_YTD = S_YTD + 6, S_ORDER_CNT = S_ORDER_CNT + 1, S_REMOTE_CNT = S_REMOTE_CNT + 0 WHERE S_I_ID = 41830 AND S_W_ID = 2
Error Message: Cannot invoke "java.util.List.get(int)" because the return value of "sg.edu.nus.autotune.DB2DATA.getAllIndexes()" is null


===== Query 191 =====

SQL: SELECT I_PRICE, I_NAME , I_DATA FROM ITEM WHERE I_ID = 27735

EXPLAIN Plan:

Index Scan using item_pkey on item  (cost=0.29..8.31 rows=1 width=61) (actual time=1.151..1.153 rows=1 loops=1)

  Index Cond: (i_id = 27735)

Planning Time: 0.071 ms

Execution Time: 1.172 ms
Failed SQL 191: SELECT I_PRICE, I_NAME , I_DATA FROM ITEM WHERE I_ID = 27735
Error Message: Cannot invoke "java.util.List.get(int)" because the return value of "sg.edu.nus.autotune.DB2DATA.getAllIndexes()" is null


===== Query 192 =====

SQL: SELECT S_QUANTITY, S_DATA, S_DIST_01, S_DIST_02, S_DIST_03, S_DIST_04, S_DIST_05, S_DIST_06, S_DIST_07, S_DIST_08, S_DIST_09, S_DIST_10 FROM STOCK WHERE S_I_ID = 27735 AND S_W_ID = 2

EXPLAIN Plan:

Index Scan using stock_pkey on stock  (cost=0.42..8.44 rows=1 width=291) (actual time=1.015..1.017 rows=1 loops=1)

  Index Cond: ((s_w_id = 2) AND (s_i_id = 27735))

Planning Time: 0.095 ms

Execution Time: 1.037 ms
Failed SQL 192: SELECT S_QUANTITY, S_DATA, S_DIST_01, S_DIST_02, S_DIST_03, S_DIST_04, S_DIST_05, S_DIST_06, S_DIST_07, S_DIST_08, S_DIST_09, S_DIST_10 FROM STOCK WHERE S_I_ID = 27735 AND S_W_ID = 2
Error Message: Cannot invoke "java.util.List.get(int)" because the return value of "sg.edu.nus.autotune.DB2DATA.getAllIndexes()" is null


===== Query 193 =====

SQL: UPDATE STOCK SET S_QUANTITY = 19, S_YTD = S_YTD + 5, S_ORDER_CNT = S_ORDER_CNT + 1, S_REMOTE_CNT = S_REMOTE_CNT + 0 WHERE S_I_ID = 27735 AND S_W_ID = 2

EXPLAIN Plan:

Update on stock  (cost=0.42..8.45 rows=0 width=0) (actual time=0.056..0.057 rows=0 loops=1)

  ->  Index Scan using stock_pkey on stock  (cost=0.42..8.45 rows=1 width=32) (actual time=0.024..0.025 rows=1 loops=1)

        Index Cond: ((s_w_id = 2) AND (s_i_id = 27735))

Planning Time: 0.098 ms

Execution Time: 0.084 ms
Failed SQL 193: UPDATE STOCK SET S_QUANTITY = 19, S_YTD = S_YTD + 5, S_ORDER_CNT = S_ORDER_CNT + 1, S_REMOTE_CNT = S_REMOTE_CNT + 0 WHERE S_I_ID = 27735 AND S_W_ID = 2
Error Message: Cannot invoke "java.util.List.get(int)" because the return value of "sg.edu.nus.autotune.DB2DATA.getAllIndexes()" is null


===== Query 194 =====

SQL: SELECT I_PRICE, I_NAME , I_DATA FROM ITEM WHERE I_ID = 16035

EXPLAIN Plan:

Index Scan using item_pkey on item  (cost=0.29..8.31 rows=1 width=61) (actual time=0.811..0.813 rows=1 loops=1)

  Index Cond: (i_id = 16035)

Planning Time: 0.071 ms

Execution Time: 0.830 ms
Failed SQL 194: SELECT I_PRICE, I_NAME , I_DATA FROM ITEM WHERE I_ID = 16035
Error Message: Cannot invoke "java.util.List.get(int)" because the return value of "sg.edu.nus.autotune.DB2DATA.getAllIndexes()" is null


===== Query 195 =====

SQL: SELECT S_QUANTITY, S_DATA, S_DIST_01, S_DIST_02, S_DIST_03, S_DIST_04, S_DIST_05, S_DIST_06, S_DIST_07, S_DIST_08, S_DIST_09, S_DIST_10 FROM STOCK WHERE S_I_ID = 16035 AND S_W_ID = 2

EXPLAIN Plan:

Index Scan using stock_pkey on stock  (cost=0.42..8.44 rows=1 width=291) (actual time=1.897..1.898 rows=1 loops=1)

  Index Cond: ((s_w_id = 2) AND (s_i_id = 16035))

Planning Time: 0.092 ms

Execution Time: 1.922 ms
Failed SQL 195: SELECT S_QUANTITY, S_DATA, S_DIST_01, S_DIST_02, S_DIST_03, S_DIST_04, S_DIST_05, S_DIST_06, S_DIST_07, S_DIST_08, S_DIST_09, S_DIST_10 FROM STOCK WHERE S_I_ID = 16035 AND S_W_ID = 2
Error Message: Cannot invoke "java.util.List.get(int)" because the return value of "sg.edu.nus.autotune.DB2DATA.getAllIndexes()" is null


===== Query 196 =====

SQL: UPDATE STOCK SET S_QUANTITY = 43, S_YTD = S_YTD + 1, S_ORDER_CNT = S_ORDER_CNT + 1, S_REMOTE_CNT = S_REMOTE_CNT + 0 WHERE S_I_ID = 16035 AND S_W_ID = 2

EXPLAIN Plan:

Update on stock  (cost=0.42..8.45 rows=0 width=0) (actual time=0.099..0.100 rows=0 loops=1)

  ->  Index Scan using stock_pkey on stock  (cost=0.42..8.45 rows=1 width=32) (actual time=0.028..0.029 rows=1 loops=1)

        Index Cond: ((s_w_id = 2) AND (s_i_id = 16035))

Planning Time: 0.118 ms

Execution Time: 0.128 ms
Failed SQL 196: UPDATE STOCK SET S_QUANTITY = 43, S_YTD = S_YTD + 1, S_ORDER_CNT = S_ORDER_CNT + 1, S_REMOTE_CNT = S_REMOTE_CNT + 0 WHERE S_I_ID = 16035 AND S_W_ID = 2
Error Message: Cannot invoke "java.util.List.get(int)" because the return value of "sg.edu.nus.autotune.DB2DATA.getAllIndexes()" is null


===== Query 197 =====

SQL: SELECT I_PRICE, I_NAME , I_DATA FROM ITEM WHERE I_ID = 59439

EXPLAIN Plan:

Index Scan using item_pkey on item  (cost=0.29..8.31 rows=1 width=61) (actual time=1.020..1.022 rows=1 loops=1)

  Index Cond: (i_id = 59439)

Planning Time: 0.081 ms

Execution Time: 1.040 ms
Failed SQL 197: SELECT I_PRICE, I_NAME , I_DATA FROM ITEM WHERE I_ID = 59439
Error Message: Cannot invoke "java.util.List.get(int)" because the return value of "sg.edu.nus.autotune.DB2DATA.getAllIndexes()" is null


===== Query 198 =====

SQL: UPDATE STOCK SET S_QUANTITY = 76, S_YTD = S_YTD + 3, S_ORDER_CNT = S_ORDER_CNT + 1, S_REMOTE_CNT = S_REMOTE_CNT + 0 WHERE S_I_ID = 12163 AND S_W_ID = 1

EXPLAIN Plan:

Update on stock  (cost=0.42..8.45 rows=0 width=0) (actual time=0.063..0.064 rows=0 loops=1)

  ->  Index Scan using stock_pkey on stock  (cost=0.42..8.45 rows=1 width=32) (actual time=0.031..0.032 rows=1 loops=1)

        Index Cond: ((s_w_id = 1) AND (s_i_id = 12163))

Planning Time: 0.100 ms

Execution Time: 0.090 ms
Failed SQL 198: UPDATE STOCK SET S_QUANTITY = 76, S_YTD = S_YTD + 3, S_ORDER_CNT = S_ORDER_CNT + 1, S_REMOTE_CNT = S_REMOTE_CNT + 0 WHERE S_I_ID = 12163 AND S_W_ID = 1
Error Message: Cannot invoke "java.util.List.get(int)" because the return value of "sg.edu.nus.autotune.DB2DATA.getAllIndexes()" is null


===== Query 199 =====

SQL: SELECT I_PRICE, I_NAME , I_DATA FROM ITEM WHERE I_ID = 65223

EXPLAIN Plan:

Index Scan using item_pkey on item  (cost=0.29..8.31 rows=1 width=61) (actual time=0.044..0.045 rows=1 loops=1)

  Index Cond: (i_id = 65223)

Planning Time: 0.071 ms

Execution Time: 0.063 ms
Failed SQL 199: SELECT I_PRICE, I_NAME , I_DATA FROM ITEM WHERE I_ID = 65223
Error Message: Cannot invoke "java.util.List.get(int)" because the return value of "sg.edu.nus.autotune.DB2DATA.getAllIndexes()" is null


===== Query 200 =====

SQL: SELECT S_QUANTITY, S_DATA, S_DIST_01, S_DIST_02, S_DIST_03, S_DIST_04, S_DIST_05, S_DIST_06, S_DIST_07, S_DIST_08, S_DIST_09, S_DIST_10 FROM STOCK WHERE S_I_ID = 65223 AND S_W_ID = 1

EXPLAIN Plan:

Index Scan using stock_pkey on stock  (cost=0.42..8.44 rows=1 width=291) (actual time=0.050..0.052 rows=1 loops=1)

  Index Cond: ((s_w_id = 1) AND (s_i_id = 65223))

Planning Time: 0.095 ms

Execution Time: 0.073 ms
Failed SQL 200: SELECT S_QUANTITY, S_DATA, S_DIST_01, S_DIST_02, S_DIST_03, S_DIST_04, S_DIST_05, S_DIST_06, S_DIST_07, S_DIST_08, S_DIST_09, S_DIST_10 FROM STOCK WHERE S_I_ID = 65223 AND S_W_ID = 1
Error Message: Cannot invoke "java.util.List.get(int)" because the return value of "sg.edu.nus.autotune.DB2DATA.getAllIndexes()" is null


===== Query 201 =====

SQL: UPDATE STOCK SET S_QUANTITY = 23, S_YTD = S_YTD + 4, S_ORDER_CNT = S_ORDER_CNT + 1, S_REMOTE_CNT = S_REMOTE_CNT + 0 WHERE S_I_ID = 65223 AND S_W_ID = 1

EXPLAIN Plan:

Update on stock  (cost=0.42..8.45 rows=0 width=0) (actual time=0.075..0.076 rows=0 loops=1)

  ->  Index Scan using stock_pkey on stock  (cost=0.42..8.45 rows=1 width=32) (actual time=0.024..0.025 rows=1 loops=1)

        Index Cond: ((s_w_id = 1) AND (s_i_id = 65223))

Planning Time: 0.102 ms

Execution Time: 0.102 ms
Failed SQL 201: UPDATE STOCK SET S_QUANTITY = 23, S_YTD = S_YTD + 4, S_ORDER_CNT = S_ORDER_CNT + 1, S_REMOTE_CNT = S_REMOTE_CNT + 0 WHERE S_I_ID = 65223 AND S_W_ID = 1
Error Message: Cannot invoke "java.util.List.get(int)" because the return value of "sg.edu.nus.autotune.DB2DATA.getAllIndexes()" is null


===== Query 202 =====

SQL: SELECT I_PRICE, I_NAME , I_DATA FROM ITEM WHERE I_ID = 18311

EXPLAIN Plan:

Index Scan using item_pkey on item  (cost=0.29..8.31 rows=1 width=61) (actual time=1.029..1.031 rows=1 loops=1)

  Index Cond: (i_id = 18311)

Planning Time: 0.072 ms

Execution Time: 1.050 ms
Failed SQL 202: SELECT I_PRICE, I_NAME , I_DATA FROM ITEM WHERE I_ID = 18311
Error Message: Cannot invoke "java.util.List.get(int)" because the return value of "sg.edu.nus.autotune.DB2DATA.getAllIndexes()" is null


===== Query 203 =====

SQL: SELECT S_QUANTITY, S_DATA, S_DIST_01, S_DIST_02, S_DIST_03, S_DIST_04, S_DIST_05, S_DIST_06, S_DIST_07, S_DIST_08, S_DIST_09, S_DIST_10 FROM STOCK WHERE S_I_ID = 59439 AND S_W_ID = 2

EXPLAIN Plan:

Index Scan using stock_pkey on stock  (cost=0.42..8.44 rows=1 width=291) (actual time=0.983..0.985 rows=1 loops=1)

  Index Cond: ((s_w_id = 2) AND (s_i_id = 59439))

Planning Time: 0.091 ms

Execution Time: 1.006 ms
Failed SQL 203: SELECT S_QUANTITY, S_DATA, S_DIST_01, S_DIST_02, S_DIST_03, S_DIST_04, S_DIST_05, S_DIST_06, S_DIST_07, S_DIST_08, S_DIST_09, S_DIST_10 FROM STOCK WHERE S_I_ID = 59439 AND S_W_ID = 2
Error Message: Cannot invoke "java.util.List.get(int)" because the return value of "sg.edu.nus.autotune.DB2DATA.getAllIndexes()" is null


===== Query 204 =====

SQL: SELECT S_QUANTITY, S_DATA, S_DIST_01, S_DIST_02, S_DIST_03, S_DIST_04, S_DIST_05, S_DIST_06, S_DIST_07, S_DIST_08, S_DIST_09, S_DIST_10 FROM STOCK WHERE S_I_ID = 18311 AND S_W_ID = 1

EXPLAIN Plan:

Index Scan using stock_pkey on stock  (cost=0.42..8.44 rows=1 width=291) (actual time=0.487..0.489 rows=1 loops=1)

  Index Cond: ((s_w_id = 1) AND (s_i_id = 18311))

Planning Time: 0.090 ms

Execution Time: 0.511 ms
Failed SQL 204: SELECT S_QUANTITY, S_DATA, S_DIST_01, S_DIST_02, S_DIST_03, S_DIST_04, S_DIST_05, S_DIST_06, S_DIST_07, S_DIST_08, S_DIST_09, S_DIST_10 FROM STOCK WHERE S_I_ID = 18311 AND S_W_ID = 1
Error Message: Cannot invoke "java.util.List.get(int)" because the return value of "sg.edu.nus.autotune.DB2DATA.getAllIndexes()" is null


===== Query 205 =====

SQL: UPDATE STOCK SET S_QUANTITY = 26, S_YTD = S_YTD + 6, S_ORDER_CNT = S_ORDER_CNT + 1, S_REMOTE_CNT = S_REMOTE_CNT + 0 WHERE S_I_ID = 59439 AND S_W_ID = 2

EXPLAIN Plan:

Update on stock  (cost=0.42..8.45 rows=0 width=0) (actual time=0.056..0.057 rows=0 loops=1)

  ->  Index Scan using stock_pkey on stock  (cost=0.42..8.45 rows=1 width=32) (actual time=0.024..0.025 rows=1 loops=1)

        Index Cond: ((s_w_id = 2) AND (s_i_id = 59439))

Planning Time: 0.097 ms

Execution Time: 0.084 ms
Failed SQL 205: UPDATE STOCK SET S_QUANTITY = 26, S_YTD = S_YTD + 6, S_ORDER_CNT = S_ORDER_CNT + 1, S_REMOTE_CNT = S_REMOTE_CNT + 0 WHERE S_I_ID = 59439 AND S_W_ID = 2
Error Message: Cannot invoke "java.util.List.get(int)" because the return value of "sg.edu.nus.autotune.DB2DATA.getAllIndexes()" is null


===== Query 206 =====

SQL: SELECT I_PRICE, I_NAME , I_DATA FROM ITEM WHERE I_ID = 28055

EXPLAIN Plan:

Index Scan using item_pkey on item  (cost=0.29..8.31 rows=1 width=61) (actual time=1.145..1.147 rows=1 loops=1)

  Index Cond: (i_id = 28055)

Planning Time: 0.069 ms

Execution Time: 1.166 ms
Failed SQL 206: SELECT I_PRICE, I_NAME , I_DATA FROM ITEM WHERE I_ID = 28055
Error Message: Cannot invoke "java.util.List.get(int)" because the return value of "sg.edu.nus.autotune.DB2DATA.getAllIndexes()" is null


===== Query 207 =====

SQL: UPDATE STOCK SET S_QUANTITY = 50, S_YTD = S_YTD + 9, S_ORDER_CNT = S_ORDER_CNT + 1, S_REMOTE_CNT = S_REMOTE_CNT + 0 WHERE S_I_ID = 18311 AND S_W_ID = 1

EXPLAIN Plan:

Update on stock  (cost=0.42..8.45 rows=0 width=0) (actual time=0.083..0.083 rows=0 loops=1)

  ->  Index Scan using stock_pkey on stock  (cost=0.42..8.45 rows=1 width=32) (actual time=0.023..0.025 rows=1 loops=1)

        Index Cond: ((s_w_id = 1) AND (s_i_id = 18311))

Planning Time: 0.099 ms

Execution Time: 0.110 ms
Failed SQL 207: UPDATE STOCK SET S_QUANTITY = 50, S_YTD = S_YTD + 9, S_ORDER_CNT = S_ORDER_CNT + 1, S_REMOTE_CNT = S_REMOTE_CNT + 0 WHERE S_I_ID = 18311 AND S_W_ID = 1
Error Message: Cannot invoke "java.util.List.get(int)" because the return value of "sg.edu.nus.autotune.DB2DATA.getAllIndexes()" is null


===== Query 208 =====

SQL: SELECT I_PRICE, I_NAME , I_DATA FROM ITEM WHERE I_ID = 11997

EXPLAIN Plan:

Index Scan using item_pkey on item  (cost=0.29..8.31 rows=1 width=61) (actual time=0.496..0.498 rows=1 loops=1)

  Index Cond: (i_id = 11997)

Planning Time: 0.071 ms

Execution Time: 0.516 ms
Failed SQL 208: SELECT I_PRICE, I_NAME , I_DATA FROM ITEM WHERE I_ID = 11997
Error Message: Cannot invoke "java.util.List.get(int)" because the return value of "sg.edu.nus.autotune.DB2DATA.getAllIndexes()" is null


===== Query 209 =====

SQL: SELECT S_QUANTITY, S_DATA, S_DIST_01, S_DIST_02, S_DIST_03, S_DIST_04, S_DIST_05, S_DIST_06, S_DIST_07, S_DIST_08, S_DIST_09, S_DIST_10 FROM STOCK WHERE S_I_ID = 11997 AND S_W_ID = 1

EXPLAIN Plan:

Index Scan using stock_pkey on stock  (cost=0.42..8.44 rows=1 width=291) (actual time=0.504..0.507 rows=1 loops=1)

  Index Cond: ((s_w_id = 1) AND (s_i_id = 11997))

Planning Time: 0.098 ms

Execution Time: 0.530 ms
Failed SQL 209: SELECT S_QUANTITY, S_DATA, S_DIST_01, S_DIST_02, S_DIST_03, S_DIST_04, S_DIST_05, S_DIST_06, S_DIST_07, S_DIST_08, S_DIST_09, S_DIST_10 FROM STOCK WHERE S_I_ID = 11997 AND S_W_ID = 1
Error Message: Cannot invoke "java.util.List.get(int)" because the return value of "sg.edu.nus.autotune.DB2DATA.getAllIndexes()" is null


===== Query 210 =====

SQL: SELECT S_QUANTITY, S_DATA, S_DIST_01, S_DIST_02, S_DIST_03, S_DIST_04, S_DIST_05, S_DIST_06, S_DIST_07, S_DIST_08, S_DIST_09, S_DIST_10 FROM STOCK WHERE S_I_ID = 28055 AND S_W_ID = 2

EXPLAIN Plan:

Index Scan using stock_pkey on stock  (cost=0.42..8.44 rows=1 width=291) (actual time=1.062..1.065 rows=1 loops=1)

  Index Cond: ((s_w_id = 2) AND (s_i_id = 28055))

Planning Time: 0.089 ms

Execution Time: 1.088 ms
Failed SQL 210: SELECT S_QUANTITY, S_DATA, S_DIST_01, S_DIST_02, S_DIST_03, S_DIST_04, S_DIST_05, S_DIST_06, S_DIST_07, S_DIST_08, S_DIST_09, S_DIST_10 FROM STOCK WHERE S_I_ID = 28055 AND S_W_ID = 2
Error Message: Cannot invoke "java.util.List.get(int)" because the return value of "sg.edu.nus.autotune.DB2DATA.getAllIndexes()" is null


===== Query 211 =====

SQL: UPDATE STOCK SET S_QUANTITY = 23, S_YTD = S_YTD + 10, S_ORDER_CNT = S_ORDER_CNT + 1, S_REMOTE_CNT = S_REMOTE_CNT + 0 WHERE S_I_ID = 11997 AND S_W_ID = 1

EXPLAIN Plan:

Update on stock  (cost=0.42..8.45 rows=0 width=0) (actual time=0.098..0.098 rows=0 loops=1)

  ->  Index Scan using stock_pkey on stock  (cost=0.42..8.45 rows=1 width=32) (actual time=0.060..0.062 rows=1 loops=1)

        Index Cond: ((s_w_id = 1) AND (s_i_id = 11997))

Planning Time: 0.240 ms

Execution Time: 0.134 ms
Failed SQL 211: UPDATE STOCK SET S_QUANTITY = 23, S_YTD = S_YTD + 10, S_ORDER_CNT = S_ORDER_CNT + 1, S_REMOTE_CNT = S_REMOTE_CNT + 0 WHERE S_I_ID = 11997 AND S_W_ID = 1
Error Message: Cannot invoke "java.util.List.get(int)" because the return value of "sg.edu.nus.autotune.DB2DATA.getAllIndexes()" is null


===== Query 212 =====

SQL: SELECT I_PRICE, I_NAME , I_DATA FROM ITEM WHERE I_ID = -12345

EXPLAIN Plan:

Index Scan using item_pkey on item  (cost=0.29..8.31 rows=1 width=61) (actual time=0.769..0.770 rows=0 loops=1)

  Index Cond: (i_id = '-12345'::integer)

Planning Time: 0.075 ms

Execution Time: 0.787 ms
Failed SQL 212: SELECT I_PRICE, I_NAME , I_DATA FROM ITEM WHERE I_ID = -12345
Error Message: Cannot invoke "java.util.List.get(int)" because the return value of "sg.edu.nus.autotune.DB2DATA.getAllIndexes()" is null


===== Query 213 =====

SQL: SELECT C_DISCOUNT, C_LAST, C_CREDIT, W_TAX FROM CUSTOMER, WAREHOUSE WHERE W_ID = 1 AND C_W_ID = 1 AND C_D_ID = 5 AND C_ID = 259

EXPLAIN Plan:

Nested Loop  (cost=4.56..16.61 rows=1 width=26) (actual time=1.021..1.023 rows=1 loops=1)

  ->  Index Scan using customer_pkey on customer  (cost=0.42..8.44 rows=1 width=21) (actual time=1.001..1.002 rows=1 loops=1)

        Index Cond: ((c_w_id = 1) AND (c_d_id = 5) AND (c_id = 259))

  ->  Bitmap Heap Scan on warehouse  (cost=4.14..8.15 rows=1 width=5) (actual time=0.010..0.011 rows=1 loops=1)

        Recheck Cond: (w_id = 1)

        Heap Blocks: exact=1

        ->  Bitmap Index Scan on warehouse_pkey  (cost=0.00..4.14 rows=1 width=0) (actual time=0.005..0.005 rows=1 loops=1)

              Index Cond: (w_id = 1)

Planning Time: 0.142 ms

Execution Time: 1.061 ms
Failed SQL 213: SELECT C_DISCOUNT, C_LAST, C_CREDIT, W_TAX FROM CUSTOMER, WAREHOUSE WHERE W_ID = 1 AND C_W_ID = 1 AND C_D_ID = 5 AND C_ID = 259
Error Message: Cannot invoke "java.util.List.get(int)" because the return value of "sg.edu.nus.autotune.DB2DATA.getAllIndexes()" is null


===== Query 214 =====

SQL: UPDATE STOCK SET S_QUANTITY = 67, S_YTD = S_YTD + 5, S_ORDER_CNT = S_ORDER_CNT + 1, S_REMOTE_CNT = S_REMOTE_CNT + 0 WHERE S_I_ID = 28055 AND S_W_ID = 2

EXPLAIN Plan:

Update on stock  (cost=0.42..8.45 rows=0 width=0) (actual time=0.057..0.057 rows=0 loops=1)

  ->  Index Scan using stock_pkey on stock  (cost=0.42..8.45 rows=1 width=32) (actual time=0.024..0.025 rows=1 loops=1)

        Index Cond: ((s_w_id = 2) AND (s_i_id = 28055))

Planning Time: 0.098 ms

Execution Time: 0.083 ms
Failed SQL 214: UPDATE STOCK SET S_QUANTITY = 67, S_YTD = S_YTD + 5, S_ORDER_CNT = S_ORDER_CNT + 1, S_REMOTE_CNT = S_REMOTE_CNT + 0 WHERE S_I_ID = 28055 AND S_W_ID = 2
Error Message: Cannot invoke "java.util.List.get(int)" because the return value of "sg.edu.nus.autotune.DB2DATA.getAllIndexes()" is null


===== Query 215 =====

SQL: SELECT C_DISCOUNT, C_LAST, C_CREDIT, W_TAX FROM CUSTOMER, WAREHOUSE WHERE W_ID = 2 AND C_W_ID = 2 AND C_D_ID = 8 AND C_ID = 281

EXPLAIN Plan:

Nested Loop  (cost=4.56..16.61 rows=1 width=26) (actual time=0.069..0.072 rows=1 loops=1)

  ->  Index Scan using customer_pkey on customer  (cost=0.42..8.44 rows=1 width=21) (actual time=0.051..0.052 rows=1 loops=1)

        Index Cond: ((c_w_id = 2) AND (c_d_id = 8) AND (c_id = 281))

  ->  Bitmap Heap Scan on warehouse  (cost=4.14..8.15 rows=1 width=5) (actual time=0.010..0.011 rows=1 loops=1)

        Recheck Cond: (w_id = 2)

        Heap Blocks: exact=1

        ->  Bitmap Index Scan on warehouse_pkey  (cost=0.00..4.14 rows=1 width=0) (actual time=0.004..0.004 rows=1 loops=1)

              Index Cond: (w_id = 2)

Planning Time: 0.142 ms

Execution Time: 0.109 ms
Failed SQL 215: SELECT C_DISCOUNT, C_LAST, C_CREDIT, W_TAX FROM CUSTOMER, WAREHOUSE WHERE W_ID = 2 AND C_W_ID = 2 AND C_D_ID = 8 AND C_ID = 281
Error Message: Cannot invoke "java.util.List.get(int)" because the return value of "sg.edu.nus.autotune.DB2DATA.getAllIndexes()" is null


===== Query 216 =====

SQL: SELECT D_NEXT_O_ID, D_TAX FROM DISTRICT WHERE D_W_ID = 1 AND D_ID = 5

EXPLAIN Plan:

Bitmap Heap Scan on district  (cost=4.28..11.66 rows=2 width=9) (actual time=0.021..0.022 rows=1 loops=1)

  Recheck Cond: ((d_w_id = 1) AND (d_id = 5))

  Heap Blocks: exact=1

  ->  Bitmap Index Scan on district_pkey  (cost=0.00..4.28 rows=2 width=0) (actual time=0.011..0.011 rows=1 loops=1)

        Index Cond: ((d_w_id = 1) AND (d_id = 5))

Planning Time: 0.086 ms

Execution Time: 0.046 ms
Failed SQL 216: SELECT D_NEXT_O_ID, D_TAX FROM DISTRICT WHERE D_W_ID = 1 AND D_ID = 5
Error Message: Cannot invoke "java.util.List.get(int)" because the return value of "sg.edu.nus.autotune.DB2DATA.getAllIndexes()" is null


===== Query 217 =====

SQL: UPDATE DISTRICT SET D_NEXT_O_ID = D_NEXT_O_ID + 1 WHERE D_W_ID = 1 AND D_ID = 5

EXPLAIN Plan:

Update on district  (cost=4.28..11.67 rows=0 width=0) (actual time=0.050..0.051 rows=0 loops=1)

  ->  Bitmap Heap Scan on district  (cost=4.28..11.67 rows=2 width=10) (actual time=0.019..0.020 rows=1 loops=1)

        Recheck Cond: ((d_w_id = 1) AND (d_id = 5))

        Heap Blocks: exact=1

        ->  Bitmap Index Scan on district_pkey  (cost=0.00..4.28 rows=2 width=0) (actual time=0.011..0.011 rows=1 loops=1)

              Index Cond: ((d_w_id = 1) AND (d_id = 5))

Planning Time: 0.086 ms

Execution Time: 0.083 ms
Failed SQL 217: UPDATE DISTRICT SET D_NEXT_O_ID = D_NEXT_O_ID + 1 WHERE D_W_ID = 1 AND D_ID = 5
Error Message: Cannot invoke "java.util.List.get(int)" because the return value of "sg.edu.nus.autotune.DB2DATA.getAllIndexes()" is null


===== Query 218 =====

SQL: SELECT D_NEXT_O_ID, D_TAX FROM DISTRICT WHERE D_W_ID = 2 AND D_ID = 8

EXPLAIN Plan:

Bitmap Heap Scan on district  (cost=4.28..11.66 rows=2 width=9) (actual time=0.021..0.022 rows=1 loops=1)

  Recheck Cond: ((d_w_id = 2) AND (d_id = 8))

  Heap Blocks: exact=1

  ->  Bitmap Index Scan on district_pkey  (cost=0.00..4.28 rows=2 width=0) (actual time=0.011..0.011 rows=1 loops=1)

        Index Cond: ((d_w_id = 2) AND (d_id = 8))

Planning Time: 0.087 ms

Execution Time: 0.047 ms
Failed SQL 218: SELECT D_NEXT_O_ID, D_TAX FROM DISTRICT WHERE D_W_ID = 2 AND D_ID = 8
Error Message: Cannot invoke "java.util.List.get(int)" because the return value of "sg.edu.nus.autotune.DB2DATA.getAllIndexes()" is null


===== Query 219 =====

SQL: UPDATE DISTRICT SET D_NEXT_O_ID = D_NEXT_O_ID + 1 WHERE D_W_ID = 2 AND D_ID = 8

EXPLAIN Plan:

Update on district  (cost=4.28..11.67 rows=0 width=0) (actual time=0.080..0.081 rows=0 loops=1)

  ->  Bitmap Heap Scan on district  (cost=4.28..11.67 rows=2 width=10) (actual time=0.019..0.020 rows=1 loops=1)

        Recheck Cond: ((d_w_id = 2) AND (d_id = 8))

        Heap Blocks: exact=1

        ->  Bitmap Index Scan on district_pkey  (cost=0.00..4.28 rows=2 width=0) (actual time=0.011..0.011 rows=1 loops=1)

              Index Cond: ((d_w_id = 2) AND (d_id = 8))

Planning Time: 0.087 ms

Execution Time: 0.113 ms
Failed SQL 219: UPDATE DISTRICT SET D_NEXT_O_ID = D_NEXT_O_ID + 1 WHERE D_W_ID = 2 AND D_ID = 8
Error Message: Cannot invoke "java.util.List.get(int)" because the return value of "sg.edu.nus.autotune.DB2DATA.getAllIndexes()" is null


===== Query 220 =====

SQL: SELECT I_PRICE, I_NAME , I_DATA FROM ITEM WHERE I_ID = 6151

EXPLAIN Plan:

Index Scan using item_pkey on item  (cost=0.29..8.31 rows=1 width=61) (actual time=1.003..1.005 rows=1 loops=1)

  Index Cond: (i_id = 6151)

Planning Time: 0.072 ms

Execution Time: 1.024 ms
Failed SQL 220: SELECT I_PRICE, I_NAME , I_DATA FROM ITEM WHERE I_ID = 6151
Error Message: Cannot invoke "java.util.List.get(int)" because the return value of "sg.edu.nus.autotune.DB2DATA.getAllIndexes()" is null


===== Query 221 =====

SQL: SELECT S_QUANTITY, S_DATA, S_DIST_01, S_DIST_02, S_DIST_03, S_DIST_04, S_DIST_05, S_DIST_06, S_DIST_07, S_DIST_08, S_DIST_09, S_DIST_10 FROM STOCK WHERE S_I_ID = 6151 AND S_W_ID = 2

EXPLAIN Plan:

Index Scan using stock_pkey on stock  (cost=0.42..8.44 rows=1 width=291) (actual time=0.998..1.000 rows=1 loops=1)

  Index Cond: ((s_w_id = 2) AND (s_i_id = 6151))

Planning Time: 0.094 ms

Execution Time: 1.025 ms
Failed SQL 221: SELECT S_QUANTITY, S_DATA, S_DIST_01, S_DIST_02, S_DIST_03, S_DIST_04, S_DIST_05, S_DIST_06, S_DIST_07, S_DIST_08, S_DIST_09, S_DIST_10 FROM STOCK WHERE S_I_ID = 6151 AND S_W_ID = 2
Error Message: Cannot invoke "java.util.List.get(int)" because the return value of "sg.edu.nus.autotune.DB2DATA.getAllIndexes()" is null


===== Query 222 =====

SQL: UPDATE STOCK SET S_QUANTITY = 90, S_YTD = S_YTD + 5, S_ORDER_CNT = S_ORDER_CNT + 1, S_REMOTE_CNT = S_REMOTE_CNT + 0 WHERE S_I_ID = 6151 AND S_W_ID = 2

EXPLAIN Plan:

Update on stock  (cost=0.42..8.45 rows=0 width=0) (actual time=0.060..0.061 rows=0 loops=1)

  ->  Index Scan using stock_pkey on stock  (cost=0.42..8.45 rows=1 width=32) (actual time=0.027..0.028 rows=1 loops=1)

        Index Cond: ((s_w_id = 2) AND (s_i_id = 6151))

Planning Time: 0.096 ms

Execution Time: 0.088 ms
Failed SQL 222: UPDATE STOCK SET S_QUANTITY = 90, S_YTD = S_YTD + 5, S_ORDER_CNT = S_ORDER_CNT + 1, S_REMOTE_CNT = S_REMOTE_CNT + 0 WHERE S_I_ID = 6151 AND S_W_ID = 2
Error Message: Cannot invoke "java.util.List.get(int)" because the return value of "sg.edu.nus.autotune.DB2DATA.getAllIndexes()" is null


===== Query 223 =====

SQL: SELECT I_PRICE, I_NAME , I_DATA FROM ITEM WHERE I_ID = 79815

EXPLAIN Plan:

Index Scan using item_pkey on item  (cost=0.29..8.31 rows=1 width=61) (actual time=8.971..8.974 rows=1 loops=1)

  Index Cond: (i_id = 79815)

Planning Time: 0.085 ms

Execution Time: 8.995 ms
Failed SQL 223: SELECT I_PRICE, I_NAME , I_DATA FROM ITEM WHERE I_ID = 79815
Error Message: Cannot invoke "java.util.List.get(int)" because the return value of "sg.edu.nus.autotune.DB2DATA.getAllIndexes()" is null


===== Query 224 =====

SQL: SELECT I_PRICE, I_NAME , I_DATA FROM ITEM WHERE I_ID = 15845

EXPLAIN Plan:

Index Scan using item_pkey on item  (cost=0.29..8.31 rows=1 width=61) (actual time=0.813..0.816 rows=1 loops=1)

  Index Cond: (i_id = 15845)

Planning Time: 0.087 ms

Execution Time: 0.835 ms
Failed SQL 224: SELECT I_PRICE, I_NAME , I_DATA FROM ITEM WHERE I_ID = 15845
Error Message: Cannot invoke "java.util.List.get(int)" because the return value of "sg.edu.nus.autotune.DB2DATA.getAllIndexes()" is null


===== Query 225 =====

SQL: SELECT S_QUANTITY, S_DATA, S_DIST_01, S_DIST_02, S_DIST_03, S_DIST_04, S_DIST_05, S_DIST_06, S_DIST_07, S_DIST_08, S_DIST_09, S_DIST_10 FROM STOCK WHERE S_I_ID = 15845 AND S_W_ID = 1

EXPLAIN Plan:

Index Scan using stock_pkey on stock  (cost=0.42..8.44 rows=1 width=291) (actual time=1.034..1.037 rows=1 loops=1)

  Index Cond: ((s_w_id = 1) AND (s_i_id = 15845))

Planning Time: 0.104 ms

Execution Time: 1.061 ms
Failed SQL 225: SELECT S_QUANTITY, S_DATA, S_DIST_01, S_DIST_02, S_DIST_03, S_DIST_04, S_DIST_05, S_DIST_06, S_DIST_07, S_DIST_08, S_DIST_09, S_DIST_10 FROM STOCK WHERE S_I_ID = 15845 AND S_W_ID = 1
Error Message: Cannot invoke "java.util.List.get(int)" because the return value of "sg.edu.nus.autotune.DB2DATA.getAllIndexes()" is null


===== Query 226 =====

SQL: UPDATE STOCK SET S_QUANTITY = 36, S_YTD = S_YTD + 2, S_ORDER_CNT = S_ORDER_CNT + 1, S_REMOTE_CNT = S_REMOTE_CNT + 0 WHERE S_I_ID = 15845 AND S_W_ID = 1

EXPLAIN Plan:

Update on stock  (cost=0.42..8.45 rows=0 width=0) (actual time=0.070..0.070 rows=0 loops=1)

  ->  Index Scan using stock_pkey on stock  (cost=0.42..8.45 rows=1 width=32) (actual time=0.025..0.026 rows=1 loops=1)

        Index Cond: ((s_w_id = 1) AND (s_i_id = 15845))

Planning Time: 0.101 ms

Execution Time: 0.098 ms
Failed SQL 226: UPDATE STOCK SET S_QUANTITY = 36, S_YTD = S_YTD + 2, S_ORDER_CNT = S_ORDER_CNT + 1, S_REMOTE_CNT = S_REMOTE_CNT + 0 WHERE S_I_ID = 15845 AND S_W_ID = 1
Error Message: Cannot invoke "java.util.List.get(int)" because the return value of "sg.edu.nus.autotune.DB2DATA.getAllIndexes()" is null


===== Query 227 =====

SQL: SELECT I_PRICE, I_NAME , I_DATA FROM ITEM WHERE I_ID = 31249

EXPLAIN Plan:

Index Scan using item_pkey on item  (cost=0.29..8.31 rows=1 width=61) (actual time=1.039..1.046 rows=1 loops=1)

  Index Cond: (i_id = 31249)

Planning Time: 0.076 ms

Execution Time: 1.065 ms
Failed SQL 227: SELECT I_PRICE, I_NAME , I_DATA FROM ITEM WHERE I_ID = 31249
Error Message: Cannot invoke "java.util.List.get(int)" because the return value of "sg.edu.nus.autotune.DB2DATA.getAllIndexes()" is null


===== Query 228 =====

SQL: SELECT S_QUANTITY, S_DATA, S_DIST_01, S_DIST_02, S_DIST_03, S_DIST_04, S_DIST_05, S_DIST_06, S_DIST_07, S_DIST_08, S_DIST_09, S_DIST_10 FROM STOCK WHERE S_I_ID = 31249 AND S_W_ID = 1

EXPLAIN Plan:

Index Scan using stock_pkey on stock  (cost=0.42..8.44 rows=1 width=291) (actual time=1.083..1.085 rows=1 loops=1)

  Index Cond: ((s_w_id = 1) AND (s_i_id = 31249))

Planning Time: 0.096 ms

Execution Time: 1.109 ms
Failed SQL 228: SELECT S_QUANTITY, S_DATA, S_DIST_01, S_DIST_02, S_DIST_03, S_DIST_04, S_DIST_05, S_DIST_06, S_DIST_07, S_DIST_08, S_DIST_09, S_DIST_10 FROM STOCK WHERE S_I_ID = 31249 AND S_W_ID = 1
Error Message: Cannot invoke "java.util.List.get(int)" because the return value of "sg.edu.nus.autotune.DB2DATA.getAllIndexes()" is null


===== Query 229 =====

SQL: SELECT S_QUANTITY, S_DATA, S_DIST_01, S_DIST_02, S_DIST_03, S_DIST_04, S_DIST_05, S_DIST_06, S_DIST_07, S_DIST_08, S_DIST_09, S_DIST_10 FROM STOCK WHERE S_I_ID = 79815 AND S_W_ID = 2

EXPLAIN Plan:

Index Scan using stock_pkey on stock  (cost=0.42..8.44 rows=1 width=291) (actual time=0.538..0.540 rows=1 loops=1)

  Index Cond: ((s_w_id = 2) AND (s_i_id = 79815))

Planning Time: 0.093 ms

Execution Time: 0.562 ms
Failed SQL 229: SELECT S_QUANTITY, S_DATA, S_DIST_01, S_DIST_02, S_DIST_03, S_DIST_04, S_DIST_05, S_DIST_06, S_DIST_07, S_DIST_08, S_DIST_09, S_DIST_10 FROM STOCK WHERE S_I_ID = 79815 AND S_W_ID = 2
Error Message: Cannot invoke "java.util.List.get(int)" because the return value of "sg.edu.nus.autotune.DB2DATA.getAllIndexes()" is null


===== Query 230 =====

SQL: UPDATE STOCK SET S_QUANTITY = 34, S_YTD = S_YTD + 7, S_ORDER_CNT = S_ORDER_CNT + 1, S_REMOTE_CNT = S_REMOTE_CNT + 0 WHERE S_I_ID = 31249 AND S_W_ID = 1

EXPLAIN Plan:

Update on stock  (cost=0.42..8.45 rows=0 width=0) (actual time=0.059..0.060 rows=0 loops=1)

  ->  Index Scan using stock_pkey on stock  (cost=0.42..8.45 rows=1 width=32) (actual time=0.024..0.026 rows=1 loops=1)

        Index Cond: ((s_w_id = 1) AND (s_i_id = 31249))

Planning Time: 0.101 ms

Execution Time: 0.088 ms
Failed SQL 230: UPDATE STOCK SET S_QUANTITY = 34, S_YTD = S_YTD + 7, S_ORDER_CNT = S_ORDER_CNT + 1, S_REMOTE_CNT = S_REMOTE_CNT + 0 WHERE S_I_ID = 31249 AND S_W_ID = 1
Error Message: Cannot invoke "java.util.List.get(int)" because the return value of "sg.edu.nus.autotune.DB2DATA.getAllIndexes()" is null


===== Query 231 =====

SQL: SELECT I_PRICE, I_NAME , I_DATA FROM ITEM WHERE I_ID = 15951

EXPLAIN Plan:

Index Scan using item_pkey on item  (cost=0.29..8.31 rows=1 width=61) (actual time=0.793..0.795 rows=1 loops=1)

  Index Cond: (i_id = 15951)

Planning Time: 0.075 ms

Execution Time: 0.813 ms
Failed SQL 231: SELECT I_PRICE, I_NAME , I_DATA FROM ITEM WHERE I_ID = 15951
Error Message: Cannot invoke "java.util.List.get(int)" because the return value of "sg.edu.nus.autotune.DB2DATA.getAllIndexes()" is null


===== Query 232 =====

SQL: SELECT S_QUANTITY, S_DATA, S_DIST_01, S_DIST_02, S_DIST_03, S_DIST_04, S_DIST_05, S_DIST_06, S_DIST_07, S_DIST_08, S_DIST_09, S_DIST_10 FROM STOCK WHERE S_I_ID = 15951 AND S_W_ID = 1

EXPLAIN Plan:

Index Scan using stock_pkey on stock  (cost=0.42..8.44 rows=1 width=291) (actual time=0.556..0.558 rows=1 loops=1)

  Index Cond: ((s_w_id = 1) AND (s_i_id = 15951))

Planning Time: 0.092 ms

Execution Time: 0.580 ms
Failed SQL 232: SELECT S_QUANTITY, S_DATA, S_DIST_01, S_DIST_02, S_DIST_03, S_DIST_04, S_DIST_05, S_DIST_06, S_DIST_07, S_DIST_08, S_DIST_09, S_DIST_10 FROM STOCK WHERE S_I_ID = 15951 AND S_W_ID = 1
Error Message: Cannot invoke "java.util.List.get(int)" because the return value of "sg.edu.nus.autotune.DB2DATA.getAllIndexes()" is null


===== Query 233 =====

SQL: UPDATE STOCK SET S_QUANTITY = 89, S_YTD = S_YTD + 1, S_ORDER_CNT = S_ORDER_CNT + 1, S_REMOTE_CNT = S_REMOTE_CNT + 0 WHERE S_I_ID = 15951 AND S_W_ID = 1

EXPLAIN Plan:

Update on stock  (cost=0.42..8.45 rows=0 width=0) (actual time=0.056..0.057 rows=0 loops=1)

  ->  Index Scan using stock_pkey on stock  (cost=0.42..8.45 rows=1 width=32) (actual time=0.023..0.025 rows=1 loops=1)

        Index Cond: ((s_w_id = 1) AND (s_i_id = 15951))

Planning Time: 0.100 ms

Execution Time: 0.084 ms
Failed SQL 233: UPDATE STOCK SET S_QUANTITY = 89, S_YTD = S_YTD + 1, S_ORDER_CNT = S_ORDER_CNT + 1, S_REMOTE_CNT = S_REMOTE_CNT + 0 WHERE S_I_ID = 15951 AND S_W_ID = 1
Error Message: Cannot invoke "java.util.List.get(int)" because the return value of "sg.edu.nus.autotune.DB2DATA.getAllIndexes()" is null


===== Query 234 =====

SQL: SELECT I_PRICE, I_NAME , I_DATA FROM ITEM WHERE I_ID = 75487

EXPLAIN Plan:

Index Scan using item_pkey on item  (cost=0.29..8.31 rows=1 width=61) (actual time=0.499..0.501 rows=1 loops=1)

  Index Cond: (i_id = 75487)

Planning Time: 0.042 ms

Execution Time: 0.513 ms
Failed SQL 234: SELECT I_PRICE, I_NAME , I_DATA FROM ITEM WHERE I_ID = 75487
Error Message: Cannot invoke "java.util.List.get(int)" because the return value of "sg.edu.nus.autotune.DB2DATA.getAllIndexes()" is null


===== Query 235 =====

SQL: UPDATE STOCK SET S_QUANTITY = 27, S_YTD = S_YTD + 4, S_ORDER_CNT = S_ORDER_CNT + 1, S_REMOTE_CNT = S_REMOTE_CNT + 0 WHERE S_I_ID = 79815 AND S_W_ID = 2

EXPLAIN Plan:

Update on stock  (cost=0.42..8.45 rows=0 width=0) (actual time=0.068..0.068 rows=0 loops=1)

  ->  Index Scan using stock_pkey on stock  (cost=0.42..8.45 rows=1 width=32) (actual time=0.023..0.025 rows=1 loops=1)

        Index Cond: ((s_w_id = 2) AND (s_i_id = 79815))

Planning Time: 0.101 ms

Execution Time: 0.096 ms
Failed SQL 235: UPDATE STOCK SET S_QUANTITY = 27, S_YTD = S_YTD + 4, S_ORDER_CNT = S_ORDER_CNT + 1, S_REMOTE_CNT = S_REMOTE_CNT + 0 WHERE S_I_ID = 79815 AND S_W_ID = 2
Error Message: Cannot invoke "java.util.List.get(int)" because the return value of "sg.edu.nus.autotune.DB2DATA.getAllIndexes()" is null


===== Query 236 =====

SQL: SELECT S_QUANTITY, S_DATA, S_DIST_01, S_DIST_02, S_DIST_03, S_DIST_04, S_DIST_05, S_DIST_06, S_DIST_07, S_DIST_08, S_DIST_09, S_DIST_10 FROM STOCK WHERE S_I_ID = 75487 AND S_W_ID = 1

EXPLAIN Plan:

Index Scan using stock_pkey on stock  (cost=0.42..8.44 rows=1 width=291) (actual time=1.003..1.005 rows=1 loops=1)

  Index Cond: ((s_w_id = 1) AND (s_i_id = 75487))

Planning Time: 0.090 ms

Execution Time: 1.027 ms
Failed SQL 236: SELECT S_QUANTITY, S_DATA, S_DIST_01, S_DIST_02, S_DIST_03, S_DIST_04, S_DIST_05, S_DIST_06, S_DIST_07, S_DIST_08, S_DIST_09, S_DIST_10 FROM STOCK WHERE S_I_ID = 75487 AND S_W_ID = 1
Error Message: Cannot invoke "java.util.List.get(int)" because the return value of "sg.edu.nus.autotune.DB2DATA.getAllIndexes()" is null


===== Query 237 =====

SQL: SELECT I_PRICE, I_NAME , I_DATA FROM ITEM WHERE I_ID = 93730

EXPLAIN Plan:

Index Scan using item_pkey on item  (cost=0.29..8.31 rows=1 width=61) (actual time=1.046..1.048 rows=1 loops=1)

  Index Cond: (i_id = 93730)

Planning Time: 0.069 ms

Execution Time: 1.067 ms
Failed SQL 237: SELECT I_PRICE, I_NAME , I_DATA FROM ITEM WHERE I_ID = 93730
Error Message: Cannot invoke "java.util.List.get(int)" because the return value of "sg.edu.nus.autotune.DB2DATA.getAllIndexes()" is null


===== Query 238 =====

SQL: SELECT S_QUANTITY, S_DATA, S_DIST_01, S_DIST_02, S_DIST_03, S_DIST_04, S_DIST_05, S_DIST_06, S_DIST_07, S_DIST_08, S_DIST_09, S_DIST_10 FROM STOCK WHERE S_I_ID = 93730 AND S_W_ID = 2

EXPLAIN Plan:

Index Scan using stock_pkey on stock  (cost=0.42..8.44 rows=1 width=291) (actual time=1.065..1.067 rows=1 loops=1)

  Index Cond: ((s_w_id = 2) AND (s_i_id = 93730))

Planning Time: 0.092 ms

Execution Time: 1.090 ms
Failed SQL 238: SELECT S_QUANTITY, S_DATA, S_DIST_01, S_DIST_02, S_DIST_03, S_DIST_04, S_DIST_05, S_DIST_06, S_DIST_07, S_DIST_08, S_DIST_09, S_DIST_10 FROM STOCK WHERE S_I_ID = 93730 AND S_W_ID = 2
Error Message: Cannot invoke "java.util.List.get(int)" because the return value of "sg.edu.nus.autotune.DB2DATA.getAllIndexes()" is null


===== Query 239 =====

SQL: UPDATE STOCK SET S_QUANTITY = 41, S_YTD = S_YTD + 6, S_ORDER_CNT = S_ORDER_CNT + 1, S_REMOTE_CNT = S_REMOTE_CNT + 0 WHERE S_I_ID = 93730 AND S_W_ID = 2

EXPLAIN Plan:

Update on stock  (cost=0.42..8.45 rows=0 width=0) (actual time=0.056..0.056 rows=0 loops=1)

  ->  Index Scan using stock_pkey on stock  (cost=0.42..8.45 rows=1 width=32) (actual time=0.024..0.025 rows=1 loops=1)

        Index Cond: ((s_w_id = 2) AND (s_i_id = 93730))

Planning Time: 0.099 ms

Execution Time: 0.084 ms
Failed SQL 239: UPDATE STOCK SET S_QUANTITY = 41, S_YTD = S_YTD + 6, S_ORDER_CNT = S_ORDER_CNT + 1, S_REMOTE_CNT = S_REMOTE_CNT + 0 WHERE S_I_ID = 93730 AND S_W_ID = 2
Error Message: Cannot invoke "java.util.List.get(int)" because the return value of "sg.edu.nus.autotune.DB2DATA.getAllIndexes()" is null


===== Query 240 =====

SQL: SELECT I_PRICE, I_NAME , I_DATA FROM ITEM WHERE I_ID = 48845

EXPLAIN Plan:

Index Scan using item_pkey on item  (cost=0.29..8.31 rows=1 width=61) (actual time=0.833..0.836 rows=1 loops=1)

  Index Cond: (i_id = 48845)

Planning Time: 0.074 ms

Execution Time: 0.855 ms
Failed SQL 240: SELECT I_PRICE, I_NAME , I_DATA FROM ITEM WHERE I_ID = 48845
Error Message: Cannot invoke "java.util.List.get(int)" because the return value of "sg.edu.nus.autotune.DB2DATA.getAllIndexes()" is null


===== Query 241 =====

SQL: UPDATE STOCK SET S_QUANTITY = 64, S_YTD = S_YTD + 4, S_ORDER_CNT = S_ORDER_CNT + 1, S_REMOTE_CNT = S_REMOTE_CNT + 0 WHERE S_I_ID = 75487 AND S_W_ID = 1

EXPLAIN Plan:

Update on stock  (cost=0.42..8.45 rows=0 width=0) (actual time=0.062..0.063 rows=0 loops=1)

  ->  Index Scan using stock_pkey on stock  (cost=0.42..8.45 rows=1 width=32) (actual time=0.025..0.027 rows=1 loops=1)

        Index Cond: ((s_w_id = 1) AND (s_i_id = 75487))

Planning Time: 0.175 ms

Execution Time: 0.093 ms
Failed SQL 241: UPDATE STOCK SET S_QUANTITY = 64, S_YTD = S_YTD + 4, S_ORDER_CNT = S_ORDER_CNT + 1, S_REMOTE_CNT = S_REMOTE_CNT + 0 WHERE S_I_ID = 75487 AND S_W_ID = 1
Error Message: Cannot invoke "java.util.List.get(int)" because the return value of "sg.edu.nus.autotune.DB2DATA.getAllIndexes()" is null


===== Query 242 =====

SQL: SELECT I_PRICE, I_NAME , I_DATA FROM ITEM WHERE I_ID = 28368

EXPLAIN Plan:

Index Scan using item_pkey on item  (cost=0.29..8.31 rows=1 width=61) (actual time=0.552..0.553 rows=1 loops=1)

  Index Cond: (i_id = 28368)

Planning Time: 0.075 ms

Execution Time: 0.571 ms
Failed SQL 242: SELECT I_PRICE, I_NAME , I_DATA FROM ITEM WHERE I_ID = 28368
Error Message: Cannot invoke "java.util.List.get(int)" because the return value of "sg.edu.nus.autotune.DB2DATA.getAllIndexes()" is null


===== Query 243 =====

SQL: SELECT S_QUANTITY, S_DATA, S_DIST_01, S_DIST_02, S_DIST_03, S_DIST_04, S_DIST_05, S_DIST_06, S_DIST_07, S_DIST_08, S_DIST_09, S_DIST_10 FROM STOCK WHERE S_I_ID = 48845 AND S_W_ID = 2

EXPLAIN Plan:

Index Scan using stock_pkey on stock  (cost=0.42..8.44 rows=1 width=291) (actual time=0.823..0.825 rows=1 loops=1)

  Index Cond: ((s_w_id = 2) AND (s_i_id = 48845))

Planning Time: 0.096 ms

Execution Time: 0.847 ms
Failed SQL 243: SELECT S_QUANTITY, S_DATA, S_DIST_01, S_DIST_02, S_DIST_03, S_DIST_04, S_DIST_05, S_DIST_06, S_DIST_07, S_DIST_08, S_DIST_09, S_DIST_10 FROM STOCK WHERE S_I_ID = 48845 AND S_W_ID = 2
Error Message: Cannot invoke "java.util.List.get(int)" because the return value of "sg.edu.nus.autotune.DB2DATA.getAllIndexes()" is null


===== Query 244 =====

SQL: SELECT S_QUANTITY, S_DATA, S_DIST_01, S_DIST_02, S_DIST_03, S_DIST_04, S_DIST_05, S_DIST_06, S_DIST_07, S_DIST_08, S_DIST_09, S_DIST_10 FROM STOCK WHERE S_I_ID = 28368 AND S_W_ID = 1

EXPLAIN Plan:

Index Scan using stock_pkey on stock  (cost=0.42..8.44 rows=1 width=291) (actual time=1.158..1.160 rows=1 loops=1)

  Index Cond: ((s_w_id = 1) AND (s_i_id = 28368))

Planning Time: 0.061 ms

Execution Time: 1.179 ms
Failed SQL 244: SELECT S_QUANTITY, S_DATA, S_DIST_01, S_DIST_02, S_DIST_03, S_DIST_04, S_DIST_05, S_DIST_06, S_DIST_07, S_DIST_08, S_DIST_09, S_DIST_10 FROM STOCK WHERE S_I_ID = 28368 AND S_W_ID = 1
Error Message: Cannot invoke "java.util.List.get(int)" because the return value of "sg.edu.nus.autotune.DB2DATA.getAllIndexes()" is null


===== Query 245 =====

SQL: UPDATE STOCK SET S_QUANTITY = 29, S_YTD = S_YTD + 6, S_ORDER_CNT = S_ORDER_CNT + 1, S_REMOTE_CNT = S_REMOTE_CNT + 0 WHERE S_I_ID = 48845 AND S_W_ID = 2

EXPLAIN Plan:

Update on stock  (cost=0.42..8.45 rows=0 width=0) (actual time=0.053..0.053 rows=0 loops=1)

  ->  Index Scan using stock_pkey on stock  (cost=0.42..8.45 rows=1 width=32) (actual time=0.021..0.021 rows=1 loops=1)

        Index Cond: ((s_w_id = 2) AND (s_i_id = 48845))

Planning Time: 0.062 ms

Execution Time: 0.068 ms
Failed SQL 245: UPDATE STOCK SET S_QUANTITY = 29, S_YTD = S_YTD + 6, S_ORDER_CNT = S_ORDER_CNT + 1, S_REMOTE_CNT = S_REMOTE_CNT + 0 WHERE S_I_ID = 48845 AND S_W_ID = 2
Error Message: Cannot invoke "java.util.List.get(int)" because the return value of "sg.edu.nus.autotune.DB2DATA.getAllIndexes()" is null


===== Query 246 =====

SQL: SELECT I_PRICE, I_NAME , I_DATA FROM ITEM WHERE I_ID = 97877

EXPLAIN Plan:

Index Scan using item_pkey on item  (cost=0.29..8.31 rows=1 width=61) (actual time=1.016..1.019 rows=1 loops=1)

  Index Cond: (i_id = 97877)

Planning Time: 0.073 ms

Execution Time: 1.037 ms
Failed SQL 246: SELECT I_PRICE, I_NAME , I_DATA FROM ITEM WHERE I_ID = 97877
Error Message: Cannot invoke "java.util.List.get(int)" because the return value of "sg.edu.nus.autotune.DB2DATA.getAllIndexes()" is null


===== Query 247 =====

SQL: UPDATE STOCK SET S_QUANTITY = 49, S_YTD = S_YTD + 8, S_ORDER_CNT = S_ORDER_CNT + 1, S_REMOTE_CNT = S_REMOTE_CNT + 0 WHERE S_I_ID = 28368 AND S_W_ID = 1

EXPLAIN Plan:

Update on stock  (cost=0.42..8.45 rows=0 width=0) (actual time=0.063..0.063 rows=0 loops=1)

  ->  Index Scan using stock_pkey on stock  (cost=0.42..8.45 rows=1 width=32) (actual time=0.026..0.028 rows=1 loops=1)

        Index Cond: ((s_w_id = 1) AND (s_i_id = 28368))

Planning Time: 0.138 ms

Execution Time: 0.095 ms
Failed SQL 247: UPDATE STOCK SET S_QUANTITY = 49, S_YTD = S_YTD + 8, S_ORDER_CNT = S_ORDER_CNT + 1, S_REMOTE_CNT = S_REMOTE_CNT + 0 WHERE S_I_ID = 28368 AND S_W_ID = 1
Error Message: Cannot invoke "java.util.List.get(int)" because the return value of "sg.edu.nus.autotune.DB2DATA.getAllIndexes()" is null


===== Query 248 =====

SQL: SELECT I_PRICE, I_NAME , I_DATA FROM ITEM WHERE I_ID = 95058

EXPLAIN Plan:

Index Scan using item_pkey on item  (cost=0.29..8.31 rows=1 width=61) (actual time=1.013..1.015 rows=1 loops=1)

  Index Cond: (i_id = 95058)

Planning Time: 0.074 ms

Execution Time: 1.033 ms
Failed SQL 248: SELECT I_PRICE, I_NAME , I_DATA FROM ITEM WHERE I_ID = 95058
Error Message: Cannot invoke "java.util.List.get(int)" because the return value of "sg.edu.nus.autotune.DB2DATA.getAllIndexes()" is null


===== Query 249 =====

SQL: SELECT S_QUANTITY, S_DATA, S_DIST_01, S_DIST_02, S_DIST_03, S_DIST_04, S_DIST_05, S_DIST_06, S_DIST_07, S_DIST_08, S_DIST_09, S_DIST_10 FROM STOCK WHERE S_I_ID = 97877 AND S_W_ID = 2

EXPLAIN Plan:

Index Scan using stock_pkey on stock  (cost=0.42..8.44 rows=1 width=291) (actual time=1.009..1.012 rows=1 loops=1)

  Index Cond: ((s_w_id = 2) AND (s_i_id = 97877))

Planning Time: 0.090 ms

Execution Time: 1.034 ms
Failed SQL 249: SELECT S_QUANTITY, S_DATA, S_DIST_01, S_DIST_02, S_DIST_03, S_DIST_04, S_DIST_05, S_DIST_06, S_DIST_07, S_DIST_08, S_DIST_09, S_DIST_10 FROM STOCK WHERE S_I_ID = 97877 AND S_W_ID = 2
Error Message: Cannot invoke "java.util.List.get(int)" because the return value of "sg.edu.nus.autotune.DB2DATA.getAllIndexes()" is null


===== Query 250 =====

SQL: UPDATE STOCK SET S_QUANTITY = 31, S_YTD = S_YTD + 1, S_ORDER_CNT = S_ORDER_CNT + 1, S_REMOTE_CNT = S_REMOTE_CNT + 0 WHERE S_I_ID = 97877 AND S_W_ID = 2

EXPLAIN Plan:

Update on stock  (cost=0.42..8.45 rows=0 width=0) (actual time=0.080..0.081 rows=0 loops=1)

  ->  Index Scan using stock_pkey on stock  (cost=0.42..8.45 rows=1 width=32) (actual time=0.025..0.027 rows=1 loops=1)

        Index Cond: ((s_w_id = 2) AND (s_i_id = 97877))

Planning Time: 0.101 ms

Execution Time: 0.109 ms
Failed SQL 250: UPDATE STOCK SET S_QUANTITY = 31, S_YTD = S_YTD + 1, S_ORDER_CNT = S_ORDER_CNT + 1, S_REMOTE_CNT = S_REMOTE_CNT + 0 WHERE S_I_ID = 97877 AND S_W_ID = 2
Error Message: Cannot invoke "java.util.List.get(int)" because the return value of "sg.edu.nus.autotune.DB2DATA.getAllIndexes()" is null


===== Query 251 =====

SQL: SELECT I_PRICE, I_NAME , I_DATA FROM ITEM WHERE I_ID = 48199

EXPLAIN Plan:

Index Scan using item_pkey on item  (cost=0.29..8.31 rows=1 width=61) (actual time=1.003..1.005 rows=1 loops=1)

  Index Cond: (i_id = 48199)

Planning Time: 0.074 ms

Execution Time: 1.022 ms
Failed SQL 251: SELECT I_PRICE, I_NAME , I_DATA FROM ITEM WHERE I_ID = 48199
Error Message: Cannot invoke "java.util.List.get(int)" because the return value of "sg.edu.nus.autotune.DB2DATA.getAllIndexes()" is null


===== Query 252 =====

SQL: SELECT S_QUANTITY, S_DATA, S_DIST_01, S_DIST_02, S_DIST_03, S_DIST_04, S_DIST_05, S_DIST_06, S_DIST_07, S_DIST_08, S_DIST_09, S_DIST_10 FROM STOCK WHERE S_I_ID = 48199 AND S_W_ID = 2

EXPLAIN Plan:

Index Scan using stock_pkey on stock  (cost=0.42..8.44 rows=1 width=291) (actual time=0.926..0.928 rows=1 loops=1)

  Index Cond: ((s_w_id = 2) AND (s_i_id = 48199))

Planning Time: 0.054 ms

Execution Time: 0.942 ms
Failed SQL 252: SELECT S_QUANTITY, S_DATA, S_DIST_01, S_DIST_02, S_DIST_03, S_DIST_04, S_DIST_05, S_DIST_06, S_DIST_07, S_DIST_08, S_DIST_09, S_DIST_10 FROM STOCK WHERE S_I_ID = 48199 AND S_W_ID = 2
Error Message: Cannot invoke "java.util.List.get(int)" because the return value of "sg.edu.nus.autotune.DB2DATA.getAllIndexes()" is null


===== Query 253 =====

SQL: UPDATE STOCK SET S_QUANTITY = 40, S_YTD = S_YTD + 9, S_ORDER_CNT = S_ORDER_CNT + 1, S_REMOTE_CNT = S_REMOTE_CNT + 0 WHERE S_I_ID = 48199 AND S_W_ID = 2

EXPLAIN Plan:

Update on stock  (cost=0.42..8.45 rows=0 width=0) (actual time=0.055..0.056 rows=0 loops=1)

  ->  Index Scan using stock_pkey on stock  (cost=0.42..8.45 rows=1 width=32) (actual time=0.023..0.024 rows=1 loops=1)

        Index Cond: ((s_w_id = 2) AND (s_i_id = 48199))

Planning Time: 0.098 ms

Execution Time: 0.083 ms
Failed SQL 253: UPDATE STOCK SET S_QUANTITY = 40, S_YTD = S_YTD + 9, S_ORDER_CNT = S_ORDER_CNT + 1, S_REMOTE_CNT = S_REMOTE_CNT + 0 WHERE S_I_ID = 48199 AND S_W_ID = 2
Error Message: Cannot invoke "java.util.List.get(int)" because the return value of "sg.edu.nus.autotune.DB2DATA.getAllIndexes()" is null


===== Query 254 =====

SQL: SELECT I_PRICE, I_NAME , I_DATA FROM ITEM WHERE I_ID = 4674

EXPLAIN Plan:

Index Scan using item_pkey on item  (cost=0.29..8.31 rows=1 width=61) (actual time=1.004..1.006 rows=1 loops=1)

  Index Cond: (i_id = 4674)

Planning Time: 0.045 ms

Execution Time: 1.019 ms
Failed SQL 254: SELECT I_PRICE, I_NAME , I_DATA FROM ITEM WHERE I_ID = 4674
Error Message: Cannot invoke "java.util.List.get(int)" because the return value of "sg.edu.nus.autotune.DB2DATA.getAllIndexes()" is null


===== Query 255 =====

SQL: SELECT S_QUANTITY, S_DATA, S_DIST_01, S_DIST_02, S_DIST_03, S_DIST_04, S_DIST_05, S_DIST_06, S_DIST_07, S_DIST_08, S_DIST_09, S_DIST_10 FROM STOCK WHERE S_I_ID = 95058 AND S_W_ID = 1

EXPLAIN Plan:

Index Scan using stock_pkey on stock  (cost=0.42..8.44 rows=1 width=291) (actual time=1.027..1.029 rows=1 loops=1)

  Index Cond: ((s_w_id = 1) AND (s_i_id = 95058))

Planning Time: 0.091 ms

Execution Time: 1.051 ms
Failed SQL 255: SELECT S_QUANTITY, S_DATA, S_DIST_01, S_DIST_02, S_DIST_03, S_DIST_04, S_DIST_05, S_DIST_06, S_DIST_07, S_DIST_08, S_DIST_09, S_DIST_10 FROM STOCK WHERE S_I_ID = 95058 AND S_W_ID = 1
Error Message: Cannot invoke "java.util.List.get(int)" because the return value of "sg.edu.nus.autotune.DB2DATA.getAllIndexes()" is null


===== Query 256 =====

SQL: SELECT S_QUANTITY, S_DATA, S_DIST_01, S_DIST_02, S_DIST_03, S_DIST_04, S_DIST_05, S_DIST_06, S_DIST_07, S_DIST_08, S_DIST_09, S_DIST_10 FROM STOCK WHERE S_I_ID = 4674 AND S_W_ID = 2

EXPLAIN Plan:

Index Scan using stock_pkey on stock  (cost=0.42..8.44 rows=1 width=291) (actual time=1.014..1.016 rows=1 loops=1)

  Index Cond: ((s_w_id = 2) AND (s_i_id = 4674))

Planning Time: 0.091 ms

Execution Time: 1.039 ms
Failed SQL 256: SELECT S_QUANTITY, S_DATA, S_DIST_01, S_DIST_02, S_DIST_03, S_DIST_04, S_DIST_05, S_DIST_06, S_DIST_07, S_DIST_08, S_DIST_09, S_DIST_10 FROM STOCK WHERE S_I_ID = 4674 AND S_W_ID = 2
Error Message: Cannot invoke "java.util.List.get(int)" because the return value of "sg.edu.nus.autotune.DB2DATA.getAllIndexes()" is null


===== Query 257 =====

SQL: UPDATE STOCK SET S_QUANTITY = 95, S_YTD = S_YTD + 4, S_ORDER_CNT = S_ORDER_CNT + 1, S_REMOTE_CNT = S_REMOTE_CNT + 0 WHERE S_I_ID = 95058 AND S_W_ID = 1

EXPLAIN Plan:

Update on stock  (cost=0.42..8.45 rows=0 width=0) (actual time=0.056..0.057 rows=0 loops=1)

  ->  Index Scan using stock_pkey on stock  (cost=0.42..8.45 rows=1 width=32) (actual time=0.024..0.025 rows=1 loops=1)

        Index Cond: ((s_w_id = 1) AND (s_i_id = 95058))

Planning Time: 0.101 ms

Execution Time: 0.084 ms
Failed SQL 257: UPDATE STOCK SET S_QUANTITY = 95, S_YTD = S_YTD + 4, S_ORDER_CNT = S_ORDER_CNT + 1, S_REMOTE_CNT = S_REMOTE_CNT + 0 WHERE S_I_ID = 95058 AND S_W_ID = 1
Error Message: Cannot invoke "java.util.List.get(int)" because the return value of "sg.edu.nus.autotune.DB2DATA.getAllIndexes()" is null


===== Query 258 =====

SQL: SELECT I_PRICE, I_NAME , I_DATA FROM ITEM WHERE I_ID = 40167

EXPLAIN Plan:

Index Scan using item_pkey on item  (cost=0.29..8.31 rows=1 width=61) (actual time=0.091..0.093 rows=1 loops=1)

  Index Cond: (i_id = 40167)

Planning Time: 0.072 ms

Execution Time: 0.111 ms
Failed SQL 258: SELECT I_PRICE, I_NAME , I_DATA FROM ITEM WHERE I_ID = 40167
Error Message: Cannot invoke "java.util.List.get(int)" because the return value of "sg.edu.nus.autotune.DB2DATA.getAllIndexes()" is null


===== Query 259 =====

SQL: SELECT S_QUANTITY, S_DATA, S_DIST_01, S_DIST_02, S_DIST_03, S_DIST_04, S_DIST_05, S_DIST_06, S_DIST_07, S_DIST_08, S_DIST_09, S_DIST_10 FROM STOCK WHERE S_I_ID = 40167 AND S_W_ID = 1

EXPLAIN Plan:

Index Scan using stock_pkey on stock  (cost=0.42..8.44 rows=1 width=291) (actual time=0.987..0.989 rows=1 loops=1)

  Index Cond: ((s_w_id = 1) AND (s_i_id = 40167))

Planning Time: 0.094 ms

Execution Time: 1.011 ms
Failed SQL 259: SELECT S_QUANTITY, S_DATA, S_DIST_01, S_DIST_02, S_DIST_03, S_DIST_04, S_DIST_05, S_DIST_06, S_DIST_07, S_DIST_08, S_DIST_09, S_DIST_10 FROM STOCK WHERE S_I_ID = 40167 AND S_W_ID = 1
Error Message: Cannot invoke "java.util.List.get(int)" because the return value of "sg.edu.nus.autotune.DB2DATA.getAllIndexes()" is null


===== Query 260 =====

SQL: UPDATE STOCK SET S_QUANTITY = 24, S_YTD = S_YTD + 3, S_ORDER_CNT = S_ORDER_CNT + 1, S_REMOTE_CNT = S_REMOTE_CNT + 0 WHERE S_I_ID = 40167 AND S_W_ID = 1

EXPLAIN Plan:

Update on stock  (cost=0.42..8.45 rows=0 width=0) (actual time=0.086..0.086 rows=0 loops=1)

  ->  Index Scan using stock_pkey on stock  (cost=0.42..8.45 rows=1 width=32) (actual time=0.025..0.026 rows=1 loops=1)

        Index Cond: ((s_w_id = 1) AND (s_i_id = 40167))

Planning Time: 0.102 ms

Execution Time: 0.113 ms
Failed SQL 260: UPDATE STOCK SET S_QUANTITY = 24, S_YTD = S_YTD + 3, S_ORDER_CNT = S_ORDER_CNT + 1, S_REMOTE_CNT = S_REMOTE_CNT + 0 WHERE S_I_ID = 40167 AND S_W_ID = 1
Error Message: Cannot invoke "java.util.List.get(int)" because the return value of "sg.edu.nus.autotune.DB2DATA.getAllIndexes()" is null


===== Query 261 =====

SQL: SELECT NO_O_ID FROM NEW_ORDER WHERE NO_D_ID = 1 AND NO_W_ID = 1 ORDER BY NO_O_ID ASC LIMIT 1

EXPLAIN Plan:

Limit  (cost=0.42..0.47 rows=1 width=4) (actual time=0.647..0.648 rows=1 loops=1)

  ->  Index Only Scan using new_order_pkey on new_order  (cost=0.42..79.90 rows=1574 width=4) (actual time=0.646..0.647 rows=1 loops=1)

        Index Cond: ((no_w_id = 1) AND (no_d_id = 1))

        Heap Fetches: 0

Planning Time: 0.108 ms

Execution Time: 0.669 ms
Failed SQL 261: SELECT NO_O_ID FROM NEW_ORDER WHERE NO_D_ID = 1 AND NO_W_ID = 1 ORDER BY NO_O_ID ASC LIMIT 1
Error Message: Cannot invoke "java.util.List.get(int)" because the return value of "sg.edu.nus.autotune.DB2DATA.getAllIndexes()" is null


===== Query 262 =====

SQL: UPDATE STOCK SET S_QUANTITY = 100, S_YTD = S_YTD + 5, S_ORDER_CNT = S_ORDER_CNT + 1, S_REMOTE_CNT = S_REMOTE_CNT + 0 WHERE S_I_ID = 4674 AND S_W_ID = 2

EXPLAIN Plan:

Update on stock  (cost=0.42..8.45 rows=0 width=0) (actual time=0.064..0.065 rows=0 loops=1)

  ->  Index Scan using stock_pkey on stock  (cost=0.42..8.45 rows=1 width=32) (actual time=0.024..0.026 rows=1 loops=1)

        Index Cond: ((s_w_id = 2) AND (s_i_id = 4674))

Planning Time: 0.099 ms

Execution Time: 0.093 ms
Failed SQL 262: UPDATE STOCK SET S_QUANTITY = 100, S_YTD = S_YTD + 5, S_ORDER_CNT = S_ORDER_CNT + 1, S_REMOTE_CNT = S_REMOTE_CNT + 0 WHERE S_I_ID = 4674 AND S_W_ID = 2
Error Message: Cannot invoke "java.util.List.get(int)" because the return value of "sg.edu.nus.autotune.DB2DATA.getAllIndexes()" is null


===== Query 263 =====

SQL: SELECT O_C_ID FROM OORDER WHERE O_ID = 2548 AND O_D_ID = 1 AND O_W_ID = 1

EXPLAIN Plan:

Index Scan using oorder_pkey on oorder  (cost=0.42..8.44 rows=1 width=4) (actual time=1.210..1.213 rows=1 loops=1)

  Index Cond: ((o_w_id = 1) AND (o_d_id = 1) AND (o_id = 2548))

Planning Time: 0.062 ms

Execution Time: 1.227 ms
Failed SQL 263: SELECT O_C_ID FROM OORDER WHERE O_ID = 2548 AND O_D_ID = 1 AND O_W_ID = 1
Error Message: Cannot invoke "java.util.List.get(int)" because the return value of "sg.edu.nus.autotune.DB2DATA.getAllIndexes()" is null


===== Query 264 =====

SQL: UPDATE WAREHOUSE SET W_YTD = W_YTD + 2846.33 WHERE W_ID = 2

EXPLAIN Plan:

Update on warehouse  (cost=4.14..8.16 rows=0 width=0) (actual time=0.046..0.058 rows=0 loops=1)

  ->  Bitmap Heap Scan on warehouse  (cost=4.14..8.16 rows=1 width=22) (actual time=0.019..0.031 rows=1 loops=1)

        Recheck Cond: (w_id = 2)

        Heap Blocks: exact=1

        ->  Bitmap Index Scan on warehouse_pkey  (cost=0.00..4.14 rows=1 width=0) (actual time=0.009..0.020 rows=1 loops=1)

              Index Cond: (w_id = 2)

Planning Time: 0.076 ms

Execution Time: 0.090 ms
Failed SQL 264: UPDATE WAREHOUSE SET W_YTD = W_YTD + 2846.33 WHERE W_ID = 2
Error Message: Cannot invoke "java.util.List.get(int)" because the return value of "sg.edu.nus.autotune.DB2DATA.getAllIndexes()" is null


===== Query 265 =====

SQL: UPDATE OORDER SET O_CARRIER_ID = 7 WHERE O_ID = 2548 AND O_D_ID = 1 AND O_W_ID = 1

EXPLAIN Plan:

Update on oorder  (cost=0.42..8.44 rows=0 width=0) (actual time=0.052..0.053 rows=0 loops=1)

  ->  Index Scan using oorder_pkey on oorder  (cost=0.42..8.44 rows=1 width=10) (actual time=0.022..0.023 rows=1 loops=1)

        Index Cond: ((o_w_id = 1) AND (o_d_id = 1) AND (o_id = 2548))

Planning Time: 0.104 ms

Execution Time: 0.078 ms
Failed SQL 265: UPDATE OORDER SET O_CARRIER_ID = 7 WHERE O_ID = 2548 AND O_D_ID = 1 AND O_W_ID = 1
Error Message: Cannot invoke "java.util.List.get(int)" because the return value of "sg.edu.nus.autotune.DB2DATA.getAllIndexes()" is null


===== Query 266 =====

SQL: SELECT W_STREET_1, W_STREET_2, W_CITY, W_STATE, W_ZIP, W_NAME FROM WAREHOUSE WHERE W_ID = 2

EXPLAIN Plan:

Bitmap Heap Scan on warehouse  (cost=4.14..8.15 rows=1 width=65) (actual time=0.019..0.020 rows=1 loops=1)

  Recheck Cond: (w_id = 2)

  Heap Blocks: exact=1

  ->  Bitmap Index Scan on warehouse_pkey  (cost=0.00..4.14 rows=1 width=0) (actual time=0.009..0.009 rows=1 loops=1)

        Index Cond: (w_id = 2)

Planning Time: 0.074 ms

Execution Time: 0.045 ms
Failed SQL 266: SELECT W_STREET_1, W_STREET_2, W_CITY, W_STATE, W_ZIP, W_NAME FROM WAREHOUSE WHERE W_ID = 2
Error Message: Cannot invoke "java.util.List.get(int)" because the return value of "sg.edu.nus.autotune.DB2DATA.getAllIndexes()" is null


===== Query 267 =====

SQL: UPDATE ORDER_LINE SET OL_DELIVERY_D = '2014-10-12 20:52:15.922' WHERE OL_O_ID = 2548 AND OL_D_ID = 1 AND OL_W_ID = 1

EXPLAIN Plan:

Update on order_line  (cost=0.43..43.81 rows=0 width=0) (actual time=1.238..1.238 rows=0 loops=1)

  ->  Index Scan using order_line_pkey on order_line  (cost=0.43..43.81 rows=10 width=14) (actual time=0.887..1.084 rows=9 loops=1)

        Index Cond: ((ol_w_id = 1) AND (ol_d_id = 1) AND (ol_o_id = 2548))

Planning Time: 0.095 ms

Execution Time: 1.265 ms
Failed SQL 267: UPDATE ORDER_LINE SET OL_DELIVERY_D = '2014-10-12 20:52:15.922' WHERE OL_O_ID = 2548 AND OL_D_ID = 1 AND OL_W_ID = 1
Error Message: Cannot invoke "java.util.List.get(int)" because the return value of "sg.edu.nus.autotune.DB2DATA.getAllIndexes()" is null


===== Query 268 =====

SQL: UPDATE DISTRICT SET D_YTD = D_YTD + 2846.33 WHERE D_W_ID = 2 AND D_ID = 1

EXPLAIN Plan:

Update on district  (cost=4.28..11.67 rows=0 width=0) (actual time=0.036..0.037 rows=0 loops=1)

  ->  Bitmap Heap Scan on district  (cost=4.28..11.67 rows=2 width=22) (actual time=0.016..0.017 rows=1 loops=1)

        Recheck Cond: ((d_w_id = 2) AND (d_id = 1))

        Heap Blocks: exact=1

        ->  Bitmap Index Scan on district_pkey  (cost=0.00..4.28 rows=2 width=0) (actual time=0.008..0.008 rows=1 loops=1)

              Index Cond: ((d_w_id = 2) AND (d_id = 1))

Planning Time: 0.062 ms

Execution Time: 0.058 ms
Failed SQL 268: UPDATE DISTRICT SET D_YTD = D_YTD + 2846.33 WHERE D_W_ID = 2 AND D_ID = 1
Error Message: Cannot invoke "java.util.List.get(int)" because the return value of "sg.edu.nus.autotune.DB2DATA.getAllIndexes()" is null


===== Query 269 =====

SQL: SELECT D_STREET_1, D_STREET_2, D_CITY, D_STATE, D_ZIP, D_NAME FROM DISTRICT WHERE D_W_ID = 2 AND D_ID = 1

EXPLAIN Plan:

Bitmap Heap Scan on district  (cost=4.28..11.66 rows=2 width=64) (actual time=0.021..0.022 rows=1 loops=1)

  Recheck Cond: ((d_w_id = 2) AND (d_id = 1))

  Heap Blocks: exact=1

  ->  Bitmap Index Scan on district_pkey  (cost=0.00..4.28 rows=2 width=0) (actual time=0.010..0.011 rows=1 loops=1)

        Index Cond: ((d_w_id = 2) AND (d_id = 1))

Planning Time: 0.094 ms

Execution Time: 0.047 ms
Failed SQL 269: SELECT D_STREET_1, D_STREET_2, D_CITY, D_STATE, D_ZIP, D_NAME FROM DISTRICT WHERE D_W_ID = 2 AND D_ID = 1
Error Message: Cannot invoke "java.util.List.get(int)" because the return value of "sg.edu.nus.autotune.DB2DATA.getAllIndexes()" is null


===== Query 270 =====

SQL: SELECT C_FIRST, C_MIDDLE, C_ID, C_STREET_1, C_STREET_2, C_CITY, C_STATE, C_ZIP, C_PHONE, C_CREDIT, C_CREDIT_LIM, C_DISCOUNT, C_BALANCE, C_YTD_PAYMENT, C_PAYMENT_CNT, C_SINCE FROM CUSTOMER WHERE C_W_ID = 1 AND C_D_ID = 6 AND C_LAST = 'ESEESEANTI' ORDER BY C_FIRST

EXPLAIN Plan:

Sort  (cost=7378.81..7378.81 rows=2 width=131) (actual time=4.265..4.267 rows=3 loops=1)

  Sort Key: c_first

  Sort Method: quicksort  Memory: 25kB

  ->  Bitmap Heap Scan on customer  (cost=78.82..7378.80 rows=2 width=131) (actual time=1.417..4.253 rows=3 loops=1)

        Recheck Cond: ((c_w_id = 1) AND (c_d_id = 6))

        Filter: ((c_last)::text = 'ESEESEANTI'::text)

        Rows Removed by Filter: 2997

        Heap Blocks: exact=788

        ->  Bitmap Index Scan on customer_pkey  (cost=0.00..78.82 rows=3040 width=0) (actual time=0.506..0.507 rows=3032 loops=1)

              Index Cond: ((c_w_id = 1) AND (c_d_id = 6))

Planning Time: 0.176 ms

Execution Time: 4.306 ms
Failed SQL 270: SELECT C_FIRST, C_MIDDLE, C_ID, C_STREET_1, C_STREET_2, C_CITY, C_STATE, C_ZIP, C_PHONE, C_CREDIT, C_CREDIT_LIM, C_DISCOUNT, C_BALANCE, C_YTD_PAYMENT, C_PAYMENT_CNT, C_SINCE FROM CUSTOMER WHERE C_W_ID = 1 AND C_D_ID = 6 AND C_LAST = 'ESEESEANTI' ORDER BY C_FIRST
Error Message: Cannot invoke "java.util.List.get(int)" because the return value of "sg.edu.nus.autotune.DB2DATA.getAllIndexes()" is null


===== Query 271 =====

SQL: SELECT SUM(OL_AMOUNT) AS OL_TOTAL FROM ORDER_LINE WHERE OL_O_ID = 2548 AND OL_D_ID = 1 AND OL_W_ID = 1

EXPLAIN Plan:

Aggregate  (cost=43.83..43.84 rows=1 width=32) (actual time=0.091..0.091 rows=1 loops=1)

  ->  Index Scan using order_line_pkey on order_line  (cost=0.43..43.81 rows=10 width=6) (actual time=0.037..0.078 rows=9 loops=1)

        Index Cond: ((ol_w_id = 1) AND (ol_d_id = 1) AND (ol_o_id = 2548))

Planning Time: 0.114 ms

Execution Time: 0.121 ms
Failed SQL 271: SELECT SUM(OL_AMOUNT) AS OL_TOTAL FROM ORDER_LINE WHERE OL_O_ID = 2548 AND OL_D_ID = 1 AND OL_W_ID = 1
Error Message: Cannot invoke "java.util.List.get(int)" because the return value of "sg.edu.nus.autotune.DB2DATA.getAllIndexes()" is null


===== Query 272 =====

SQL: UPDATE CUSTOMER SET C_BALANCE = C_BALANCE + 100209.93, C_DELIVERY_CNT = C_DELIVERY_CNT + 1 WHERE C_W_ID = 1 AND C_D_ID = 1 AND C_ID = 1994

EXPLAIN Plan:

Update on customer  (cost=0.42..8.45 rows=0 width=0) (actual time=1.259..1.260 rows=0 loops=1)

  ->  Index Scan using customer_pkey on customer  (cost=0.42..8.45 rows=1 width=26) (actual time=1.183..1.184 rows=1 loops=1)

        Index Cond: ((c_w_id = 1) AND (c_d_id = 1) AND (c_id = 1994))

Planning Time: 0.101 ms

Execution Time: 1.288 ms
Failed SQL 272: UPDATE CUSTOMER SET C_BALANCE = C_BALANCE + 100209.93, C_DELIVERY_CNT = C_DELIVERY_CNT + 1 WHERE C_W_ID = 1 AND C_D_ID = 1 AND C_ID = 1994
Error Message: Cannot invoke "java.util.List.get(int)" because the return value of "sg.edu.nus.autotune.DB2DATA.getAllIndexes()" is null


===== Query 273 =====

SQL: SELECT NO_O_ID FROM NEW_ORDER WHERE NO_D_ID = 2 AND NO_W_ID = 1 ORDER BY NO_O_ID ASC LIMIT 1

EXPLAIN Plan:

Limit  (cost=0.42..0.47 rows=1 width=4) (actual time=0.790..0.791 rows=1 loops=1)

  ->  Index Only Scan using new_order_pkey on new_order  (cost=0.42..78.88 rows=1523 width=4) (actual time=0.788..0.789 rows=1 loops=1)

        Index Cond: ((no_w_id = 1) AND (no_d_id = 2))

        Heap Fetches: 0

Planning Time: 0.101 ms

Execution Time: 0.810 ms
Failed SQL 273: SELECT NO_O_ID FROM NEW_ORDER WHERE NO_D_ID = 2 AND NO_W_ID = 1 ORDER BY NO_O_ID ASC LIMIT 1
Error Message: Cannot invoke "java.util.List.get(int)" because the return value of "sg.edu.nus.autotune.DB2DATA.getAllIndexes()" is null


===== Query 274 =====

SQL: SELECT O_C_ID FROM OORDER WHERE O_ID = 2548 AND O_D_ID = 2 AND O_W_ID = 1

EXPLAIN Plan:

Index Scan using oorder_pkey on oorder  (cost=0.42..8.44 rows=1 width=4) (actual time=0.840..0.842 rows=1 loops=1)

  Index Cond: ((o_w_id = 1) AND (o_d_id = 2) AND (o_id = 2548))

Planning Time: 0.103 ms

Execution Time: 0.862 ms
Failed SQL 274: SELECT O_C_ID FROM OORDER WHERE O_ID = 2548 AND O_D_ID = 2 AND O_W_ID = 1
Error Message: Cannot invoke "java.util.List.get(int)" because the return value of "sg.edu.nus.autotune.DB2DATA.getAllIndexes()" is null


===== Query 275 =====

SQL: UPDATE OORDER SET O_CARRIER_ID = 7 WHERE O_ID = 2548 AND O_D_ID = 2 AND O_W_ID = 1

EXPLAIN Plan:

Update on oorder  (cost=0.42..8.44 rows=0 width=0) (actual time=0.052..0.053 rows=0 loops=1)

  ->  Index Scan using oorder_pkey on oorder  (cost=0.42..8.44 rows=1 width=10) (actual time=0.023..0.024 rows=1 loops=1)

        Index Cond: ((o_w_id = 1) AND (o_d_id = 2) AND (o_id = 2548))

Planning Time: 0.119 ms

Execution Time: 0.080 ms
Failed SQL 275: UPDATE OORDER SET O_CARRIER_ID = 7 WHERE O_ID = 2548 AND O_D_ID = 2 AND O_W_ID = 1
Error Message: Cannot invoke "java.util.List.get(int)" because the return value of "sg.edu.nus.autotune.DB2DATA.getAllIndexes()" is null


===== Query 276 =====

SQL: UPDATE ORDER_LINE SET OL_DELIVERY_D = '2014-10-12 20:52:15.964' WHERE OL_O_ID = 2548 AND OL_D_ID = 2 AND OL_W_ID = 1

EXPLAIN Plan:

Update on order_line  (cost=0.43..43.81 rows=0 width=0) (actual time=1.506..1.507 rows=0 loops=1)

  ->  Index Scan using order_line_pkey on order_line  (cost=0.43..43.81 rows=10 width=14) (actual time=1.217..1.409 rows=9 loops=1)

        Index Cond: ((ol_w_id = 1) AND (ol_d_id = 2) AND (ol_o_id = 2548))

Planning Time: 0.092 ms

Execution Time: 1.532 ms
Failed SQL 276: UPDATE ORDER_LINE SET OL_DELIVERY_D = '2014-10-12 20:52:15.964' WHERE OL_O_ID = 2548 AND OL_D_ID = 2 AND OL_W_ID = 1
Error Message: Cannot invoke "java.util.List.get(int)" because the return value of "sg.edu.nus.autotune.DB2DATA.getAllIndexes()" is null


===== Query 277 =====

SQL: SELECT SUM(OL_AMOUNT) AS OL_TOTAL FROM ORDER_LINE WHERE OL_O_ID = 2548 AND OL_D_ID = 2 AND OL_W_ID = 1

EXPLAIN Plan:

Aggregate  (cost=43.83..43.84 rows=1 width=32) (actual time=0.057..0.057 rows=1 loops=1)

  ->  Index Scan using order_line_pkey on order_line  (cost=0.43..43.81 rows=10 width=6) (actual time=0.024..0.044 rows=9 loops=1)

        Index Cond: ((ol_w_id = 1) AND (ol_d_id = 2) AND (ol_o_id = 2548))

Planning Time: 0.104 ms

Execution Time: 0.087 ms
Failed SQL 277: SELECT SUM(OL_AMOUNT) AS OL_TOTAL FROM ORDER_LINE WHERE OL_O_ID = 2548 AND OL_D_ID = 2 AND OL_W_ID = 1
Error Message: Cannot invoke "java.util.List.get(int)" because the return value of "sg.edu.nus.autotune.DB2DATA.getAllIndexes()" is null


===== Query 278 =====

SQL: UPDATE CUSTOMER SET C_BALANCE = C_BALANCE + 71246.97, C_DELIVERY_CNT = C_DELIVERY_CNT + 1 WHERE C_W_ID = 1 AND C_D_ID = 2 AND C_ID = 178

EXPLAIN Plan:

Update on customer  (cost=0.42..8.45 rows=0 width=0) (actual time=0.068..0.068 rows=0 loops=1)

  ->  Index Scan using customer_pkey on customer  (cost=0.42..8.45 rows=1 width=26) (actual time=0.030..0.031 rows=1 loops=1)

        Index Cond: ((c_w_id = 1) AND (c_d_id = 2) AND (c_id = 178))

Planning Time: 0.098 ms

Execution Time: 0.096 ms
Failed SQL 278: UPDATE CUSTOMER SET C_BALANCE = C_BALANCE + 71246.97, C_DELIVERY_CNT = C_DELIVERY_CNT + 1 WHERE C_W_ID = 1 AND C_D_ID = 2 AND C_ID = 178
Error Message: Cannot invoke "java.util.List.get(int)" because the return value of "sg.edu.nus.autotune.DB2DATA.getAllIndexes()" is null


===== Query 279 =====

SQL: SELECT C_DATA FROM CUSTOMER WHERE C_W_ID = 1 AND C_D_ID = 6 AND C_ID = 1920

EXPLAIN Plan:

Index Scan using customer_pkey on customer  (cost=0.42..8.44 rows=1 width=405) (actual time=0.022..0.023 rows=1 loops=1)

  Index Cond: ((c_w_id = 1) AND (c_d_id = 6) AND (c_id = 1920))

Planning Time: 0.136 ms

Execution Time: 0.043 ms
Failed SQL 279: SELECT C_DATA FROM CUSTOMER WHERE C_W_ID = 1 AND C_D_ID = 6 AND C_ID = 1920
Error Message: Cannot invoke "java.util.List.get(int)" because the return value of "sg.edu.nus.autotune.DB2DATA.getAllIndexes()" is null


===== Query 280 =====

SQL: UPDATE CUSTOMER SET C_BALANCE = -2856.33, C_YTD_PAYMENT = 2856.33, C_PAYMENT_CNT = 2, C_DATA = '1920 6 1 1 2 2846.33 | jxrojcmcwlkxevpydkfxmnqweicxczgmpciyynnjqazcvnqrehshhrexjaotjqvknvfwrrlujwhbgqsxhymvhxhpqmhfdiebttiixlxbvirznjjiuyccquezjsalgkbdeoseilvlypwikgxumpvqxyxqvfzabespvsmsylozeopynlxcicgldxxjpcrwvmhajhtkgjtaxyxpjzkcyomeqkjebosxitzxhsvocjcvvfhpscqqyqsvwfhwietcwzunqyllamgozrqxeawpqobowiueygknprfwlekprkuawrhbefiigegtmhpqpmammpkrdojsojaninfkmoqvalqexkknrwlpcfgraiwdbgypld' WHERE C_W_ID = 1 AND C_D_ID = 6 AND C_ID = 1920

EXPLAIN Plan:

Update on customer  (cost=0.42..8.44 rows=0 width=0) (actual time=0.078..0.079 rows=0 loops=1)

  ->  Index Scan using customer_pkey on customer  (cost=0.42..8.44 rows=1 width=550) (actual time=0.022..0.023 rows=1 loops=1)

        Index Cond: ((c_w_id = 1) AND (c_d_id = 6) AND (c_id = 1920))

Planning Time: 0.106 ms

Execution Time: 0.103 ms
Failed SQL 280: UPDATE CUSTOMER SET C_BALANCE = -2856.33, C_YTD_PAYMENT = 2856.33, C_PAYMENT_CNT = 2, C_DATA = '1920 6 1 1 2 2846.33 | jxrojcmcwlkxevpydkfxmnqweicxczgmpciyynnjqazcvnqrehshhrexjaotjqvknvfwrrlujwhbgqsxhymvhxhpqmhfdiebttiixlxbvirznjjiuyccquezjsalgkbdeoseilvlypwikgxumpvqxyxqvfzabespvsmsylozeopynlxcicgldxxjpcrwvmhajhtkgjtaxyxpjzkcyomeqkjebosxitzxhsvocjcvvfhpscqqyqsvwfhwietcwzunqyllamgozrqxeawpqobowiueygknprfwlekprkuawrhbefiigegtmhpqpmammpkrdojsojaninfkmoqvalqexkknrwlpcfgraiwdbgypld' WHERE C_W_ID = 1 AND C_D_ID = 6 AND C_ID = 1920
Error Message: Cannot invoke "java.util.List.get(int)" because the return value of "sg.edu.nus.autotune.DB2DATA.getAllIndexes()" is null


===== Query 281 =====

SQL: SELECT C_DISCOUNT, C_LAST, C_CREDIT, W_TAX FROM CUSTOMER, WAREHOUSE WHERE W_ID = 2 AND C_W_ID = 2 AND C_D_ID = 4 AND C_ID = 1153

EXPLAIN Plan:

Nested Loop  (cost=4.56..16.61 rows=1 width=26) (actual time=20.413..20.416 rows=1 loops=1)

  ->  Index Scan using customer_pkey on customer  (cost=0.42..8.44 rows=1 width=21) (actual time=20.393..20.394 rows=1 loops=1)

        Index Cond: ((c_w_id = 2) AND (c_d_id = 4) AND (c_id = 1153))

  ->  Bitmap Heap Scan on warehouse  (cost=4.14..8.15 rows=1 width=5) (actual time=0.009..0.009 rows=1 loops=1)

        Recheck Cond: (w_id = 2)

        Heap Blocks: exact=1

        ->  Bitmap Index Scan on warehouse_pkey  (cost=0.00..4.14 rows=1 width=0) (actual time=0.005..0.005 rows=1 loops=1)

              Index Cond: (w_id = 2)

Planning Time: 0.138 ms

Execution Time: 20.453 ms
Failed SQL 281: SELECT C_DISCOUNT, C_LAST, C_CREDIT, W_TAX FROM CUSTOMER, WAREHOUSE WHERE W_ID = 2 AND C_W_ID = 2 AND C_D_ID = 4 AND C_ID = 1153
Error Message: Cannot invoke "java.util.List.get(int)" because the return value of "sg.edu.nus.autotune.DB2DATA.getAllIndexes()" is null


===== Query 282 =====

SQL: SELECT NO_O_ID FROM NEW_ORDER WHERE NO_D_ID = 3 AND NO_W_ID = 1 ORDER BY NO_O_ID ASC LIMIT 1

EXPLAIN Plan:

Limit  (cost=0.42..0.47 rows=1 width=4) (actual time=0.517..0.518 rows=1 loops=1)

  ->  Index Only Scan using new_order_pkey on new_order  (cost=0.42..86.04 rows=1681 width=4) (actual time=0.515..0.516 rows=1 loops=1)

        Index Cond: ((no_w_id = 1) AND (no_d_id = 3))

        Heap Fetches: 0

Planning Time: 0.104 ms

Execution Time: 0.539 ms
Failed SQL 282: SELECT NO_O_ID FROM NEW_ORDER WHERE NO_D_ID = 3 AND NO_W_ID = 1 ORDER BY NO_O_ID ASC LIMIT 1
Error Message: Cannot invoke "java.util.List.get(int)" because the return value of "sg.edu.nus.autotune.DB2DATA.getAllIndexes()" is null


===== Query 283 =====

SQL: SELECT O_C_ID FROM OORDER WHERE O_ID = 2548 AND O_D_ID = 3 AND O_W_ID = 1

EXPLAIN Plan:

Index Scan using oorder_pkey on oorder  (cost=0.42..8.44 rows=1 width=4) (actual time=0.356..0.358 rows=1 loops=1)

  Index Cond: ((o_w_id = 1) AND (o_d_id = 3) AND (o_id = 2548))

Planning Time: 0.103 ms

Execution Time: 0.377 ms
Failed SQL 283: SELECT O_C_ID FROM OORDER WHERE O_ID = 2548 AND O_D_ID = 3 AND O_W_ID = 1
Error Message: Cannot invoke "java.util.List.get(int)" because the return value of "sg.edu.nus.autotune.DB2DATA.getAllIndexes()" is null


===== Query 284 =====

SQL: UPDATE OORDER SET O_CARRIER_ID = 7 WHERE O_ID = 2548 AND O_D_ID = 3 AND O_W_ID = 1

EXPLAIN Plan:

Update on oorder  (cost=0.42..8.44 rows=0 width=0) (actual time=0.052..0.052 rows=0 loops=1)

  ->  Index Scan using oorder_pkey on oorder  (cost=0.42..8.44 rows=1 width=10) (actual time=0.021..0.022 rows=1 loops=1)

        Index Cond: ((o_w_id = 1) AND (o_d_id = 3) AND (o_id = 2548))

Planning Time: 0.107 ms

Execution Time: 0.079 ms
Failed SQL 284: UPDATE OORDER SET O_CARRIER_ID = 7 WHERE O_ID = 2548 AND O_D_ID = 3 AND O_W_ID = 1
Error Message: Cannot invoke "java.util.List.get(int)" because the return value of "sg.edu.nus.autotune.DB2DATA.getAllIndexes()" is null


===== Query 285 =====

SQL: UPDATE ORDER_LINE SET OL_DELIVERY_D = '2014-10-12 20:52:16.014' WHERE OL_O_ID = 2548 AND OL_D_ID = 3 AND OL_W_ID = 1

EXPLAIN Plan:

Update on order_line  (cost=0.43..43.81 rows=0 width=0) (actual time=1.034..1.034 rows=0 loops=1)

  ->  Index Scan using order_line_pkey on order_line  (cost=0.43..43.81 rows=10 width=14) (actual time=0.737..0.933 rows=10 loops=1)

        Index Cond: ((ol_w_id = 1) AND (ol_d_id = 3) AND (ol_o_id = 2548))

Planning Time: 0.089 ms

Execution Time: 1.061 ms
Failed SQL 285: UPDATE ORDER_LINE SET OL_DELIVERY_D = '2014-10-12 20:52:16.014' WHERE OL_O_ID = 2548 AND OL_D_ID = 3 AND OL_W_ID = 1
Error Message: Cannot invoke "java.util.List.get(int)" because the return value of "sg.edu.nus.autotune.DB2DATA.getAllIndexes()" is null


===== Query 286 =====

SQL: SELECT SUM(OL_AMOUNT) AS OL_TOTAL FROM ORDER_LINE WHERE OL_O_ID = 2548 AND OL_D_ID = 3 AND OL_W_ID = 1

EXPLAIN Plan:

Aggregate  (cost=43.83..43.84 rows=1 width=32) (actual time=0.075..0.076 rows=1 loops=1)

  ->  Index Scan using order_line_pkey on order_line  (cost=0.43..43.81 rows=10 width=6) (actual time=0.038..0.062 rows=10 loops=1)

        Index Cond: ((ol_w_id = 1) AND (ol_d_id = 3) AND (ol_o_id = 2548))

Planning Time: 0.104 ms

Execution Time: 0.105 ms
Failed SQL 286: SELECT SUM(OL_AMOUNT) AS OL_TOTAL FROM ORDER_LINE WHERE OL_O_ID = 2548 AND OL_D_ID = 3 AND OL_W_ID = 1
Error Message: Cannot invoke "java.util.List.get(int)" because the return value of "sg.edu.nus.autotune.DB2DATA.getAllIndexes()" is null


===== Query 287 =====

SQL: UPDATE CUSTOMER SET C_BALANCE = C_BALANCE + 43113.73, C_DELIVERY_CNT = C_DELIVERY_CNT + 1 WHERE C_W_ID = 1 AND C_D_ID = 3 AND C_ID = 1363

EXPLAIN Plan:

Update on customer  (cost=0.42..8.45 rows=0 width=0) (actual time=1.217..1.217 rows=0 loops=1)

  ->  Index Scan using customer_pkey on customer  (cost=0.42..8.45 rows=1 width=26) (actual time=1.180..1.181 rows=1 loops=1)

        Index Cond: ((c_w_id = 1) AND (c_d_id = 3) AND (c_id = 1363))

Planning Time: 0.096 ms

Execution Time: 1.245 ms
Failed SQL 287: UPDATE CUSTOMER SET C_BALANCE = C_BALANCE + 43113.73, C_DELIVERY_CNT = C_DELIVERY_CNT + 1 WHERE C_W_ID = 1 AND C_D_ID = 3 AND C_ID = 1363
Error Message: Cannot invoke "java.util.List.get(int)" because the return value of "sg.edu.nus.autotune.DB2DATA.getAllIndexes()" is null


===== Query 288 =====

SQL: SELECT D_NEXT_O_ID, D_TAX FROM DISTRICT WHERE D_W_ID = 2 AND D_ID = 4

EXPLAIN Plan:

Bitmap Heap Scan on district  (cost=4.28..11.66 rows=2 width=9) (actual time=0.027..0.027 rows=1 loops=1)

  Recheck Cond: ((d_w_id = 2) AND (d_id = 4))

  Heap Blocks: exact=1

  ->  Bitmap Index Scan on district_pkey  (cost=0.00..4.28 rows=2 width=0) (actual time=0.011..0.011 rows=1 loops=1)

        Index Cond: ((d_w_id = 2) AND (d_id = 4))

Planning Time: 0.088 ms

Execution Time: 0.052 ms
Failed SQL 288: SELECT D_NEXT_O_ID, D_TAX FROM DISTRICT WHERE D_W_ID = 2 AND D_ID = 4
Error Message: Cannot invoke "java.util.List.get(int)" because the return value of "sg.edu.nus.autotune.DB2DATA.getAllIndexes()" is null


===== Query 289 =====

SQL: UPDATE DISTRICT SET D_NEXT_O_ID = D_NEXT_O_ID + 1 WHERE D_W_ID = 2 AND D_ID = 4

EXPLAIN Plan:

Update on district  (cost=4.28..11.67 rows=0 width=0) (actual time=0.059..0.059 rows=0 loops=1)

  ->  Bitmap Heap Scan on district  (cost=4.28..11.67 rows=2 width=10) (actual time=0.019..0.020 rows=1 loops=1)

        Recheck Cond: ((d_w_id = 2) AND (d_id = 4))

        Heap Blocks: exact=1

        ->  Bitmap Index Scan on district_pkey  (cost=0.00..4.28 rows=2 width=0) (actual time=0.010..0.011 rows=1 loops=1)

              Index Cond: ((d_w_id = 2) AND (d_id = 4))

Planning Time: 0.095 ms

Execution Time: 0.092 ms
Failed SQL 289: UPDATE DISTRICT SET D_NEXT_O_ID = D_NEXT_O_ID + 1 WHERE D_W_ID = 2 AND D_ID = 4
Error Message: Cannot invoke "java.util.List.get(int)" because the return value of "sg.edu.nus.autotune.DB2DATA.getAllIndexes()" is null


===== Query 290 =====

SQL: SELECT NO_O_ID FROM NEW_ORDER WHERE NO_D_ID = 4 AND NO_W_ID = 1 ORDER BY NO_O_ID ASC LIMIT 1

EXPLAIN Plan:

Limit  (cost=0.42..0.47 rows=1 width=4) (actual time=0.818..0.819 rows=1 loops=1)

  ->  Index Only Scan using new_order_pkey on new_order  (cost=0.42..85.24 rows=1641 width=4) (actual time=0.817..0.818 rows=1 loops=1)

        Index Cond: ((no_w_id = 1) AND (no_d_id = 4))

        Heap Fetches: 0

Planning Time: 0.102 ms

Execution Time: 0.840 ms
Failed SQL 290: SELECT NO_O_ID FROM NEW_ORDER WHERE NO_D_ID = 4 AND NO_W_ID = 1 ORDER BY NO_O_ID ASC LIMIT 1
Error Message: Cannot invoke "java.util.List.get(int)" because the return value of "sg.edu.nus.autotune.DB2DATA.getAllIndexes()" is null


===== Query 291 =====

SQL: SELECT O_C_ID FROM OORDER WHERE O_ID = 2548 AND O_D_ID = 4 AND O_W_ID = 1

EXPLAIN Plan:

Index Scan using oorder_pkey on oorder  (cost=0.42..8.44 rows=1 width=4) (actual time=0.852..0.854 rows=1 loops=1)

  Index Cond: ((o_w_id = 1) AND (o_d_id = 4) AND (o_id = 2548))

Planning Time: 0.105 ms

Execution Time: 0.875 ms
Failed SQL 291: SELECT O_C_ID FROM OORDER WHERE O_ID = 2548 AND O_D_ID = 4 AND O_W_ID = 1
Error Message: Cannot invoke "java.util.List.get(int)" because the return value of "sg.edu.nus.autotune.DB2DATA.getAllIndexes()" is null


===== Query 292 =====

SQL: UPDATE OORDER SET O_CARRIER_ID = 7 WHERE O_ID = 2548 AND O_D_ID = 4 AND O_W_ID = 1

EXPLAIN Plan:

Update on oorder  (cost=0.42..8.44 rows=0 width=0) (actual time=0.051..0.052 rows=0 loops=1)

  ->  Index Scan using oorder_pkey on oorder  (cost=0.42..8.44 rows=1 width=10) (actual time=0.021..0.023 rows=1 loops=1)

        Index Cond: ((o_w_id = 1) AND (o_d_id = 4) AND (o_id = 2548))

Planning Time: 0.103 ms

Execution Time: 0.077 ms
Failed SQL 292: UPDATE OORDER SET O_CARRIER_ID = 7 WHERE O_ID = 2548 AND O_D_ID = 4 AND O_W_ID = 1
Error Message: Cannot invoke "java.util.List.get(int)" because the return value of "sg.edu.nus.autotune.DB2DATA.getAllIndexes()" is null


===== Query 293 =====

SQL: UPDATE ORDER_LINE SET OL_DELIVERY_D = '2014-10-12 20:52:16.033' WHERE OL_O_ID = 2548 AND OL_D_ID = 4 AND OL_W_ID = 1

EXPLAIN Plan:

Update on order_line  (cost=0.43..43.81 rows=0 width=0) (actual time=1.452..1.453 rows=0 loops=1)

  ->  Index Scan using order_line_pkey on order_line  (cost=0.43..43.81 rows=10 width=14) (actual time=1.368..1.373 rows=6 loops=1)

        Index Cond: ((ol_w_id = 1) AND (ol_d_id = 4) AND (ol_o_id = 2548))

Planning Time: 0.095 ms

Execution Time: 1.478 ms
Failed SQL 293: UPDATE ORDER_LINE SET OL_DELIVERY_D = '2014-10-12 20:52:16.033' WHERE OL_O_ID = 2548 AND OL_D_ID = 4 AND OL_W_ID = 1
Error Message: Cannot invoke "java.util.List.get(int)" because the return value of "sg.edu.nus.autotune.DB2DATA.getAllIndexes()" is null


===== Query 294 =====

SQL: SELECT SUM(OL_AMOUNT) AS OL_TOTAL FROM ORDER_LINE WHERE OL_O_ID = 2548 AND OL_D_ID = 4 AND OL_W_ID = 1

EXPLAIN Plan:

Aggregate  (cost=43.83..43.84 rows=1 width=32) (actual time=0.086..0.087 rows=1 loops=1)

  ->  Index Scan using order_line_pkey on order_line  (cost=0.43..43.81 rows=10 width=6) (actual time=0.069..0.074 rows=6 loops=1)

        Index Cond: ((ol_w_id = 1) AND (ol_d_id = 4) AND (ol_o_id = 2548))

Planning Time: 0.107 ms

Execution Time: 0.117 ms
Failed SQL 294: SELECT SUM(OL_AMOUNT) AS OL_TOTAL FROM ORDER_LINE WHERE OL_O_ID = 2548 AND OL_D_ID = 4 AND OL_W_ID = 1
Error Message: Cannot invoke "java.util.List.get(int)" because the return value of "sg.edu.nus.autotune.DB2DATA.getAllIndexes()" is null


===== Query 295 =====

SQL: UPDATE CUSTOMER SET C_BALANCE = C_BALANCE + 24509.87, C_DELIVERY_CNT = C_DELIVERY_CNT + 1 WHERE C_W_ID = 1 AND C_D_ID = 4 AND C_ID = 1801

EXPLAIN Plan:

Update on customer  (cost=0.42..8.45 rows=0 width=0) (actual time=0.092..0.093 rows=0 loops=1)

  ->  Index Scan using customer_pkey on customer  (cost=0.42..8.45 rows=1 width=26) (actual time=0.053..0.054 rows=1 loops=1)

        Index Cond: ((c_w_id = 1) AND (c_d_id = 4) AND (c_id = 1801))

Planning Time: 0.097 ms

Execution Time: 0.121 ms
Failed SQL 295: UPDATE CUSTOMER SET C_BALANCE = C_BALANCE + 24509.87, C_DELIVERY_CNT = C_DELIVERY_CNT + 1 WHERE C_W_ID = 1 AND C_D_ID = 4 AND C_ID = 1801
Error Message: Cannot invoke "java.util.List.get(int)" because the return value of "sg.edu.nus.autotune.DB2DATA.getAllIndexes()" is null


===== Query 296 =====

SQL: SELECT I_PRICE, I_NAME , I_DATA FROM ITEM WHERE I_ID = 80742

EXPLAIN Plan:

Index Scan using item_pkey on item  (cost=0.29..8.31 rows=1 width=61) (actual time=1.134..1.136 rows=1 loops=1)

  Index Cond: (i_id = 80742)

Planning Time: 0.071 ms

Execution Time: 1.155 ms
Failed SQL 296: SELECT I_PRICE, I_NAME , I_DATA FROM ITEM WHERE I_ID = 80742
Error Message: Cannot invoke "java.util.List.get(int)" because the return value of "sg.edu.nus.autotune.DB2DATA.getAllIndexes()" is null


===== Query 297 =====

SQL: SELECT S_QUANTITY, S_DATA, S_DIST_01, S_DIST_02, S_DIST_03, S_DIST_04, S_DIST_05, S_DIST_06, S_DIST_07, S_DIST_08, S_DIST_09, S_DIST_10 FROM STOCK WHERE S_I_ID = 80742 AND S_W_ID = 2

EXPLAIN Plan:

Index Scan using stock_pkey on stock  (cost=0.42..8.44 rows=1 width=291) (actual time=1.044..1.046 rows=1 loops=1)

  Index Cond: ((s_w_id = 2) AND (s_i_id = 80742))

Planning Time: 0.091 ms

Execution Time: 1.069 ms
Failed SQL 297: SELECT S_QUANTITY, S_DATA, S_DIST_01, S_DIST_02, S_DIST_03, S_DIST_04, S_DIST_05, S_DIST_06, S_DIST_07, S_DIST_08, S_DIST_09, S_DIST_10 FROM STOCK WHERE S_I_ID = 80742 AND S_W_ID = 2
Error Message: Cannot invoke "java.util.List.get(int)" because the return value of "sg.edu.nus.autotune.DB2DATA.getAllIndexes()" is null


===== Query 298 =====

SQL: SELECT NO_O_ID FROM NEW_ORDER WHERE NO_D_ID = 5 AND NO_W_ID = 1 ORDER BY NO_O_ID ASC LIMIT 1

EXPLAIN Plan:

Limit  (cost=0.42..0.47 rows=1 width=4) (actual time=1.006..1.007 rows=1 loops=1)

  ->  Index Only Scan using new_order_pkey on new_order  (cost=0.42..84.90 rows=1624 width=4) (actual time=1.005..1.005 rows=1 loops=1)

        Index Cond: ((no_w_id = 1) AND (no_d_id = 5))

        Heap Fetches: 0

Planning Time: 0.104 ms

Execution Time: 1.027 ms
Failed SQL 298: SELECT NO_O_ID FROM NEW_ORDER WHERE NO_D_ID = 5 AND NO_W_ID = 1 ORDER BY NO_O_ID ASC LIMIT 1
Error Message: Cannot invoke "java.util.List.get(int)" because the return value of "sg.edu.nus.autotune.DB2DATA.getAllIndexes()" is null


===== Query 299 =====

SQL: SELECT O_C_ID FROM OORDER WHERE O_ID = 2548 AND O_D_ID = 5 AND O_W_ID = 1

EXPLAIN Plan:

Index Scan using oorder_pkey on oorder  (cost=0.42..8.44 rows=1 width=4) (actual time=1.187..1.189 rows=1 loops=1)

  Index Cond: ((o_w_id = 1) AND (o_d_id = 5) AND (o_id = 2548))

Planning Time: 0.157 ms

Execution Time: 1.213 ms
Failed SQL 299: SELECT O_C_ID FROM OORDER WHERE O_ID = 2548 AND O_D_ID = 5 AND O_W_ID = 1
Error Message: Cannot invoke "java.util.List.get(int)" because the return value of "sg.edu.nus.autotune.DB2DATA.getAllIndexes()" is null


===== Query 300 =====

SQL: UPDATE OORDER SET O_CARRIER_ID = 7 WHERE O_ID = 2548 AND O_D_ID = 5 AND O_W_ID = 1

EXPLAIN Plan:

Update on oorder  (cost=0.42..8.44 rows=0 width=0) (actual time=0.052..0.053 rows=0 loops=1)

  ->  Index Scan using oorder_pkey on oorder  (cost=0.42..8.44 rows=1 width=10) (actual time=0.022..0.023 rows=1 loops=1)

        Index Cond: ((o_w_id = 1) AND (o_d_id = 5) AND (o_id = 2548))

Planning Time: 0.103 ms

Execution Time: 0.079 ms
Failed SQL 300: UPDATE OORDER SET O_CARRIER_ID = 7 WHERE O_ID = 2548 AND O_D_ID = 5 AND O_W_ID = 1
Error Message: Cannot invoke "java.util.List.get(int)" because the return value of "sg.edu.nus.autotune.DB2DATA.getAllIndexes()" is null


===== Query 301 =====

SQL: UPDATE ORDER_LINE SET OL_DELIVERY_D = '2014-10-12 20:52:16.063' WHERE OL_O_ID = 2548 AND OL_D_ID = 5 AND OL_W_ID = 1

EXPLAIN Plan:

Update on order_line  (cost=0.43..43.81 rows=0 width=0) (actual time=1.365..1.366 rows=0 loops=1)

  ->  Index Scan using order_line_pkey on order_line  (cost=0.43..43.81 rows=10 width=14) (actual time=0.991..1.257 rows=11 loops=1)

        Index Cond: ((ol_w_id = 1) AND (ol_d_id = 5) AND (ol_o_id = 2548))

Planning Time: 0.092 ms

Execution Time: 1.394 ms
Failed SQL 301: UPDATE ORDER_LINE SET OL_DELIVERY_D = '2014-10-12 20:52:16.063' WHERE OL_O_ID = 2548 AND OL_D_ID = 5 AND OL_W_ID = 1
Error Message: Cannot invoke "java.util.List.get(int)" because the return value of "sg.edu.nus.autotune.DB2DATA.getAllIndexes()" is null


===== Query 302 =====

SQL: SELECT SUM(OL_AMOUNT) AS OL_TOTAL FROM ORDER_LINE WHERE OL_O_ID = 2548 AND OL_D_ID = 5 AND OL_W_ID = 1

EXPLAIN Plan:

Aggregate  (cost=43.83..43.84 rows=1 width=32) (actual time=0.075..0.075 rows=1 loops=1)

  ->  Index Scan using order_line_pkey on order_line  (cost=0.43..43.81 rows=10 width=6) (actual time=0.038..0.061 rows=11 loops=1)

        Index Cond: ((ol_w_id = 1) AND (ol_d_id = 5) AND (ol_o_id = 2548))

Planning Time: 0.110 ms

Execution Time: 0.105 ms
Failed SQL 302: SELECT SUM(OL_AMOUNT) AS OL_TOTAL FROM ORDER_LINE WHERE OL_O_ID = 2548 AND OL_D_ID = 5 AND OL_W_ID = 1
Error Message: Cannot invoke "java.util.List.get(int)" because the return value of "sg.edu.nus.autotune.DB2DATA.getAllIndexes()" is null


===== Query 303 =====

SQL: UPDATE CUSTOMER SET C_BALANCE = C_BALANCE + 18514.58, C_DELIVERY_CNT = C_DELIVERY_CNT + 1 WHERE C_W_ID = 1 AND C_D_ID = 5 AND C_ID = 420

EXPLAIN Plan:

Update on customer  (cost=0.42..8.45 rows=0 width=0) (actual time=1.080..1.080 rows=0 loops=1)

  ->  Index Scan using customer_pkey on customer  (cost=0.42..8.45 rows=1 width=26) (actual time=1.039..1.040 rows=1 loops=1)

        Index Cond: ((c_w_id = 1) AND (c_d_id = 5) AND (c_id = 420))

Planning Time: 0.097 ms

Execution Time: 1.110 ms
Failed SQL 303: UPDATE CUSTOMER SET C_BALANCE = C_BALANCE + 18514.58, C_DELIVERY_CNT = C_DELIVERY_CNT + 1 WHERE C_W_ID = 1 AND C_D_ID = 5 AND C_ID = 420
Error Message: Cannot invoke "java.util.List.get(int)" because the return value of "sg.edu.nus.autotune.DB2DATA.getAllIndexes()" is null


===== Query 304 =====

SQL: UPDATE STOCK SET S_QUANTITY = 25, S_YTD = S_YTD + 4, S_ORDER_CNT = S_ORDER_CNT + 1, S_REMOTE_CNT = S_REMOTE_CNT + 0 WHERE S_I_ID = 80742 AND S_W_ID = 2

EXPLAIN Plan:

Update on stock  (cost=0.42..8.45 rows=0 width=0) (actual time=0.082..0.083 rows=0 loops=1)

  ->  Index Scan using stock_pkey on stock  (cost=0.42..8.45 rows=1 width=32) (actual time=0.026..0.027 rows=1 loops=1)

        Index Cond: ((s_w_id = 2) AND (s_i_id = 80742))

Planning Time: 0.101 ms

Execution Time: 0.110 ms
Failed SQL 304: UPDATE STOCK SET S_QUANTITY = 25, S_YTD = S_YTD + 4, S_ORDER_CNT = S_ORDER_CNT + 1, S_REMOTE_CNT = S_REMOTE_CNT + 0 WHERE S_I_ID = 80742 AND S_W_ID = 2
Error Message: Cannot invoke "java.util.List.get(int)" because the return value of "sg.edu.nus.autotune.DB2DATA.getAllIndexes()" is null


===== Query 305 =====

SQL: SELECT I_PRICE, I_NAME , I_DATA FROM ITEM WHERE I_ID = 32345

EXPLAIN Plan:

Index Scan using item_pkey on item  (cost=0.29..8.31 rows=1 width=61) (actual time=0.815..0.817 rows=1 loops=1)

  Index Cond: (i_id = 32345)

Planning Time: 0.071 ms

Execution Time: 0.837 ms
Failed SQL 305: SELECT I_PRICE, I_NAME , I_DATA FROM ITEM WHERE I_ID = 32345
Error Message: Cannot invoke "java.util.List.get(int)" because the return value of "sg.edu.nus.autotune.DB2DATA.getAllIndexes()" is null


===== Query 306 =====

SQL: SELECT S_QUANTITY, S_DATA, S_DIST_01, S_DIST_02, S_DIST_03, S_DIST_04, S_DIST_05, S_DIST_06, S_DIST_07, S_DIST_08, S_DIST_09, S_DIST_10 FROM STOCK WHERE S_I_ID = 32345 AND S_W_ID = 2

EXPLAIN Plan:

Index Scan using stock_pkey on stock  (cost=0.42..8.44 rows=1 width=291) (actual time=1.007..1.009 rows=1 loops=1)

  Index Cond: ((s_w_id = 2) AND (s_i_id = 32345))

Planning Time: 0.093 ms

Execution Time: 1.031 ms
Failed SQL 306: SELECT S_QUANTITY, S_DATA, S_DIST_01, S_DIST_02, S_DIST_03, S_DIST_04, S_DIST_05, S_DIST_06, S_DIST_07, S_DIST_08, S_DIST_09, S_DIST_10 FROM STOCK WHERE S_I_ID = 32345 AND S_W_ID = 2
Error Message: Cannot invoke "java.util.List.get(int)" because the return value of "sg.edu.nus.autotune.DB2DATA.getAllIndexes()" is null


===== Query 307 =====

SQL: UPDATE STOCK SET S_QUANTITY = 69, S_YTD = S_YTD + 1, S_ORDER_CNT = S_ORDER_CNT + 1, S_REMOTE_CNT = S_REMOTE_CNT + 0 WHERE S_I_ID = 32345 AND S_W_ID = 2

EXPLAIN Plan:

Update on stock  (cost=0.42..8.45 rows=0 width=0) (actual time=0.061..0.062 rows=0 loops=1)

  ->  Index Scan using stock_pkey on stock  (cost=0.42..8.45 rows=1 width=32) (actual time=0.025..0.026 rows=1 loops=1)

        Index Cond: ((s_w_id = 2) AND (s_i_id = 32345))

Planning Time: 0.099 ms

Execution Time: 0.089 ms
Failed SQL 307: UPDATE STOCK SET S_QUANTITY = 69, S_YTD = S_YTD + 1, S_ORDER_CNT = S_ORDER_CNT + 1, S_REMOTE_CNT = S_REMOTE_CNT + 0 WHERE S_I_ID = 32345 AND S_W_ID = 2
Error Message: Cannot invoke "java.util.List.get(int)" because the return value of "sg.edu.nus.autotune.DB2DATA.getAllIndexes()" is null


===== Query 308 =====

SQL: SELECT I_PRICE, I_NAME , I_DATA FROM ITEM WHERE I_ID = 81343

EXPLAIN Plan:

Index Scan using item_pkey on item  (cost=0.29..8.31 rows=1 width=61) (actual time=0.809..0.811 rows=1 loops=1)

  Index Cond: (i_id = 81343)

Planning Time: 0.077 ms

Execution Time: 0.828 ms
Failed SQL 308: SELECT I_PRICE, I_NAME , I_DATA FROM ITEM WHERE I_ID = 81343
Error Message: Cannot invoke "java.util.List.get(int)" because the return value of "sg.edu.nus.autotune.DB2DATA.getAllIndexes()" is null


===== Query 309 =====

SQL: SELECT NO_O_ID FROM NEW_ORDER WHERE NO_D_ID = 6 AND NO_W_ID = 1 ORDER BY NO_O_ID ASC LIMIT 1

EXPLAIN Plan:

Limit  (cost=0.42..0.47 rows=1 width=4) (actual time=0.827..0.828 rows=1 loops=1)

  ->  Index Only Scan using new_order_pkey on new_order  (cost=0.42..80.22 rows=1590 width=4) (actual time=0.826..0.827 rows=1 loops=1)

        Index Cond: ((no_w_id = 1) AND (no_d_id = 6))

        Heap Fetches: 0

Planning Time: 0.100 ms

Execution Time: 0.850 ms
Failed SQL 309: SELECT NO_O_ID FROM NEW_ORDER WHERE NO_D_ID = 6 AND NO_W_ID = 1 ORDER BY NO_O_ID ASC LIMIT 1
Error Message: Cannot invoke "java.util.List.get(int)" because the return value of "sg.edu.nus.autotune.DB2DATA.getAllIndexes()" is null


===== Query 310 =====

SQL: SELECT O_C_ID FROM OORDER WHERE O_ID = 2548 AND O_D_ID = 6 AND O_W_ID = 1

EXPLAIN Plan:

Index Scan using oorder_pkey on oorder  (cost=0.42..8.44 rows=1 width=4) (actual time=0.816..0.817 rows=1 loops=1)

  Index Cond: ((o_w_id = 1) AND (o_d_id = 6) AND (o_id = 2548))

Planning Time: 0.107 ms

Execution Time: 0.836 ms
Failed SQL 310: SELECT O_C_ID FROM OORDER WHERE O_ID = 2548 AND O_D_ID = 6 AND O_W_ID = 1
Error Message: Cannot invoke "java.util.List.get(int)" because the return value of "sg.edu.nus.autotune.DB2DATA.getAllIndexes()" is null


===== Query 311 =====

SQL: UPDATE OORDER SET O_CARRIER_ID = 7 WHERE O_ID = 2548 AND O_D_ID = 6 AND O_W_ID = 1

EXPLAIN Plan:

Update on oorder  (cost=0.42..8.44 rows=0 width=0) (actual time=0.051..0.051 rows=0 loops=1)

  ->  Index Scan using oorder_pkey on oorder  (cost=0.42..8.44 rows=1 width=10) (actual time=0.021..0.022 rows=1 loops=1)

        Index Cond: ((o_w_id = 1) AND (o_d_id = 6) AND (o_id = 2548))

Planning Time: 0.097 ms

Execution Time: 0.077 ms
Failed SQL 311: UPDATE OORDER SET O_CARRIER_ID = 7 WHERE O_ID = 2548 AND O_D_ID = 6 AND O_W_ID = 1
Error Message: Cannot invoke "java.util.List.get(int)" because the return value of "sg.edu.nus.autotune.DB2DATA.getAllIndexes()" is null


===== Query 312 =====

SQL: UPDATE ORDER_LINE SET OL_DELIVERY_D = '2014-10-12 20:52:16.081' WHERE OL_O_ID = 2548 AND OL_D_ID = 6 AND OL_W_ID = 1

EXPLAIN Plan:

Update on order_line  (cost=0.43..43.81 rows=0 width=0) (actual time=1.798..1.799 rows=0 loops=1)

  ->  Index Scan using order_line_pkey on order_line  (cost=0.43..43.81 rows=10 width=14) (actual time=1.059..1.640 rows=13 loops=1)

        Index Cond: ((ol_w_id = 1) AND (ol_d_id = 6) AND (ol_o_id = 2548))

Planning Time: 0.092 ms

Execution Time: 1.824 ms
Failed SQL 312: UPDATE ORDER_LINE SET OL_DELIVERY_D = '2014-10-12 20:52:16.081' WHERE OL_O_ID = 2548 AND OL_D_ID = 6 AND OL_W_ID = 1
Error Message: Cannot invoke "java.util.List.get(int)" because the return value of "sg.edu.nus.autotune.DB2DATA.getAllIndexes()" is null


===== Query 313 =====

SQL: SELECT S_QUANTITY, S_DATA, S_DIST_01, S_DIST_02, S_DIST_03, S_DIST_04, S_DIST_05, S_DIST_06, S_DIST_07, S_DIST_08, S_DIST_09, S_DIST_10 FROM STOCK WHERE S_I_ID = 81343 AND S_W_ID = 2

EXPLAIN Plan:

Index Scan using stock_pkey on stock  (cost=0.42..8.44 rows=1 width=291) (actual time=0.775..0.778 rows=1 loops=1)

  Index Cond: ((s_w_id = 2) AND (s_i_id = 81343))

Planning Time: 0.104 ms

Execution Time: 0.802 ms
Failed SQL 313: SELECT S_QUANTITY, S_DATA, S_DIST_01, S_DIST_02, S_DIST_03, S_DIST_04, S_DIST_05, S_DIST_06, S_DIST_07, S_DIST_08, S_DIST_09, S_DIST_10 FROM STOCK WHERE S_I_ID = 81343 AND S_W_ID = 2
Error Message: Cannot invoke "java.util.List.get(int)" because the return value of "sg.edu.nus.autotune.DB2DATA.getAllIndexes()" is null


===== Query 314 =====

SQL: UPDATE STOCK SET S_QUANTITY = 90, S_YTD = S_YTD + 1, S_ORDER_CNT = S_ORDER_CNT + 1, S_REMOTE_CNT = S_REMOTE_CNT + 0 WHERE S_I_ID = 81343 AND S_W_ID = 2

EXPLAIN Plan:

Update on stock  (cost=0.42..8.45 rows=0 width=0) (actual time=0.059..0.060 rows=0 loops=1)

  ->  Index Scan using stock_pkey on stock  (cost=0.42..8.45 rows=1 width=32) (actual time=0.025..0.026 rows=1 loops=1)

        Index Cond: ((s_w_id = 2) AND (s_i_id = 81343))

Planning Time: 0.108 ms

Execution Time: 0.088 ms
Failed SQL 314: UPDATE STOCK SET S_QUANTITY = 90, S_YTD = S_YTD + 1, S_ORDER_CNT = S_ORDER_CNT + 1, S_REMOTE_CNT = S_REMOTE_CNT + 0 WHERE S_I_ID = 81343 AND S_W_ID = 2
Error Message: Cannot invoke "java.util.List.get(int)" because the return value of "sg.edu.nus.autotune.DB2DATA.getAllIndexes()" is null


===== Query 315 =====

SQL: SELECT I_PRICE, I_NAME , I_DATA FROM ITEM WHERE I_ID = 16103

EXPLAIN Plan:

Index Scan using item_pkey on item  (cost=0.29..8.31 rows=1 width=61) (actual time=0.820..0.822 rows=1 loops=1)

  Index Cond: (i_id = 16103)

Planning Time: 0.074 ms

Execution Time: 0.840 ms
Failed SQL 315: SELECT I_PRICE, I_NAME , I_DATA FROM ITEM WHERE I_ID = 16103
Error Message: Cannot invoke "java.util.List.get(int)" because the return value of "sg.edu.nus.autotune.DB2DATA.getAllIndexes()" is null


===== Query 316 =====

SQL: SELECT S_QUANTITY, S_DATA, S_DIST_01, S_DIST_02, S_DIST_03, S_DIST_04, S_DIST_05, S_DIST_06, S_DIST_07, S_DIST_08, S_DIST_09, S_DIST_10 FROM STOCK WHERE S_I_ID = 16103 AND S_W_ID = 2

EXPLAIN Plan:

Index Scan using stock_pkey on stock  (cost=0.42..8.44 rows=1 width=291) (actual time=0.322..0.324 rows=1 loops=1)

  Index Cond: ((s_w_id = 2) AND (s_i_id = 16103))

Planning Time: 0.091 ms

Execution Time: 0.346 ms
Failed SQL 316: SELECT S_QUANTITY, S_DATA, S_DIST_01, S_DIST_02, S_DIST_03, S_DIST_04, S_DIST_05, S_DIST_06, S_DIST_07, S_DIST_08, S_DIST_09, S_DIST_10 FROM STOCK WHERE S_I_ID = 16103 AND S_W_ID = 2
Error Message: Cannot invoke "java.util.List.get(int)" because the return value of "sg.edu.nus.autotune.DB2DATA.getAllIndexes()" is null


===== Query 317 =====

SQL: UPDATE STOCK SET S_QUANTITY = 92, S_YTD = S_YTD + 5, S_ORDER_CNT = S_ORDER_CNT + 1, S_REMOTE_CNT = S_REMOTE_CNT + 0 WHERE S_I_ID = 16103 AND S_W_ID = 2

EXPLAIN Plan:

Update on stock  (cost=0.42..8.45 rows=0 width=0) (actual time=0.086..0.087 rows=0 loops=1)

  ->  Index Scan using stock_pkey on stock  (cost=0.42..8.45 rows=1 width=32) (actual time=0.025..0.026 rows=1 loops=1)

        Index Cond: ((s_w_id = 2) AND (s_i_id = 16103))

Planning Time: 0.098 ms

Execution Time: 0.114 ms
Failed SQL 317: UPDATE STOCK SET S_QUANTITY = 92, S_YTD = S_YTD + 5, S_ORDER_CNT = S_ORDER_CNT + 1, S_REMOTE_CNT = S_REMOTE_CNT + 0 WHERE S_I_ID = 16103 AND S_W_ID = 2
Error Message: Cannot invoke "java.util.List.get(int)" because the return value of "sg.edu.nus.autotune.DB2DATA.getAllIndexes()" is null


===== Query 318 =====

SQL: SELECT I_PRICE, I_NAME , I_DATA FROM ITEM WHERE I_ID = 15324

EXPLAIN Plan:

Index Scan using item_pkey on item  (cost=0.29..8.31 rows=1 width=61) (actual time=0.042..0.043 rows=1 loops=1)

  Index Cond: (i_id = 15324)

Planning Time: 0.075 ms

Execution Time: 0.062 ms
Failed SQL 318: SELECT I_PRICE, I_NAME , I_DATA FROM ITEM WHERE I_ID = 15324
Error Message: Cannot invoke "java.util.List.get(int)" because the return value of "sg.edu.nus.autotune.DB2DATA.getAllIndexes()" is null


===== Query 319 =====

SQL: SELECT S_QUANTITY, S_DATA, S_DIST_01, S_DIST_02, S_DIST_03, S_DIST_04, S_DIST_05, S_DIST_06, S_DIST_07, S_DIST_08, S_DIST_09, S_DIST_10 FROM STOCK WHERE S_I_ID = 15324 AND S_W_ID = 2

EXPLAIN Plan:

Index Scan using stock_pkey on stock  (cost=0.42..8.44 rows=1 width=291) (actual time=1.044..1.046 rows=1 loops=1)

  Index Cond: ((s_w_id = 2) AND (s_i_id = 15324))

Planning Time: 0.091 ms

Execution Time: 1.069 ms
Failed SQL 319: SELECT S_QUANTITY, S_DATA, S_DIST_01, S_DIST_02, S_DIST_03, S_DIST_04, S_DIST_05, S_DIST_06, S_DIST_07, S_DIST_08, S_DIST_09, S_DIST_10 FROM STOCK WHERE S_I_ID = 15324 AND S_W_ID = 2
Error Message: Cannot invoke "java.util.List.get(int)" because the return value of "sg.edu.nus.autotune.DB2DATA.getAllIndexes()" is null


===== Query 320 =====

SQL: SELECT SUM(OL_AMOUNT) AS OL_TOTAL FROM ORDER_LINE WHERE OL_O_ID = 2548 AND OL_D_ID = 6 AND OL_W_ID = 1

EXPLAIN Plan:

Aggregate  (cost=43.83..43.84 rows=1 width=32) (actual time=0.136..0.137 rows=1 loops=1)

  ->  Index Scan using order_line_pkey on order_line  (cost=0.43..43.81 rows=10 width=6) (actual time=0.053..0.122 rows=13 loops=1)

        Index Cond: ((ol_w_id = 1) AND (ol_d_id = 6) AND (ol_o_id = 2548))

Planning Time: 0.126 ms

Execution Time: 0.167 ms
Failed SQL 320: SELECT SUM(OL_AMOUNT) AS OL_TOTAL FROM ORDER_LINE WHERE OL_O_ID = 2548 AND OL_D_ID = 6 AND OL_W_ID = 1
Error Message: Cannot invoke "java.util.List.get(int)" because the return value of "sg.edu.nus.autotune.DB2DATA.getAllIndexes()" is null


===== Query 321 =====

SQL: UPDATE CUSTOMER SET C_BALANCE = C_BALANCE + 38613.86, C_DELIVERY_CNT = C_DELIVERY_CNT + 1 WHERE C_W_ID = 1 AND C_D_ID = 6 AND C_ID = 2066

EXPLAIN Plan:

Update on customer  (cost=0.42..8.45 rows=0 width=0) (actual time=0.063..0.064 rows=0 loops=1)

  ->  Index Scan using customer_pkey on customer  (cost=0.42..8.45 rows=1 width=26) (actual time=0.025..0.026 rows=1 loops=1)

        Index Cond: ((c_w_id = 1) AND (c_d_id = 6) AND (c_id = 2066))

Planning Time: 0.098 ms

Execution Time: 0.093 ms
Failed SQL 321: UPDATE CUSTOMER SET C_BALANCE = C_BALANCE + 38613.86, C_DELIVERY_CNT = C_DELIVERY_CNT + 1 WHERE C_W_ID = 1 AND C_D_ID = 6 AND C_ID = 2066
Error Message: Cannot invoke "java.util.List.get(int)" because the return value of "sg.edu.nus.autotune.DB2DATA.getAllIndexes()" is null


===== Query 322 =====

SQL: UPDATE STOCK SET S_QUANTITY = 89, S_YTD = S_YTD + 6, S_ORDER_CNT = S_ORDER_CNT + 1, S_REMOTE_CNT = S_REMOTE_CNT + 0 WHERE S_I_ID = 15324 AND S_W_ID = 2

EXPLAIN Plan:

Update on stock  (cost=0.42..8.45 rows=0 width=0) (actual time=0.056..0.057 rows=0 loops=1)

  ->  Index Scan using stock_pkey on stock  (cost=0.42..8.45 rows=1 width=32) (actual time=0.023..0.025 rows=1 loops=1)

        Index Cond: ((s_w_id = 2) AND (s_i_id = 15324))

Planning Time: 0.099 ms

Execution Time: 0.083 ms
Failed SQL 322: UPDATE STOCK SET S_QUANTITY = 89, S_YTD = S_YTD + 6, S_ORDER_CNT = S_ORDER_CNT + 1, S_REMOTE_CNT = S_REMOTE_CNT + 0 WHERE S_I_ID = 15324 AND S_W_ID = 2
Error Message: Cannot invoke "java.util.List.get(int)" because the return value of "sg.edu.nus.autotune.DB2DATA.getAllIndexes()" is null


===== Query 323 =====

SQL: SELECT NO_O_ID FROM NEW_ORDER WHERE NO_D_ID = 7 AND NO_W_ID = 1 ORDER BY NO_O_ID ASC LIMIT 1

EXPLAIN Plan:

Limit  (cost=0.42..0.47 rows=1 width=4) (actual time=0.983..0.984 rows=1 loops=1)

  ->  Index Only Scan using new_order_pkey on new_order  (cost=0.42..79.04 rows=1531 width=4) (actual time=0.982..0.983 rows=1 loops=1)

        Index Cond: ((no_w_id = 1) AND (no_d_id = 7))

        Heap Fetches: 0

Planning Time: 0.119 ms

Execution Time: 1.004 ms
Failed SQL 323: SELECT NO_O_ID FROM NEW_ORDER WHERE NO_D_ID = 7 AND NO_W_ID = 1 ORDER BY NO_O_ID ASC LIMIT 1
Error Message: Cannot invoke "java.util.List.get(int)" because the return value of "sg.edu.nus.autotune.DB2DATA.getAllIndexes()" is null


===== Query 324 =====

SQL: SELECT I_PRICE, I_NAME , I_DATA FROM ITEM WHERE I_ID = 48567

EXPLAIN Plan:

Index Scan using item_pkey on item  (cost=0.29..8.31 rows=1 width=61) (actual time=0.986..0.988 rows=1 loops=1)

  Index Cond: (i_id = 48567)

Planning Time: 0.071 ms

Execution Time: 1.008 ms
Failed SQL 324: SELECT I_PRICE, I_NAME , I_DATA FROM ITEM WHERE I_ID = 48567
Error Message: Cannot invoke "java.util.List.get(int)" because the return value of "sg.edu.nus.autotune.DB2DATA.getAllIndexes()" is null


===== Query 325 =====

SQL: SELECT O_C_ID FROM OORDER WHERE O_ID = 2548 AND O_D_ID = 7 AND O_W_ID = 1

EXPLAIN Plan:

Index Scan using oorder_pkey on oorder  (cost=0.42..8.44 rows=1 width=4) (actual time=0.838..0.840 rows=1 loops=1)

  Index Cond: ((o_w_id = 1) AND (o_d_id = 7) AND (o_id = 2548))

Planning Time: 0.112 ms

Execution Time: 0.859 ms
Failed SQL 325: SELECT O_C_ID FROM OORDER WHERE O_ID = 2548 AND O_D_ID = 7 AND O_W_ID = 1
Error Message: Cannot invoke "java.util.List.get(int)" because the return value of "sg.edu.nus.autotune.DB2DATA.getAllIndexes()" is null


===== Query 326 =====

SQL: UPDATE OORDER SET O_CARRIER_ID = 7 WHERE O_ID = 2548 AND O_D_ID = 7 AND O_W_ID = 1

EXPLAIN Plan:

Update on oorder  (cost=0.42..8.44 rows=0 width=0) (actual time=0.053..0.054 rows=0 loops=1)

  ->  Index Scan using oorder_pkey on oorder  (cost=0.42..8.44 rows=1 width=10) (actual time=0.023..0.024 rows=1 loops=1)

        Index Cond: ((o_w_id = 1) AND (o_d_id = 7) AND (o_id = 2548))

Planning Time: 0.103 ms

Execution Time: 0.080 ms
Failed SQL 326: UPDATE OORDER SET O_CARRIER_ID = 7 WHERE O_ID = 2548 AND O_D_ID = 7 AND O_W_ID = 1
Error Message: Cannot invoke "java.util.List.get(int)" because the return value of "sg.edu.nus.autotune.DB2DATA.getAllIndexes()" is null


===== Query 327 =====

SQL: UPDATE ORDER_LINE SET OL_DELIVERY_D = '2014-10-12 20:52:16.124' WHERE OL_O_ID = 2548 AND OL_D_ID = 7 AND OL_W_ID = 1

EXPLAIN Plan:

Update on order_line  (cost=0.43..43.81 rows=0 width=0) (actual time=1.364..1.364 rows=0 loops=1)

  ->  Index Scan using order_line_pkey on order_line  (cost=0.43..43.81 rows=10 width=14) (actual time=1.250..1.261 rows=12 loops=1)

        Index Cond: ((ol_w_id = 1) AND (ol_d_id = 7) AND (ol_o_id = 2548))

Planning Time: 0.089 ms

Execution Time: 1.391 ms
Failed SQL 327: UPDATE ORDER_LINE SET OL_DELIVERY_D = '2014-10-12 20:52:16.124' WHERE OL_O_ID = 2548 AND OL_D_ID = 7 AND OL_W_ID = 1
Error Message: Cannot invoke "java.util.List.get(int)" because the return value of "sg.edu.nus.autotune.DB2DATA.getAllIndexes()" is null


===== Query 328 =====

SQL: SELECT S_QUANTITY, S_DATA, S_DIST_01, S_DIST_02, S_DIST_03, S_DIST_04, S_DIST_05, S_DIST_06, S_DIST_07, S_DIST_08, S_DIST_09, S_DIST_10 FROM STOCK WHERE S_I_ID = 48567 AND S_W_ID = 2

EXPLAIN Plan:

Index Scan using stock_pkey on stock  (cost=0.42..8.44 rows=1 width=291) (actual time=1.011..1.013 rows=1 loops=1)

  Index Cond: ((s_w_id = 2) AND (s_i_id = 48567))

Planning Time: 0.093 ms

Execution Time: 1.035 ms
Failed SQL 328: SELECT S_QUANTITY, S_DATA, S_DIST_01, S_DIST_02, S_DIST_03, S_DIST_04, S_DIST_05, S_DIST_06, S_DIST_07, S_DIST_08, S_DIST_09, S_DIST_10 FROM STOCK WHERE S_I_ID = 48567 AND S_W_ID = 2
Error Message: Cannot invoke "java.util.List.get(int)" because the return value of "sg.edu.nus.autotune.DB2DATA.getAllIndexes()" is null


===== Query 329 =====

SQL: UPDATE STOCK SET S_QUANTITY = 53, S_YTD = S_YTD + 6, S_ORDER_CNT = S_ORDER_CNT + 1, S_REMOTE_CNT = S_REMOTE_CNT + 0 WHERE S_I_ID = 48567 AND S_W_ID = 2

EXPLAIN Plan:

Update on stock  (cost=0.42..8.45 rows=0 width=0) (actual time=0.058..0.059 rows=0 loops=1)

  ->  Index Scan using stock_pkey on stock  (cost=0.42..8.45 rows=1 width=32) (actual time=0.024..0.025 rows=1 loops=1)

        Index Cond: ((s_w_id = 2) AND (s_i_id = 48567))

Planning Time: 0.103 ms

Execution Time: 0.086 ms
Failed SQL 329: UPDATE STOCK SET S_QUANTITY = 53, S_YTD = S_YTD + 6, S_ORDER_CNT = S_ORDER_CNT + 1, S_REMOTE_CNT = S_REMOTE_CNT + 0 WHERE S_I_ID = 48567 AND S_W_ID = 2
Error Message: Cannot invoke "java.util.List.get(int)" because the return value of "sg.edu.nus.autotune.DB2DATA.getAllIndexes()" is null


===== Query 330 =====

SQL: UPDATE WAREHOUSE SET W_YTD = W_YTD + 2088.82 WHERE W_ID = 2

EXPLAIN Plan:

Update on warehouse  (cost=4.14..8.16 rows=0 width=0) (actual time=0.047..0.048 rows=0 loops=1)

  ->  Bitmap Heap Scan on warehouse  (cost=4.14..8.16 rows=1 width=22) (actual time=0.020..0.021 rows=1 loops=1)

        Recheck Cond: (w_id = 2)

        Heap Blocks: exact=1

        ->  Bitmap Index Scan on warehouse_pkey  (cost=0.00..4.14 rows=1 width=0) (actual time=0.009..0.009 rows=1 loops=1)

              Index Cond: (w_id = 2)

Planning Time: 0.077 ms

Execution Time: 0.078 ms
Failed SQL 330: UPDATE WAREHOUSE SET W_YTD = W_YTD + 2088.82 WHERE W_ID = 2
Error Message: Cannot invoke "java.util.List.get(int)" because the return value of "sg.edu.nus.autotune.DB2DATA.getAllIndexes()" is null


===== Query 331 =====

SQL: SELECT W_STREET_1, W_STREET_2, W_CITY, W_STATE, W_ZIP, W_NAME FROM WAREHOUSE WHERE W_ID = 2

EXPLAIN Plan:

Bitmap Heap Scan on warehouse  (cost=4.14..8.15 rows=1 width=65) (actual time=0.016..0.017 rows=1 loops=1)

  Recheck Cond: (w_id = 2)

  Heap Blocks: exact=1

  ->  Bitmap Index Scan on warehouse_pkey  (cost=0.00..4.14 rows=1 width=0) (actual time=0.008..0.008 rows=1 loops=1)

        Index Cond: (w_id = 2)

Planning Time: 0.069 ms

Execution Time: 0.038 ms
Failed SQL 331: SELECT W_STREET_1, W_STREET_2, W_CITY, W_STATE, W_ZIP, W_NAME FROM WAREHOUSE WHERE W_ID = 2
Error Message: Cannot invoke "java.util.List.get(int)" because the return value of "sg.edu.nus.autotune.DB2DATA.getAllIndexes()" is null


===== Query 332 =====

SQL: UPDATE DISTRICT SET D_YTD = D_YTD + 2088.82 WHERE D_W_ID = 2 AND D_ID = 10

EXPLAIN Plan:

Update on district  (cost=4.28..11.67 rows=0 width=0) (actual time=0.051..0.051 rows=0 loops=1)

  ->  Bitmap Heap Scan on district  (cost=4.28..11.67 rows=2 width=22) (actual time=0.021..0.021 rows=1 loops=1)

        Recheck Cond: ((d_w_id = 2) AND (d_id = 10))

        Heap Blocks: exact=1

        ->  Bitmap Index Scan on district_pkey  (cost=0.00..4.28 rows=2 width=0) (actual time=0.011..0.011 rows=1 loops=1)

              Index Cond: ((d_w_id = 2) AND (d_id = 10))

Planning Time: 0.090 ms

Execution Time: 0.084 ms
Failed SQL 332: UPDATE DISTRICT SET D_YTD = D_YTD + 2088.82 WHERE D_W_ID = 2 AND D_ID = 10
Error Message: Cannot invoke "java.util.List.get(int)" because the return value of "sg.edu.nus.autotune.DB2DATA.getAllIndexes()" is null


===== Query 333 =====

SQL: SELECT D_STREET_1, D_STREET_2, D_CITY, D_STATE, D_ZIP, D_NAME FROM DISTRICT WHERE D_W_ID = 2 AND D_ID = 10

EXPLAIN Plan:

Bitmap Heap Scan on district  (cost=4.28..11.66 rows=2 width=64) (actual time=0.021..0.022 rows=1 loops=1)

  Recheck Cond: ((d_w_id = 2) AND (d_id = 10))

  Heap Blocks: exact=1

  ->  Bitmap Index Scan on district_pkey  (cost=0.00..4.28 rows=2 width=0) (actual time=0.011..0.011 rows=1 loops=1)

        Index Cond: ((d_w_id = 2) AND (d_id = 10))

Planning Time: 0.092 ms

Execution Time: 0.049 ms
Failed SQL 333: SELECT D_STREET_1, D_STREET_2, D_CITY, D_STATE, D_ZIP, D_NAME FROM DISTRICT WHERE D_W_ID = 2 AND D_ID = 10
Error Message: Cannot invoke "java.util.List.get(int)" because the return value of "sg.edu.nus.autotune.DB2DATA.getAllIndexes()" is null


===== Query 334 =====

SQL: SELECT C_FIRST, C_MIDDLE, C_LAST, C_STREET_1, C_STREET_2, C_CITY, C_STATE, C_ZIP, C_PHONE, C_CREDIT, C_CREDIT_LIM, C_DISCOUNT, C_BALANCE, C_YTD_PAYMENT, C_PAYMENT_CNT, C_SINCE FROM CUSTOMER WHERE C_W_ID = 2 AND C_D_ID = 10 AND C_ID = 233

EXPLAIN Plan:

Index Scan using customer_pkey on customer  (cost=0.42..8.44 rows=1 width=140) (actual time=0.037..0.039 rows=1 loops=1)

  Index Cond: ((c_w_id = 2) AND (c_d_id = 10) AND (c_id = 233))

Planning Time: 0.104 ms

Execution Time: 0.065 ms
Failed SQL 334: SELECT C_FIRST, C_MIDDLE, C_LAST, C_STREET_1, C_STREET_2, C_CITY, C_STATE, C_ZIP, C_PHONE, C_CREDIT, C_CREDIT_LIM, C_DISCOUNT, C_BALANCE, C_YTD_PAYMENT, C_PAYMENT_CNT, C_SINCE FROM CUSTOMER WHERE C_W_ID = 2 AND C_D_ID = 10 AND C_ID = 233
Error Message: Cannot invoke "java.util.List.get(int)" because the return value of "sg.edu.nus.autotune.DB2DATA.getAllIndexes()" is null


===== Query 335 =====

SQL: SELECT SUM(OL_AMOUNT) AS OL_TOTAL FROM ORDER_LINE WHERE OL_O_ID = 2548 AND OL_D_ID = 7 AND OL_W_ID = 1

EXPLAIN Plan:

Aggregate  (cost=43.83..43.84 rows=1 width=32) (actual time=0.068..0.068 rows=1 loops=1)

  ->  Index Scan using order_line_pkey on order_line  (cost=0.43..43.81 rows=10 width=6) (actual time=0.040..0.054 rows=12 loops=1)

        Index Cond: ((ol_w_id = 1) AND (ol_d_id = 7) AND (ol_o_id = 2548))

Planning Time: 0.108 ms

Execution Time: 0.099 ms
Failed SQL 335: SELECT SUM(OL_AMOUNT) AS OL_TOTAL FROM ORDER_LINE WHERE OL_O_ID = 2548 AND OL_D_ID = 7 AND OL_W_ID = 1
Error Message: Cannot invoke "java.util.List.get(int)" because the return value of "sg.edu.nus.autotune.DB2DATA.getAllIndexes()" is null


===== Query 336 =====

SQL: UPDATE CUSTOMER SET C_BALANCE = C_BALANCE + 56313.45, C_DELIVERY_CNT = C_DELIVERY_CNT + 1 WHERE C_W_ID = 1 AND C_D_ID = 7 AND C_ID = 2065

EXPLAIN Plan:

Update on customer  (cost=0.42..8.45 rows=0 width=0) (actual time=1.070..1.070 rows=0 loops=1)

  ->  Index Scan using customer_pkey on customer  (cost=0.42..8.45 rows=1 width=26) (actual time=1.029..1.031 rows=1 loops=1)

        Index Cond: ((c_w_id = 1) AND (c_d_id = 7) AND (c_id = 2065))

Planning Time: 0.098 ms

Execution Time: 1.100 ms
Failed SQL 336: UPDATE CUSTOMER SET C_BALANCE = C_BALANCE + 56313.45, C_DELIVERY_CNT = C_DELIVERY_CNT + 1 WHERE C_W_ID = 1 AND C_D_ID = 7 AND C_ID = 2065
Error Message: Cannot invoke "java.util.List.get(int)" because the return value of "sg.edu.nus.autotune.DB2DATA.getAllIndexes()" is null


===== Query 337 =====

SQL: UPDATE CUSTOMER SET C_BALANCE = -2098.82, C_YTD_PAYMENT = 2098.82, C_PAYMENT_CNT = 2 WHERE C_W_ID = 2 AND C_D_ID = 10 AND C_ID = 233

EXPLAIN Plan:

Update on customer  (cost=0.42..8.44 rows=0 width=0) (actual time=0.076..0.076 rows=0 loops=1)

  ->  Index Scan using customer_pkey on customer  (cost=0.42..8.44 rows=1 width=34) (actual time=0.021..0.022 rows=1 loops=1)

        Index Cond: ((c_w_id = 2) AND (c_d_id = 10) AND (c_id = 233))

Planning Time: 0.105 ms

Execution Time: 0.101 ms
Failed SQL 337: UPDATE CUSTOMER SET C_BALANCE = -2098.82, C_YTD_PAYMENT = 2098.82, C_PAYMENT_CNT = 2 WHERE C_W_ID = 2 AND C_D_ID = 10 AND C_ID = 233
Error Message: Cannot invoke "java.util.List.get(int)" because the return value of "sg.edu.nus.autotune.DB2DATA.getAllIndexes()" is null


===== Query 338 =====

SQL: UPDATE WAREHOUSE SET W_YTD = W_YTD + 2311.03 WHERE W_ID = 2

EXPLAIN Plan:

Update on warehouse  (cost=4.14..8.16 rows=0 width=0) (actual time=0.046..0.047 rows=0 loops=1)

  ->  Bitmap Heap Scan on warehouse  (cost=4.14..8.16 rows=1 width=22) (actual time=0.019..0.020 rows=1 loops=1)

        Recheck Cond: (w_id = 2)

        Heap Blocks: exact=1

        ->  Bitmap Index Scan on warehouse_pkey  (cost=0.00..4.14 rows=1 width=0) (actual time=0.009..0.009 rows=1 loops=1)

              Index Cond: (w_id = 2)

Planning Time: 0.079 ms

Execution Time: 0.078 ms
Failed SQL 338: UPDATE WAREHOUSE SET W_YTD = W_YTD + 2311.03 WHERE W_ID = 2
Error Message: Cannot invoke "java.util.List.get(int)" because the return value of "sg.edu.nus.autotune.DB2DATA.getAllIndexes()" is null


===== Query 339 =====

SQL: SELECT NO_O_ID FROM NEW_ORDER WHERE NO_D_ID = 8 AND NO_W_ID = 1 ORDER BY NO_O_ID ASC LIMIT 1

EXPLAIN Plan:

Limit  (cost=0.42..0.47 rows=1 width=4) (actual time=0.560..0.561 rows=1 loops=1)

  ->  Index Only Scan using new_order_pkey on new_order  (cost=0.42..85.14 rows=1636 width=4) (actual time=0.558..0.559 rows=1 loops=1)

        Index Cond: ((no_w_id = 1) AND (no_d_id = 8))

        Heap Fetches: 0

Planning Time: 0.098 ms

Execution Time: 0.580 ms
Failed SQL 339: SELECT NO_O_ID FROM NEW_ORDER WHERE NO_D_ID = 8 AND NO_W_ID = 1 ORDER BY NO_O_ID ASC LIMIT 1
Error Message: Cannot invoke "java.util.List.get(int)" because the return value of "sg.edu.nus.autotune.DB2DATA.getAllIndexes()" is null


===== Query 340 =====

SQL: SELECT W_STREET_1, W_STREET_2, W_CITY, W_STATE, W_ZIP, W_NAME FROM WAREHOUSE WHERE W_ID = 2

EXPLAIN Plan:

Bitmap Heap Scan on warehouse  (cost=4.14..8.15 rows=1 width=65) (actual time=0.019..0.020 rows=1 loops=1)

  Recheck Cond: (w_id = 2)

  Heap Blocks: exact=1

  ->  Bitmap Index Scan on warehouse_pkey  (cost=0.00..4.14 rows=1 width=0) (actual time=0.009..0.009 rows=1 loops=1)

        Index Cond: (w_id = 2)

Planning Time: 0.077 ms

Execution Time: 0.045 ms
Failed SQL 340: SELECT W_STREET_1, W_STREET_2, W_CITY, W_STATE, W_ZIP, W_NAME FROM WAREHOUSE WHERE W_ID = 2
Error Message: Cannot invoke "java.util.List.get(int)" because the return value of "sg.edu.nus.autotune.DB2DATA.getAllIndexes()" is null


===== Query 341 =====

SQL: UPDATE DISTRICT SET D_YTD = D_YTD + 2311.03 WHERE D_W_ID = 2 AND D_ID = 9

EXPLAIN Plan:

Update on district  (cost=4.28..11.67 rows=0 width=0) (actual time=0.050..0.050 rows=0 loops=1)

  ->  Bitmap Heap Scan on district  (cost=4.28..11.67 rows=2 width=22) (actual time=0.020..0.021 rows=1 loops=1)

        Recheck Cond: ((d_w_id = 2) AND (d_id = 9))

        Heap Blocks: exact=1

        ->  Bitmap Index Scan on district_pkey  (cost=0.00..4.28 rows=2 width=0) (actual time=0.010..0.011 rows=1 loops=1)

              Index Cond: ((d_w_id = 2) AND (d_id = 9))

Planning Time: 0.093 ms

Execution Time: 0.084 ms
Failed SQL 341: UPDATE DISTRICT SET D_YTD = D_YTD + 2311.03 WHERE D_W_ID = 2 AND D_ID = 9
Error Message: Cannot invoke "java.util.List.get(int)" because the return value of "sg.edu.nus.autotune.DB2DATA.getAllIndexes()" is null


===== Query 342 =====

SQL: SELECT O_C_ID FROM OORDER WHERE O_ID = 2548 AND O_D_ID = 8 AND O_W_ID = 1

EXPLAIN Plan:

Index Scan using oorder_pkey on oorder  (cost=0.42..8.44 rows=1 width=4) (actual time=1.105..1.107 rows=1 loops=1)

  Index Cond: ((o_w_id = 1) AND (o_d_id = 8) AND (o_id = 2548))

Planning Time: 0.105 ms

Execution Time: 1.127 ms
Failed SQL 342: SELECT O_C_ID FROM OORDER WHERE O_ID = 2548 AND O_D_ID = 8 AND O_W_ID = 1
Error Message: Cannot invoke "java.util.List.get(int)" because the return value of "sg.edu.nus.autotune.DB2DATA.getAllIndexes()" is null


===== Query 343 =====

SQL: SELECT D_STREET_1, D_STREET_2, D_CITY, D_STATE, D_ZIP, D_NAME FROM DISTRICT WHERE D_W_ID = 2 AND D_ID = 9

EXPLAIN Plan:

Bitmap Heap Scan on district  (cost=4.28..11.66 rows=2 width=64) (actual time=0.021..0.022 rows=1 loops=1)

  Recheck Cond: ((d_w_id = 2) AND (d_id = 9))

  Heap Blocks: exact=1

  ->  Bitmap Index Scan on district_pkey  (cost=0.00..4.28 rows=2 width=0) (actual time=0.011..0.011 rows=1 loops=1)

        Index Cond: ((d_w_id = 2) AND (d_id = 9))

Planning Time: 0.102 ms

Execution Time: 0.050 ms
Failed SQL 343: SELECT D_STREET_1, D_STREET_2, D_CITY, D_STATE, D_ZIP, D_NAME FROM DISTRICT WHERE D_W_ID = 2 AND D_ID = 9
Error Message: Cannot invoke "java.util.List.get(int)" because the return value of "sg.edu.nus.autotune.DB2DATA.getAllIndexes()" is null


===== Query 344 =====

SQL: UPDATE OORDER SET O_CARRIER_ID = 7 WHERE O_ID = 2548 AND O_D_ID = 8 AND O_W_ID = 1

EXPLAIN Plan:

Update on oorder  (cost=0.42..8.44 rows=0 width=0) (actual time=0.083..0.084 rows=0 loops=1)

  ->  Index Scan using oorder_pkey on oorder  (cost=0.42..8.44 rows=1 width=10) (actual time=0.021..0.023 rows=1 loops=1)

        Index Cond: ((o_w_id = 1) AND (o_d_id = 8) AND (o_id = 2548))

Planning Time: 0.113 ms

Execution Time: 0.111 ms
Failed SQL 344: UPDATE OORDER SET O_CARRIER_ID = 7 WHERE O_ID = 2548 AND O_D_ID = 8 AND O_W_ID = 1
Error Message: Cannot invoke "java.util.List.get(int)" because the return value of "sg.edu.nus.autotune.DB2DATA.getAllIndexes()" is null


===== Query 345 =====

SQL: SELECT C_FIRST, C_MIDDLE, C_LAST, C_STREET_1, C_STREET_2, C_CITY, C_STATE, C_ZIP, C_PHONE, C_CREDIT, C_CREDIT_LIM, C_DISCOUNT, C_BALANCE, C_YTD_PAYMENT, C_PAYMENT_CNT, C_SINCE FROM CUSTOMER WHERE C_W_ID = 2 AND C_D_ID = 9 AND C_ID = 699

EXPLAIN Plan:

Index Scan using customer_pkey on customer  (cost=0.42..8.44 rows=1 width=140) (actual time=1.022..1.024 rows=1 loops=1)

  Index Cond: ((c_w_id = 2) AND (c_d_id = 9) AND (c_id = 699))

Planning Time: 0.102 ms

Execution Time: 1.049 ms
Failed SQL 345: SELECT C_FIRST, C_MIDDLE, C_LAST, C_STREET_1, C_STREET_2, C_CITY, C_STATE, C_ZIP, C_PHONE, C_CREDIT, C_CREDIT_LIM, C_DISCOUNT, C_BALANCE, C_YTD_PAYMENT, C_PAYMENT_CNT, C_SINCE FROM CUSTOMER WHERE C_W_ID = 2 AND C_D_ID = 9 AND C_ID = 699
Error Message: Cannot invoke "java.util.List.get(int)" because the return value of "sg.edu.nus.autotune.DB2DATA.getAllIndexes()" is null


===== Query 346 =====

SQL: UPDATE ORDER_LINE SET OL_DELIVERY_D = '2014-10-12 20:52:16.225' WHERE OL_O_ID = 2548 AND OL_D_ID = 8 AND OL_W_ID = 1

EXPLAIN Plan:

Update on order_line  (cost=0.43..43.81 rows=0 width=0) (actual time=1.369..1.370 rows=0 loops=1)

  ->  Index Scan using order_line_pkey on order_line  (cost=0.43..43.81 rows=10 width=14) (actual time=1.319..1.323 rows=7 loops=1)

        Index Cond: ((ol_w_id = 1) AND (ol_d_id = 8) AND (ol_o_id = 2548))

Planning Time: 0.093 ms

Execution Time: 1.394 ms
Failed SQL 346: UPDATE ORDER_LINE SET OL_DELIVERY_D = '2014-10-12 20:52:16.225' WHERE OL_O_ID = 2548 AND OL_D_ID = 8 AND OL_W_ID = 1
Error Message: Cannot invoke "java.util.List.get(int)" because the return value of "sg.edu.nus.autotune.DB2DATA.getAllIndexes()" is null


===== Query 347 =====

SQL: SELECT SUM(OL_AMOUNT) AS OL_TOTAL FROM ORDER_LINE WHERE OL_O_ID = 2548 AND OL_D_ID = 8 AND OL_W_ID = 1

EXPLAIN Plan:

Aggregate  (cost=43.83..43.84 rows=1 width=32) (actual time=0.033..0.033 rows=1 loops=1)

  ->  Index Scan using order_line_pkey on order_line  (cost=0.43..43.81 rows=10 width=6) (actual time=0.023..0.026 rows=7 loops=1)

        Index Cond: ((ol_w_id = 1) AND (ol_d_id = 8) AND (ol_o_id = 2548))

Planning Time: 0.064 ms

Execution Time: 0.050 ms
Failed SQL 347: SELECT SUM(OL_AMOUNT) AS OL_TOTAL FROM ORDER_LINE WHERE OL_O_ID = 2548 AND OL_D_ID = 8 AND OL_W_ID = 1
Error Message: Cannot invoke "java.util.List.get(int)" because the return value of "sg.edu.nus.autotune.DB2DATA.getAllIndexes()" is null


===== Query 348 =====

SQL: UPDATE CUSTOMER SET C_BALANCE = C_BALANCE + 58934.02, C_DELIVERY_CNT = C_DELIVERY_CNT + 1 WHERE C_W_ID = 1 AND C_D_ID = 8 AND C_ID = 222

EXPLAIN Plan:

Update on customer  (cost=0.42..8.45 rows=0 width=0) (actual time=1.096..1.097 rows=0 loops=1)

  ->  Index Scan using customer_pkey on customer  (cost=0.42..8.45 rows=1 width=26) (actual time=1.055..1.057 rows=1 loops=1)

        Index Cond: ((c_w_id = 1) AND (c_d_id = 8) AND (c_id = 222))

Planning Time: 0.103 ms

Execution Time: 1.126 ms
Failed SQL 348: UPDATE CUSTOMER SET C_BALANCE = C_BALANCE + 58934.02, C_DELIVERY_CNT = C_DELIVERY_CNT + 1 WHERE C_W_ID = 1 AND C_D_ID = 8 AND C_ID = 222
Error Message: Cannot invoke "java.util.List.get(int)" because the return value of "sg.edu.nus.autotune.DB2DATA.getAllIndexes()" is null


===== Query 349 =====

SQL: SELECT NO_O_ID FROM NEW_ORDER WHERE NO_D_ID = 9 AND NO_W_ID = 1 ORDER BY NO_O_ID ASC LIMIT 1

EXPLAIN Plan:

Limit  (cost=0.42..0.47 rows=1 width=4) (actual time=1.059..1.060 rows=1 loops=1)

  ->  Index Only Scan using new_order_pkey on new_order  (cost=0.42..79.54 rows=1556 width=4) (actual time=1.058..1.058 rows=1 loops=1)

        Index Cond: ((no_w_id = 1) AND (no_d_id = 9))

        Heap Fetches: 0

Planning Time: 0.099 ms

Execution Time: 1.079 ms
Failed SQL 349: SELECT NO_O_ID FROM NEW_ORDER WHERE NO_D_ID = 9 AND NO_W_ID = 1 ORDER BY NO_O_ID ASC LIMIT 1
Error Message: Cannot invoke "java.util.List.get(int)" because the return value of "sg.edu.nus.autotune.DB2DATA.getAllIndexes()" is null


===== Query 350 =====

SQL: UPDATE CUSTOMER SET C_BALANCE = -7734.41, C_YTD_PAYMENT = 7734.41, C_PAYMENT_CNT = 4 WHERE C_W_ID = 2 AND C_D_ID = 9 AND C_ID = 699

EXPLAIN Plan:

Update on customer  (cost=0.42..8.44 rows=0 width=0) (actual time=0.057..0.058 rows=0 loops=1)

  ->  Index Scan using customer_pkey on customer  (cost=0.42..8.44 rows=1 width=34) (actual time=0.023..0.024 rows=1 loops=1)

        Index Cond: ((c_w_id = 2) AND (c_d_id = 9) AND (c_id = 699))

Planning Time: 0.061 ms

Execution Time: 0.072 ms
Failed SQL 350: UPDATE CUSTOMER SET C_BALANCE = -7734.41, C_YTD_PAYMENT = 7734.41, C_PAYMENT_CNT = 4 WHERE C_W_ID = 2 AND C_D_ID = 9 AND C_ID = 699
Error Message: Cannot invoke "java.util.List.get(int)" because the return value of "sg.edu.nus.autotune.DB2DATA.getAllIndexes()" is null


===== Query 351 =====

SQL: UPDATE WAREHOUSE SET W_YTD = W_YTD + 4331.34 WHERE W_ID = 2

EXPLAIN Plan:

Update on warehouse  (cost=4.14..8.16 rows=0 width=0) (actual time=0.056..0.056 rows=0 loops=1)

  ->  Bitmap Heap Scan on warehouse  (cost=4.14..8.16 rows=1 width=22) (actual time=0.026..0.027 rows=1 loops=1)

        Recheck Cond: (w_id = 2)

        Heap Blocks: exact=1

        ->  Bitmap Index Scan on warehouse_pkey  (cost=0.00..4.14 rows=1 width=0) (actual time=0.011..0.012 rows=1 loops=1)

              Index Cond: (w_id = 2)

Planning Time: 0.077 ms

Execution Time: 0.087 ms
Failed SQL 351: UPDATE WAREHOUSE SET W_YTD = W_YTD + 4331.34 WHERE W_ID = 2
Error Message: Cannot invoke "java.util.List.get(int)" because the return value of "sg.edu.nus.autotune.DB2DATA.getAllIndexes()" is null


===== Query 352 =====

SQL: SELECT W_STREET_1, W_STREET_2, W_CITY, W_STATE, W_ZIP, W_NAME FROM WAREHOUSE WHERE W_ID = 2

EXPLAIN Plan:

Bitmap Heap Scan on warehouse  (cost=4.14..8.15 rows=1 width=65) (actual time=0.019..0.020 rows=1 loops=1)

  Recheck Cond: (w_id = 2)

  Heap Blocks: exact=1

  ->  Bitmap Index Scan on warehouse_pkey  (cost=0.00..4.14 rows=1 width=0) (actual time=0.009..0.009 rows=1 loops=1)

        Index Cond: (w_id = 2)

Planning Time: 0.075 ms

Execution Time: 0.046 ms
Failed SQL 352: SELECT W_STREET_1, W_STREET_2, W_CITY, W_STATE, W_ZIP, W_NAME FROM WAREHOUSE WHERE W_ID = 2
Error Message: Cannot invoke "java.util.List.get(int)" because the return value of "sg.edu.nus.autotune.DB2DATA.getAllIndexes()" is null


===== Query 353 =====

SQL: UPDATE DISTRICT SET D_YTD = D_YTD + 4331.34 WHERE D_W_ID = 2 AND D_ID = 8

EXPLAIN Plan:

Update on district  (cost=4.28..11.67 rows=0 width=0) (actual time=0.063..0.064 rows=0 loops=1)

  ->  Bitmap Heap Scan on district  (cost=4.28..11.67 rows=2 width=22) (actual time=0.029..0.030 rows=1 loops=1)

        Recheck Cond: ((d_w_id = 2) AND (d_id = 8))

        Heap Blocks: exact=1

        ->  Bitmap Index Scan on district_pkey  (cost=0.00..4.28 rows=2 width=0) (actual time=0.017..0.017 rows=1 loops=1)

              Index Cond: ((d_w_id = 2) AND (d_id = 8))

Planning Time: 0.159 ms

Execution Time: 0.113 ms
Failed SQL 353: UPDATE DISTRICT SET D_YTD = D_YTD + 4331.34 WHERE D_W_ID = 2 AND D_ID = 8
Error Message: Cannot invoke "java.util.List.get(int)" because the return value of "sg.edu.nus.autotune.DB2DATA.getAllIndexes()" is null


===== Query 354 =====

SQL: SELECT D_STREET_1, D_STREET_2, D_CITY, D_STATE, D_ZIP, D_NAME FROM DISTRICT WHERE D_W_ID = 2 AND D_ID = 8

EXPLAIN Plan:

Bitmap Heap Scan on district  (cost=4.28..11.66 rows=2 width=64) (actual time=0.021..0.022 rows=1 loops=1)

  Recheck Cond: ((d_w_id = 2) AND (d_id = 8))

  Heap Blocks: exact=1

  ->  Bitmap Index Scan on district_pkey  (cost=0.00..4.28 rows=2 width=0) (actual time=0.011..0.011 rows=1 loops=1)

        Index Cond: ((d_w_id = 2) AND (d_id = 8))

Planning Time: 0.090 ms

Execution Time: 0.055 ms
Failed SQL 354: SELECT D_STREET_1, D_STREET_2, D_CITY, D_STATE, D_ZIP, D_NAME FROM DISTRICT WHERE D_W_ID = 2 AND D_ID = 8
Error Message: Cannot invoke "java.util.List.get(int)" because the return value of "sg.edu.nus.autotune.DB2DATA.getAllIndexes()" is null


===== Query 355 =====

SQL: SELECT C_FIRST, C_MIDDLE, C_LAST, C_STREET_1, C_STREET_2, C_CITY, C_STATE, C_ZIP, C_PHONE, C_CREDIT, C_CREDIT_LIM, C_DISCOUNT, C_BALANCE, C_YTD_PAYMENT, C_PAYMENT_CNT, C_SINCE FROM CUSTOMER WHERE C_W_ID = 2 AND C_D_ID = 8 AND C_ID = 2243

EXPLAIN Plan:

Index Scan using customer_pkey on customer  (cost=0.42..8.44 rows=1 width=140) (actual time=0.818..0.820 rows=1 loops=1)

  Index Cond: ((c_w_id = 2) AND (c_d_id = 8) AND (c_id = 2243))

Planning Time: 0.106 ms

Execution Time: 0.845 ms
Failed SQL 355: SELECT C_FIRST, C_MIDDLE, C_LAST, C_STREET_1, C_STREET_2, C_CITY, C_STATE, C_ZIP, C_PHONE, C_CREDIT, C_CREDIT_LIM, C_DISCOUNT, C_BALANCE, C_YTD_PAYMENT, C_PAYMENT_CNT, C_SINCE FROM CUSTOMER WHERE C_W_ID = 2 AND C_D_ID = 8 AND C_ID = 2243
Error Message: Cannot invoke "java.util.List.get(int)" because the return value of "sg.edu.nus.autotune.DB2DATA.getAllIndexes()" is null


===== Query 356 =====

SQL: UPDATE CUSTOMER SET C_BALANCE = 73016.2, C_YTD_PAYMENT = 8119.4297, C_PAYMENT_CNT = 3 WHERE C_W_ID = 2 AND C_D_ID = 8 AND C_ID = 2243

EXPLAIN Plan:

Update on customer  (cost=0.42..8.44 rows=0 width=0) (actual time=0.069..0.069 rows=0 loops=1)

  ->  Index Scan using customer_pkey on customer  (cost=0.42..8.44 rows=1 width=34) (actual time=0.021..0.022 rows=1 loops=1)

        Index Cond: ((c_w_id = 2) AND (c_d_id = 8) AND (c_id = 2243))

Planning Time: 0.104 ms

Execution Time: 0.094 ms
Failed SQL 356: UPDATE CUSTOMER SET C_BALANCE = 73016.2, C_YTD_PAYMENT = 8119.4297, C_PAYMENT_CNT = 3 WHERE C_W_ID = 2 AND C_D_ID = 8 AND C_ID = 2243
Error Message: Cannot invoke "java.util.List.get(int)" because the return value of "sg.edu.nus.autotune.DB2DATA.getAllIndexes()" is null


===== Query 357 =====

SQL: SELECT D_NEXT_O_ID FROM DISTRICT WHERE D_W_ID = 2 AND D_ID = 10

EXPLAIN Plan:

Bitmap Heap Scan on district  (cost=4.28..11.66 rows=2 width=4) (actual time=0.017..0.018 rows=1 loops=1)

  Recheck Cond: ((d_w_id = 2) AND (d_id = 10))

  Heap Blocks: exact=1

  ->  Bitmap Index Scan on district_pkey  (cost=0.00..4.28 rows=2 width=0) (actual time=0.011..0.011 rows=1 loops=1)

        Index Cond: ((d_w_id = 2) AND (d_id = 10))

Planning Time: 0.090 ms

Execution Time: 0.044 ms
Failed SQL 357: SELECT D_NEXT_O_ID FROM DISTRICT WHERE D_W_ID = 2 AND D_ID = 10
Error Message: Cannot invoke "java.util.List.get(int)" because the return value of "sg.edu.nus.autotune.DB2DATA.getAllIndexes()" is null


===== Query 358 =====

SQL: SELECT COUNT(DISTINCT (S_I_ID)) AS STOCK_COUNT FROM ORDER_LINE, STOCK WHERE OL_W_ID = 2 AND OL_D_ID = 10 AND OL_O_ID < 3509 AND OL_O_ID >= 3509 - 20 AND S_W_ID = 2 AND S_I_ID = OL_I_ID AND S_QUANTITY < 20

EXPLAIN Plan:

Aggregate  (cost=2499.13..2499.14 rows=1 width=8) (actual time=45.526..45.527 rows=1 loops=1)

  ->  Nested Loop  (cost=8.02..2499.08 rows=22 width=4) (actual time=6.033..45.461 rows=20 loops=1)

        ->  Bitmap Heap Scan on order_line  (cost=7.59..805.95 rows=207 width=4) (actual time=0.920..3.703 rows=225 loops=1)

              Recheck Cond: ((ol_w_id = 2) AND (ol_d_id = 10) AND (ol_o_id < 3509) AND (ol_o_id >= 3489))

              Heap Blocks: exact=24

              ->  Bitmap Index Scan on order_line_pkey  (cost=0.00..7.54 rows=207 width=0) (actual time=0.757..0.757 rows=225 loops=1)

                    Index Cond: ((ol_w_id = 2) AND (ol_d_id = 10) AND (ol_o_id < 3509) AND (ol_o_id >= 3489))

        ->  Memoize  (cost=0.43..8.20 rows=1 width=4) (actual time=0.185..0.185 rows=0 loops=225)

              Cache Key: order_line.ol_i_id

              Cache Mode: logical

              Hits: 5  Misses: 220  Evictions: 0  Overflows: 0  Memory Usage: 16kB

              ->  Index Scan using stock_pkey on stock  (cost=0.42..8.19 rows=1 width=4) (actual time=0.189..0.189 rows=0 loops=220)

                    Index Cond: ((s_w_id = 2) AND (s_i_id = order_line.ol_i_id))

                    Filter: (s_quantity < 20)

                    Rows Removed by Filter: 1

Planning Time: 0.253 ms

Execution Time: 45.575 ms
Failed SQL 358: SELECT COUNT(DISTINCT (S_I_ID)) AS STOCK_COUNT FROM ORDER_LINE, STOCK WHERE OL_W_ID = 2 AND OL_D_ID = 10 AND OL_O_ID < 3509 AND OL_O_ID >= 3509 - 20 AND S_W_ID = 2 AND S_I_ID = OL_I_ID AND S_QUANTITY < 20
Error Message: Cannot invoke "java.util.List.get(int)" because the return value of "sg.edu.nus.autotune.DB2DATA.getAllIndexes()" is null


===== Query 359 =====

SQL: SELECT O_C_ID FROM OORDER WHERE O_ID = 2548 AND O_D_ID = 9 AND O_W_ID = 1

EXPLAIN Plan:

Index Scan using oorder_pkey on oorder  (cost=0.42..8.44 rows=1 width=4) (actual time=0.764..0.765 rows=1 loops=1)

  Index Cond: ((o_w_id = 1) AND (o_d_id = 9) AND (o_id = 2548))

Planning Time: 0.062 ms

Execution Time: 0.777 ms
Failed SQL 359: SELECT O_C_ID FROM OORDER WHERE O_ID = 2548 AND O_D_ID = 9 AND O_W_ID = 1
Error Message: Cannot invoke "java.util.List.get(int)" because the return value of "sg.edu.nus.autotune.DB2DATA.getAllIndexes()" is null


===== Query 360 =====

SQL: UPDATE OORDER SET O_CARRIER_ID = 7 WHERE O_ID = 2548 AND O_D_ID = 9 AND O_W_ID = 1

EXPLAIN Plan:

Update on oorder  (cost=0.42..8.44 rows=0 width=0) (actual time=0.057..0.057 rows=0 loops=1)

  ->  Index Scan using oorder_pkey on oorder  (cost=0.42..8.44 rows=1 width=10) (actual time=0.022..0.023 rows=1 loops=1)

        Index Cond: ((o_w_id = 1) AND (o_d_id = 9) AND (o_id = 2548))

Planning Time: 0.102 ms

Execution Time: 0.083 ms
Failed SQL 360: UPDATE OORDER SET O_CARRIER_ID = 7 WHERE O_ID = 2548 AND O_D_ID = 9 AND O_W_ID = 1
Error Message: Cannot invoke "java.util.List.get(int)" because the return value of "sg.edu.nus.autotune.DB2DATA.getAllIndexes()" is null


===== Query 361 =====

SQL: UPDATE ORDER_LINE SET OL_DELIVERY_D = '2014-10-12 20:52:16.33' WHERE OL_O_ID = 2548 AND OL_D_ID = 9 AND OL_W_ID = 1

EXPLAIN Plan:

Update on order_line  (cost=0.43..43.81 rows=0 width=0) (actual time=1.062..1.062 rows=0 loops=1)

  ->  Index Scan using order_line_pkey on order_line  (cost=0.43..43.81 rows=10 width=14) (actual time=0.992..0.997 rows=7 loops=1)

        Index Cond: ((ol_w_id = 1) AND (ol_d_id = 9) AND (ol_o_id = 2548))

Planning Time: 0.092 ms

Execution Time: 1.089 ms
Failed SQL 361: UPDATE ORDER_LINE SET OL_DELIVERY_D = '2014-10-12 20:52:16.33' WHERE OL_O_ID = 2548 AND OL_D_ID = 9 AND OL_W_ID = 1
Error Message: Cannot invoke "java.util.List.get(int)" because the return value of "sg.edu.nus.autotune.DB2DATA.getAllIndexes()" is null


===== Query 362 =====

SQL: SELECT SUM(OL_AMOUNT) AS OL_TOTAL FROM ORDER_LINE WHERE OL_O_ID = 2548 AND OL_D_ID = 9 AND OL_W_ID = 1

EXPLAIN Plan:

Aggregate  (cost=43.83..43.84 rows=1 width=32) (actual time=0.054..0.055 rows=1 loops=1)

  ->  Index Scan using order_line_pkey on order_line  (cost=0.43..43.81 rows=10 width=6) (actual time=0.039..0.042 rows=7 loops=1)

        Index Cond: ((ol_w_id = 1) AND (ol_d_id = 9) AND (ol_o_id = 2548))

Planning Time: 0.112 ms

Execution Time: 0.085 ms
Failed SQL 362: SELECT SUM(OL_AMOUNT) AS OL_TOTAL FROM ORDER_LINE WHERE OL_O_ID = 2548 AND OL_D_ID = 9 AND OL_W_ID = 1
Error Message: Cannot invoke "java.util.List.get(int)" because the return value of "sg.edu.nus.autotune.DB2DATA.getAllIndexes()" is null


===== Query 363 =====

SQL: UPDATE CUSTOMER SET C_BALANCE = C_BALANCE + 45414.5, C_DELIVERY_CNT = C_DELIVERY_CNT + 1 WHERE C_W_ID = 1 AND C_D_ID = 9 AND C_ID = 1260

EXPLAIN Plan:

Update on customer  (cost=0.42..8.45 rows=0 width=0) (actual time=1.223..1.224 rows=0 loops=1)

  ->  Index Scan using customer_pkey on customer  (cost=0.42..8.45 rows=1 width=26) (actual time=1.166..1.168 rows=1 loops=1)

        Index Cond: ((c_w_id = 1) AND (c_d_id = 9) AND (c_id = 1260))

Planning Time: 0.138 ms

Execution Time: 1.258 ms
Failed SQL 363: UPDATE CUSTOMER SET C_BALANCE = C_BALANCE + 45414.5, C_DELIVERY_CNT = C_DELIVERY_CNT + 1 WHERE C_W_ID = 1 AND C_D_ID = 9 AND C_ID = 1260
Error Message: Cannot invoke "java.util.List.get(int)" because the return value of "sg.edu.nus.autotune.DB2DATA.getAllIndexes()" is null


===== Query 364 =====

SQL: SELECT NO_O_ID FROM NEW_ORDER WHERE NO_D_ID = 10 AND NO_W_ID = 1 ORDER BY NO_O_ID ASC LIMIT 1

EXPLAIN Plan:

Limit  (cost=0.42..0.47 rows=1 width=4) (actual time=0.782..0.783 rows=1 loops=1)

  ->  Index Only Scan using new_order_pkey on new_order  (cost=0.42..84.96 rows=1627 width=4) (actual time=0.781..0.782 rows=1 loops=1)

        Index Cond: ((no_w_id = 1) AND (no_d_id = 10))

        Heap Fetches: 0

Planning Time: 0.101 ms

Execution Time: 0.803 ms
Failed SQL 364: SELECT NO_O_ID FROM NEW_ORDER WHERE NO_D_ID = 10 AND NO_W_ID = 1 ORDER BY NO_O_ID ASC LIMIT 1
Error Message: Cannot invoke "java.util.List.get(int)" because the return value of "sg.edu.nus.autotune.DB2DATA.getAllIndexes()" is null


===== Query 365 =====

SQL: SELECT O_C_ID FROM OORDER WHERE O_ID = 2548 AND O_D_ID = 10 AND O_W_ID = 1

EXPLAIN Plan:

Index Scan using oorder_pkey on oorder  (cost=0.42..8.44 rows=1 width=4) (actual time=0.807..0.809 rows=1 loops=1)

  Index Cond: ((o_w_id = 1) AND (o_d_id = 10) AND (o_id = 2548))

Planning Time: 0.110 ms

Execution Time: 0.829 ms
Failed SQL 365: SELECT O_C_ID FROM OORDER WHERE O_ID = 2548 AND O_D_ID = 10 AND O_W_ID = 1
Error Message: Cannot invoke "java.util.List.get(int)" because the return value of "sg.edu.nus.autotune.DB2DATA.getAllIndexes()" is null


===== Query 366 =====

SQL: UPDATE OORDER SET O_CARRIER_ID = 7 WHERE O_ID = 2548 AND O_D_ID = 10 AND O_W_ID = 1

EXPLAIN Plan:

Update on oorder  (cost=0.42..8.44 rows=0 width=0) (actual time=0.060..0.060 rows=0 loops=1)

  ->  Index Scan using oorder_pkey on oorder  (cost=0.42..8.44 rows=1 width=10) (actual time=0.023..0.024 rows=1 loops=1)

        Index Cond: ((o_w_id = 1) AND (o_d_id = 10) AND (o_id = 2548))

Planning Time: 0.106 ms

Execution Time: 0.086 ms
Failed SQL 366: UPDATE OORDER SET O_CARRIER_ID = 7 WHERE O_ID = 2548 AND O_D_ID = 10 AND O_W_ID = 1
Error Message: Cannot invoke "java.util.List.get(int)" because the return value of "sg.edu.nus.autotune.DB2DATA.getAllIndexes()" is null


===== Query 367 =====

SQL: UPDATE ORDER_LINE SET OL_DELIVERY_D = '2014-10-12 20:52:16.449' WHERE OL_O_ID = 2548 AND OL_D_ID = 10 AND OL_W_ID = 1

EXPLAIN Plan:

Update on order_line  (cost=0.43..43.81 rows=0 width=0) (actual time=1.069..1.069 rows=0 loops=1)

  ->  Index Scan using order_line_pkey on order_line  (cost=0.43..43.81 rows=10 width=14) (actual time=0.994..0.999 rows=9 loops=1)

        Index Cond: ((ol_w_id = 1) AND (ol_d_id = 10) AND (ol_o_id = 2548))

Planning Time: 0.055 ms

Execution Time: 1.089 ms
Failed SQL 367: UPDATE ORDER_LINE SET OL_DELIVERY_D = '2014-10-12 20:52:16.449' WHERE OL_O_ID = 2548 AND OL_D_ID = 10 AND OL_W_ID = 1
Error Message: Cannot invoke "java.util.List.get(int)" because the return value of "sg.edu.nus.autotune.DB2DATA.getAllIndexes()" is null


===== Query 368 =====

SQL: SELECT SUM(OL_AMOUNT) AS OL_TOTAL FROM ORDER_LINE WHERE OL_O_ID = 2548 AND OL_D_ID = 10 AND OL_W_ID = 1

EXPLAIN Plan:

Aggregate  (cost=43.83..43.84 rows=1 width=32) (actual time=0.053..0.053 rows=1 loops=1)

  ->  Index Scan using order_line_pkey on order_line  (cost=0.43..43.81 rows=10 width=6) (actual time=0.038..0.041 rows=9 loops=1)

        Index Cond: ((ol_w_id = 1) AND (ol_d_id = 10) AND (ol_o_id = 2548))

Planning Time: 0.112 ms

Execution Time: 0.083 ms
Failed SQL 368: SELECT SUM(OL_AMOUNT) AS OL_TOTAL FROM ORDER_LINE WHERE OL_O_ID = 2548 AND OL_D_ID = 10 AND OL_W_ID = 1
Error Message: Cannot invoke "java.util.List.get(int)" because the return value of "sg.edu.nus.autotune.DB2DATA.getAllIndexes()" is null


===== Query 369 =====

SQL: UPDATE CUSTOMER SET C_BALANCE = C_BALANCE + 27558.56, C_DELIVERY_CNT = C_DELIVERY_CNT + 1 WHERE C_W_ID = 1 AND C_D_ID = 10 AND C_ID = 1603

EXPLAIN Plan:

Update on customer  (cost=0.42..8.45 rows=0 width=0) (actual time=1.036..1.037 rows=0 loops=1)

  ->  Index Scan using customer_pkey on customer  (cost=0.42..8.45 rows=1 width=26) (actual time=0.994..0.996 rows=1 loops=1)

        Index Cond: ((c_w_id = 1) AND (c_d_id = 10) AND (c_id = 1603))

Planning Time: 0.071 ms

Execution Time: 1.066 ms
Failed SQL 369: UPDATE CUSTOMER SET C_BALANCE = C_BALANCE + 27558.56, C_DELIVERY_CNT = C_DELIVERY_CNT + 1 WHERE C_W_ID = 1 AND C_D_ID = 10 AND C_ID = 1603
Error Message: Cannot invoke "java.util.List.get(int)" because the return value of "sg.edu.nus.autotune.DB2DATA.getAllIndexes()" is null


===== Query 370 =====

SQL: SELECT C_DISCOUNT, C_LAST, C_CREDIT, W_TAX FROM CUSTOMER, WAREHOUSE WHERE W_ID = 1 AND C_W_ID = 1 AND C_D_ID = 10 AND C_ID = 2625

EXPLAIN Plan:

Nested Loop  (cost=4.56..16.61 rows=1 width=26) (actual time=1.176..1.178 rows=1 loops=1)

  ->  Index Scan using customer_pkey on customer  (cost=0.42..8.44 rows=1 width=21) (actual time=1.155..1.157 rows=1 loops=1)

        Index Cond: ((c_w_id = 1) AND (c_d_id = 10) AND (c_id = 2625))

  ->  Bitmap Heap Scan on warehouse  (cost=4.14..8.15 rows=1 width=5) (actual time=0.009..0.010 rows=1 loops=1)

        Recheck Cond: (w_id = 1)

        Heap Blocks: exact=1

        ->  Bitmap Index Scan on warehouse_pkey  (cost=0.00..4.14 rows=1 width=0) (actual time=0.005..0.005 rows=1 loops=1)

              Index Cond: (w_id = 1)

Planning Time: 0.142 ms

Execution Time: 1.218 ms
Failed SQL 370: SELECT C_DISCOUNT, C_LAST, C_CREDIT, W_TAX FROM CUSTOMER, WAREHOUSE WHERE W_ID = 1 AND C_W_ID = 1 AND C_D_ID = 10 AND C_ID = 2625
Error Message: Cannot invoke "java.util.List.get(int)" because the return value of "sg.edu.nus.autotune.DB2DATA.getAllIndexes()" is null


===== Query 371 =====

SQL: SELECT D_NEXT_O_ID, D_TAX FROM DISTRICT WHERE D_W_ID = 1 AND D_ID = 10

EXPLAIN Plan:

Bitmap Heap Scan on district  (cost=4.28..11.66 rows=2 width=9) (actual time=0.012..0.012 rows=1 loops=1)

  Recheck Cond: ((d_w_id = 1) AND (d_id = 10))

  Heap Blocks: exact=1

  ->  Bitmap Index Scan on district_pkey  (cost=0.00..4.28 rows=2 width=0) (actual time=0.007..0.007 rows=1 loops=1)

        Index Cond: ((d_w_id = 1) AND (d_id = 10))

Planning Time: 0.052 ms

Execution Time: 0.029 ms
Failed SQL 371: SELECT D_NEXT_O_ID, D_TAX FROM DISTRICT WHERE D_W_ID = 1 AND D_ID = 10
Error Message: Cannot invoke "java.util.List.get(int)" because the return value of "sg.edu.nus.autotune.DB2DATA.getAllIndexes()" is null


===== Query 372 =====

SQL: UPDATE DISTRICT SET D_NEXT_O_ID = D_NEXT_O_ID + 1 WHERE D_W_ID = 1 AND D_ID = 10

EXPLAIN Plan:

Update on district  (cost=4.28..11.67 rows=0 width=0) (actual time=0.050..0.050 rows=0 loops=1)

  ->  Bitmap Heap Scan on district  (cost=4.28..11.67 rows=2 width=10) (actual time=0.019..0.020 rows=1 loops=1)

        Recheck Cond: ((d_w_id = 1) AND (d_id = 10))

        Heap Blocks: exact=1

        ->  Bitmap Index Scan on district_pkey  (cost=0.00..4.28 rows=2 width=0) (actual time=0.011..0.011 rows=1 loops=1)

              Index Cond: ((d_w_id = 1) AND (d_id = 10))

Planning Time: 0.089 ms

Execution Time: 0.083 ms
Failed SQL 372: UPDATE DISTRICT SET D_NEXT_O_ID = D_NEXT_O_ID + 1 WHERE D_W_ID = 1 AND D_ID = 10
Error Message: Cannot invoke "java.util.List.get(int)" because the return value of "sg.edu.nus.autotune.DB2DATA.getAllIndexes()" is null


===== Query 373 =====

SQL: SELECT I_PRICE, I_NAME , I_DATA FROM ITEM WHERE I_ID = 23269

EXPLAIN Plan:

Index Scan using item_pkey on item  (cost=0.29..8.31 rows=1 width=61) (actual time=0.972..0.974 rows=1 loops=1)

  Index Cond: (i_id = 23269)

Planning Time: 0.070 ms

Execution Time: 0.991 ms
Failed SQL 373: SELECT I_PRICE, I_NAME , I_DATA FROM ITEM WHERE I_ID = 23269
Error Message: Cannot invoke "java.util.List.get(int)" because the return value of "sg.edu.nus.autotune.DB2DATA.getAllIndexes()" is null


===== Query 374 =====

SQL: SELECT S_QUANTITY, S_DATA, S_DIST_01, S_DIST_02, S_DIST_03, S_DIST_04, S_DIST_05, S_DIST_06, S_DIST_07, S_DIST_08, S_DIST_09, S_DIST_10 FROM STOCK WHERE S_I_ID = 23269 AND S_W_ID = 1

EXPLAIN Plan:

Index Scan using stock_pkey on stock  (cost=0.42..8.44 rows=1 width=291) (actual time=0.991..0.993 rows=1 loops=1)

  Index Cond: ((s_w_id = 1) AND (s_i_id = 23269))

Planning Time: 0.094 ms

Execution Time: 1.015 ms
Failed SQL 374: SELECT S_QUANTITY, S_DATA, S_DIST_01, S_DIST_02, S_DIST_03, S_DIST_04, S_DIST_05, S_DIST_06, S_DIST_07, S_DIST_08, S_DIST_09, S_DIST_10 FROM STOCK WHERE S_I_ID = 23269 AND S_W_ID = 1
Error Message: Cannot invoke "java.util.List.get(int)" because the return value of "sg.edu.nus.autotune.DB2DATA.getAllIndexes()" is null


===== Query 375 =====

SQL: UPDATE STOCK SET S_QUANTITY = 61, S_YTD = S_YTD + 1, S_ORDER_CNT = S_ORDER_CNT + 1, S_REMOTE_CNT = S_REMOTE_CNT + 0 WHERE S_I_ID = 23269 AND S_W_ID = 1

EXPLAIN Plan:

Update on stock  (cost=0.42..8.45 rows=0 width=0) (actual time=0.086..0.087 rows=0 loops=1)

  ->  Index Scan using stock_pkey on stock  (cost=0.42..8.45 rows=1 width=32) (actual time=0.025..0.027 rows=1 loops=1)

        Index Cond: ((s_w_id = 1) AND (s_i_id = 23269))

Planning Time: 0.100 ms

Execution Time: 0.114 ms
Failed SQL 375: UPDATE STOCK SET S_QUANTITY = 61, S_YTD = S_YTD + 1, S_ORDER_CNT = S_ORDER_CNT + 1, S_REMOTE_CNT = S_REMOTE_CNT + 0 WHERE S_I_ID = 23269 AND S_W_ID = 1
Error Message: Cannot invoke "java.util.List.get(int)" because the return value of "sg.edu.nus.autotune.DB2DATA.getAllIndexes()" is null


===== Query 376 =====

SQL: SELECT I_PRICE, I_NAME , I_DATA FROM ITEM WHERE I_ID = 71398

EXPLAIN Plan:

Index Scan using item_pkey on item  (cost=0.29..8.31 rows=1 width=61) (actual time=0.983..0.985 rows=1 loops=1)

  Index Cond: (i_id = 71398)

Planning Time: 0.070 ms

Execution Time: 1.003 ms
Failed SQL 376: SELECT I_PRICE, I_NAME , I_DATA FROM ITEM WHERE I_ID = 71398
Error Message: Cannot invoke "java.util.List.get(int)" because the return value of "sg.edu.nus.autotune.DB2DATA.getAllIndexes()" is null


===== Query 377 =====

SQL: SELECT S_QUANTITY, S_DATA, S_DIST_01, S_DIST_02, S_DIST_03, S_DIST_04, S_DIST_05, S_DIST_06, S_DIST_07, S_DIST_08, S_DIST_09, S_DIST_10 FROM STOCK WHERE S_I_ID = 71398 AND S_W_ID = 1

EXPLAIN Plan:

Index Scan using stock_pkey on stock  (cost=0.42..8.44 rows=1 width=291) (actual time=0.982..0.984 rows=1 loops=1)

  Index Cond: ((s_w_id = 1) AND (s_i_id = 71398))

Planning Time: 0.091 ms

Execution Time: 1.006 ms
Failed SQL 377: SELECT S_QUANTITY, S_DATA, S_DIST_01, S_DIST_02, S_DIST_03, S_DIST_04, S_DIST_05, S_DIST_06, S_DIST_07, S_DIST_08, S_DIST_09, S_DIST_10 FROM STOCK WHERE S_I_ID = 71398 AND S_W_ID = 1
Error Message: Cannot invoke "java.util.List.get(int)" because the return value of "sg.edu.nus.autotune.DB2DATA.getAllIndexes()" is null


===== Query 378 =====

SQL: UPDATE STOCK SET S_QUANTITY = 33, S_YTD = S_YTD + 1, S_ORDER_CNT = S_ORDER_CNT + 1, S_REMOTE_CNT = S_REMOTE_CNT + 0 WHERE S_I_ID = 71398 AND S_W_ID = 1

EXPLAIN Plan:

Update on stock  (cost=0.42..8.45 rows=0 width=0) (actual time=0.059..0.060 rows=0 loops=1)

  ->  Index Scan using stock_pkey on stock  (cost=0.42..8.45 rows=1 width=32) (actual time=0.025..0.026 rows=1 loops=1)

        Index Cond: ((s_w_id = 1) AND (s_i_id = 71398))

Planning Time: 0.103 ms

Execution Time: 0.088 ms
Failed SQL 378: UPDATE STOCK SET S_QUANTITY = 33, S_YTD = S_YTD + 1, S_ORDER_CNT = S_ORDER_CNT + 1, S_REMOTE_CNT = S_REMOTE_CNT + 0 WHERE S_I_ID = 71398 AND S_W_ID = 1
Error Message: Cannot invoke "java.util.List.get(int)" because the return value of "sg.edu.nus.autotune.DB2DATA.getAllIndexes()" is null


===== Query 379 =====

SQL: SELECT I_PRICE, I_NAME , I_DATA FROM ITEM WHERE I_ID = 44579

EXPLAIN Plan:

Index Scan using item_pkey on item  (cost=0.29..8.31 rows=1 width=61) (actual time=1.160..1.162 rows=1 loops=1)

  Index Cond: (i_id = 44579)

Planning Time: 0.070 ms

Execution Time: 1.180 ms
Failed SQL 379: SELECT I_PRICE, I_NAME , I_DATA FROM ITEM WHERE I_ID = 44579
Error Message: Cannot invoke "java.util.List.get(int)" because the return value of "sg.edu.nus.autotune.DB2DATA.getAllIndexes()" is null


===== Query 380 =====

SQL: SELECT S_QUANTITY, S_DATA, S_DIST_01, S_DIST_02, S_DIST_03, S_DIST_04, S_DIST_05, S_DIST_06, S_DIST_07, S_DIST_08, S_DIST_09, S_DIST_10 FROM STOCK WHERE S_I_ID = 44579 AND S_W_ID = 1

EXPLAIN Plan:

Index Scan using stock_pkey on stock  (cost=0.42..8.44 rows=1 width=291) (actual time=1.023..1.026 rows=1 loops=1)

  Index Cond: ((s_w_id = 1) AND (s_i_id = 44579))

Planning Time: 0.093 ms

Execution Time: 1.049 ms
Failed SQL 380: SELECT S_QUANTITY, S_DATA, S_DIST_01, S_DIST_02, S_DIST_03, S_DIST_04, S_DIST_05, S_DIST_06, S_DIST_07, S_DIST_08, S_DIST_09, S_DIST_10 FROM STOCK WHERE S_I_ID = 44579 AND S_W_ID = 1
Error Message: Cannot invoke "java.util.List.get(int)" because the return value of "sg.edu.nus.autotune.DB2DATA.getAllIndexes()" is null


===== Query 381 =====

SQL: UPDATE STOCK SET S_QUANTITY = 67, S_YTD = S_YTD + 1, S_ORDER_CNT = S_ORDER_CNT + 1, S_REMOTE_CNT = S_REMOTE_CNT + 0 WHERE S_I_ID = 44579 AND S_W_ID = 1

EXPLAIN Plan:

Update on stock  (cost=0.42..8.45 rows=0 width=0) (actual time=0.093..0.094 rows=0 loops=1)

  ->  Index Scan using stock_pkey on stock  (cost=0.42..8.45 rows=1 width=32) (actual time=0.026..0.028 rows=1 loops=1)

        Index Cond: ((s_w_id = 1) AND (s_i_id = 44579))

Planning Time: 0.112 ms

Execution Time: 0.121 ms
Failed SQL 381: UPDATE STOCK SET S_QUANTITY = 67, S_YTD = S_YTD + 1, S_ORDER_CNT = S_ORDER_CNT + 1, S_REMOTE_CNT = S_REMOTE_CNT + 0 WHERE S_I_ID = 44579 AND S_W_ID = 1
Error Message: Cannot invoke "java.util.List.get(int)" because the return value of "sg.edu.nus.autotune.DB2DATA.getAllIndexes()" is null


===== Query 382 =====

SQL: SELECT I_PRICE, I_NAME , I_DATA FROM ITEM WHERE I_ID = 12007

EXPLAIN Plan:

Index Scan using item_pkey on item  (cost=0.29..8.31 rows=1 width=61) (actual time=0.041..0.043 rows=1 loops=1)

  Index Cond: (i_id = 12007)

Planning Time: 0.077 ms

Execution Time: 0.060 ms
Failed SQL 382: SELECT I_PRICE, I_NAME , I_DATA FROM ITEM WHERE I_ID = 12007
Error Message: Cannot invoke "java.util.List.get(int)" because the return value of "sg.edu.nus.autotune.DB2DATA.getAllIndexes()" is null


===== Query 383 =====

SQL: SELECT S_QUANTITY, S_DATA, S_DIST_01, S_DIST_02, S_DIST_03, S_DIST_04, S_DIST_05, S_DIST_06, S_DIST_07, S_DIST_08, S_DIST_09, S_DIST_10 FROM STOCK WHERE S_I_ID = 12007 AND S_W_ID = 1

EXPLAIN Plan:

Index Scan using stock_pkey on stock  (cost=0.42..8.44 rows=1 width=291) (actual time=0.084..0.086 rows=1 loops=1)

  Index Cond: ((s_w_id = 1) AND (s_i_id = 12007))

Planning Time: 0.090 ms

Execution Time: 0.108 ms
Failed SQL 383: SELECT S_QUANTITY, S_DATA, S_DIST_01, S_DIST_02, S_DIST_03, S_DIST_04, S_DIST_05, S_DIST_06, S_DIST_07, S_DIST_08, S_DIST_09, S_DIST_10 FROM STOCK WHERE S_I_ID = 12007 AND S_W_ID = 1
Error Message: Cannot invoke "java.util.List.get(int)" because the return value of "sg.edu.nus.autotune.DB2DATA.getAllIndexes()" is null


===== Query 384 =====

SQL: UPDATE STOCK SET S_QUANTITY = 78, S_YTD = S_YTD + 4, S_ORDER_CNT = S_ORDER_CNT + 1, S_REMOTE_CNT = S_REMOTE_CNT + 0 WHERE S_I_ID = 12007 AND S_W_ID = 1

EXPLAIN Plan:

Update on stock  (cost=0.42..8.45 rows=0 width=0) (actual time=0.055..0.056 rows=0 loops=1)

  ->  Index Scan using stock_pkey on stock  (cost=0.42..8.45 rows=1 width=32) (actual time=0.023..0.024 rows=1 loops=1)

        Index Cond: ((s_w_id = 1) AND (s_i_id = 12007))

Planning Time: 0.105 ms

Execution Time: 0.083 ms
Failed SQL 384: UPDATE STOCK SET S_QUANTITY = 78, S_YTD = S_YTD + 4, S_ORDER_CNT = S_ORDER_CNT + 1, S_REMOTE_CNT = S_REMOTE_CNT + 0 WHERE S_I_ID = 12007 AND S_W_ID = 1
Error Message: Cannot invoke "java.util.List.get(int)" because the return value of "sg.edu.nus.autotune.DB2DATA.getAllIndexes()" is null


===== Query 385 =====

SQL: SELECT I_PRICE, I_NAME , I_DATA FROM ITEM WHERE I_ID = 81630

EXPLAIN Plan:

Index Scan using item_pkey on item  (cost=0.29..8.31 rows=1 width=61) (actual time=0.993..0.996 rows=1 loops=1)

  Index Cond: (i_id = 81630)

Planning Time: 0.072 ms

Execution Time: 1.014 ms
Failed SQL 385: SELECT I_PRICE, I_NAME , I_DATA FROM ITEM WHERE I_ID = 81630
Error Message: Cannot invoke "java.util.List.get(int)" because the return value of "sg.edu.nus.autotune.DB2DATA.getAllIndexes()" is null


===== Query 386 =====

SQL: SELECT S_QUANTITY, S_DATA, S_DIST_01, S_DIST_02, S_DIST_03, S_DIST_04, S_DIST_05, S_DIST_06, S_DIST_07, S_DIST_08, S_DIST_09, S_DIST_10 FROM STOCK WHERE S_I_ID = 81630 AND S_W_ID = 1

EXPLAIN Plan:

Index Scan using stock_pkey on stock  (cost=0.42..8.44 rows=1 width=291) (actual time=0.477..0.478 rows=1 loops=1)

  Index Cond: ((s_w_id = 1) AND (s_i_id = 81630))

Planning Time: 0.096 ms

Execution Time: 0.499 ms
Failed SQL 386: SELECT S_QUANTITY, S_DATA, S_DIST_01, S_DIST_02, S_DIST_03, S_DIST_04, S_DIST_05, S_DIST_06, S_DIST_07, S_DIST_08, S_DIST_09, S_DIST_10 FROM STOCK WHERE S_I_ID = 81630 AND S_W_ID = 1
Error Message: Cannot invoke "java.util.List.get(int)" because the return value of "sg.edu.nus.autotune.DB2DATA.getAllIndexes()" is null


===== Query 387 =====

SQL: UPDATE STOCK SET S_QUANTITY = 77, S_YTD = S_YTD + 3, S_ORDER_CNT = S_ORDER_CNT + 1, S_REMOTE_CNT = S_REMOTE_CNT + 0 WHERE S_I_ID = 81630 AND S_W_ID = 1

EXPLAIN Plan:

Update on stock  (cost=0.42..8.45 rows=0 width=0) (actual time=0.059..0.060 rows=0 loops=1)

  ->  Index Scan using stock_pkey on stock  (cost=0.42..8.45 rows=1 width=32) (actual time=0.025..0.026 rows=1 loops=1)

        Index Cond: ((s_w_id = 1) AND (s_i_id = 81630))

Planning Time: 0.100 ms

Execution Time: 0.089 ms
Failed SQL 387: UPDATE STOCK SET S_QUANTITY = 77, S_YTD = S_YTD + 3, S_ORDER_CNT = S_ORDER_CNT + 1, S_REMOTE_CNT = S_REMOTE_CNT + 0 WHERE S_I_ID = 81630 AND S_W_ID = 1
Error Message: Cannot invoke "java.util.List.get(int)" because the return value of "sg.edu.nus.autotune.DB2DATA.getAllIndexes()" is null


===== Query 388 =====

SQL: SELECT I_PRICE, I_NAME , I_DATA FROM ITEM WHERE I_ID = 2087

EXPLAIN Plan:

Index Scan using item_pkey on item  (cost=0.29..8.31 rows=1 width=61) (actual time=0.991..0.993 rows=1 loops=1)

  Index Cond: (i_id = 2087)

Planning Time: 0.077 ms

Execution Time: 1.011 ms
Failed SQL 388: SELECT I_PRICE, I_NAME , I_DATA FROM ITEM WHERE I_ID = 2087
Error Message: Cannot invoke "java.util.List.get(int)" because the return value of "sg.edu.nus.autotune.DB2DATA.getAllIndexes()" is null


===== Query 389 =====

SQL: SELECT S_QUANTITY, S_DATA, S_DIST_01, S_DIST_02, S_DIST_03, S_DIST_04, S_DIST_05, S_DIST_06, S_DIST_07, S_DIST_08, S_DIST_09, S_DIST_10 FROM STOCK WHERE S_I_ID = 2087 AND S_W_ID = 1

EXPLAIN Plan:

Index Scan using stock_pkey on stock  (cost=0.42..8.44 rows=1 width=291) (actual time=1.014..1.016 rows=1 loops=1)

  Index Cond: ((s_w_id = 1) AND (s_i_id = 2087))

Planning Time: 0.104 ms

Execution Time: 1.063 ms
Failed SQL 389: SELECT S_QUANTITY, S_DATA, S_DIST_01, S_DIST_02, S_DIST_03, S_DIST_04, S_DIST_05, S_DIST_06, S_DIST_07, S_DIST_08, S_DIST_09, S_DIST_10 FROM STOCK WHERE S_I_ID = 2087 AND S_W_ID = 1
Error Message: Cannot invoke "java.util.List.get(int)" because the return value of "sg.edu.nus.autotune.DB2DATA.getAllIndexes()" is null


===== Query 390 =====

SQL: UPDATE STOCK SET S_QUANTITY = 95, S_YTD = S_YTD + 7, S_ORDER_CNT = S_ORDER_CNT + 1, S_REMOTE_CNT = S_REMOTE_CNT + 0 WHERE S_I_ID = 2087 AND S_W_ID = 1

EXPLAIN Plan:

Update on stock  (cost=0.42..8.45 rows=0 width=0) (actual time=0.087..0.088 rows=0 loops=1)

  ->  Index Scan using stock_pkey on stock  (cost=0.42..8.45 rows=1 width=32) (actual time=0.024..0.026 rows=1 loops=1)

        Index Cond: ((s_w_id = 1) AND (s_i_id = 2087))

Planning Time: 0.099 ms

Execution Time: 0.115 ms
Failed SQL 390: UPDATE STOCK SET S_QUANTITY = 95, S_YTD = S_YTD + 7, S_ORDER_CNT = S_ORDER_CNT + 1, S_REMOTE_CNT = S_REMOTE_CNT + 0 WHERE S_I_ID = 2087 AND S_W_ID = 1
Error Message: Cannot invoke "java.util.List.get(int)" because the return value of "sg.edu.nus.autotune.DB2DATA.getAllIndexes()" is null


===== Query 391 =====

SQL: SELECT I_PRICE, I_NAME , I_DATA FROM ITEM WHERE I_ID = 14407

EXPLAIN Plan:

Index Scan using item_pkey on item  (cost=0.29..8.31 rows=1 width=61) (actual time=1.007..1.009 rows=1 loops=1)

  Index Cond: (i_id = 14407)

Planning Time: 0.071 ms

Execution Time: 1.027 ms
Failed SQL 391: SELECT I_PRICE, I_NAME , I_DATA FROM ITEM WHERE I_ID = 14407
Error Message: Cannot invoke "java.util.List.get(int)" because the return value of "sg.edu.nus.autotune.DB2DATA.getAllIndexes()" is null


===== Query 392 =====

SQL: SELECT S_QUANTITY, S_DATA, S_DIST_01, S_DIST_02, S_DIST_03, S_DIST_04, S_DIST_05, S_DIST_06, S_DIST_07, S_DIST_08, S_DIST_09, S_DIST_10 FROM STOCK WHERE S_I_ID = 14407 AND S_W_ID = 1

EXPLAIN Plan:

Index Scan using stock_pkey on stock  (cost=0.42..8.44 rows=1 width=291) (actual time=1.859..1.861 rows=1 loops=1)

  Index Cond: ((s_w_id = 1) AND (s_i_id = 14407))

Planning Time: 0.097 ms

Execution Time: 1.884 ms
Failed SQL 392: SELECT S_QUANTITY, S_DATA, S_DIST_01, S_DIST_02, S_DIST_03, S_DIST_04, S_DIST_05, S_DIST_06, S_DIST_07, S_DIST_08, S_DIST_09, S_DIST_10 FROM STOCK WHERE S_I_ID = 14407 AND S_W_ID = 1
Error Message: Cannot invoke "java.util.List.get(int)" because the return value of "sg.edu.nus.autotune.DB2DATA.getAllIndexes()" is null


===== Query 393 =====

SQL: UPDATE STOCK SET S_QUANTITY = 74, S_YTD = S_YTD + 10, S_ORDER_CNT = S_ORDER_CNT + 1, S_REMOTE_CNT = S_REMOTE_CNT + 0 WHERE S_I_ID = 14407 AND S_W_ID = 1

EXPLAIN Plan:

Update on stock  (cost=0.42..8.45 rows=0 width=0) (actual time=0.062..0.062 rows=0 loops=1)

  ->  Index Scan using stock_pkey on stock  (cost=0.42..8.45 rows=1 width=32) (actual time=0.016..0.017 rows=1 loops=1)

        Index Cond: ((s_w_id = 1) AND (s_i_id = 14407))

Planning Time: 0.064 ms

Execution Time: 0.081 ms
Failed SQL 393: UPDATE STOCK SET S_QUANTITY = 74, S_YTD = S_YTD + 10, S_ORDER_CNT = S_ORDER_CNT + 1, S_REMOTE_CNT = S_REMOTE_CNT + 0 WHERE S_I_ID = 14407 AND S_W_ID = 1
Error Message: Cannot invoke "java.util.List.get(int)" because the return value of "sg.edu.nus.autotune.DB2DATA.getAllIndexes()" is null


===== Query 394 =====

SQL: SELECT I_PRICE, I_NAME , I_DATA FROM ITEM WHERE I_ID = 24032

EXPLAIN Plan:

Index Scan using item_pkey on item  (cost=0.29..8.31 rows=1 width=61) (actual time=0.998..1.001 rows=1 loops=1)

  Index Cond: (i_id = 24032)

Planning Time: 0.076 ms

Execution Time: 1.020 ms
Failed SQL 394: SELECT I_PRICE, I_NAME , I_DATA FROM ITEM WHERE I_ID = 24032
Error Message: Cannot invoke "java.util.List.get(int)" because the return value of "sg.edu.nus.autotune.DB2DATA.getAllIndexes()" is null


===== Query 395 =====

SQL: SELECT S_QUANTITY, S_DATA, S_DIST_01, S_DIST_02, S_DIST_03, S_DIST_04, S_DIST_05, S_DIST_06, S_DIST_07, S_DIST_08, S_DIST_09, S_DIST_10 FROM STOCK WHERE S_I_ID = 24032 AND S_W_ID = 1

EXPLAIN Plan:

Index Scan using stock_pkey on stock  (cost=0.42..8.44 rows=1 width=291) (actual time=1.014..1.016 rows=1 loops=1)

  Index Cond: ((s_w_id = 1) AND (s_i_id = 24032))

Planning Time: 0.094 ms

Execution Time: 1.040 ms
Failed SQL 395: SELECT S_QUANTITY, S_DATA, S_DIST_01, S_DIST_02, S_DIST_03, S_DIST_04, S_DIST_05, S_DIST_06, S_DIST_07, S_DIST_08, S_DIST_09, S_DIST_10 FROM STOCK WHERE S_I_ID = 24032 AND S_W_ID = 1
Error Message: Cannot invoke "java.util.List.get(int)" because the return value of "sg.edu.nus.autotune.DB2DATA.getAllIndexes()" is null


===== Query 396 =====

SQL: UPDATE STOCK SET S_QUANTITY = 52, S_YTD = S_YTD + 2, S_ORDER_CNT = S_ORDER_CNT + 1, S_REMOTE_CNT = S_REMOTE_CNT + 0 WHERE S_I_ID = 24032 AND S_W_ID = 1

EXPLAIN Plan:

Update on stock  (cost=0.42..8.45 rows=0 width=0) (actual time=0.062..0.063 rows=0 loops=1)

  ->  Index Scan using stock_pkey on stock  (cost=0.42..8.45 rows=1 width=32) (actual time=0.025..0.027 rows=1 loops=1)

        Index Cond: ((s_w_id = 1) AND (s_i_id = 24032))

Planning Time: 0.105 ms

Execution Time: 0.092 ms
Failed SQL 396: UPDATE STOCK SET S_QUANTITY = 52, S_YTD = S_YTD + 2, S_ORDER_CNT = S_ORDER_CNT + 1, S_REMOTE_CNT = S_REMOTE_CNT + 0 WHERE S_I_ID = 24032 AND S_W_ID = 1
Error Message: Cannot invoke "java.util.List.get(int)" because the return value of "sg.edu.nus.autotune.DB2DATA.getAllIndexes()" is null


===== Query 397 =====

SQL: SELECT I_PRICE, I_NAME , I_DATA FROM ITEM WHERE I_ID = 58063

EXPLAIN Plan:

Index Scan using item_pkey on item  (cost=0.29..8.31 rows=1 width=61) (actual time=1.030..1.034 rows=1 loops=1)

  Index Cond: (i_id = 58063)

Planning Time: 0.073 ms

Execution Time: 1.053 ms
Failed SQL 397: SELECT I_PRICE, I_NAME , I_DATA FROM ITEM WHERE I_ID = 58063
Error Message: Cannot invoke "java.util.List.get(int)" because the return value of "sg.edu.nus.autotune.DB2DATA.getAllIndexes()" is null


===== Query 398 =====

SQL: SELECT S_QUANTITY, S_DATA, S_DIST_01, S_DIST_02, S_DIST_03, S_DIST_04, S_DIST_05, S_DIST_06, S_DIST_07, S_DIST_08, S_DIST_09, S_DIST_10 FROM STOCK WHERE S_I_ID = 58063 AND S_W_ID = 1

EXPLAIN Plan:

Index Scan using stock_pkey on stock  (cost=0.42..8.44 rows=1 width=291) (actual time=1.031..1.033 rows=1 loops=1)

  Index Cond: ((s_w_id = 1) AND (s_i_id = 58063))

Planning Time: 0.092 ms

Execution Time: 1.056 ms
Failed SQL 398: SELECT S_QUANTITY, S_DATA, S_DIST_01, S_DIST_02, S_DIST_03, S_DIST_04, S_DIST_05, S_DIST_06, S_DIST_07, S_DIST_08, S_DIST_09, S_DIST_10 FROM STOCK WHERE S_I_ID = 58063 AND S_W_ID = 1
Error Message: Cannot invoke "java.util.List.get(int)" because the return value of "sg.edu.nus.autotune.DB2DATA.getAllIndexes()" is null


===== Query 399 =====

SQL: UPDATE STOCK SET S_QUANTITY = 45, S_YTD = S_YTD + 1, S_ORDER_CNT = S_ORDER_CNT + 1, S_REMOTE_CNT = S_REMOTE_CNT + 0 WHERE S_I_ID = 58063 AND S_W_ID = 1

EXPLAIN Plan:

Update on stock  (cost=0.42..8.45 rows=0 width=0) (actual time=0.033..0.033 rows=0 loops=1)

  ->  Index Scan using stock_pkey on stock  (cost=0.42..8.45 rows=1 width=32) (actual time=0.015..0.015 rows=1 loops=1)

        Index Cond: ((s_w_id = 1) AND (s_i_id = 58063))

Planning Time: 0.057 ms

Execution Time: 0.047 ms
Failed SQL 399: UPDATE STOCK SET S_QUANTITY = 45, S_YTD = S_YTD + 1, S_ORDER_CNT = S_ORDER_CNT + 1, S_REMOTE_CNT = S_REMOTE_CNT + 0 WHERE S_I_ID = 58063 AND S_W_ID = 1
Error Message: Cannot invoke "java.util.List.get(int)" because the return value of "sg.edu.nus.autotune.DB2DATA.getAllIndexes()" is null


===== Query 400 =====

SQL: SELECT I_PRICE, I_NAME , I_DATA FROM ITEM WHERE I_ID = 69221

EXPLAIN Plan:

Index Scan using item_pkey on item  (cost=0.29..8.31 rows=1 width=61) (actual time=1.032..1.034 rows=1 loops=1)

  Index Cond: (i_id = 69221)

Planning Time: 0.074 ms

Execution Time: 1.052 ms
Failed SQL 400: SELECT I_PRICE, I_NAME , I_DATA FROM ITEM WHERE I_ID = 69221
Error Message: Cannot invoke "java.util.List.get(int)" because the return value of "sg.edu.nus.autotune.DB2DATA.getAllIndexes()" is null


===== Query 401 =====

SQL: SELECT S_QUANTITY, S_DATA, S_DIST_01, S_DIST_02, S_DIST_03, S_DIST_04, S_DIST_05, S_DIST_06, S_DIST_07, S_DIST_08, S_DIST_09, S_DIST_10 FROM STOCK WHERE S_I_ID = 69221 AND S_W_ID = 1

EXPLAIN Plan:

Index Scan using stock_pkey on stock  (cost=0.42..8.44 rows=1 width=291) (actual time=1.035..1.037 rows=1 loops=1)

  Index Cond: ((s_w_id = 1) AND (s_i_id = 69221))

Planning Time: 0.093 ms

Execution Time: 1.060 ms
Failed SQL 401: SELECT S_QUANTITY, S_DATA, S_DIST_01, S_DIST_02, S_DIST_03, S_DIST_04, S_DIST_05, S_DIST_06, S_DIST_07, S_DIST_08, S_DIST_09, S_DIST_10 FROM STOCK WHERE S_I_ID = 69221 AND S_W_ID = 1
Error Message: Cannot invoke "java.util.List.get(int)" because the return value of "sg.edu.nus.autotune.DB2DATA.getAllIndexes()" is null


===== Query 402 =====

SQL: UPDATE STOCK SET S_QUANTITY = 37, S_YTD = S_YTD + 4, S_ORDER_CNT = S_ORDER_CNT + 1, S_REMOTE_CNT = S_REMOTE_CNT + 0 WHERE S_I_ID = 69221 AND S_W_ID = 1

EXPLAIN Plan:

Update on stock  (cost=0.42..8.45 rows=0 width=0) (actual time=0.033..0.034 rows=0 loops=1)

  ->  Index Scan using stock_pkey on stock  (cost=0.42..8.45 rows=1 width=32) (actual time=0.015..0.016 rows=1 loops=1)

        Index Cond: ((s_w_id = 1) AND (s_i_id = 69221))

Planning Time: 0.077 ms

Execution Time: 0.048 ms
Failed SQL 402: UPDATE STOCK SET S_QUANTITY = 37, S_YTD = S_YTD + 4, S_ORDER_CNT = S_ORDER_CNT + 1, S_REMOTE_CNT = S_REMOTE_CNT + 0 WHERE S_I_ID = 69221 AND S_W_ID = 1
Error Message: Cannot invoke "java.util.List.get(int)" because the return value of "sg.edu.nus.autotune.DB2DATA.getAllIndexes()" is null


===== Query 403 =====

SQL: SELECT I_PRICE, I_NAME , I_DATA FROM ITEM WHERE I_ID = 40583

EXPLAIN Plan:

Index Scan using item_pkey on item  (cost=0.29..8.31 rows=1 width=61) (actual time=0.032..0.033 rows=1 loops=1)

  Index Cond: (i_id = 40583)

Planning Time: 0.058 ms

Execution Time: 0.047 ms
Failed SQL 403: SELECT I_PRICE, I_NAME , I_DATA FROM ITEM WHERE I_ID = 40583
Error Message: Cannot invoke "java.util.List.get(int)" because the return value of "sg.edu.nus.autotune.DB2DATA.getAllIndexes()" is null


===== Query 404 =====

SQL: SELECT S_QUANTITY, S_DATA, S_DIST_01, S_DIST_02, S_DIST_03, S_DIST_04, S_DIST_05, S_DIST_06, S_DIST_07, S_DIST_08, S_DIST_09, S_DIST_10 FROM STOCK WHERE S_I_ID = 40583 AND S_W_ID = 1

EXPLAIN Plan:

Index Scan using stock_pkey on stock  (cost=0.42..8.44 rows=1 width=291) (actual time=0.792..0.794 rows=1 loops=1)

  Index Cond: ((s_w_id = 1) AND (s_i_id = 40583))

Planning Time: 0.095 ms

Execution Time: 0.818 ms
Failed SQL 404: SELECT S_QUANTITY, S_DATA, S_DIST_01, S_DIST_02, S_DIST_03, S_DIST_04, S_DIST_05, S_DIST_06, S_DIST_07, S_DIST_08, S_DIST_09, S_DIST_10 FROM STOCK WHERE S_I_ID = 40583 AND S_W_ID = 1
Error Message: Cannot invoke "java.util.List.get(int)" because the return value of "sg.edu.nus.autotune.DB2DATA.getAllIndexes()" is null


===== Query 405 =====

SQL: UPDATE STOCK SET S_QUANTITY = 99, S_YTD = S_YTD + 4, S_ORDER_CNT = S_ORDER_CNT + 1, S_REMOTE_CNT = S_REMOTE_CNT + 0 WHERE S_I_ID = 40583 AND S_W_ID = 1

EXPLAIN Plan:

Update on stock  (cost=0.42..8.45 rows=0 width=0) (actual time=0.087..0.087 rows=0 loops=1)

  ->  Index Scan using stock_pkey on stock  (cost=0.42..8.45 rows=1 width=32) (actual time=0.024..0.026 rows=1 loops=1)

        Index Cond: ((s_w_id = 1) AND (s_i_id = 40583))

Planning Time: 0.099 ms

Execution Time: 0.115 ms
Failed SQL 405: UPDATE STOCK SET S_QUANTITY = 99, S_YTD = S_YTD + 4, S_ORDER_CNT = S_ORDER_CNT + 1, S_REMOTE_CNT = S_REMOTE_CNT + 0 WHERE S_I_ID = 40583 AND S_W_ID = 1
Error Message: Cannot invoke "java.util.List.get(int)" because the return value of "sg.edu.nus.autotune.DB2DATA.getAllIndexes()" is null


===== Query 406 =====

SQL: SELECT I_PRICE, I_NAME , I_DATA FROM ITEM WHERE I_ID = 27078

EXPLAIN Plan:

Index Scan using item_pkey on item  (cost=0.29..8.31 rows=1 width=61) (actual time=2.820..2.823 rows=1 loops=1)

  Index Cond: (i_id = 27078)

Planning Time: 0.048 ms

Execution Time: 2.838 ms
Failed SQL 406: SELECT I_PRICE, I_NAME , I_DATA FROM ITEM WHERE I_ID = 27078
Error Message: Cannot invoke "java.util.List.get(int)" because the return value of "sg.edu.nus.autotune.DB2DATA.getAllIndexes()" is null


===== Query 407 =====

SQL: SELECT S_QUANTITY, S_DATA, S_DIST_01, S_DIST_02, S_DIST_03, S_DIST_04, S_DIST_05, S_DIST_06, S_DIST_07, S_DIST_08, S_DIST_09, S_DIST_10 FROM STOCK WHERE S_I_ID = 27078 AND S_W_ID = 1

EXPLAIN Plan:

Index Scan using stock_pkey on stock  (cost=0.42..8.44 rows=1 width=291) (actual time=1.184..1.186 rows=1 loops=1)

  Index Cond: ((s_w_id = 1) AND (s_i_id = 27078))

Planning Time: 0.090 ms

Execution Time: 1.208 ms
Failed SQL 407: SELECT S_QUANTITY, S_DATA, S_DIST_01, S_DIST_02, S_DIST_03, S_DIST_04, S_DIST_05, S_DIST_06, S_DIST_07, S_DIST_08, S_DIST_09, S_DIST_10 FROM STOCK WHERE S_I_ID = 27078 AND S_W_ID = 1
Error Message: Cannot invoke "java.util.List.get(int)" because the return value of "sg.edu.nus.autotune.DB2DATA.getAllIndexes()" is null


===== Query 408 =====

SQL: UPDATE STOCK SET S_QUANTITY = 53, S_YTD = S_YTD + 6, S_ORDER_CNT = S_ORDER_CNT + 1, S_REMOTE_CNT = S_REMOTE_CNT + 0 WHERE S_I_ID = 27078 AND S_W_ID = 1

EXPLAIN Plan:

Update on stock  (cost=0.42..8.45 rows=0 width=0) (actual time=0.059..0.059 rows=0 loops=1)

  ->  Index Scan using stock_pkey on stock  (cost=0.42..8.45 rows=1 width=32) (actual time=0.026..0.028 rows=1 loops=1)

        Index Cond: ((s_w_id = 1) AND (s_i_id = 27078))

Planning Time: 0.100 ms

Execution Time: 0.086 ms
Failed SQL 408: UPDATE STOCK SET S_QUANTITY = 53, S_YTD = S_YTD + 6, S_ORDER_CNT = S_ORDER_CNT + 1, S_REMOTE_CNT = S_REMOTE_CNT + 0 WHERE S_I_ID = 27078 AND S_W_ID = 1
Error Message: Cannot invoke "java.util.List.get(int)" because the return value of "sg.edu.nus.autotune.DB2DATA.getAllIndexes()" is null


===== Query 409 =====

SQL: SELECT I_PRICE, I_NAME , I_DATA FROM ITEM WHERE I_ID = 16087

EXPLAIN Plan:

Index Scan using item_pkey on item  (cost=0.29..8.31 rows=1 width=61) (actual time=0.036..0.037 rows=1 loops=1)

  Index Cond: (i_id = 16087)

Planning Time: 0.075 ms

Execution Time: 0.054 ms
Failed SQL 409: SELECT I_PRICE, I_NAME , I_DATA FROM ITEM WHERE I_ID = 16087
Error Message: Cannot invoke "java.util.List.get(int)" because the return value of "sg.edu.nus.autotune.DB2DATA.getAllIndexes()" is null


===== Query 410 =====

SQL: SELECT S_QUANTITY, S_DATA, S_DIST_01, S_DIST_02, S_DIST_03, S_DIST_04, S_DIST_05, S_DIST_06, S_DIST_07, S_DIST_08, S_DIST_09, S_DIST_10 FROM STOCK WHERE S_I_ID = 16087 AND S_W_ID = 1

EXPLAIN Plan:

Index Scan using stock_pkey on stock  (cost=0.42..8.44 rows=1 width=291) (actual time=0.798..0.800 rows=1 loops=1)

  Index Cond: ((s_w_id = 1) AND (s_i_id = 16087))

Planning Time: 0.094 ms

Execution Time: 0.822 ms
Failed SQL 410: SELECT S_QUANTITY, S_DATA, S_DIST_01, S_DIST_02, S_DIST_03, S_DIST_04, S_DIST_05, S_DIST_06, S_DIST_07, S_DIST_08, S_DIST_09, S_DIST_10 FROM STOCK WHERE S_I_ID = 16087 AND S_W_ID = 1
Error Message: Cannot invoke "java.util.List.get(int)" because the return value of "sg.edu.nus.autotune.DB2DATA.getAllIndexes()" is null


===== Query 411 =====

SQL: UPDATE STOCK SET S_QUANTITY = 32, S_YTD = S_YTD + 1, S_ORDER_CNT = S_ORDER_CNT + 1, S_REMOTE_CNT = S_REMOTE_CNT + 0 WHERE S_I_ID = 16087 AND S_W_ID = 1

EXPLAIN Plan:

Update on stock  (cost=0.42..8.45 rows=0 width=0) (actual time=0.062..0.062 rows=0 loops=1)

  ->  Index Scan using stock_pkey on stock  (cost=0.42..8.45 rows=1 width=32) (actual time=0.027..0.028 rows=1 loops=1)

        Index Cond: ((s_w_id = 1) AND (s_i_id = 16087))

Planning Time: 0.102 ms

Execution Time: 0.089 ms
Failed SQL 411: UPDATE STOCK SET S_QUANTITY = 32, S_YTD = S_YTD + 1, S_ORDER_CNT = S_ORDER_CNT + 1, S_REMOTE_CNT = S_REMOTE_CNT + 0 WHERE S_I_ID = 16087 AND S_W_ID = 1
Error Message: Cannot invoke "java.util.List.get(int)" because the return value of "sg.edu.nus.autotune.DB2DATA.getAllIndexes()" is null


===== Query 412 =====

SQL: SELECT I_PRICE, I_NAME , I_DATA FROM ITEM WHERE I_ID = 92902

EXPLAIN Plan:

Index Scan using item_pkey on item  (cost=0.29..8.31 rows=1 width=61) (actual time=1.848..1.850 rows=1 loops=1)

  Index Cond: (i_id = 92902)

Planning Time: 0.073 ms

Execution Time: 1.869 ms
Failed SQL 412: SELECT I_PRICE, I_NAME , I_DATA FROM ITEM WHERE I_ID = 92902
Error Message: Cannot invoke "java.util.List.get(int)" because the return value of "sg.edu.nus.autotune.DB2DATA.getAllIndexes()" is null


===== Query 413 =====

SQL: SELECT S_QUANTITY, S_DATA, S_DIST_01, S_DIST_02, S_DIST_03, S_DIST_04, S_DIST_05, S_DIST_06, S_DIST_07, S_DIST_08, S_DIST_09, S_DIST_10 FROM STOCK WHERE S_I_ID = 92902 AND S_W_ID = 1

EXPLAIN Plan:

Index Scan using stock_pkey on stock  (cost=0.42..8.44 rows=1 width=291) (actual time=1.011..1.013 rows=1 loops=1)

  Index Cond: ((s_w_id = 1) AND (s_i_id = 92902))

Planning Time: 0.090 ms

Execution Time: 1.035 ms
Failed SQL 413: SELECT S_QUANTITY, S_DATA, S_DIST_01, S_DIST_02, S_DIST_03, S_DIST_04, S_DIST_05, S_DIST_06, S_DIST_07, S_DIST_08, S_DIST_09, S_DIST_10 FROM STOCK WHERE S_I_ID = 92902 AND S_W_ID = 1
Error Message: Cannot invoke "java.util.List.get(int)" because the return value of "sg.edu.nus.autotune.DB2DATA.getAllIndexes()" is null


===== Query 414 =====

SQL: UPDATE STOCK SET S_QUANTITY = 33, S_YTD = S_YTD + 7, S_ORDER_CNT = S_ORDER_CNT + 1, S_REMOTE_CNT = S_REMOTE_CNT + 0 WHERE S_I_ID = 92902 AND S_W_ID = 1

EXPLAIN Plan:

Update on stock  (cost=0.42..8.45 rows=0 width=0) (actual time=0.073..0.073 rows=0 loops=1)

  ->  Index Scan using stock_pkey on stock  (cost=0.42..8.45 rows=1 width=32) (actual time=0.022..0.023 rows=1 loops=1)

        Index Cond: ((s_w_id = 1) AND (s_i_id = 92902))

Planning Time: 0.083 ms

Execution Time: 0.094 ms
Failed SQL 414: UPDATE STOCK SET S_QUANTITY = 33, S_YTD = S_YTD + 7, S_ORDER_CNT = S_ORDER_CNT + 1, S_REMOTE_CNT = S_REMOTE_CNT + 0 WHERE S_I_ID = 92902 AND S_W_ID = 1
Error Message: Cannot invoke "java.util.List.get(int)" because the return value of "sg.edu.nus.autotune.DB2DATA.getAllIndexes()" is null


===== Query 415 =====

SQL: SELECT C_FIRST, C_MIDDLE, C_LAST, C_STREET_1, C_STREET_2, C_CITY, C_STATE, C_ZIP, C_PHONE, C_CREDIT, C_CREDIT_LIM, C_DISCOUNT, C_BALANCE, C_YTD_PAYMENT, C_PAYMENT_CNT, C_SINCE FROM CUSTOMER WHERE C_W_ID = 1 AND C_D_ID = 7 AND C_ID = 315

EXPLAIN Plan:

Index Scan using customer_pkey on customer  (cost=0.42..8.44 rows=1 width=140) (actual time=0.814..0.816 rows=1 loops=1)

  Index Cond: ((c_w_id = 1) AND (c_d_id = 7) AND (c_id = 315))

Planning Time: 0.102 ms

Execution Time: 0.841 ms
Failed SQL 415: SELECT C_FIRST, C_MIDDLE, C_LAST, C_STREET_1, C_STREET_2, C_CITY, C_STATE, C_ZIP, C_PHONE, C_CREDIT, C_CREDIT_LIM, C_DISCOUNT, C_BALANCE, C_YTD_PAYMENT, C_PAYMENT_CNT, C_SINCE FROM CUSTOMER WHERE C_W_ID = 1 AND C_D_ID = 7 AND C_ID = 315
Error Message: Cannot invoke "java.util.List.get(int)" because the return value of "sg.edu.nus.autotune.DB2DATA.getAllIndexes()" is null


===== Query 416 =====

SQL: SELECT O_ID, O_CARRIER_ID, O_ENTRY_D FROM OORDER WHERE O_W_ID = 1 AND O_D_ID = 7 AND O_C_ID = 315 ORDER BY O_ID DESC LIMIT 1

EXPLAIN Plan:

Limit  (cost=0.42..4.45 rows=1 width=16) (actual time=0.832..0.833 rows=1 loops=1)

  ->  Index Scan Backward using oorder_o_w_id_o_d_id_o_c_id_o_id_key on oorder  (cost=0.42..169.74 rows=42 width=16) (actual time=0.831..0.831 rows=1 loops=1)

        Index Cond: ((o_w_id = 1) AND (o_d_id = 7) AND (o_c_id = 315))

Planning Time: 0.161 ms

Execution Time: 0.855 ms
Failed SQL 416: SELECT O_ID, O_CARRIER_ID, O_ENTRY_D FROM OORDER WHERE O_W_ID = 1 AND O_D_ID = 7 AND O_C_ID = 315 ORDER BY O_ID DESC LIMIT 1
Error Message: Cannot invoke "java.util.List.get(int)" because the return value of "sg.edu.nus.autotune.DB2DATA.getAllIndexes()" is null


===== Query 417 =====

SQL: SELECT OL_I_ID, OL_SUPPLY_W_ID, OL_QUANTITY, OL_AMOUNT, OL_DELIVERY_D FROM ORDER_LINE WHERE OL_O_ID = 3048 AND OL_D_ID = 7 AND OL_W_ID = 1

EXPLAIN Plan:

Index Scan using order_line_pkey on order_line  (cost=0.43..43.81 rows=10 width=27) (actual time=1.011..1.016 rows=5 loops=1)

  Index Cond: ((ol_w_id = 1) AND (ol_d_id = 7) AND (ol_o_id = 3048))

Planning Time: 0.096 ms

Execution Time: 1.038 ms
Failed SQL 417: SELECT OL_I_ID, OL_SUPPLY_W_ID, OL_QUANTITY, OL_AMOUNT, OL_DELIVERY_D FROM ORDER_LINE WHERE OL_O_ID = 3048 AND OL_D_ID = 7 AND OL_W_ID = 1
Error Message: Cannot invoke "java.util.List.get(int)" because the return value of "sg.edu.nus.autotune.DB2DATA.getAllIndexes()" is null


===== Query 418 =====

SQL: UPDATE WAREHOUSE SET W_YTD = W_YTD + 1088.98 WHERE W_ID = 1

EXPLAIN Plan:

Update on warehouse  (cost=4.14..8.16 rows=0 width=0) (actual time=0.051..0.052 rows=0 loops=1)

  ->  Bitmap Heap Scan on warehouse  (cost=4.14..8.16 rows=1 width=22) (actual time=0.019..0.020 rows=1 loops=1)

        Recheck Cond: (w_id = 1)

        Heap Blocks: exact=1

        ->  Bitmap Index Scan on warehouse_pkey  (cost=0.00..4.14 rows=1 width=0) (actual time=0.009..0.009 rows=1 loops=1)

              Index Cond: (w_id = 1)

Planning Time: 0.077 ms

Execution Time: 0.084 ms
Failed SQL 418: UPDATE WAREHOUSE SET W_YTD = W_YTD + 1088.98 WHERE W_ID = 1
Error Message: Cannot invoke "java.util.List.get(int)" because the return value of "sg.edu.nus.autotune.DB2DATA.getAllIndexes()" is null


===== Query 419 =====

SQL: SELECT W_STREET_1, W_STREET_2, W_CITY, W_STATE, W_ZIP, W_NAME FROM WAREHOUSE WHERE W_ID = 1

EXPLAIN Plan:

Bitmap Heap Scan on warehouse  (cost=4.14..8.15 rows=1 width=65) (actual time=0.024..0.025 rows=1 loops=1)

  Recheck Cond: (w_id = 1)

  Heap Blocks: exact=1

  ->  Bitmap Index Scan on warehouse_pkey  (cost=0.00..4.14 rows=1 width=0) (actual time=0.009..0.009 rows=1 loops=1)

        Index Cond: (w_id = 1)

Planning Time: 0.085 ms

Execution Time: 0.051 ms
Failed SQL 419: SELECT W_STREET_1, W_STREET_2, W_CITY, W_STATE, W_ZIP, W_NAME FROM WAREHOUSE WHERE W_ID = 1
Error Message: Cannot invoke "java.util.List.get(int)" because the return value of "sg.edu.nus.autotune.DB2DATA.getAllIndexes()" is null


===== Query 420 =====

SQL: UPDATE DISTRICT SET D_YTD = D_YTD + 1088.98 WHERE D_W_ID = 1 AND D_ID = 8

EXPLAIN Plan:

Update on district  (cost=4.28..11.67 rows=0 width=0) (actual time=0.083..0.083 rows=0 loops=1)

  ->  Bitmap Heap Scan on district  (cost=4.28..11.67 rows=2 width=22) (actual time=0.021..0.023 rows=1 loops=1)

        Recheck Cond: ((d_w_id = 1) AND (d_id = 8))

        Heap Blocks: exact=1

        ->  Bitmap Index Scan on district_pkey  (cost=0.00..4.28 rows=2 width=0) (actual time=0.011..0.011 rows=1 loops=1)

              Index Cond: ((d_w_id = 1) AND (d_id = 8))

Planning Time: 0.091 ms

Execution Time: 0.122 ms
Failed SQL 420: UPDATE DISTRICT SET D_YTD = D_YTD + 1088.98 WHERE D_W_ID = 1 AND D_ID = 8
Error Message: Cannot invoke "java.util.List.get(int)" because the return value of "sg.edu.nus.autotune.DB2DATA.getAllIndexes()" is null


===== Query 421 =====

SQL: SELECT D_STREET_1, D_STREET_2, D_CITY, D_STATE, D_ZIP, D_NAME FROM DISTRICT WHERE D_W_ID = 1 AND D_ID = 8

EXPLAIN Plan:

Bitmap Heap Scan on district  (cost=4.28..11.66 rows=2 width=64) (actual time=0.023..0.024 rows=1 loops=1)

  Recheck Cond: ((d_w_id = 1) AND (d_id = 8))

  Heap Blocks: exact=1

  ->  Bitmap Index Scan on district_pkey  (cost=0.00..4.28 rows=2 width=0) (actual time=0.011..0.012 rows=1 loops=1)

        Index Cond: ((d_w_id = 1) AND (d_id = 8))

Planning Time: 0.093 ms

Execution Time: 0.053 ms
Failed SQL 421: SELECT D_STREET_1, D_STREET_2, D_CITY, D_STATE, D_ZIP, D_NAME FROM DISTRICT WHERE D_W_ID = 1 AND D_ID = 8
Error Message: Cannot invoke "java.util.List.get(int)" because the return value of "sg.edu.nus.autotune.DB2DATA.getAllIndexes()" is null


===== Query 422 =====

SQL: SELECT C_FIRST, C_MIDDLE, C_ID, C_STREET_1, C_STREET_2, C_CITY, C_STATE, C_ZIP, C_PHONE, C_CREDIT, C_CREDIT_LIM, C_DISCOUNT, C_BALANCE, C_YTD_PAYMENT, C_PAYMENT_CNT, C_SINCE FROM CUSTOMER WHERE C_W_ID = 1 AND C_D_ID = 8 AND C_LAST = 'CALLYABLEANTI' ORDER BY C_FIRST

EXPLAIN Plan:

Sort  (cost=7340.51..7340.51 rows=2 width=131) (actual time=61.432..61.433 rows=2 loops=1)

  Sort Key: c_first

  Sort Method: quicksort  Memory: 25kB

  ->  Bitmap Heap Scan on customer  (cost=78.58..7340.50 rows=2 width=131) (actual time=23.862..61.414 rows=2 loops=1)

        Recheck Cond: ((c_w_id = 1) AND (c_d_id = 8))

        Filter: ((c_last)::text = 'CALLYABLEANTI'::text)

        Rows Removed by Filter: 2998

        Heap Blocks: exact=820

        ->  Bitmap Index Scan on customer_pkey  (cost=0.00..78.58 rows=3016 width=0) (actual time=1.920..1.921 rows=3033 loops=1)

              Index Cond: ((c_w_id = 1) AND (c_d_id = 8))

Planning Time: 0.150 ms

Execution Time: 61.481 ms
Failed SQL 422: SELECT C_FIRST, C_MIDDLE, C_ID, C_STREET_1, C_STREET_2, C_CITY, C_STATE, C_ZIP, C_PHONE, C_CREDIT, C_CREDIT_LIM, C_DISCOUNT, C_BALANCE, C_YTD_PAYMENT, C_PAYMENT_CNT, C_SINCE FROM CUSTOMER WHERE C_W_ID = 1 AND C_D_ID = 8 AND C_LAST = 'CALLYABLEANTI' ORDER BY C_FIRST
Error Message: Cannot invoke "java.util.List.get(int)" because the return value of "sg.edu.nus.autotune.DB2DATA.getAllIndexes()" is null


===== Query 423 =====

SQL: UPDATE CUSTOMER SET C_BALANCE = -12212.811, C_YTD_PAYMENT = 12212.811, C_PAYMENT_CNT = 5 WHERE C_W_ID = 1 AND C_D_ID = 8 AND C_ID = 2952

EXPLAIN Plan:

Update on customer  (cost=0.42..8.44 rows=0 width=0) (actual time=0.061..0.061 rows=0 loops=1)

  ->  Index Scan using customer_pkey on customer  (cost=0.42..8.44 rows=1 width=34) (actual time=0.021..0.022 rows=1 loops=1)

        Index Cond: ((c_w_id = 1) AND (c_d_id = 8) AND (c_id = 2952))

Planning Time: 0.103 ms

Execution Time: 0.087 ms
Failed SQL 423: UPDATE CUSTOMER SET C_BALANCE = -12212.811, C_YTD_PAYMENT = 12212.811, C_PAYMENT_CNT = 5 WHERE C_W_ID = 1 AND C_D_ID = 8 AND C_ID = 2952
Error Message: Cannot invoke "java.util.List.get(int)" because the return value of "sg.edu.nus.autotune.DB2DATA.getAllIndexes()" is null


===== Query 424 =====

SQL: SELECT C_DISCOUNT, C_LAST, C_CREDIT, W_TAX FROM CUSTOMER, WAREHOUSE WHERE W_ID = 1 AND C_W_ID = 1 AND C_D_ID = 9 AND C_ID = 1275

EXPLAIN Plan:

Nested Loop  (cost=4.56..16.61 rows=1 width=26) (actual time=0.037..0.039 rows=1 loops=1)

  ->  Index Scan using customer_pkey on customer  (cost=0.42..8.44 rows=1 width=21) (actual time=0.023..0.024 rows=1 loops=1)

        Index Cond: ((c_w_id = 1) AND (c_d_id = 9) AND (c_id = 1275))

  ->  Bitmap Heap Scan on warehouse  (cost=4.14..8.15 rows=1 width=5) (actual time=0.008..0.008 rows=1 loops=1)

        Recheck Cond: (w_id = 1)

        Heap Blocks: exact=1

        ->  Bitmap Index Scan on warehouse_pkey  (cost=0.00..4.14 rows=1 width=0) (actual time=0.003..0.003 rows=1 loops=1)

              Index Cond: (w_id = 1)

Planning Time: 0.144 ms

Execution Time: 0.077 ms
Failed SQL 424: SELECT C_DISCOUNT, C_LAST, C_CREDIT, W_TAX FROM CUSTOMER, WAREHOUSE WHERE W_ID = 1 AND C_W_ID = 1 AND C_D_ID = 9 AND C_ID = 1275
Error Message: Cannot invoke "java.util.List.get(int)" because the return value of "sg.edu.nus.autotune.DB2DATA.getAllIndexes()" is null


===== Query 425 =====

SQL: SELECT D_NEXT_O_ID, D_TAX FROM DISTRICT WHERE D_W_ID = 1 AND D_ID = 9

EXPLAIN Plan:

Bitmap Heap Scan on district  (cost=4.28..11.66 rows=2 width=9) (actual time=0.018..0.019 rows=1 loops=1)

  Recheck Cond: ((d_w_id = 1) AND (d_id = 9))

  Heap Blocks: exact=1

  ->  Bitmap Index Scan on district_pkey  (cost=0.00..4.28 rows=2 width=0) (actual time=0.011..0.011 rows=1 loops=1)

        Index Cond: ((d_w_id = 1) AND (d_id = 9))

Planning Time: 0.088 ms

Execution Time: 0.045 ms
Failed SQL 425: SELECT D_NEXT_O_ID, D_TAX FROM DISTRICT WHERE D_W_ID = 1 AND D_ID = 9
Error Message: Cannot invoke "java.util.List.get(int)" because the return value of "sg.edu.nus.autotune.DB2DATA.getAllIndexes()" is null


===== Query 426 =====

SQL: UPDATE DISTRICT SET D_NEXT_O_ID = D_NEXT_O_ID + 1 WHERE D_W_ID = 1 AND D_ID = 9

EXPLAIN Plan:

Update on district  (cost=4.28..11.67 rows=0 width=0) (actual time=0.039..0.039 rows=0 loops=1)

  ->  Bitmap Heap Scan on district  (cost=4.28..11.67 rows=2 width=10) (actual time=0.015..0.016 rows=1 loops=1)

        Recheck Cond: ((d_w_id = 1) AND (d_id = 9))

        Heap Blocks: exact=1

        ->  Bitmap Index Scan on district_pkey  (cost=0.00..4.28 rows=2 width=0) (actual time=0.009..0.009 rows=1 loops=1)

              Index Cond: ((d_w_id = 1) AND (d_id = 9))

Planning Time: 0.590 ms

Execution Time: 0.076 ms
Failed SQL 426: UPDATE DISTRICT SET D_NEXT_O_ID = D_NEXT_O_ID + 1 WHERE D_W_ID = 1 AND D_ID = 9
Error Message: Cannot invoke "java.util.List.get(int)" because the return value of "sg.edu.nus.autotune.DB2DATA.getAllIndexes()" is null


===== Query 427 =====

SQL: SELECT I_PRICE, I_NAME , I_DATA FROM ITEM WHERE I_ID = 96390

EXPLAIN Plan:

Index Scan using item_pkey on item  (cost=0.29..8.31 rows=1 width=61) (actual time=0.976..0.978 rows=1 loops=1)

  Index Cond: (i_id = 96390)

Planning Time: 0.072 ms

Execution Time: 0.997 ms
Failed SQL 427: SELECT I_PRICE, I_NAME , I_DATA FROM ITEM WHERE I_ID = 96390
Error Message: Cannot invoke "java.util.List.get(int)" because the return value of "sg.edu.nus.autotune.DB2DATA.getAllIndexes()" is null


===== Query 428 =====

SQL: SELECT S_QUANTITY, S_DATA, S_DIST_01, S_DIST_02, S_DIST_03, S_DIST_04, S_DIST_05, S_DIST_06, S_DIST_07, S_DIST_08, S_DIST_09, S_DIST_10 FROM STOCK WHERE S_I_ID = 96390 AND S_W_ID = 1

EXPLAIN Plan:

Index Scan using stock_pkey on stock  (cost=0.42..8.44 rows=1 width=291) (actual time=1.060..1.062 rows=1 loops=1)

  Index Cond: ((s_w_id = 1) AND (s_i_id = 96390))

Planning Time: 0.092 ms

Execution Time: 1.085 ms
Failed SQL 428: SELECT S_QUANTITY, S_DATA, S_DIST_01, S_DIST_02, S_DIST_03, S_DIST_04, S_DIST_05, S_DIST_06, S_DIST_07, S_DIST_08, S_DIST_09, S_DIST_10 FROM STOCK WHERE S_I_ID = 96390 AND S_W_ID = 1
Error Message: Cannot invoke "java.util.List.get(int)" because the return value of "sg.edu.nus.autotune.DB2DATA.getAllIndexes()" is null


===== Query 429 =====

SQL: UPDATE STOCK SET S_QUANTITY = 19, S_YTD = S_YTD + 7, S_ORDER_CNT = S_ORDER_CNT + 1, S_REMOTE_CNT = S_REMOTE_CNT + 0 WHERE S_I_ID = 96390 AND S_W_ID = 1

EXPLAIN Plan:

Update on stock  (cost=0.42..8.45 rows=0 width=0) (actual time=0.060..0.061 rows=0 loops=1)

  ->  Index Scan using stock_pkey on stock  (cost=0.42..8.45 rows=1 width=32) (actual time=0.024..0.025 rows=1 loops=1)

        Index Cond: ((s_w_id = 1) AND (s_i_id = 96390))

Planning Time: 0.099 ms

Execution Time: 0.087 ms
Failed SQL 429: UPDATE STOCK SET S_QUANTITY = 19, S_YTD = S_YTD + 7, S_ORDER_CNT = S_ORDER_CNT + 1, S_REMOTE_CNT = S_REMOTE_CNT + 0 WHERE S_I_ID = 96390 AND S_W_ID = 1
Error Message: Cannot invoke "java.util.List.get(int)" because the return value of "sg.edu.nus.autotune.DB2DATA.getAllIndexes()" is null


===== Query 430 =====

SQL: SELECT I_PRICE, I_NAME , I_DATA FROM ITEM WHERE I_ID = 60031

EXPLAIN Plan:

Index Scan using item_pkey on item  (cost=0.29..8.31 rows=1 width=61) (actual time=0.537..0.539 rows=1 loops=1)

  Index Cond: (i_id = 60031)

Planning Time: 0.074 ms

Execution Time: 0.557 ms
Failed SQL 430: SELECT I_PRICE, I_NAME , I_DATA FROM ITEM WHERE I_ID = 60031
Error Message: Cannot invoke "java.util.List.get(int)" because the return value of "sg.edu.nus.autotune.DB2DATA.getAllIndexes()" is null


===== Query 431 =====

SQL: SELECT S_QUANTITY, S_DATA, S_DIST_01, S_DIST_02, S_DIST_03, S_DIST_04, S_DIST_05, S_DIST_06, S_DIST_07, S_DIST_08, S_DIST_09, S_DIST_10 FROM STOCK WHERE S_I_ID = 60031 AND S_W_ID = 1

EXPLAIN Plan:

Index Scan using stock_pkey on stock  (cost=0.42..8.44 rows=1 width=291) (actual time=1.002..1.003 rows=1 loops=1)

  Index Cond: ((s_w_id = 1) AND (s_i_id = 60031))

Planning Time: 0.090 ms

Execution Time: 1.026 ms
Failed SQL 431: SELECT S_QUANTITY, S_DATA, S_DIST_01, S_DIST_02, S_DIST_03, S_DIST_04, S_DIST_05, S_DIST_06, S_DIST_07, S_DIST_08, S_DIST_09, S_DIST_10 FROM STOCK WHERE S_I_ID = 60031 AND S_W_ID = 1
Error Message: Cannot invoke "java.util.List.get(int)" because the return value of "sg.edu.nus.autotune.DB2DATA.getAllIndexes()" is null


===== Query 432 =====

SQL: UPDATE STOCK SET S_QUANTITY = 71, S_YTD = S_YTD + 8, S_ORDER_CNT = S_ORDER_CNT + 1, S_REMOTE_CNT = S_REMOTE_CNT + 0 WHERE S_I_ID = 60031 AND S_W_ID = 1

EXPLAIN Plan:

Update on stock  (cost=0.42..8.45 rows=0 width=0) (actual time=0.062..0.062 rows=0 loops=1)

  ->  Index Scan using stock_pkey on stock  (cost=0.42..8.45 rows=1 width=32) (actual time=0.023..0.024 rows=1 loops=1)

        Index Cond: ((s_w_id = 1) AND (s_i_id = 60031))

Planning Time: 0.099 ms

Execution Time: 0.089 ms
Failed SQL 432: UPDATE STOCK SET S_QUANTITY = 71, S_YTD = S_YTD + 8, S_ORDER_CNT = S_ORDER_CNT + 1, S_REMOTE_CNT = S_REMOTE_CNT + 0 WHERE S_I_ID = 60031 AND S_W_ID = 1
Error Message: Cannot invoke "java.util.List.get(int)" because the return value of "sg.edu.nus.autotune.DB2DATA.getAllIndexes()" is null


===== Query 433 =====

SQL: SELECT I_PRICE, I_NAME , I_DATA FROM ITEM WHERE I_ID = 73279

EXPLAIN Plan:

Index Scan using item_pkey on item  (cost=0.29..8.31 rows=1 width=61) (actual time=0.514..0.516 rows=1 loops=1)

  Index Cond: (i_id = 73279)

Planning Time: 0.045 ms

Execution Time: 0.530 ms
Failed SQL 433: SELECT I_PRICE, I_NAME , I_DATA FROM ITEM WHERE I_ID = 73279
Error Message: Cannot invoke "java.util.List.get(int)" because the return value of "sg.edu.nus.autotune.DB2DATA.getAllIndexes()" is null


===== Query 434 =====

SQL: SELECT S_QUANTITY, S_DATA, S_DIST_01, S_DIST_02, S_DIST_03, S_DIST_04, S_DIST_05, S_DIST_06, S_DIST_07, S_DIST_08, S_DIST_09, S_DIST_10 FROM STOCK WHERE S_I_ID = 73279 AND S_W_ID = 1

EXPLAIN Plan:

Index Scan using stock_pkey on stock  (cost=0.42..8.44 rows=1 width=291) (actual time=1.002..1.004 rows=1 loops=1)

  Index Cond: ((s_w_id = 1) AND (s_i_id = 73279))

Planning Time: 0.093 ms

Execution Time: 1.027 ms
Failed SQL 434: SELECT S_QUANTITY, S_DATA, S_DIST_01, S_DIST_02, S_DIST_03, S_DIST_04, S_DIST_05, S_DIST_06, S_DIST_07, S_DIST_08, S_DIST_09, S_DIST_10 FROM STOCK WHERE S_I_ID = 73279 AND S_W_ID = 1
Error Message: Cannot invoke "java.util.List.get(int)" because the return value of "sg.edu.nus.autotune.DB2DATA.getAllIndexes()" is null


===== Query 435 =====

SQL: UPDATE STOCK SET S_QUANTITY = 32, S_YTD = S_YTD + 5, S_ORDER_CNT = S_ORDER_CNT + 1, S_REMOTE_CNT = S_REMOTE_CNT + 0 WHERE S_I_ID = 73279 AND S_W_ID = 1

EXPLAIN Plan:

Update on stock  (cost=0.42..8.45 rows=0 width=0) (actual time=0.063..0.064 rows=0 loops=1)

  ->  Index Scan using stock_pkey on stock  (cost=0.42..8.45 rows=1 width=32) (actual time=0.029..0.030 rows=1 loops=1)

        Index Cond: ((s_w_id = 1) AND (s_i_id = 73279))

Planning Time: 0.101 ms

Execution Time: 0.092 ms
Failed SQL 435: UPDATE STOCK SET S_QUANTITY = 32, S_YTD = S_YTD + 5, S_ORDER_CNT = S_ORDER_CNT + 1, S_REMOTE_CNT = S_REMOTE_CNT + 0 WHERE S_I_ID = 73279 AND S_W_ID = 1
Error Message: Cannot invoke "java.util.List.get(int)" because the return value of "sg.edu.nus.autotune.DB2DATA.getAllIndexes()" is null


===== Query 436 =====

SQL: SELECT I_PRICE, I_NAME , I_DATA FROM ITEM WHERE I_ID = 48548

EXPLAIN Plan:

Index Scan using item_pkey on item  (cost=0.29..8.31 rows=1 width=61) (actual time=0.806..0.808 rows=1 loops=1)

  Index Cond: (i_id = 48548)

Planning Time: 0.069 ms

Execution Time: 0.826 ms
Failed SQL 436: SELECT I_PRICE, I_NAME , I_DATA FROM ITEM WHERE I_ID = 48548
Error Message: Cannot invoke "java.util.List.get(int)" because the return value of "sg.edu.nus.autotune.DB2DATA.getAllIndexes()" is null


===== Query 437 =====

SQL: SELECT S_QUANTITY, S_DATA, S_DIST_01, S_DIST_02, S_DIST_03, S_DIST_04, S_DIST_05, S_DIST_06, S_DIST_07, S_DIST_08, S_DIST_09, S_DIST_10 FROM STOCK WHERE S_I_ID = 48548 AND S_W_ID = 1

EXPLAIN Plan:

Index Scan using stock_pkey on stock  (cost=0.42..8.44 rows=1 width=291) (actual time=0.506..0.508 rows=1 loops=1)

  Index Cond: ((s_w_id = 1) AND (s_i_id = 48548))

Planning Time: 0.091 ms

Execution Time: 0.530 ms
Failed SQL 437: SELECT S_QUANTITY, S_DATA, S_DIST_01, S_DIST_02, S_DIST_03, S_DIST_04, S_DIST_05, S_DIST_06, S_DIST_07, S_DIST_08, S_DIST_09, S_DIST_10 FROM STOCK WHERE S_I_ID = 48548 AND S_W_ID = 1
Error Message: Cannot invoke "java.util.List.get(int)" because the return value of "sg.edu.nus.autotune.DB2DATA.getAllIndexes()" is null


===== Query 438 =====

SQL: UPDATE STOCK SET S_QUANTITY = 64, S_YTD = S_YTD + 2, S_ORDER_CNT = S_ORDER_CNT + 1, S_REMOTE_CNT = S_REMOTE_CNT + 0 WHERE S_I_ID = 48548 AND S_W_ID = 1

EXPLAIN Plan:

Update on stock  (cost=0.42..8.45 rows=0 width=0) (actual time=0.085..0.086 rows=0 loops=1)

  ->  Index Scan using stock_pkey on stock  (cost=0.42..8.45 rows=1 width=32) (actual time=0.029..0.031 rows=1 loops=1)

        Index Cond: ((s_w_id = 1) AND (s_i_id = 48548))

Planning Time: 0.102 ms

Execution Time: 0.114 ms
Failed SQL 438: UPDATE STOCK SET S_QUANTITY = 64, S_YTD = S_YTD + 2, S_ORDER_CNT = S_ORDER_CNT + 1, S_REMOTE_CNT = S_REMOTE_CNT + 0 WHERE S_I_ID = 48548 AND S_W_ID = 1
Error Message: Cannot invoke "java.util.List.get(int)" because the return value of "sg.edu.nus.autotune.DB2DATA.getAllIndexes()" is null


===== Query 439 =====

SQL: SELECT I_PRICE, I_NAME , I_DATA FROM ITEM WHERE I_ID = 89300

EXPLAIN Plan:

Index Scan using item_pkey on item  (cost=0.29..8.31 rows=1 width=61) (actual time=0.466..0.468 rows=1 loops=1)

  Index Cond: (i_id = 89300)

Planning Time: 0.070 ms

Execution Time: 0.486 ms
Failed SQL 439: SELECT I_PRICE, I_NAME , I_DATA FROM ITEM WHERE I_ID = 89300
Error Message: Cannot invoke "java.util.List.get(int)" because the return value of "sg.edu.nus.autotune.DB2DATA.getAllIndexes()" is null


===== Query 440 =====

SQL: SELECT S_QUANTITY, S_DATA, S_DIST_01, S_DIST_02, S_DIST_03, S_DIST_04, S_DIST_05, S_DIST_06, S_DIST_07, S_DIST_08, S_DIST_09, S_DIST_10 FROM STOCK WHERE S_I_ID = 89300 AND S_W_ID = 1

EXPLAIN Plan:

Index Scan using stock_pkey on stock  (cost=0.42..8.44 rows=1 width=291) (actual time=0.985..0.987 rows=1 loops=1)

  Index Cond: ((s_w_id = 1) AND (s_i_id = 89300))

Planning Time: 0.091 ms

Execution Time: 1.010 ms
Failed SQL 440: SELECT S_QUANTITY, S_DATA, S_DIST_01, S_DIST_02, S_DIST_03, S_DIST_04, S_DIST_05, S_DIST_06, S_DIST_07, S_DIST_08, S_DIST_09, S_DIST_10 FROM STOCK WHERE S_I_ID = 89300 AND S_W_ID = 1
Error Message: Cannot invoke "java.util.List.get(int)" because the return value of "sg.edu.nus.autotune.DB2DATA.getAllIndexes()" is null


===== Query 441 =====

SQL: UPDATE STOCK SET S_QUANTITY = 20, S_YTD = S_YTD + 7, S_ORDER_CNT = S_ORDER_CNT + 1, S_REMOTE_CNT = S_REMOTE_CNT + 0 WHERE S_I_ID = 89300 AND S_W_ID = 1

EXPLAIN Plan:

Update on stock  (cost=0.42..8.45 rows=0 width=0) (actual time=0.059..0.060 rows=0 loops=1)

  ->  Index Scan using stock_pkey on stock  (cost=0.42..8.45 rows=1 width=32) (actual time=0.024..0.025 rows=1 loops=1)

        Index Cond: ((s_w_id = 1) AND (s_i_id = 89300))

Planning Time: 0.100 ms

Execution Time: 0.086 ms
Failed SQL 441: UPDATE STOCK SET S_QUANTITY = 20, S_YTD = S_YTD + 7, S_ORDER_CNT = S_ORDER_CNT + 1, S_REMOTE_CNT = S_REMOTE_CNT + 0 WHERE S_I_ID = 89300 AND S_W_ID = 1
Error Message: Cannot invoke "java.util.List.get(int)" because the return value of "sg.edu.nus.autotune.DB2DATA.getAllIndexes()" is null


===== Query 442 =====

SQL: SELECT I_PRICE, I_NAME , I_DATA FROM ITEM WHERE I_ID = 56505

EXPLAIN Plan:

Index Scan using item_pkey on item  (cost=0.29..8.31 rows=1 width=61) (actual time=0.051..0.053 rows=1 loops=1)

  Index Cond: (i_id = 56505)

Planning Time: 0.077 ms

Execution Time: 0.071 ms
Failed SQL 442: SELECT I_PRICE, I_NAME , I_DATA FROM ITEM WHERE I_ID = 56505
Error Message: Cannot invoke "java.util.List.get(int)" because the return value of "sg.edu.nus.autotune.DB2DATA.getAllIndexes()" is null


===== Query 443 =====

SQL: SELECT S_QUANTITY, S_DATA, S_DIST_01, S_DIST_02, S_DIST_03, S_DIST_04, S_DIST_05, S_DIST_06, S_DIST_07, S_DIST_08, S_DIST_09, S_DIST_10 FROM STOCK WHERE S_I_ID = 56505 AND S_W_ID = 1

EXPLAIN Plan:

Index Scan using stock_pkey on stock  (cost=0.42..8.44 rows=1 width=291) (actual time=0.821..0.823 rows=1 loops=1)

  Index Cond: ((s_w_id = 1) AND (s_i_id = 56505))

Planning Time: 0.098 ms

Execution Time: 0.846 ms
Failed SQL 443: SELECT S_QUANTITY, S_DATA, S_DIST_01, S_DIST_02, S_DIST_03, S_DIST_04, S_DIST_05, S_DIST_06, S_DIST_07, S_DIST_08, S_DIST_09, S_DIST_10 FROM STOCK WHERE S_I_ID = 56505 AND S_W_ID = 1
Error Message: Cannot invoke "java.util.List.get(int)" because the return value of "sg.edu.nus.autotune.DB2DATA.getAllIndexes()" is null


===== Query 444 =====

SQL: UPDATE STOCK SET S_QUANTITY = 75, S_YTD = S_YTD + 3, S_ORDER_CNT = S_ORDER_CNT + 1, S_REMOTE_CNT = S_REMOTE_CNT + 0 WHERE S_I_ID = 56505 AND S_W_ID = 1

EXPLAIN Plan:

Update on stock  (cost=0.42..8.45 rows=0 width=0) (actual time=0.059..0.060 rows=0 loops=1)

  ->  Index Scan using stock_pkey on stock  (cost=0.42..8.45 rows=1 width=32) (actual time=0.026..0.028 rows=1 loops=1)

        Index Cond: ((s_w_id = 1) AND (s_i_id = 56505))

Planning Time: 0.099 ms

Execution Time: 0.087 ms
Failed SQL 444: UPDATE STOCK SET S_QUANTITY = 75, S_YTD = S_YTD + 3, S_ORDER_CNT = S_ORDER_CNT + 1, S_REMOTE_CNT = S_REMOTE_CNT + 0 WHERE S_I_ID = 56505 AND S_W_ID = 1
Error Message: Cannot invoke "java.util.List.get(int)" because the return value of "sg.edu.nus.autotune.DB2DATA.getAllIndexes()" is null


===== Query 445 =====

SQL: SELECT I_PRICE, I_NAME , I_DATA FROM ITEM WHERE I_ID = 24291

EXPLAIN Plan:

Index Scan using item_pkey on item  (cost=0.29..8.31 rows=1 width=61) (actual time=1.011..1.014 rows=1 loops=1)

  Index Cond: (i_id = 24291)

Planning Time: 0.065 ms

Execution Time: 1.032 ms
Failed SQL 445: SELECT I_PRICE, I_NAME , I_DATA FROM ITEM WHERE I_ID = 24291
Error Message: Cannot invoke "java.util.List.get(int)" because the return value of "sg.edu.nus.autotune.DB2DATA.getAllIndexes()" is null


===== Query 446 =====

SQL: SELECT S_QUANTITY, S_DATA, S_DIST_01, S_DIST_02, S_DIST_03, S_DIST_04, S_DIST_05, S_DIST_06, S_DIST_07, S_DIST_08, S_DIST_09, S_DIST_10 FROM STOCK WHERE S_I_ID = 24291 AND S_W_ID = 1

EXPLAIN Plan:

Index Scan using stock_pkey on stock  (cost=0.42..8.44 rows=1 width=291) (actual time=1.017..1.019 rows=1 loops=1)

  Index Cond: ((s_w_id = 1) AND (s_i_id = 24291))

Planning Time: 0.093 ms

Execution Time: 1.041 ms
Failed SQL 446: SELECT S_QUANTITY, S_DATA, S_DIST_01, S_DIST_02, S_DIST_03, S_DIST_04, S_DIST_05, S_DIST_06, S_DIST_07, S_DIST_08, S_DIST_09, S_DIST_10 FROM STOCK WHERE S_I_ID = 24291 AND S_W_ID = 1
Error Message: Cannot invoke "java.util.List.get(int)" because the return value of "sg.edu.nus.autotune.DB2DATA.getAllIndexes()" is null


===== Query 447 =====

SQL: UPDATE STOCK SET S_QUANTITY = 42, S_YTD = S_YTD + 1, S_ORDER_CNT = S_ORDER_CNT + 1, S_REMOTE_CNT = S_REMOTE_CNT + 0 WHERE S_I_ID = 24291 AND S_W_ID = 1

EXPLAIN Plan:

Update on stock  (cost=0.42..8.45 rows=0 width=0) (actual time=0.116..0.116 rows=0 loops=1)

  ->  Index Scan using stock_pkey on stock  (cost=0.42..8.45 rows=1 width=32) (actual time=0.029..0.033 rows=1 loops=1)

        Index Cond: ((s_w_id = 1) AND (s_i_id = 24291))

Planning Time: 0.098 ms

Execution Time: 0.144 ms
Failed SQL 447: UPDATE STOCK SET S_QUANTITY = 42, S_YTD = S_YTD + 1, S_ORDER_CNT = S_ORDER_CNT + 1, S_REMOTE_CNT = S_REMOTE_CNT + 0 WHERE S_I_ID = 24291 AND S_W_ID = 1
Error Message: Cannot invoke "java.util.List.get(int)" because the return value of "sg.edu.nus.autotune.DB2DATA.getAllIndexes()" is null


===== Query 448 =====

SQL: SELECT I_PRICE, I_NAME , I_DATA FROM ITEM WHERE I_ID = 73407

EXPLAIN Plan:

Index Scan using item_pkey on item  (cost=0.29..8.31 rows=1 width=61) (actual time=0.804..0.806 rows=1 loops=1)

  Index Cond: (i_id = 73407)

Planning Time: 0.077 ms

Execution Time: 0.825 ms
Failed SQL 448: SELECT I_PRICE, I_NAME , I_DATA FROM ITEM WHERE I_ID = 73407
Error Message: Cannot invoke "java.util.List.get(int)" because the return value of "sg.edu.nus.autotune.DB2DATA.getAllIndexes()" is null


===== Query 449 =====

SQL: SELECT S_QUANTITY, S_DATA, S_DIST_01, S_DIST_02, S_DIST_03, S_DIST_04, S_DIST_05, S_DIST_06, S_DIST_07, S_DIST_08, S_DIST_09, S_DIST_10 FROM STOCK WHERE S_I_ID = 73407 AND S_W_ID = 1

EXPLAIN Plan:

Index Scan using stock_pkey on stock  (cost=0.42..8.44 rows=1 width=291) (actual time=1.181..1.183 rows=1 loops=1)

  Index Cond: ((s_w_id = 1) AND (s_i_id = 73407))

Planning Time: 0.093 ms

Execution Time: 1.205 ms
Failed SQL 449: SELECT S_QUANTITY, S_DATA, S_DIST_01, S_DIST_02, S_DIST_03, S_DIST_04, S_DIST_05, S_DIST_06, S_DIST_07, S_DIST_08, S_DIST_09, S_DIST_10 FROM STOCK WHERE S_I_ID = 73407 AND S_W_ID = 1
Error Message: Cannot invoke "java.util.List.get(int)" because the return value of "sg.edu.nus.autotune.DB2DATA.getAllIndexes()" is null


===== Query 450 =====

SQL: UPDATE STOCK SET S_QUANTITY = 64, S_YTD = S_YTD + 7, S_ORDER_CNT = S_ORDER_CNT + 1, S_REMOTE_CNT = S_REMOTE_CNT + 0 WHERE S_I_ID = 73407 AND S_W_ID = 1

EXPLAIN Plan:

Update on stock  (cost=0.42..8.45 rows=0 width=0) (actual time=0.060..0.061 rows=0 loops=1)

  ->  Index Scan using stock_pkey on stock  (cost=0.42..8.45 rows=1 width=32) (actual time=0.025..0.026 rows=1 loops=1)

        Index Cond: ((s_w_id = 1) AND (s_i_id = 73407))

Planning Time: 0.098 ms

Execution Time: 0.088 ms
Failed SQL 450: UPDATE STOCK SET S_QUANTITY = 64, S_YTD = S_YTD + 7, S_ORDER_CNT = S_ORDER_CNT + 1, S_REMOTE_CNT = S_REMOTE_CNT + 0 WHERE S_I_ID = 73407 AND S_W_ID = 1
Error Message: Cannot invoke "java.util.List.get(int)" because the return value of "sg.edu.nus.autotune.DB2DATA.getAllIndexes()" is null


===== Query 451 =====

SQL: SELECT I_PRICE, I_NAME , I_DATA FROM ITEM WHERE I_ID = 87749

EXPLAIN Plan:

Index Scan using item_pkey on item  (cost=0.29..8.31 rows=1 width=61) (actual time=0.985..0.987 rows=1 loops=1)

  Index Cond: (i_id = 87749)

Planning Time: 0.068 ms

Execution Time: 1.005 ms
Failed SQL 451: SELECT I_PRICE, I_NAME , I_DATA FROM ITEM WHERE I_ID = 87749
Error Message: Cannot invoke "java.util.List.get(int)" because the return value of "sg.edu.nus.autotune.DB2DATA.getAllIndexes()" is null


===== Query 452 =====

SQL: SELECT S_QUANTITY, S_DATA, S_DIST_01, S_DIST_02, S_DIST_03, S_DIST_04, S_DIST_05, S_DIST_06, S_DIST_07, S_DIST_08, S_DIST_09, S_DIST_10 FROM STOCK WHERE S_I_ID = 87749 AND S_W_ID = 1

EXPLAIN Plan:

Index Scan using stock_pkey on stock  (cost=0.42..8.44 rows=1 width=291) (actual time=1.005..1.007 rows=1 loops=1)

  Index Cond: ((s_w_id = 1) AND (s_i_id = 87749))

Planning Time: 0.091 ms

Execution Time: 1.029 ms
Failed SQL 452: SELECT S_QUANTITY, S_DATA, S_DIST_01, S_DIST_02, S_DIST_03, S_DIST_04, S_DIST_05, S_DIST_06, S_DIST_07, S_DIST_08, S_DIST_09, S_DIST_10 FROM STOCK WHERE S_I_ID = 87749 AND S_W_ID = 1
Error Message: Cannot invoke "java.util.List.get(int)" because the return value of "sg.edu.nus.autotune.DB2DATA.getAllIndexes()" is null


===== Query 453 =====

SQL: UPDATE STOCK SET S_QUANTITY = 93, S_YTD = S_YTD + 1, S_ORDER_CNT = S_ORDER_CNT + 1, S_REMOTE_CNT = S_REMOTE_CNT + 0 WHERE S_I_ID = 87749 AND S_W_ID = 1

EXPLAIN Plan:

Update on stock  (cost=0.42..8.45 rows=0 width=0) (actual time=0.065..0.066 rows=0 loops=1)

  ->  Index Scan using stock_pkey on stock  (cost=0.42..8.45 rows=1 width=32) (actual time=0.030..0.032 rows=1 loops=1)

        Index Cond: ((s_w_id = 1) AND (s_i_id = 87749))

Planning Time: 0.102 ms

Execution Time: 0.092 ms
Failed SQL 453: UPDATE STOCK SET S_QUANTITY = 93, S_YTD = S_YTD + 1, S_ORDER_CNT = S_ORDER_CNT + 1, S_REMOTE_CNT = S_REMOTE_CNT + 0 WHERE S_I_ID = 87749 AND S_W_ID = 1
Error Message: Cannot invoke "java.util.List.get(int)" because the return value of "sg.edu.nus.autotune.DB2DATA.getAllIndexes()" is null


===== Query 454 =====

SQL: SELECT I_PRICE, I_NAME , I_DATA FROM ITEM WHERE I_ID = 59030

EXPLAIN Plan:

Index Scan using item_pkey on item  (cost=0.29..8.31 rows=1 width=61) (actual time=1.008..1.010 rows=1 loops=1)

  Index Cond: (i_id = 59030)

Planning Time: 0.069 ms

Execution Time: 1.029 ms
Failed SQL 454: SELECT I_PRICE, I_NAME , I_DATA FROM ITEM WHERE I_ID = 59030
Error Message: Cannot invoke "java.util.List.get(int)" because the return value of "sg.edu.nus.autotune.DB2DATA.getAllIndexes()" is null


===== Query 455 =====

SQL: SELECT S_QUANTITY, S_DATA, S_DIST_01, S_DIST_02, S_DIST_03, S_DIST_04, S_DIST_05, S_DIST_06, S_DIST_07, S_DIST_08, S_DIST_09, S_DIST_10 FROM STOCK WHERE S_I_ID = 59030 AND S_W_ID = 1

EXPLAIN Plan:

Index Scan using stock_pkey on stock  (cost=0.42..8.44 rows=1 width=291) (actual time=1.031..1.033 rows=1 loops=1)

  Index Cond: ((s_w_id = 1) AND (s_i_id = 59030))

Planning Time: 0.096 ms

Execution Time: 1.055 ms
Failed SQL 455: SELECT S_QUANTITY, S_DATA, S_DIST_01, S_DIST_02, S_DIST_03, S_DIST_04, S_DIST_05, S_DIST_06, S_DIST_07, S_DIST_08, S_DIST_09, S_DIST_10 FROM STOCK WHERE S_I_ID = 59030 AND S_W_ID = 1
Error Message: Cannot invoke "java.util.List.get(int)" because the return value of "sg.edu.nus.autotune.DB2DATA.getAllIndexes()" is null


===== Query 456 =====

SQL: UPDATE STOCK SET S_QUANTITY = 97, S_YTD = S_YTD + 3, S_ORDER_CNT = S_ORDER_CNT + 1, S_REMOTE_CNT = S_REMOTE_CNT + 0 WHERE S_I_ID = 59030 AND S_W_ID = 1

EXPLAIN Plan:

Update on stock  (cost=0.42..8.45 rows=0 width=0) (actual time=0.062..0.062 rows=0 loops=1)

  ->  Index Scan using stock_pkey on stock  (cost=0.42..8.45 rows=1 width=32) (actual time=0.024..0.025 rows=1 loops=1)

        Index Cond: ((s_w_id = 1) AND (s_i_id = 59030))

Planning Time: 0.100 ms

Execution Time: 0.090 ms
Failed SQL 456: UPDATE STOCK SET S_QUANTITY = 97, S_YTD = S_YTD + 3, S_ORDER_CNT = S_ORDER_CNT + 1, S_REMOTE_CNT = S_REMOTE_CNT + 0 WHERE S_I_ID = 59030 AND S_W_ID = 1
Error Message: Cannot invoke "java.util.List.get(int)" because the return value of "sg.edu.nus.autotune.DB2DATA.getAllIndexes()" is null


===== Query 457 =====

SQL: SELECT I_PRICE, I_NAME , I_DATA FROM ITEM WHERE I_ID = 38271

EXPLAIN Plan:

Index Scan using item_pkey on item  (cost=0.29..8.31 rows=1 width=61) (actual time=1.137..1.139 rows=1 loops=1)

  Index Cond: (i_id = 38271)

Planning Time: 0.073 ms

Execution Time: 1.157 ms
Failed SQL 457: SELECT I_PRICE, I_NAME , I_DATA FROM ITEM WHERE I_ID = 38271
Error Message: Cannot invoke "java.util.List.get(int)" because the return value of "sg.edu.nus.autotune.DB2DATA.getAllIndexes()" is null


===== Query 458 =====

SQL: SELECT S_QUANTITY, S_DATA, S_DIST_01, S_DIST_02, S_DIST_03, S_DIST_04, S_DIST_05, S_DIST_06, S_DIST_07, S_DIST_08, S_DIST_09, S_DIST_10 FROM STOCK WHERE S_I_ID = 38271 AND S_W_ID = 1

EXPLAIN Plan:

Index Scan using stock_pkey on stock  (cost=0.42..8.44 rows=1 width=291) (actual time=1.158..1.160 rows=1 loops=1)

  Index Cond: ((s_w_id = 1) AND (s_i_id = 38271))

Planning Time: 0.090 ms

Execution Time: 1.183 ms
Failed SQL 458: SELECT S_QUANTITY, S_DATA, S_DIST_01, S_DIST_02, S_DIST_03, S_DIST_04, S_DIST_05, S_DIST_06, S_DIST_07, S_DIST_08, S_DIST_09, S_DIST_10 FROM STOCK WHERE S_I_ID = 38271 AND S_W_ID = 1
Error Message: Cannot invoke "java.util.List.get(int)" because the return value of "sg.edu.nus.autotune.DB2DATA.getAllIndexes()" is null


===== Query 459 =====

SQL: UPDATE STOCK SET S_QUANTITY = 44, S_YTD = S_YTD + 9, S_ORDER_CNT = S_ORDER_CNT + 1, S_REMOTE_CNT = S_REMOTE_CNT + 0 WHERE S_I_ID = 38271 AND S_W_ID = 1

EXPLAIN Plan:

Update on stock  (cost=0.42..8.45 rows=0 width=0) (actual time=0.060..0.061 rows=0 loops=1)

  ->  Index Scan using stock_pkey on stock  (cost=0.42..8.45 rows=1 width=32) (actual time=0.027..0.028 rows=1 loops=1)

        Index Cond: ((s_w_id = 1) AND (s_i_id = 38271))

Planning Time: 0.100 ms

Execution Time: 0.087 ms
Failed SQL 459: UPDATE STOCK SET S_QUANTITY = 44, S_YTD = S_YTD + 9, S_ORDER_CNT = S_ORDER_CNT + 1, S_REMOTE_CNT = S_REMOTE_CNT + 0 WHERE S_I_ID = 38271 AND S_W_ID = 1
Error Message: Cannot invoke "java.util.List.get(int)" because the return value of "sg.edu.nus.autotune.DB2DATA.getAllIndexes()" is null


===== Query 460 =====

SQL: SELECT I_PRICE, I_NAME , I_DATA FROM ITEM WHERE I_ID = 13415

EXPLAIN Plan:

Index Scan using item_pkey on item  (cost=0.29..8.31 rows=1 width=61) (actual time=0.989..0.992 rows=1 loops=1)

  Index Cond: (i_id = 13415)

Planning Time: 0.076 ms

Execution Time: 1.012 ms
Failed SQL 460: SELECT I_PRICE, I_NAME , I_DATA FROM ITEM WHERE I_ID = 13415
Error Message: Cannot invoke "java.util.List.get(int)" because the return value of "sg.edu.nus.autotune.DB2DATA.getAllIndexes()" is null


===== Query 461 =====

SQL: SELECT S_QUANTITY, S_DATA, S_DIST_01, S_DIST_02, S_DIST_03, S_DIST_04, S_DIST_05, S_DIST_06, S_DIST_07, S_DIST_08, S_DIST_09, S_DIST_10 FROM STOCK WHERE S_I_ID = 13415 AND S_W_ID = 1

EXPLAIN Plan:

Index Scan using stock_pkey on stock  (cost=0.42..8.44 rows=1 width=291) (actual time=1.046..1.048 rows=1 loops=1)

  Index Cond: ((s_w_id = 1) AND (s_i_id = 13415))

Planning Time: 0.090 ms

Execution Time: 1.071 ms
Failed SQL 461: SELECT S_QUANTITY, S_DATA, S_DIST_01, S_DIST_02, S_DIST_03, S_DIST_04, S_DIST_05, S_DIST_06, S_DIST_07, S_DIST_08, S_DIST_09, S_DIST_10 FROM STOCK WHERE S_I_ID = 13415 AND S_W_ID = 1
Error Message: Cannot invoke "java.util.List.get(int)" because the return value of "sg.edu.nus.autotune.DB2DATA.getAllIndexes()" is null


===== Query 462 =====

SQL: UPDATE STOCK SET S_QUANTITY = 26, S_YTD = S_YTD + 2, S_ORDER_CNT = S_ORDER_CNT + 1, S_REMOTE_CNT = S_REMOTE_CNT + 0 WHERE S_I_ID = 13415 AND S_W_ID = 1

EXPLAIN Plan:

Update on stock  (cost=0.42..8.45 rows=0 width=0) (actual time=0.038..0.038 rows=0 loops=1)

  ->  Index Scan using stock_pkey on stock  (cost=0.42..8.45 rows=1 width=32) (actual time=0.015..0.016 rows=1 loops=1)

        Index Cond: ((s_w_id = 1) AND (s_i_id = 13415))

Planning Time: 0.062 ms

Execution Time: 0.053 ms
Failed SQL 462: UPDATE STOCK SET S_QUANTITY = 26, S_YTD = S_YTD + 2, S_ORDER_CNT = S_ORDER_CNT + 1, S_REMOTE_CNT = S_REMOTE_CNT + 0 WHERE S_I_ID = 13415 AND S_W_ID = 1
Error Message: Cannot invoke "java.util.List.get(int)" because the return value of "sg.edu.nus.autotune.DB2DATA.getAllIndexes()" is null


===== Query 463 =====

SQL: SELECT I_PRICE, I_NAME , I_DATA FROM ITEM WHERE I_ID = 65255

EXPLAIN Plan:

Index Scan using item_pkey on item  (cost=0.29..8.31 rows=1 width=61) (actual time=0.808..0.811 rows=1 loops=1)

  Index Cond: (i_id = 65255)

Planning Time: 0.076 ms

Execution Time: 0.833 ms
Failed SQL 463: SELECT I_PRICE, I_NAME , I_DATA FROM ITEM WHERE I_ID = 65255
Error Message: Cannot invoke "java.util.List.get(int)" because the return value of "sg.edu.nus.autotune.DB2DATA.getAllIndexes()" is null


===== Query 464 =====

SQL: SELECT S_QUANTITY, S_DATA, S_DIST_01, S_DIST_02, S_DIST_03, S_DIST_04, S_DIST_05, S_DIST_06, S_DIST_07, S_DIST_08, S_DIST_09, S_DIST_10 FROM STOCK WHERE S_I_ID = 65255 AND S_W_ID = 1

EXPLAIN Plan:

Index Scan using stock_pkey on stock  (cost=0.42..8.44 rows=1 width=291) (actual time=0.019..0.020 rows=1 loops=1)

  Index Cond: ((s_w_id = 1) AND (s_i_id = 65255))

Planning Time: 0.074 ms

Execution Time: 0.031 ms
Failed SQL 464: SELECT S_QUANTITY, S_DATA, S_DIST_01, S_DIST_02, S_DIST_03, S_DIST_04, S_DIST_05, S_DIST_06, S_DIST_07, S_DIST_08, S_DIST_09, S_DIST_10 FROM STOCK WHERE S_I_ID = 65255 AND S_W_ID = 1
Error Message: Cannot invoke "java.util.List.get(int)" because the return value of "sg.edu.nus.autotune.DB2DATA.getAllIndexes()" is null


===== Query 465 =====

SQL: UPDATE STOCK SET S_QUANTITY = 12, S_YTD = S_YTD + 2, S_ORDER_CNT = S_ORDER_CNT + 1, S_REMOTE_CNT = S_REMOTE_CNT + 0 WHERE S_I_ID = 65255 AND S_W_ID = 1

EXPLAIN Plan:

Update on stock  (cost=0.42..8.45 rows=0 width=0) (actual time=0.060..0.060 rows=0 loops=1)

  ->  Index Scan using stock_pkey on stock  (cost=0.42..8.45 rows=1 width=32) (actual time=0.023..0.025 rows=1 loops=1)

        Index Cond: ((s_w_id = 1) AND (s_i_id = 65255))

Planning Time: 0.110 ms

Execution Time: 0.088 ms
Failed SQL 465: UPDATE STOCK SET S_QUANTITY = 12, S_YTD = S_YTD + 2, S_ORDER_CNT = S_ORDER_CNT + 1, S_REMOTE_CNT = S_REMOTE_CNT + 0 WHERE S_I_ID = 65255 AND S_W_ID = 1
Error Message: Cannot invoke "java.util.List.get(int)" because the return value of "sg.edu.nus.autotune.DB2DATA.getAllIndexes()" is null


===== Query 466 =====

SQL: SELECT I_PRICE, I_NAME , I_DATA FROM ITEM WHERE I_ID = 61155

EXPLAIN Plan:

Index Scan using item_pkey on item  (cost=0.29..8.31 rows=1 width=61) (actual time=1.009..1.011 rows=1 loops=1)

  Index Cond: (i_id = 61155)

Planning Time: 0.070 ms

Execution Time: 1.029 ms
Failed SQL 466: SELECT I_PRICE, I_NAME , I_DATA FROM ITEM WHERE I_ID = 61155
Error Message: Cannot invoke "java.util.List.get(int)" because the return value of "sg.edu.nus.autotune.DB2DATA.getAllIndexes()" is null


===== Query 467 =====

SQL: SELECT S_QUANTITY, S_DATA, S_DIST_01, S_DIST_02, S_DIST_03, S_DIST_04, S_DIST_05, S_DIST_06, S_DIST_07, S_DIST_08, S_DIST_09, S_DIST_10 FROM STOCK WHERE S_I_ID = 61155 AND S_W_ID = 1

EXPLAIN Plan:

Index Scan using stock_pkey on stock  (cost=0.42..8.44 rows=1 width=291) (actual time=1.177..1.179 rows=1 loops=1)

  Index Cond: ((s_w_id = 1) AND (s_i_id = 61155))

Planning Time: 0.090 ms

Execution Time: 1.202 ms
Failed SQL 467: SELECT S_QUANTITY, S_DATA, S_DIST_01, S_DIST_02, S_DIST_03, S_DIST_04, S_DIST_05, S_DIST_06, S_DIST_07, S_DIST_08, S_DIST_09, S_DIST_10 FROM STOCK WHERE S_I_ID = 61155 AND S_W_ID = 1
Error Message: Cannot invoke "java.util.List.get(int)" because the return value of "sg.edu.nus.autotune.DB2DATA.getAllIndexes()" is null


===== Query 468 =====

SQL: UPDATE STOCK SET S_QUANTITY = 89, S_YTD = S_YTD + 6, S_ORDER_CNT = S_ORDER_CNT + 1, S_REMOTE_CNT = S_REMOTE_CNT + 0 WHERE S_I_ID = 61155 AND S_W_ID = 1

EXPLAIN Plan:

Update on stock  (cost=0.42..8.45 rows=0 width=0) (actual time=0.057..0.058 rows=0 loops=1)

  ->  Index Scan using stock_pkey on stock  (cost=0.42..8.45 rows=1 width=32) (actual time=0.025..0.026 rows=1 loops=1)

        Index Cond: ((s_w_id = 1) AND (s_i_id = 61155))

Planning Time: 0.097 ms

Execution Time: 0.084 ms
Failed SQL 468: UPDATE STOCK SET S_QUANTITY = 89, S_YTD = S_YTD + 6, S_ORDER_CNT = S_ORDER_CNT + 1, S_REMOTE_CNT = S_REMOTE_CNT + 0 WHERE S_I_ID = 61155 AND S_W_ID = 1
Error Message: Cannot invoke "java.util.List.get(int)" because the return value of "sg.edu.nus.autotune.DB2DATA.getAllIndexes()" is null


===== Query 469 =====

SQL: SELECT C_DISCOUNT, C_LAST, C_CREDIT, W_TAX FROM CUSTOMER, WAREHOUSE WHERE W_ID = 1 AND C_W_ID = 1 AND C_D_ID = 6 AND C_ID = 1267

EXPLAIN Plan:

Nested Loop  (cost=4.56..16.61 rows=1 width=26) (actual time=0.031..0.033 rows=1 loops=1)

  ->  Index Scan using customer_pkey on customer  (cost=0.42..8.44 rows=1 width=21) (actual time=0.018..0.019 rows=1 loops=1)

        Index Cond: ((c_w_id = 1) AND (c_d_id = 6) AND (c_id = 1267))

  ->  Bitmap Heap Scan on warehouse  (cost=4.14..8.15 rows=1 width=5) (actual time=0.007..0.007 rows=1 loops=1)

        Recheck Cond: (w_id = 1)

        Heap Blocks: exact=1

        ->  Bitmap Index Scan on warehouse_pkey  (cost=0.00..4.14 rows=1 width=0) (actual time=0.003..0.003 rows=1 loops=1)

              Index Cond: (w_id = 1)

Planning Time: 0.143 ms

Execution Time: 0.070 ms
Failed SQL 469: SELECT C_DISCOUNT, C_LAST, C_CREDIT, W_TAX FROM CUSTOMER, WAREHOUSE WHERE W_ID = 1 AND C_W_ID = 1 AND C_D_ID = 6 AND C_ID = 1267
Error Message: Cannot invoke "java.util.List.get(int)" because the return value of "sg.edu.nus.autotune.DB2DATA.getAllIndexes()" is null


===== Query 470 =====

SQL: SELECT D_NEXT_O_ID, D_TAX FROM DISTRICT WHERE D_W_ID = 1 AND D_ID = 6

EXPLAIN Plan:

Bitmap Heap Scan on district  (cost=4.28..11.66 rows=2 width=9) (actual time=0.018..0.018 rows=1 loops=1)

  Recheck Cond: ((d_w_id = 1) AND (d_id = 6))

  Heap Blocks: exact=1

  ->  Bitmap Index Scan on district_pkey  (cost=0.00..4.28 rows=2 width=0) (actual time=0.010..0.011 rows=1 loops=1)

        Index Cond: ((d_w_id = 1) AND (d_id = 6))

Planning Time: 0.088 ms

Execution Time: 0.043 ms
Failed SQL 470: SELECT D_NEXT_O_ID, D_TAX FROM DISTRICT WHERE D_W_ID = 1 AND D_ID = 6
Error Message: Cannot invoke "java.util.List.get(int)" because the return value of "sg.edu.nus.autotune.DB2DATA.getAllIndexes()" is null


===== Query 471 =====

SQL: UPDATE DISTRICT SET D_NEXT_O_ID = D_NEXT_O_ID + 1 WHERE D_W_ID = 1 AND D_ID = 6

EXPLAIN Plan:

Update on district  (cost=4.28..11.67 rows=0 width=0) (actual time=0.070..0.071 rows=0 loops=1)

  ->  Bitmap Heap Scan on district  (cost=4.28..11.67 rows=2 width=10) (actual time=0.019..0.020 rows=1 loops=1)

        Recheck Cond: ((d_w_id = 1) AND (d_id = 6))

        Heap Blocks: exact=1

        ->  Bitmap Index Scan on district_pkey  (cost=0.00..4.28 rows=2 width=0) (actual time=0.011..0.011 rows=1 loops=1)

              Index Cond: ((d_w_id = 1) AND (d_id = 6))

Planning Time: 0.090 ms

Execution Time: 0.103 ms
Failed SQL 471: UPDATE DISTRICT SET D_NEXT_O_ID = D_NEXT_O_ID + 1 WHERE D_W_ID = 1 AND D_ID = 6
Error Message: Cannot invoke "java.util.List.get(int)" because the return value of "sg.edu.nus.autotune.DB2DATA.getAllIndexes()" is null


===== Query 472 =====

SQL: SELECT I_PRICE, I_NAME , I_DATA FROM ITEM WHERE I_ID = 14524

EXPLAIN Plan:

Index Scan using item_pkey on item  (cost=0.29..8.31 rows=1 width=61) (actual time=0.362..0.365 rows=1 loops=1)

  Index Cond: (i_id = 14524)

Planning Time: 0.098 ms

Execution Time: 0.387 ms
Failed SQL 472: SELECT I_PRICE, I_NAME , I_DATA FROM ITEM WHERE I_ID = 14524
Error Message: Cannot invoke "java.util.List.get(int)" because the return value of "sg.edu.nus.autotune.DB2DATA.getAllIndexes()" is null


===== Query 473 =====

SQL: SELECT S_QUANTITY, S_DATA, S_DIST_01, S_DIST_02, S_DIST_03, S_DIST_04, S_DIST_05, S_DIST_06, S_DIST_07, S_DIST_08, S_DIST_09, S_DIST_10 FROM STOCK WHERE S_I_ID = 14524 AND S_W_ID = 1

EXPLAIN Plan:

Index Scan using stock_pkey on stock  (cost=0.42..8.44 rows=1 width=291) (actual time=0.796..0.798 rows=1 loops=1)

  Index Cond: ((s_w_id = 1) AND (s_i_id = 14524))

Planning Time: 0.091 ms

Execution Time: 0.821 ms
Failed SQL 473: SELECT S_QUANTITY, S_DATA, S_DIST_01, S_DIST_02, S_DIST_03, S_DIST_04, S_DIST_05, S_DIST_06, S_DIST_07, S_DIST_08, S_DIST_09, S_DIST_10 FROM STOCK WHERE S_I_ID = 14524 AND S_W_ID = 1
Error Message: Cannot invoke "java.util.List.get(int)" because the return value of "sg.edu.nus.autotune.DB2DATA.getAllIndexes()" is null


===== Query 474 =====

SQL: UPDATE STOCK SET S_QUANTITY = 59, S_YTD = S_YTD + 7, S_ORDER_CNT = S_ORDER_CNT + 1, S_REMOTE_CNT = S_REMOTE_CNT + 0 WHERE S_I_ID = 14524 AND S_W_ID = 1

EXPLAIN Plan:

Update on stock  (cost=0.42..8.45 rows=0 width=0) (actual time=0.040..0.040 rows=0 loops=1)

  ->  Index Scan using stock_pkey on stock  (cost=0.42..8.45 rows=1 width=32) (actual time=0.017..0.018 rows=1 loops=1)

        Index Cond: ((s_w_id = 1) AND (s_i_id = 14524))

Planning Time: 0.063 ms

Execution Time: 0.055 ms
Failed SQL 474: UPDATE STOCK SET S_QUANTITY = 59, S_YTD = S_YTD + 7, S_ORDER_CNT = S_ORDER_CNT + 1, S_REMOTE_CNT = S_REMOTE_CNT + 0 WHERE S_I_ID = 14524 AND S_W_ID = 1
Error Message: Cannot invoke "java.util.List.get(int)" because the return value of "sg.edu.nus.autotune.DB2DATA.getAllIndexes()" is null


===== Query 475 =====

SQL: SELECT I_PRICE, I_NAME , I_DATA FROM ITEM WHERE I_ID = 81367

EXPLAIN Plan:

Index Scan using item_pkey on item  (cost=0.29..8.31 rows=1 width=61) (actual time=0.019..0.021 rows=1 loops=1)

  Index Cond: (i_id = 81367)

Planning Time: 0.080 ms

Execution Time: 0.038 ms
Failed SQL 475: SELECT I_PRICE, I_NAME , I_DATA FROM ITEM WHERE I_ID = 81367
Error Message: Cannot invoke "java.util.List.get(int)" because the return value of "sg.edu.nus.autotune.DB2DATA.getAllIndexes()" is null


===== Query 476 =====

SQL: SELECT S_QUANTITY, S_DATA, S_DIST_01, S_DIST_02, S_DIST_03, S_DIST_04, S_DIST_05, S_DIST_06, S_DIST_07, S_DIST_08, S_DIST_09, S_DIST_10 FROM STOCK WHERE S_I_ID = 81367 AND S_W_ID = 1

EXPLAIN Plan:

Index Scan using stock_pkey on stock  (cost=0.42..8.44 rows=1 width=291) (actual time=1.158..1.160 rows=1 loops=1)

  Index Cond: ((s_w_id = 1) AND (s_i_id = 81367))

Planning Time: 0.093 ms

Execution Time: 1.182 ms
Failed SQL 476: SELECT S_QUANTITY, S_DATA, S_DIST_01, S_DIST_02, S_DIST_03, S_DIST_04, S_DIST_05, S_DIST_06, S_DIST_07, S_DIST_08, S_DIST_09, S_DIST_10 FROM STOCK WHERE S_I_ID = 81367 AND S_W_ID = 1
Error Message: Cannot invoke "java.util.List.get(int)" because the return value of "sg.edu.nus.autotune.DB2DATA.getAllIndexes()" is null


===== Query 477 =====

SQL: UPDATE STOCK SET S_QUANTITY = 95, S_YTD = S_YTD + 5, S_ORDER_CNT = S_ORDER_CNT + 1, S_REMOTE_CNT = S_REMOTE_CNT + 0 WHERE S_I_ID = 81367 AND S_W_ID = 1

EXPLAIN Plan:

Update on stock  (cost=0.42..8.45 rows=0 width=0) (actual time=0.089..0.089 rows=0 loops=1)

  ->  Index Scan using stock_pkey on stock  (cost=0.42..8.45 rows=1 width=32) (actual time=0.032..0.033 rows=1 loops=1)

        Index Cond: ((s_w_id = 1) AND (s_i_id = 81367))

Planning Time: 0.099 ms

Execution Time: 0.116 ms
Failed SQL 477: UPDATE STOCK SET S_QUANTITY = 95, S_YTD = S_YTD + 5, S_ORDER_CNT = S_ORDER_CNT + 1, S_REMOTE_CNT = S_REMOTE_CNT + 0 WHERE S_I_ID = 81367 AND S_W_ID = 1
Error Message: Cannot invoke "java.util.List.get(int)" because the return value of "sg.edu.nus.autotune.DB2DATA.getAllIndexes()" is null


===== Query 478 =====

SQL: SELECT I_PRICE, I_NAME , I_DATA FROM ITEM WHERE I_ID = 79204

EXPLAIN Plan:

Index Scan using item_pkey on item  (cost=0.29..8.31 rows=1 width=61) (actual time=0.529..0.531 rows=1 loops=1)

  Index Cond: (i_id = 79204)

Planning Time: 0.077 ms

Execution Time: 0.549 ms
Failed SQL 478: SELECT I_PRICE, I_NAME , I_DATA FROM ITEM WHERE I_ID = 79204
Error Message: Cannot invoke "java.util.List.get(int)" because the return value of "sg.edu.nus.autotune.DB2DATA.getAllIndexes()" is null


===== Query 479 =====

SQL: SELECT S_QUANTITY, S_DATA, S_DIST_01, S_DIST_02, S_DIST_03, S_DIST_04, S_DIST_05, S_DIST_06, S_DIST_07, S_DIST_08, S_DIST_09, S_DIST_10 FROM STOCK WHERE S_I_ID = 79204 AND S_W_ID = 1

EXPLAIN Plan:

Index Scan using stock_pkey on stock  (cost=0.42..8.44 rows=1 width=291) (actual time=1.192..1.194 rows=1 loops=1)

  Index Cond: ((s_w_id = 1) AND (s_i_id = 79204))

Planning Time: 0.091 ms

Execution Time: 1.217 ms
Failed SQL 479: SELECT S_QUANTITY, S_DATA, S_DIST_01, S_DIST_02, S_DIST_03, S_DIST_04, S_DIST_05, S_DIST_06, S_DIST_07, S_DIST_08, S_DIST_09, S_DIST_10 FROM STOCK WHERE S_I_ID = 79204 AND S_W_ID = 1
Error Message: Cannot invoke "java.util.List.get(int)" because the return value of "sg.edu.nus.autotune.DB2DATA.getAllIndexes()" is null


===== Query 480 =====

SQL: UPDATE STOCK SET S_QUANTITY = 65, S_YTD = S_YTD + 2, S_ORDER_CNT = S_ORDER_CNT + 1, S_REMOTE_CNT = S_REMOTE_CNT + 0 WHERE S_I_ID = 79204 AND S_W_ID = 1

EXPLAIN Plan:

Update on stock  (cost=0.42..8.45 rows=0 width=0) (actual time=0.034..0.034 rows=0 loops=1)

  ->  Index Scan using stock_pkey on stock  (cost=0.42..8.45 rows=1 width=32) (actual time=0.015..0.016 rows=1 loops=1)

        Index Cond: ((s_w_id = 1) AND (s_i_id = 79204))

Planning Time: 0.060 ms

Execution Time: 0.048 ms
Failed SQL 480: UPDATE STOCK SET S_QUANTITY = 65, S_YTD = S_YTD + 2, S_ORDER_CNT = S_ORDER_CNT + 1, S_REMOTE_CNT = S_REMOTE_CNT + 0 WHERE S_I_ID = 79204 AND S_W_ID = 1
Error Message: Cannot invoke "java.util.List.get(int)" because the return value of "sg.edu.nus.autotune.DB2DATA.getAllIndexes()" is null


===== Query 481 =====

SQL: SELECT I_PRICE, I_NAME , I_DATA FROM ITEM WHERE I_ID = 64406

EXPLAIN Plan:

Index Scan using item_pkey on item  (cost=0.29..8.31 rows=1 width=61) (actual time=1.023..1.025 rows=1 loops=1)

  Index Cond: (i_id = 64406)

Planning Time: 0.079 ms

Execution Time: 1.044 ms
Failed SQL 481: SELECT I_PRICE, I_NAME , I_DATA FROM ITEM WHERE I_ID = 64406
Error Message: Cannot invoke "java.util.List.get(int)" because the return value of "sg.edu.nus.autotune.DB2DATA.getAllIndexes()" is null


===== Query 482 =====

SQL: SELECT S_QUANTITY, S_DATA, S_DIST_01, S_DIST_02, S_DIST_03, S_DIST_04, S_DIST_05, S_DIST_06, S_DIST_07, S_DIST_08, S_DIST_09, S_DIST_10 FROM STOCK WHERE S_I_ID = 64406 AND S_W_ID = 1

EXPLAIN Plan:

Index Scan using stock_pkey on stock  (cost=0.42..8.44 rows=1 width=291) (actual time=1.013..1.015 rows=1 loops=1)

  Index Cond: ((s_w_id = 1) AND (s_i_id = 64406))

Planning Time: 0.091 ms

Execution Time: 1.036 ms
Failed SQL 482: SELECT S_QUANTITY, S_DATA, S_DIST_01, S_DIST_02, S_DIST_03, S_DIST_04, S_DIST_05, S_DIST_06, S_DIST_07, S_DIST_08, S_DIST_09, S_DIST_10 FROM STOCK WHERE S_I_ID = 64406 AND S_W_ID = 1
Error Message: Cannot invoke "java.util.List.get(int)" because the return value of "sg.edu.nus.autotune.DB2DATA.getAllIndexes()" is null


===== Query 483 =====

SQL: UPDATE STOCK SET S_QUANTITY = 62, S_YTD = S_YTD + 7, S_ORDER_CNT = S_ORDER_CNT + 1, S_REMOTE_CNT = S_REMOTE_CNT + 0 WHERE S_I_ID = 64406 AND S_W_ID = 1

EXPLAIN Plan:

Update on stock  (cost=0.42..8.45 rows=0 width=0) (actual time=0.062..0.063 rows=0 loops=1)

  ->  Index Scan using stock_pkey on stock  (cost=0.42..8.45 rows=1 width=32) (actual time=0.023..0.024 rows=1 loops=1)

        Index Cond: ((s_w_id = 1) AND (s_i_id = 64406))

Planning Time: 0.100 ms

Execution Time: 0.090 ms
Failed SQL 483: UPDATE STOCK SET S_QUANTITY = 62, S_YTD = S_YTD + 7, S_ORDER_CNT = S_ORDER_CNT + 1, S_REMOTE_CNT = S_REMOTE_CNT + 0 WHERE S_I_ID = 64406 AND S_W_ID = 1
Error Message: Cannot invoke "java.util.List.get(int)" because the return value of "sg.edu.nus.autotune.DB2DATA.getAllIndexes()" is null


===== Query 484 =====

SQL: SELECT I_PRICE, I_NAME , I_DATA FROM ITEM WHERE I_ID = 40647

EXPLAIN Plan:

Index Scan using item_pkey on item  (cost=0.29..8.31 rows=1 width=61) (actual time=0.971..0.973 rows=1 loops=1)

  Index Cond: (i_id = 40647)

Planning Time: 0.075 ms

Execution Time: 0.992 ms
Failed SQL 484: SELECT I_PRICE, I_NAME , I_DATA FROM ITEM WHERE I_ID = 40647
Error Message: Cannot invoke "java.util.List.get(int)" because the return value of "sg.edu.nus.autotune.DB2DATA.getAllIndexes()" is null


===== Query 485 =====

SQL: SELECT S_QUANTITY, S_DATA, S_DIST_01, S_DIST_02, S_DIST_03, S_DIST_04, S_DIST_05, S_DIST_06, S_DIST_07, S_DIST_08, S_DIST_09, S_DIST_10 FROM STOCK WHERE S_I_ID = 40647 AND S_W_ID = 1

EXPLAIN Plan:

Index Scan using stock_pkey on stock  (cost=0.42..8.44 rows=1 width=291) (actual time=1.039..1.041 rows=1 loops=1)

  Index Cond: ((s_w_id = 1) AND (s_i_id = 40647))

Planning Time: 0.095 ms

Execution Time: 1.064 ms
Failed SQL 485: SELECT S_QUANTITY, S_DATA, S_DIST_01, S_DIST_02, S_DIST_03, S_DIST_04, S_DIST_05, S_DIST_06, S_DIST_07, S_DIST_08, S_DIST_09, S_DIST_10 FROM STOCK WHERE S_I_ID = 40647 AND S_W_ID = 1
Error Message: Cannot invoke "java.util.List.get(int)" because the return value of "sg.edu.nus.autotune.DB2DATA.getAllIndexes()" is null


===== Query 486 =====

SQL: UPDATE STOCK SET S_QUANTITY = 44, S_YTD = S_YTD + 1, S_ORDER_CNT = S_ORDER_CNT + 1, S_REMOTE_CNT = S_REMOTE_CNT + 0 WHERE S_I_ID = 40647 AND S_W_ID = 1

EXPLAIN Plan:

Update on stock  (cost=0.42..8.45 rows=0 width=0) (actual time=0.081..0.082 rows=0 loops=1)

  ->  Index Scan using stock_pkey on stock  (cost=0.42..8.45 rows=1 width=32) (actual time=0.024..0.026 rows=1 loops=1)

        Index Cond: ((s_w_id = 1) AND (s_i_id = 40647))

Planning Time: 0.104 ms

Execution Time: 0.111 ms
Failed SQL 486: UPDATE STOCK SET S_QUANTITY = 44, S_YTD = S_YTD + 1, S_ORDER_CNT = S_ORDER_CNT + 1, S_REMOTE_CNT = S_REMOTE_CNT + 0 WHERE S_I_ID = 40647 AND S_W_ID = 1
Error Message: Cannot invoke "java.util.List.get(int)" because the return value of "sg.edu.nus.autotune.DB2DATA.getAllIndexes()" is null


===== Query 487 =====

SQL: UPDATE WAREHOUSE SET W_YTD = W_YTD + 4095.17 WHERE W_ID = 1

EXPLAIN Plan:

Update on warehouse  (cost=4.14..8.16 rows=0 width=0) (actual time=0.045..0.046 rows=0 loops=1)

  ->  Bitmap Heap Scan on warehouse  (cost=4.14..8.16 rows=1 width=22) (actual time=0.018..0.019 rows=1 loops=1)

        Recheck Cond: (w_id = 1)

        Heap Blocks: exact=1

        ->  Bitmap Index Scan on warehouse_pkey  (cost=0.00..4.14 rows=1 width=0) (actual time=0.009..0.009 rows=1 loops=1)

              Index Cond: (w_id = 1)

Planning Time: 0.074 ms

Execution Time: 0.074 ms
Failed SQL 487: UPDATE WAREHOUSE SET W_YTD = W_YTD + 4095.17 WHERE W_ID = 1
Error Message: Cannot invoke "java.util.List.get(int)" because the return value of "sg.edu.nus.autotune.DB2DATA.getAllIndexes()" is null


===== Query 488 =====

SQL: SELECT W_STREET_1, W_STREET_2, W_CITY, W_STATE, W_ZIP, W_NAME FROM WAREHOUSE WHERE W_ID = 1

EXPLAIN Plan:

Bitmap Heap Scan on warehouse  (cost=4.14..8.15 rows=1 width=65) (actual time=0.019..0.020 rows=1 loops=1)

  Recheck Cond: (w_id = 1)

  Heap Blocks: exact=1

  ->  Bitmap Index Scan on warehouse_pkey  (cost=0.00..4.14 rows=1 width=0) (actual time=0.008..0.009 rows=1 loops=1)

        Index Cond: (w_id = 1)

Planning Time: 0.074 ms

Execution Time: 0.044 ms
Failed SQL 488: SELECT W_STREET_1, W_STREET_2, W_CITY, W_STATE, W_ZIP, W_NAME FROM WAREHOUSE WHERE W_ID = 1
Error Message: Cannot invoke "java.util.List.get(int)" because the return value of "sg.edu.nus.autotune.DB2DATA.getAllIndexes()" is null


===== Query 489 =====

SQL: UPDATE DISTRICT SET D_YTD = D_YTD + 4095.17 WHERE D_W_ID = 1 AND D_ID = 1

EXPLAIN Plan:

Update on district  (cost=4.28..11.67 rows=0 width=0) (actual time=0.052..0.053 rows=0 loops=1)

  ->  Bitmap Heap Scan on district  (cost=4.28..11.67 rows=2 width=22) (actual time=0.022..0.023 rows=1 loops=1)

        Recheck Cond: ((d_w_id = 1) AND (d_id = 1))

        Heap Blocks: exact=1

        ->  Bitmap Index Scan on district_pkey  (cost=0.00..4.28 rows=2 width=0) (actual time=0.011..0.011 rows=1 loops=1)

              Index Cond: ((d_w_id = 1) AND (d_id = 1))

Planning Time: 0.090 ms

Execution Time: 0.084 ms
Failed SQL 489: UPDATE DISTRICT SET D_YTD = D_YTD + 4095.17 WHERE D_W_ID = 1 AND D_ID = 1
Error Message: Cannot invoke "java.util.List.get(int)" because the return value of "sg.edu.nus.autotune.DB2DATA.getAllIndexes()" is null


===== Query 490 =====

SQL: SELECT D_STREET_1, D_STREET_2, D_CITY, D_STATE, D_ZIP, D_NAME FROM DISTRICT WHERE D_W_ID = 1 AND D_ID = 1

EXPLAIN Plan:

Bitmap Heap Scan on district  (cost=4.28..11.66 rows=2 width=64) (actual time=0.020..0.021 rows=1 loops=1)

  Recheck Cond: ((d_w_id = 1) AND (d_id = 1))

  Heap Blocks: exact=1

  ->  Bitmap Index Scan on district_pkey  (cost=0.00..4.28 rows=2 width=0) (actual time=0.010..0.011 rows=1 loops=1)

        Index Cond: ((d_w_id = 1) AND (d_id = 1))

Planning Time: 0.091 ms

Execution Time: 0.047 ms
Failed SQL 490: SELECT D_STREET_1, D_STREET_2, D_CITY, D_STATE, D_ZIP, D_NAME FROM DISTRICT WHERE D_W_ID = 1 AND D_ID = 1
Error Message: Cannot invoke "java.util.List.get(int)" because the return value of "sg.edu.nus.autotune.DB2DATA.getAllIndexes()" is null


===== Query 491 =====

SQL: SELECT C_FIRST, C_MIDDLE, C_LAST, C_STREET_1, C_STREET_2, C_CITY, C_STATE, C_ZIP, C_PHONE, C_CREDIT, C_CREDIT_LIM, C_DISCOUNT, C_BALANCE, C_YTD_PAYMENT, C_PAYMENT_CNT, C_SINCE FROM CUSTOMER WHERE C_W_ID = 1 AND C_D_ID = 1 AND C_ID = 2923

EXPLAIN Plan:

Index Scan using customer_pkey on customer  (cost=0.42..8.44 rows=1 width=140) (actual time=0.791..0.793 rows=1 loops=1)

  Index Cond: ((c_w_id = 1) AND (c_d_id = 1) AND (c_id = 2923))

Planning Time: 0.100 ms

Execution Time: 0.817 ms
Failed SQL 491: SELECT C_FIRST, C_MIDDLE, C_LAST, C_STREET_1, C_STREET_2, C_CITY, C_STATE, C_ZIP, C_PHONE, C_CREDIT, C_CREDIT_LIM, C_DISCOUNT, C_BALANCE, C_YTD_PAYMENT, C_PAYMENT_CNT, C_SINCE FROM CUSTOMER WHERE C_W_ID = 1 AND C_D_ID = 1 AND C_ID = 2923
Error Message: Cannot invoke "java.util.List.get(int)" because the return value of "sg.edu.nus.autotune.DB2DATA.getAllIndexes()" is null


===== Query 492 =====

SQL: UPDATE CUSTOMER SET C_BALANCE = -4105.17, C_YTD_PAYMENT = 4105.17, C_PAYMENT_CNT = 2 WHERE C_W_ID = 1 AND C_D_ID = 1 AND C_ID = 2923

EXPLAIN Plan:

Update on customer  (cost=0.42..8.44 rows=0 width=0) (actual time=0.057..0.057 rows=0 loops=1)

  ->  Index Scan using customer_pkey on customer  (cost=0.42..8.44 rows=1 width=34) (actual time=0.019..0.021 rows=1 loops=1)

        Index Cond: ((c_w_id = 1) AND (c_d_id = 1) AND (c_id = 2923))

Planning Time: 0.101 ms

Execution Time: 0.081 ms
Failed SQL 492: UPDATE CUSTOMER SET C_BALANCE = -4105.17, C_YTD_PAYMENT = 4105.17, C_PAYMENT_CNT = 2 WHERE C_W_ID = 1 AND C_D_ID = 1 AND C_ID = 2923
Error Message: Cannot invoke "java.util.List.get(int)" because the return value of "sg.edu.nus.autotune.DB2DATA.getAllIndexes()" is null


===== Query 493 =====

SQL: SELECT C_DISCOUNT, C_LAST, C_CREDIT, W_TAX FROM CUSTOMER, WAREHOUSE WHERE W_ID = 1 AND C_W_ID = 1 AND C_D_ID = 10 AND C_ID = 2627

EXPLAIN Plan:

Nested Loop  (cost=4.56..16.61 rows=1 width=26) (actual time=0.820..0.822 rows=1 loops=1)

  ->  Index Scan using customer_pkey on customer  (cost=0.42..8.44 rows=1 width=21) (actual time=0.801..0.802 rows=1 loops=1)

        Index Cond: ((c_w_id = 1) AND (c_d_id = 10) AND (c_id = 2627))

  ->  Bitmap Heap Scan on warehouse  (cost=4.14..8.15 rows=1 width=5) (actual time=0.009..0.009 rows=1 loops=1)

        Recheck Cond: (w_id = 1)

        Heap Blocks: exact=1

        ->  Bitmap Index Scan on warehouse_pkey  (cost=0.00..4.14 rows=1 width=0) (actual time=0.005..0.005 rows=1 loops=1)

              Index Cond: (w_id = 1)

Planning Time: 0.146 ms

Execution Time: 0.860 ms
Failed SQL 493: SELECT C_DISCOUNT, C_LAST, C_CREDIT, W_TAX FROM CUSTOMER, WAREHOUSE WHERE W_ID = 1 AND C_W_ID = 1 AND C_D_ID = 10 AND C_ID = 2627
Error Message: Cannot invoke "java.util.List.get(int)" because the return value of "sg.edu.nus.autotune.DB2DATA.getAllIndexes()" is null


===== Query 494 =====

SQL: SELECT D_NEXT_O_ID, D_TAX FROM DISTRICT WHERE D_W_ID = 1 AND D_ID = 10

EXPLAIN Plan:

Bitmap Heap Scan on district  (cost=4.28..11.66 rows=2 width=9) (actual time=0.020..0.021 rows=1 loops=1)

  Recheck Cond: ((d_w_id = 1) AND (d_id = 10))

  Heap Blocks: exact=1

  ->  Bitmap Index Scan on district_pkey  (cost=0.00..4.28 rows=2 width=0) (actual time=0.011..0.011 rows=1 loops=1)

        Index Cond: ((d_w_id = 1) AND (d_id = 10))

Planning Time: 0.089 ms

Execution Time: 0.045 ms
Failed SQL 494: SELECT D_NEXT_O_ID, D_TAX FROM DISTRICT WHERE D_W_ID = 1 AND D_ID = 10
Error Message: Cannot invoke "java.util.List.get(int)" because the return value of "sg.edu.nus.autotune.DB2DATA.getAllIndexes()" is null


===== Query 495 =====

SQL: UPDATE DISTRICT SET D_NEXT_O_ID = D_NEXT_O_ID + 1 WHERE D_W_ID = 1 AND D_ID = 10

EXPLAIN Plan:

Update on district  (cost=4.28..11.67 rows=0 width=0) (actual time=0.053..0.054 rows=0 loops=1)

  ->  Bitmap Heap Scan on district  (cost=4.28..11.67 rows=2 width=10) (actual time=0.019..0.020 rows=1 loops=1)

        Recheck Cond: ((d_w_id = 1) AND (d_id = 10))

        Heap Blocks: exact=1

        ->  Bitmap Index Scan on district_pkey  (cost=0.00..4.28 rows=2 width=0) (actual time=0.011..0.011 rows=1 loops=1)

              Index Cond: ((d_w_id = 1) AND (d_id = 10))

Planning Time: 0.092 ms

Execution Time: 0.085 ms
Failed SQL 495: UPDATE DISTRICT SET D_NEXT_O_ID = D_NEXT_O_ID + 1 WHERE D_W_ID = 1 AND D_ID = 10
Error Message: Cannot invoke "java.util.List.get(int)" because the return value of "sg.edu.nus.autotune.DB2DATA.getAllIndexes()" is null


===== Query 496 =====

SQL: SELECT I_PRICE, I_NAME , I_DATA FROM ITEM WHERE I_ID = 55903

EXPLAIN Plan:

Index Scan using item_pkey on item  (cost=0.29..8.31 rows=1 width=61) (actual time=1.197..1.199 rows=1 loops=1)

  Index Cond: (i_id = 55903)

Planning Time: 0.071 ms

Execution Time: 1.217 ms
Failed SQL 496: SELECT I_PRICE, I_NAME , I_DATA FROM ITEM WHERE I_ID = 55903
Error Message: Cannot invoke "java.util.List.get(int)" because the return value of "sg.edu.nus.autotune.DB2DATA.getAllIndexes()" is null


===== Query 497 =====

SQL: SELECT S_QUANTITY, S_DATA, S_DIST_01, S_DIST_02, S_DIST_03, S_DIST_04, S_DIST_05, S_DIST_06, S_DIST_07, S_DIST_08, S_DIST_09, S_DIST_10 FROM STOCK WHERE S_I_ID = 55903 AND S_W_ID = 1

EXPLAIN Plan:

Index Scan using stock_pkey on stock  (cost=0.42..8.44 rows=1 width=291) (actual time=1.000..1.002 rows=1 loops=1)

  Index Cond: ((s_w_id = 1) AND (s_i_id = 55903))

Planning Time: 0.089 ms

Execution Time: 1.024 ms
Failed SQL 497: SELECT S_QUANTITY, S_DATA, S_DIST_01, S_DIST_02, S_DIST_03, S_DIST_04, S_DIST_05, S_DIST_06, S_DIST_07, S_DIST_08, S_DIST_09, S_DIST_10 FROM STOCK WHERE S_I_ID = 55903 AND S_W_ID = 1
Error Message: Cannot invoke "java.util.List.get(int)" because the return value of "sg.edu.nus.autotune.DB2DATA.getAllIndexes()" is null


===== Query 498 =====

SQL: UPDATE STOCK SET S_QUANTITY = 69, S_YTD = S_YTD + 2, S_ORDER_CNT = S_ORDER_CNT + 1, S_REMOTE_CNT = S_REMOTE_CNT + 0 WHERE S_I_ID = 55903 AND S_W_ID = 1

EXPLAIN Plan:

Update on stock  (cost=0.42..8.45 rows=0 width=0) (actual time=0.079..0.079 rows=0 loops=1)

  ->  Index Scan using stock_pkey on stock  (cost=0.42..8.45 rows=1 width=32) (actual time=0.025..0.026 rows=1 loops=1)

        Index Cond: ((s_w_id = 1) AND (s_i_id = 55903))

Planning Time: 0.101 ms

Execution Time: 0.113 ms
Failed SQL 498: UPDATE STOCK SET S_QUANTITY = 69, S_YTD = S_YTD + 2, S_ORDER_CNT = S_ORDER_CNT + 1, S_REMOTE_CNT = S_REMOTE_CNT + 0 WHERE S_I_ID = 55903 AND S_W_ID = 1
Error Message: Cannot invoke "java.util.List.get(int)" because the return value of "sg.edu.nus.autotune.DB2DATA.getAllIndexes()" is null


===== Query 499 =====

SQL: SELECT I_PRICE, I_NAME , I_DATA FROM ITEM WHERE I_ID = 24226

EXPLAIN Plan:

Index Scan using item_pkey on item  (cost=0.29..8.31 rows=1 width=61) (actual time=0.796..0.799 rows=1 loops=1)

  Index Cond: (i_id = 24226)

Planning Time: 0.071 ms

Execution Time: 0.816 ms
Failed SQL 499: SELECT I_PRICE, I_NAME , I_DATA FROM ITEM WHERE I_ID = 24226
Error Message: Cannot invoke "java.util.List.get(int)" because the return value of "sg.edu.nus.autotune.DB2DATA.getAllIndexes()" is null


===== Query 500 =====

SQL: SELECT S_QUANTITY, S_DATA, S_DIST_01, S_DIST_02, S_DIST_03, S_DIST_04, S_DIST_05, S_DIST_06, S_DIST_07, S_DIST_08, S_DIST_09, S_DIST_10 FROM STOCK WHERE S_I_ID = 24226 AND S_W_ID = 1

EXPLAIN Plan:

Index Scan using stock_pkey on stock  (cost=0.42..8.44 rows=1 width=291) (actual time=0.782..0.784 rows=1 loops=1)

  Index Cond: ((s_w_id = 1) AND (s_i_id = 24226))

Planning Time: 0.103 ms

Execution Time: 0.806 ms
Failed SQL 500: SELECT S_QUANTITY, S_DATA, S_DIST_01, S_DIST_02, S_DIST_03, S_DIST_04, S_DIST_05, S_DIST_06, S_DIST_07, S_DIST_08, S_DIST_09, S_DIST_10 FROM STOCK WHERE S_I_ID = 24226 AND S_W_ID = 1
Error Message: Cannot invoke "java.util.List.get(int)" because the return value of "sg.edu.nus.autotune.DB2DATA.getAllIndexes()" is null


===== Query 501 =====

SQL: UPDATE STOCK SET S_QUANTITY = 88, S_YTD = S_YTD + 10, S_ORDER_CNT = S_ORDER_CNT + 1, S_REMOTE_CNT = S_REMOTE_CNT + 0 WHERE S_I_ID = 24226 AND S_W_ID = 1

EXPLAIN Plan:

Update on stock  (cost=0.42..8.45 rows=0 width=0) (actual time=0.059..0.060 rows=0 loops=1)

  ->  Index Scan using stock_pkey on stock  (cost=0.42..8.45 rows=1 width=32) (actual time=0.024..0.026 rows=1 loops=1)

        Index Cond: ((s_w_id = 1) AND (s_i_id = 24226))

Planning Time: 0.099 ms

Execution Time: 0.088 ms
Failed SQL 501: UPDATE STOCK SET S_QUANTITY = 88, S_YTD = S_YTD + 10, S_ORDER_CNT = S_ORDER_CNT + 1, S_REMOTE_CNT = S_REMOTE_CNT + 0 WHERE S_I_ID = 24226 AND S_W_ID = 1
Error Message: Cannot invoke "java.util.List.get(int)" because the return value of "sg.edu.nus.autotune.DB2DATA.getAllIndexes()" is null


===== Query 502 =====

SQL: SELECT I_PRICE, I_NAME , I_DATA FROM ITEM WHERE I_ID = 81619

EXPLAIN Plan:

Index Scan using item_pkey on item  (cost=0.29..8.31 rows=1 width=61) (actual time=0.827..0.829 rows=1 loops=1)

  Index Cond: (i_id = 81619)

Planning Time: 0.079 ms

Execution Time: 0.848 ms
Failed SQL 502: SELECT I_PRICE, I_NAME , I_DATA FROM ITEM WHERE I_ID = 81619
Error Message: Cannot invoke "java.util.List.get(int)" because the return value of "sg.edu.nus.autotune.DB2DATA.getAllIndexes()" is null


===== Query 503 =====

SQL: SELECT S_QUANTITY, S_DATA, S_DIST_01, S_DIST_02, S_DIST_03, S_DIST_04, S_DIST_05, S_DIST_06, S_DIST_07, S_DIST_08, S_DIST_09, S_DIST_10 FROM STOCK WHERE S_I_ID = 81619 AND S_W_ID = 1

EXPLAIN Plan:

Index Scan using stock_pkey on stock  (cost=0.42..8.44 rows=1 width=291) (actual time=0.029..0.031 rows=1 loops=1)

  Index Cond: ((s_w_id = 1) AND (s_i_id = 81619))

Planning Time: 0.090 ms

Execution Time: 0.052 ms
Failed SQL 503: SELECT S_QUANTITY, S_DATA, S_DIST_01, S_DIST_02, S_DIST_03, S_DIST_04, S_DIST_05, S_DIST_06, S_DIST_07, S_DIST_08, S_DIST_09, S_DIST_10 FROM STOCK WHERE S_I_ID = 81619 AND S_W_ID = 1
Error Message: Cannot invoke "java.util.List.get(int)" because the return value of "sg.edu.nus.autotune.DB2DATA.getAllIndexes()" is null


===== Query 504 =====

SQL: UPDATE STOCK SET S_QUANTITY = 83, S_YTD = S_YTD + 3, S_ORDER_CNT = S_ORDER_CNT + 1, S_REMOTE_CNT = S_REMOTE_CNT + 0 WHERE S_I_ID = 81619 AND S_W_ID = 1

EXPLAIN Plan:

Update on stock  (cost=0.42..8.45 rows=0 width=0) (actual time=0.076..0.077 rows=0 loops=1)

  ->  Index Scan using stock_pkey on stock  (cost=0.42..8.45 rows=1 width=32) (actual time=0.024..0.026 rows=1 loops=1)

        Index Cond: ((s_w_id = 1) AND (s_i_id = 81619))

Planning Time: 0.100 ms

Execution Time: 0.104 ms
Failed SQL 504: UPDATE STOCK SET S_QUANTITY = 83, S_YTD = S_YTD + 3, S_ORDER_CNT = S_ORDER_CNT + 1, S_REMOTE_CNT = S_REMOTE_CNT + 0 WHERE S_I_ID = 81619 AND S_W_ID = 1
Error Message: Cannot invoke "java.util.List.get(int)" because the return value of "sg.edu.nus.autotune.DB2DATA.getAllIndexes()" is null


===== Query 505 =====

SQL: SELECT I_PRICE, I_NAME , I_DATA FROM ITEM WHERE I_ID = 63175

EXPLAIN Plan:

Index Scan using item_pkey on item  (cost=0.29..8.31 rows=1 width=61) (actual time=1.013..1.016 rows=1 loops=1)

  Index Cond: (i_id = 63175)

Planning Time: 0.071 ms

Execution Time: 1.033 ms
Failed SQL 505: SELECT I_PRICE, I_NAME , I_DATA FROM ITEM WHERE I_ID = 63175
Error Message: Cannot invoke "java.util.List.get(int)" because the return value of "sg.edu.nus.autotune.DB2DATA.getAllIndexes()" is null


===== Query 506 =====

SQL: SELECT S_QUANTITY, S_DATA, S_DIST_01, S_DIST_02, S_DIST_03, S_DIST_04, S_DIST_05, S_DIST_06, S_DIST_07, S_DIST_08, S_DIST_09, S_DIST_10 FROM STOCK WHERE S_I_ID = 63175 AND S_W_ID = 1

EXPLAIN Plan:

Index Scan using stock_pkey on stock  (cost=0.42..8.44 rows=1 width=291) (actual time=0.980..0.982 rows=1 loops=1)

  Index Cond: ((s_w_id = 1) AND (s_i_id = 63175))

Planning Time: 0.089 ms

Execution Time: 1.004 ms
Failed SQL 506: SELECT S_QUANTITY, S_DATA, S_DIST_01, S_DIST_02, S_DIST_03, S_DIST_04, S_DIST_05, S_DIST_06, S_DIST_07, S_DIST_08, S_DIST_09, S_DIST_10 FROM STOCK WHERE S_I_ID = 63175 AND S_W_ID = 1
Error Message: Cannot invoke "java.util.List.get(int)" because the return value of "sg.edu.nus.autotune.DB2DATA.getAllIndexes()" is null


===== Query 507 =====

SQL: UPDATE STOCK SET S_QUANTITY = 77, S_YTD = S_YTD + 7, S_ORDER_CNT = S_ORDER_CNT + 1, S_REMOTE_CNT = S_REMOTE_CNT + 0 WHERE S_I_ID = 63175 AND S_W_ID = 1

EXPLAIN Plan:

Update on stock  (cost=0.42..8.45 rows=0 width=0) (actual time=0.058..0.059 rows=0 loops=1)

  ->  Index Scan using stock_pkey on stock  (cost=0.42..8.45 rows=1 width=32) (actual time=0.025..0.026 rows=1 loops=1)

        Index Cond: ((s_w_id = 1) AND (s_i_id = 63175))

Planning Time: 0.098 ms

Execution Time: 0.086 ms
Failed SQL 507: UPDATE STOCK SET S_QUANTITY = 77, S_YTD = S_YTD + 7, S_ORDER_CNT = S_ORDER_CNT + 1, S_REMOTE_CNT = S_REMOTE_CNT + 0 WHERE S_I_ID = 63175 AND S_W_ID = 1
Error Message: Cannot invoke "java.util.List.get(int)" because the return value of "sg.edu.nus.autotune.DB2DATA.getAllIndexes()" is null


===== Query 508 =====

SQL: SELECT I_PRICE, I_NAME , I_DATA FROM ITEM WHERE I_ID = 66278

EXPLAIN Plan:

Index Scan using item_pkey on item  (cost=0.29..8.31 rows=1 width=61) (actual time=1.001..1.003 rows=1 loops=1)

  Index Cond: (i_id = 66278)

Planning Time: 0.073 ms

Execution Time: 1.020 ms
Failed SQL 508: SELECT I_PRICE, I_NAME , I_DATA FROM ITEM WHERE I_ID = 66278
Error Message: Cannot invoke "java.util.List.get(int)" because the return value of "sg.edu.nus.autotune.DB2DATA.getAllIndexes()" is null


===== Query 509 =====

SQL: SELECT S_QUANTITY, S_DATA, S_DIST_01, S_DIST_02, S_DIST_03, S_DIST_04, S_DIST_05, S_DIST_06, S_DIST_07, S_DIST_08, S_DIST_09, S_DIST_10 FROM STOCK WHERE S_I_ID = 66278 AND S_W_ID = 1

EXPLAIN Plan:

Index Scan using stock_pkey on stock  (cost=0.42..8.44 rows=1 width=291) (actual time=1.025..1.027 rows=1 loops=1)

  Index Cond: ((s_w_id = 1) AND (s_i_id = 66278))

Planning Time: 0.089 ms

Execution Time: 1.050 ms
Failed SQL 509: SELECT S_QUANTITY, S_DATA, S_DIST_01, S_DIST_02, S_DIST_03, S_DIST_04, S_DIST_05, S_DIST_06, S_DIST_07, S_DIST_08, S_DIST_09, S_DIST_10 FROM STOCK WHERE S_I_ID = 66278 AND S_W_ID = 1
Error Message: Cannot invoke "java.util.List.get(int)" because the return value of "sg.edu.nus.autotune.DB2DATA.getAllIndexes()" is null


===== Query 510 =====

SQL: UPDATE STOCK SET S_QUANTITY = 73, S_YTD = S_YTD + 9, S_ORDER_CNT = S_ORDER_CNT + 1, S_REMOTE_CNT = S_REMOTE_CNT + 0 WHERE S_I_ID = 66278 AND S_W_ID = 1

EXPLAIN Plan:

Update on stock  (cost=0.42..8.45 rows=0 width=0) (actual time=0.059..0.060 rows=0 loops=1)

  ->  Index Scan using stock_pkey on stock  (cost=0.42..8.45 rows=1 width=32) (actual time=0.025..0.027 rows=1 loops=1)

        Index Cond: ((s_w_id = 1) AND (s_i_id = 66278))

Planning Time: 0.099 ms

Execution Time: 0.088 ms
Failed SQL 510: UPDATE STOCK SET S_QUANTITY = 73, S_YTD = S_YTD + 9, S_ORDER_CNT = S_ORDER_CNT + 1, S_REMOTE_CNT = S_REMOTE_CNT + 0 WHERE S_I_ID = 66278 AND S_W_ID = 1
Error Message: Cannot invoke "java.util.List.get(int)" because the return value of "sg.edu.nus.autotune.DB2DATA.getAllIndexes()" is null


===== Query 511 =====

SQL: SELECT I_PRICE, I_NAME , I_DATA FROM ITEM WHERE I_ID = 4935

EXPLAIN Plan:

Index Scan using item_pkey on item  (cost=0.29..8.31 rows=1 width=61) (actual time=1.053..1.055 rows=1 loops=1)

  Index Cond: (i_id = 4935)

Planning Time: 0.074 ms

Execution Time: 1.073 ms
Failed SQL 511: SELECT I_PRICE, I_NAME , I_DATA FROM ITEM WHERE I_ID = 4935
Error Message: Cannot invoke "java.util.List.get(int)" because the return value of "sg.edu.nus.autotune.DB2DATA.getAllIndexes()" is null


===== Query 512 =====

SQL: SELECT S_QUANTITY, S_DATA, S_DIST_01, S_DIST_02, S_DIST_03, S_DIST_04, S_DIST_05, S_DIST_06, S_DIST_07, S_DIST_08, S_DIST_09, S_DIST_10 FROM STOCK WHERE S_I_ID = 4935 AND S_W_ID = 1

EXPLAIN Plan:

Index Scan using stock_pkey on stock  (cost=0.42..8.44 rows=1 width=291) (actual time=1.033..1.035 rows=1 loops=1)

  Index Cond: ((s_w_id = 1) AND (s_i_id = 4935))

Planning Time: 0.091 ms

Execution Time: 1.057 ms
Failed SQL 512: SELECT S_QUANTITY, S_DATA, S_DIST_01, S_DIST_02, S_DIST_03, S_DIST_04, S_DIST_05, S_DIST_06, S_DIST_07, S_DIST_08, S_DIST_09, S_DIST_10 FROM STOCK WHERE S_I_ID = 4935 AND S_W_ID = 1
Error Message: Cannot invoke "java.util.List.get(int)" because the return value of "sg.edu.nus.autotune.DB2DATA.getAllIndexes()" is null


===== Query 513 =====

SQL: UPDATE STOCK SET S_QUANTITY = 70, S_YTD = S_YTD + 10, S_ORDER_CNT = S_ORDER_CNT + 1, S_REMOTE_CNT = S_REMOTE_CNT + 0 WHERE S_I_ID = 4935 AND S_W_ID = 1

EXPLAIN Plan:

Update on stock  (cost=0.42..8.45 rows=0 width=0) (actual time=0.089..0.089 rows=0 loops=1)

  ->  Index Scan using stock_pkey on stock  (cost=0.42..8.45 rows=1 width=32) (actual time=0.025..0.026 rows=1 loops=1)

        Index Cond: ((s_w_id = 1) AND (s_i_id = 4935))

Planning Time: 0.100 ms

Execution Time: 0.117 ms
Failed SQL 513: UPDATE STOCK SET S_QUANTITY = 70, S_YTD = S_YTD + 10, S_ORDER_CNT = S_ORDER_CNT + 1, S_REMOTE_CNT = S_REMOTE_CNT + 0 WHERE S_I_ID = 4935 AND S_W_ID = 1
Error Message: Cannot invoke "java.util.List.get(int)" because the return value of "sg.edu.nus.autotune.DB2DATA.getAllIndexes()" is null


===== Query 514 =====

SQL: SELECT I_PRICE, I_NAME , I_DATA FROM ITEM WHERE I_ID = 32451

EXPLAIN Plan:

Index Scan using item_pkey on item  (cost=0.29..8.31 rows=1 width=61) (actual time=0.799..0.801 rows=1 loops=1)

  Index Cond: (i_id = 32451)

Planning Time: 0.070 ms

Execution Time: 0.819 ms
Failed SQL 514: SELECT I_PRICE, I_NAME , I_DATA FROM ITEM WHERE I_ID = 32451
Error Message: Cannot invoke "java.util.List.get(int)" because the return value of "sg.edu.nus.autotune.DB2DATA.getAllIndexes()" is null


===== Query 515 =====

SQL: SELECT S_QUANTITY, S_DATA, S_DIST_01, S_DIST_02, S_DIST_03, S_DIST_04, S_DIST_05, S_DIST_06, S_DIST_07, S_DIST_08, S_DIST_09, S_DIST_10 FROM STOCK WHERE S_I_ID = 32451 AND S_W_ID = 1

EXPLAIN Plan:

Index Scan using stock_pkey on stock  (cost=0.42..8.44 rows=1 width=291) (actual time=0.789..0.791 rows=1 loops=1)

  Index Cond: ((s_w_id = 1) AND (s_i_id = 32451))

Planning Time: 0.096 ms

Execution Time: 0.814 ms
Failed SQL 515: SELECT S_QUANTITY, S_DATA, S_DIST_01, S_DIST_02, S_DIST_03, S_DIST_04, S_DIST_05, S_DIST_06, S_DIST_07, S_DIST_08, S_DIST_09, S_DIST_10 FROM STOCK WHERE S_I_ID = 32451 AND S_W_ID = 1
Error Message: Cannot invoke "java.util.List.get(int)" because the return value of "sg.edu.nus.autotune.DB2DATA.getAllIndexes()" is null


===== Query 516 =====

SQL: UPDATE STOCK SET S_QUANTITY = 85, S_YTD = S_YTD + 4, S_ORDER_CNT = S_ORDER_CNT + 1, S_REMOTE_CNT = S_REMOTE_CNT + 0 WHERE S_I_ID = 32451 AND S_W_ID = 1

EXPLAIN Plan:

Update on stock  (cost=0.42..8.45 rows=0 width=0) (actual time=0.059..0.060 rows=0 loops=1)

  ->  Index Scan using stock_pkey on stock  (cost=0.42..8.45 rows=1 width=32) (actual time=0.025..0.026 rows=1 loops=1)

        Index Cond: ((s_w_id = 1) AND (s_i_id = 32451))

Planning Time: 0.102 ms

Execution Time: 0.087 ms
Failed SQL 516: UPDATE STOCK SET S_QUANTITY = 85, S_YTD = S_YTD + 4, S_ORDER_CNT = S_ORDER_CNT + 1, S_REMOTE_CNT = S_REMOTE_CNT + 0 WHERE S_I_ID = 32451 AND S_W_ID = 1
Error Message: Cannot invoke "java.util.List.get(int)" because the return value of "sg.edu.nus.autotune.DB2DATA.getAllIndexes()" is null


===== Query 517 =====

SQL: SELECT I_PRICE, I_NAME , I_DATA FROM ITEM WHERE I_ID = 4743

EXPLAIN Plan:

Index Scan using item_pkey on item  (cost=0.29..8.31 rows=1 width=61) (actual time=1.291..1.294 rows=1 loops=1)

  Index Cond: (i_id = 4743)

Planning Time: 0.071 ms

Execution Time: 1.332 ms
Failed SQL 517: SELECT I_PRICE, I_NAME , I_DATA FROM ITEM WHERE I_ID = 4743
Error Message: Cannot invoke "java.util.List.get(int)" because the return value of "sg.edu.nus.autotune.DB2DATA.getAllIndexes()" is null


===== Query 518 =====

SQL: SELECT S_QUANTITY, S_DATA, S_DIST_01, S_DIST_02, S_DIST_03, S_DIST_04, S_DIST_05, S_DIST_06, S_DIST_07, S_DIST_08, S_DIST_09, S_DIST_10 FROM STOCK WHERE S_I_ID = 4743 AND S_W_ID = 1

EXPLAIN Plan:

Index Scan using stock_pkey on stock  (cost=0.42..8.44 rows=1 width=291) (actual time=1.037..1.040 rows=1 loops=1)

  Index Cond: ((s_w_id = 1) AND (s_i_id = 4743))

Planning Time: 0.093 ms

Execution Time: 1.063 ms
Failed SQL 518: SELECT S_QUANTITY, S_DATA, S_DIST_01, S_DIST_02, S_DIST_03, S_DIST_04, S_DIST_05, S_DIST_06, S_DIST_07, S_DIST_08, S_DIST_09, S_DIST_10 FROM STOCK WHERE S_I_ID = 4743 AND S_W_ID = 1
Error Message: Cannot invoke "java.util.List.get(int)" because the return value of "sg.edu.nus.autotune.DB2DATA.getAllIndexes()" is null


===== Query 519 =====

SQL: UPDATE STOCK SET S_QUANTITY = 39, S_YTD = S_YTD + 8, S_ORDER_CNT = S_ORDER_CNT + 1, S_REMOTE_CNT = S_REMOTE_CNT + 0 WHERE S_I_ID = 4743 AND S_W_ID = 1

EXPLAIN Plan:

Update on stock  (cost=0.42..8.45 rows=0 width=0) (actual time=0.056..0.057 rows=0 loops=1)

  ->  Index Scan using stock_pkey on stock  (cost=0.42..8.45 rows=1 width=32) (actual time=0.023..0.025 rows=1 loops=1)

        Index Cond: ((s_w_id = 1) AND (s_i_id = 4743))

Planning Time: 0.099 ms

Execution Time: 0.090 ms
Failed SQL 519: UPDATE STOCK SET S_QUANTITY = 39, S_YTD = S_YTD + 8, S_ORDER_CNT = S_ORDER_CNT + 1, S_REMOTE_CNT = S_REMOTE_CNT + 0 WHERE S_I_ID = 4743 AND S_W_ID = 1
Error Message: Cannot invoke "java.util.List.get(int)" because the return value of "sg.edu.nus.autotune.DB2DATA.getAllIndexes()" is null


===== Query 520 =====

SQL: SELECT I_PRICE, I_NAME , I_DATA FROM ITEM WHERE I_ID = 62806

EXPLAIN Plan:

Index Scan using item_pkey on item  (cost=0.29..8.31 rows=1 width=61) (actual time=1.189..1.191 rows=1 loops=1)

  Index Cond: (i_id = 62806)

Planning Time: 0.075 ms

Execution Time: 1.209 ms
Failed SQL 520: SELECT I_PRICE, I_NAME , I_DATA FROM ITEM WHERE I_ID = 62806
Error Message: Cannot invoke "java.util.List.get(int)" because the return value of "sg.edu.nus.autotune.DB2DATA.getAllIndexes()" is null


===== Query 521 =====

SQL: SELECT S_QUANTITY, S_DATA, S_DIST_01, S_DIST_02, S_DIST_03, S_DIST_04, S_DIST_05, S_DIST_06, S_DIST_07, S_DIST_08, S_DIST_09, S_DIST_10 FROM STOCK WHERE S_I_ID = 62806 AND S_W_ID = 1

EXPLAIN Plan:

Index Scan using stock_pkey on stock  (cost=0.42..8.44 rows=1 width=291) (actual time=1.024..1.026 rows=1 loops=1)

  Index Cond: ((s_w_id = 1) AND (s_i_id = 62806))

Planning Time: 0.091 ms

Execution Time: 1.048 ms
Failed SQL 521: SELECT S_QUANTITY, S_DATA, S_DIST_01, S_DIST_02, S_DIST_03, S_DIST_04, S_DIST_05, S_DIST_06, S_DIST_07, S_DIST_08, S_DIST_09, S_DIST_10 FROM STOCK WHERE S_I_ID = 62806 AND S_W_ID = 1
Error Message: Cannot invoke "java.util.List.get(int)" because the return value of "sg.edu.nus.autotune.DB2DATA.getAllIndexes()" is null


===== Query 522 =====

SQL: UPDATE STOCK SET S_QUANTITY = 35, S_YTD = S_YTD + 4, S_ORDER_CNT = S_ORDER_CNT + 1, S_REMOTE_CNT = S_REMOTE_CNT + 0 WHERE S_I_ID = 62806 AND S_W_ID = 1

EXPLAIN Plan:

Update on stock  (cost=0.42..8.45 rows=0 width=0) (actual time=0.058..0.058 rows=0 loops=1)

  ->  Index Scan using stock_pkey on stock  (cost=0.42..8.45 rows=1 width=32) (actual time=0.024..0.026 rows=1 loops=1)

        Index Cond: ((s_w_id = 1) AND (s_i_id = 62806))

Planning Time: 0.099 ms

Execution Time: 0.086 ms
Failed SQL 522: UPDATE STOCK SET S_QUANTITY = 35, S_YTD = S_YTD + 4, S_ORDER_CNT = S_ORDER_CNT + 1, S_REMOTE_CNT = S_REMOTE_CNT + 0 WHERE S_I_ID = 62806 AND S_W_ID = 1
Error Message: Cannot invoke "java.util.List.get(int)" because the return value of "sg.edu.nus.autotune.DB2DATA.getAllIndexes()" is null


===== Query 523 =====

SQL: SELECT I_PRICE, I_NAME , I_DATA FROM ITEM WHERE I_ID = 13883

EXPLAIN Plan:

Index Scan using item_pkey on item  (cost=0.29..8.31 rows=1 width=61) (actual time=0.945..0.947 rows=1 loops=1)

  Index Cond: (i_id = 13883)

Planning Time: 0.045 ms

Execution Time: 0.960 ms
Failed SQL 523: SELECT I_PRICE, I_NAME , I_DATA FROM ITEM WHERE I_ID = 13883
Error Message: Cannot invoke "java.util.List.get(int)" because the return value of "sg.edu.nus.autotune.DB2DATA.getAllIndexes()" is null


===== Query 524 =====

SQL: SELECT S_QUANTITY, S_DATA, S_DIST_01, S_DIST_02, S_DIST_03, S_DIST_04, S_DIST_05, S_DIST_06, S_DIST_07, S_DIST_08, S_DIST_09, S_DIST_10 FROM STOCK WHERE S_I_ID = 13883 AND S_W_ID = 1

EXPLAIN Plan:

Index Scan using stock_pkey on stock  (cost=0.42..8.44 rows=1 width=291) (actual time=1.034..1.036 rows=1 loops=1)

  Index Cond: ((s_w_id = 1) AND (s_i_id = 13883))

Planning Time: 0.097 ms

Execution Time: 1.059 ms
Failed SQL 524: SELECT S_QUANTITY, S_DATA, S_DIST_01, S_DIST_02, S_DIST_03, S_DIST_04, S_DIST_05, S_DIST_06, S_DIST_07, S_DIST_08, S_DIST_09, S_DIST_10 FROM STOCK WHERE S_I_ID = 13883 AND S_W_ID = 1
Error Message: Cannot invoke "java.util.List.get(int)" because the return value of "sg.edu.nus.autotune.DB2DATA.getAllIndexes()" is null


===== Query 525 =====

SQL: UPDATE WAREHOUSE SET W_YTD = W_YTD + 771.21 WHERE W_ID = 2

EXPLAIN Plan:

Update on warehouse  (cost=4.14..8.16 rows=0 width=0) (actual time=0.046..0.047 rows=0 loops=1)

  ->  Bitmap Heap Scan on warehouse  (cost=4.14..8.16 rows=1 width=22) (actual time=0.019..0.020 rows=1 loops=1)

        Recheck Cond: (w_id = 2)

        Heap Blocks: exact=1

        ->  Bitmap Index Scan on warehouse_pkey  (cost=0.00..4.14 rows=1 width=0) (actual time=0.008..0.009 rows=1 loops=1)

              Index Cond: (w_id = 2)

Planning Time: 0.081 ms

Execution Time: 0.078 ms
Failed SQL 525: UPDATE WAREHOUSE SET W_YTD = W_YTD + 771.21 WHERE W_ID = 2
Error Message: Cannot invoke "java.util.List.get(int)" because the return value of "sg.edu.nus.autotune.DB2DATA.getAllIndexes()" is null


===== Query 526 =====

SQL: UPDATE STOCK SET S_QUANTITY = 36, S_YTD = S_YTD + 8, S_ORDER_CNT = S_ORDER_CNT + 1, S_REMOTE_CNT = S_REMOTE_CNT + 0 WHERE S_I_ID = 13883 AND S_W_ID = 1

EXPLAIN Plan:

Update on stock  (cost=0.42..8.45 rows=0 width=0) (actual time=0.068..0.068 rows=0 loops=1)

  ->  Index Scan using stock_pkey on stock  (cost=0.42..8.45 rows=1 width=32) (actual time=0.023..0.024 rows=1 loops=1)

        Index Cond: ((s_w_id = 1) AND (s_i_id = 13883))

Planning Time: 0.134 ms

Execution Time: 0.094 ms
Failed SQL 526: UPDATE STOCK SET S_QUANTITY = 36, S_YTD = S_YTD + 8, S_ORDER_CNT = S_ORDER_CNT + 1, S_REMOTE_CNT = S_REMOTE_CNT + 0 WHERE S_I_ID = 13883 AND S_W_ID = 1
Error Message: Cannot invoke "java.util.List.get(int)" because the return value of "sg.edu.nus.autotune.DB2DATA.getAllIndexes()" is null


===== Query 527 =====

SQL: SELECT I_PRICE, I_NAME , I_DATA FROM ITEM WHERE I_ID = 6203

EXPLAIN Plan:

Index Scan using item_pkey on item  (cost=0.29..8.31 rows=1 width=61) (actual time=0.035..0.036 rows=1 loops=1)

  Index Cond: (i_id = 6203)

Planning Time: 0.071 ms

Execution Time: 0.054 ms
Failed SQL 527: SELECT I_PRICE, I_NAME , I_DATA FROM ITEM WHERE I_ID = 6203
Error Message: Cannot invoke "java.util.List.get(int)" because the return value of "sg.edu.nus.autotune.DB2DATA.getAllIndexes()" is null


===== Query 528 =====

SQL: SELECT W_STREET_1, W_STREET_2, W_CITY, W_STATE, W_ZIP, W_NAME FROM WAREHOUSE WHERE W_ID = 2

EXPLAIN Plan:

Bitmap Heap Scan on warehouse  (cost=4.14..8.15 rows=1 width=65) (actual time=0.019..0.020 rows=1 loops=1)

  Recheck Cond: (w_id = 2)

  Heap Blocks: exact=1

  ->  Bitmap Index Scan on warehouse_pkey  (cost=0.00..4.14 rows=1 width=0) (actual time=0.009..0.009 rows=1 loops=1)

        Index Cond: (w_id = 2)

Planning Time: 0.074 ms

Execution Time: 0.045 ms
Failed SQL 528: SELECT W_STREET_1, W_STREET_2, W_CITY, W_STATE, W_ZIP, W_NAME FROM WAREHOUSE WHERE W_ID = 2
Error Message: Cannot invoke "java.util.List.get(int)" because the return value of "sg.edu.nus.autotune.DB2DATA.getAllIndexes()" is null


===== Query 529 =====

SQL: SELECT S_QUANTITY, S_DATA, S_DIST_01, S_DIST_02, S_DIST_03, S_DIST_04, S_DIST_05, S_DIST_06, S_DIST_07, S_DIST_08, S_DIST_09, S_DIST_10 FROM STOCK WHERE S_I_ID = 6203 AND S_W_ID = 1

EXPLAIN Plan:

Index Scan using stock_pkey on stock  (cost=0.42..8.44 rows=1 width=291) (actual time=1.042..1.044 rows=1 loops=1)

  Index Cond: ((s_w_id = 1) AND (s_i_id = 6203))

Planning Time: 0.091 ms

Execution Time: 1.066 ms
Failed SQL 529: SELECT S_QUANTITY, S_DATA, S_DIST_01, S_DIST_02, S_DIST_03, S_DIST_04, S_DIST_05, S_DIST_06, S_DIST_07, S_DIST_08, S_DIST_09, S_DIST_10 FROM STOCK WHERE S_I_ID = 6203 AND S_W_ID = 1
Error Message: Cannot invoke "java.util.List.get(int)" because the return value of "sg.edu.nus.autotune.DB2DATA.getAllIndexes()" is null


===== Query 530 =====

SQL: UPDATE DISTRICT SET D_YTD = D_YTD + 771.21 WHERE D_W_ID = 2 AND D_ID = 5

EXPLAIN Plan:

Update on district  (cost=4.28..11.67 rows=0 width=0) (actual time=0.051..0.052 rows=0 loops=1)

  ->  Bitmap Heap Scan on district  (cost=4.28..11.67 rows=2 width=22) (actual time=0.020..0.021 rows=1 loops=1)

        Recheck Cond: ((d_w_id = 2) AND (d_id = 5))

        Heap Blocks: exact=1

        ->  Bitmap Index Scan on district_pkey  (cost=0.00..4.28 rows=2 width=0) (actual time=0.011..0.011 rows=1 loops=1)

              Index Cond: ((d_w_id = 2) AND (d_id = 5))

Planning Time: 0.092 ms

Execution Time: 0.085 ms
Failed SQL 530: UPDATE DISTRICT SET D_YTD = D_YTD + 771.21 WHERE D_W_ID = 2 AND D_ID = 5
Error Message: Cannot invoke "java.util.List.get(int)" because the return value of "sg.edu.nus.autotune.DB2DATA.getAllIndexes()" is null


===== Query 531 =====

SQL: SELECT D_STREET_1, D_STREET_2, D_CITY, D_STATE, D_ZIP, D_NAME FROM DISTRICT WHERE D_W_ID = 2 AND D_ID = 5

EXPLAIN Plan:

Bitmap Heap Scan on district  (cost=4.28..11.66 rows=2 width=64) (actual time=0.021..0.022 rows=1 loops=1)

  Recheck Cond: ((d_w_id = 2) AND (d_id = 5))

  Heap Blocks: exact=1

  ->  Bitmap Index Scan on district_pkey  (cost=0.00..4.28 rows=2 width=0) (actual time=0.011..0.011 rows=1 loops=1)

        Index Cond: ((d_w_id = 2) AND (d_id = 5))

Planning Time: 0.091 ms

Execution Time: 0.048 ms
Failed SQL 531: SELECT D_STREET_1, D_STREET_2, D_CITY, D_STATE, D_ZIP, D_NAME FROM DISTRICT WHERE D_W_ID = 2 AND D_ID = 5
Error Message: Cannot invoke "java.util.List.get(int)" because the return value of "sg.edu.nus.autotune.DB2DATA.getAllIndexes()" is null


===== Query 532 =====

SQL: SELECT C_FIRST, C_MIDDLE, C_ID, C_STREET_1, C_STREET_2, C_CITY, C_STATE, C_ZIP, C_PHONE, C_CREDIT, C_CREDIT_LIM, C_DISCOUNT, C_BALANCE, C_YTD_PAYMENT, C_PAYMENT_CNT, C_SINCE FROM CUSTOMER WHERE C_W_ID = 2 AND C_D_ID = 5 AND C_LAST = 'OUGHTEINGBAR' ORDER BY C_FIRST

EXPLAIN Plan:

Sort  (cost=7108.01..7108.01 rows=2 width=131) (actual time=84.190..84.192 rows=1 loops=1)

  Sort Key: c_first

  Sort Method: quicksort  Memory: 25kB

  ->  Bitmap Heap Scan on customer  (cost=77.18..7108.00 rows=2 width=131) (actual time=21.458..84.166 rows=1 loops=1)

        Recheck Cond: ((c_w_id = 2) AND (c_d_id = 5))

        Filter: ((c_last)::text = 'OUGHTEINGBAR'::text)

        Rows Removed by Filter: 2999

        Heap Blocks: exact=784

        ->  Bitmap Index Scan on customer_pkey  (cost=0.00..77.18 rows=2876 width=0) (actual time=2.771..2.771 rows=3036 loops=1)

              Index Cond: ((c_w_id = 2) AND (c_d_id = 5))

Planning Time: 0.144 ms

Execution Time: 84.243 ms
Failed SQL 532: SELECT C_FIRST, C_MIDDLE, C_ID, C_STREET_1, C_STREET_2, C_CITY, C_STATE, C_ZIP, C_PHONE, C_CREDIT, C_CREDIT_LIM, C_DISCOUNT, C_BALANCE, C_YTD_PAYMENT, C_PAYMENT_CNT, C_SINCE FROM CUSTOMER WHERE C_W_ID = 2 AND C_D_ID = 5 AND C_LAST = 'OUGHTEINGBAR' ORDER BY C_FIRST
Error Message: Cannot invoke "java.util.List.get(int)" because the return value of "sg.edu.nus.autotune.DB2DATA.getAllIndexes()" is null


===== Query 533 =====

SQL: UPDATE STOCK SET S_QUANTITY = 56, S_YTD = S_YTD + 5, S_ORDER_CNT = S_ORDER_CNT + 1, S_REMOTE_CNT = S_REMOTE_CNT + 0 WHERE S_I_ID = 6203 AND S_W_ID = 1

EXPLAIN Plan:

Update on stock  (cost=0.42..8.45 rows=0 width=0) (actual time=0.064..0.064 rows=0 loops=1)

  ->  Index Scan using stock_pkey on stock  (cost=0.42..8.45 rows=1 width=32) (actual time=0.029..0.030 rows=1 loops=1)

        Index Cond: ((s_w_id = 1) AND (s_i_id = 6203))

Planning Time: 0.100 ms

Execution Time: 0.091 ms
Failed SQL 533: UPDATE STOCK SET S_QUANTITY = 56, S_YTD = S_YTD + 5, S_ORDER_CNT = S_ORDER_CNT + 1, S_REMOTE_CNT = S_REMOTE_CNT + 0 WHERE S_I_ID = 6203 AND S_W_ID = 1
Error Message: Cannot invoke "java.util.List.get(int)" because the return value of "sg.edu.nus.autotune.DB2DATA.getAllIndexes()" is null


===== Query 534 =====

SQL: SELECT I_PRICE, I_NAME , I_DATA FROM ITEM WHERE I_ID = 88258

EXPLAIN Plan:

Index Scan using item_pkey on item  (cost=0.29..8.31 rows=1 width=61) (actual time=1.020..1.022 rows=1 loops=1)

  Index Cond: (i_id = 88258)

Planning Time: 0.070 ms

Execution Time: 1.040 ms
Failed SQL 534: SELECT I_PRICE, I_NAME , I_DATA FROM ITEM WHERE I_ID = 88258
Error Message: Cannot invoke "java.util.List.get(int)" because the return value of "sg.edu.nus.autotune.DB2DATA.getAllIndexes()" is null


===== Query 535 =====

SQL: SELECT S_QUANTITY, S_DATA, S_DIST_01, S_DIST_02, S_DIST_03, S_DIST_04, S_DIST_05, S_DIST_06, S_DIST_07, S_DIST_08, S_DIST_09, S_DIST_10 FROM STOCK WHERE S_I_ID = 88258 AND S_W_ID = 1

EXPLAIN Plan:

Index Scan using stock_pkey on stock  (cost=0.42..8.44 rows=1 width=291) (actual time=1.157..1.159 rows=1 loops=1)

  Index Cond: ((s_w_id = 1) AND (s_i_id = 88258))

Planning Time: 0.095 ms

Execution Time: 1.181 ms
Failed SQL 535: SELECT S_QUANTITY, S_DATA, S_DIST_01, S_DIST_02, S_DIST_03, S_DIST_04, S_DIST_05, S_DIST_06, S_DIST_07, S_DIST_08, S_DIST_09, S_DIST_10 FROM STOCK WHERE S_I_ID = 88258 AND S_W_ID = 1
Error Message: Cannot invoke "java.util.List.get(int)" because the return value of "sg.edu.nus.autotune.DB2DATA.getAllIndexes()" is null


===== Query 536 =====

SQL: UPDATE CUSTOMER SET C_BALANCE = -781.21, C_YTD_PAYMENT = 781.21, C_PAYMENT_CNT = 2 WHERE C_W_ID = 2 AND C_D_ID = 5 AND C_ID = 191

EXPLAIN Plan:

Update on customer  (cost=0.42..8.44 rows=0 width=0) (actual time=0.056..0.057 rows=0 loops=1)

  ->  Index Scan using customer_pkey on customer  (cost=0.42..8.44 rows=1 width=34) (actual time=0.021..0.022 rows=1 loops=1)

        Index Cond: ((c_w_id = 2) AND (c_d_id = 5) AND (c_id = 191))

Planning Time: 0.102 ms

Execution Time: 0.082 ms
Failed SQL 536: UPDATE CUSTOMER SET C_BALANCE = -781.21, C_YTD_PAYMENT = 781.21, C_PAYMENT_CNT = 2 WHERE C_W_ID = 2 AND C_D_ID = 5 AND C_ID = 191
Error Message: Cannot invoke "java.util.List.get(int)" because the return value of "sg.edu.nus.autotune.DB2DATA.getAllIndexes()" is null


===== Query 537 =====

SQL: SELECT C_DISCOUNT, C_LAST, C_CREDIT, W_TAX FROM CUSTOMER, WAREHOUSE WHERE W_ID = 2 AND C_W_ID = 2 AND C_D_ID = 5 AND C_ID = 667

EXPLAIN Plan:

Nested Loop  (cost=4.56..16.61 rows=1 width=26) (actual time=0.036..0.038 rows=1 loops=1)

  ->  Index Scan using customer_pkey on customer  (cost=0.42..8.44 rows=1 width=21) (actual time=0.021..0.022 rows=1 loops=1)

        Index Cond: ((c_w_id = 2) AND (c_d_id = 5) AND (c_id = 667))

  ->  Bitmap Heap Scan on warehouse  (cost=4.14..8.15 rows=1 width=5) (actual time=0.008..0.009 rows=1 loops=1)

        Recheck Cond: (w_id = 2)

        Heap Blocks: exact=1

        ->  Bitmap Index Scan on warehouse_pkey  (cost=0.00..4.14 rows=1 width=0) (actual time=0.004..0.004 rows=1 loops=1)

              Index Cond: (w_id = 2)

Planning Time: 0.145 ms

Execution Time: 0.078 ms
Failed SQL 537: SELECT C_DISCOUNT, C_LAST, C_CREDIT, W_TAX FROM CUSTOMER, WAREHOUSE WHERE W_ID = 2 AND C_W_ID = 2 AND C_D_ID = 5 AND C_ID = 667
Error Message: Cannot invoke "java.util.List.get(int)" because the return value of "sg.edu.nus.autotune.DB2DATA.getAllIndexes()" is null


===== Query 538 =====

SQL: UPDATE STOCK SET S_QUANTITY = 52, S_YTD = S_YTD + 4, S_ORDER_CNT = S_ORDER_CNT + 1, S_REMOTE_CNT = S_REMOTE_CNT + 0 WHERE S_I_ID = 88258 AND S_W_ID = 1

EXPLAIN Plan:

Update on stock  (cost=0.42..8.45 rows=0 width=0) (actual time=0.056..0.056 rows=0 loops=1)

  ->  Index Scan using stock_pkey on stock  (cost=0.42..8.45 rows=1 width=32) (actual time=0.024..0.025 rows=1 loops=1)

        Index Cond: ((s_w_id = 1) AND (s_i_id = 88258))

Planning Time: 0.108 ms

Execution Time: 0.083 ms
Failed SQL 538: UPDATE STOCK SET S_QUANTITY = 52, S_YTD = S_YTD + 4, S_ORDER_CNT = S_ORDER_CNT + 1, S_REMOTE_CNT = S_REMOTE_CNT + 0 WHERE S_I_ID = 88258 AND S_W_ID = 1
Error Message: Cannot invoke "java.util.List.get(int)" because the return value of "sg.edu.nus.autotune.DB2DATA.getAllIndexes()" is null


===== Query 539 =====

SQL: SELECT D_NEXT_O_ID, D_TAX FROM DISTRICT WHERE D_W_ID = 2 AND D_ID = 5

EXPLAIN Plan:

Bitmap Heap Scan on district  (cost=4.28..11.66 rows=2 width=9) (actual time=0.018..0.018 rows=1 loops=1)

  Recheck Cond: ((d_w_id = 2) AND (d_id = 5))

  Heap Blocks: exact=1

  ->  Bitmap Index Scan on district_pkey  (cost=0.00..4.28 rows=2 width=0) (actual time=0.010..0.010 rows=1 loops=1)

        Index Cond: ((d_w_id = 2) AND (d_id = 5))

Planning Time: 0.083 ms

Execution Time: 0.042 ms
Failed SQL 539: SELECT D_NEXT_O_ID, D_TAX FROM DISTRICT WHERE D_W_ID = 2 AND D_ID = 5
Error Message: Cannot invoke "java.util.List.get(int)" because the return value of "sg.edu.nus.autotune.DB2DATA.getAllIndexes()" is null


===== Query 540 =====

SQL: UPDATE DISTRICT SET D_NEXT_O_ID = D_NEXT_O_ID + 1 WHERE D_W_ID = 2 AND D_ID = 5

EXPLAIN Plan:

Update on district  (cost=4.28..11.67 rows=0 width=0) (actual time=0.048..0.049 rows=0 loops=1)

  ->  Bitmap Heap Scan on district  (cost=4.28..11.67 rows=2 width=10) (actual time=0.019..0.020 rows=1 loops=1)

        Recheck Cond: ((d_w_id = 2) AND (d_id = 5))

        Heap Blocks: exact=1

        ->  Bitmap Index Scan on district_pkey  (cost=0.00..4.28 rows=2 width=0) (actual time=0.011..0.011 rows=1 loops=1)

              Index Cond: ((d_w_id = 2) AND (d_id = 5))

Planning Time: 0.089 ms

Execution Time: 0.081 ms
Failed SQL 540: UPDATE DISTRICT SET D_NEXT_O_ID = D_NEXT_O_ID + 1 WHERE D_W_ID = 2 AND D_ID = 5
Error Message: Cannot invoke "java.util.List.get(int)" because the return value of "sg.edu.nus.autotune.DB2DATA.getAllIndexes()" is null


===== Query 541 =====

SQL: UPDATE WAREHOUSE SET W_YTD = W_YTD + 3613.6 WHERE W_ID = 1

EXPLAIN Plan:

Update on warehouse  (cost=4.14..8.16 rows=0 width=0) (actual time=0.046..0.047 rows=0 loops=1)

  ->  Bitmap Heap Scan on warehouse  (cost=4.14..8.16 rows=1 width=22) (actual time=0.019..0.020 rows=1 loops=1)

        Recheck Cond: (w_id = 1)

        Heap Blocks: exact=1

        ->  Bitmap Index Scan on warehouse_pkey  (cost=0.00..4.14 rows=1 width=0) (actual time=0.009..0.009 rows=1 loops=1)

              Index Cond: (w_id = 1)

Planning Time: 0.076 ms

Execution Time: 0.076 ms
Failed SQL 541: UPDATE WAREHOUSE SET W_YTD = W_YTD + 3613.6 WHERE W_ID = 1
Error Message: Cannot invoke "java.util.List.get(int)" because the return value of "sg.edu.nus.autotune.DB2DATA.getAllIndexes()" is null


===== Query 542 =====

SQL: SELECT W_STREET_1, W_STREET_2, W_CITY, W_STATE, W_ZIP, W_NAME FROM WAREHOUSE WHERE W_ID = 1

EXPLAIN Plan:

Bitmap Heap Scan on warehouse  (cost=4.14..8.15 rows=1 width=65) (actual time=0.019..0.020 rows=1 loops=1)

  Recheck Cond: (w_id = 1)

  Heap Blocks: exact=1

  ->  Bitmap Index Scan on warehouse_pkey  (cost=0.00..4.14 rows=1 width=0) (actual time=0.009..0.009 rows=1 loops=1)

        Index Cond: (w_id = 1)

Planning Time: 0.076 ms

Execution Time: 0.044 ms
Failed SQL 542: SELECT W_STREET_1, W_STREET_2, W_CITY, W_STATE, W_ZIP, W_NAME FROM WAREHOUSE WHERE W_ID = 1
Error Message: Cannot invoke "java.util.List.get(int)" because the return value of "sg.edu.nus.autotune.DB2DATA.getAllIndexes()" is null


===== Query 543 =====

SQL: UPDATE DISTRICT SET D_YTD = D_YTD + 3613.6 WHERE D_W_ID = 1 AND D_ID = 9

EXPLAIN Plan:

Update on district  (cost=4.28..11.67 rows=0 width=0) (actual time=0.070..0.071 rows=0 loops=1)

  ->  Bitmap Heap Scan on district  (cost=4.28..11.67 rows=2 width=22) (actual time=0.021..0.022 rows=1 loops=1)

        Recheck Cond: ((d_w_id = 1) AND (d_id = 9))

        Heap Blocks: exact=1

        ->  Bitmap Index Scan on district_pkey  (cost=0.00..4.28 rows=2 width=0) (actual time=0.011..0.011 rows=1 loops=1)

              Index Cond: ((d_w_id = 1) AND (d_id = 9))

Planning Time: 0.093 ms

Execution Time: 0.103 ms
Failed SQL 543: UPDATE DISTRICT SET D_YTD = D_YTD + 3613.6 WHERE D_W_ID = 1 AND D_ID = 9
Error Message: Cannot invoke "java.util.List.get(int)" because the return value of "sg.edu.nus.autotune.DB2DATA.getAllIndexes()" is null


===== Query 544 =====

SQL: SELECT D_STREET_1, D_STREET_2, D_CITY, D_STATE, D_ZIP, D_NAME FROM DISTRICT WHERE D_W_ID = 1 AND D_ID = 9

EXPLAIN Plan:

Bitmap Heap Scan on district  (cost=4.28..11.66 rows=2 width=64) (actual time=0.022..0.023 rows=1 loops=1)

  Recheck Cond: ((d_w_id = 1) AND (d_id = 9))

  Heap Blocks: exact=1

  ->  Bitmap Index Scan on district_pkey  (cost=0.00..4.28 rows=2 width=0) (actual time=0.011..0.011 rows=1 loops=1)

        Index Cond: ((d_w_id = 1) AND (d_id = 9))

Planning Time: 0.092 ms

Execution Time: 0.050 ms
Failed SQL 544: SELECT D_STREET_1, D_STREET_2, D_CITY, D_STATE, D_ZIP, D_NAME FROM DISTRICT WHERE D_W_ID = 1 AND D_ID = 9
Error Message: Cannot invoke "java.util.List.get(int)" because the return value of "sg.edu.nus.autotune.DB2DATA.getAllIndexes()" is null


===== Query 545 =====

SQL: SELECT C_FIRST, C_MIDDLE, C_ID, C_STREET_1, C_STREET_2, C_CITY, C_STATE, C_ZIP, C_PHONE, C_CREDIT, C_CREDIT_LIM, C_DISCOUNT, C_BALANCE, C_YTD_PAYMENT, C_PAYMENT_CNT, C_SINCE FROM CUSTOMER WHERE C_W_ID = 1 AND C_D_ID = 9 AND C_LAST = 'ESEATIONESE' ORDER BY C_FIRST

EXPLAIN Plan:

Sort  (cost=7346.57..7346.58 rows=2 width=131) (actual time=48.974..48.976 rows=1 loops=1)

  Sort Key: c_first

  Sort Method: quicksort  Memory: 25kB

  ->  Bitmap Heap Scan on customer  (cost=78.62..7346.56 rows=2 width=131) (actual time=46.504..48.964 rows=1 loops=1)

        Recheck Cond: ((c_w_id = 1) AND (c_d_id = 9))

        Filter: ((c_last)::text = 'ESEATIONESE'::text)

        Rows Removed by Filter: 2999

        Heap Blocks: exact=792

        ->  Bitmap Index Scan on customer_pkey  (cost=0.00..78.62 rows=3020 width=0) (actual time=1.935..1.935 rows=3020 loops=1)

              Index Cond: ((c_w_id = 1) AND (c_d_id = 9))

Planning Time: 0.113 ms

Execution Time: 49.011 ms
Failed SQL 545: SELECT C_FIRST, C_MIDDLE, C_ID, C_STREET_1, C_STREET_2, C_CITY, C_STATE, C_ZIP, C_PHONE, C_CREDIT, C_CREDIT_LIM, C_DISCOUNT, C_BALANCE, C_YTD_PAYMENT, C_PAYMENT_CNT, C_SINCE FROM CUSTOMER WHERE C_W_ID = 1 AND C_D_ID = 9 AND C_LAST = 'ESEATIONESE' ORDER BY C_FIRST
Error Message: Cannot invoke "java.util.List.get(int)" because the return value of "sg.edu.nus.autotune.DB2DATA.getAllIndexes()" is null


===== Query 546 =====

SQL: SELECT I_PRICE, I_NAME , I_DATA FROM ITEM WHERE I_ID = 54751

EXPLAIN Plan:

Index Scan using item_pkey on item  (cost=0.29..8.31 rows=1 width=61) (actual time=0.470..0.472 rows=1 loops=1)

  Index Cond: (i_id = 54751)

Planning Time: 0.069 ms

Execution Time: 0.491 ms
Failed SQL 546: SELECT I_PRICE, I_NAME , I_DATA FROM ITEM WHERE I_ID = 54751
Error Message: Cannot invoke "java.util.List.get(int)" because the return value of "sg.edu.nus.autotune.DB2DATA.getAllIndexes()" is null


===== Query 547 =====

SQL: SELECT S_QUANTITY, S_DATA, S_DIST_01, S_DIST_02, S_DIST_03, S_DIST_04, S_DIST_05, S_DIST_06, S_DIST_07, S_DIST_08, S_DIST_09, S_DIST_10 FROM STOCK WHERE S_I_ID = 54751 AND S_W_ID = 2

EXPLAIN Plan:

Index Scan using stock_pkey on stock  (cost=0.42..8.44 rows=1 width=291) (actual time=0.808..0.810 rows=1 loops=1)

  Index Cond: ((s_w_id = 2) AND (s_i_id = 54751))

Planning Time: 0.092 ms

Execution Time: 0.834 ms
Failed SQL 547: SELECT S_QUANTITY, S_DATA, S_DIST_01, S_DIST_02, S_DIST_03, S_DIST_04, S_DIST_05, S_DIST_06, S_DIST_07, S_DIST_08, S_DIST_09, S_DIST_10 FROM STOCK WHERE S_I_ID = 54751 AND S_W_ID = 2
Error Message: Cannot invoke "java.util.List.get(int)" because the return value of "sg.edu.nus.autotune.DB2DATA.getAllIndexes()" is null


===== Query 548 =====

SQL: UPDATE STOCK SET S_QUANTITY = 56, S_YTD = S_YTD + 2, S_ORDER_CNT = S_ORDER_CNT + 1, S_REMOTE_CNT = S_REMOTE_CNT + 0 WHERE S_I_ID = 54751 AND S_W_ID = 2

EXPLAIN Plan:

Update on stock  (cost=0.42..8.45 rows=0 width=0) (actual time=0.060..0.061 rows=0 loops=1)

  ->  Index Scan using stock_pkey on stock  (cost=0.42..8.45 rows=1 width=32) (actual time=0.025..0.026 rows=1 loops=1)

        Index Cond: ((s_w_id = 2) AND (s_i_id = 54751))

Planning Time: 0.099 ms

Execution Time: 0.089 ms
Failed SQL 548: UPDATE STOCK SET S_QUANTITY = 56, S_YTD = S_YTD + 2, S_ORDER_CNT = S_ORDER_CNT + 1, S_REMOTE_CNT = S_REMOTE_CNT + 0 WHERE S_I_ID = 54751 AND S_W_ID = 2
Error Message: Cannot invoke "java.util.List.get(int)" because the return value of "sg.edu.nus.autotune.DB2DATA.getAllIndexes()" is null


===== Query 549 =====

SQL: SELECT I_PRICE, I_NAME , I_DATA FROM ITEM WHERE I_ID = 93799

EXPLAIN Plan:

Index Scan using item_pkey on item  (cost=0.29..8.31 rows=1 width=61) (actual time=0.824..0.826 rows=1 loops=1)

  Index Cond: (i_id = 93799)

Planning Time: 0.070 ms

Execution Time: 0.843 ms
Failed SQL 549: SELECT I_PRICE, I_NAME , I_DATA FROM ITEM WHERE I_ID = 93799
Error Message: Cannot invoke "java.util.List.get(int)" because the return value of "sg.edu.nus.autotune.DB2DATA.getAllIndexes()" is null


===== Query 550 =====

SQL: SELECT S_QUANTITY, S_DATA, S_DIST_01, S_DIST_02, S_DIST_03, S_DIST_04, S_DIST_05, S_DIST_06, S_DIST_07, S_DIST_08, S_DIST_09, S_DIST_10 FROM STOCK WHERE S_I_ID = 93799 AND S_W_ID = 2

EXPLAIN Plan:

Index Scan using stock_pkey on stock  (cost=0.42..8.44 rows=1 width=291) (actual time=0.813..0.815 rows=1 loops=1)

  Index Cond: ((s_w_id = 2) AND (s_i_id = 93799))

Planning Time: 0.097 ms

Execution Time: 0.838 ms
Failed SQL 550: SELECT S_QUANTITY, S_DATA, S_DIST_01, S_DIST_02, S_DIST_03, S_DIST_04, S_DIST_05, S_DIST_06, S_DIST_07, S_DIST_08, S_DIST_09, S_DIST_10 FROM STOCK WHERE S_I_ID = 93799 AND S_W_ID = 2
Error Message: Cannot invoke "java.util.List.get(int)" because the return value of "sg.edu.nus.autotune.DB2DATA.getAllIndexes()" is null


===== Query 551 =====

SQL: UPDATE STOCK SET S_QUANTITY = 97, S_YTD = S_YTD + 6, S_ORDER_CNT = S_ORDER_CNT + 1, S_REMOTE_CNT = S_REMOTE_CNT + 0 WHERE S_I_ID = 93799 AND S_W_ID = 2

EXPLAIN Plan:

Update on stock  (cost=0.42..8.45 rows=0 width=0) (actual time=0.082..0.083 rows=0 loops=1)

  ->  Index Scan using stock_pkey on stock  (cost=0.42..8.45 rows=1 width=32) (actual time=0.025..0.026 rows=1 loops=1)

        Index Cond: ((s_w_id = 2) AND (s_i_id = 93799))

Planning Time: 0.100 ms

Execution Time: 0.110 ms
Failed SQL 551: UPDATE STOCK SET S_QUANTITY = 97, S_YTD = S_YTD + 6, S_ORDER_CNT = S_ORDER_CNT + 1, S_REMOTE_CNT = S_REMOTE_CNT + 0 WHERE S_I_ID = 93799 AND S_W_ID = 2
Error Message: Cannot invoke "java.util.List.get(int)" because the return value of "sg.edu.nus.autotune.DB2DATA.getAllIndexes()" is null


===== Query 552 =====

SQL: SELECT I_PRICE, I_NAME , I_DATA FROM ITEM WHERE I_ID = 52690

EXPLAIN Plan:

Index Scan using item_pkey on item  (cost=0.29..8.31 rows=1 width=61) (actual time=1.856..1.858 rows=1 loops=1)

  Index Cond: (i_id = 52690)

Planning Time: 0.084 ms

Execution Time: 1.877 ms
Failed SQL 552: SELECT I_PRICE, I_NAME , I_DATA FROM ITEM WHERE I_ID = 52690
Error Message: Cannot invoke "java.util.List.get(int)" because the return value of "sg.edu.nus.autotune.DB2DATA.getAllIndexes()" is null


===== Query 553 =====

SQL: UPDATE CUSTOMER SET C_BALANCE = -3623.6, C_YTD_PAYMENT = 3623.6, C_PAYMENT_CNT = 2 WHERE C_W_ID = 1 AND C_D_ID = 9 AND C_ID = 1509

EXPLAIN Plan:

Update on customer  (cost=0.42..8.44 rows=0 width=0) (actual time=0.037..0.037 rows=0 loops=1)

  ->  Index Scan using customer_pkey on customer  (cost=0.42..8.44 rows=1 width=34) (actual time=0.017..0.017 rows=1 loops=1)

        Index Cond: ((c_w_id = 1) AND (c_d_id = 9) AND (c_id = 1509))

Planning Time: 0.061 ms

Execution Time: 0.051 ms
Failed SQL 553: UPDATE CUSTOMER SET C_BALANCE = -3623.6, C_YTD_PAYMENT = 3623.6, C_PAYMENT_CNT = 2 WHERE C_W_ID = 1 AND C_D_ID = 9 AND C_ID = 1509
Error Message: Cannot invoke "java.util.List.get(int)" because the return value of "sg.edu.nus.autotune.DB2DATA.getAllIndexes()" is null


===== Query 554 =====

SQL: SELECT S_QUANTITY, S_DATA, S_DIST_01, S_DIST_02, S_DIST_03, S_DIST_04, S_DIST_05, S_DIST_06, S_DIST_07, S_DIST_08, S_DIST_09, S_DIST_10 FROM STOCK WHERE S_I_ID = 52690 AND S_W_ID = 2

EXPLAIN Plan:

Index Scan using stock_pkey on stock  (cost=0.42..8.44 rows=1 width=291) (actual time=0.830..0.832 rows=1 loops=1)

  Index Cond: ((s_w_id = 2) AND (s_i_id = 52690))

Planning Time: 0.097 ms

Execution Time: 0.856 ms
Failed SQL 554: SELECT S_QUANTITY, S_DATA, S_DIST_01, S_DIST_02, S_DIST_03, S_DIST_04, S_DIST_05, S_DIST_06, S_DIST_07, S_DIST_08, S_DIST_09, S_DIST_10 FROM STOCK WHERE S_I_ID = 52690 AND S_W_ID = 2
Error Message: Cannot invoke "java.util.List.get(int)" because the return value of "sg.edu.nus.autotune.DB2DATA.getAllIndexes()" is null


===== Query 555 =====

SQL: UPDATE STOCK SET S_QUANTITY = 53, S_YTD = S_YTD + 5, S_ORDER_CNT = S_ORDER_CNT + 1, S_REMOTE_CNT = S_REMOTE_CNT + 0 WHERE S_I_ID = 52690 AND S_W_ID = 2

EXPLAIN Plan:

Update on stock  (cost=0.42..8.45 rows=0 width=0) (actual time=0.056..0.057 rows=0 loops=1)

  ->  Index Scan using stock_pkey on stock  (cost=0.42..8.45 rows=1 width=32) (actual time=0.024..0.025 rows=1 loops=1)

        Index Cond: ((s_w_id = 2) AND (s_i_id = 52690))

Planning Time: 0.100 ms

Execution Time: 0.084 ms
Failed SQL 555: UPDATE STOCK SET S_QUANTITY = 53, S_YTD = S_YTD + 5, S_ORDER_CNT = S_ORDER_CNT + 1, S_REMOTE_CNT = S_REMOTE_CNT + 0 WHERE S_I_ID = 52690 AND S_W_ID = 2
Error Message: Cannot invoke "java.util.List.get(int)" because the return value of "sg.edu.nus.autotune.DB2DATA.getAllIndexes()" is null


===== Query 556 =====

SQL: SELECT I_PRICE, I_NAME , I_DATA FROM ITEM WHERE I_ID = 89831

EXPLAIN Plan:

Index Scan using item_pkey on item  (cost=0.29..8.31 rows=1 width=61) (actual time=0.462..0.464 rows=1 loops=1)

  Index Cond: (i_id = 89831)

Planning Time: 0.068 ms

Execution Time: 0.481 ms
Failed SQL 556: SELECT I_PRICE, I_NAME , I_DATA FROM ITEM WHERE I_ID = 89831
Error Message: Cannot invoke "java.util.List.get(int)" because the return value of "sg.edu.nus.autotune.DB2DATA.getAllIndexes()" is null


===== Query 557 =====

SQL: SELECT S_QUANTITY, S_DATA, S_DIST_01, S_DIST_02, S_DIST_03, S_DIST_04, S_DIST_05, S_DIST_06, S_DIST_07, S_DIST_08, S_DIST_09, S_DIST_10 FROM STOCK WHERE S_I_ID = 89831 AND S_W_ID = 2

EXPLAIN Plan:

Index Scan using stock_pkey on stock  (cost=0.42..8.44 rows=1 width=291) (actual time=0.051..0.052 rows=1 loops=1)

  Index Cond: ((s_w_id = 2) AND (s_i_id = 89831))

Planning Time: 0.093 ms

Execution Time: 0.074 ms
Failed SQL 557: SELECT S_QUANTITY, S_DATA, S_DIST_01, S_DIST_02, S_DIST_03, S_DIST_04, S_DIST_05, S_DIST_06, S_DIST_07, S_DIST_08, S_DIST_09, S_DIST_10 FROM STOCK WHERE S_I_ID = 89831 AND S_W_ID = 2
Error Message: Cannot invoke "java.util.List.get(int)" because the return value of "sg.edu.nus.autotune.DB2DATA.getAllIndexes()" is null


===== Query 558 =====

SQL: UPDATE WAREHOUSE SET W_YTD = W_YTD + 3458.12 WHERE W_ID = 1

EXPLAIN Plan:

Update on warehouse  (cost=4.14..8.16 rows=0 width=0) (actual time=0.031..0.032 rows=0 loops=1)

  ->  Bitmap Heap Scan on warehouse  (cost=4.14..8.16 rows=1 width=22) (actual time=0.014..0.015 rows=1 loops=1)

        Recheck Cond: (w_id = 1)

        Heap Blocks: exact=1

        ->  Bitmap Index Scan on warehouse_pkey  (cost=0.00..4.14 rows=1 width=0) (actual time=0.007..0.007 rows=1 loops=1)

              Index Cond: (w_id = 1)

Planning Time: 0.059 ms

Execution Time: 0.052 ms
Failed SQL 558: UPDATE WAREHOUSE SET W_YTD = W_YTD + 3458.12 WHERE W_ID = 1
Error Message: Cannot invoke "java.util.List.get(int)" because the return value of "sg.edu.nus.autotune.DB2DATA.getAllIndexes()" is null


===== Query 559 =====

SQL: SELECT W_STREET_1, W_STREET_2, W_CITY, W_STATE, W_ZIP, W_NAME FROM WAREHOUSE WHERE W_ID = 1

EXPLAIN Plan:

Bitmap Heap Scan on warehouse  (cost=4.14..8.15 rows=1 width=65) (actual time=0.019..0.020 rows=1 loops=1)

  Recheck Cond: (w_id = 1)

  Heap Blocks: exact=1

  ->  Bitmap Index Scan on warehouse_pkey  (cost=0.00..4.14 rows=1 width=0) (actual time=0.009..0.009 rows=1 loops=1)

        Index Cond: (w_id = 1)

Planning Time: 0.091 ms

Execution Time: 0.045 ms
Failed SQL 559: SELECT W_STREET_1, W_STREET_2, W_CITY, W_STATE, W_ZIP, W_NAME FROM WAREHOUSE WHERE W_ID = 1
Error Message: Cannot invoke "java.util.List.get(int)" because the return value of "sg.edu.nus.autotune.DB2DATA.getAllIndexes()" is null


===== Query 560 =====

SQL: UPDATE STOCK SET S_QUANTITY = 22, S_YTD = S_YTD + 6, S_ORDER_CNT = S_ORDER_CNT + 1, S_REMOTE_CNT = S_REMOTE_CNT + 0 WHERE S_I_ID = 89831 AND S_W_ID = 2

EXPLAIN Plan:

Update on stock  (cost=0.42..8.45 rows=0 width=0) (actual time=0.074..0.075 rows=0 loops=1)

  ->  Index Scan using stock_pkey on stock  (cost=0.42..8.45 rows=1 width=32) (actual time=0.025..0.026 rows=1 loops=1)

        Index Cond: ((s_w_id = 2) AND (s_i_id = 89831))

Planning Time: 0.099 ms

Execution Time: 0.102 ms
Failed SQL 560: UPDATE STOCK SET S_QUANTITY = 22, S_YTD = S_YTD + 6, S_ORDER_CNT = S_ORDER_CNT + 1, S_REMOTE_CNT = S_REMOTE_CNT + 0 WHERE S_I_ID = 89831 AND S_W_ID = 2
Error Message: Cannot invoke "java.util.List.get(int)" because the return value of "sg.edu.nus.autotune.DB2DATA.getAllIndexes()" is null


===== Query 561 =====

SQL: SELECT I_PRICE, I_NAME , I_DATA FROM ITEM WHERE I_ID = 72271

EXPLAIN Plan:

Index Scan using item_pkey on item  (cost=0.29..8.31 rows=1 width=61) (actual time=0.986..0.988 rows=1 loops=1)

  Index Cond: (i_id = 72271)

Planning Time: 0.070 ms

Execution Time: 1.006 ms
Failed SQL 561: SELECT I_PRICE, I_NAME , I_DATA FROM ITEM WHERE I_ID = 72271
Error Message: Cannot invoke "java.util.List.get(int)" because the return value of "sg.edu.nus.autotune.DB2DATA.getAllIndexes()" is null


===== Query 562 =====

SQL: UPDATE DISTRICT SET D_YTD = D_YTD + 3458.12 WHERE D_W_ID = 1 AND D_ID = 10

EXPLAIN Plan:

Update on district  (cost=4.28..11.67 rows=0 width=0) (actual time=0.055..0.055 rows=0 loops=1)

  ->  Bitmap Heap Scan on district  (cost=4.28..11.67 rows=2 width=22) (actual time=0.022..0.023 rows=1 loops=1)

        Recheck Cond: ((d_w_id = 1) AND (d_id = 10))

        Heap Blocks: exact=1

        ->  Bitmap Index Scan on district_pkey  (cost=0.00..4.28 rows=2 width=0) (actual time=0.011..0.011 rows=1 loops=1)

              Index Cond: ((d_w_id = 1) AND (d_id = 10))

Planning Time: 0.096 ms

Execution Time: 0.092 ms
Failed SQL 562: UPDATE DISTRICT SET D_YTD = D_YTD + 3458.12 WHERE D_W_ID = 1 AND D_ID = 10
Error Message: Cannot invoke "java.util.List.get(int)" because the return value of "sg.edu.nus.autotune.DB2DATA.getAllIndexes()" is null


===== Query 563 =====

SQL: SELECT D_STREET_1, D_STREET_2, D_CITY, D_STATE, D_ZIP, D_NAME FROM DISTRICT WHERE D_W_ID = 1 AND D_ID = 10

EXPLAIN Plan:

Bitmap Heap Scan on district  (cost=4.28..11.66 rows=2 width=64) (actual time=0.020..0.021 rows=1 loops=1)

  Recheck Cond: ((d_w_id = 1) AND (d_id = 10))

  Heap Blocks: exact=1

  ->  Bitmap Index Scan on district_pkey  (cost=0.00..4.28 rows=2 width=0) (actual time=0.010..0.010 rows=1 loops=1)

        Index Cond: ((d_w_id = 1) AND (d_id = 10))

Planning Time: 0.093 ms

Execution Time: 0.047 ms
Failed SQL 563: SELECT D_STREET_1, D_STREET_2, D_CITY, D_STATE, D_ZIP, D_NAME FROM DISTRICT WHERE D_W_ID = 1 AND D_ID = 10
Error Message: Cannot invoke "java.util.List.get(int)" because the return value of "sg.edu.nus.autotune.DB2DATA.getAllIndexes()" is null


===== Query 564 =====

SQL: SELECT C_FIRST, C_MIDDLE, C_ID, C_STREET_1, C_STREET_2, C_CITY, C_STATE, C_ZIP, C_PHONE, C_CREDIT, C_CREDIT_LIM, C_DISCOUNT, C_BALANCE, C_YTD_PAYMENT, C_PAYMENT_CNT, C_SINCE FROM CUSTOMER WHERE C_W_ID = 1 AND C_D_ID = 10 AND C_LAST = 'EINGESEATION' ORDER BY C_FIRST

EXPLAIN Plan:

Sort  (cost=7324.35..7324.35 rows=2 width=131) (actual time=42.774..42.775 rows=1 loops=1)

  Sort Key: c_first

  Sort Method: quicksort  Memory: 25kB

  ->  Bitmap Heap Scan on customer  (cost=78.48..7324.34 rows=2 width=131) (actual time=36.225..42.763 rows=1 loops=1)

        Recheck Cond: ((c_w_id = 1) AND (c_d_id = 10))

        Filter: ((c_last)::text = 'EINGESEATION'::text)

        Rows Removed by Filter: 2999

        Heap Blocks: exact=757

        ->  Bitmap Index Scan on customer_pkey  (cost=0.00..78.48 rows=3006 width=0) (actual time=2.511..2.511 rows=3019 loops=1)

              Index Cond: ((c_w_id = 1) AND (c_d_id = 10))

Planning Time: 0.144 ms

Execution Time: 42.815 ms
Failed SQL 564: SELECT C_FIRST, C_MIDDLE, C_ID, C_STREET_1, C_STREET_2, C_CITY, C_STATE, C_ZIP, C_PHONE, C_CREDIT, C_CREDIT_LIM, C_DISCOUNT, C_BALANCE, C_YTD_PAYMENT, C_PAYMENT_CNT, C_SINCE FROM CUSTOMER WHERE C_W_ID = 1 AND C_D_ID = 10 AND C_LAST = 'EINGESEATION' ORDER BY C_FIRST
Error Message: Cannot invoke "java.util.List.get(int)" because the return value of "sg.edu.nus.autotune.DB2DATA.getAllIndexes()" is null


===== Query 565 =====

SQL: SELECT S_QUANTITY, S_DATA, S_DIST_01, S_DIST_02, S_DIST_03, S_DIST_04, S_DIST_05, S_DIST_06, S_DIST_07, S_DIST_08, S_DIST_09, S_DIST_10 FROM STOCK WHERE S_I_ID = 72271 AND S_W_ID = 2

EXPLAIN Plan:

Index Scan using stock_pkey on stock  (cost=0.42..8.44 rows=1 width=291) (actual time=0.818..0.820 rows=1 loops=1)

  Index Cond: ((s_w_id = 2) AND (s_i_id = 72271))

Planning Time: 0.092 ms

Execution Time: 0.842 ms
Failed SQL 565: SELECT S_QUANTITY, S_DATA, S_DIST_01, S_DIST_02, S_DIST_03, S_DIST_04, S_DIST_05, S_DIST_06, S_DIST_07, S_DIST_08, S_DIST_09, S_DIST_10 FROM STOCK WHERE S_I_ID = 72271 AND S_W_ID = 2
Error Message: Cannot invoke "java.util.List.get(int)" because the return value of "sg.edu.nus.autotune.DB2DATA.getAllIndexes()" is null


===== Query 566 =====

SQL: UPDATE STOCK SET S_QUANTITY = 30, S_YTD = S_YTD + 5, S_ORDER_CNT = S_ORDER_CNT + 1, S_REMOTE_CNT = S_REMOTE_CNT + 0 WHERE S_I_ID = 72271 AND S_W_ID = 2

EXPLAIN Plan:

Update on stock  (cost=0.42..8.45 rows=0 width=0) (actual time=0.057..0.058 rows=0 loops=1)

  ->  Index Scan using stock_pkey on stock  (cost=0.42..8.45 rows=1 width=32) (actual time=0.024..0.025 rows=1 loops=1)

        Index Cond: ((s_w_id = 2) AND (s_i_id = 72271))

Planning Time: 0.099 ms

Execution Time: 0.086 ms
Failed SQL 566: UPDATE STOCK SET S_QUANTITY = 30, S_YTD = S_YTD + 5, S_ORDER_CNT = S_ORDER_CNT + 1, S_REMOTE_CNT = S_REMOTE_CNT + 0 WHERE S_I_ID = 72271 AND S_W_ID = 2
Error Message: Cannot invoke "java.util.List.get(int)" because the return value of "sg.edu.nus.autotune.DB2DATA.getAllIndexes()" is null


===== Query 567 =====

SQL: SELECT I_PRICE, I_NAME , I_DATA FROM ITEM WHERE I_ID = 36517

EXPLAIN Plan:

Index Scan using item_pkey on item  (cost=0.29..8.31 rows=1 width=61) (actual time=1.041..1.043 rows=1 loops=1)

  Index Cond: (i_id = 36517)

Planning Time: 0.071 ms

Execution Time: 1.062 ms
Failed SQL 567: SELECT I_PRICE, I_NAME , I_DATA FROM ITEM WHERE I_ID = 36517
Error Message: Cannot invoke "java.util.List.get(int)" because the return value of "sg.edu.nus.autotune.DB2DATA.getAllIndexes()" is null


===== Query 568 =====

SQL: SELECT S_QUANTITY, S_DATA, S_DIST_01, S_DIST_02, S_DIST_03, S_DIST_04, S_DIST_05, S_DIST_06, S_DIST_07, S_DIST_08, S_DIST_09, S_DIST_10 FROM STOCK WHERE S_I_ID = 36517 AND S_W_ID = 2

EXPLAIN Plan:

Index Scan using stock_pkey on stock  (cost=0.42..8.44 rows=1 width=291) (actual time=0.850..0.852 rows=1 loops=1)

  Index Cond: ((s_w_id = 2) AND (s_i_id = 36517))

Planning Time: 0.090 ms

Execution Time: 0.875 ms
Failed SQL 568: SELECT S_QUANTITY, S_DATA, S_DIST_01, S_DIST_02, S_DIST_03, S_DIST_04, S_DIST_05, S_DIST_06, S_DIST_07, S_DIST_08, S_DIST_09, S_DIST_10 FROM STOCK WHERE S_I_ID = 36517 AND S_W_ID = 2
Error Message: Cannot invoke "java.util.List.get(int)" because the return value of "sg.edu.nus.autotune.DB2DATA.getAllIndexes()" is null


===== Query 569 =====

SQL: UPDATE STOCK SET S_QUANTITY = 85, S_YTD = S_YTD + 6, S_ORDER_CNT = S_ORDER_CNT + 1, S_REMOTE_CNT = S_REMOTE_CNT + 0 WHERE S_I_ID = 36517 AND S_W_ID = 2

EXPLAIN Plan:

Update on stock  (cost=0.42..8.45 rows=0 width=0) (actual time=0.057..0.058 rows=0 loops=1)

  ->  Index Scan using stock_pkey on stock  (cost=0.42..8.45 rows=1 width=32) (actual time=0.024..0.026 rows=1 loops=1)

        Index Cond: ((s_w_id = 2) AND (s_i_id = 36517))

Planning Time: 0.099 ms

Execution Time: 0.085 ms
Failed SQL 569: UPDATE STOCK SET S_QUANTITY = 85, S_YTD = S_YTD + 6, S_ORDER_CNT = S_ORDER_CNT + 1, S_REMOTE_CNT = S_REMOTE_CNT + 0 WHERE S_I_ID = 36517 AND S_W_ID = 2
Error Message: Cannot invoke "java.util.List.get(int)" because the return value of "sg.edu.nus.autotune.DB2DATA.getAllIndexes()" is null


===== Query 570 =====

SQL: SELECT I_PRICE, I_NAME , I_DATA FROM ITEM WHERE I_ID = 88803

EXPLAIN Plan:

Index Scan using item_pkey on item  (cost=0.29..8.31 rows=1 width=61) (actual time=1.020..1.022 rows=1 loops=1)

  Index Cond: (i_id = 88803)

Planning Time: 0.076 ms

Execution Time: 1.042 ms
Failed SQL 570: SELECT I_PRICE, I_NAME , I_DATA FROM ITEM WHERE I_ID = 88803
Error Message: Cannot invoke "java.util.List.get(int)" because the return value of "sg.edu.nus.autotune.DB2DATA.getAllIndexes()" is null


===== Query 571 =====

SQL: SELECT S_QUANTITY, S_DATA, S_DIST_01, S_DIST_02, S_DIST_03, S_DIST_04, S_DIST_05, S_DIST_06, S_DIST_07, S_DIST_08, S_DIST_09, S_DIST_10 FROM STOCK WHERE S_I_ID = 88803 AND S_W_ID = 2

EXPLAIN Plan:

Index Scan using stock_pkey on stock  (cost=0.42..8.44 rows=1 width=291) (actual time=0.805..0.807 rows=1 loops=1)

  Index Cond: ((s_w_id = 2) AND (s_i_id = 88803))

Planning Time: 0.095 ms

Execution Time: 0.830 ms
Failed SQL 571: SELECT S_QUANTITY, S_DATA, S_DIST_01, S_DIST_02, S_DIST_03, S_DIST_04, S_DIST_05, S_DIST_06, S_DIST_07, S_DIST_08, S_DIST_09, S_DIST_10 FROM STOCK WHERE S_I_ID = 88803 AND S_W_ID = 2
Error Message: Cannot invoke "java.util.List.get(int)" because the return value of "sg.edu.nus.autotune.DB2DATA.getAllIndexes()" is null


===== Query 572 =====

SQL: UPDATE CUSTOMER SET C_BALANCE = -9656.891, C_YTD_PAYMENT = 9656.891, C_PAYMENT_CNT = 5 WHERE C_W_ID = 1 AND C_D_ID = 10 AND C_ID = 959

EXPLAIN Plan:

Update on customer  (cost=0.42..8.44 rows=0 width=0) (actual time=0.062..0.063 rows=0 loops=1)

  ->  Index Scan using customer_pkey on customer  (cost=0.42..8.44 rows=1 width=34) (actual time=0.025..0.027 rows=1 loops=1)

        Index Cond: ((c_w_id = 1) AND (c_d_id = 10) AND (c_id = 959))

Planning Time: 0.111 ms

Execution Time: 0.088 ms
Failed SQL 572: UPDATE CUSTOMER SET C_BALANCE = -9656.891, C_YTD_PAYMENT = 9656.891, C_PAYMENT_CNT = 5 WHERE C_W_ID = 1 AND C_D_ID = 10 AND C_ID = 959
Error Message: Cannot invoke "java.util.List.get(int)" because the return value of "sg.edu.nus.autotune.DB2DATA.getAllIndexes()" is null


===== Query 573 =====

SQL: UPDATE STOCK SET S_QUANTITY = 60, S_YTD = S_YTD + 4, S_ORDER_CNT = S_ORDER_CNT + 1, S_REMOTE_CNT = S_REMOTE_CNT + 0 WHERE S_I_ID = 88803 AND S_W_ID = 2

EXPLAIN Plan:

Update on stock  (cost=0.42..8.45 rows=0 width=0) (actual time=0.060..0.061 rows=0 loops=1)

  ->  Index Scan using stock_pkey on stock  (cost=0.42..8.45 rows=1 width=32) (actual time=0.025..0.027 rows=1 loops=1)

        Index Cond: ((s_w_id = 2) AND (s_i_id = 88803))

Planning Time: 0.100 ms

Execution Time: 0.088 ms
Failed SQL 573: UPDATE STOCK SET S_QUANTITY = 60, S_YTD = S_YTD + 4, S_ORDER_CNT = S_ORDER_CNT + 1, S_REMOTE_CNT = S_REMOTE_CNT + 0 WHERE S_I_ID = 88803 AND S_W_ID = 2
Error Message: Cannot invoke "java.util.List.get(int)" because the return value of "sg.edu.nus.autotune.DB2DATA.getAllIndexes()" is null


===== Query 574 =====

SQL: SELECT I_PRICE, I_NAME , I_DATA FROM ITEM WHERE I_ID = 17381

EXPLAIN Plan:

Index Scan using item_pkey on item  (cost=0.29..8.31 rows=1 width=61) (actual time=0.980..0.982 rows=1 loops=1)

  Index Cond: (i_id = 17381)

Planning Time: 0.063 ms

Execution Time: 0.997 ms
Failed SQL 574: SELECT I_PRICE, I_NAME , I_DATA FROM ITEM WHERE I_ID = 17381
Error Message: Cannot invoke "java.util.List.get(int)" because the return value of "sg.edu.nus.autotune.DB2DATA.getAllIndexes()" is null


===== Query 575 =====

SQL: SELECT C_DISCOUNT, C_LAST, C_CREDIT, W_TAX FROM CUSTOMER, WAREHOUSE WHERE W_ID = 1 AND C_W_ID = 1 AND C_D_ID = 7 AND C_ID = 2303

EXPLAIN Plan:

Nested Loop  (cost=4.56..16.61 rows=1 width=26) (actual time=0.774..0.777 rows=1 loops=1)

  ->  Index Scan using customer_pkey on customer  (cost=0.42..8.44 rows=1 width=21) (actual time=0.753..0.754 rows=1 loops=1)

        Index Cond: ((c_w_id = 1) AND (c_d_id = 7) AND (c_id = 2303))

  ->  Bitmap Heap Scan on warehouse  (cost=4.14..8.15 rows=1 width=5) (actual time=0.009..0.009 rows=1 loops=1)

        Recheck Cond: (w_id = 1)

        Heap Blocks: exact=1

        ->  Bitmap Index Scan on warehouse_pkey  (cost=0.00..4.14 rows=1 width=0) (actual time=0.005..0.005 rows=1 loops=1)

              Index Cond: (w_id = 1)

Planning Time: 0.083 ms

Execution Time: 0.803 ms
Failed SQL 575: SELECT C_DISCOUNT, C_LAST, C_CREDIT, W_TAX FROM CUSTOMER, WAREHOUSE WHERE W_ID = 1 AND C_W_ID = 1 AND C_D_ID = 7 AND C_ID = 2303
Error Message: Cannot invoke "java.util.List.get(int)" because the return value of "sg.edu.nus.autotune.DB2DATA.getAllIndexes()" is null


===== Query 576 =====

SQL: SELECT D_NEXT_O_ID, D_TAX FROM DISTRICT WHERE D_W_ID = 1 AND D_ID = 7

EXPLAIN Plan:

Bitmap Heap Scan on district  (cost=4.28..11.66 rows=2 width=9) (actual time=0.015..0.015 rows=1 loops=1)

  Recheck Cond: ((d_w_id = 1) AND (d_id = 7))

  Heap Blocks: exact=1

  ->  Bitmap Index Scan on district_pkey  (cost=0.00..4.28 rows=2 width=0) (actual time=0.008..0.008 rows=1 loops=1)

        Index Cond: ((d_w_id = 1) AND (d_id = 7))

Planning Time: 0.149 ms

Execution Time: 0.039 ms
Failed SQL 576: SELECT D_NEXT_O_ID, D_TAX FROM DISTRICT WHERE D_W_ID = 1 AND D_ID = 7
Error Message: Cannot invoke "java.util.List.get(int)" because the return value of "sg.edu.nus.autotune.DB2DATA.getAllIndexes()" is null


===== Query 577 =====

SQL: UPDATE DISTRICT SET D_NEXT_O_ID = D_NEXT_O_ID + 1 WHERE D_W_ID = 1 AND D_ID = 7

EXPLAIN Plan:

Update on district  (cost=4.28..11.67 rows=0 width=0) (actual time=0.031..0.032 rows=0 loops=1)

  ->  Bitmap Heap Scan on district  (cost=4.28..11.67 rows=2 width=10) (actual time=0.013..0.013 rows=1 loops=1)

        Recheck Cond: ((d_w_id = 1) AND (d_id = 7))

        Heap Blocks: exact=1

        ->  Bitmap Index Scan on district_pkey  (cost=0.00..4.28 rows=2 width=0) (actual time=0.007..0.008 rows=1 loops=1)

              Index Cond: ((d_w_id = 1) AND (d_id = 7))

Planning Time: 0.055 ms

Execution Time: 0.050 ms
Failed SQL 577: UPDATE DISTRICT SET D_NEXT_O_ID = D_NEXT_O_ID + 1 WHERE D_W_ID = 1 AND D_ID = 7
Error Message: Cannot invoke "java.util.List.get(int)" because the return value of "sg.edu.nus.autotune.DB2DATA.getAllIndexes()" is null


===== Query 578 =====

SQL: SELECT I_PRICE, I_NAME , I_DATA FROM ITEM WHERE I_ID = 6047

EXPLAIN Plan:

Index Scan using item_pkey on item  (cost=0.29..8.31 rows=1 width=61) (actual time=0.816..0.818 rows=1 loops=1)

  Index Cond: (i_id = 6047)

Planning Time: 0.075 ms

Execution Time: 0.837 ms
Failed SQL 578: SELECT I_PRICE, I_NAME , I_DATA FROM ITEM WHERE I_ID = 6047
Error Message: Cannot invoke "java.util.List.get(int)" because the return value of "sg.edu.nus.autotune.DB2DATA.getAllIndexes()" is null


===== Query 579 =====

SQL: SELECT S_QUANTITY, S_DATA, S_DIST_01, S_DIST_02, S_DIST_03, S_DIST_04, S_DIST_05, S_DIST_06, S_DIST_07, S_DIST_08, S_DIST_09, S_DIST_10 FROM STOCK WHERE S_I_ID = 6047 AND S_W_ID = 1

EXPLAIN Plan:

Index Scan using stock_pkey on stock  (cost=0.42..8.44 rows=1 width=291) (actual time=1.020..1.022 rows=1 loops=1)

  Index Cond: ((s_w_id = 1) AND (s_i_id = 6047))

Planning Time: 0.096 ms

Execution Time: 1.045 ms
Failed SQL 579: SELECT S_QUANTITY, S_DATA, S_DIST_01, S_DIST_02, S_DIST_03, S_DIST_04, S_DIST_05, S_DIST_06, S_DIST_07, S_DIST_08, S_DIST_09, S_DIST_10 FROM STOCK WHERE S_I_ID = 6047 AND S_W_ID = 1
Error Message: Cannot invoke "java.util.List.get(int)" because the return value of "sg.edu.nus.autotune.DB2DATA.getAllIndexes()" is null


===== Query 580 =====

SQL: SELECT S_QUANTITY, S_DATA, S_DIST_01, S_DIST_02, S_DIST_03, S_DIST_04, S_DIST_05, S_DIST_06, S_DIST_07, S_DIST_08, S_DIST_09, S_DIST_10 FROM STOCK WHERE S_I_ID = 17381 AND S_W_ID = 2

EXPLAIN Plan:

Index Scan using stock_pkey on stock  (cost=0.42..8.44 rows=1 width=291) (actual time=1.034..1.036 rows=1 loops=1)

  Index Cond: ((s_w_id = 2) AND (s_i_id = 17381))

Planning Time: 0.094 ms

Execution Time: 1.058 ms
Failed SQL 580: SELECT S_QUANTITY, S_DATA, S_DIST_01, S_DIST_02, S_DIST_03, S_DIST_04, S_DIST_05, S_DIST_06, S_DIST_07, S_DIST_08, S_DIST_09, S_DIST_10 FROM STOCK WHERE S_I_ID = 17381 AND S_W_ID = 2
Error Message: Cannot invoke "java.util.List.get(int)" because the return value of "sg.edu.nus.autotune.DB2DATA.getAllIndexes()" is null


===== Query 581 =====

SQL: UPDATE STOCK SET S_QUANTITY = 42, S_YTD = S_YTD + 6, S_ORDER_CNT = S_ORDER_CNT + 1, S_REMOTE_CNT = S_REMOTE_CNT + 0 WHERE S_I_ID = 6047 AND S_W_ID = 1

EXPLAIN Plan:

Update on stock  (cost=0.42..8.45 rows=0 width=0) (actual time=0.086..0.087 rows=0 loops=1)

  ->  Index Scan using stock_pkey on stock  (cost=0.42..8.45 rows=1 width=32) (actual time=0.024..0.026 rows=1 loops=1)

        Index Cond: ((s_w_id = 1) AND (s_i_id = 6047))

Planning Time: 0.099 ms

Execution Time: 0.114 ms
Failed SQL 581: UPDATE STOCK SET S_QUANTITY = 42, S_YTD = S_YTD + 6, S_ORDER_CNT = S_ORDER_CNT + 1, S_REMOTE_CNT = S_REMOTE_CNT + 0 WHERE S_I_ID = 6047 AND S_W_ID = 1
Error Message: Cannot invoke "java.util.List.get(int)" because the return value of "sg.edu.nus.autotune.DB2DATA.getAllIndexes()" is null


===== Query 582 =====

SQL: SELECT I_PRICE, I_NAME , I_DATA FROM ITEM WHERE I_ID = 40629

EXPLAIN Plan:

Index Scan using item_pkey on item  (cost=0.29..8.31 rows=1 width=61) (actual time=0.024..0.025 rows=1 loops=1)

  Index Cond: (i_id = 40629)

Planning Time: 0.074 ms

Execution Time: 0.043 ms
Failed SQL 582: SELECT I_PRICE, I_NAME , I_DATA FROM ITEM WHERE I_ID = 40629
Error Message: Cannot invoke "java.util.List.get(int)" because the return value of "sg.edu.nus.autotune.DB2DATA.getAllIndexes()" is null


===== Query 583 =====

SQL: SELECT S_QUANTITY, S_DATA, S_DIST_01, S_DIST_02, S_DIST_03, S_DIST_04, S_DIST_05, S_DIST_06, S_DIST_07, S_DIST_08, S_DIST_09, S_DIST_10 FROM STOCK WHERE S_I_ID = 40629 AND S_W_ID = 1

EXPLAIN Plan:

Index Scan using stock_pkey on stock  (cost=0.42..8.44 rows=1 width=291) (actual time=0.790..0.793 rows=1 loops=1)

  Index Cond: ((s_w_id = 1) AND (s_i_id = 40629))

Planning Time: 0.091 ms

Execution Time: 0.826 ms
Failed SQL 583: SELECT S_QUANTITY, S_DATA, S_DIST_01, S_DIST_02, S_DIST_03, S_DIST_04, S_DIST_05, S_DIST_06, S_DIST_07, S_DIST_08, S_DIST_09, S_DIST_10 FROM STOCK WHERE S_I_ID = 40629 AND S_W_ID = 1
Error Message: Cannot invoke "java.util.List.get(int)" because the return value of "sg.edu.nus.autotune.DB2DATA.getAllIndexes()" is null


===== Query 584 =====

SQL: UPDATE STOCK SET S_QUANTITY = 91, S_YTD = S_YTD + 8, S_ORDER_CNT = S_ORDER_CNT + 1, S_REMOTE_CNT = S_REMOTE_CNT + 0 WHERE S_I_ID = 40629 AND S_W_ID = 1

EXPLAIN Plan:

Update on stock  (cost=0.42..8.45 rows=0 width=0) (actual time=0.058..0.059 rows=0 loops=1)

  ->  Index Scan using stock_pkey on stock  (cost=0.42..8.45 rows=1 width=32) (actual time=0.024..0.026 rows=1 loops=1)

        Index Cond: ((s_w_id = 1) AND (s_i_id = 40629))

Planning Time: 0.098 ms

Execution Time: 0.086 ms
Failed SQL 584: UPDATE STOCK SET S_QUANTITY = 91, S_YTD = S_YTD + 8, S_ORDER_CNT = S_ORDER_CNT + 1, S_REMOTE_CNT = S_REMOTE_CNT + 0 WHERE S_I_ID = 40629 AND S_W_ID = 1
Error Message: Cannot invoke "java.util.List.get(int)" because the return value of "sg.edu.nus.autotune.DB2DATA.getAllIndexes()" is null


===== Query 585 =====

SQL: SELECT I_PRICE, I_NAME , I_DATA FROM ITEM WHERE I_ID = 74214

EXPLAIN Plan:

Index Scan using item_pkey on item  (cost=0.29..8.31 rows=1 width=61) (actual time=0.490..0.492 rows=1 loops=1)

  Index Cond: (i_id = 74214)

Planning Time: 0.071 ms

Execution Time: 0.510 ms
Failed SQL 585: SELECT I_PRICE, I_NAME , I_DATA FROM ITEM WHERE I_ID = 74214
Error Message: Cannot invoke "java.util.List.get(int)" because the return value of "sg.edu.nus.autotune.DB2DATA.getAllIndexes()" is null


===== Query 586 =====

SQL: UPDATE STOCK SET S_QUANTITY = 30, S_YTD = S_YTD + 7, S_ORDER_CNT = S_ORDER_CNT + 1, S_REMOTE_CNT = S_REMOTE_CNT + 0 WHERE S_I_ID = 17381 AND S_W_ID = 2

EXPLAIN Plan:

Update on stock  (cost=0.42..8.45 rows=0 width=0) (actual time=0.061..0.062 rows=0 loops=1)

  ->  Index Scan using stock_pkey on stock  (cost=0.42..8.45 rows=1 width=32) (actual time=0.035..0.036 rows=1 loops=1)

        Index Cond: ((s_w_id = 2) AND (s_i_id = 17381))

Planning Time: 0.082 ms

Execution Time: 0.082 ms
Failed SQL 586: UPDATE STOCK SET S_QUANTITY = 30, S_YTD = S_YTD + 7, S_ORDER_CNT = S_ORDER_CNT + 1, S_REMOTE_CNT = S_REMOTE_CNT + 0 WHERE S_I_ID = 17381 AND S_W_ID = 2
Error Message: Cannot invoke "java.util.List.get(int)" because the return value of "sg.edu.nus.autotune.DB2DATA.getAllIndexes()" is null


===== Query 587 =====

SQL: SELECT I_PRICE, I_NAME , I_DATA FROM ITEM WHERE I_ID = 13077

EXPLAIN Plan:

Index Scan using item_pkey on item  (cost=0.29..8.31 rows=1 width=61) (actual time=0.788..0.790 rows=1 loops=1)

  Index Cond: (i_id = 13077)

Planning Time: 0.072 ms

Execution Time: 0.808 ms
Failed SQL 587: SELECT I_PRICE, I_NAME , I_DATA FROM ITEM WHERE I_ID = 13077
Error Message: Cannot invoke "java.util.List.get(int)" because the return value of "sg.edu.nus.autotune.DB2DATA.getAllIndexes()" is null


===== Query 588 =====

SQL: SELECT S_QUANTITY, S_DATA, S_DIST_01, S_DIST_02, S_DIST_03, S_DIST_04, S_DIST_05, S_DIST_06, S_DIST_07, S_DIST_08, S_DIST_09, S_DIST_10 FROM STOCK WHERE S_I_ID = 13077 AND S_W_ID = 2

EXPLAIN Plan:

Index Scan using stock_pkey on stock  (cost=0.42..8.44 rows=1 width=291) (actual time=1.185..1.187 rows=1 loops=1)

  Index Cond: ((s_w_id = 2) AND (s_i_id = 13077))

Planning Time: 0.092 ms

Execution Time: 1.209 ms
Failed SQL 588: SELECT S_QUANTITY, S_DATA, S_DIST_01, S_DIST_02, S_DIST_03, S_DIST_04, S_DIST_05, S_DIST_06, S_DIST_07, S_DIST_08, S_DIST_09, S_DIST_10 FROM STOCK WHERE S_I_ID = 13077 AND S_W_ID = 2
Error Message: Cannot invoke "java.util.List.get(int)" because the return value of "sg.edu.nus.autotune.DB2DATA.getAllIndexes()" is null


===== Query 589 =====

SQL: SELECT S_QUANTITY, S_DATA, S_DIST_01, S_DIST_02, S_DIST_03, S_DIST_04, S_DIST_05, S_DIST_06, S_DIST_07, S_DIST_08, S_DIST_09, S_DIST_10 FROM STOCK WHERE S_I_ID = 74214 AND S_W_ID = 1

EXPLAIN Plan:

Index Scan using stock_pkey on stock  (cost=0.42..8.44 rows=1 width=291) (actual time=1.043..1.045 rows=1 loops=1)

  Index Cond: ((s_w_id = 1) AND (s_i_id = 74214))

Planning Time: 0.091 ms

Execution Time: 1.068 ms
Failed SQL 589: SELECT S_QUANTITY, S_DATA, S_DIST_01, S_DIST_02, S_DIST_03, S_DIST_04, S_DIST_05, S_DIST_06, S_DIST_07, S_DIST_08, S_DIST_09, S_DIST_10 FROM STOCK WHERE S_I_ID = 74214 AND S_W_ID = 1
Error Message: Cannot invoke "java.util.List.get(int)" because the return value of "sg.edu.nus.autotune.DB2DATA.getAllIndexes()" is null


===== Query 590 =====

SQL: UPDATE STOCK SET S_QUANTITY = 84, S_YTD = S_YTD + 6, S_ORDER_CNT = S_ORDER_CNT + 1, S_REMOTE_CNT = S_REMOTE_CNT + 0 WHERE S_I_ID = 13077 AND S_W_ID = 2

EXPLAIN Plan:

Update on stock  (cost=0.42..8.45 rows=0 width=0) (actual time=0.060..0.060 rows=0 loops=1)

  ->  Index Scan using stock_pkey on stock  (cost=0.42..8.45 rows=1 width=32) (actual time=0.025..0.026 rows=1 loops=1)

        Index Cond: ((s_w_id = 2) AND (s_i_id = 13077))

Planning Time: 0.104 ms

Execution Time: 0.089 ms
Failed SQL 590: UPDATE STOCK SET S_QUANTITY = 84, S_YTD = S_YTD + 6, S_ORDER_CNT = S_ORDER_CNT + 1, S_REMOTE_CNT = S_REMOTE_CNT + 0 WHERE S_I_ID = 13077 AND S_W_ID = 2
Error Message: Cannot invoke "java.util.List.get(int)" because the return value of "sg.edu.nus.autotune.DB2DATA.getAllIndexes()" is null


===== Query 591 =====

SQL: SELECT I_PRICE, I_NAME , I_DATA FROM ITEM WHERE I_ID = 40493

EXPLAIN Plan:

Index Scan using item_pkey on item  (cost=0.29..8.31 rows=1 width=61) (actual time=0.825..0.827 rows=1 loops=1)

  Index Cond: (i_id = 40493)

Planning Time: 0.072 ms

Execution Time: 0.845 ms
Failed SQL 591: SELECT I_PRICE, I_NAME , I_DATA FROM ITEM WHERE I_ID = 40493
Error Message: Cannot invoke "java.util.List.get(int)" because the return value of "sg.edu.nus.autotune.DB2DATA.getAllIndexes()" is null


===== Query 592 =====

SQL: SELECT S_QUANTITY, S_DATA, S_DIST_01, S_DIST_02, S_DIST_03, S_DIST_04, S_DIST_05, S_DIST_06, S_DIST_07, S_DIST_08, S_DIST_09, S_DIST_10 FROM STOCK WHERE S_I_ID = 40493 AND S_W_ID = 2

EXPLAIN Plan:

Index Scan using stock_pkey on stock  (cost=0.42..8.44 rows=1 width=291) (actual time=0.809..0.811 rows=1 loops=1)

  Index Cond: ((s_w_id = 2) AND (s_i_id = 40493))

Planning Time: 0.091 ms

Execution Time: 0.833 ms
Failed SQL 592: SELECT S_QUANTITY, S_DATA, S_DIST_01, S_DIST_02, S_DIST_03, S_DIST_04, S_DIST_05, S_DIST_06, S_DIST_07, S_DIST_08, S_DIST_09, S_DIST_10 FROM STOCK WHERE S_I_ID = 40493 AND S_W_ID = 2
Error Message: Cannot invoke "java.util.List.get(int)" because the return value of "sg.edu.nus.autotune.DB2DATA.getAllIndexes()" is null


===== Query 593 =====

SQL: UPDATE STOCK SET S_QUANTITY = 78, S_YTD = S_YTD + 4, S_ORDER_CNT = S_ORDER_CNT + 1, S_REMOTE_CNT = S_REMOTE_CNT + 0 WHERE S_I_ID = 40493 AND S_W_ID = 2

EXPLAIN Plan:

Update on stock  (cost=0.42..8.45 rows=0 width=0) (actual time=0.060..0.060 rows=0 loops=1)

  ->  Index Scan using stock_pkey on stock  (cost=0.42..8.45 rows=1 width=32) (actual time=0.024..0.025 rows=1 loops=1)

        Index Cond: ((s_w_id = 2) AND (s_i_id = 40493))

Planning Time: 0.098 ms

Execution Time: 0.087 ms
Failed SQL 593: UPDATE STOCK SET S_QUANTITY = 78, S_YTD = S_YTD + 4, S_ORDER_CNT = S_ORDER_CNT + 1, S_REMOTE_CNT = S_REMOTE_CNT + 0 WHERE S_I_ID = 40493 AND S_W_ID = 2
Error Message: Cannot invoke "java.util.List.get(int)" because the return value of "sg.edu.nus.autotune.DB2DATA.getAllIndexes()" is null


===== Query 594 =====

SQL: SELECT I_PRICE, I_NAME , I_DATA FROM ITEM WHERE I_ID = 65231

EXPLAIN Plan:

Index Scan using item_pkey on item  (cost=0.29..8.31 rows=1 width=61) (actual time=0.023..0.025 rows=1 loops=1)

  Index Cond: (i_id = 65231)

Planning Time: 0.071 ms

Execution Time: 0.042 ms
Failed SQL 594: SELECT I_PRICE, I_NAME , I_DATA FROM ITEM WHERE I_ID = 65231
Error Message: Cannot invoke "java.util.List.get(int)" because the return value of "sg.edu.nus.autotune.DB2DATA.getAllIndexes()" is null


===== Query 595 =====

SQL: SELECT S_QUANTITY, S_DATA, S_DIST_01, S_DIST_02, S_DIST_03, S_DIST_04, S_DIST_05, S_DIST_06, S_DIST_07, S_DIST_08, S_DIST_09, S_DIST_10 FROM STOCK WHERE S_I_ID = 65231 AND S_W_ID = 2

EXPLAIN Plan:

Index Scan using stock_pkey on stock  (cost=0.42..8.44 rows=1 width=291) (actual time=0.824..0.826 rows=1 loops=1)

  Index Cond: ((s_w_id = 2) AND (s_i_id = 65231))

Planning Time: 0.089 ms

Execution Time: 0.848 ms
Failed SQL 595: SELECT S_QUANTITY, S_DATA, S_DIST_01, S_DIST_02, S_DIST_03, S_DIST_04, S_DIST_05, S_DIST_06, S_DIST_07, S_DIST_08, S_DIST_09, S_DIST_10 FROM STOCK WHERE S_I_ID = 65231 AND S_W_ID = 2
Error Message: Cannot invoke "java.util.List.get(int)" because the return value of "sg.edu.nus.autotune.DB2DATA.getAllIndexes()" is null


===== Query 596 =====

SQL: UPDATE STOCK SET S_QUANTITY = 89, S_YTD = S_YTD + 8, S_ORDER_CNT = S_ORDER_CNT + 1, S_REMOTE_CNT = S_REMOTE_CNT + 0 WHERE S_I_ID = 65231 AND S_W_ID = 2

EXPLAIN Plan:

Update on stock  (cost=0.42..8.45 rows=0 width=0) (actual time=0.125..0.125 rows=0 loops=1)

  ->  Index Scan using stock_pkey on stock  (cost=0.42..8.45 rows=1 width=32) (actual time=0.026..0.027 rows=1 loops=1)

        Index Cond: ((s_w_id = 2) AND (s_i_id = 65231))

Planning Time: 0.100 ms

Execution Time: 0.153 ms
Failed SQL 596: UPDATE STOCK SET S_QUANTITY = 89, S_YTD = S_YTD + 8, S_ORDER_CNT = S_ORDER_CNT + 1, S_REMOTE_CNT = S_REMOTE_CNT + 0 WHERE S_I_ID = 65231 AND S_W_ID = 2
Error Message: Cannot invoke "java.util.List.get(int)" because the return value of "sg.edu.nus.autotune.DB2DATA.getAllIndexes()" is null


===== Query 597 =====

SQL: SELECT I_PRICE, I_NAME , I_DATA FROM ITEM WHERE I_ID = 66509

EXPLAIN Plan:

Index Scan using item_pkey on item  (cost=0.29..8.31 rows=1 width=61) (actual time=0.805..0.807 rows=1 loops=1)

  Index Cond: (i_id = 66509)

Planning Time: 0.075 ms

Execution Time: 0.825 ms
Failed SQL 597: SELECT I_PRICE, I_NAME , I_DATA FROM ITEM WHERE I_ID = 66509
Error Message: Cannot invoke "java.util.List.get(int)" because the return value of "sg.edu.nus.autotune.DB2DATA.getAllIndexes()" is null


===== Query 598 =====

SQL: UPDATE STOCK SET S_QUANTITY = 92, S_YTD = S_YTD + 8, S_ORDER_CNT = S_ORDER_CNT + 1, S_REMOTE_CNT = S_REMOTE_CNT + 0 WHERE S_I_ID = 74214 AND S_W_ID = 1

EXPLAIN Plan:

Update on stock  (cost=0.42..8.45 rows=0 width=0) (actual time=0.058..0.059 rows=0 loops=1)

  ->  Index Scan using stock_pkey on stock  (cost=0.42..8.45 rows=1 width=32) (actual time=0.024..0.026 rows=1 loops=1)

        Index Cond: ((s_w_id = 1) AND (s_i_id = 74214))

Planning Time: 0.099 ms

Execution Time: 0.086 ms
Failed SQL 598: UPDATE STOCK SET S_QUANTITY = 92, S_YTD = S_YTD + 8, S_ORDER_CNT = S_ORDER_CNT + 1, S_REMOTE_CNT = S_REMOTE_CNT + 0 WHERE S_I_ID = 74214 AND S_W_ID = 1
Error Message: Cannot invoke "java.util.List.get(int)" because the return value of "sg.edu.nus.autotune.DB2DATA.getAllIndexes()" is null


===== Query 599 =====

SQL: SELECT S_QUANTITY, S_DATA, S_DIST_01, S_DIST_02, S_DIST_03, S_DIST_04, S_DIST_05, S_DIST_06, S_DIST_07, S_DIST_08, S_DIST_09, S_DIST_10 FROM STOCK WHERE S_I_ID = 66509 AND S_W_ID = 2

EXPLAIN Plan:

Index Scan using stock_pkey on stock  (cost=0.42..8.44 rows=1 width=291) (actual time=1.172..1.175 rows=1 loops=1)

  Index Cond: ((s_w_id = 2) AND (s_i_id = 66509))

Planning Time: 0.091 ms

Execution Time: 1.198 ms
Failed SQL 599: SELECT S_QUANTITY, S_DATA, S_DIST_01, S_DIST_02, S_DIST_03, S_DIST_04, S_DIST_05, S_DIST_06, S_DIST_07, S_DIST_08, S_DIST_09, S_DIST_10 FROM STOCK WHERE S_I_ID = 66509 AND S_W_ID = 2
Error Message: Cannot invoke "java.util.List.get(int)" because the return value of "sg.edu.nus.autotune.DB2DATA.getAllIndexes()" is null


===== Query 600 =====

SQL: SELECT I_PRICE, I_NAME , I_DATA FROM ITEM WHERE I_ID = 17115

EXPLAIN Plan:

Index Scan using item_pkey on item  (cost=0.29..8.31 rows=1 width=61) (actual time=0.809..0.811 rows=1 loops=1)

  Index Cond: (i_id = 17115)

Planning Time: 0.070 ms

Execution Time: 0.829 ms
Failed SQL 600: SELECT I_PRICE, I_NAME , I_DATA FROM ITEM WHERE I_ID = 17115
Error Message: Cannot invoke "java.util.List.get(int)" because the return value of "sg.edu.nus.autotune.DB2DATA.getAllIndexes()" is null


===== Query 601 =====

SQL: SELECT S_QUANTITY, S_DATA, S_DIST_01, S_DIST_02, S_DIST_03, S_DIST_04, S_DIST_05, S_DIST_06, S_DIST_07, S_DIST_08, S_DIST_09, S_DIST_10 FROM STOCK WHERE S_I_ID = 17115 AND S_W_ID = 1

EXPLAIN Plan:

Index Scan using stock_pkey on stock  (cost=0.42..8.44 rows=1 width=291) (actual time=0.940..0.942 rows=1 loops=1)

  Index Cond: ((s_w_id = 1) AND (s_i_id = 17115))

Planning Time: 0.054 ms

Execution Time: 0.958 ms
Failed SQL 601: SELECT S_QUANTITY, S_DATA, S_DIST_01, S_DIST_02, S_DIST_03, S_DIST_04, S_DIST_05, S_DIST_06, S_DIST_07, S_DIST_08, S_DIST_09, S_DIST_10 FROM STOCK WHERE S_I_ID = 17115 AND S_W_ID = 1
Error Message: Cannot invoke "java.util.List.get(int)" because the return value of "sg.edu.nus.autotune.DB2DATA.getAllIndexes()" is null


===== Query 602 =====

SQL: UPDATE STOCK SET S_QUANTITY = 65, S_YTD = S_YTD + 4, S_ORDER_CNT = S_ORDER_CNT + 1, S_REMOTE_CNT = S_REMOTE_CNT + 0 WHERE S_I_ID = 17115 AND S_W_ID = 1

EXPLAIN Plan:

Update on stock  (cost=0.42..8.45 rows=0 width=0) (actual time=0.083..0.083 rows=0 loops=1)

  ->  Index Scan using stock_pkey on stock  (cost=0.42..8.45 rows=1 width=32) (actual time=0.025..0.026 rows=1 loops=1)

        Index Cond: ((s_w_id = 1) AND (s_i_id = 17115))

Planning Time: 0.100 ms

Execution Time: 0.115 ms
Failed SQL 602: UPDATE STOCK SET S_QUANTITY = 65, S_YTD = S_YTD + 4, S_ORDER_CNT = S_ORDER_CNT + 1, S_REMOTE_CNT = S_REMOTE_CNT + 0 WHERE S_I_ID = 17115 AND S_W_ID = 1
Error Message: Cannot invoke "java.util.List.get(int)" because the return value of "sg.edu.nus.autotune.DB2DATA.getAllIndexes()" is null


===== Query 603 =====

SQL: SELECT I_PRICE, I_NAME , I_DATA FROM ITEM WHERE I_ID = 5703

EXPLAIN Plan:

Index Scan using item_pkey on item  (cost=0.29..8.31 rows=1 width=61) (actual time=1.051..1.054 rows=1 loops=1)

  Index Cond: (i_id = 5703)

Planning Time: 0.073 ms

Execution Time: 1.075 ms
Failed SQL 603: SELECT I_PRICE, I_NAME , I_DATA FROM ITEM WHERE I_ID = 5703
Error Message: Cannot invoke "java.util.List.get(int)" because the return value of "sg.edu.nus.autotune.DB2DATA.getAllIndexes()" is null


===== Query 604 =====

SQL: SELECT S_QUANTITY, S_DATA, S_DIST_01, S_DIST_02, S_DIST_03, S_DIST_04, S_DIST_05, S_DIST_06, S_DIST_07, S_DIST_08, S_DIST_09, S_DIST_10 FROM STOCK WHERE S_I_ID = 5703 AND S_W_ID = 1

EXPLAIN Plan:

Index Scan using stock_pkey on stock  (cost=0.42..8.44 rows=1 width=291) (actual time=1.016..1.018 rows=1 loops=1)

  Index Cond: ((s_w_id = 1) AND (s_i_id = 5703))

Planning Time: 0.095 ms

Execution Time: 1.041 ms
Failed SQL 604: SELECT S_QUANTITY, S_DATA, S_DIST_01, S_DIST_02, S_DIST_03, S_DIST_04, S_DIST_05, S_DIST_06, S_DIST_07, S_DIST_08, S_DIST_09, S_DIST_10 FROM STOCK WHERE S_I_ID = 5703 AND S_W_ID = 1
Error Message: Cannot invoke "java.util.List.get(int)" because the return value of "sg.edu.nus.autotune.DB2DATA.getAllIndexes()" is null


===== Query 605 =====

SQL: UPDATE STOCK SET S_QUANTITY = 57, S_YTD = S_YTD + 7, S_ORDER_CNT = S_ORDER_CNT + 1, S_REMOTE_CNT = S_REMOTE_CNT + 0 WHERE S_I_ID = 5703 AND S_W_ID = 1

EXPLAIN Plan:

Update on stock  (cost=0.42..8.45 rows=0 width=0) (actual time=0.058..0.058 rows=0 loops=1)

  ->  Index Scan using stock_pkey on stock  (cost=0.42..8.45 rows=1 width=32) (actual time=0.024..0.025 rows=1 loops=1)

        Index Cond: ((s_w_id = 1) AND (s_i_id = 5703))

Planning Time: 0.099 ms

Execution Time: 0.086 ms
Failed SQL 605: UPDATE STOCK SET S_QUANTITY = 57, S_YTD = S_YTD + 7, S_ORDER_CNT = S_ORDER_CNT + 1, S_REMOTE_CNT = S_REMOTE_CNT + 0 WHERE S_I_ID = 5703 AND S_W_ID = 1
Error Message: Cannot invoke "java.util.List.get(int)" because the return value of "sg.edu.nus.autotune.DB2DATA.getAllIndexes()" is null


===== Query 606 =====

SQL: SELECT I_PRICE, I_NAME , I_DATA FROM ITEM WHERE I_ID = 97155

EXPLAIN Plan:

Index Scan using item_pkey on item  (cost=0.29..8.31 rows=1 width=61) (actual time=0.990..0.993 rows=1 loops=1)

  Index Cond: (i_id = 97155)

Planning Time: 0.049 ms

Execution Time: 1.007 ms
Failed SQL 606: SELECT I_PRICE, I_NAME , I_DATA FROM ITEM WHERE I_ID = 97155
Error Message: Cannot invoke "java.util.List.get(int)" because the return value of "sg.edu.nus.autotune.DB2DATA.getAllIndexes()" is null


===== Query 607 =====

SQL: UPDATE STOCK SET S_QUANTITY = 34, S_YTD = S_YTD + 3, S_ORDER_CNT = S_ORDER_CNT + 1, S_REMOTE_CNT = S_REMOTE_CNT + 0 WHERE S_I_ID = 66509 AND S_W_ID = 2

EXPLAIN Plan:

Update on stock  (cost=0.42..8.45 rows=0 width=0) (actual time=0.057..0.057 rows=0 loops=1)

  ->  Index Scan using stock_pkey on stock  (cost=0.42..8.45 rows=1 width=32) (actual time=0.024..0.026 rows=1 loops=1)

        Index Cond: ((s_w_id = 2) AND (s_i_id = 66509))

Planning Time: 0.098 ms

Execution Time: 0.084 ms
Failed SQL 607: UPDATE STOCK SET S_QUANTITY = 34, S_YTD = S_YTD + 3, S_ORDER_CNT = S_ORDER_CNT + 1, S_REMOTE_CNT = S_REMOTE_CNT + 0 WHERE S_I_ID = 66509 AND S_W_ID = 2
Error Message: Cannot invoke "java.util.List.get(int)" because the return value of "sg.edu.nus.autotune.DB2DATA.getAllIndexes()" is null


===== Query 608 =====

SQL: SELECT C_FIRST, C_MIDDLE, C_ID, C_STREET_1, C_STREET_2, C_CITY, C_STATE, C_ZIP, C_PHONE, C_CREDIT, C_CREDIT_LIM, C_DISCOUNT, C_BALANCE, C_YTD_PAYMENT, C_PAYMENT_CNT, C_SINCE FROM CUSTOMER WHERE C_W_ID = 2 AND C_D_ID = 10 AND C_LAST = 'EINGATIONEING' ORDER BY C_FIRST

EXPLAIN Plan:

Sort  (cost=7157.35..7157.35 rows=2 width=131) (actual time=3.104..3.105 rows=1 loops=1)

  Sort Key: c_first

  Sort Method: quicksort  Memory: 25kB

  ->  Bitmap Heap Scan on customer  (cost=77.47..7157.34 rows=2 width=131) (actual time=0.816..3.095 rows=1 loops=1)

        Recheck Cond: ((c_w_id = 2) AND (c_d_id = 10))

        Filter: ((c_last)::text = 'EINGATIONEING'::text)

        Rows Removed by Filter: 2999

        Heap Blocks: exact=718

        ->  Bitmap Index Scan on customer_pkey  (cost=0.00..77.47 rows=2905 width=0) (actual time=0.488..0.489 rows=3013 loops=1)

              Index Cond: ((c_w_id = 2) AND (c_d_id = 10))

Planning Time: 0.142 ms

Execution Time: 3.144 ms
Failed SQL 608: SELECT C_FIRST, C_MIDDLE, C_ID, C_STREET_1, C_STREET_2, C_CITY, C_STATE, C_ZIP, C_PHONE, C_CREDIT, C_CREDIT_LIM, C_DISCOUNT, C_BALANCE, C_YTD_PAYMENT, C_PAYMENT_CNT, C_SINCE FROM CUSTOMER WHERE C_W_ID = 2 AND C_D_ID = 10 AND C_LAST = 'EINGATIONEING' ORDER BY C_FIRST
Error Message: Cannot invoke "java.util.List.get(int)" because the return value of "sg.edu.nus.autotune.DB2DATA.getAllIndexes()" is null


===== Query 609 =====

SQL: SELECT S_QUANTITY, S_DATA, S_DIST_01, S_DIST_02, S_DIST_03, S_DIST_04, S_DIST_05, S_DIST_06, S_DIST_07, S_DIST_08, S_DIST_09, S_DIST_10 FROM STOCK WHERE S_I_ID = 97155 AND S_W_ID = 1

EXPLAIN Plan:

Index Scan using stock_pkey on stock  (cost=0.42..8.44 rows=1 width=291) (actual time=1.191..1.193 rows=1 loops=1)

  Index Cond: ((s_w_id = 1) AND (s_i_id = 97155))

Planning Time: 0.091 ms

Execution Time: 1.215 ms
Failed SQL 609: SELECT S_QUANTITY, S_DATA, S_DIST_01, S_DIST_02, S_DIST_03, S_DIST_04, S_DIST_05, S_DIST_06, S_DIST_07, S_DIST_08, S_DIST_09, S_DIST_10 FROM STOCK WHERE S_I_ID = 97155 AND S_W_ID = 1
Error Message: Cannot invoke "java.util.List.get(int)" because the return value of "sg.edu.nus.autotune.DB2DATA.getAllIndexes()" is null


===== Query 610 =====

SQL: UPDATE STOCK SET S_QUANTITY = 75, S_YTD = S_YTD + 8, S_ORDER_CNT = S_ORDER_CNT + 1, S_REMOTE_CNT = S_REMOTE_CNT + 0 WHERE S_I_ID = 97155 AND S_W_ID = 1

EXPLAIN Plan:

Update on stock  (cost=0.42..8.45 rows=0 width=0) (actual time=0.057..0.058 rows=0 loops=1)

  ->  Index Scan using stock_pkey on stock  (cost=0.42..8.45 rows=1 width=32) (actual time=0.024..0.026 rows=1 loops=1)

        Index Cond: ((s_w_id = 1) AND (s_i_id = 97155))

Planning Time: 0.099 ms

Execution Time: 0.085 ms
Failed SQL 610: UPDATE STOCK SET S_QUANTITY = 75, S_YTD = S_YTD + 8, S_ORDER_CNT = S_ORDER_CNT + 1, S_REMOTE_CNT = S_REMOTE_CNT + 0 WHERE S_I_ID = 97155 AND S_W_ID = 1
Error Message: Cannot invoke "java.util.List.get(int)" because the return value of "sg.edu.nus.autotune.DB2DATA.getAllIndexes()" is null


===== Query 611 =====

SQL: SELECT I_PRICE, I_NAME , I_DATA FROM ITEM WHERE I_ID = 70631

EXPLAIN Plan:

Index Scan using item_pkey on item  (cost=0.29..8.31 rows=1 width=61) (actual time=1.011..1.013 rows=1 loops=1)

  Index Cond: (i_id = 70631)

Planning Time: 0.069 ms

Execution Time: 1.031 ms
Failed SQL 611: SELECT I_PRICE, I_NAME , I_DATA FROM ITEM WHERE I_ID = 70631
Error Message: Cannot invoke "java.util.List.get(int)" because the return value of "sg.edu.nus.autotune.DB2DATA.getAllIndexes()" is null


===== Query 612 =====

SQL: SELECT O_ID, O_CARRIER_ID, O_ENTRY_D FROM OORDER WHERE O_W_ID = 2 AND O_D_ID = 10 AND O_C_ID = 990 ORDER BY O_ID DESC LIMIT 1

EXPLAIN Plan:

Limit  (cost=0.42..6.40 rows=1 width=16) (actual time=1.255..1.256 rows=1 loops=1)

  ->  Index Scan Backward using oorder_o_w_id_o_d_id_o_c_id_o_id_key on oorder  (cost=0.42..12.38 rows=2 width=16) (actual time=1.254..1.254 rows=1 loops=1)

        Index Cond: ((o_w_id = 2) AND (o_d_id = 10) AND (o_c_id = 990))

Planning Time: 0.146 ms

Execution Time: 1.278 ms
Failed SQL 612: SELECT O_ID, O_CARRIER_ID, O_ENTRY_D FROM OORDER WHERE O_W_ID = 2 AND O_D_ID = 10 AND O_C_ID = 990 ORDER BY O_ID DESC LIMIT 1
Error Message: Cannot invoke "java.util.List.get(int)" because the return value of "sg.edu.nus.autotune.DB2DATA.getAllIndexes()" is null


===== Query 613 =====

SQL: SELECT S_QUANTITY, S_DATA, S_DIST_01, S_DIST_02, S_DIST_03, S_DIST_04, S_DIST_05, S_DIST_06, S_DIST_07, S_DIST_08, S_DIST_09, S_DIST_10 FROM STOCK WHERE S_I_ID = 70631 AND S_W_ID = 1

EXPLAIN Plan:

Index Scan using stock_pkey on stock  (cost=0.42..8.44 rows=1 width=291) (actual time=1.151..1.153 rows=1 loops=1)

  Index Cond: ((s_w_id = 1) AND (s_i_id = 70631))

Planning Time: 0.097 ms

Execution Time: 1.174 ms
Failed SQL 613: SELECT S_QUANTITY, S_DATA, S_DIST_01, S_DIST_02, S_DIST_03, S_DIST_04, S_DIST_05, S_DIST_06, S_DIST_07, S_DIST_08, S_DIST_09, S_DIST_10 FROM STOCK WHERE S_I_ID = 70631 AND S_W_ID = 1
Error Message: Cannot invoke "java.util.List.get(int)" because the return value of "sg.edu.nus.autotune.DB2DATA.getAllIndexes()" is null


===== Query 614 =====

SQL: SELECT OL_I_ID, OL_SUPPLY_W_ID, OL_QUANTITY, OL_AMOUNT, OL_DELIVERY_D FROM ORDER_LINE WHERE OL_O_ID = 566 AND OL_D_ID = 10 AND OL_W_ID = 2

EXPLAIN Plan:

Index Scan using order_line_pkey on order_line  (cost=0.43..43.81 rows=10 width=27) (actual time=1.349..1.356 rows=12 loops=1)

  Index Cond: ((ol_w_id = 2) AND (ol_d_id = 10) AND (ol_o_id = 566))

Planning Time: 0.098 ms

Execution Time: 1.378 ms
Failed SQL 614: SELECT OL_I_ID, OL_SUPPLY_W_ID, OL_QUANTITY, OL_AMOUNT, OL_DELIVERY_D FROM ORDER_LINE WHERE OL_O_ID = 566 AND OL_D_ID = 10 AND OL_W_ID = 2
Error Message: Cannot invoke "java.util.List.get(int)" because the return value of "sg.edu.nus.autotune.DB2DATA.getAllIndexes()" is null


===== Query 615 =====

SQL: UPDATE STOCK SET S_QUANTITY = 49, S_YTD = S_YTD + 10, S_ORDER_CNT = S_ORDER_CNT + 1, S_REMOTE_CNT = S_REMOTE_CNT + 0 WHERE S_I_ID = 70631 AND S_W_ID = 1

EXPLAIN Plan:

Update on stock  (cost=0.42..8.45 rows=0 width=0) (actual time=0.060..0.060 rows=0 loops=1)

  ->  Index Scan using stock_pkey on stock  (cost=0.42..8.45 rows=1 width=32) (actual time=0.025..0.026 rows=1 loops=1)

        Index Cond: ((s_w_id = 1) AND (s_i_id = 70631))

Planning Time: 0.101 ms

Execution Time: 0.087 ms
Failed SQL 615: UPDATE STOCK SET S_QUANTITY = 49, S_YTD = S_YTD + 10, S_ORDER_CNT = S_ORDER_CNT + 1, S_REMOTE_CNT = S_REMOTE_CNT + 0 WHERE S_I_ID = 70631 AND S_W_ID = 1
Error Message: Cannot invoke "java.util.List.get(int)" because the return value of "sg.edu.nus.autotune.DB2DATA.getAllIndexes()" is null


===== Query 616 =====

SQL: SELECT I_PRICE, I_NAME , I_DATA FROM ITEM WHERE I_ID = 65127

EXPLAIN Plan:

Index Scan using item_pkey on item  (cost=0.29..8.31 rows=1 width=61) (actual time=0.831..0.833 rows=1 loops=1)

  Index Cond: (i_id = 65127)

Planning Time: 0.070 ms

Execution Time: 0.851 ms
Failed SQL 616: SELECT I_PRICE, I_NAME , I_DATA FROM ITEM WHERE I_ID = 65127
Error Message: Cannot invoke "java.util.List.get(int)" because the return value of "sg.edu.nus.autotune.DB2DATA.getAllIndexes()" is null


===== Query 617 =====

SQL: SELECT S_QUANTITY, S_DATA, S_DIST_01, S_DIST_02, S_DIST_03, S_DIST_04, S_DIST_05, S_DIST_06, S_DIST_07, S_DIST_08, S_DIST_09, S_DIST_10 FROM STOCK WHERE S_I_ID = 65127 AND S_W_ID = 1

EXPLAIN Plan:

Index Scan using stock_pkey on stock  (cost=0.42..8.44 rows=1 width=291) (actual time=0.799..0.801 rows=1 loops=1)

  Index Cond: ((s_w_id = 1) AND (s_i_id = 65127))

Planning Time: 0.096 ms

Execution Time: 0.823 ms
Failed SQL 617: SELECT S_QUANTITY, S_DATA, S_DIST_01, S_DIST_02, S_DIST_03, S_DIST_04, S_DIST_05, S_DIST_06, S_DIST_07, S_DIST_08, S_DIST_09, S_DIST_10 FROM STOCK WHERE S_I_ID = 65127 AND S_W_ID = 1
Error Message: Cannot invoke "java.util.List.get(int)" because the return value of "sg.edu.nus.autotune.DB2DATA.getAllIndexes()" is null


===== Query 618 =====

SQL: UPDATE STOCK SET S_QUANTITY = 22, S_YTD = S_YTD + 3, S_ORDER_CNT = S_ORDER_CNT + 1, S_REMOTE_CNT = S_REMOTE_CNT + 0 WHERE S_I_ID = 65127 AND S_W_ID = 1

EXPLAIN Plan:

Update on stock  (cost=0.42..8.45 rows=0 width=0) (actual time=0.060..0.061 rows=0 loops=1)

  ->  Index Scan using stock_pkey on stock  (cost=0.42..8.45 rows=1 width=32) (actual time=0.025..0.026 rows=1 loops=1)

        Index Cond: ((s_w_id = 1) AND (s_i_id = 65127))

Planning Time: 0.102 ms

Execution Time: 0.090 ms
Failed SQL 618: UPDATE STOCK SET S_QUANTITY = 22, S_YTD = S_YTD + 3, S_ORDER_CNT = S_ORDER_CNT + 1, S_REMOTE_CNT = S_REMOTE_CNT + 0 WHERE S_I_ID = 65127 AND S_W_ID = 1
Error Message: Cannot invoke "java.util.List.get(int)" because the return value of "sg.edu.nus.autotune.DB2DATA.getAllIndexes()" is null


===== Query 619 =====

SQL: SELECT C_DISCOUNT, C_LAST, C_CREDIT, W_TAX FROM CUSTOMER, WAREHOUSE WHERE W_ID = 2 AND C_W_ID = 2 AND C_D_ID = 1 AND C_ID = 71

EXPLAIN Plan:

Nested Loop  (cost=4.56..16.61 rows=1 width=26) (actual time=1.194..1.196 rows=1 loops=1)

  ->  Index Scan using customer_pkey on customer  (cost=0.42..8.44 rows=1 width=21) (actual time=1.173..1.174 rows=1 loops=1)

        Index Cond: ((c_w_id = 2) AND (c_d_id = 1) AND (c_id = 71))

  ->  Bitmap Heap Scan on warehouse  (cost=4.14..8.15 rows=1 width=5) (actual time=0.008..0.009 rows=1 loops=1)

        Recheck Cond: (w_id = 2)

        Heap Blocks: exact=1

        ->  Bitmap Index Scan on warehouse_pkey  (cost=0.00..4.14 rows=1 width=0) (actual time=0.005..0.005 rows=1 loops=1)

              Index Cond: (w_id = 2)

Planning Time: 0.141 ms

Execution Time: 1.235 ms
Failed SQL 619: SELECT C_DISCOUNT, C_LAST, C_CREDIT, W_TAX FROM CUSTOMER, WAREHOUSE WHERE W_ID = 2 AND C_W_ID = 2 AND C_D_ID = 1 AND C_ID = 71
Error Message: Cannot invoke "java.util.List.get(int)" because the return value of "sg.edu.nus.autotune.DB2DATA.getAllIndexes()" is null


===== Query 620 =====

SQL: SELECT C_DISCOUNT, C_LAST, C_CREDIT, W_TAX FROM CUSTOMER, WAREHOUSE WHERE W_ID = 1 AND C_W_ID = 1 AND C_D_ID = 4 AND C_ID = 70

EXPLAIN Plan:

Nested Loop  (cost=4.56..16.61 rows=1 width=26) (actual time=0.040..0.042 rows=1 loops=1)

  ->  Index Scan using customer_pkey on customer  (cost=0.42..8.44 rows=1 width=21) (actual time=0.027..0.028 rows=1 loops=1)

        Index Cond: ((c_w_id = 1) AND (c_d_id = 4) AND (c_id = 70))

  ->  Bitmap Heap Scan on warehouse  (cost=4.14..8.15 rows=1 width=5) (actual time=0.007..0.007 rows=1 loops=1)

        Recheck Cond: (w_id = 1)

        Heap Blocks: exact=1

        ->  Bitmap Index Scan on warehouse_pkey  (cost=0.00..4.14 rows=1 width=0) (actual time=0.003..0.003 rows=1 loops=1)

              Index Cond: (w_id = 1)

Planning Time: 0.136 ms

Execution Time: 0.079 ms
Failed SQL 620: SELECT C_DISCOUNT, C_LAST, C_CREDIT, W_TAX FROM CUSTOMER, WAREHOUSE WHERE W_ID = 1 AND C_W_ID = 1 AND C_D_ID = 4 AND C_ID = 70
Error Message: Cannot invoke "java.util.List.get(int)" because the return value of "sg.edu.nus.autotune.DB2DATA.getAllIndexes()" is null


===== Query 621 =====

SQL: SELECT D_NEXT_O_ID, D_TAX FROM DISTRICT WHERE D_W_ID = 2 AND D_ID = 1

EXPLAIN Plan:

Bitmap Heap Scan on district  (cost=4.28..11.66 rows=2 width=9) (actual time=0.019..0.020 rows=1 loops=1)

  Recheck Cond: ((d_w_id = 2) AND (d_id = 1))

  Heap Blocks: exact=1

  ->  Bitmap Index Scan on district_pkey  (cost=0.00..4.28 rows=2 width=0) (actual time=0.011..0.011 rows=1 loops=1)

        Index Cond: ((d_w_id = 2) AND (d_id = 1))

Planning Time: 0.086 ms

Execution Time: 0.045 ms
Failed SQL 621: SELECT D_NEXT_O_ID, D_TAX FROM DISTRICT WHERE D_W_ID = 2 AND D_ID = 1
Error Message: Cannot invoke "java.util.List.get(int)" because the return value of "sg.edu.nus.autotune.DB2DATA.getAllIndexes()" is null


===== Query 622 =====

SQL: UPDATE DISTRICT SET D_NEXT_O_ID = D_NEXT_O_ID + 1 WHERE D_W_ID = 2 AND D_ID = 1

EXPLAIN Plan:

Update on district  (cost=4.28..11.67 rows=0 width=0) (actual time=0.048..0.048 rows=0 loops=1)

  ->  Bitmap Heap Scan on district  (cost=4.28..11.67 rows=2 width=10) (actual time=0.018..0.019 rows=1 loops=1)

        Recheck Cond: ((d_w_id = 2) AND (d_id = 1))

        Heap Blocks: exact=1

        ->  Bitmap Index Scan on district_pkey  (cost=0.00..4.28 rows=2 width=0) (actual time=0.010..0.010 rows=1 loops=1)

              Index Cond: ((d_w_id = 2) AND (d_id = 1))

Planning Time: 0.086 ms

Execution Time: 0.080 ms
Failed SQL 622: UPDATE DISTRICT SET D_NEXT_O_ID = D_NEXT_O_ID + 1 WHERE D_W_ID = 2 AND D_ID = 1
Error Message: Cannot invoke "java.util.List.get(int)" because the return value of "sg.edu.nus.autotune.DB2DATA.getAllIndexes()" is null


===== Query 623 =====

SQL: SELECT D_NEXT_O_ID, D_TAX FROM DISTRICT WHERE D_W_ID = 1 AND D_ID = 4

EXPLAIN Plan:

Bitmap Heap Scan on district  (cost=4.28..11.66 rows=2 width=9) (actual time=0.018..0.019 rows=1 loops=1)

  Recheck Cond: ((d_w_id = 1) AND (d_id = 4))

  Heap Blocks: exact=1

  ->  Bitmap Index Scan on district_pkey  (cost=0.00..4.28 rows=2 width=0) (actual time=0.010..0.011 rows=1 loops=1)

        Index Cond: ((d_w_id = 1) AND (d_id = 4))

Planning Time: 0.085 ms

Execution Time: 0.042 ms
Failed SQL 623: SELECT D_NEXT_O_ID, D_TAX FROM DISTRICT WHERE D_W_ID = 1 AND D_ID = 4
Error Message: Cannot invoke "java.util.List.get(int)" because the return value of "sg.edu.nus.autotune.DB2DATA.getAllIndexes()" is null


===== Query 624 =====

SQL: UPDATE DISTRICT SET D_NEXT_O_ID = D_NEXT_O_ID + 1 WHERE D_W_ID = 1 AND D_ID = 4

EXPLAIN Plan:

Update on district  (cost=4.28..11.67 rows=0 width=0) (actual time=0.050..0.050 rows=0 loops=1)

  ->  Bitmap Heap Scan on district  (cost=4.28..11.67 rows=2 width=10) (actual time=0.019..0.020 rows=1 loops=1)

        Recheck Cond: ((d_w_id = 1) AND (d_id = 4))

        Heap Blocks: exact=1

        ->  Bitmap Index Scan on district_pkey  (cost=0.00..4.28 rows=2 width=0) (actual time=0.011..0.011 rows=1 loops=1)

              Index Cond: ((d_w_id = 1) AND (d_id = 4))

Planning Time: 0.089 ms

Execution Time: 0.081 ms
Failed SQL 624: UPDATE DISTRICT SET D_NEXT_O_ID = D_NEXT_O_ID + 1 WHERE D_W_ID = 1 AND D_ID = 4
Error Message: Cannot invoke "java.util.List.get(int)" because the return value of "sg.edu.nus.autotune.DB2DATA.getAllIndexes()" is null


===== Query 625 =====

SQL: SELECT I_PRICE, I_NAME , I_DATA FROM ITEM WHERE I_ID = 4163

EXPLAIN Plan:

Index Scan using item_pkey on item  (cost=0.29..8.31 rows=1 width=61) (actual time=1.145..1.147 rows=1 loops=1)

  Index Cond: (i_id = 4163)

Planning Time: 0.075 ms

Execution Time: 1.165 ms
Failed SQL 625: SELECT I_PRICE, I_NAME , I_DATA FROM ITEM WHERE I_ID = 4163
Error Message: Cannot invoke "java.util.List.get(int)" because the return value of "sg.edu.nus.autotune.DB2DATA.getAllIndexes()" is null


===== Query 626 =====

SQL: SELECT S_QUANTITY, S_DATA, S_DIST_01, S_DIST_02, S_DIST_03, S_DIST_04, S_DIST_05, S_DIST_06, S_DIST_07, S_DIST_08, S_DIST_09, S_DIST_10 FROM STOCK WHERE S_I_ID = 4163 AND S_W_ID = 1

EXPLAIN Plan:

Index Scan using stock_pkey on stock  (cost=0.42..8.44 rows=1 width=291) (actual time=1.039..1.042 rows=1 loops=1)

  Index Cond: ((s_w_id = 1) AND (s_i_id = 4163))

Planning Time: 0.093 ms

Execution Time: 1.064 ms
Failed SQL 626: SELECT S_QUANTITY, S_DATA, S_DIST_01, S_DIST_02, S_DIST_03, S_DIST_04, S_DIST_05, S_DIST_06, S_DIST_07, S_DIST_08, S_DIST_09, S_DIST_10 FROM STOCK WHERE S_I_ID = 4163 AND S_W_ID = 1
Error Message: Cannot invoke "java.util.List.get(int)" because the return value of "sg.edu.nus.autotune.DB2DATA.getAllIndexes()" is null


===== Query 627 =====

SQL: UPDATE STOCK SET S_QUANTITY = 57, S_YTD = S_YTD + 6, S_ORDER_CNT = S_ORDER_CNT + 1, S_REMOTE_CNT = S_REMOTE_CNT + 0 WHERE S_I_ID = 4163 AND S_W_ID = 1

EXPLAIN Plan:

Update on stock  (cost=0.42..8.45 rows=0 width=0) (actual time=0.080..0.080 rows=0 loops=1)

  ->  Index Scan using stock_pkey on stock  (cost=0.42..8.45 rows=1 width=32) (actual time=0.024..0.026 rows=1 loops=1)

        Index Cond: ((s_w_id = 1) AND (s_i_id = 4163))

Planning Time: 0.097 ms

Execution Time: 0.108 ms
Failed SQL 627: UPDATE STOCK SET S_QUANTITY = 57, S_YTD = S_YTD + 6, S_ORDER_CNT = S_ORDER_CNT + 1, S_REMOTE_CNT = S_REMOTE_CNT + 0 WHERE S_I_ID = 4163 AND S_W_ID = 1
Error Message: Cannot invoke "java.util.List.get(int)" because the return value of "sg.edu.nus.autotune.DB2DATA.getAllIndexes()" is null


===== Query 628 =====

SQL: SELECT I_PRICE, I_NAME , I_DATA FROM ITEM WHERE I_ID = 92839

EXPLAIN Plan:

Index Scan using item_pkey on item  (cost=0.29..8.31 rows=1 width=61) (actual time=0.838..0.840 rows=1 loops=1)

  Index Cond: (i_id = 92839)

Planning Time: 0.075 ms

Execution Time: 0.859 ms
Failed SQL 628: SELECT I_PRICE, I_NAME , I_DATA FROM ITEM WHERE I_ID = 92839
Error Message: Cannot invoke "java.util.List.get(int)" because the return value of "sg.edu.nus.autotune.DB2DATA.getAllIndexes()" is null


===== Query 629 =====

SQL: SELECT I_PRICE, I_NAME , I_DATA FROM ITEM WHERE I_ID = 14855

EXPLAIN Plan:

Index Scan using item_pkey on item  (cost=0.29..8.31 rows=1 width=61) (actual time=1.196..1.198 rows=1 loops=1)

  Index Cond: (i_id = 14855)

Planning Time: 0.070 ms

Execution Time: 1.217 ms
Failed SQL 629: SELECT I_PRICE, I_NAME , I_DATA FROM ITEM WHERE I_ID = 14855
Error Message: Cannot invoke "java.util.List.get(int)" because the return value of "sg.edu.nus.autotune.DB2DATA.getAllIndexes()" is null


===== Query 630 =====

SQL: SELECT S_QUANTITY, S_DATA, S_DIST_01, S_DIST_02, S_DIST_03, S_DIST_04, S_DIST_05, S_DIST_06, S_DIST_07, S_DIST_08, S_DIST_09, S_DIST_10 FROM STOCK WHERE S_I_ID = 14855 AND S_W_ID = 2

EXPLAIN Plan:

Index Scan using stock_pkey on stock  (cost=0.42..8.44 rows=1 width=291) (actual time=0.602..0.604 rows=1 loops=1)

  Index Cond: ((s_w_id = 2) AND (s_i_id = 14855))

Planning Time: 0.092 ms

Execution Time: 0.626 ms
Failed SQL 630: SELECT S_QUANTITY, S_DATA, S_DIST_01, S_DIST_02, S_DIST_03, S_DIST_04, S_DIST_05, S_DIST_06, S_DIST_07, S_DIST_08, S_DIST_09, S_DIST_10 FROM STOCK WHERE S_I_ID = 14855 AND S_W_ID = 2
Error Message: Cannot invoke "java.util.List.get(int)" because the return value of "sg.edu.nus.autotune.DB2DATA.getAllIndexes()" is null


===== Query 631 =====

SQL: SELECT S_QUANTITY, S_DATA, S_DIST_01, S_DIST_02, S_DIST_03, S_DIST_04, S_DIST_05, S_DIST_06, S_DIST_07, S_DIST_08, S_DIST_09, S_DIST_10 FROM STOCK WHERE S_I_ID = 92839 AND S_W_ID = 1

EXPLAIN Plan:

Index Scan using stock_pkey on stock  (cost=0.42..8.44 rows=1 width=291) (actual time=0.772..0.774 rows=1 loops=1)

  Index Cond: ((s_w_id = 1) AND (s_i_id = 92839))

Planning Time: 0.087 ms

Execution Time: 0.795 ms
Failed SQL 631: SELECT S_QUANTITY, S_DATA, S_DIST_01, S_DIST_02, S_DIST_03, S_DIST_04, S_DIST_05, S_DIST_06, S_DIST_07, S_DIST_08, S_DIST_09, S_DIST_10 FROM STOCK WHERE S_I_ID = 92839 AND S_W_ID = 1
Error Message: Cannot invoke "java.util.List.get(int)" because the return value of "sg.edu.nus.autotune.DB2DATA.getAllIndexes()" is null


===== Query 632 =====

SQL: UPDATE STOCK SET S_QUANTITY = 58, S_YTD = S_YTD + 3, S_ORDER_CNT = S_ORDER_CNT + 1, S_REMOTE_CNT = S_REMOTE_CNT + 0 WHERE S_I_ID = 92839 AND S_W_ID = 1

EXPLAIN Plan:

Update on stock  (cost=0.42..8.45 rows=0 width=0) (actual time=0.086..0.087 rows=0 loops=1)

  ->  Index Scan using stock_pkey on stock  (cost=0.42..8.45 rows=1 width=32) (actual time=0.025..0.027 rows=1 loops=1)

        Index Cond: ((s_w_id = 1) AND (s_i_id = 92839))

Planning Time: 0.100 ms

Execution Time: 0.115 ms
Failed SQL 632: UPDATE STOCK SET S_QUANTITY = 58, S_YTD = S_YTD + 3, S_ORDER_CNT = S_ORDER_CNT + 1, S_REMOTE_CNT = S_REMOTE_CNT + 0 WHERE S_I_ID = 92839 AND S_W_ID = 1
Error Message: Cannot invoke "java.util.List.get(int)" because the return value of "sg.edu.nus.autotune.DB2DATA.getAllIndexes()" is null


===== Query 633 =====

SQL: SELECT I_PRICE, I_NAME , I_DATA FROM ITEM WHERE I_ID = 65239

EXPLAIN Plan:

Index Scan using item_pkey on item  (cost=0.29..8.31 rows=1 width=61) (actual time=0.019..0.020 rows=1 loops=1)

  Index Cond: (i_id = 65239)

Planning Time: 0.074 ms

Execution Time: 0.037 ms
Failed SQL 633: SELECT I_PRICE, I_NAME , I_DATA FROM ITEM WHERE I_ID = 65239
Error Message: Cannot invoke "java.util.List.get(int)" because the return value of "sg.edu.nus.autotune.DB2DATA.getAllIndexes()" is null


===== Query 634 =====

SQL: SELECT S_QUANTITY, S_DATA, S_DIST_01, S_DIST_02, S_DIST_03, S_DIST_04, S_DIST_05, S_DIST_06, S_DIST_07, S_DIST_08, S_DIST_09, S_DIST_10 FROM STOCK WHERE S_I_ID = 65239 AND S_W_ID = 1

EXPLAIN Plan:

Index Scan using stock_pkey on stock  (cost=0.42..8.44 rows=1 width=291) (actual time=0.024..0.026 rows=1 loops=1)

  Index Cond: ((s_w_id = 1) AND (s_i_id = 65239))

Planning Time: 0.090 ms

Execution Time: 0.046 ms
Failed SQL 634: SELECT S_QUANTITY, S_DATA, S_DIST_01, S_DIST_02, S_DIST_03, S_DIST_04, S_DIST_05, S_DIST_06, S_DIST_07, S_DIST_08, S_DIST_09, S_DIST_10 FROM STOCK WHERE S_I_ID = 65239 AND S_W_ID = 1
Error Message: Cannot invoke "java.util.List.get(int)" because the return value of "sg.edu.nus.autotune.DB2DATA.getAllIndexes()" is null


===== Query 635 =====

SQL: UPDATE STOCK SET S_QUANTITY = 53, S_YTD = S_YTD + 1, S_ORDER_CNT = S_ORDER_CNT + 1, S_REMOTE_CNT = S_REMOTE_CNT + 0 WHERE S_I_ID = 65239 AND S_W_ID = 1

EXPLAIN Plan:

Update on stock  (cost=0.42..8.45 rows=0 width=0) (actual time=0.058..0.059 rows=0 loops=1)

  ->  Index Scan using stock_pkey on stock  (cost=0.42..8.45 rows=1 width=32) (actual time=0.023..0.024 rows=1 loops=1)

        Index Cond: ((s_w_id = 1) AND (s_i_id = 65239))

Planning Time: 0.098 ms

Execution Time: 0.086 ms
Failed SQL 635: UPDATE STOCK SET S_QUANTITY = 53, S_YTD = S_YTD + 1, S_ORDER_CNT = S_ORDER_CNT + 1, S_REMOTE_CNT = S_REMOTE_CNT + 0 WHERE S_I_ID = 65239 AND S_W_ID = 1
Error Message: Cannot invoke "java.util.List.get(int)" because the return value of "sg.edu.nus.autotune.DB2DATA.getAllIndexes()" is null


===== Query 636 =====

SQL: SELECT I_PRICE, I_NAME , I_DATA FROM ITEM WHERE I_ID = 42571

EXPLAIN Plan:

Index Scan using item_pkey on item  (cost=0.29..8.31 rows=1 width=61) (actual time=1.006..1.007 rows=1 loops=1)

  Index Cond: (i_id = 42571)

Planning Time: 0.070 ms

Execution Time: 1.026 ms
Failed SQL 636: SELECT I_PRICE, I_NAME , I_DATA FROM ITEM WHERE I_ID = 42571
Error Message: Cannot invoke "java.util.List.get(int)" because the return value of "sg.edu.nus.autotune.DB2DATA.getAllIndexes()" is null


===== Query 637 =====

SQL: UPDATE STOCK SET S_QUANTITY = 88, S_YTD = S_YTD + 8, S_ORDER_CNT = S_ORDER_CNT + 1, S_REMOTE_CNT = S_REMOTE_CNT + 0 WHERE S_I_ID = 14855 AND S_W_ID = 2

EXPLAIN Plan:

Update on stock  (cost=0.42..8.45 rows=0 width=0) (actual time=0.059..0.059 rows=0 loops=1)

  ->  Index Scan using stock_pkey on stock  (cost=0.42..8.45 rows=1 width=32) (actual time=0.027..0.028 rows=1 loops=1)

        Index Cond: ((s_w_id = 2) AND (s_i_id = 14855))

Planning Time: 0.098 ms

Execution Time: 0.086 ms
Failed SQL 637: UPDATE STOCK SET S_QUANTITY = 88, S_YTD = S_YTD + 8, S_ORDER_CNT = S_ORDER_CNT + 1, S_REMOTE_CNT = S_REMOTE_CNT + 0 WHERE S_I_ID = 14855 AND S_W_ID = 2
Error Message: Cannot invoke "java.util.List.get(int)" because the return value of "sg.edu.nus.autotune.DB2DATA.getAllIndexes()" is null


===== Query 638 =====

SQL: SELECT I_PRICE, I_NAME , I_DATA FROM ITEM WHERE I_ID = 93855

EXPLAIN Plan:

Index Scan using item_pkey on item  (cost=0.29..8.31 rows=1 width=61) (actual time=0.795..0.798 rows=1 loops=1)

  Index Cond: (i_id = 93855)

Planning Time: 0.070 ms

Execution Time: 0.816 ms
Failed SQL 638: SELECT I_PRICE, I_NAME , I_DATA FROM ITEM WHERE I_ID = 93855
Error Message: Cannot invoke "java.util.List.get(int)" because the return value of "sg.edu.nus.autotune.DB2DATA.getAllIndexes()" is null


===== Query 639 =====

SQL: SELECT S_QUANTITY, S_DATA, S_DIST_01, S_DIST_02, S_DIST_03, S_DIST_04, S_DIST_05, S_DIST_06, S_DIST_07, S_DIST_08, S_DIST_09, S_DIST_10 FROM STOCK WHERE S_I_ID = 42571 AND S_W_ID = 1

EXPLAIN Plan:

Index Scan using stock_pkey on stock  (cost=0.42..8.44 rows=1 width=291) (actual time=1.033..1.035 rows=1 loops=1)

  Index Cond: ((s_w_id = 1) AND (s_i_id = 42571))

Planning Time: 0.088 ms

Execution Time: 1.057 ms
Failed SQL 639: SELECT S_QUANTITY, S_DATA, S_DIST_01, S_DIST_02, S_DIST_03, S_DIST_04, S_DIST_05, S_DIST_06, S_DIST_07, S_DIST_08, S_DIST_09, S_DIST_10 FROM STOCK WHERE S_I_ID = 42571 AND S_W_ID = 1
Error Message: Cannot invoke "java.util.List.get(int)" because the return value of "sg.edu.nus.autotune.DB2DATA.getAllIndexes()" is null


===== Query 640 =====

SQL: SELECT S_QUANTITY, S_DATA, S_DIST_01, S_DIST_02, S_DIST_03, S_DIST_04, S_DIST_05, S_DIST_06, S_DIST_07, S_DIST_08, S_DIST_09, S_DIST_10 FROM STOCK WHERE S_I_ID = 93855 AND S_W_ID = 2

EXPLAIN Plan:

Index Scan using stock_pkey on stock  (cost=0.42..8.44 rows=1 width=291) (actual time=0.787..0.789 rows=1 loops=1)

  Index Cond: ((s_w_id = 2) AND (s_i_id = 93855))

Planning Time: 0.088 ms

Execution Time: 0.811 ms
Failed SQL 640: SELECT S_QUANTITY, S_DATA, S_DIST_01, S_DIST_02, S_DIST_03, S_DIST_04, S_DIST_05, S_DIST_06, S_DIST_07, S_DIST_08, S_DIST_09, S_DIST_10 FROM STOCK WHERE S_I_ID = 93855 AND S_W_ID = 2
Error Message: Cannot invoke "java.util.List.get(int)" because the return value of "sg.edu.nus.autotune.DB2DATA.getAllIndexes()" is null


===== Query 641 =====

SQL: UPDATE STOCK SET S_QUANTITY = 56, S_YTD = S_YTD + 2, S_ORDER_CNT = S_ORDER_CNT + 1, S_REMOTE_CNT = S_REMOTE_CNT + 0 WHERE S_I_ID = 93855 AND S_W_ID = 2

EXPLAIN Plan:

Update on stock  (cost=0.42..8.45 rows=0 width=0) (actual time=0.086..0.086 rows=0 loops=1)

  ->  Index Scan using stock_pkey on stock  (cost=0.42..8.45 rows=1 width=32) (actual time=0.024..0.026 rows=1 loops=1)

        Index Cond: ((s_w_id = 2) AND (s_i_id = 93855))

Planning Time: 0.096 ms

Execution Time: 0.112 ms
Failed SQL 641: UPDATE STOCK SET S_QUANTITY = 56, S_YTD = S_YTD + 2, S_ORDER_CNT = S_ORDER_CNT + 1, S_REMOTE_CNT = S_REMOTE_CNT + 0 WHERE S_I_ID = 93855 AND S_W_ID = 2
Error Message: Cannot invoke "java.util.List.get(int)" because the return value of "sg.edu.nus.autotune.DB2DATA.getAllIndexes()" is null


===== Query 642 =====

SQL: SELECT I_PRICE, I_NAME , I_DATA FROM ITEM WHERE I_ID = 6210

EXPLAIN Plan:

Index Scan using item_pkey on item  (cost=0.29..8.31 rows=1 width=61) (actual time=0.020..0.021 rows=1 loops=1)

  Index Cond: (i_id = 6210)

Planning Time: 0.075 ms

Execution Time: 0.038 ms
Failed SQL 642: SELECT I_PRICE, I_NAME , I_DATA FROM ITEM WHERE I_ID = 6210
Error Message: Cannot invoke "java.util.List.get(int)" because the return value of "sg.edu.nus.autotune.DB2DATA.getAllIndexes()" is null


===== Query 643 =====

SQL: SELECT S_QUANTITY, S_DATA, S_DIST_01, S_DIST_02, S_DIST_03, S_DIST_04, S_DIST_05, S_DIST_06, S_DIST_07, S_DIST_08, S_DIST_09, S_DIST_10 FROM STOCK WHERE S_I_ID = 6210 AND S_W_ID = 2

EXPLAIN Plan:

Index Scan using stock_pkey on stock  (cost=0.42..8.44 rows=1 width=291) (actual time=0.788..0.790 rows=1 loops=1)

  Index Cond: ((s_w_id = 2) AND (s_i_id = 6210))

Planning Time: 0.095 ms

Execution Time: 0.812 ms
Failed SQL 643: SELECT S_QUANTITY, S_DATA, S_DIST_01, S_DIST_02, S_DIST_03, S_DIST_04, S_DIST_05, S_DIST_06, S_DIST_07, S_DIST_08, S_DIST_09, S_DIST_10 FROM STOCK WHERE S_I_ID = 6210 AND S_W_ID = 2
Error Message: Cannot invoke "java.util.List.get(int)" because the return value of "sg.edu.nus.autotune.DB2DATA.getAllIndexes()" is null


===== Query 644 =====

SQL: UPDATE STOCK SET S_QUANTITY = 35, S_YTD = S_YTD + 6, S_ORDER_CNT = S_ORDER_CNT + 1, S_REMOTE_CNT = S_REMOTE_CNT + 0 WHERE S_I_ID = 6210 AND S_W_ID = 2

EXPLAIN Plan:

Update on stock  (cost=0.42..8.45 rows=0 width=0) (actual time=0.059..0.059 rows=0 loops=1)

  ->  Index Scan using stock_pkey on stock  (cost=0.42..8.45 rows=1 width=32) (actual time=0.025..0.026 rows=1 loops=1)

        Index Cond: ((s_w_id = 2) AND (s_i_id = 6210))

Planning Time: 0.098 ms

Execution Time: 0.086 ms
Failed SQL 644: UPDATE STOCK SET S_QUANTITY = 35, S_YTD = S_YTD + 6, S_ORDER_CNT = S_ORDER_CNT + 1, S_REMOTE_CNT = S_REMOTE_CNT + 0 WHERE S_I_ID = 6210 AND S_W_ID = 2
Error Message: Cannot invoke "java.util.List.get(int)" because the return value of "sg.edu.nus.autotune.DB2DATA.getAllIndexes()" is null


===== Query 645 =====

SQL: SELECT I_PRICE, I_NAME , I_DATA FROM ITEM WHERE I_ID = 88774

EXPLAIN Plan:

Index Scan using item_pkey on item  (cost=0.29..8.31 rows=1 width=61) (actual time=0.814..0.817 rows=1 loops=1)

  Index Cond: (i_id = 88774)

Planning Time: 0.077 ms

Execution Time: 0.835 ms
Failed SQL 645: SELECT I_PRICE, I_NAME , I_DATA FROM ITEM WHERE I_ID = 88774
Error Message: Cannot invoke "java.util.List.get(int)" because the return value of "sg.edu.nus.autotune.DB2DATA.getAllIndexes()" is null


===== Query 646 =====

SQL: UPDATE STOCK SET S_QUANTITY = 75, S_YTD = S_YTD + 8, S_ORDER_CNT = S_ORDER_CNT + 1, S_REMOTE_CNT = S_REMOTE_CNT + 0 WHERE S_I_ID = 42571 AND S_W_ID = 1

EXPLAIN Plan:

Update on stock  (cost=0.42..8.45 rows=0 width=0) (actual time=0.058..0.058 rows=0 loops=1)

  ->  Index Scan using stock_pkey on stock  (cost=0.42..8.45 rows=1 width=32) (actual time=0.024..0.025 rows=1 loops=1)

        Index Cond: ((s_w_id = 1) AND (s_i_id = 42571))

Planning Time: 0.099 ms

Execution Time: 0.087 ms
Failed SQL 646: UPDATE STOCK SET S_QUANTITY = 75, S_YTD = S_YTD + 8, S_ORDER_CNT = S_ORDER_CNT + 1, S_REMOTE_CNT = S_REMOTE_CNT + 0 WHERE S_I_ID = 42571 AND S_W_ID = 1
Error Message: Cannot invoke "java.util.List.get(int)" because the return value of "sg.edu.nus.autotune.DB2DATA.getAllIndexes()" is null


===== Query 647 =====

SQL: SELECT I_PRICE, I_NAME , I_DATA FROM ITEM WHERE I_ID = 73314

EXPLAIN Plan:

Index Scan using item_pkey on item  (cost=0.29..8.31 rows=1 width=61) (actual time=0.020..0.021 rows=1 loops=1)

  Index Cond: (i_id = 73314)

Planning Time: 0.071 ms

Execution Time: 0.038 ms
Failed SQL 647: SELECT I_PRICE, I_NAME , I_DATA FROM ITEM WHERE I_ID = 73314
Error Message: Cannot invoke "java.util.List.get(int)" because the return value of "sg.edu.nus.autotune.DB2DATA.getAllIndexes()" is null


===== Query 648 =====

SQL: SELECT S_QUANTITY, S_DATA, S_DIST_01, S_DIST_02, S_DIST_03, S_DIST_04, S_DIST_05, S_DIST_06, S_DIST_07, S_DIST_08, S_DIST_09, S_DIST_10 FROM STOCK WHERE S_I_ID = 73314 AND S_W_ID = 1

EXPLAIN Plan:

Index Scan using stock_pkey on stock  (cost=0.42..8.44 rows=1 width=291) (actual time=0.798..0.800 rows=1 loops=1)

  Index Cond: ((s_w_id = 1) AND (s_i_id = 73314))

Planning Time: 0.095 ms

Execution Time: 0.823 ms
Failed SQL 648: SELECT S_QUANTITY, S_DATA, S_DIST_01, S_DIST_02, S_DIST_03, S_DIST_04, S_DIST_05, S_DIST_06, S_DIST_07, S_DIST_08, S_DIST_09, S_DIST_10 FROM STOCK WHERE S_I_ID = 73314 AND S_W_ID = 1
Error Message: Cannot invoke "java.util.List.get(int)" because the return value of "sg.edu.nus.autotune.DB2DATA.getAllIndexes()" is null


===== Query 649 =====

SQL: UPDATE STOCK SET S_QUANTITY = 19, S_YTD = S_YTD + 3, S_ORDER_CNT = S_ORDER_CNT + 1, S_REMOTE_CNT = S_REMOTE_CNT + 0 WHERE S_I_ID = 73314 AND S_W_ID = 1

EXPLAIN Plan:

Update on stock  (cost=0.42..8.45 rows=0 width=0) (actual time=0.085..0.086 rows=0 loops=1)

  ->  Index Scan using stock_pkey on stock  (cost=0.42..8.45 rows=1 width=32) (actual time=0.025..0.026 rows=1 loops=1)

        Index Cond: ((s_w_id = 1) AND (s_i_id = 73314))

Planning Time: 0.099 ms

Execution Time: 0.113 ms
Failed SQL 649: UPDATE STOCK SET S_QUANTITY = 19, S_YTD = S_YTD + 3, S_ORDER_CNT = S_ORDER_CNT + 1, S_REMOTE_CNT = S_REMOTE_CNT + 0 WHERE S_I_ID = 73314 AND S_W_ID = 1
Error Message: Cannot invoke "java.util.List.get(int)" because the return value of "sg.edu.nus.autotune.DB2DATA.getAllIndexes()" is null


===== Query 650 =====

SQL: SELECT I_PRICE, I_NAME , I_DATA FROM ITEM WHERE I_ID = 71334

EXPLAIN Plan:

Index Scan using item_pkey on item  (cost=0.29..8.31 rows=1 width=61) (actual time=0.983..0.986 rows=1 loops=1)

  Index Cond: (i_id = 71334)

Planning Time: 0.086 ms

Execution Time: 1.005 ms
Failed SQL 650: SELECT I_PRICE, I_NAME , I_DATA FROM ITEM WHERE I_ID = 71334
Error Message: Cannot invoke "java.util.List.get(int)" because the return value of "sg.edu.nus.autotune.DB2DATA.getAllIndexes()" is null


===== Query 651 =====

SQL: SELECT S_QUANTITY, S_DATA, S_DIST_01, S_DIST_02, S_DIST_03, S_DIST_04, S_DIST_05, S_DIST_06, S_DIST_07, S_DIST_08, S_DIST_09, S_DIST_10 FROM STOCK WHERE S_I_ID = 71334 AND S_W_ID = 1

EXPLAIN Plan:

Index Scan using stock_pkey on stock  (cost=0.42..8.44 rows=1 width=291) (actual time=1.005..1.007 rows=1 loops=1)

  Index Cond: ((s_w_id = 1) AND (s_i_id = 71334))

Planning Time: 0.092 ms

Execution Time: 1.030 ms
Failed SQL 651: SELECT S_QUANTITY, S_DATA, S_DIST_01, S_DIST_02, S_DIST_03, S_DIST_04, S_DIST_05, S_DIST_06, S_DIST_07, S_DIST_08, S_DIST_09, S_DIST_10 FROM STOCK WHERE S_I_ID = 71334 AND S_W_ID = 1
Error Message: Cannot invoke "java.util.List.get(int)" because the return value of "sg.edu.nus.autotune.DB2DATA.getAllIndexes()" is null


===== Query 652 =====

SQL: UPDATE STOCK SET S_QUANTITY = 13, S_YTD = S_YTD + 10, S_ORDER_CNT = S_ORDER_CNT + 1, S_REMOTE_CNT = S_REMOTE_CNT + 0 WHERE S_I_ID = 71334 AND S_W_ID = 1

EXPLAIN Plan:

Update on stock  (cost=0.42..8.45 rows=0 width=0) (actual time=0.059..0.059 rows=0 loops=1)

  ->  Index Scan using stock_pkey on stock  (cost=0.42..8.45 rows=1 width=32) (actual time=0.025..0.026 rows=1 loops=1)

        Index Cond: ((s_w_id = 1) AND (s_i_id = 71334))

Planning Time: 0.099 ms

Execution Time: 0.086 ms
Failed SQL 652: UPDATE STOCK SET S_QUANTITY = 13, S_YTD = S_YTD + 10, S_ORDER_CNT = S_ORDER_CNT + 1, S_REMOTE_CNT = S_REMOTE_CNT + 0 WHERE S_I_ID = 71334 AND S_W_ID = 1
Error Message: Cannot invoke "java.util.List.get(int)" because the return value of "sg.edu.nus.autotune.DB2DATA.getAllIndexes()" is null


===== Query 653 =====

SQL: SELECT I_PRICE, I_NAME , I_DATA FROM ITEM WHERE I_ID = 15571

EXPLAIN Plan:

Index Scan using item_pkey on item  (cost=0.29..8.31 rows=1 width=61) (actual time=0.818..0.820 rows=1 loops=1)

  Index Cond: (i_id = 15571)

Planning Time: 0.075 ms

Execution Time: 0.838 ms
Failed SQL 653: SELECT I_PRICE, I_NAME , I_DATA FROM ITEM WHERE I_ID = 15571
Error Message: Cannot invoke "java.util.List.get(int)" because the return value of "sg.edu.nus.autotune.DB2DATA.getAllIndexes()" is null


===== Query 654 =====

SQL: SELECT S_QUANTITY, S_DATA, S_DIST_01, S_DIST_02, S_DIST_03, S_DIST_04, S_DIST_05, S_DIST_06, S_DIST_07, S_DIST_08, S_DIST_09, S_DIST_10 FROM STOCK WHERE S_I_ID = 15571 AND S_W_ID = 1

EXPLAIN Plan:

Index Scan using stock_pkey on stock  (cost=0.42..8.44 rows=1 width=291) (actual time=1.018..1.020 rows=1 loops=1)

  Index Cond: ((s_w_id = 1) AND (s_i_id = 15571))

Planning Time: 0.098 ms

Execution Time: 1.045 ms
Failed SQL 654: SELECT S_QUANTITY, S_DATA, S_DIST_01, S_DIST_02, S_DIST_03, S_DIST_04, S_DIST_05, S_DIST_06, S_DIST_07, S_DIST_08, S_DIST_09, S_DIST_10 FROM STOCK WHERE S_I_ID = 15571 AND S_W_ID = 1
Error Message: Cannot invoke "java.util.List.get(int)" because the return value of "sg.edu.nus.autotune.DB2DATA.getAllIndexes()" is null


===== Query 655 =====

SQL: SELECT S_QUANTITY, S_DATA, S_DIST_01, S_DIST_02, S_DIST_03, S_DIST_04, S_DIST_05, S_DIST_06, S_DIST_07, S_DIST_08, S_DIST_09, S_DIST_10 FROM STOCK WHERE S_I_ID = 88774 AND S_W_ID = 2

EXPLAIN Plan:

Index Scan using stock_pkey on stock  (cost=0.42..8.44 rows=1 width=291) (actual time=0.050..0.051 rows=1 loops=1)

  Index Cond: ((s_w_id = 2) AND (s_i_id = 88774))

Planning Time: 0.145 ms

Execution Time: 0.074 ms
Failed SQL 655: SELECT S_QUANTITY, S_DATA, S_DIST_01, S_DIST_02, S_DIST_03, S_DIST_04, S_DIST_05, S_DIST_06, S_DIST_07, S_DIST_08, S_DIST_09, S_DIST_10 FROM STOCK WHERE S_I_ID = 88774 AND S_W_ID = 2
Error Message: Cannot invoke "java.util.List.get(int)" because the return value of "sg.edu.nus.autotune.DB2DATA.getAllIndexes()" is null


===== Query 656 =====

SQL: UPDATE STOCK SET S_QUANTITY = 38, S_YTD = S_YTD + 7, S_ORDER_CNT = S_ORDER_CNT + 1, S_REMOTE_CNT = S_REMOTE_CNT + 0 WHERE S_I_ID = 88774 AND S_W_ID = 2

EXPLAIN Plan:

Update on stock  (cost=0.42..8.45 rows=0 width=0) (actual time=0.060..0.061 rows=0 loops=1)

  ->  Index Scan using stock_pkey on stock  (cost=0.42..8.45 rows=1 width=32) (actual time=0.025..0.026 rows=1 loops=1)

        Index Cond: ((s_w_id = 2) AND (s_i_id = 88774))

Planning Time: 0.100 ms

Execution Time: 0.089 ms
Failed SQL 656: UPDATE STOCK SET S_QUANTITY = 38, S_YTD = S_YTD + 7, S_ORDER_CNT = S_ORDER_CNT + 1, S_REMOTE_CNT = S_REMOTE_CNT + 0 WHERE S_I_ID = 88774 AND S_W_ID = 2
Error Message: Cannot invoke "java.util.List.get(int)" because the return value of "sg.edu.nus.autotune.DB2DATA.getAllIndexes()" is null


===== Query 657 =====

SQL: SELECT I_PRICE, I_NAME , I_DATA FROM ITEM WHERE I_ID = 3139

EXPLAIN Plan:

Index Scan using item_pkey on item  (cost=0.29..8.31 rows=1 width=61) (actual time=0.972..0.974 rows=1 loops=1)

  Index Cond: (i_id = 3139)

Planning Time: 0.075 ms

Execution Time: 0.992 ms
Failed SQL 657: SELECT I_PRICE, I_NAME , I_DATA FROM ITEM WHERE I_ID = 3139
Error Message: Cannot invoke "java.util.List.get(int)" because the return value of "sg.edu.nus.autotune.DB2DATA.getAllIndexes()" is null


===== Query 658 =====

SQL: SELECT S_QUANTITY, S_DATA, S_DIST_01, S_DIST_02, S_DIST_03, S_DIST_04, S_DIST_05, S_DIST_06, S_DIST_07, S_DIST_08, S_DIST_09, S_DIST_10 FROM STOCK WHERE S_I_ID = 3139 AND S_W_ID = 2

EXPLAIN Plan:

Index Scan using stock_pkey on stock  (cost=0.42..8.44 rows=1 width=291) (actual time=1.180..1.182 rows=1 loops=1)

  Index Cond: ((s_w_id = 2) AND (s_i_id = 3139))

Planning Time: 0.093 ms

Execution Time: 1.205 ms
Failed SQL 658: SELECT S_QUANTITY, S_DATA, S_DIST_01, S_DIST_02, S_DIST_03, S_DIST_04, S_DIST_05, S_DIST_06, S_DIST_07, S_DIST_08, S_DIST_09, S_DIST_10 FROM STOCK WHERE S_I_ID = 3139 AND S_W_ID = 2
Error Message: Cannot invoke "java.util.List.get(int)" because the return value of "sg.edu.nus.autotune.DB2DATA.getAllIndexes()" is null


===== Query 659 =====

SQL: UPDATE STOCK SET S_QUANTITY = 78, S_YTD = S_YTD + 5, S_ORDER_CNT = S_ORDER_CNT + 1, S_REMOTE_CNT = S_REMOTE_CNT + 0 WHERE S_I_ID = 15571 AND S_W_ID = 1

EXPLAIN Plan:

Update on stock  (cost=0.42..8.45 rows=0 width=0) (actual time=0.082..0.083 rows=0 loops=1)

  ->  Index Scan using stock_pkey on stock  (cost=0.42..8.45 rows=1 width=32) (actual time=0.025..0.026 rows=1 loops=1)

        Index Cond: ((s_w_id = 1) AND (s_i_id = 15571))

Planning Time: 0.097 ms

Execution Time: 0.110 ms
Failed SQL 659: UPDATE STOCK SET S_QUANTITY = 78, S_YTD = S_YTD + 5, S_ORDER_CNT = S_ORDER_CNT + 1, S_REMOTE_CNT = S_REMOTE_CNT + 0 WHERE S_I_ID = 15571 AND S_W_ID = 1
Error Message: Cannot invoke "java.util.List.get(int)" because the return value of "sg.edu.nus.autotune.DB2DATA.getAllIndexes()" is null


===== Query 660 =====

SQL: SELECT I_PRICE, I_NAME , I_DATA FROM ITEM WHERE I_ID = 4422

EXPLAIN Plan:

Index Scan using item_pkey on item  (cost=0.29..8.31 rows=1 width=61) (actual time=0.814..0.816 rows=1 loops=1)

  Index Cond: (i_id = 4422)

Planning Time: 0.072 ms

Execution Time: 0.834 ms
Failed SQL 660: SELECT I_PRICE, I_NAME , I_DATA FROM ITEM WHERE I_ID = 4422
Error Message: Cannot invoke "java.util.List.get(int)" because the return value of "sg.edu.nus.autotune.DB2DATA.getAllIndexes()" is null


===== Query 661 =====

SQL: UPDATE STOCK SET S_QUANTITY = 52, S_YTD = S_YTD + 1, S_ORDER_CNT = S_ORDER_CNT + 1, S_REMOTE_CNT = S_REMOTE_CNT + 0 WHERE S_I_ID = 3139 AND S_W_ID = 2

EXPLAIN Plan:

Update on stock  (cost=0.42..8.45 rows=0 width=0) (actual time=0.036..0.036 rows=0 loops=1)

  ->  Index Scan using stock_pkey on stock  (cost=0.42..8.45 rows=1 width=32) (actual time=0.016..0.017 rows=1 loops=1)

        Index Cond: ((s_w_id = 2) AND (s_i_id = 3139))

Planning Time: 0.058 ms

Execution Time: 0.051 ms
Failed SQL 661: UPDATE STOCK SET S_QUANTITY = 52, S_YTD = S_YTD + 1, S_ORDER_CNT = S_ORDER_CNT + 1, S_REMOTE_CNT = S_REMOTE_CNT + 0 WHERE S_I_ID = 3139 AND S_W_ID = 2
Error Message: Cannot invoke "java.util.List.get(int)" because the return value of "sg.edu.nus.autotune.DB2DATA.getAllIndexes()" is null


===== Query 662 =====

SQL: SELECT I_PRICE, I_NAME , I_DATA FROM ITEM WHERE I_ID = 48346

EXPLAIN Plan:

Index Scan using item_pkey on item  (cost=0.29..8.31 rows=1 width=61) (actual time=0.808..0.810 rows=1 loops=1)

  Index Cond: (i_id = 48346)

Planning Time: 0.073 ms

Execution Time: 0.835 ms
Failed SQL 662: SELECT I_PRICE, I_NAME , I_DATA FROM ITEM WHERE I_ID = 48346
Error Message: Cannot invoke "java.util.List.get(int)" because the return value of "sg.edu.nus.autotune.DB2DATA.getAllIndexes()" is null


===== Query 663 =====

SQL: SELECT S_QUANTITY, S_DATA, S_DIST_01, S_DIST_02, S_DIST_03, S_DIST_04, S_DIST_05, S_DIST_06, S_DIST_07, S_DIST_08, S_DIST_09, S_DIST_10 FROM STOCK WHERE S_I_ID = 48346 AND S_W_ID = 2

EXPLAIN Plan:

Index Scan using stock_pkey on stock  (cost=0.42..8.44 rows=1 width=291) (actual time=0.999..1.000 rows=1 loops=1)

  Index Cond: ((s_w_id = 2) AND (s_i_id = 48346))

Planning Time: 0.096 ms

Execution Time: 1.023 ms
Failed SQL 663: SELECT S_QUANTITY, S_DATA, S_DIST_01, S_DIST_02, S_DIST_03, S_DIST_04, S_DIST_05, S_DIST_06, S_DIST_07, S_DIST_08, S_DIST_09, S_DIST_10 FROM STOCK WHERE S_I_ID = 48346 AND S_W_ID = 2
Error Message: Cannot invoke "java.util.List.get(int)" because the return value of "sg.edu.nus.autotune.DB2DATA.getAllIndexes()" is null


===== Query 664 =====

SQL: SELECT S_QUANTITY, S_DATA, S_DIST_01, S_DIST_02, S_DIST_03, S_DIST_04, S_DIST_05, S_DIST_06, S_DIST_07, S_DIST_08, S_DIST_09, S_DIST_10 FROM STOCK WHERE S_I_ID = 4422 AND S_W_ID = 1

EXPLAIN Plan:

Index Scan using stock_pkey on stock  (cost=0.42..8.44 rows=1 width=291) (actual time=0.826..0.828 rows=1 loops=1)

  Index Cond: ((s_w_id = 1) AND (s_i_id = 4422))

Planning Time: 0.096 ms

Execution Time: 0.850 ms
Failed SQL 664: SELECT S_QUANTITY, S_DATA, S_DIST_01, S_DIST_02, S_DIST_03, S_DIST_04, S_DIST_05, S_DIST_06, S_DIST_07, S_DIST_08, S_DIST_09, S_DIST_10 FROM STOCK WHERE S_I_ID = 4422 AND S_W_ID = 1
Error Message: Cannot invoke "java.util.List.get(int)" because the return value of "sg.edu.nus.autotune.DB2DATA.getAllIndexes()" is null


===== Query 665 =====

SQL: UPDATE STOCK SET S_QUANTITY = 24, S_YTD = S_YTD + 3, S_ORDER_CNT = S_ORDER_CNT + 1, S_REMOTE_CNT = S_REMOTE_CNT + 0 WHERE S_I_ID = 48346 AND S_W_ID = 2

EXPLAIN Plan:

Update on stock  (cost=0.42..8.45 rows=0 width=0) (actual time=0.071..0.071 rows=0 loops=1)

  ->  Index Scan using stock_pkey on stock  (cost=0.42..8.45 rows=1 width=32) (actual time=0.024..0.025 rows=1 loops=1)

        Index Cond: ((s_w_id = 2) AND (s_i_id = 48346))

Planning Time: 0.099 ms

Execution Time: 0.098 ms
Failed SQL 665: UPDATE STOCK SET S_QUANTITY = 24, S_YTD = S_YTD + 3, S_ORDER_CNT = S_ORDER_CNT + 1, S_REMOTE_CNT = S_REMOTE_CNT + 0 WHERE S_I_ID = 48346 AND S_W_ID = 2
Error Message: Cannot invoke "java.util.List.get(int)" because the return value of "sg.edu.nus.autotune.DB2DATA.getAllIndexes()" is null


===== Query 666 =====

SQL: SELECT I_PRICE, I_NAME , I_DATA FROM ITEM WHERE I_ID = 6073

EXPLAIN Plan:

Index Scan using item_pkey on item  (cost=0.29..8.31 rows=1 width=61) (actual time=0.051..0.052 rows=1 loops=1)

  Index Cond: (i_id = 6073)

Planning Time: 0.074 ms

Execution Time: 0.070 ms
Failed SQL 666: SELECT I_PRICE, I_NAME , I_DATA FROM ITEM WHERE I_ID = 6073
Error Message: Cannot invoke "java.util.List.get(int)" because the return value of "sg.edu.nus.autotune.DB2DATA.getAllIndexes()" is null


===== Query 667 =====

SQL: SELECT S_QUANTITY, S_DATA, S_DIST_01, S_DIST_02, S_DIST_03, S_DIST_04, S_DIST_05, S_DIST_06, S_DIST_07, S_DIST_08, S_DIST_09, S_DIST_10 FROM STOCK WHERE S_I_ID = 6073 AND S_W_ID = 2

EXPLAIN Plan:

Index Scan using stock_pkey on stock  (cost=0.42..8.44 rows=1 width=291) (actual time=0.054..0.056 rows=1 loops=1)

  Index Cond: ((s_w_id = 2) AND (s_i_id = 6073))

Planning Time: 0.088 ms

Execution Time: 0.077 ms
Failed SQL 667: SELECT S_QUANTITY, S_DATA, S_DIST_01, S_DIST_02, S_DIST_03, S_DIST_04, S_DIST_05, S_DIST_06, S_DIST_07, S_DIST_08, S_DIST_09, S_DIST_10 FROM STOCK WHERE S_I_ID = 6073 AND S_W_ID = 2
Error Message: Cannot invoke "java.util.List.get(int)" because the return value of "sg.edu.nus.autotune.DB2DATA.getAllIndexes()" is null


===== Query 668 =====

SQL: UPDATE STOCK SET S_QUANTITY = 39, S_YTD = S_YTD + 6, S_ORDER_CNT = S_ORDER_CNT + 1, S_REMOTE_CNT = S_REMOTE_CNT + 0 WHERE S_I_ID = 6073 AND S_W_ID = 2

EXPLAIN Plan:

Update on stock  (cost=0.42..8.45 rows=0 width=0) (actual time=0.089..0.089 rows=0 loops=1)

  ->  Index Scan using stock_pkey on stock  (cost=0.42..8.45 rows=1 width=32) (actual time=0.025..0.026 rows=1 loops=1)

        Index Cond: ((s_w_id = 2) AND (s_i_id = 6073))

Planning Time: 0.102 ms

Execution Time: 0.118 ms
Failed SQL 668: UPDATE STOCK SET S_QUANTITY = 39, S_YTD = S_YTD + 6, S_ORDER_CNT = S_ORDER_CNT + 1, S_REMOTE_CNT = S_REMOTE_CNT + 0 WHERE S_I_ID = 6073 AND S_W_ID = 2
Error Message: Cannot invoke "java.util.List.get(int)" because the return value of "sg.edu.nus.autotune.DB2DATA.getAllIndexes()" is null


===== Query 669 =====

SQL: SELECT I_PRICE, I_NAME , I_DATA FROM ITEM WHERE I_ID = 67167

EXPLAIN Plan:

Index Scan using item_pkey on item  (cost=0.29..8.31 rows=1 width=61) (actual time=0.980..0.982 rows=1 loops=1)

  Index Cond: (i_id = 67167)

Planning Time: 0.071 ms

Execution Time: 1.000 ms
Failed SQL 669: SELECT I_PRICE, I_NAME , I_DATA FROM ITEM WHERE I_ID = 67167
Error Message: Cannot invoke "java.util.List.get(int)" because the return value of "sg.edu.nus.autotune.DB2DATA.getAllIndexes()" is null


===== Query 670 =====

SQL: UPDATE STOCK SET S_QUANTITY = 42, S_YTD = S_YTD + 8, S_ORDER_CNT = S_ORDER_CNT + 1, S_REMOTE_CNT = S_REMOTE_CNT + 0 WHERE S_I_ID = 4422 AND S_W_ID = 1

EXPLAIN Plan:

Update on stock  (cost=0.42..8.45 rows=0 width=0) (actual time=0.065..0.065 rows=0 loops=1)

  ->  Index Scan using stock_pkey on stock  (cost=0.42..8.45 rows=1 width=32) (actual time=0.031..0.032 rows=1 loops=1)

        Index Cond: ((s_w_id = 1) AND (s_i_id = 4422))

Planning Time: 0.103 ms

Execution Time: 0.094 ms
Failed SQL 670: UPDATE STOCK SET S_QUANTITY = 42, S_YTD = S_YTD + 8, S_ORDER_CNT = S_ORDER_CNT + 1, S_REMOTE_CNT = S_REMOTE_CNT + 0 WHERE S_I_ID = 4422 AND S_W_ID = 1
Error Message: Cannot invoke "java.util.List.get(int)" because the return value of "sg.edu.nus.autotune.DB2DATA.getAllIndexes()" is null


===== Query 671 =====

SQL: SELECT I_PRICE, I_NAME , I_DATA FROM ITEM WHERE I_ID = 31939

EXPLAIN Plan:

Index Scan using item_pkey on item  (cost=0.29..8.31 rows=1 width=61) (actual time=0.816..0.818 rows=1 loops=1)

  Index Cond: (i_id = 31939)

Planning Time: 0.071 ms

Execution Time: 0.836 ms
Failed SQL 671: SELECT I_PRICE, I_NAME , I_DATA FROM ITEM WHERE I_ID = 31939
Error Message: Cannot invoke "java.util.List.get(int)" because the return value of "sg.edu.nus.autotune.DB2DATA.getAllIndexes()" is null


===== Query 672 =====

SQL: SELECT S_QUANTITY, S_DATA, S_DIST_01, S_DIST_02, S_DIST_03, S_DIST_04, S_DIST_05, S_DIST_06, S_DIST_07, S_DIST_08, S_DIST_09, S_DIST_10 FROM STOCK WHERE S_I_ID = 31939 AND S_W_ID = 1

EXPLAIN Plan:

Index Scan using stock_pkey on stock  (cost=0.42..8.44 rows=1 width=291) (actual time=1.005..1.007 rows=1 loops=1)

  Index Cond: ((s_w_id = 1) AND (s_i_id = 31939))

Planning Time: 0.055 ms

Execution Time: 1.023 ms
Failed SQL 672: SELECT S_QUANTITY, S_DATA, S_DIST_01, S_DIST_02, S_DIST_03, S_DIST_04, S_DIST_05, S_DIST_06, S_DIST_07, S_DIST_08, S_DIST_09, S_DIST_10 FROM STOCK WHERE S_I_ID = 31939 AND S_W_ID = 1
Error Message: Cannot invoke "java.util.List.get(int)" because the return value of "sg.edu.nus.autotune.DB2DATA.getAllIndexes()" is null


===== Query 673 =====

SQL: UPDATE STOCK SET S_QUANTITY = 59, S_YTD = S_YTD + 6, S_ORDER_CNT = S_ORDER_CNT + 1, S_REMOTE_CNT = S_REMOTE_CNT + 0 WHERE S_I_ID = 31939 AND S_W_ID = 1

EXPLAIN Plan:

Update on stock  (cost=0.42..8.45 rows=0 width=0) (actual time=0.055..0.055 rows=0 loops=1)

  ->  Index Scan using stock_pkey on stock  (cost=0.42..8.45 rows=1 width=32) (actual time=0.023..0.024 rows=1 loops=1)

        Index Cond: ((s_w_id = 1) AND (s_i_id = 31939))

Planning Time: 0.103 ms

Execution Time: 0.083 ms
Failed SQL 673: UPDATE STOCK SET S_QUANTITY = 59, S_YTD = S_YTD + 6, S_ORDER_CNT = S_ORDER_CNT + 1, S_REMOTE_CNT = S_REMOTE_CNT + 0 WHERE S_I_ID = 31939 AND S_W_ID = 1
Error Message: Cannot invoke "java.util.List.get(int)" because the return value of "sg.edu.nus.autotune.DB2DATA.getAllIndexes()" is null


===== Query 674 =====

SQL: SELECT I_PRICE, I_NAME , I_DATA FROM ITEM WHERE I_ID = 81223

EXPLAIN Plan:

Index Scan using item_pkey on item  (cost=0.29..8.31 rows=1 width=61) (actual time=0.765..0.767 rows=1 loops=1)

  Index Cond: (i_id = 81223)

Planning Time: 0.065 ms

Execution Time: 0.782 ms
Failed SQL 674: SELECT I_PRICE, I_NAME , I_DATA FROM ITEM WHERE I_ID = 81223
Error Message: Cannot invoke "java.util.List.get(int)" because the return value of "sg.edu.nus.autotune.DB2DATA.getAllIndexes()" is null


===== Query 675 =====

SQL: SELECT S_QUANTITY, S_DATA, S_DIST_01, S_DIST_02, S_DIST_03, S_DIST_04, S_DIST_05, S_DIST_06, S_DIST_07, S_DIST_08, S_DIST_09, S_DIST_10 FROM STOCK WHERE S_I_ID = 81223 AND S_W_ID = 1

EXPLAIN Plan:

Index Scan using stock_pkey on stock  (cost=0.42..8.44 rows=1 width=291) (actual time=0.778..0.780 rows=1 loops=1)

  Index Cond: ((s_w_id = 1) AND (s_i_id = 81223))

Planning Time: 0.095 ms

Execution Time: 0.803 ms
Failed SQL 675: SELECT S_QUANTITY, S_DATA, S_DIST_01, S_DIST_02, S_DIST_03, S_DIST_04, S_DIST_05, S_DIST_06, S_DIST_07, S_DIST_08, S_DIST_09, S_DIST_10 FROM STOCK WHERE S_I_ID = 81223 AND S_W_ID = 1
Error Message: Cannot invoke "java.util.List.get(int)" because the return value of "sg.edu.nus.autotune.DB2DATA.getAllIndexes()" is null


===== Query 676 =====

SQL: UPDATE STOCK SET S_QUANTITY = 72, S_YTD = S_YTD + 6, S_ORDER_CNT = S_ORDER_CNT + 1, S_REMOTE_CNT = S_REMOTE_CNT + 0 WHERE S_I_ID = 81223 AND S_W_ID = 1

EXPLAIN Plan:

Update on stock  (cost=0.42..8.45 rows=0 width=0) (actual time=0.060..0.061 rows=0 loops=1)

  ->  Index Scan using stock_pkey on stock  (cost=0.42..8.45 rows=1 width=32) (actual time=0.026..0.027 rows=1 loops=1)

        Index Cond: ((s_w_id = 1) AND (s_i_id = 81223))

Planning Time: 0.100 ms

Execution Time: 0.088 ms
Failed SQL 676: UPDATE STOCK SET S_QUANTITY = 72, S_YTD = S_YTD + 6, S_ORDER_CNT = S_ORDER_CNT + 1, S_REMOTE_CNT = S_REMOTE_CNT + 0 WHERE S_I_ID = 81223 AND S_W_ID = 1
Error Message: Cannot invoke "java.util.List.get(int)" because the return value of "sg.edu.nus.autotune.DB2DATA.getAllIndexes()" is null


===== Query 677 =====

SQL: SELECT S_QUANTITY, S_DATA, S_DIST_01, S_DIST_02, S_DIST_03, S_DIST_04, S_DIST_05, S_DIST_06, S_DIST_07, S_DIST_08, S_DIST_09, S_DIST_10 FROM STOCK WHERE S_I_ID = 67167 AND S_W_ID = 2

EXPLAIN Plan:

Index Scan using stock_pkey on stock  (cost=0.42..8.44 rows=1 width=291) (actual time=0.820..0.823 rows=1 loops=1)

  Index Cond: ((s_w_id = 2) AND (s_i_id = 67167))

Planning Time: 0.091 ms

Execution Time: 0.845 ms
Failed SQL 677: SELECT S_QUANTITY, S_DATA, S_DIST_01, S_DIST_02, S_DIST_03, S_DIST_04, S_DIST_05, S_DIST_06, S_DIST_07, S_DIST_08, S_DIST_09, S_DIST_10 FROM STOCK WHERE S_I_ID = 67167 AND S_W_ID = 2
Error Message: Cannot invoke "java.util.List.get(int)" because the return value of "sg.edu.nus.autotune.DB2DATA.getAllIndexes()" is null


===== Query 678 =====

SQL: UPDATE WAREHOUSE SET W_YTD = W_YTD + 1365.36 WHERE W_ID = 1

EXPLAIN Plan:

Update on warehouse  (cost=4.14..8.16 rows=0 width=0) (actual time=0.047..0.047 rows=0 loops=1)

  ->  Bitmap Heap Scan on warehouse  (cost=4.14..8.16 rows=1 width=22) (actual time=0.019..0.020 rows=1 loops=1)

        Recheck Cond: (w_id = 1)

        Heap Blocks: exact=1

        ->  Bitmap Index Scan on warehouse_pkey  (cost=0.00..4.14 rows=1 width=0) (actual time=0.009..0.009 rows=1 loops=1)

              Index Cond: (w_id = 1)

Planning Time: 0.077 ms

Execution Time: 0.079 ms
Failed SQL 678: UPDATE WAREHOUSE SET W_YTD = W_YTD + 1365.36 WHERE W_ID = 1
Error Message: Cannot invoke "java.util.List.get(int)" because the return value of "sg.edu.nus.autotune.DB2DATA.getAllIndexes()" is null


===== Query 679 =====

SQL: SELECT W_STREET_1, W_STREET_2, W_CITY, W_STATE, W_ZIP, W_NAME FROM WAREHOUSE WHERE W_ID = 1

EXPLAIN Plan:

Bitmap Heap Scan on warehouse  (cost=4.14..8.15 rows=1 width=65) (actual time=0.019..0.020 rows=1 loops=1)

  Recheck Cond: (w_id = 1)

  Heap Blocks: exact=1

  ->  Bitmap Index Scan on warehouse_pkey  (cost=0.00..4.14 rows=1 width=0) (actual time=0.009..0.009 rows=1 loops=1)

        Index Cond: (w_id = 1)

Planning Time: 0.075 ms

Execution Time: 0.052 ms
Failed SQL 679: SELECT W_STREET_1, W_STREET_2, W_CITY, W_STATE, W_ZIP, W_NAME FROM WAREHOUSE WHERE W_ID = 1
Error Message: Cannot invoke "java.util.List.get(int)" because the return value of "sg.edu.nus.autotune.DB2DATA.getAllIndexes()" is null


===== Query 680 =====

SQL: UPDATE DISTRICT SET D_YTD = D_YTD + 1365.36 WHERE D_W_ID = 1 AND D_ID = 8

EXPLAIN Plan:

Update on district  (cost=4.28..11.67 rows=0 width=0) (actual time=0.083..0.084 rows=0 loops=1)

  ->  Bitmap Heap Scan on district  (cost=4.28..11.67 rows=2 width=22) (actual time=0.020..0.021 rows=1 loops=1)

        Recheck Cond: ((d_w_id = 1) AND (d_id = 8))

        Heap Blocks: exact=1

        ->  Bitmap Index Scan on district_pkey  (cost=0.00..4.28 rows=2 width=0) (actual time=0.011..0.011 rows=1 loops=1)

              Index Cond: ((d_w_id = 1) AND (d_id = 8))

Planning Time: 0.092 ms

Execution Time: 0.117 ms
Failed SQL 680: UPDATE DISTRICT SET D_YTD = D_YTD + 1365.36 WHERE D_W_ID = 1 AND D_ID = 8
Error Message: Cannot invoke "java.util.List.get(int)" because the return value of "sg.edu.nus.autotune.DB2DATA.getAllIndexes()" is null


===== Query 681 =====

SQL: SELECT D_STREET_1, D_STREET_2, D_CITY, D_STATE, D_ZIP, D_NAME FROM DISTRICT WHERE D_W_ID = 1 AND D_ID = 8

EXPLAIN Plan:

Bitmap Heap Scan on district  (cost=4.28..11.66 rows=2 width=64) (actual time=0.020..0.021 rows=1 loops=1)

  Recheck Cond: ((d_w_id = 1) AND (d_id = 8))

  Heap Blocks: exact=1

  ->  Bitmap Index Scan on district_pkey  (cost=0.00..4.28 rows=2 width=0) (actual time=0.010..0.010 rows=1 loops=1)

        Index Cond: ((d_w_id = 1) AND (d_id = 8))

Planning Time: 0.088 ms

Execution Time: 0.047 ms
Failed SQL 681: SELECT D_STREET_1, D_STREET_2, D_CITY, D_STATE, D_ZIP, D_NAME FROM DISTRICT WHERE D_W_ID = 1 AND D_ID = 8
Error Message: Cannot invoke "java.util.List.get(int)" because the return value of "sg.edu.nus.autotune.DB2DATA.getAllIndexes()" is null


===== Query 682 =====

SQL: SELECT C_FIRST, C_MIDDLE, C_LAST, C_STREET_1, C_STREET_2, C_CITY, C_STATE, C_ZIP, C_PHONE, C_CREDIT, C_CREDIT_LIM, C_DISCOUNT, C_BALANCE, C_YTD_PAYMENT, C_PAYMENT_CNT, C_SINCE FROM CUSTOMER WHERE C_W_ID = 1 AND C_D_ID = 8 AND C_ID = 1283

EXPLAIN Plan:

Index Scan using customer_pkey on customer  (cost=0.42..8.44 rows=1 width=140) (actual time=0.030..0.031 rows=1 loops=1)

  Index Cond: ((c_w_id = 1) AND (c_d_id = 8) AND (c_id = 1283))

Planning Time: 0.101 ms

Execution Time: 0.055 ms
Failed SQL 682: SELECT C_FIRST, C_MIDDLE, C_LAST, C_STREET_1, C_STREET_2, C_CITY, C_STATE, C_ZIP, C_PHONE, C_CREDIT, C_CREDIT_LIM, C_DISCOUNT, C_BALANCE, C_YTD_PAYMENT, C_PAYMENT_CNT, C_SINCE FROM CUSTOMER WHERE C_W_ID = 1 AND C_D_ID = 8 AND C_ID = 1283
Error Message: Cannot invoke "java.util.List.get(int)" because the return value of "sg.edu.nus.autotune.DB2DATA.getAllIndexes()" is null


===== Query 683 =====

SQL: UPDATE STOCK SET S_QUANTITY = 17, S_YTD = S_YTD + 6, S_ORDER_CNT = S_ORDER_CNT + 1, S_REMOTE_CNT = S_REMOTE_CNT + 0 WHERE S_I_ID = 67167 AND S_W_ID = 2

EXPLAIN Plan:

Update on stock  (cost=0.42..8.45 rows=0 width=0) (actual time=0.060..0.060 rows=0 loops=1)

  ->  Index Scan using stock_pkey on stock  (cost=0.42..8.45 rows=1 width=32) (actual time=0.023..0.024 rows=1 loops=1)

        Index Cond: ((s_w_id = 2) AND (s_i_id = 67167))

Planning Time: 0.103 ms

Execution Time: 0.087 ms
Failed SQL 683: UPDATE STOCK SET S_QUANTITY = 17, S_YTD = S_YTD + 6, S_ORDER_CNT = S_ORDER_CNT + 1, S_REMOTE_CNT = S_REMOTE_CNT + 0 WHERE S_I_ID = 67167 AND S_W_ID = 2
Error Message: Cannot invoke "java.util.List.get(int)" because the return value of "sg.edu.nus.autotune.DB2DATA.getAllIndexes()" is null


===== Query 684 =====

SQL: SELECT I_PRICE, I_NAME , I_DATA FROM ITEM WHERE I_ID = 57063

EXPLAIN Plan:

Index Scan using item_pkey on item  (cost=0.29..8.31 rows=1 width=61) (actual time=1.026..1.028 rows=1 loops=1)

  Index Cond: (i_id = 57063)

Planning Time: 0.073 ms

Execution Time: 1.046 ms
Failed SQL 684: SELECT I_PRICE, I_NAME , I_DATA FROM ITEM WHERE I_ID = 57063
Error Message: Cannot invoke "java.util.List.get(int)" because the return value of "sg.edu.nus.autotune.DB2DATA.getAllIndexes()" is null


===== Query 685 =====

SQL: SELECT S_QUANTITY, S_DATA, S_DIST_01, S_DIST_02, S_DIST_03, S_DIST_04, S_DIST_05, S_DIST_06, S_DIST_07, S_DIST_08, S_DIST_09, S_DIST_10 FROM STOCK WHERE S_I_ID = 57063 AND S_W_ID = 2

EXPLAIN Plan:

Index Scan using stock_pkey on stock  (cost=0.42..8.44 rows=1 width=291) (actual time=0.057..0.059 rows=1 loops=1)

  Index Cond: ((s_w_id = 2) AND (s_i_id = 57063))

Planning Time: 0.094 ms

Execution Time: 0.081 ms
Failed SQL 685: SELECT S_QUANTITY, S_DATA, S_DIST_01, S_DIST_02, S_DIST_03, S_DIST_04, S_DIST_05, S_DIST_06, S_DIST_07, S_DIST_08, S_DIST_09, S_DIST_10 FROM STOCK WHERE S_I_ID = 57063 AND S_W_ID = 2
Error Message: Cannot invoke "java.util.List.get(int)" because the return value of "sg.edu.nus.autotune.DB2DATA.getAllIndexes()" is null


===== Query 686 =====

SQL: UPDATE STOCK SET S_QUANTITY = 42, S_YTD = S_YTD + 1, S_ORDER_CNT = S_ORDER_CNT + 1, S_REMOTE_CNT = S_REMOTE_CNT + 0 WHERE S_I_ID = 57063 AND S_W_ID = 2

EXPLAIN Plan:

Update on stock  (cost=0.42..8.45 rows=0 width=0) (actual time=0.071..0.072 rows=0 loops=1)

  ->  Index Scan using stock_pkey on stock  (cost=0.42..8.45 rows=1 width=32) (actual time=0.024..0.025 rows=1 loops=1)

        Index Cond: ((s_w_id = 2) AND (s_i_id = 57063))

Planning Time: 0.100 ms

Execution Time: 0.100 ms
Failed SQL 686: UPDATE STOCK SET S_QUANTITY = 42, S_YTD = S_YTD + 1, S_ORDER_CNT = S_ORDER_CNT + 1, S_REMOTE_CNT = S_REMOTE_CNT + 0 WHERE S_I_ID = 57063 AND S_W_ID = 2
Error Message: Cannot invoke "java.util.List.get(int)" because the return value of "sg.edu.nus.autotune.DB2DATA.getAllIndexes()" is null


===== Query 687 =====

SQL: SELECT I_PRICE, I_NAME , I_DATA FROM ITEM WHERE I_ID = 88859

EXPLAIN Plan:

Index Scan using item_pkey on item  (cost=0.29..8.31 rows=1 width=61) (actual time=0.020..0.021 rows=1 loops=1)

  Index Cond: (i_id = 88859)

Planning Time: 0.071 ms

Execution Time: 0.037 ms
Failed SQL 687: SELECT I_PRICE, I_NAME , I_DATA FROM ITEM WHERE I_ID = 88859
Error Message: Cannot invoke "java.util.List.get(int)" because the return value of "sg.edu.nus.autotune.DB2DATA.getAllIndexes()" is null


===== Query 688 =====

SQL: SELECT S_QUANTITY, S_DATA, S_DIST_01, S_DIST_02, S_DIST_03, S_DIST_04, S_DIST_05, S_DIST_06, S_DIST_07, S_DIST_08, S_DIST_09, S_DIST_10 FROM STOCK WHERE S_I_ID = 88859 AND S_W_ID = 2

EXPLAIN Plan:

Index Scan using stock_pkey on stock  (cost=0.42..8.44 rows=1 width=291) (actual time=0.794..0.796 rows=1 loops=1)

  Index Cond: ((s_w_id = 2) AND (s_i_id = 88859))

Planning Time: 0.094 ms

Execution Time: 0.817 ms
Failed SQL 688: SELECT S_QUANTITY, S_DATA, S_DIST_01, S_DIST_02, S_DIST_03, S_DIST_04, S_DIST_05, S_DIST_06, S_DIST_07, S_DIST_08, S_DIST_09, S_DIST_10 FROM STOCK WHERE S_I_ID = 88859 AND S_W_ID = 2
Error Message: Cannot invoke "java.util.List.get(int)" because the return value of "sg.edu.nus.autotune.DB2DATA.getAllIndexes()" is null


===== Query 689 =====

SQL: SELECT C_DATA FROM CUSTOMER WHERE C_W_ID = 1 AND C_D_ID = 8 AND C_ID = 1283

EXPLAIN Plan:

Index Scan using customer_pkey on customer  (cost=0.42..8.44 rows=1 width=405) (actual time=0.021..0.022 rows=1 loops=1)

  Index Cond: ((c_w_id = 1) AND (c_d_id = 8) AND (c_id = 1283))

Planning Time: 0.091 ms

Execution Time: 0.040 ms
Failed SQL 689: SELECT C_DATA FROM CUSTOMER WHERE C_W_ID = 1 AND C_D_ID = 8 AND C_ID = 1283
Error Message: Cannot invoke "java.util.List.get(int)" because the return value of "sg.edu.nus.autotune.DB2DATA.getAllIndexes()" is null


===== Query 690 =====

SQL: UPDATE CUSTOMER SET C_BALANCE = -10007.96, C_YTD_PAYMENT = 10007.96, C_PAYMENT_CNT = 6, C_DATA = '1283 8 1 8 1 1365.36 | 1283 8 1 8 1 2431.97 | 1283 8 1 7 2 2338.13 | 1283 8 1 8 1 3627.71 | 1283 8 1 10 2 234.79 | lcparuccwukusglkbkodpyuwaxiewgbvbffsejntjwdlbdzzuwkjrqiiifzniptuydugdclvygwmfekqunwzoerykhmqsyfyoycswzkrkbskuqyueusuiptwgpnbpvyrzzsdohunjuduwyobsclkvnnouhagckwqkogqioqhcthgudxdresygeurxkfcwqxgnjulhmdmmwlnvdhhgodtpemddpgjjnmxeybbaufgjxqgczqhtvwbfgnonscvgckvtkyrucyrawwnofzxakcbckhybryyqojmrruxibjnjzqgdbedtzggebtvekthyfnkbwvqngdlarlqvxystdgweeoqggxngbxobabbkfkkylrxnfbatghaqmuoxwknpbwyx' WHERE C_W_ID = 1 AND C_D_ID = 8 AND C_ID = 1283

EXPLAIN Plan:

Update on customer  (cost=0.42..8.44 rows=0 width=0) (actual time=0.082..0.083 rows=0 loops=1)

  ->  Index Scan using customer_pkey on customer  (cost=0.42..8.44 rows=1 width=550) (actual time=0.022..0.024 rows=1 loops=1)

        Index Cond: ((c_w_id = 1) AND (c_d_id = 8) AND (c_id = 1283))

Planning Time: 0.111 ms

Execution Time: 0.108 ms
Failed SQL 690: UPDATE CUSTOMER SET C_BALANCE = -10007.96, C_YTD_PAYMENT = 10007.96, C_PAYMENT_CNT = 6, C_DATA = '1283 8 1 8 1 1365.36 | 1283 8 1 8 1 2431.97 | 1283 8 1 7 2 2338.13 | 1283 8 1 8 1 3627.71 | 1283 8 1 10 2 234.79 | lcparuccwukusglkbkodpyuwaxiewgbvbffsejntjwdlbdzzuwkjrqiiifzniptuydugdclvygwmfekqunwzoerykhmqsyfyoycswzkrkbskuqyueusuiptwgpnbpvyrzzsdohunjuduwyobsclkvnnouhagckwqkogqioqhcthgudxdresygeurxkfcwqxgnjulhmdmmwlnvdhhgodtpemddpgjjnmxeybbaufgjxqgczqhtvwbfgnonscvgckvtkyrucyrawwnofzxakcbckhybryyqojmrruxibjnjzqgdbedtzggebtvekthyfnkbwvqngdlarlqvxystdgweeoqggxngbxobabbkfkkylrxnfbatghaqmuoxwknpbwyx' WHERE C_W_ID = 1 AND C_D_ID = 8 AND C_ID = 1283
Error Message: Cannot invoke "java.util.List.get(int)" because the return value of "sg.edu.nus.autotune.DB2DATA.getAllIndexes()" is null


===== Query 691 =====

SQL: SELECT C_DISCOUNT, C_LAST, C_CREDIT, W_TAX FROM CUSTOMER, WAREHOUSE WHERE W_ID = 1 AND C_W_ID = 1 AND C_D_ID = 5 AND C_ID = 1025

EXPLAIN Plan:

Nested Loop  (cost=4.56..16.61 rows=1 width=26) (actual time=0.756..0.758 rows=1 loops=1)

  ->  Index Scan using customer_pkey on customer  (cost=0.42..8.44 rows=1 width=21) (actual time=0.743..0.744 rows=1 loops=1)

        Index Cond: ((c_w_id = 1) AND (c_d_id = 5) AND (c_id = 1025))

  ->  Bitmap Heap Scan on warehouse  (cost=4.14..8.15 rows=1 width=5) (actual time=0.006..0.006 rows=1 loops=1)

        Recheck Cond: (w_id = 1)

        Heap Blocks: exact=1

        ->  Bitmap Index Scan on warehouse_pkey  (cost=0.00..4.14 rows=1 width=0) (actual time=0.003..0.003 rows=1 loops=1)

              Index Cond: (w_id = 1)

Planning Time: 0.083 ms

Execution Time: 0.781 ms
Failed SQL 691: SELECT C_DISCOUNT, C_LAST, C_CREDIT, W_TAX FROM CUSTOMER, WAREHOUSE WHERE W_ID = 1 AND C_W_ID = 1 AND C_D_ID = 5 AND C_ID = 1025
Error Message: Cannot invoke "java.util.List.get(int)" because the return value of "sg.edu.nus.autotune.DB2DATA.getAllIndexes()" is null


===== Query 692 =====

SQL: UPDATE STOCK SET S_QUANTITY = 48, S_YTD = S_YTD + 1, S_ORDER_CNT = S_ORDER_CNT + 1, S_REMOTE_CNT = S_REMOTE_CNT + 0 WHERE S_I_ID = 88859 AND S_W_ID = 2

EXPLAIN Plan:

Update on stock  (cost=0.42..8.45 rows=0 width=0) (actual time=0.064..0.064 rows=0 loops=1)

  ->  Index Scan using stock_pkey on stock  (cost=0.42..8.45 rows=1 width=32) (actual time=0.028..0.029 rows=1 loops=1)

        Index Cond: ((s_w_id = 2) AND (s_i_id = 88859))

Planning Time: 0.100 ms

Execution Time: 0.092 ms
Failed SQL 692: UPDATE STOCK SET S_QUANTITY = 48, S_YTD = S_YTD + 1, S_ORDER_CNT = S_ORDER_CNT + 1, S_REMOTE_CNT = S_REMOTE_CNT + 0 WHERE S_I_ID = 88859 AND S_W_ID = 2
Error Message: Cannot invoke "java.util.List.get(int)" because the return value of "sg.edu.nus.autotune.DB2DATA.getAllIndexes()" is null


===== Query 693 =====

SQL: SELECT I_PRICE, I_NAME , I_DATA FROM ITEM WHERE I_ID = 56967

EXPLAIN Plan:

Index Scan using item_pkey on item  (cost=0.29..8.31 rows=1 width=61) (actual time=0.820..0.822 rows=1 loops=1)

  Index Cond: (i_id = 56967)

Planning Time: 0.071 ms

Execution Time: 0.841 ms
Failed SQL 693: SELECT I_PRICE, I_NAME , I_DATA FROM ITEM WHERE I_ID = 56967
Error Message: Cannot invoke "java.util.List.get(int)" because the return value of "sg.edu.nus.autotune.DB2DATA.getAllIndexes()" is null


===== Query 694 =====

SQL: SELECT D_NEXT_O_ID, D_TAX FROM DISTRICT WHERE D_W_ID = 1 AND D_ID = 5

EXPLAIN Plan:

Bitmap Heap Scan on district  (cost=4.28..11.66 rows=2 width=9) (actual time=0.022..0.023 rows=1 loops=1)

  Recheck Cond: ((d_w_id = 1) AND (d_id = 5))

  Heap Blocks: exact=1

  ->  Bitmap Index Scan on district_pkey  (cost=0.00..4.28 rows=2 width=0) (actual time=0.011..0.012 rows=1 loops=1)

        Index Cond: ((d_w_id = 1) AND (d_id = 5))

Planning Time: 0.090 ms

Execution Time: 0.053 ms
Failed SQL 694: SELECT D_NEXT_O_ID, D_TAX FROM DISTRICT WHERE D_W_ID = 1 AND D_ID = 5
Error Message: Cannot invoke "java.util.List.get(int)" because the return value of "sg.edu.nus.autotune.DB2DATA.getAllIndexes()" is null


===== Query 695 =====

SQL: UPDATE DISTRICT SET D_NEXT_O_ID = D_NEXT_O_ID + 1 WHERE D_W_ID = 1 AND D_ID = 5

EXPLAIN Plan:

Update on district  (cost=4.28..11.67 rows=0 width=0) (actual time=0.052..0.053 rows=0 loops=1)

  ->  Bitmap Heap Scan on district  (cost=4.28..11.67 rows=2 width=10) (actual time=0.020..0.021 rows=1 loops=1)

        Recheck Cond: ((d_w_id = 1) AND (d_id = 5))

        Heap Blocks: exact=1

        ->  Bitmap Index Scan on district_pkey  (cost=0.00..4.28 rows=2 width=0) (actual time=0.011..0.011 rows=1 loops=1)

              Index Cond: ((d_w_id = 1) AND (d_id = 5))

Planning Time: 0.090 ms

Execution Time: 0.084 ms
Failed SQL 695: UPDATE DISTRICT SET D_NEXT_O_ID = D_NEXT_O_ID + 1 WHERE D_W_ID = 1 AND D_ID = 5
Error Message: Cannot invoke "java.util.List.get(int)" because the return value of "sg.edu.nus.autotune.DB2DATA.getAllIndexes()" is null


===== Query 696 =====

SQL: SELECT S_QUANTITY, S_DATA, S_DIST_01, S_DIST_02, S_DIST_03, S_DIST_04, S_DIST_05, S_DIST_06, S_DIST_07, S_DIST_08, S_DIST_09, S_DIST_10 FROM STOCK WHERE S_I_ID = 56967 AND S_W_ID = 2

EXPLAIN Plan:

Index Scan using stock_pkey on stock  (cost=0.42..8.44 rows=1 width=291) (actual time=0.721..0.723 rows=1 loops=1)

  Index Cond: ((s_w_id = 2) AND (s_i_id = 56967))

Planning Time: 0.055 ms

Execution Time: 0.737 ms
Failed SQL 696: SELECT S_QUANTITY, S_DATA, S_DIST_01, S_DIST_02, S_DIST_03, S_DIST_04, S_DIST_05, S_DIST_06, S_DIST_07, S_DIST_08, S_DIST_09, S_DIST_10 FROM STOCK WHERE S_I_ID = 56967 AND S_W_ID = 2
Error Message: Cannot invoke "java.util.List.get(int)" because the return value of "sg.edu.nus.autotune.DB2DATA.getAllIndexes()" is null


===== Query 697 =====

SQL: SELECT I_PRICE, I_NAME , I_DATA FROM ITEM WHERE I_ID = 32471

EXPLAIN Plan:

Index Scan using item_pkey on item  (cost=0.29..8.31 rows=1 width=61) (actual time=0.027..0.028 rows=1 loops=1)

  Index Cond: (i_id = 32471)

Planning Time: 0.069 ms

Execution Time: 0.045 ms
Failed SQL 697: SELECT I_PRICE, I_NAME , I_DATA FROM ITEM WHERE I_ID = 32471
Error Message: Cannot invoke "java.util.List.get(int)" because the return value of "sg.edu.nus.autotune.DB2DATA.getAllIndexes()" is null


===== Query 698 =====

SQL: SELECT S_QUANTITY, S_DATA, S_DIST_01, S_DIST_02, S_DIST_03, S_DIST_04, S_DIST_05, S_DIST_06, S_DIST_07, S_DIST_08, S_DIST_09, S_DIST_10 FROM STOCK WHERE S_I_ID = 32471 AND S_W_ID = 1

EXPLAIN Plan:

Index Scan using stock_pkey on stock  (cost=0.42..8.44 rows=1 width=291) (actual time=0.357..0.359 rows=1 loops=1)

  Index Cond: ((s_w_id = 1) AND (s_i_id = 32471))

Planning Time: 0.096 ms

Execution Time: 0.381 ms
Failed SQL 698: SELECT S_QUANTITY, S_DATA, S_DIST_01, S_DIST_02, S_DIST_03, S_DIST_04, S_DIST_05, S_DIST_06, S_DIST_07, S_DIST_08, S_DIST_09, S_DIST_10 FROM STOCK WHERE S_I_ID = 32471 AND S_W_ID = 1
Error Message: Cannot invoke "java.util.List.get(int)" because the return value of "sg.edu.nus.autotune.DB2DATA.getAllIndexes()" is null


===== Query 699 =====

SQL: UPDATE STOCK SET S_QUANTITY = 13, S_YTD = S_YTD + 9, S_ORDER_CNT = S_ORDER_CNT + 1, S_REMOTE_CNT = S_REMOTE_CNT + 0 WHERE S_I_ID = 32471 AND S_W_ID = 1

EXPLAIN Plan:

Update on stock  (cost=0.42..8.45 rows=0 width=0) (actual time=0.035..0.035 rows=0 loops=1)

  ->  Index Scan using stock_pkey on stock  (cost=0.42..8.45 rows=1 width=32) (actual time=0.015..0.016 rows=1 loops=1)

        Index Cond: ((s_w_id = 1) AND (s_i_id = 32471))

Planning Time: 0.061 ms

Execution Time: 0.050 ms
Failed SQL 699: UPDATE STOCK SET S_QUANTITY = 13, S_YTD = S_YTD + 9, S_ORDER_CNT = S_ORDER_CNT + 1, S_REMOTE_CNT = S_REMOTE_CNT + 0 WHERE S_I_ID = 32471 AND S_W_ID = 1
Error Message: Cannot invoke "java.util.List.get(int)" because the return value of "sg.edu.nus.autotune.DB2DATA.getAllIndexes()" is null


===== Query 700 =====

SQL: SELECT I_PRICE, I_NAME , I_DATA FROM ITEM WHERE I_ID = 40149

EXPLAIN Plan:

Index Scan using item_pkey on item  (cost=0.29..8.31 rows=1 width=61) (actual time=0.019..0.021 rows=1 loops=1)

  Index Cond: (i_id = 40149)

Planning Time: 0.073 ms

Execution Time: 0.058 ms
Failed SQL 700: SELECT I_PRICE, I_NAME , I_DATA FROM ITEM WHERE I_ID = 40149
Error Message: Cannot invoke "java.util.List.get(int)" because the return value of "sg.edu.nus.autotune.DB2DATA.getAllIndexes()" is null


===== Query 701 =====

SQL: SELECT S_QUANTITY, S_DATA, S_DIST_01, S_DIST_02, S_DIST_03, S_DIST_04, S_DIST_05, S_DIST_06, S_DIST_07, S_DIST_08, S_DIST_09, S_DIST_10 FROM STOCK WHERE S_I_ID = 40149 AND S_W_ID = 1

EXPLAIN Plan:

Index Scan using stock_pkey on stock  (cost=0.42..8.44 rows=1 width=291) (actual time=0.324..0.326 rows=1 loops=1)

  Index Cond: ((s_w_id = 1) AND (s_i_id = 40149))

Planning Time: 0.092 ms

Execution Time: 0.349 ms
Failed SQL 701: SELECT S_QUANTITY, S_DATA, S_DIST_01, S_DIST_02, S_DIST_03, S_DIST_04, S_DIST_05, S_DIST_06, S_DIST_07, S_DIST_08, S_DIST_09, S_DIST_10 FROM STOCK WHERE S_I_ID = 40149 AND S_W_ID = 1
Error Message: Cannot invoke "java.util.List.get(int)" because the return value of "sg.edu.nus.autotune.DB2DATA.getAllIndexes()" is null


===== Query 702 =====

SQL: UPDATE STOCK SET S_QUANTITY = 78, S_YTD = S_YTD + 6, S_ORDER_CNT = S_ORDER_CNT + 1, S_REMOTE_CNT = S_REMOTE_CNT + 0 WHERE S_I_ID = 56967 AND S_W_ID = 2

EXPLAIN Plan:

Update on stock  (cost=0.42..8.45 rows=0 width=0) (actual time=0.060..0.060 rows=0 loops=1)

  ->  Index Scan using stock_pkey on stock  (cost=0.42..8.45 rows=1 width=32) (actual time=0.025..0.026 rows=1 loops=1)

        Index Cond: ((s_w_id = 2) AND (s_i_id = 56967))

Planning Time: 0.100 ms

Execution Time: 0.087 ms
Failed SQL 702: UPDATE STOCK SET S_QUANTITY = 78, S_YTD = S_YTD + 6, S_ORDER_CNT = S_ORDER_CNT + 1, S_REMOTE_CNT = S_REMOTE_CNT + 0 WHERE S_I_ID = 56967 AND S_W_ID = 2
Error Message: Cannot invoke "java.util.List.get(int)" because the return value of "sg.edu.nus.autotune.DB2DATA.getAllIndexes()" is null


===== Query 703 =====

SQL: UPDATE STOCK SET S_QUANTITY = 41, S_YTD = S_YTD + 3, S_ORDER_CNT = S_ORDER_CNT + 1, S_REMOTE_CNT = S_REMOTE_CNT + 0 WHERE S_I_ID = 40149 AND S_W_ID = 1

EXPLAIN Plan:

Update on stock  (cost=0.42..8.45 rows=0 width=0) (actual time=0.049..0.049 rows=0 loops=1)

  ->  Index Scan using stock_pkey on stock  (cost=0.42..8.45 rows=1 width=32) (actual time=0.017..0.018 rows=1 loops=1)

        Index Cond: ((s_w_id = 1) AND (s_i_id = 40149))

Planning Time: 0.068 ms

Execution Time: 0.065 ms
Failed SQL 703: UPDATE STOCK SET S_QUANTITY = 41, S_YTD = S_YTD + 3, S_ORDER_CNT = S_ORDER_CNT + 1, S_REMOTE_CNT = S_REMOTE_CNT + 0 WHERE S_I_ID = 40149 AND S_W_ID = 1
Error Message: Cannot invoke "java.util.List.get(int)" because the return value of "sg.edu.nus.autotune.DB2DATA.getAllIndexes()" is null


===== Query 704 =====

SQL: SELECT I_PRICE, I_NAME , I_DATA FROM ITEM WHERE I_ID = 55014

EXPLAIN Plan:

Index Scan using item_pkey on item  (cost=0.29..8.31 rows=1 width=61) (actual time=1.032..1.034 rows=1 loops=1)

  Index Cond: (i_id = 55014)

Planning Time: 0.071 ms

Execution Time: 1.054 ms
Failed SQL 704: SELECT I_PRICE, I_NAME , I_DATA FROM ITEM WHERE I_ID = 55014
Error Message: Cannot invoke "java.util.List.get(int)" because the return value of "sg.edu.nus.autotune.DB2DATA.getAllIndexes()" is null


===== Query 705 =====

SQL: SELECT S_QUANTITY, S_DATA, S_DIST_01, S_DIST_02, S_DIST_03, S_DIST_04, S_DIST_05, S_DIST_06, S_DIST_07, S_DIST_08, S_DIST_09, S_DIST_10 FROM STOCK WHERE S_I_ID = 55014 AND S_W_ID = 1

EXPLAIN Plan:

Index Scan using stock_pkey on stock  (cost=0.42..8.44 rows=1 width=291) (actual time=1.159..1.162 rows=1 loops=1)

  Index Cond: ((s_w_id = 1) AND (s_i_id = 55014))

Planning Time: 0.101 ms

Execution Time: 1.186 ms
Failed SQL 705: SELECT S_QUANTITY, S_DATA, S_DIST_01, S_DIST_02, S_DIST_03, S_DIST_04, S_DIST_05, S_DIST_06, S_DIST_07, S_DIST_08, S_DIST_09, S_DIST_10 FROM STOCK WHERE S_I_ID = 55014 AND S_W_ID = 1
Error Message: Cannot invoke "java.util.List.get(int)" because the return value of "sg.edu.nus.autotune.DB2DATA.getAllIndexes()" is null


===== Query 706 =====

SQL: UPDATE STOCK SET S_QUANTITY = 23, S_YTD = S_YTD + 3, S_ORDER_CNT = S_ORDER_CNT + 1, S_REMOTE_CNT = S_REMOTE_CNT + 0 WHERE S_I_ID = 55014 AND S_W_ID = 1

EXPLAIN Plan:

Update on stock  (cost=0.42..8.45 rows=0 width=0) (actual time=0.061..0.061 rows=0 loops=1)

  ->  Index Scan using stock_pkey on stock  (cost=0.42..8.45 rows=1 width=32) (actual time=0.025..0.026 rows=1 loops=1)

        Index Cond: ((s_w_id = 1) AND (s_i_id = 55014))

Planning Time: 0.102 ms

Execution Time: 0.089 ms
Failed SQL 706: UPDATE STOCK SET S_QUANTITY = 23, S_YTD = S_YTD + 3, S_ORDER_CNT = S_ORDER_CNT + 1, S_REMOTE_CNT = S_REMOTE_CNT + 0 WHERE S_I_ID = 55014 AND S_W_ID = 1
Error Message: Cannot invoke "java.util.List.get(int)" because the return value of "sg.edu.nus.autotune.DB2DATA.getAllIndexes()" is null


===== Query 707 =====

SQL: SELECT I_PRICE, I_NAME , I_DATA FROM ITEM WHERE I_ID = 15894

EXPLAIN Plan:

Index Scan using item_pkey on item  (cost=0.29..8.31 rows=1 width=61) (actual time=0.045..0.046 rows=1 loops=1)

  Index Cond: (i_id = 15894)

Planning Time: 0.068 ms

Execution Time: 0.063 ms
Failed SQL 707: SELECT I_PRICE, I_NAME , I_DATA FROM ITEM WHERE I_ID = 15894
Error Message: Cannot invoke "java.util.List.get(int)" because the return value of "sg.edu.nus.autotune.DB2DATA.getAllIndexes()" is null


===== Query 708 =====

SQL: SELECT C_DISCOUNT, C_LAST, C_CREDIT, W_TAX FROM CUSTOMER, WAREHOUSE WHERE W_ID = 2 AND C_W_ID = 2 AND C_D_ID = 9 AND C_ID = 186

EXPLAIN Plan:

Nested Loop  (cost=4.56..16.61 rows=1 width=26) (actual time=7.349..7.352 rows=1 loops=1)

  ->  Index Scan using customer_pkey on customer  (cost=0.42..8.44 rows=1 width=21) (actual time=7.321..7.322 rows=1 loops=1)

        Index Cond: ((c_w_id = 2) AND (c_d_id = 9) AND (c_id = 186))

  ->  Bitmap Heap Scan on warehouse  (cost=4.14..8.15 rows=1 width=5) (actual time=0.012..0.012 rows=1 loops=1)

        Recheck Cond: (w_id = 2)

        Heap Blocks: exact=1

        ->  Bitmap Index Scan on warehouse_pkey  (cost=0.00..4.14 rows=1 width=0) (actual time=0.007..0.007 rows=1 loops=1)

              Index Cond: (w_id = 2)

Planning Time: 0.141 ms

Execution Time: 7.395 ms
Failed SQL 708: SELECT C_DISCOUNT, C_LAST, C_CREDIT, W_TAX FROM CUSTOMER, WAREHOUSE WHERE W_ID = 2 AND C_W_ID = 2 AND C_D_ID = 9 AND C_ID = 186
Error Message: Cannot invoke "java.util.List.get(int)" because the return value of "sg.edu.nus.autotune.DB2DATA.getAllIndexes()" is null


===== Query 709 =====

SQL: SELECT S_QUANTITY, S_DATA, S_DIST_01, S_DIST_02, S_DIST_03, S_DIST_04, S_DIST_05, S_DIST_06, S_DIST_07, S_DIST_08, S_DIST_09, S_DIST_10 FROM STOCK WHERE S_I_ID = 15894 AND S_W_ID = 1

EXPLAIN Plan:

Index Scan using stock_pkey on stock  (cost=0.42..8.44 rows=1 width=291) (actual time=0.813..0.815 rows=1 loops=1)

  Index Cond: ((s_w_id = 1) AND (s_i_id = 15894))

Planning Time: 0.091 ms

Execution Time: 0.837 ms
Failed SQL 709: SELECT S_QUANTITY, S_DATA, S_DIST_01, S_DIST_02, S_DIST_03, S_DIST_04, S_DIST_05, S_DIST_06, S_DIST_07, S_DIST_08, S_DIST_09, S_DIST_10 FROM STOCK WHERE S_I_ID = 15894 AND S_W_ID = 1
Error Message: Cannot invoke "java.util.List.get(int)" because the return value of "sg.edu.nus.autotune.DB2DATA.getAllIndexes()" is null


===== Query 710 =====

SQL: SELECT D_NEXT_O_ID, D_TAX FROM DISTRICT WHERE D_W_ID = 2 AND D_ID = 9

EXPLAIN Plan:

Bitmap Heap Scan on district  (cost=4.28..11.66 rows=2 width=9) (actual time=0.019..0.020 rows=1 loops=1)

  Recheck Cond: ((d_w_id = 2) AND (d_id = 9))

  Heap Blocks: exact=1

  ->  Bitmap Index Scan on district_pkey  (cost=0.00..4.28 rows=2 width=0) (actual time=0.011..0.011 rows=1 loops=1)

        Index Cond: ((d_w_id = 2) AND (d_id = 9))

Planning Time: 0.087 ms

Execution Time: 0.044 ms
Failed SQL 710: SELECT D_NEXT_O_ID, D_TAX FROM DISTRICT WHERE D_W_ID = 2 AND D_ID = 9
Error Message: Cannot invoke "java.util.List.get(int)" because the return value of "sg.edu.nus.autotune.DB2DATA.getAllIndexes()" is null


===== Query 711 =====

SQL: UPDATE DISTRICT SET D_NEXT_O_ID = D_NEXT_O_ID + 1 WHERE D_W_ID = 2 AND D_ID = 9

EXPLAIN Plan:

Update on district  (cost=4.28..11.67 rows=0 width=0) (actual time=0.071..0.071 rows=0 loops=1)

  ->  Bitmap Heap Scan on district  (cost=4.28..11.67 rows=2 width=10) (actual time=0.019..0.020 rows=1 loops=1)

        Recheck Cond: ((d_w_id = 2) AND (d_id = 9))

        Heap Blocks: exact=1

        ->  Bitmap Index Scan on district_pkey  (cost=0.00..4.28 rows=2 width=0) (actual time=0.010..0.010 rows=1 loops=1)

              Index Cond: ((d_w_id = 2) AND (d_id = 9))

Planning Time: 0.088 ms

Execution Time: 0.103 ms
Failed SQL 711: UPDATE DISTRICT SET D_NEXT_O_ID = D_NEXT_O_ID + 1 WHERE D_W_ID = 2 AND D_ID = 9
Error Message: Cannot invoke "java.util.List.get(int)" because the return value of "sg.edu.nus.autotune.DB2DATA.getAllIndexes()" is null


===== Query 712 =====

SQL: UPDATE STOCK SET S_QUANTITY = 98, S_YTD = S_YTD + 2, S_ORDER_CNT = S_ORDER_CNT + 1, S_REMOTE_CNT = S_REMOTE_CNT + 0 WHERE S_I_ID = 15894 AND S_W_ID = 1

EXPLAIN Plan:

Update on stock  (cost=0.42..8.45 rows=0 width=0) (actual time=0.054..0.054 rows=0 loops=1)

  ->  Index Scan using stock_pkey on stock  (cost=0.42..8.45 rows=1 width=32) (actual time=0.023..0.024 rows=1 loops=1)

        Index Cond: ((s_w_id = 1) AND (s_i_id = 15894))

Planning Time: 0.104 ms

Execution Time: 0.082 ms
Failed SQL 712: UPDATE STOCK SET S_QUANTITY = 98, S_YTD = S_YTD + 2, S_ORDER_CNT = S_ORDER_CNT + 1, S_REMOTE_CNT = S_REMOTE_CNT + 0 WHERE S_I_ID = 15894 AND S_W_ID = 1
Error Message: Cannot invoke "java.util.List.get(int)" because the return value of "sg.edu.nus.autotune.DB2DATA.getAllIndexes()" is null


===== Query 713 =====

SQL: SELECT I_PRICE, I_NAME , I_DATA FROM ITEM WHERE I_ID = 2070

EXPLAIN Plan:

Index Scan using item_pkey on item  (cost=0.29..8.31 rows=1 width=61) (actual time=0.042..0.044 rows=1 loops=1)

  Index Cond: (i_id = 2070)

Planning Time: 0.070 ms

Execution Time: 0.061 ms
Failed SQL 713: SELECT I_PRICE, I_NAME , I_DATA FROM ITEM WHERE I_ID = 2070
Error Message: Cannot invoke "java.util.List.get(int)" because the return value of "sg.edu.nus.autotune.DB2DATA.getAllIndexes()" is null


===== Query 714 =====

SQL: SELECT S_QUANTITY, S_DATA, S_DIST_01, S_DIST_02, S_DIST_03, S_DIST_04, S_DIST_05, S_DIST_06, S_DIST_07, S_DIST_08, S_DIST_09, S_DIST_10 FROM STOCK WHERE S_I_ID = 2070 AND S_W_ID = 1

EXPLAIN Plan:

Index Scan using stock_pkey on stock  (cost=0.42..8.44 rows=1 width=291) (actual time=0.791..0.793 rows=1 loops=1)

  Index Cond: ((s_w_id = 1) AND (s_i_id = 2070))

Planning Time: 0.090 ms

Execution Time: 0.815 ms
Failed SQL 714: SELECT S_QUANTITY, S_DATA, S_DIST_01, S_DIST_02, S_DIST_03, S_DIST_04, S_DIST_05, S_DIST_06, S_DIST_07, S_DIST_08, S_DIST_09, S_DIST_10 FROM STOCK WHERE S_I_ID = 2070 AND S_W_ID = 1
Error Message: Cannot invoke "java.util.List.get(int)" because the return value of "sg.edu.nus.autotune.DB2DATA.getAllIndexes()" is null


===== Query 715 =====

SQL: SELECT I_PRICE, I_NAME , I_DATA FROM ITEM WHERE I_ID = 57039

EXPLAIN Plan:

Index Scan using item_pkey on item  (cost=0.29..8.31 rows=1 width=61) (actual time=0.063..0.064 rows=1 loops=1)

  Index Cond: (i_id = 57039)

Planning Time: 0.072 ms

Execution Time: 0.081 ms
Failed SQL 715: SELECT I_PRICE, I_NAME , I_DATA FROM ITEM WHERE I_ID = 57039
Error Message: Cannot invoke "java.util.List.get(int)" because the return value of "sg.edu.nus.autotune.DB2DATA.getAllIndexes()" is null


===== Query 716 =====

SQL: SELECT S_QUANTITY, S_DATA, S_DIST_01, S_DIST_02, S_DIST_03, S_DIST_04, S_DIST_05, S_DIST_06, S_DIST_07, S_DIST_08, S_DIST_09, S_DIST_10 FROM STOCK WHERE S_I_ID = 57039 AND S_W_ID = 2

EXPLAIN Plan:

Index Scan using stock_pkey on stock  (cost=0.42..8.44 rows=1 width=291) (actual time=0.045..0.046 rows=1 loops=1)

  Index Cond: ((s_w_id = 2) AND (s_i_id = 57039))

Planning Time: 0.092 ms

Execution Time: 0.068 ms
Failed SQL 716: SELECT S_QUANTITY, S_DATA, S_DIST_01, S_DIST_02, S_DIST_03, S_DIST_04, S_DIST_05, S_DIST_06, S_DIST_07, S_DIST_08, S_DIST_09, S_DIST_10 FROM STOCK WHERE S_I_ID = 57039 AND S_W_ID = 2
Error Message: Cannot invoke "java.util.List.get(int)" because the return value of "sg.edu.nus.autotune.DB2DATA.getAllIndexes()" is null


===== Query 717 =====

SQL: UPDATE STOCK SET S_QUANTITY = 46, S_YTD = S_YTD + 7, S_ORDER_CNT = S_ORDER_CNT + 1, S_REMOTE_CNT = S_REMOTE_CNT + 0 WHERE S_I_ID = 57039 AND S_W_ID = 2

EXPLAIN Plan:

Update on stock  (cost=0.42..8.45 rows=0 width=0) (actual time=0.058..0.059 rows=0 loops=1)

  ->  Index Scan using stock_pkey on stock  (cost=0.42..8.45 rows=1 width=32) (actual time=0.024..0.025 rows=1 loops=1)

        Index Cond: ((s_w_id = 2) AND (s_i_id = 57039))

Planning Time: 0.103 ms

Execution Time: 0.085 ms
Failed SQL 717: UPDATE STOCK SET S_QUANTITY = 46, S_YTD = S_YTD + 7, S_ORDER_CNT = S_ORDER_CNT + 1, S_REMOTE_CNT = S_REMOTE_CNT + 0 WHERE S_I_ID = 57039 AND S_W_ID = 2
Error Message: Cannot invoke "java.util.List.get(int)" because the return value of "sg.edu.nus.autotune.DB2DATA.getAllIndexes()" is null


===== Query 718 =====

SQL: SELECT I_PRICE, I_NAME , I_DATA FROM ITEM WHERE I_ID = 64476

EXPLAIN Plan:

Index Scan using item_pkey on item  (cost=0.29..8.31 rows=1 width=61) (actual time=1.018..1.020 rows=1 loops=1)

  Index Cond: (i_id = 64476)

Planning Time: 0.074 ms

Execution Time: 1.038 ms
Failed SQL 718: SELECT I_PRICE, I_NAME , I_DATA FROM ITEM WHERE I_ID = 64476
Error Message: Cannot invoke "java.util.List.get(int)" because the return value of "sg.edu.nus.autotune.DB2DATA.getAllIndexes()" is null


===== Query 719 =====

SQL: SELECT S_QUANTITY, S_DATA, S_DIST_01, S_DIST_02, S_DIST_03, S_DIST_04, S_DIST_05, S_DIST_06, S_DIST_07, S_DIST_08, S_DIST_09, S_DIST_10 FROM STOCK WHERE S_I_ID = 64476 AND S_W_ID = 2

EXPLAIN Plan:

Index Scan using stock_pkey on stock  (cost=0.42..8.44 rows=1 width=291) (actual time=0.835..0.837 rows=1 loops=1)

  Index Cond: ((s_w_id = 2) AND (s_i_id = 64476))

Planning Time: 0.095 ms

Execution Time: 0.858 ms
Failed SQL 719: SELECT S_QUANTITY, S_DATA, S_DIST_01, S_DIST_02, S_DIST_03, S_DIST_04, S_DIST_05, S_DIST_06, S_DIST_07, S_DIST_08, S_DIST_09, S_DIST_10 FROM STOCK WHERE S_I_ID = 64476 AND S_W_ID = 2
Error Message: Cannot invoke "java.util.List.get(int)" because the return value of "sg.edu.nus.autotune.DB2DATA.getAllIndexes()" is null


===== Query 720 =====

SQL: UPDATE STOCK SET S_QUANTITY = 52, S_YTD = S_YTD + 9, S_ORDER_CNT = S_ORDER_CNT + 1, S_REMOTE_CNT = S_REMOTE_CNT + 0 WHERE S_I_ID = 2070 AND S_W_ID = 1

EXPLAIN Plan:

Update on stock  (cost=0.42..8.45 rows=0 width=0) (actual time=0.060..0.060 rows=0 loops=1)

  ->  Index Scan using stock_pkey on stock  (cost=0.42..8.45 rows=1 width=32) (actual time=0.025..0.026 rows=1 loops=1)

        Index Cond: ((s_w_id = 1) AND (s_i_id = 2070))

Planning Time: 0.098 ms

Execution Time: 0.087 ms
Failed SQL 720: UPDATE STOCK SET S_QUANTITY = 52, S_YTD = S_YTD + 9, S_ORDER_CNT = S_ORDER_CNT + 1, S_REMOTE_CNT = S_REMOTE_CNT + 0 WHERE S_I_ID = 2070 AND S_W_ID = 1
Error Message: Cannot invoke "java.util.List.get(int)" because the return value of "sg.edu.nus.autotune.DB2DATA.getAllIndexes()" is null


===== Query 721 =====

SQL: SELECT I_PRICE, I_NAME , I_DATA FROM ITEM WHERE I_ID = 13371

EXPLAIN Plan:

Index Scan using item_pkey on item  (cost=0.29..8.31 rows=1 width=61) (actual time=0.804..0.806 rows=1 loops=1)

  Index Cond: (i_id = 13371)

Planning Time: 0.070 ms

Execution Time: 0.824 ms
Failed SQL 721: SELECT I_PRICE, I_NAME , I_DATA FROM ITEM WHERE I_ID = 13371
Error Message: Cannot invoke "java.util.List.get(int)" because the return value of "sg.edu.nus.autotune.DB2DATA.getAllIndexes()" is null


===== Query 722 =====

SQL: UPDATE STOCK SET S_QUANTITY = 86, S_YTD = S_YTD + 5, S_ORDER_CNT = S_ORDER_CNT + 1, S_REMOTE_CNT = S_REMOTE_CNT + 0 WHERE S_I_ID = 64476 AND S_W_ID = 2

EXPLAIN Plan:

Update on stock  (cost=0.42..8.45 rows=0 width=0) (actual time=0.090..0.091 rows=0 loops=1)

  ->  Index Scan using stock_pkey on stock  (cost=0.42..8.45 rows=1 width=32) (actual time=0.024..0.026 rows=1 loops=1)

        Index Cond: ((s_w_id = 2) AND (s_i_id = 64476))

Planning Time: 0.099 ms

Execution Time: 0.118 ms
Failed SQL 722: UPDATE STOCK SET S_QUANTITY = 86, S_YTD = S_YTD + 5, S_ORDER_CNT = S_ORDER_CNT + 1, S_REMOTE_CNT = S_REMOTE_CNT + 0 WHERE S_I_ID = 64476 AND S_W_ID = 2
Error Message: Cannot invoke "java.util.List.get(int)" because the return value of "sg.edu.nus.autotune.DB2DATA.getAllIndexes()" is null


===== Query 723 =====

SQL: SELECT I_PRICE, I_NAME , I_DATA FROM ITEM WHERE I_ID = 73379

EXPLAIN Plan:

Index Scan using item_pkey on item  (cost=0.29..8.31 rows=1 width=61) (actual time=0.019..0.020 rows=1 loops=1)

  Index Cond: (i_id = 73379)

Planning Time: 0.072 ms

Execution Time: 0.037 ms
Failed SQL 723: SELECT I_PRICE, I_NAME , I_DATA FROM ITEM WHERE I_ID = 73379
Error Message: Cannot invoke "java.util.List.get(int)" because the return value of "sg.edu.nus.autotune.DB2DATA.getAllIndexes()" is null


===== Query 724 =====

SQL: SELECT S_QUANTITY, S_DATA, S_DIST_01, S_DIST_02, S_DIST_03, S_DIST_04, S_DIST_05, S_DIST_06, S_DIST_07, S_DIST_08, S_DIST_09, S_DIST_10 FROM STOCK WHERE S_I_ID = 73379 AND S_W_ID = 2

EXPLAIN Plan:

Index Scan using stock_pkey on stock  (cost=0.42..8.44 rows=1 width=291) (actual time=0.836..0.838 rows=1 loops=1)

  Index Cond: ((s_w_id = 2) AND (s_i_id = 73379))

Planning Time: 0.097 ms

Execution Time: 0.860 ms
Failed SQL 724: SELECT S_QUANTITY, S_DATA, S_DIST_01, S_DIST_02, S_DIST_03, S_DIST_04, S_DIST_05, S_DIST_06, S_DIST_07, S_DIST_08, S_DIST_09, S_DIST_10 FROM STOCK WHERE S_I_ID = 73379 AND S_W_ID = 2
Error Message: Cannot invoke "java.util.List.get(int)" because the return value of "sg.edu.nus.autotune.DB2DATA.getAllIndexes()" is null


===== Query 725 =====

SQL: UPDATE STOCK SET S_QUANTITY = 49, S_YTD = S_YTD + 9, S_ORDER_CNT = S_ORDER_CNT + 1, S_REMOTE_CNT = S_REMOTE_CNT + 0 WHERE S_I_ID = 73379 AND S_W_ID = 2

EXPLAIN Plan:

Update on stock  (cost=0.42..8.45 rows=0 width=0) (actual time=0.061..0.062 rows=0 loops=1)

  ->  Index Scan using stock_pkey on stock  (cost=0.42..8.45 rows=1 width=32) (actual time=0.025..0.027 rows=1 loops=1)

        Index Cond: ((s_w_id = 2) AND (s_i_id = 73379))

Planning Time: 0.105 ms

Execution Time: 0.090 ms
Failed SQL 725: UPDATE STOCK SET S_QUANTITY = 49, S_YTD = S_YTD + 9, S_ORDER_CNT = S_ORDER_CNT + 1, S_REMOTE_CNT = S_REMOTE_CNT + 0 WHERE S_I_ID = 73379 AND S_W_ID = 2
Error Message: Cannot invoke "java.util.List.get(int)" because the return value of "sg.edu.nus.autotune.DB2DATA.getAllIndexes()" is null


===== Query 726 =====

SQL: SELECT I_PRICE, I_NAME , I_DATA FROM ITEM WHERE I_ID = 3111

EXPLAIN Plan:

Index Scan using item_pkey on item  (cost=0.29..8.31 rows=1 width=61) (actual time=0.025..0.026 rows=1 loops=1)

  Index Cond: (i_id = 3111)

Planning Time: 0.074 ms

Execution Time: 0.043 ms
Failed SQL 726: SELECT I_PRICE, I_NAME , I_DATA FROM ITEM WHERE I_ID = 3111
Error Message: Cannot invoke "java.util.List.get(int)" because the return value of "sg.edu.nus.autotune.DB2DATA.getAllIndexes()" is null


===== Query 727 =====

SQL: SELECT S_QUANTITY, S_DATA, S_DIST_01, S_DIST_02, S_DIST_03, S_DIST_04, S_DIST_05, S_DIST_06, S_DIST_07, S_DIST_08, S_DIST_09, S_DIST_10 FROM STOCK WHERE S_I_ID = 3111 AND S_W_ID = 2

EXPLAIN Plan:

Index Scan using stock_pkey on stock  (cost=0.42..8.44 rows=1 width=291) (actual time=0.813..0.815 rows=1 loops=1)

  Index Cond: ((s_w_id = 2) AND (s_i_id = 3111))

Planning Time: 0.090 ms

Execution Time: 0.838 ms
Failed SQL 727: SELECT S_QUANTITY, S_DATA, S_DIST_01, S_DIST_02, S_DIST_03, S_DIST_04, S_DIST_05, S_DIST_06, S_DIST_07, S_DIST_08, S_DIST_09, S_DIST_10 FROM STOCK WHERE S_I_ID = 3111 AND S_W_ID = 2
Error Message: Cannot invoke "java.util.List.get(int)" because the return value of "sg.edu.nus.autotune.DB2DATA.getAllIndexes()" is null


===== Query 728 =====

SQL: SELECT S_QUANTITY, S_DATA, S_DIST_01, S_DIST_02, S_DIST_03, S_DIST_04, S_DIST_05, S_DIST_06, S_DIST_07, S_DIST_08, S_DIST_09, S_DIST_10 FROM STOCK WHERE S_I_ID = 13371 AND S_W_ID = 1

EXPLAIN Plan:

Index Scan using stock_pkey on stock  (cost=0.42..8.44 rows=1 width=291) (actual time=0.833..0.835 rows=1 loops=1)

  Index Cond: ((s_w_id = 1) AND (s_i_id = 13371))

Planning Time: 0.094 ms

Execution Time: 0.856 ms
Failed SQL 728: SELECT S_QUANTITY, S_DATA, S_DIST_01, S_DIST_02, S_DIST_03, S_DIST_04, S_DIST_05, S_DIST_06, S_DIST_07, S_DIST_08, S_DIST_09, S_DIST_10 FROM STOCK WHERE S_I_ID = 13371 AND S_W_ID = 1
Error Message: Cannot invoke "java.util.List.get(int)" because the return value of "sg.edu.nus.autotune.DB2DATA.getAllIndexes()" is null


===== Query 729 =====

SQL: UPDATE STOCK SET S_QUANTITY = 18, S_YTD = S_YTD + 9, S_ORDER_CNT = S_ORDER_CNT + 1, S_REMOTE_CNT = S_REMOTE_CNT + 0 WHERE S_I_ID = 3111 AND S_W_ID = 2

EXPLAIN Plan:

Update on stock  (cost=0.42..8.45 rows=0 width=0) (actual time=0.060..0.060 rows=0 loops=1)

  ->  Index Scan using stock_pkey on stock  (cost=0.42..8.45 rows=1 width=32) (actual time=0.025..0.026 rows=1 loops=1)

        Index Cond: ((s_w_id = 2) AND (s_i_id = 3111))

Planning Time: 0.099 ms

Execution Time: 0.087 ms
Failed SQL 729: UPDATE STOCK SET S_QUANTITY = 18, S_YTD = S_YTD + 9, S_ORDER_CNT = S_ORDER_CNT + 1, S_REMOTE_CNT = S_REMOTE_CNT + 0 WHERE S_I_ID = 3111 AND S_W_ID = 2
Error Message: Cannot invoke "java.util.List.get(int)" because the return value of "sg.edu.nus.autotune.DB2DATA.getAllIndexes()" is null


===== Query 730 =====

SQL: SELECT I_PRICE, I_NAME , I_DATA FROM ITEM WHERE I_ID = 10309

EXPLAIN Plan:

Index Scan using item_pkey on item  (cost=0.29..8.31 rows=1 width=61) (actual time=1.175..1.177 rows=1 loops=1)

  Index Cond: (i_id = 10309)

Planning Time: 0.068 ms

Execution Time: 1.197 ms
Failed SQL 730: SELECT I_PRICE, I_NAME , I_DATA FROM ITEM WHERE I_ID = 10309
Error Message: Cannot invoke "java.util.List.get(int)" because the return value of "sg.edu.nus.autotune.DB2DATA.getAllIndexes()" is null


===== Query 731 =====

SQL: UPDATE STOCK SET S_QUANTITY = 31, S_YTD = S_YTD + 2, S_ORDER_CNT = S_ORDER_CNT + 1, S_REMOTE_CNT = S_REMOTE_CNT + 0 WHERE S_I_ID = 13371 AND S_W_ID = 1

EXPLAIN Plan:

Update on stock  (cost=0.42..8.45 rows=0 width=0) (actual time=0.060..0.060 rows=0 loops=1)

  ->  Index Scan using stock_pkey on stock  (cost=0.42..8.45 rows=1 width=32) (actual time=0.027..0.028 rows=1 loops=1)

        Index Cond: ((s_w_id = 1) AND (s_i_id = 13371))

Planning Time: 0.100 ms

Execution Time: 0.088 ms
Failed SQL 731: UPDATE STOCK SET S_QUANTITY = 31, S_YTD = S_YTD + 2, S_ORDER_CNT = S_ORDER_CNT + 1, S_REMOTE_CNT = S_REMOTE_CNT + 0 WHERE S_I_ID = 13371 AND S_W_ID = 1
Error Message: Cannot invoke "java.util.List.get(int)" because the return value of "sg.edu.nus.autotune.DB2DATA.getAllIndexes()" is null


===== Query 732 =====

SQL: SELECT S_QUANTITY, S_DATA, S_DIST_01, S_DIST_02, S_DIST_03, S_DIST_04, S_DIST_05, S_DIST_06, S_DIST_07, S_DIST_08, S_DIST_09, S_DIST_10 FROM STOCK WHERE S_I_ID = 10309 AND S_W_ID = 2

EXPLAIN Plan:

Index Scan using stock_pkey on stock  (cost=0.42..8.44 rows=1 width=291) (actual time=1.015..1.017 rows=1 loops=1)

  Index Cond: ((s_w_id = 2) AND (s_i_id = 10309))

Planning Time: 0.091 ms

Execution Time: 1.040 ms
Failed SQL 732: SELECT S_QUANTITY, S_DATA, S_DIST_01, S_DIST_02, S_DIST_03, S_DIST_04, S_DIST_05, S_DIST_06, S_DIST_07, S_DIST_08, S_DIST_09, S_DIST_10 FROM STOCK WHERE S_I_ID = 10309 AND S_W_ID = 2
Error Message: Cannot invoke "java.util.List.get(int)" because the return value of "sg.edu.nus.autotune.DB2DATA.getAllIndexes()" is null


===== Query 733 =====

SQL: SELECT C_DISCOUNT, C_LAST, C_CREDIT, W_TAX FROM CUSTOMER, WAREHOUSE WHERE W_ID = 1 AND C_W_ID = 1 AND C_D_ID = 1 AND C_ID = 2747

EXPLAIN Plan:

Nested Loop  (cost=4.56..16.61 rows=1 width=26) (actual time=1.068..1.071 rows=1 loops=1)

  ->  Index Scan using customer_pkey on customer  (cost=0.42..8.44 rows=1 width=21) (actual time=1.047..1.048 rows=1 loops=1)

        Index Cond: ((c_w_id = 1) AND (c_d_id = 1) AND (c_id = 2747))

  ->  Bitmap Heap Scan on warehouse  (cost=4.14..8.15 rows=1 width=5) (actual time=0.009..0.010 rows=1 loops=1)

        Recheck Cond: (w_id = 1)

        Heap Blocks: exact=1

        ->  Bitmap Index Scan on warehouse_pkey  (cost=0.00..4.14 rows=1 width=0) (actual time=0.005..0.005 rows=1 loops=1)

              Index Cond: (w_id = 1)

Planning Time: 0.147 ms

Execution Time: 1.111 ms
Failed SQL 733: SELECT C_DISCOUNT, C_LAST, C_CREDIT, W_TAX FROM CUSTOMER, WAREHOUSE WHERE W_ID = 1 AND C_W_ID = 1 AND C_D_ID = 1 AND C_ID = 2747
Error Message: Cannot invoke "java.util.List.get(int)" because the return value of "sg.edu.nus.autotune.DB2DATA.getAllIndexes()" is null


===== Query 734 =====

SQL: UPDATE STOCK SET S_QUANTITY = 74, S_YTD = S_YTD + 3, S_ORDER_CNT = S_ORDER_CNT + 1, S_REMOTE_CNT = S_REMOTE_CNT + 0 WHERE S_I_ID = 10309 AND S_W_ID = 2

EXPLAIN Plan:

Update on stock  (cost=0.42..8.45 rows=0 width=0) (actual time=0.060..0.060 rows=0 loops=1)

  ->  Index Scan using stock_pkey on stock  (cost=0.42..8.45 rows=1 width=32) (actual time=0.028..0.029 rows=1 loops=1)

        Index Cond: ((s_w_id = 2) AND (s_i_id = 10309))

Planning Time: 0.098 ms

Execution Time: 0.087 ms
Failed SQL 734: UPDATE STOCK SET S_QUANTITY = 74, S_YTD = S_YTD + 3, S_ORDER_CNT = S_ORDER_CNT + 1, S_REMOTE_CNT = S_REMOTE_CNT + 0 WHERE S_I_ID = 10309 AND S_W_ID = 2
Error Message: Cannot invoke "java.util.List.get(int)" because the return value of "sg.edu.nus.autotune.DB2DATA.getAllIndexes()" is null


===== Query 735 =====

SQL: SELECT I_PRICE, I_NAME , I_DATA FROM ITEM WHERE I_ID = 54675

EXPLAIN Plan:

Index Scan using item_pkey on item  (cost=0.29..8.31 rows=1 width=61) (actual time=1.096..1.098 rows=1 loops=1)

  Index Cond: (i_id = 54675)

Planning Time: 0.050 ms

Execution Time: 1.113 ms
Failed SQL 735: SELECT I_PRICE, I_NAME , I_DATA FROM ITEM WHERE I_ID = 54675
Error Message: Cannot invoke "java.util.List.get(int)" because the return value of "sg.edu.nus.autotune.DB2DATA.getAllIndexes()" is null


===== Query 736 =====

SQL: SELECT S_QUANTITY, S_DATA, S_DIST_01, S_DIST_02, S_DIST_03, S_DIST_04, S_DIST_05, S_DIST_06, S_DIST_07, S_DIST_08, S_DIST_09, S_DIST_10 FROM STOCK WHERE S_I_ID = 54675 AND S_W_ID = 2

EXPLAIN Plan:

Index Scan using stock_pkey on stock  (cost=0.42..8.44 rows=1 width=291) (actual time=0.245..0.248 rows=1 loops=1)

  Index Cond: ((s_w_id = 2) AND (s_i_id = 54675))

Planning Time: 0.098 ms

Execution Time: 0.270 ms
Failed SQL 736: SELECT S_QUANTITY, S_DATA, S_DIST_01, S_DIST_02, S_DIST_03, S_DIST_04, S_DIST_05, S_DIST_06, S_DIST_07, S_DIST_08, S_DIST_09, S_DIST_10 FROM STOCK WHERE S_I_ID = 54675 AND S_W_ID = 2
Error Message: Cannot invoke "java.util.List.get(int)" because the return value of "sg.edu.nus.autotune.DB2DATA.getAllIndexes()" is null


===== Query 737 =====

SQL: UPDATE STOCK SET S_QUANTITY = 74, S_YTD = S_YTD + 4, S_ORDER_CNT = S_ORDER_CNT + 1, S_REMOTE_CNT = S_REMOTE_CNT + 0 WHERE S_I_ID = 54675 AND S_W_ID = 2

EXPLAIN Plan:

Update on stock  (cost=0.42..8.45 rows=0 width=0) (actual time=0.067..0.068 rows=0 loops=1)

  ->  Index Scan using stock_pkey on stock  (cost=0.42..8.45 rows=1 width=32) (actual time=0.031..0.033 rows=1 loops=1)

        Index Cond: ((s_w_id = 2) AND (s_i_id = 54675))

Planning Time: 0.120 ms

Execution Time: 0.096 ms
Failed SQL 737: UPDATE STOCK SET S_QUANTITY = 74, S_YTD = S_YTD + 4, S_ORDER_CNT = S_ORDER_CNT + 1, S_REMOTE_CNT = S_REMOTE_CNT + 0 WHERE S_I_ID = 54675 AND S_W_ID = 2
Error Message: Cannot invoke "java.util.List.get(int)" because the return value of "sg.edu.nus.autotune.DB2DATA.getAllIndexes()" is null


===== Query 738 =====

SQL: SELECT I_PRICE, I_NAME , I_DATA FROM ITEM WHERE I_ID = 25440

EXPLAIN Plan:

Index Scan using item_pkey on item  (cost=0.29..8.31 rows=1 width=61) (actual time=0.360..0.363 rows=1 loops=1)

  Index Cond: (i_id = 25440)

Planning Time: 0.069 ms

Execution Time: 0.383 ms
Failed SQL 738: SELECT I_PRICE, I_NAME , I_DATA FROM ITEM WHERE I_ID = 25440
Error Message: Cannot invoke "java.util.List.get(int)" because the return value of "sg.edu.nus.autotune.DB2DATA.getAllIndexes()" is null


===== Query 739 =====

SQL: SELECT D_NEXT_O_ID, D_TAX FROM DISTRICT WHERE D_W_ID = 1 AND D_ID = 1

EXPLAIN Plan:

Bitmap Heap Scan on district  (cost=4.28..11.66 rows=2 width=9) (actual time=0.014..0.014 rows=1 loops=1)

  Recheck Cond: ((d_w_id = 1) AND (d_id = 1))

  Heap Blocks: exact=1

  ->  Bitmap Index Scan on district_pkey  (cost=0.00..4.28 rows=2 width=0) (actual time=0.009..0.009 rows=1 loops=1)

        Index Cond: ((d_w_id = 1) AND (d_id = 1))

Planning Time: 0.339 ms

Execution Time: 0.031 ms
Failed SQL 739: SELECT D_NEXT_O_ID, D_TAX FROM DISTRICT WHERE D_W_ID = 1 AND D_ID = 1
Error Message: Cannot invoke "java.util.List.get(int)" because the return value of "sg.edu.nus.autotune.DB2DATA.getAllIndexes()" is null


===== Query 740 =====

SQL: UPDATE DISTRICT SET D_NEXT_O_ID = D_NEXT_O_ID + 1 WHERE D_W_ID = 1 AND D_ID = 1

EXPLAIN Plan:

Update on district  (cost=4.28..11.67 rows=0 width=0) (actual time=0.049..0.049 rows=0 loops=1)

  ->  Bitmap Heap Scan on district  (cost=4.28..11.67 rows=2 width=10) (actual time=0.016..0.016 rows=1 loops=1)

        Recheck Cond: ((d_w_id = 1) AND (d_id = 1))

        Heap Blocks: exact=1

        ->  Bitmap Index Scan on district_pkey  (cost=0.00..4.28 rows=2 width=0) (actual time=0.009..0.009 rows=1 loops=1)

              Index Cond: ((d_w_id = 1) AND (d_id = 1))

Planning Time: 0.084 ms

Execution Time: 0.077 ms
Failed SQL 740: UPDATE DISTRICT SET D_NEXT_O_ID = D_NEXT_O_ID + 1 WHERE D_W_ID = 1 AND D_ID = 1
Error Message: Cannot invoke "java.util.List.get(int)" because the return value of "sg.edu.nus.autotune.DB2DATA.getAllIndexes()" is null


===== Query 741 =====

SQL: SELECT S_QUANTITY, S_DATA, S_DIST_01, S_DIST_02, S_DIST_03, S_DIST_04, S_DIST_05, S_DIST_06, S_DIST_07, S_DIST_08, S_DIST_09, S_DIST_10 FROM STOCK WHERE S_I_ID = 25440 AND S_W_ID = 2

EXPLAIN Plan:

Index Scan using stock_pkey on stock  (cost=0.42..8.44 rows=1 width=291) (actual time=1.274..1.276 rows=1 loops=1)

  Index Cond: ((s_w_id = 2) AND (s_i_id = 25440))

Planning Time: 0.099 ms

Execution Time: 1.298 ms
Failed SQL 741: SELECT S_QUANTITY, S_DATA, S_DIST_01, S_DIST_02, S_DIST_03, S_DIST_04, S_DIST_05, S_DIST_06, S_DIST_07, S_DIST_08, S_DIST_09, S_DIST_10 FROM STOCK WHERE S_I_ID = 25440 AND S_W_ID = 2
Error Message: Cannot invoke "java.util.List.get(int)" because the return value of "sg.edu.nus.autotune.DB2DATA.getAllIndexes()" is null


===== Query 742 =====

SQL: SELECT I_PRICE, I_NAME , I_DATA FROM ITEM WHERE I_ID = 89287

EXPLAIN Plan:

Index Scan using item_pkey on item  (cost=0.29..8.31 rows=1 width=61) (actual time=0.038..0.040 rows=1 loops=1)

  Index Cond: (i_id = 89287)

Planning Time: 0.068 ms

Execution Time: 0.057 ms
Failed SQL 742: SELECT I_PRICE, I_NAME , I_DATA FROM ITEM WHERE I_ID = 89287
Error Message: Cannot invoke "java.util.List.get(int)" because the return value of "sg.edu.nus.autotune.DB2DATA.getAllIndexes()" is null


===== Query 743 =====

SQL: SELECT S_QUANTITY, S_DATA, S_DIST_01, S_DIST_02, S_DIST_03, S_DIST_04, S_DIST_05, S_DIST_06, S_DIST_07, S_DIST_08, S_DIST_09, S_DIST_10 FROM STOCK WHERE S_I_ID = 89287 AND S_W_ID = 1

EXPLAIN Plan:

Index Scan using stock_pkey on stock  (cost=0.42..8.44 rows=1 width=291) (actual time=0.236..0.238 rows=1 loops=1)

  Index Cond: ((s_w_id = 1) AND (s_i_id = 89287))

Planning Time: 0.090 ms

Execution Time: 0.261 ms
Failed SQL 743: SELECT S_QUANTITY, S_DATA, S_DIST_01, S_DIST_02, S_DIST_03, S_DIST_04, S_DIST_05, S_DIST_06, S_DIST_07, S_DIST_08, S_DIST_09, S_DIST_10 FROM STOCK WHERE S_I_ID = 89287 AND S_W_ID = 1
Error Message: Cannot invoke "java.util.List.get(int)" because the return value of "sg.edu.nus.autotune.DB2DATA.getAllIndexes()" is null


===== Query 744 =====

SQL: UPDATE STOCK SET S_QUANTITY = 66, S_YTD = S_YTD + 4, S_ORDER_CNT = S_ORDER_CNT + 1, S_REMOTE_CNT = S_REMOTE_CNT + 0 WHERE S_I_ID = 89287 AND S_W_ID = 1

EXPLAIN Plan:

Update on stock  (cost=0.42..8.45 rows=0 width=0) (actual time=0.098..0.099 rows=0 loops=1)

  ->  Index Scan using stock_pkey on stock  (cost=0.42..8.45 rows=1 width=32) (actual time=0.038..0.039 rows=1 loops=1)

        Index Cond: ((s_w_id = 1) AND (s_i_id = 89287))

Planning Time: 0.103 ms

Execution Time: 0.127 ms
Failed SQL 744: UPDATE STOCK SET S_QUANTITY = 66, S_YTD = S_YTD + 4, S_ORDER_CNT = S_ORDER_CNT + 1, S_REMOTE_CNT = S_REMOTE_CNT + 0 WHERE S_I_ID = 89287 AND S_W_ID = 1
Error Message: Cannot invoke "java.util.List.get(int)" because the return value of "sg.edu.nus.autotune.DB2DATA.getAllIndexes()" is null


===== Query 745 =====

SQL: SELECT I_PRICE, I_NAME , I_DATA FROM ITEM WHERE I_ID = 64597

EXPLAIN Plan:

Index Scan using item_pkey on item  (cost=0.29..8.31 rows=1 width=61) (actual time=0.276..0.278 rows=1 loops=1)

  Index Cond: (i_id = 64597)

Planning Time: 0.071 ms

Execution Time: 0.295 ms
Failed SQL 745: SELECT I_PRICE, I_NAME , I_DATA FROM ITEM WHERE I_ID = 64597
Error Message: Cannot invoke "java.util.List.get(int)" because the return value of "sg.edu.nus.autotune.DB2DATA.getAllIndexes()" is null


===== Query 746 =====

SQL: SELECT S_QUANTITY, S_DATA, S_DIST_01, S_DIST_02, S_DIST_03, S_DIST_04, S_DIST_05, S_DIST_06, S_DIST_07, S_DIST_08, S_DIST_09, S_DIST_10 FROM STOCK WHERE S_I_ID = 64597 AND S_W_ID = 1

EXPLAIN Plan:

Index Scan using stock_pkey on stock  (cost=0.42..8.44 rows=1 width=291) (actual time=0.435..0.437 rows=1 loops=1)

  Index Cond: ((s_w_id = 1) AND (s_i_id = 64597))

Planning Time: 0.099 ms

Execution Time: 0.459 ms
Failed SQL 746: SELECT S_QUANTITY, S_DATA, S_DIST_01, S_DIST_02, S_DIST_03, S_DIST_04, S_DIST_05, S_DIST_06, S_DIST_07, S_DIST_08, S_DIST_09, S_DIST_10 FROM STOCK WHERE S_I_ID = 64597 AND S_W_ID = 1
Error Message: Cannot invoke "java.util.List.get(int)" because the return value of "sg.edu.nus.autotune.DB2DATA.getAllIndexes()" is null


===== Query 747 =====

SQL: UPDATE STOCK SET S_QUANTITY = 78, S_YTD = S_YTD + 8, S_ORDER_CNT = S_ORDER_CNT + 1, S_REMOTE_CNT = S_REMOTE_CNT + 0 WHERE S_I_ID = 64597 AND S_W_ID = 1

EXPLAIN Plan:

Update on stock  (cost=0.42..8.45 rows=0 width=0) (actual time=0.058..0.059 rows=0 loops=1)

  ->  Index Scan using stock_pkey on stock  (cost=0.42..8.45 rows=1 width=32) (actual time=0.024..0.025 rows=1 loops=1)

        Index Cond: ((s_w_id = 1) AND (s_i_id = 64597))

Planning Time: 0.102 ms

Execution Time: 0.085 ms
Failed SQL 747: UPDATE STOCK SET S_QUANTITY = 78, S_YTD = S_YTD + 8, S_ORDER_CNT = S_ORDER_CNT + 1, S_REMOTE_CNT = S_REMOTE_CNT + 0 WHERE S_I_ID = 64597 AND S_W_ID = 1
Error Message: Cannot invoke "java.util.List.get(int)" because the return value of "sg.edu.nus.autotune.DB2DATA.getAllIndexes()" is null


===== Query 748 =====

SQL: SELECT I_PRICE, I_NAME , I_DATA FROM ITEM WHERE I_ID = 41124

EXPLAIN Plan:

Index Scan using item_pkey on item  (cost=0.29..8.31 rows=1 width=61) (actual time=0.364..0.366 rows=1 loops=1)

  Index Cond: (i_id = 41124)

Planning Time: 0.070 ms

Execution Time: 0.383 ms
Failed SQL 748: SELECT I_PRICE, I_NAME , I_DATA FROM ITEM WHERE I_ID = 41124
Error Message: Cannot invoke "java.util.List.get(int)" because the return value of "sg.edu.nus.autotune.DB2DATA.getAllIndexes()" is null


===== Query 749 =====

SQL: UPDATE STOCK SET S_QUANTITY = 13, S_YTD = S_YTD + 10, S_ORDER_CNT = S_ORDER_CNT + 1, S_REMOTE_CNT = S_REMOTE_CNT + 0 WHERE S_I_ID = 25440 AND S_W_ID = 2

EXPLAIN Plan:

Update on stock  (cost=0.42..8.45 rows=0 width=0) (actual time=0.059..0.059 rows=0 loops=1)

  ->  Index Scan using stock_pkey on stock  (cost=0.42..8.45 rows=1 width=32) (actual time=0.023..0.024 rows=1 loops=1)

        Index Cond: ((s_w_id = 2) AND (s_i_id = 25440))

Planning Time: 0.102 ms

Execution Time: 0.085 ms
Failed SQL 749: UPDATE STOCK SET S_QUANTITY = 13, S_YTD = S_YTD + 10, S_ORDER_CNT = S_ORDER_CNT + 1, S_REMOTE_CNT = S_REMOTE_CNT + 0 WHERE S_I_ID = 25440 AND S_W_ID = 2
Error Message: Cannot invoke "java.util.List.get(int)" because the return value of "sg.edu.nus.autotune.DB2DATA.getAllIndexes()" is null


===== Query 750 =====

SQL: SELECT I_PRICE, I_NAME , I_DATA FROM ITEM WHERE I_ID = 56935

EXPLAIN Plan:

Index Scan using item_pkey on item  (cost=0.29..8.31 rows=1 width=61) (actual time=0.037..0.038 rows=1 loops=1)

  Index Cond: (i_id = 56935)

Planning Time: 0.075 ms

Execution Time: 0.056 ms
Failed SQL 750: SELECT I_PRICE, I_NAME , I_DATA FROM ITEM WHERE I_ID = 56935
Error Message: Cannot invoke "java.util.List.get(int)" because the return value of "sg.edu.nus.autotune.DB2DATA.getAllIndexes()" is null


===== Query 751 =====

SQL: SELECT S_QUANTITY, S_DATA, S_DIST_01, S_DIST_02, S_DIST_03, S_DIST_04, S_DIST_05, S_DIST_06, S_DIST_07, S_DIST_08, S_DIST_09, S_DIST_10 FROM STOCK WHERE S_I_ID = 56935 AND S_W_ID = 2

EXPLAIN Plan:

Index Scan using stock_pkey on stock  (cost=0.42..8.44 rows=1 width=291) (actual time=0.061..0.062 rows=1 loops=1)

  Index Cond: ((s_w_id = 2) AND (s_i_id = 56935))

Planning Time: 0.094 ms

Execution Time: 0.084 ms
Failed SQL 751: SELECT S_QUANTITY, S_DATA, S_DIST_01, S_DIST_02, S_DIST_03, S_DIST_04, S_DIST_05, S_DIST_06, S_DIST_07, S_DIST_08, S_DIST_09, S_DIST_10 FROM STOCK WHERE S_I_ID = 56935 AND S_W_ID = 2
Error Message: Cannot invoke "java.util.List.get(int)" because the return value of "sg.edu.nus.autotune.DB2DATA.getAllIndexes()" is null


===== Query 752 =====

SQL: UPDATE STOCK SET S_QUANTITY = 32, S_YTD = S_YTD + 2, S_ORDER_CNT = S_ORDER_CNT + 1, S_REMOTE_CNT = S_REMOTE_CNT + 0 WHERE S_I_ID = 56935 AND S_W_ID = 2

EXPLAIN Plan:

Update on stock  (cost=0.42..8.45 rows=0 width=0) (actual time=0.064..0.065 rows=0 loops=1)

  ->  Index Scan using stock_pkey on stock  (cost=0.42..8.45 rows=1 width=32) (actual time=0.025..0.026 rows=1 loops=1)

        Index Cond: ((s_w_id = 2) AND (s_i_id = 56935))

Planning Time: 0.101 ms

Execution Time: 0.092 ms
Failed SQL 752: UPDATE STOCK SET S_QUANTITY = 32, S_YTD = S_YTD + 2, S_ORDER_CNT = S_ORDER_CNT + 1, S_REMOTE_CNT = S_REMOTE_CNT + 0 WHERE S_I_ID = 56935 AND S_W_ID = 2
Error Message: Cannot invoke "java.util.List.get(int)" because the return value of "sg.edu.nus.autotune.DB2DATA.getAllIndexes()" is null


===== Query 753 =====

SQL: SELECT I_PRICE, I_NAME , I_DATA FROM ITEM WHERE I_ID = 64743

EXPLAIN Plan:

Index Scan using item_pkey on item  (cost=0.29..8.31 rows=1 width=61) (actual time=0.814..0.816 rows=1 loops=1)

  Index Cond: (i_id = 64743)

Planning Time: 0.071 ms

Execution Time: 0.835 ms
Failed SQL 753: SELECT I_PRICE, I_NAME , I_DATA FROM ITEM WHERE I_ID = 64743
Error Message: Cannot invoke "java.util.List.get(int)" because the return value of "sg.edu.nus.autotune.DB2DATA.getAllIndexes()" is null


===== Query 754 =====

SQL: SELECT S_QUANTITY, S_DATA, S_DIST_01, S_DIST_02, S_DIST_03, S_DIST_04, S_DIST_05, S_DIST_06, S_DIST_07, S_DIST_08, S_DIST_09, S_DIST_10 FROM STOCK WHERE S_I_ID = 64743 AND S_W_ID = 2

EXPLAIN Plan:

Index Scan using stock_pkey on stock  (cost=0.42..8.44 rows=1 width=291) (actual time=0.041..0.043 rows=1 loops=1)

  Index Cond: ((s_w_id = 2) AND (s_i_id = 64743))

Planning Time: 0.096 ms

Execution Time: 0.064 ms
Failed SQL 754: SELECT S_QUANTITY, S_DATA, S_DIST_01, S_DIST_02, S_DIST_03, S_DIST_04, S_DIST_05, S_DIST_06, S_DIST_07, S_DIST_08, S_DIST_09, S_DIST_10 FROM STOCK WHERE S_I_ID = 64743 AND S_W_ID = 2
Error Message: Cannot invoke "java.util.List.get(int)" because the return value of "sg.edu.nus.autotune.DB2DATA.getAllIndexes()" is null


===== Query 755 =====

SQL: UPDATE STOCK SET S_QUANTITY = 79, S_YTD = S_YTD + 2, S_ORDER_CNT = S_ORDER_CNT + 1, S_REMOTE_CNT = S_REMOTE_CNT + 0 WHERE S_I_ID = 64743 AND S_W_ID = 2

EXPLAIN Plan:

Update on stock  (cost=0.42..8.45 rows=0 width=0) (actual time=0.086..0.087 rows=0 loops=1)

  ->  Index Scan using stock_pkey on stock  (cost=0.42..8.45 rows=1 width=32) (actual time=0.024..0.025 rows=1 loops=1)

        Index Cond: ((s_w_id = 2) AND (s_i_id = 64743))

Planning Time: 0.103 ms

Execution Time: 0.120 ms
Failed SQL 755: UPDATE STOCK SET S_QUANTITY = 79, S_YTD = S_YTD + 2, S_ORDER_CNT = S_ORDER_CNT + 1, S_REMOTE_CNT = S_REMOTE_CNT + 0 WHERE S_I_ID = 64743 AND S_W_ID = 2
Error Message: Cannot invoke "java.util.List.get(int)" because the return value of "sg.edu.nus.autotune.DB2DATA.getAllIndexes()" is null


===== Query 756 =====

SQL: SELECT I_PRICE, I_NAME , I_DATA FROM ITEM WHERE I_ID = 65190

EXPLAIN Plan:

Index Scan using item_pkey on item  (cost=0.29..8.31 rows=1 width=61) (actual time=0.024..0.025 rows=1 loops=1)

  Index Cond: (i_id = 65190)

Planning Time: 0.072 ms

Execution Time: 0.042 ms
Failed SQL 756: SELECT I_PRICE, I_NAME , I_DATA FROM ITEM WHERE I_ID = 65190
Error Message: Cannot invoke "java.util.List.get(int)" because the return value of "sg.edu.nus.autotune.DB2DATA.getAllIndexes()" is null


===== Query 757 =====

SQL: SELECT S_QUANTITY, S_DATA, S_DIST_01, S_DIST_02, S_DIST_03, S_DIST_04, S_DIST_05, S_DIST_06, S_DIST_07, S_DIST_08, S_DIST_09, S_DIST_10 FROM STOCK WHERE S_I_ID = 65190 AND S_W_ID = 2

EXPLAIN Plan:

Index Scan using stock_pkey on stock  (cost=0.42..8.44 rows=1 width=291) (actual time=0.057..0.058 rows=1 loops=1)

  Index Cond: ((s_w_id = 2) AND (s_i_id = 65190))

Planning Time: 0.089 ms

Execution Time: 0.079 ms
Failed SQL 757: SELECT S_QUANTITY, S_DATA, S_DIST_01, S_DIST_02, S_DIST_03, S_DIST_04, S_DIST_05, S_DIST_06, S_DIST_07, S_DIST_08, S_DIST_09, S_DIST_10 FROM STOCK WHERE S_I_ID = 65190 AND S_W_ID = 2
Error Message: Cannot invoke "java.util.List.get(int)" because the return value of "sg.edu.nus.autotune.DB2DATA.getAllIndexes()" is null


===== Query 758 =====

SQL: SELECT S_QUANTITY, S_DATA, S_DIST_01, S_DIST_02, S_DIST_03, S_DIST_04, S_DIST_05, S_DIST_06, S_DIST_07, S_DIST_08, S_DIST_09, S_DIST_10 FROM STOCK WHERE S_I_ID = 41124 AND S_W_ID = 1

EXPLAIN Plan:

Index Scan using stock_pkey on stock  (cost=0.42..8.44 rows=1 width=291) (actual time=1.038..1.040 rows=1 loops=1)

  Index Cond: ((s_w_id = 1) AND (s_i_id = 41124))

Planning Time: 0.090 ms

Execution Time: 1.063 ms
Failed SQL 758: SELECT S_QUANTITY, S_DATA, S_DIST_01, S_DIST_02, S_DIST_03, S_DIST_04, S_DIST_05, S_DIST_06, S_DIST_07, S_DIST_08, S_DIST_09, S_DIST_10 FROM STOCK WHERE S_I_ID = 41124 AND S_W_ID = 1
Error Message: Cannot invoke "java.util.List.get(int)" because the return value of "sg.edu.nus.autotune.DB2DATA.getAllIndexes()" is null


===== Query 759 =====

SQL: UPDATE STOCK SET S_QUANTITY = 57, S_YTD = S_YTD + 8, S_ORDER_CNT = S_ORDER_CNT + 1, S_REMOTE_CNT = S_REMOTE_CNT + 0 WHERE S_I_ID = 65190 AND S_W_ID = 2

EXPLAIN Plan:

Update on stock  (cost=0.42..8.45 rows=0 width=0) (actual time=0.088..0.089 rows=0 loops=1)

  ->  Index Scan using stock_pkey on stock  (cost=0.42..8.45 rows=1 width=32) (actual time=0.026..0.027 rows=1 loops=1)

        Index Cond: ((s_w_id = 2) AND (s_i_id = 65190))

Planning Time: 0.098 ms

Execution Time: 0.116 ms
Failed SQL 759: UPDATE STOCK SET S_QUANTITY = 57, S_YTD = S_YTD + 8, S_ORDER_CNT = S_ORDER_CNT + 1, S_REMOTE_CNT = S_REMOTE_CNT + 0 WHERE S_I_ID = 65190 AND S_W_ID = 2
Error Message: Cannot invoke "java.util.List.get(int)" because the return value of "sg.edu.nus.autotune.DB2DATA.getAllIndexes()" is null


===== Query 760 =====

SQL: SELECT I_PRICE, I_NAME , I_DATA FROM ITEM WHERE I_ID = 28255

EXPLAIN Plan:

Index Scan using item_pkey on item  (cost=0.29..8.31 rows=1 width=61) (actual time=0.808..0.809 rows=1 loops=1)

  Index Cond: (i_id = 28255)

Planning Time: 0.074 ms

Execution Time: 0.829 ms
Failed SQL 760: SELECT I_PRICE, I_NAME , I_DATA FROM ITEM WHERE I_ID = 28255
Error Message: Cannot invoke "java.util.List.get(int)" because the return value of "sg.edu.nus.autotune.DB2DATA.getAllIndexes()" is null


===== Query 761 =====

SQL: SELECT S_QUANTITY, S_DATA, S_DIST_01, S_DIST_02, S_DIST_03, S_DIST_04, S_DIST_05, S_DIST_06, S_DIST_07, S_DIST_08, S_DIST_09, S_DIST_10 FROM STOCK WHERE S_I_ID = 28255 AND S_W_ID = 2

EXPLAIN Plan:

Index Scan using stock_pkey on stock  (cost=0.42..8.44 rows=1 width=291) (actual time=0.822..0.824 rows=1 loops=1)

  Index Cond: ((s_w_id = 2) AND (s_i_id = 28255))

Planning Time: 0.094 ms

Execution Time: 0.847 ms
Failed SQL 761: SELECT S_QUANTITY, S_DATA, S_DIST_01, S_DIST_02, S_DIST_03, S_DIST_04, S_DIST_05, S_DIST_06, S_DIST_07, S_DIST_08, S_DIST_09, S_DIST_10 FROM STOCK WHERE S_I_ID = 28255 AND S_W_ID = 2
Error Message: Cannot invoke "java.util.List.get(int)" because the return value of "sg.edu.nus.autotune.DB2DATA.getAllIndexes()" is null


===== Query 762 =====

SQL: UPDATE STOCK SET S_QUANTITY = 17, S_YTD = S_YTD + 5, S_ORDER_CNT = S_ORDER_CNT + 1, S_REMOTE_CNT = S_REMOTE_CNT + 0 WHERE S_I_ID = 41124 AND S_W_ID = 1

EXPLAIN Plan:

Update on stock  (cost=0.42..8.45 rows=0 width=0) (actual time=0.059..0.060 rows=0 loops=1)

  ->  Index Scan using stock_pkey on stock  (cost=0.42..8.45 rows=1 width=32) (actual time=0.027..0.029 rows=1 loops=1)

        Index Cond: ((s_w_id = 1) AND (s_i_id = 41124))

Planning Time: 0.099 ms

Execution Time: 0.086 ms
Failed SQL 762: UPDATE STOCK SET S_QUANTITY = 17, S_YTD = S_YTD + 5, S_ORDER_CNT = S_ORDER_CNT + 1, S_REMOTE_CNT = S_REMOTE_CNT + 0 WHERE S_I_ID = 41124 AND S_W_ID = 1
Error Message: Cannot invoke "java.util.List.get(int)" because the return value of "sg.edu.nus.autotune.DB2DATA.getAllIndexes()" is null


===== Query 763 =====

SQL: SELECT I_PRICE, I_NAME , I_DATA FROM ITEM WHERE I_ID = 56038

EXPLAIN Plan:

Index Scan using item_pkey on item  (cost=0.29..8.31 rows=1 width=61) (actual time=0.585..0.588 rows=1 loops=1)

  Index Cond: (i_id = 56038)

Planning Time: 0.085 ms

Execution Time: 0.608 ms
Failed SQL 763: SELECT I_PRICE, I_NAME , I_DATA FROM ITEM WHERE I_ID = 56038
Error Message: Cannot invoke "java.util.List.get(int)" because the return value of "sg.edu.nus.autotune.DB2DATA.getAllIndexes()" is null


===== Query 764 =====

SQL: UPDATE STOCK SET S_QUANTITY = 19, S_YTD = S_YTD + 1, S_ORDER_CNT = S_ORDER_CNT + 1, S_REMOTE_CNT = S_REMOTE_CNT + 0 WHERE S_I_ID = 28255 AND S_W_ID = 2

EXPLAIN Plan:

Update on stock  (cost=0.42..8.45 rows=0 width=0) (actual time=0.064..0.065 rows=0 loops=1)

  ->  Index Scan using stock_pkey on stock  (cost=0.42..8.45 rows=1 width=32) (actual time=0.032..0.033 rows=1 loops=1)

        Index Cond: ((s_w_id = 2) AND (s_i_id = 28255))

Planning Time: 0.106 ms

Execution Time: 0.092 ms
Failed SQL 764: UPDATE STOCK SET S_QUANTITY = 19, S_YTD = S_YTD + 1, S_ORDER_CNT = S_ORDER_CNT + 1, S_REMOTE_CNT = S_REMOTE_CNT + 0 WHERE S_I_ID = 28255 AND S_W_ID = 2
Error Message: Cannot invoke "java.util.List.get(int)" because the return value of "sg.edu.nus.autotune.DB2DATA.getAllIndexes()" is null


===== Query 765 =====

SQL: SELECT I_PRICE, I_NAME , I_DATA FROM ITEM WHERE I_ID = 84706

EXPLAIN Plan:

Index Scan using item_pkey on item  (cost=0.29..8.31 rows=1 width=61) (actual time=1.043..1.045 rows=1 loops=1)

  Index Cond: (i_id = 84706)

Planning Time: 0.075 ms

Execution Time: 1.063 ms
Failed SQL 765: SELECT I_PRICE, I_NAME , I_DATA FROM ITEM WHERE I_ID = 84706
Error Message: Cannot invoke "java.util.List.get(int)" because the return value of "sg.edu.nus.autotune.DB2DATA.getAllIndexes()" is null


===== Query 766 =====

SQL: SELECT S_QUANTITY, S_DATA, S_DIST_01, S_DIST_02, S_DIST_03, S_DIST_04, S_DIST_05, S_DIST_06, S_DIST_07, S_DIST_08, S_DIST_09, S_DIST_10 FROM STOCK WHERE S_I_ID = 56038 AND S_W_ID = 1

EXPLAIN Plan:

Index Scan using stock_pkey on stock  (cost=0.42..8.44 rows=1 width=291) (actual time=1.158..1.160 rows=1 loops=1)

  Index Cond: ((s_w_id = 1) AND (s_i_id = 56038))

Planning Time: 0.091 ms

Execution Time: 1.183 ms
Failed SQL 766: SELECT S_QUANTITY, S_DATA, S_DIST_01, S_DIST_02, S_DIST_03, S_DIST_04, S_DIST_05, S_DIST_06, S_DIST_07, S_DIST_08, S_DIST_09, S_DIST_10 FROM STOCK WHERE S_I_ID = 56038 AND S_W_ID = 1
Error Message: Cannot invoke "java.util.List.get(int)" because the return value of "sg.edu.nus.autotune.DB2DATA.getAllIndexes()" is null


===== Query 767 =====

SQL: SELECT S_QUANTITY, S_DATA, S_DIST_01, S_DIST_02, S_DIST_03, S_DIST_04, S_DIST_05, S_DIST_06, S_DIST_07, S_DIST_08, S_DIST_09, S_DIST_10 FROM STOCK WHERE S_I_ID = 84706 AND S_W_ID = 2

EXPLAIN Plan:

Index Scan using stock_pkey on stock  (cost=0.42..8.44 rows=1 width=291) (actual time=0.378..0.380 rows=1 loops=1)

  Index Cond: ((s_w_id = 2) AND (s_i_id = 84706))

Planning Time: 0.099 ms

Execution Time: 0.401 ms
Failed SQL 767: SELECT S_QUANTITY, S_DATA, S_DIST_01, S_DIST_02, S_DIST_03, S_DIST_04, S_DIST_05, S_DIST_06, S_DIST_07, S_DIST_08, S_DIST_09, S_DIST_10 FROM STOCK WHERE S_I_ID = 84706 AND S_W_ID = 2
Error Message: Cannot invoke "java.util.List.get(int)" because the return value of "sg.edu.nus.autotune.DB2DATA.getAllIndexes()" is null


===== Query 768 =====

SQL: UPDATE STOCK SET S_QUANTITY = 75, S_YTD = S_YTD + 8, S_ORDER_CNT = S_ORDER_CNT + 1, S_REMOTE_CNT = S_REMOTE_CNT + 0 WHERE S_I_ID = 56038 AND S_W_ID = 1

EXPLAIN Plan:

Update on stock  (cost=0.42..8.45 rows=0 width=0) (actual time=0.079..0.080 rows=0 loops=1)

  ->  Index Scan using stock_pkey on stock  (cost=0.42..8.45 rows=1 width=32) (actual time=0.024..0.025 rows=1 loops=1)

        Index Cond: ((s_w_id = 1) AND (s_i_id = 56038))

Planning Time: 0.101 ms

Execution Time: 0.107 ms
Failed SQL 768: UPDATE STOCK SET S_QUANTITY = 75, S_YTD = S_YTD + 8, S_ORDER_CNT = S_ORDER_CNT + 1, S_REMOTE_CNT = S_REMOTE_CNT + 0 WHERE S_I_ID = 56038 AND S_W_ID = 1
Error Message: Cannot invoke "java.util.List.get(int)" because the return value of "sg.edu.nus.autotune.DB2DATA.getAllIndexes()" is null


===== Query 769 =====

SQL: SELECT I_PRICE, I_NAME , I_DATA FROM ITEM WHERE I_ID = 48550

EXPLAIN Plan:

Index Scan using item_pkey on item  (cost=0.29..8.31 rows=1 width=61) (actual time=0.021..0.022 rows=1 loops=1)

  Index Cond: (i_id = 48550)

Planning Time: 0.071 ms

Execution Time: 0.040 ms
Failed SQL 769: SELECT I_PRICE, I_NAME , I_DATA FROM ITEM WHERE I_ID = 48550
Error Message: Cannot invoke "java.util.List.get(int)" because the return value of "sg.edu.nus.autotune.DB2DATA.getAllIndexes()" is null


===== Query 770 =====

SQL: SELECT S_QUANTITY, S_DATA, S_DIST_01, S_DIST_02, S_DIST_03, S_DIST_04, S_DIST_05, S_DIST_06, S_DIST_07, S_DIST_08, S_DIST_09, S_DIST_10 FROM STOCK WHERE S_I_ID = 48550 AND S_W_ID = 1

EXPLAIN Plan:

Index Scan using stock_pkey on stock  (cost=0.42..8.44 rows=1 width=291) (actual time=0.755..0.757 rows=1 loops=1)

  Index Cond: ((s_w_id = 1) AND (s_i_id = 48550))

Planning Time: 0.092 ms

Execution Time: 0.780 ms
Failed SQL 770: SELECT S_QUANTITY, S_DATA, S_DIST_01, S_DIST_02, S_DIST_03, S_DIST_04, S_DIST_05, S_DIST_06, S_DIST_07, S_DIST_08, S_DIST_09, S_DIST_10 FROM STOCK WHERE S_I_ID = 48550 AND S_W_ID = 1
Error Message: Cannot invoke "java.util.List.get(int)" because the return value of "sg.edu.nus.autotune.DB2DATA.getAllIndexes()" is null


===== Query 771 =====

SQL: UPDATE STOCK SET S_QUANTITY = 63, S_YTD = S_YTD + 7, S_ORDER_CNT = S_ORDER_CNT + 1, S_REMOTE_CNT = S_REMOTE_CNT + 0 WHERE S_I_ID = 48550 AND S_W_ID = 1

EXPLAIN Plan:

Update on stock  (cost=0.42..8.45 rows=0 width=0) (actual time=0.057..0.058 rows=0 loops=1)

  ->  Index Scan using stock_pkey on stock  (cost=0.42..8.45 rows=1 width=32) (actual time=0.024..0.025 rows=1 loops=1)

        Index Cond: ((s_w_id = 1) AND (s_i_id = 48550))

Planning Time: 0.098 ms

Execution Time: 0.084 ms
Failed SQL 771: UPDATE STOCK SET S_QUANTITY = 63, S_YTD = S_YTD + 7, S_ORDER_CNT = S_ORDER_CNT + 1, S_REMOTE_CNT = S_REMOTE_CNT + 0 WHERE S_I_ID = 48550 AND S_W_ID = 1
Error Message: Cannot invoke "java.util.List.get(int)" because the return value of "sg.edu.nus.autotune.DB2DATA.getAllIndexes()" is null


===== Query 772 =====

SQL: SELECT I_PRICE, I_NAME , I_DATA FROM ITEM WHERE I_ID = 15955

EXPLAIN Plan:

Index Scan using item_pkey on item  (cost=0.29..8.31 rows=1 width=61) (actual time=0.023..0.025 rows=1 loops=1)

  Index Cond: (i_id = 15955)

Planning Time: 0.074 ms

Execution Time: 0.041 ms
Failed SQL 772: SELECT I_PRICE, I_NAME , I_DATA FROM ITEM WHERE I_ID = 15955
Error Message: Cannot invoke "java.util.List.get(int)" because the return value of "sg.edu.nus.autotune.DB2DATA.getAllIndexes()" is null


===== Query 773 =====

SQL: SELECT S_QUANTITY, S_DATA, S_DIST_01, S_DIST_02, S_DIST_03, S_DIST_04, S_DIST_05, S_DIST_06, S_DIST_07, S_DIST_08, S_DIST_09, S_DIST_10 FROM STOCK WHERE S_I_ID = 15955 AND S_W_ID = 1

EXPLAIN Plan:

Index Scan using stock_pkey on stock  (cost=0.42..8.44 rows=1 width=291) (actual time=0.783..0.785 rows=1 loops=1)

  Index Cond: ((s_w_id = 1) AND (s_i_id = 15955))

Planning Time: 0.094 ms

Execution Time: 0.806 ms
Failed SQL 773: SELECT S_QUANTITY, S_DATA, S_DIST_01, S_DIST_02, S_DIST_03, S_DIST_04, S_DIST_05, S_DIST_06, S_DIST_07, S_DIST_08, S_DIST_09, S_DIST_10 FROM STOCK WHERE S_I_ID = 15955 AND S_W_ID = 1
Error Message: Cannot invoke "java.util.List.get(int)" because the return value of "sg.edu.nus.autotune.DB2DATA.getAllIndexes()" is null


===== Query 774 =====

SQL: UPDATE STOCK SET S_QUANTITY = 91, S_YTD = S_YTD + 2, S_ORDER_CNT = S_ORDER_CNT + 1, S_REMOTE_CNT = S_REMOTE_CNT + 0 WHERE S_I_ID = 15955 AND S_W_ID = 1

EXPLAIN Plan:

Update on stock  (cost=0.42..8.45 rows=0 width=0) (actual time=0.060..0.060 rows=0 loops=1)

  ->  Index Scan using stock_pkey on stock  (cost=0.42..8.45 rows=1 width=32) (actual time=0.024..0.025 rows=1 loops=1)

        Index Cond: ((s_w_id = 1) AND (s_i_id = 15955))

Planning Time: 0.096 ms

Execution Time: 0.088 ms
Failed SQL 774: UPDATE STOCK SET S_QUANTITY = 91, S_YTD = S_YTD + 2, S_ORDER_CNT = S_ORDER_CNT + 1, S_REMOTE_CNT = S_REMOTE_CNT + 0 WHERE S_I_ID = 15955 AND S_W_ID = 1
Error Message: Cannot invoke "java.util.List.get(int)" because the return value of "sg.edu.nus.autotune.DB2DATA.getAllIndexes()" is null


===== Query 775 =====

SQL: SELECT I_PRICE, I_NAME , I_DATA FROM ITEM WHERE I_ID = 31294

EXPLAIN Plan:

Index Scan using item_pkey on item  (cost=0.29..8.31 rows=1 width=61) (actual time=0.039..0.041 rows=1 loops=1)

  Index Cond: (i_id = 31294)

Planning Time: 0.075 ms

Execution Time: 0.058 ms
Failed SQL 775: SELECT I_PRICE, I_NAME , I_DATA FROM ITEM WHERE I_ID = 31294
Error Message: Cannot invoke "java.util.List.get(int)" because the return value of "sg.edu.nus.autotune.DB2DATA.getAllIndexes()" is null


===== Query 776 =====

SQL: SELECT S_QUANTITY, S_DATA, S_DIST_01, S_DIST_02, S_DIST_03, S_DIST_04, S_DIST_05, S_DIST_06, S_DIST_07, S_DIST_08, S_DIST_09, S_DIST_10 FROM STOCK WHERE S_I_ID = 31294 AND S_W_ID = 1

EXPLAIN Plan:

Index Scan using stock_pkey on stock  (cost=0.42..8.44 rows=1 width=291) (actual time=0.838..0.841 rows=1 loops=1)

  Index Cond: ((s_w_id = 1) AND (s_i_id = 31294))

Planning Time: 0.092 ms

Execution Time: 0.864 ms
Failed SQL 776: SELECT S_QUANTITY, S_DATA, S_DIST_01, S_DIST_02, S_DIST_03, S_DIST_04, S_DIST_05, S_DIST_06, S_DIST_07, S_DIST_08, S_DIST_09, S_DIST_10 FROM STOCK WHERE S_I_ID = 31294 AND S_W_ID = 1
Error Message: Cannot invoke "java.util.List.get(int)" because the return value of "sg.edu.nus.autotune.DB2DATA.getAllIndexes()" is null


===== Query 777 =====

SQL: UPDATE STOCK SET S_QUANTITY = 46, S_YTD = S_YTD + 7, S_ORDER_CNT = S_ORDER_CNT + 1, S_REMOTE_CNT = S_REMOTE_CNT + 0 WHERE S_I_ID = 84706 AND S_W_ID = 2

EXPLAIN Plan:

Update on stock  (cost=0.42..8.45 rows=0 width=0) (actual time=0.059..0.059 rows=0 loops=1)

  ->  Index Scan using stock_pkey on stock  (cost=0.42..8.45 rows=1 width=32) (actual time=0.025..0.026 rows=1 loops=1)

        Index Cond: ((s_w_id = 2) AND (s_i_id = 84706))

Planning Time: 0.096 ms

Execution Time: 0.086 ms
Failed SQL 777: UPDATE STOCK SET S_QUANTITY = 46, S_YTD = S_YTD + 7, S_ORDER_CNT = S_ORDER_CNT + 1, S_REMOTE_CNT = S_REMOTE_CNT + 0 WHERE S_I_ID = 84706 AND S_W_ID = 2
Error Message: Cannot invoke "java.util.List.get(int)" because the return value of "sg.edu.nus.autotune.DB2DATA.getAllIndexes()" is null


===== Query 778 =====

SQL: SELECT I_PRICE, I_NAME , I_DATA FROM ITEM WHERE I_ID = 38467

EXPLAIN Plan:

Index Scan using item_pkey on item  (cost=0.29..8.31 rows=1 width=61) (actual time=1.157..1.159 rows=1 loops=1)

  Index Cond: (i_id = 38467)

Planning Time: 0.077 ms

Execution Time: 1.177 ms
Failed SQL 778: SELECT I_PRICE, I_NAME , I_DATA FROM ITEM WHERE I_ID = 38467
Error Message: Cannot invoke "java.util.List.get(int)" because the return value of "sg.edu.nus.autotune.DB2DATA.getAllIndexes()" is null


===== Query 779 =====

SQL: UPDATE STOCK SET S_QUANTITY = 35, S_YTD = S_YTD + 9, S_ORDER_CNT = S_ORDER_CNT + 1, S_REMOTE_CNT = S_REMOTE_CNT + 0 WHERE S_I_ID = 31294 AND S_W_ID = 1

EXPLAIN Plan:

Update on stock  (cost=0.42..8.45 rows=0 width=0) (actual time=0.064..0.064 rows=0 loops=1)

  ->  Index Scan using stock_pkey on stock  (cost=0.42..8.45 rows=1 width=32) (actual time=0.023..0.024 rows=1 loops=1)

        Index Cond: ((s_w_id = 1) AND (s_i_id = 31294))

Planning Time: 0.105 ms

Execution Time: 0.092 ms
Failed SQL 779: UPDATE STOCK SET S_QUANTITY = 35, S_YTD = S_YTD + 9, S_ORDER_CNT = S_ORDER_CNT + 1, S_REMOTE_CNT = S_REMOTE_CNT + 0 WHERE S_I_ID = 31294 AND S_W_ID = 1
Error Message: Cannot invoke "java.util.List.get(int)" because the return value of "sg.edu.nus.autotune.DB2DATA.getAllIndexes()" is null


===== Query 780 =====

SQL: SELECT I_PRICE, I_NAME , I_DATA FROM ITEM WHERE I_ID = 30423

EXPLAIN Plan:

Index Scan using item_pkey on item  (cost=0.29..8.31 rows=1 width=61) (actual time=1.064..1.066 rows=1 loops=1)

  Index Cond: (i_id = 30423)

Planning Time: 0.075 ms

Execution Time: 1.085 ms
Failed SQL 780: SELECT I_PRICE, I_NAME , I_DATA FROM ITEM WHERE I_ID = 30423
Error Message: Cannot invoke "java.util.List.get(int)" because the return value of "sg.edu.nus.autotune.DB2DATA.getAllIndexes()" is null


===== Query 781 =====

SQL: SELECT S_QUANTITY, S_DATA, S_DIST_01, S_DIST_02, S_DIST_03, S_DIST_04, S_DIST_05, S_DIST_06, S_DIST_07, S_DIST_08, S_DIST_09, S_DIST_10 FROM STOCK WHERE S_I_ID = 30423 AND S_W_ID = 1

EXPLAIN Plan:

Index Scan using stock_pkey on stock  (cost=0.42..8.44 rows=1 width=291) (actual time=1.072..1.074 rows=1 loops=1)

  Index Cond: ((s_w_id = 1) AND (s_i_id = 30423))

Planning Time: 0.095 ms

Execution Time: 1.096 ms
Failed SQL 781: SELECT S_QUANTITY, S_DATA, S_DIST_01, S_DIST_02, S_DIST_03, S_DIST_04, S_DIST_05, S_DIST_06, S_DIST_07, S_DIST_08, S_DIST_09, S_DIST_10 FROM STOCK WHERE S_I_ID = 30423 AND S_W_ID = 1
Error Message: Cannot invoke "java.util.List.get(int)" because the return value of "sg.edu.nus.autotune.DB2DATA.getAllIndexes()" is null


===== Query 782 =====

SQL: UPDATE STOCK SET S_QUANTITY = 79, S_YTD = S_YTD + 3, S_ORDER_CNT = S_ORDER_CNT + 1, S_REMOTE_CNT = S_REMOTE_CNT + 0 WHERE S_I_ID = 30423 AND S_W_ID = 1

EXPLAIN Plan:

Update on stock  (cost=0.42..8.45 rows=0 width=0) (actual time=0.086..0.086 rows=0 loops=1)

  ->  Index Scan using stock_pkey on stock  (cost=0.42..8.45 rows=1 width=32) (actual time=0.025..0.026 rows=1 loops=1)

        Index Cond: ((s_w_id = 1) AND (s_i_id = 30423))

Planning Time: 0.106 ms

Execution Time: 0.113 ms
Failed SQL 782: UPDATE STOCK SET S_QUANTITY = 79, S_YTD = S_YTD + 3, S_ORDER_CNT = S_ORDER_CNT + 1, S_REMOTE_CNT = S_REMOTE_CNT + 0 WHERE S_I_ID = 30423 AND S_W_ID = 1
Error Message: Cannot invoke "java.util.List.get(int)" because the return value of "sg.edu.nus.autotune.DB2DATA.getAllIndexes()" is null


===== Query 783 =====

SQL: SELECT I_PRICE, I_NAME , I_DATA FROM ITEM WHERE I_ID = 11239

EXPLAIN Plan:

Index Scan using item_pkey on item  (cost=0.29..8.31 rows=1 width=61) (actual time=1.029..1.031 rows=1 loops=1)

  Index Cond: (i_id = 11239)

Planning Time: 0.072 ms

Execution Time: 1.049 ms
Failed SQL 783: SELECT I_PRICE, I_NAME , I_DATA FROM ITEM WHERE I_ID = 11239
Error Message: Cannot invoke "java.util.List.get(int)" because the return value of "sg.edu.nus.autotune.DB2DATA.getAllIndexes()" is null


===== Query 784 =====

SQL: SELECT S_QUANTITY, S_DATA, S_DIST_01, S_DIST_02, S_DIST_03, S_DIST_04, S_DIST_05, S_DIST_06, S_DIST_07, S_DIST_08, S_DIST_09, S_DIST_10 FROM STOCK WHERE S_I_ID = 11239 AND S_W_ID = 1

EXPLAIN Plan:

Index Scan using stock_pkey on stock  (cost=0.42..8.44 rows=1 width=291) (actual time=1.062..1.064 rows=1 loops=1)

  Index Cond: ((s_w_id = 1) AND (s_i_id = 11239))

Planning Time: 0.098 ms

Execution Time: 1.088 ms
Failed SQL 784: SELECT S_QUANTITY, S_DATA, S_DIST_01, S_DIST_02, S_DIST_03, S_DIST_04, S_DIST_05, S_DIST_06, S_DIST_07, S_DIST_08, S_DIST_09, S_DIST_10 FROM STOCK WHERE S_I_ID = 11239 AND S_W_ID = 1
Error Message: Cannot invoke "java.util.List.get(int)" because the return value of "sg.edu.nus.autotune.DB2DATA.getAllIndexes()" is null


===== Query 785 =====

SQL: SELECT S_QUANTITY, S_DATA, S_DIST_01, S_DIST_02, S_DIST_03, S_DIST_04, S_DIST_05, S_DIST_06, S_DIST_07, S_DIST_08, S_DIST_09, S_DIST_10 FROM STOCK WHERE S_I_ID = 38467 AND S_W_ID = 2

EXPLAIN Plan:

Index Scan using stock_pkey on stock  (cost=0.42..8.44 rows=1 width=291) (actual time=0.859..0.861 rows=1 loops=1)

  Index Cond: ((s_w_id = 2) AND (s_i_id = 38467))

Planning Time: 0.095 ms

Execution Time: 0.884 ms
Failed SQL 785: SELECT S_QUANTITY, S_DATA, S_DIST_01, S_DIST_02, S_DIST_03, S_DIST_04, S_DIST_05, S_DIST_06, S_DIST_07, S_DIST_08, S_DIST_09, S_DIST_10 FROM STOCK WHERE S_I_ID = 38467 AND S_W_ID = 2
Error Message: Cannot invoke "java.util.List.get(int)" because the return value of "sg.edu.nus.autotune.DB2DATA.getAllIndexes()" is null


===== Query 786 =====

SQL: UPDATE STOCK SET S_QUANTITY = 62, S_YTD = S_YTD + 6, S_ORDER_CNT = S_ORDER_CNT + 1, S_REMOTE_CNT = S_REMOTE_CNT + 0 WHERE S_I_ID = 11239 AND S_W_ID = 1

EXPLAIN Plan:

Update on stock  (cost=0.42..8.45 rows=0 width=0) (actual time=0.057..0.058 rows=0 loops=1)

  ->  Index Scan using stock_pkey on stock  (cost=0.42..8.45 rows=1 width=32) (actual time=0.024..0.026 rows=1 loops=1)

        Index Cond: ((s_w_id = 1) AND (s_i_id = 11239))

Planning Time: 0.102 ms

Execution Time: 0.086 ms
Failed SQL 786: UPDATE STOCK SET S_QUANTITY = 62, S_YTD = S_YTD + 6, S_ORDER_CNT = S_ORDER_CNT + 1, S_REMOTE_CNT = S_REMOTE_CNT + 0 WHERE S_I_ID = 11239 AND S_W_ID = 1
Error Message: Cannot invoke "java.util.List.get(int)" because the return value of "sg.edu.nus.autotune.DB2DATA.getAllIndexes()" is null


===== Query 787 =====

SQL: SELECT I_PRICE, I_NAME , I_DATA FROM ITEM WHERE I_ID = 57061

EXPLAIN Plan:

Index Scan using item_pkey on item  (cost=0.29..8.31 rows=1 width=61) (actual time=0.019..0.020 rows=1 loops=1)

  Index Cond: (i_id = 57061)

Planning Time: 0.071 ms

Execution Time: 0.038 ms
Failed SQL 787: SELECT I_PRICE, I_NAME , I_DATA FROM ITEM WHERE I_ID = 57061
Error Message: Cannot invoke "java.util.List.get(int)" because the return value of "sg.edu.nus.autotune.DB2DATA.getAllIndexes()" is null


===== Query 788 =====

SQL: SELECT S_QUANTITY, S_DATA, S_DIST_01, S_DIST_02, S_DIST_03, S_DIST_04, S_DIST_05, S_DIST_06, S_DIST_07, S_DIST_08, S_DIST_09, S_DIST_10 FROM STOCK WHERE S_I_ID = 57061 AND S_W_ID = 1

EXPLAIN Plan:

Index Scan using stock_pkey on stock  (cost=0.42..8.44 rows=1 width=291) (actual time=1.014..1.016 rows=1 loops=1)

  Index Cond: ((s_w_id = 1) AND (s_i_id = 57061))

Planning Time: 0.089 ms

Execution Time: 1.038 ms
Failed SQL 788: SELECT S_QUANTITY, S_DATA, S_DIST_01, S_DIST_02, S_DIST_03, S_DIST_04, S_DIST_05, S_DIST_06, S_DIST_07, S_DIST_08, S_DIST_09, S_DIST_10 FROM STOCK WHERE S_I_ID = 57061 AND S_W_ID = 1
Error Message: Cannot invoke "java.util.List.get(int)" because the return value of "sg.edu.nus.autotune.DB2DATA.getAllIndexes()" is null


===== Query 789 =====

SQL: UPDATE STOCK SET S_QUANTITY = 70, S_YTD = S_YTD + 4, S_ORDER_CNT = S_ORDER_CNT + 1, S_REMOTE_CNT = S_REMOTE_CNT + 0 WHERE S_I_ID = 57061 AND S_W_ID = 1

EXPLAIN Plan:

Update on stock  (cost=0.42..8.45 rows=0 width=0) (actual time=0.058..0.058 rows=0 loops=1)

  ->  Index Scan using stock_pkey on stock  (cost=0.42..8.45 rows=1 width=32) (actual time=0.024..0.026 rows=1 loops=1)

        Index Cond: ((s_w_id = 1) AND (s_i_id = 57061))

Planning Time: 0.100 ms

Execution Time: 0.085 ms
Failed SQL 789: UPDATE STOCK SET S_QUANTITY = 70, S_YTD = S_YTD + 4, S_ORDER_CNT = S_ORDER_CNT + 1, S_REMOTE_CNT = S_REMOTE_CNT + 0 WHERE S_I_ID = 57061 AND S_W_ID = 1
Error Message: Cannot invoke "java.util.List.get(int)" because the return value of "sg.edu.nus.autotune.DB2DATA.getAllIndexes()" is null


===== Query 790 =====

SQL: SELECT I_PRICE, I_NAME , I_DATA FROM ITEM WHERE I_ID = 86657

EXPLAIN Plan:

Index Scan using item_pkey on item  (cost=0.29..8.31 rows=1 width=61) (actual time=0.999..1.001 rows=1 loops=1)

  Index Cond: (i_id = 86657)

Planning Time: 0.071 ms

Execution Time: 1.018 ms
Failed SQL 790: SELECT I_PRICE, I_NAME , I_DATA FROM ITEM WHERE I_ID = 86657
Error Message: Cannot invoke "java.util.List.get(int)" because the return value of "sg.edu.nus.autotune.DB2DATA.getAllIndexes()" is null


===== Query 791 =====

SQL: UPDATE STOCK SET S_QUANTITY = 82, S_YTD = S_YTD + 8, S_ORDER_CNT = S_ORDER_CNT + 1, S_REMOTE_CNT = S_REMOTE_CNT + 0 WHERE S_I_ID = 38467 AND S_W_ID = 2

EXPLAIN Plan:

Update on stock  (cost=0.42..8.45 rows=0 width=0) (actual time=0.059..0.060 rows=0 loops=1)

  ->  Index Scan using stock_pkey on stock  (cost=0.42..8.45 rows=1 width=32) (actual time=0.027..0.028 rows=1 loops=1)

        Index Cond: ((s_w_id = 2) AND (s_i_id = 38467))

Planning Time: 0.099 ms

Execution Time: 0.086 ms
Failed SQL 791: UPDATE STOCK SET S_QUANTITY = 82, S_YTD = S_YTD + 8, S_ORDER_CNT = S_ORDER_CNT + 1, S_REMOTE_CNT = S_REMOTE_CNT + 0 WHERE S_I_ID = 38467 AND S_W_ID = 2
Error Message: Cannot invoke "java.util.List.get(int)" because the return value of "sg.edu.nus.autotune.DB2DATA.getAllIndexes()" is null


===== Query 792 =====

SQL: SELECT I_PRICE, I_NAME , I_DATA FROM ITEM WHERE I_ID = 64965

EXPLAIN Plan:

Index Scan using item_pkey on item  (cost=0.29..8.31 rows=1 width=61) (actual time=0.019..0.021 rows=1 loops=1)

  Index Cond: (i_id = 64965)

Planning Time: 0.071 ms

Execution Time: 0.038 ms
Failed SQL 792: SELECT I_PRICE, I_NAME , I_DATA FROM ITEM WHERE I_ID = 64965
Error Message: Cannot invoke "java.util.List.get(int)" because the return value of "sg.edu.nus.autotune.DB2DATA.getAllIndexes()" is null


===== Query 793 =====

SQL: SELECT S_QUANTITY, S_DATA, S_DIST_01, S_DIST_02, S_DIST_03, S_DIST_04, S_DIST_05, S_DIST_06, S_DIST_07, S_DIST_08, S_DIST_09, S_DIST_10 FROM STOCK WHERE S_I_ID = 64965 AND S_W_ID = 2

EXPLAIN Plan:

Index Scan using stock_pkey on stock  (cost=0.42..8.44 rows=1 width=291) (actual time=1.006..1.009 rows=1 loops=1)

  Index Cond: ((s_w_id = 2) AND (s_i_id = 64965))

Planning Time: 0.094 ms

Execution Time: 1.031 ms
Failed SQL 793: SELECT S_QUANTITY, S_DATA, S_DIST_01, S_DIST_02, S_DIST_03, S_DIST_04, S_DIST_05, S_DIST_06, S_DIST_07, S_DIST_08, S_DIST_09, S_DIST_10 FROM STOCK WHERE S_I_ID = 64965 AND S_W_ID = 2
Error Message: Cannot invoke "java.util.List.get(int)" because the return value of "sg.edu.nus.autotune.DB2DATA.getAllIndexes()" is null


===== Query 794 =====

SQL: UPDATE STOCK SET S_QUANTITY = 28, S_YTD = S_YTD + 8, S_ORDER_CNT = S_ORDER_CNT + 1, S_REMOTE_CNT = S_REMOTE_CNT + 0 WHERE S_I_ID = 64965 AND S_W_ID = 2

EXPLAIN Plan:

Update on stock  (cost=0.42..8.45 rows=0 width=0) (actual time=0.083..0.084 rows=0 loops=1)

  ->  Index Scan using stock_pkey on stock  (cost=0.42..8.45 rows=1 width=32) (actual time=0.025..0.027 rows=1 loops=1)

        Index Cond: ((s_w_id = 2) AND (s_i_id = 64965))

Planning Time: 0.100 ms

Execution Time: 0.128 ms
Failed SQL 794: UPDATE STOCK SET S_QUANTITY = 28, S_YTD = S_YTD + 8, S_ORDER_CNT = S_ORDER_CNT + 1, S_REMOTE_CNT = S_REMOTE_CNT + 0 WHERE S_I_ID = 64965 AND S_W_ID = 2
Error Message: Cannot invoke "java.util.List.get(int)" because the return value of "sg.edu.nus.autotune.DB2DATA.getAllIndexes()" is null


===== Query 795 =====

SQL: UPDATE WAREHOUSE SET W_YTD = W_YTD + 459.5 WHERE W_ID = 2

EXPLAIN Plan:

Update on warehouse  (cost=4.14..8.16 rows=0 width=0) (actual time=0.053..0.053 rows=0 loops=1)

  ->  Bitmap Heap Scan on warehouse  (cost=4.14..8.16 rows=1 width=22) (actual time=0.019..0.020 rows=1 loops=1)

        Recheck Cond: (w_id = 2)

        Heap Blocks: exact=1

        ->  Bitmap Index Scan on warehouse_pkey  (cost=0.00..4.14 rows=1 width=0) (actual time=0.009..0.009 rows=1 loops=1)

              Index Cond: (w_id = 2)

Planning Time: 0.080 ms

Execution Time: 0.084 ms
Failed SQL 795: UPDATE WAREHOUSE SET W_YTD = W_YTD + 459.5 WHERE W_ID = 2
Error Message: Cannot invoke "java.util.List.get(int)" because the return value of "sg.edu.nus.autotune.DB2DATA.getAllIndexes()" is null


===== Query 796 =====

SQL: SELECT W_STREET_1, W_STREET_2, W_CITY, W_STATE, W_ZIP, W_NAME FROM WAREHOUSE WHERE W_ID = 2

EXPLAIN Plan:

Bitmap Heap Scan on warehouse  (cost=4.14..8.15 rows=1 width=65) (actual time=0.019..0.020 rows=1 loops=1)

  Recheck Cond: (w_id = 2)

  Heap Blocks: exact=1

  ->  Bitmap Index Scan on warehouse_pkey  (cost=0.00..4.14 rows=1 width=0) (actual time=0.009..0.009 rows=1 loops=1)

        Index Cond: (w_id = 2)

Planning Time: 0.077 ms

Execution Time: 0.046 ms
Failed SQL 796: SELECT W_STREET_1, W_STREET_2, W_CITY, W_STATE, W_ZIP, W_NAME FROM WAREHOUSE WHERE W_ID = 2
Error Message: Cannot invoke "java.util.List.get(int)" because the return value of "sg.edu.nus.autotune.DB2DATA.getAllIndexes()" is null


===== Query 797 =====

SQL: UPDATE DISTRICT SET D_YTD = D_YTD + 459.5 WHERE D_W_ID = 2 AND D_ID = 6

EXPLAIN Plan:

Update on district  (cost=4.28..11.67 rows=0 width=0) (actual time=0.076..0.077 rows=0 loops=1)

  ->  Bitmap Heap Scan on district  (cost=4.28..11.67 rows=2 width=22) (actual time=0.020..0.021 rows=1 loops=1)

        Recheck Cond: ((d_w_id = 2) AND (d_id = 6))

        Heap Blocks: exact=1

        ->  Bitmap Index Scan on district_pkey  (cost=0.00..4.28 rows=2 width=0) (actual time=0.010..0.011 rows=1 loops=1)

              Index Cond: ((d_w_id = 2) AND (d_id = 6))

Planning Time: 0.091 ms

Execution Time: 0.118 ms
Failed SQL 797: UPDATE DISTRICT SET D_YTD = D_YTD + 459.5 WHERE D_W_ID = 2 AND D_ID = 6
Error Message: Cannot invoke "java.util.List.get(int)" because the return value of "sg.edu.nus.autotune.DB2DATA.getAllIndexes()" is null


===== Query 798 =====

SQL: SELECT D_STREET_1, D_STREET_2, D_CITY, D_STATE, D_ZIP, D_NAME FROM DISTRICT WHERE D_W_ID = 2 AND D_ID = 6

EXPLAIN Plan:

Bitmap Heap Scan on district  (cost=4.28..11.66 rows=2 width=64) (actual time=0.021..0.022 rows=1 loops=1)

  Recheck Cond: ((d_w_id = 2) AND (d_id = 6))

  Heap Blocks: exact=1

  ->  Bitmap Index Scan on district_pkey  (cost=0.00..4.28 rows=2 width=0) (actual time=0.011..0.011 rows=1 loops=1)

        Index Cond: ((d_w_id = 2) AND (d_id = 6))

Planning Time: 0.088 ms

Execution Time: 0.052 ms
Failed SQL 798: SELECT D_STREET_1, D_STREET_2, D_CITY, D_STATE, D_ZIP, D_NAME FROM DISTRICT WHERE D_W_ID = 2 AND D_ID = 6
Error Message: Cannot invoke "java.util.List.get(int)" because the return value of "sg.edu.nus.autotune.DB2DATA.getAllIndexes()" is null


===== Query 799 =====

SQL: SELECT C_FIRST, C_MIDDLE, C_ID, C_STREET_1, C_STREET_2, C_CITY, C_STATE, C_ZIP, C_PHONE, C_CREDIT, C_CREDIT_LIM, C_DISCOUNT, C_BALANCE, C_YTD_PAYMENT, C_PAYMENT_CNT, C_SINCE FROM CUSTOMER WHERE C_W_ID = 2 AND C_D_ID = 6 AND C_LAST = 'PRESPRIATION' ORDER BY C_FIRST

EXPLAIN Plan:

Sort  (cost=7212.61..7212.61 rows=2 width=131) (actual time=67.215..67.217 rows=2 loops=1)

  Sort Key: c_first

  Sort Method: quicksort  Memory: 25kB

  ->  Bitmap Heap Scan on customer  (cost=77.80..7212.60 rows=2 width=131) (actual time=22.168..67.200 rows=2 loops=1)

        Recheck Cond: ((c_w_id = 2) AND (c_d_id = 6))

        Filter: ((c_last)::text = 'PRESPRIATION'::text)

        Rows Removed by Filter: 2998

        Heap Blocks: exact=781

        ->  Bitmap Index Scan on customer_pkey  (cost=0.00..77.80 rows=2938 width=0) (actual time=2.837..2.837 rows=3031 loops=1)

              Index Cond: ((c_w_id = 2) AND (c_d_id = 6))

Planning Time: 0.144 ms

Execution Time: 67.271 ms
Failed SQL 799: SELECT C_FIRST, C_MIDDLE, C_ID, C_STREET_1, C_STREET_2, C_CITY, C_STATE, C_ZIP, C_PHONE, C_CREDIT, C_CREDIT_LIM, C_DISCOUNT, C_BALANCE, C_YTD_PAYMENT, C_PAYMENT_CNT, C_SINCE FROM CUSTOMER WHERE C_W_ID = 2 AND C_D_ID = 6 AND C_LAST = 'PRESPRIATION' ORDER BY C_FIRST
Error Message: Cannot invoke "java.util.List.get(int)" because the return value of "sg.edu.nus.autotune.DB2DATA.getAllIndexes()" is null


===== Query 800 =====

SQL: SELECT S_QUANTITY, S_DATA, S_DIST_01, S_DIST_02, S_DIST_03, S_DIST_04, S_DIST_05, S_DIST_06, S_DIST_07, S_DIST_08, S_DIST_09, S_DIST_10 FROM STOCK WHERE S_I_ID = 86657 AND S_W_ID = 1

EXPLAIN Plan:

Index Scan using stock_pkey on stock  (cost=0.42..8.44 rows=1 width=291) (actual time=1.073..1.075 rows=1 loops=1)

  Index Cond: ((s_w_id = 1) AND (s_i_id = 86657))

Planning Time: 0.097 ms

Execution Time: 1.098 ms
Failed SQL 800: SELECT S_QUANTITY, S_DATA, S_DIST_01, S_DIST_02, S_DIST_03, S_DIST_04, S_DIST_05, S_DIST_06, S_DIST_07, S_DIST_08, S_DIST_09, S_DIST_10 FROM STOCK WHERE S_I_ID = 86657 AND S_W_ID = 1
Error Message: Cannot invoke "java.util.List.get(int)" because the return value of "sg.edu.nus.autotune.DB2DATA.getAllIndexes()" is null


===== Query 801 =====

SQL: UPDATE CUSTOMER SET C_BALANCE = -1930.87, C_YTD_PAYMENT = 1930.87, C_PAYMENT_CNT = 3 WHERE C_W_ID = 2 AND C_D_ID = 6 AND C_ID = 439

EXPLAIN Plan:

Update on customer  (cost=0.42..8.44 rows=0 width=0) (actual time=0.154..0.154 rows=0 loops=1)

  ->  Index Scan using customer_pkey on customer  (cost=0.42..8.44 rows=1 width=34) (actual time=0.051..0.053 rows=1 loops=1)

        Index Cond: ((c_w_id = 2) AND (c_d_id = 6) AND (c_id = 439))

Planning Time: 0.102 ms

Execution Time: 0.182 ms
Failed SQL 801: UPDATE CUSTOMER SET C_BALANCE = -1930.87, C_YTD_PAYMENT = 1930.87, C_PAYMENT_CNT = 3 WHERE C_W_ID = 2 AND C_D_ID = 6 AND C_ID = 439
Error Message: Cannot invoke "java.util.List.get(int)" because the return value of "sg.edu.nus.autotune.DB2DATA.getAllIndexes()" is null


===== Query 802 =====

SQL: UPDATE STOCK SET S_QUANTITY = 90, S_YTD = S_YTD + 10, S_ORDER_CNT = S_ORDER_CNT + 1, S_REMOTE_CNT = S_REMOTE_CNT + 0 WHERE S_I_ID = 86657 AND S_W_ID = 1

EXPLAIN Plan:

Update on stock  (cost=0.42..8.45 rows=0 width=0) (actual time=0.058..0.059 rows=0 loops=1)

  ->  Index Scan using stock_pkey on stock  (cost=0.42..8.45 rows=1 width=32) (actual time=0.027..0.028 rows=1 loops=1)

        Index Cond: ((s_w_id = 1) AND (s_i_id = 86657))

Planning Time: 0.103 ms

Execution Time: 0.086 ms
Failed SQL 802: UPDATE STOCK SET S_QUANTITY = 90, S_YTD = S_YTD + 10, S_ORDER_CNT = S_ORDER_CNT + 1, S_REMOTE_CNT = S_REMOTE_CNT + 0 WHERE S_I_ID = 86657 AND S_W_ID = 1
Error Message: Cannot invoke "java.util.List.get(int)" because the return value of "sg.edu.nus.autotune.DB2DATA.getAllIndexes()" is null


===== Query 803 =====

SQL: SELECT I_PRICE, I_NAME , I_DATA FROM ITEM WHERE I_ID = 2951

EXPLAIN Plan:

Index Scan using item_pkey on item  (cost=0.29..8.31 rows=1 width=61) (actual time=0.801..0.803 rows=1 loops=1)

  Index Cond: (i_id = 2951)

Planning Time: 0.068 ms

Execution Time: 0.821 ms
Failed SQL 803: SELECT I_PRICE, I_NAME , I_DATA FROM ITEM WHERE I_ID = 2951
Error Message: Cannot invoke "java.util.List.get(int)" because the return value of "sg.edu.nus.autotune.DB2DATA.getAllIndexes()" is null


===== Query 804 =====

SQL: SELECT C_FIRST, C_MIDDLE, C_ID, C_STREET_1, C_STREET_2, C_CITY, C_STATE, C_ZIP, C_PHONE, C_CREDIT, C_CREDIT_LIM, C_DISCOUNT, C_BALANCE, C_YTD_PAYMENT, C_PAYMENT_CNT, C_SINCE FROM CUSTOMER WHERE C_W_ID = 2 AND C_D_ID = 3 AND C_LAST = 'PRESCALLYATION' ORDER BY C_FIRST

EXPLAIN Plan:

Sort  (cost=7198.32..7198.33 rows=2 width=131) (actual time=60.308..60.309 rows=1 loops=1)

  Sort Key: c_first

  Sort Method: quicksort  Memory: 25kB

  ->  Bitmap Heap Scan on customer  (cost=77.72..7198.31 rows=2 width=131) (actual time=49.233..60.293 rows=1 loops=1)

        Recheck Cond: ((c_w_id = 2) AND (c_d_id = 3))

        Filter: ((c_last)::text = 'PRESCALLYATION'::text)

        Rows Removed by Filter: 2999

        Heap Blocks: exact=841

        ->  Bitmap Index Scan on customer_pkey  (cost=0.00..77.72 rows=2930 width=0) (actual time=2.794..2.795 rows=3083 loops=1)

              Index Cond: ((c_w_id = 2) AND (c_d_id = 3))

Planning Time: 0.146 ms

Execution Time: 60.351 ms
Failed SQL 804: SELECT C_FIRST, C_MIDDLE, C_ID, C_STREET_1, C_STREET_2, C_CITY, C_STATE, C_ZIP, C_PHONE, C_CREDIT, C_CREDIT_LIM, C_DISCOUNT, C_BALANCE, C_YTD_PAYMENT, C_PAYMENT_CNT, C_SINCE FROM CUSTOMER WHERE C_W_ID = 2 AND C_D_ID = 3 AND C_LAST = 'PRESCALLYATION' ORDER BY C_FIRST
Error Message: Cannot invoke "java.util.List.get(int)" because the return value of "sg.edu.nus.autotune.DB2DATA.getAllIndexes()" is null


===== Query 805 =====

SQL: SELECT S_QUANTITY, S_DATA, S_DIST_01, S_DIST_02, S_DIST_03, S_DIST_04, S_DIST_05, S_DIST_06, S_DIST_07, S_DIST_08, S_DIST_09, S_DIST_10 FROM STOCK WHERE S_I_ID = 2951 AND S_W_ID = 1

EXPLAIN Plan:

Index Scan using stock_pkey on stock  (cost=0.42..8.44 rows=1 width=291) (actual time=1.006..1.008 rows=1 loops=1)

  Index Cond: ((s_w_id = 1) AND (s_i_id = 2951))

Planning Time: 0.092 ms

Execution Time: 1.029 ms
Failed SQL 805: SELECT S_QUANTITY, S_DATA, S_DIST_01, S_DIST_02, S_DIST_03, S_DIST_04, S_DIST_05, S_DIST_06, S_DIST_07, S_DIST_08, S_DIST_09, S_DIST_10 FROM STOCK WHERE S_I_ID = 2951 AND S_W_ID = 1
Error Message: Cannot invoke "java.util.List.get(int)" because the return value of "sg.edu.nus.autotune.DB2DATA.getAllIndexes()" is null


===== Query 806 =====

SQL: SELECT O_ID, O_CARRIER_ID, O_ENTRY_D FROM OORDER WHERE O_W_ID = 2 AND O_D_ID = 3 AND O_C_ID = 479 ORDER BY O_ID DESC LIMIT 1

EXPLAIN Plan:

Limit  (cost=0.42..6.40 rows=1 width=16) (actual time=0.638..0.639 rows=1 loops=1)

  ->  Index Scan Backward using oorder_o_w_id_o_d_id_o_c_id_o_id_key on oorder  (cost=0.42..12.38 rows=2 width=16) (actual time=0.636..0.637 rows=1 loops=1)

        Index Cond: ((o_w_id = 2) AND (o_d_id = 3) AND (o_c_id = 479))

Planning Time: 0.144 ms

Execution Time: 0.659 ms
Failed SQL 806: SELECT O_ID, O_CARRIER_ID, O_ENTRY_D FROM OORDER WHERE O_W_ID = 2 AND O_D_ID = 3 AND O_C_ID = 479 ORDER BY O_ID DESC LIMIT 1
Error Message: Cannot invoke "java.util.List.get(int)" because the return value of "sg.edu.nus.autotune.DB2DATA.getAllIndexes()" is null


===== Query 807 =====

SQL: UPDATE STOCK SET S_QUANTITY = 25, S_YTD = S_YTD + 5, S_ORDER_CNT = S_ORDER_CNT + 1, S_REMOTE_CNT = S_REMOTE_CNT + 0 WHERE S_I_ID = 2951 AND S_W_ID = 1

EXPLAIN Plan:

Update on stock  (cost=0.42..8.45 rows=0 width=0) (actual time=0.065..0.065 rows=0 loops=1)

  ->  Index Scan using stock_pkey on stock  (cost=0.42..8.45 rows=1 width=32) (actual time=0.027..0.028 rows=1 loops=1)

        Index Cond: ((s_w_id = 1) AND (s_i_id = 2951))

Planning Time: 0.104 ms

Execution Time: 0.091 ms
Failed SQL 807: UPDATE STOCK SET S_QUANTITY = 25, S_YTD = S_YTD + 5, S_ORDER_CNT = S_ORDER_CNT + 1, S_REMOTE_CNT = S_REMOTE_CNT + 0 WHERE S_I_ID = 2951 AND S_W_ID = 1
Error Message: Cannot invoke "java.util.List.get(int)" because the return value of "sg.edu.nus.autotune.DB2DATA.getAllIndexes()" is null


===== Query 808 =====

SQL: SELECT I_PRICE, I_NAME , I_DATA FROM ITEM WHERE I_ID = 22749

EXPLAIN Plan:

Index Scan using item_pkey on item  (cost=0.29..8.31 rows=1 width=61) (actual time=0.992..0.994 rows=1 loops=1)

  Index Cond: (i_id = 22749)

Planning Time: 0.073 ms

Execution Time: 1.011 ms
Failed SQL 808: SELECT I_PRICE, I_NAME , I_DATA FROM ITEM WHERE I_ID = 22749
Error Message: Cannot invoke "java.util.List.get(int)" because the return value of "sg.edu.nus.autotune.DB2DATA.getAllIndexes()" is null


===== Query 809 =====

SQL: SELECT S_QUANTITY, S_DATA, S_DIST_01, S_DIST_02, S_DIST_03, S_DIST_04, S_DIST_05, S_DIST_06, S_DIST_07, S_DIST_08, S_DIST_09, S_DIST_10 FROM STOCK WHERE S_I_ID = 22749 AND S_W_ID = 1

EXPLAIN Plan:

Index Scan using stock_pkey on stock  (cost=0.42..8.44 rows=1 width=291) (actual time=1.067..1.069 rows=1 loops=1)

  Index Cond: ((s_w_id = 1) AND (s_i_id = 22749))

Planning Time: 0.090 ms

Execution Time: 1.090 ms
Failed SQL 809: SELECT S_QUANTITY, S_DATA, S_DIST_01, S_DIST_02, S_DIST_03, S_DIST_04, S_DIST_05, S_DIST_06, S_DIST_07, S_DIST_08, S_DIST_09, S_DIST_10 FROM STOCK WHERE S_I_ID = 22749 AND S_W_ID = 1
Error Message: Cannot invoke "java.util.List.get(int)" because the return value of "sg.edu.nus.autotune.DB2DATA.getAllIndexes()" is null


===== Query 810 =====

SQL: UPDATE STOCK SET S_QUANTITY = 98, S_YTD = S_YTD + 5, S_ORDER_CNT = S_ORDER_CNT + 1, S_REMOTE_CNT = S_REMOTE_CNT + 0 WHERE S_I_ID = 22749 AND S_W_ID = 1

EXPLAIN Plan:

Update on stock  (cost=0.42..8.45 rows=0 width=0) (actual time=0.057..0.057 rows=0 loops=1)

  ->  Index Scan using stock_pkey on stock  (cost=0.42..8.45 rows=1 width=32) (actual time=0.024..0.025 rows=1 loops=1)

        Index Cond: ((s_w_id = 1) AND (s_i_id = 22749))

Planning Time: 0.099 ms

Execution Time: 0.084 ms
Failed SQL 810: UPDATE STOCK SET S_QUANTITY = 98, S_YTD = S_YTD + 5, S_ORDER_CNT = S_ORDER_CNT + 1, S_REMOTE_CNT = S_REMOTE_CNT + 0 WHERE S_I_ID = 22749 AND S_W_ID = 1
Error Message: Cannot invoke "java.util.List.get(int)" because the return value of "sg.edu.nus.autotune.DB2DATA.getAllIndexes()" is null


===== Query 811 =====

SQL: SELECT I_PRICE, I_NAME , I_DATA FROM ITEM WHERE I_ID = 56275

EXPLAIN Plan:

Index Scan using item_pkey on item  (cost=0.29..8.31 rows=1 width=61) (actual time=0.830..0.831 rows=1 loops=1)

  Index Cond: (i_id = 56275)

Planning Time: 0.075 ms

Execution Time: 0.851 ms
Failed SQL 811: SELECT I_PRICE, I_NAME , I_DATA FROM ITEM WHERE I_ID = 56275
Error Message: Cannot invoke "java.util.List.get(int)" because the return value of "sg.edu.nus.autotune.DB2DATA.getAllIndexes()" is null


===== Query 812 =====

SQL: SELECT S_QUANTITY, S_DATA, S_DIST_01, S_DIST_02, S_DIST_03, S_DIST_04, S_DIST_05, S_DIST_06, S_DIST_07, S_DIST_08, S_DIST_09, S_DIST_10 FROM STOCK WHERE S_I_ID = 56275 AND S_W_ID = 1

EXPLAIN Plan:

Index Scan using stock_pkey on stock  (cost=0.42..8.44 rows=1 width=291) (actual time=0.374..0.376 rows=1 loops=1)

  Index Cond: ((s_w_id = 1) AND (s_i_id = 56275))

Planning Time: 0.063 ms

Execution Time: 0.392 ms
Failed SQL 812: SELECT S_QUANTITY, S_DATA, S_DIST_01, S_DIST_02, S_DIST_03, S_DIST_04, S_DIST_05, S_DIST_06, S_DIST_07, S_DIST_08, S_DIST_09, S_DIST_10 FROM STOCK WHERE S_I_ID = 56275 AND S_W_ID = 1
Error Message: Cannot invoke "java.util.List.get(int)" because the return value of "sg.edu.nus.autotune.DB2DATA.getAllIndexes()" is null


===== Query 813 =====

SQL: SELECT OL_I_ID, OL_SUPPLY_W_ID, OL_QUANTITY, OL_AMOUNT, OL_DELIVERY_D FROM ORDER_LINE WHERE OL_O_ID = 864 AND OL_D_ID = 3 AND OL_W_ID = 2

EXPLAIN Plan:

Index Scan using order_line_pkey on order_line  (cost=0.43..43.81 rows=10 width=27) (actual time=1.359..1.364 rows=9 loops=1)

  Index Cond: ((ol_w_id = 2) AND (ol_d_id = 3) AND (ol_o_id = 864))

Planning Time: 0.097 ms

Execution Time: 1.386 ms
Failed SQL 813: SELECT OL_I_ID, OL_SUPPLY_W_ID, OL_QUANTITY, OL_AMOUNT, OL_DELIVERY_D FROM ORDER_LINE WHERE OL_O_ID = 864 AND OL_D_ID = 3 AND OL_W_ID = 2
Error Message: Cannot invoke "java.util.List.get(int)" because the return value of "sg.edu.nus.autotune.DB2DATA.getAllIndexes()" is null


===== Query 814 =====

SQL: UPDATE STOCK SET S_QUANTITY = 14, S_YTD = S_YTD + 7, S_ORDER_CNT = S_ORDER_CNT + 1, S_REMOTE_CNT = S_REMOTE_CNT + 0 WHERE S_I_ID = 56275 AND S_W_ID = 1

EXPLAIN Plan:

Update on stock  (cost=0.42..8.45 rows=0 width=0) (actual time=0.040..0.040 rows=0 loops=1)

  ->  Index Scan using stock_pkey on stock  (cost=0.42..8.45 rows=1 width=32) (actual time=0.019..0.020 rows=1 loops=1)

        Index Cond: ((s_w_id = 1) AND (s_i_id = 56275))

Planning Time: 0.084 ms

Execution Time: 0.057 ms
Failed SQL 814: UPDATE STOCK SET S_QUANTITY = 14, S_YTD = S_YTD + 7, S_ORDER_CNT = S_ORDER_CNT + 1, S_REMOTE_CNT = S_REMOTE_CNT + 0 WHERE S_I_ID = 56275 AND S_W_ID = 1
Error Message: Cannot invoke "java.util.List.get(int)" because the return value of "sg.edu.nus.autotune.DB2DATA.getAllIndexes()" is null


===== Query 815 =====

SQL: SELECT C_DISCOUNT, C_LAST, C_CREDIT, W_TAX FROM CUSTOMER, WAREHOUSE WHERE W_ID = 1 AND C_W_ID = 1 AND C_D_ID = 5 AND C_ID = 2685

EXPLAIN Plan:

Nested Loop  (cost=4.56..16.61 rows=1 width=26) (actual time=0.851..0.853 rows=1 loops=1)

  ->  Index Scan using customer_pkey on customer  (cost=0.42..8.44 rows=1 width=21) (actual time=0.830..0.831 rows=1 loops=1)

        Index Cond: ((c_w_id = 1) AND (c_d_id = 5) AND (c_id = 2685))

  ->  Bitmap Heap Scan on warehouse  (cost=4.14..8.15 rows=1 width=5) (actual time=0.009..0.009 rows=1 loops=1)

        Recheck Cond: (w_id = 1)

        Heap Blocks: exact=1

        ->  Bitmap Index Scan on warehouse_pkey  (cost=0.00..4.14 rows=1 width=0) (actual time=0.005..0.005 rows=1 loops=1)

              Index Cond: (w_id = 1)

Planning Time: 0.143 ms

Execution Time: 0.897 ms
Failed SQL 815: SELECT C_DISCOUNT, C_LAST, C_CREDIT, W_TAX FROM CUSTOMER, WAREHOUSE WHERE W_ID = 1 AND C_W_ID = 1 AND C_D_ID = 5 AND C_ID = 2685
Error Message: Cannot invoke "java.util.List.get(int)" because the return value of "sg.edu.nus.autotune.DB2DATA.getAllIndexes()" is null


===== Query 816 =====

SQL: SELECT D_NEXT_O_ID, D_TAX FROM DISTRICT WHERE D_W_ID = 1 AND D_ID = 5

EXPLAIN Plan:

Bitmap Heap Scan on district  (cost=4.28..11.66 rows=2 width=9) (actual time=0.021..0.022 rows=1 loops=1)

  Recheck Cond: ((d_w_id = 1) AND (d_id = 5))

  Heap Blocks: exact=1

  ->  Bitmap Index Scan on district_pkey  (cost=0.00..4.28 rows=2 width=0) (actual time=0.011..0.011 rows=1 loops=1)

        Index Cond: ((d_w_id = 1) AND (d_id = 5))

Planning Time: 0.089 ms

Execution Time: 0.048 ms
Failed SQL 816: SELECT D_NEXT_O_ID, D_TAX FROM DISTRICT WHERE D_W_ID = 1 AND D_ID = 5
Error Message: Cannot invoke "java.util.List.get(int)" because the return value of "sg.edu.nus.autotune.DB2DATA.getAllIndexes()" is null


===== Query 817 =====

SQL: UPDATE DISTRICT SET D_NEXT_O_ID = D_NEXT_O_ID + 1 WHERE D_W_ID = 1 AND D_ID = 5

EXPLAIN Plan:

Update on district  (cost=4.28..11.67 rows=0 width=0) (actual time=0.055..0.056 rows=0 loops=1)

  ->  Bitmap Heap Scan on district  (cost=4.28..11.67 rows=2 width=10) (actual time=0.022..0.023 rows=1 loops=1)

        Recheck Cond: ((d_w_id = 1) AND (d_id = 5))

        Heap Blocks: exact=1

        ->  Bitmap Index Scan on district_pkey  (cost=0.00..4.28 rows=2 width=0) (actual time=0.012..0.012 rows=1 loops=1)

              Index Cond: ((d_w_id = 1) AND (d_id = 5))

Planning Time: 0.090 ms

Execution Time: 0.088 ms
Failed SQL 817: UPDATE DISTRICT SET D_NEXT_O_ID = D_NEXT_O_ID + 1 WHERE D_W_ID = 1 AND D_ID = 5
Error Message: Cannot invoke "java.util.List.get(int)" because the return value of "sg.edu.nus.autotune.DB2DATA.getAllIndexes()" is null


===== Query 818 =====

SQL: SELECT D_NEXT_O_ID FROM DISTRICT WHERE D_W_ID = 2 AND D_ID = 2

EXPLAIN Plan:

Bitmap Heap Scan on district  (cost=4.28..11.66 rows=2 width=4) (actual time=0.016..0.017 rows=1 loops=1)

  Recheck Cond: ((d_w_id = 2) AND (d_id = 2))

  Heap Blocks: exact=1

  ->  Bitmap Index Scan on district_pkey  (cost=0.00..4.28 rows=2 width=0) (actual time=0.010..0.010 rows=1 loops=1)

        Index Cond: ((d_w_id = 2) AND (d_id = 2))

Planning Time: 0.090 ms

Execution Time: 0.038 ms
Failed SQL 818: SELECT D_NEXT_O_ID FROM DISTRICT WHERE D_W_ID = 2 AND D_ID = 2
Error Message: Cannot invoke "java.util.List.get(int)" because the return value of "sg.edu.nus.autotune.DB2DATA.getAllIndexes()" is null


===== Query 819 =====

SQL: SELECT COUNT(DISTINCT (S_I_ID)) AS STOCK_COUNT FROM ORDER_LINE, STOCK WHERE OL_W_ID = 2 AND OL_D_ID = 2 AND OL_O_ID < 3478 AND OL_O_ID >= 3478 - 20 AND S_W_ID = 2 AND S_I_ID = OL_I_ID AND S_QUANTITY < 16

EXPLAIN Plan:

Aggregate  (cost=2723.99..2724.00 rows=1 width=8) (actual time=35.028..35.029 rows=1 loops=1)

  ->  Nested Loop  (cost=12.31..2723.95 rows=15 width=4) (actual time=1.433..34.992 rows=13 loops=1)

        ->  Bitmap Heap Scan on order_line  (cost=11.88..881.86 rows=226 width=4) (actual time=1.396..4.023 rows=217 loops=1)

              Recheck Cond: ((ol_w_id = 2) AND (ol_d_id = 2) AND (ol_o_id < 3478) AND (ol_o_id >= 3458))

              Heap Blocks: exact=27

              ->  Bitmap Index Scan on order_line_pkey  (cost=0.00..11.82 rows=226 width=0) (actual time=1.199..1.200 rows=217 loops=1)

                    Index Cond: ((ol_w_id = 2) AND (ol_d_id = 2) AND (ol_o_id < 3478) AND (ol_o_id >= 3458))

        ->  Memoize  (cost=0.43..8.17 rows=1 width=4) (actual time=0.142..0.142 rows=0 loops=217)

              Cache Key: order_line.ol_i_id

              Cache Mode: logical

              Hits: 4  Misses: 213  Evictions: 0  Overflows: 0  Memory Usage: 15kB

              ->  Index Scan using stock_pkey on stock  (cost=0.42..8.16 rows=1 width=4) (actual time=0.144..0.144 rows=0 loops=213)

                    Index Cond: ((s_w_id = 2) AND (s_i_id = order_line.ol_i_id))

                    Filter: (s_quantity < 16)

                    Rows Removed by Filter: 1

Planning Time: 0.271 ms

Execution Time: 35.092 ms
Failed SQL 819: SELECT COUNT(DISTINCT (S_I_ID)) AS STOCK_COUNT FROM ORDER_LINE, STOCK WHERE OL_W_ID = 2 AND OL_D_ID = 2 AND OL_O_ID < 3478 AND OL_O_ID >= 3478 - 20 AND S_W_ID = 2 AND S_I_ID = OL_I_ID AND S_QUANTITY < 16
Error Message: Cannot invoke "java.util.List.get(int)" because the return value of "sg.edu.nus.autotune.DB2DATA.getAllIndexes()" is null


===== Query 820 =====

SQL: SELECT I_PRICE, I_NAME , I_DATA FROM ITEM WHERE I_ID = 81573

EXPLAIN Plan:

Index Scan using item_pkey on item  (cost=0.29..8.31 rows=1 width=61) (actual time=0.034..0.036 rows=1 loops=1)

  Index Cond: (i_id = 81573)

Planning Time: 0.073 ms

Execution Time: 0.053 ms
Failed SQL 820: SELECT I_PRICE, I_NAME , I_DATA FROM ITEM WHERE I_ID = 81573
Error Message: Cannot invoke "java.util.List.get(int)" because the return value of "sg.edu.nus.autotune.DB2DATA.getAllIndexes()" is null


===== Query 821 =====

SQL: SELECT S_QUANTITY, S_DATA, S_DIST_01, S_DIST_02, S_DIST_03, S_DIST_04, S_DIST_05, S_DIST_06, S_DIST_07, S_DIST_08, S_DIST_09, S_DIST_10 FROM STOCK WHERE S_I_ID = 81573 AND S_W_ID = 1

EXPLAIN Plan:

Index Scan using stock_pkey on stock  (cost=0.42..8.44 rows=1 width=291) (actual time=1.049..1.051 rows=1 loops=1)

  Index Cond: ((s_w_id = 1) AND (s_i_id = 81573))

Planning Time: 0.094 ms

Execution Time: 1.075 ms
Failed SQL 821: SELECT S_QUANTITY, S_DATA, S_DIST_01, S_DIST_02, S_DIST_03, S_DIST_04, S_DIST_05, S_DIST_06, S_DIST_07, S_DIST_08, S_DIST_09, S_DIST_10 FROM STOCK WHERE S_I_ID = 81573 AND S_W_ID = 1
Error Message: Cannot invoke "java.util.List.get(int)" because the return value of "sg.edu.nus.autotune.DB2DATA.getAllIndexes()" is null


===== Query 822 =====

SQL: UPDATE STOCK SET S_QUANTITY = 25, S_YTD = S_YTD + 10, S_ORDER_CNT = S_ORDER_CNT + 1, S_REMOTE_CNT = S_REMOTE_CNT + 0 WHERE S_I_ID = 81573 AND S_W_ID = 1

EXPLAIN Plan:

Update on stock  (cost=0.42..8.45 rows=0 width=0) (actual time=0.122..0.123 rows=0 loops=1)

  ->  Index Scan using stock_pkey on stock  (cost=0.42..8.45 rows=1 width=32) (actual time=0.025..0.027 rows=1 loops=1)

        Index Cond: ((s_w_id = 1) AND (s_i_id = 81573))

Planning Time: 0.101 ms

Execution Time: 0.151 ms
Failed SQL 822: UPDATE STOCK SET S_QUANTITY = 25, S_YTD = S_YTD + 10, S_ORDER_CNT = S_ORDER_CNT + 1, S_REMOTE_CNT = S_REMOTE_CNT + 0 WHERE S_I_ID = 81573 AND S_W_ID = 1
Error Message: Cannot invoke "java.util.List.get(int)" because the return value of "sg.edu.nus.autotune.DB2DATA.getAllIndexes()" is null


===== Query 823 =====

SQL: SELECT I_PRICE, I_NAME , I_DATA FROM ITEM WHERE I_ID = 65124

EXPLAIN Plan:

Index Scan using item_pkey on item  (cost=0.29..8.31 rows=1 width=61) (actual time=0.033..0.034 rows=1 loops=1)

  Index Cond: (i_id = 65124)

Planning Time: 0.050 ms

Execution Time: 0.046 ms
Failed SQL 823: SELECT I_PRICE, I_NAME , I_DATA FROM ITEM WHERE I_ID = 65124
Error Message: Cannot invoke "java.util.List.get(int)" because the return value of "sg.edu.nus.autotune.DB2DATA.getAllIndexes()" is null


===== Query 824 =====

SQL: SELECT S_QUANTITY, S_DATA, S_DIST_01, S_DIST_02, S_DIST_03, S_DIST_04, S_DIST_05, S_DIST_06, S_DIST_07, S_DIST_08, S_DIST_09, S_DIST_10 FROM STOCK WHERE S_I_ID = 65124 AND S_W_ID = 1

EXPLAIN Plan:

Index Scan using stock_pkey on stock  (cost=0.42..8.44 rows=1 width=291) (actual time=0.834..0.837 rows=1 loops=1)

  Index Cond: ((s_w_id = 1) AND (s_i_id = 65124))

Planning Time: 0.097 ms

Execution Time: 0.860 ms
Failed SQL 824: SELECT S_QUANTITY, S_DATA, S_DIST_01, S_DIST_02, S_DIST_03, S_DIST_04, S_DIST_05, S_DIST_06, S_DIST_07, S_DIST_08, S_DIST_09, S_DIST_10 FROM STOCK WHERE S_I_ID = 65124 AND S_W_ID = 1
Error Message: Cannot invoke "java.util.List.get(int)" because the return value of "sg.edu.nus.autotune.DB2DATA.getAllIndexes()" is null


===== Query 825 =====

SQL: UPDATE STOCK SET S_QUANTITY = 22, S_YTD = S_YTD + 7, S_ORDER_CNT = S_ORDER_CNT + 1, S_REMOTE_CNT = S_REMOTE_CNT + 0 WHERE S_I_ID = 65124 AND S_W_ID = 1

EXPLAIN Plan:

Update on stock  (cost=0.42..8.45 rows=0 width=0) (actual time=0.081..0.081 rows=0 loops=1)

  ->  Index Scan using stock_pkey on stock  (cost=0.42..8.45 rows=1 width=32) (actual time=0.025..0.026 rows=1 loops=1)

        Index Cond: ((s_w_id = 1) AND (s_i_id = 65124))

Planning Time: 0.101 ms

Execution Time: 0.109 ms
Failed SQL 825: UPDATE STOCK SET S_QUANTITY = 22, S_YTD = S_YTD + 7, S_ORDER_CNT = S_ORDER_CNT + 1, S_REMOTE_CNT = S_REMOTE_CNT + 0 WHERE S_I_ID = 65124 AND S_W_ID = 1
Error Message: Cannot invoke "java.util.List.get(int)" because the return value of "sg.edu.nus.autotune.DB2DATA.getAllIndexes()" is null


===== Query 826 =====

SQL: SELECT I_PRICE, I_NAME , I_DATA FROM ITEM WHERE I_ID = 35988

EXPLAIN Plan:

Index Scan using item_pkey on item  (cost=0.29..8.31 rows=1 width=61) (actual time=0.531..0.533 rows=1 loops=1)

  Index Cond: (i_id = 35988)

Planning Time: 0.071 ms

Execution Time: 0.552 ms
Failed SQL 826: SELECT I_PRICE, I_NAME , I_DATA FROM ITEM WHERE I_ID = 35988
Error Message: Cannot invoke "java.util.List.get(int)" because the return value of "sg.edu.nus.autotune.DB2DATA.getAllIndexes()" is null


===== Query 827 =====

SQL: SELECT S_QUANTITY, S_DATA, S_DIST_01, S_DIST_02, S_DIST_03, S_DIST_04, S_DIST_05, S_DIST_06, S_DIST_07, S_DIST_08, S_DIST_09, S_DIST_10 FROM STOCK WHERE S_I_ID = 35988 AND S_W_ID = 1

EXPLAIN Plan:

Index Scan using stock_pkey on stock  (cost=0.42..8.44 rows=1 width=291) (actual time=1.023..1.025 rows=1 loops=1)

  Index Cond: ((s_w_id = 1) AND (s_i_id = 35988))

Planning Time: 0.062 ms

Execution Time: 1.045 ms
Failed SQL 827: SELECT S_QUANTITY, S_DATA, S_DIST_01, S_DIST_02, S_DIST_03, S_DIST_04, S_DIST_05, S_DIST_06, S_DIST_07, S_DIST_08, S_DIST_09, S_DIST_10 FROM STOCK WHERE S_I_ID = 35988 AND S_W_ID = 1
Error Message: Cannot invoke "java.util.List.get(int)" because the return value of "sg.edu.nus.autotune.DB2DATA.getAllIndexes()" is null


===== Query 828 =====

SQL: UPDATE STOCK SET S_QUANTITY = 85, S_YTD = S_YTD + 4, S_ORDER_CNT = S_ORDER_CNT + 1, S_REMOTE_CNT = S_REMOTE_CNT + 0 WHERE S_I_ID = 35988 AND S_W_ID = 1

EXPLAIN Plan:

Update on stock  (cost=0.42..8.45 rows=0 width=0) (actual time=0.060..0.061 rows=0 loops=1)

  ->  Index Scan using stock_pkey on stock  (cost=0.42..8.45 rows=1 width=32) (actual time=0.016..0.017 rows=1 loops=1)

        Index Cond: ((s_w_id = 1) AND (s_i_id = 35988))

Planning Time: 0.096 ms

Execution Time: 0.076 ms
Failed SQL 828: UPDATE STOCK SET S_QUANTITY = 85, S_YTD = S_YTD + 4, S_ORDER_CNT = S_ORDER_CNT + 1, S_REMOTE_CNT = S_REMOTE_CNT + 0 WHERE S_I_ID = 35988 AND S_W_ID = 1
Error Message: Cannot invoke "java.util.List.get(int)" because the return value of "sg.edu.nus.autotune.DB2DATA.getAllIndexes()" is null


===== Query 829 =====

SQL: SELECT I_PRICE, I_NAME , I_DATA FROM ITEM WHERE I_ID = 65115

EXPLAIN Plan:

Index Scan using item_pkey on item  (cost=0.29..8.31 rows=1 width=61) (actual time=0.020..0.022 rows=1 loops=1)

  Index Cond: (i_id = 65115)

Planning Time: 0.072 ms

Execution Time: 0.040 ms
Failed SQL 829: SELECT I_PRICE, I_NAME , I_DATA FROM ITEM WHERE I_ID = 65115
Error Message: Cannot invoke "java.util.List.get(int)" because the return value of "sg.edu.nus.autotune.DB2DATA.getAllIndexes()" is null


===== Query 830 =====

SQL: SELECT S_QUANTITY, S_DATA, S_DIST_01, S_DIST_02, S_DIST_03, S_DIST_04, S_DIST_05, S_DIST_06, S_DIST_07, S_DIST_08, S_DIST_09, S_DIST_10 FROM STOCK WHERE S_I_ID = 65115 AND S_W_ID = 1

EXPLAIN Plan:

Index Scan using stock_pkey on stock  (cost=0.42..8.44 rows=1 width=291) (actual time=0.757..0.758 rows=1 loops=1)

  Index Cond: ((s_w_id = 1) AND (s_i_id = 65115))

Planning Time: 0.064 ms

Execution Time: 0.773 ms
Failed SQL 830: SELECT S_QUANTITY, S_DATA, S_DIST_01, S_DIST_02, S_DIST_03, S_DIST_04, S_DIST_05, S_DIST_06, S_DIST_07, S_DIST_08, S_DIST_09, S_DIST_10 FROM STOCK WHERE S_I_ID = 65115 AND S_W_ID = 1
Error Message: Cannot invoke "java.util.List.get(int)" because the return value of "sg.edu.nus.autotune.DB2DATA.getAllIndexes()" is null


===== Query 831 =====

SQL: UPDATE STOCK SET S_QUANTITY = 54, S_YTD = S_YTD + 7, S_ORDER_CNT = S_ORDER_CNT + 1, S_REMOTE_CNT = S_REMOTE_CNT + 0 WHERE S_I_ID = 65115 AND S_W_ID = 1

EXPLAIN Plan:

Update on stock  (cost=0.42..8.45 rows=0 width=0) (actual time=0.065..0.066 rows=0 loops=1)

  ->  Index Scan using stock_pkey on stock  (cost=0.42..8.45 rows=1 width=32) (actual time=0.024..0.026 rows=1 loops=1)

        Index Cond: ((s_w_id = 1) AND (s_i_id = 65115))

Planning Time: 0.102 ms

Execution Time: 0.093 ms
Failed SQL 831: UPDATE STOCK SET S_QUANTITY = 54, S_YTD = S_YTD + 7, S_ORDER_CNT = S_ORDER_CNT + 1, S_REMOTE_CNT = S_REMOTE_CNT + 0 WHERE S_I_ID = 65115 AND S_W_ID = 1
Error Message: Cannot invoke "java.util.List.get(int)" because the return value of "sg.edu.nus.autotune.DB2DATA.getAllIndexes()" is null


===== Query 832 =====

SQL: SELECT I_PRICE, I_NAME , I_DATA FROM ITEM WHERE I_ID = 89831

EXPLAIN Plan:

Index Scan using item_pkey on item  (cost=0.29..8.31 rows=1 width=61) (actual time=0.042..0.044 rows=1 loops=1)

  Index Cond: (i_id = 89831)

Planning Time: 0.073 ms

Execution Time: 0.061 ms
Failed SQL 832: SELECT I_PRICE, I_NAME , I_DATA FROM ITEM WHERE I_ID = 89831
Error Message: Cannot invoke "java.util.List.get(int)" because the return value of "sg.edu.nus.autotune.DB2DATA.getAllIndexes()" is null


===== Query 833 =====

SQL: SELECT S_QUANTITY, S_DATA, S_DIST_01, S_DIST_02, S_DIST_03, S_DIST_04, S_DIST_05, S_DIST_06, S_DIST_07, S_DIST_08, S_DIST_09, S_DIST_10 FROM STOCK WHERE S_I_ID = 89831 AND S_W_ID = 1

EXPLAIN Plan:

Index Scan using stock_pkey on stock  (cost=0.42..8.44 rows=1 width=291) (actual time=0.820..0.822 rows=1 loops=1)

  Index Cond: ((s_w_id = 1) AND (s_i_id = 89831))

Planning Time: 0.099 ms

Execution Time: 0.846 ms
Failed SQL 833: SELECT S_QUANTITY, S_DATA, S_DIST_01, S_DIST_02, S_DIST_03, S_DIST_04, S_DIST_05, S_DIST_06, S_DIST_07, S_DIST_08, S_DIST_09, S_DIST_10 FROM STOCK WHERE S_I_ID = 89831 AND S_W_ID = 1
Error Message: Cannot invoke "java.util.List.get(int)" because the return value of "sg.edu.nus.autotune.DB2DATA.getAllIndexes()" is null


===== Query 834 =====

SQL: UPDATE STOCK SET S_QUANTITY = 92, S_YTD = S_YTD + 8, S_ORDER_CNT = S_ORDER_CNT + 1, S_REMOTE_CNT = S_REMOTE_CNT + 0 WHERE S_I_ID = 89831 AND S_W_ID = 1

EXPLAIN Plan:

Update on stock  (cost=0.42..8.45 rows=0 width=0) (actual time=0.081..0.082 rows=0 loops=1)

  ->  Index Scan using stock_pkey on stock  (cost=0.42..8.45 rows=1 width=32) (actual time=0.024..0.026 rows=1 loops=1)

        Index Cond: ((s_w_id = 1) AND (s_i_id = 89831))

Planning Time: 0.106 ms

Execution Time: 0.109 ms
Failed SQL 834: UPDATE STOCK SET S_QUANTITY = 92, S_YTD = S_YTD + 8, S_ORDER_CNT = S_ORDER_CNT + 1, S_REMOTE_CNT = S_REMOTE_CNT + 0 WHERE S_I_ID = 89831 AND S_W_ID = 1
Error Message: Cannot invoke "java.util.List.get(int)" because the return value of "sg.edu.nus.autotune.DB2DATA.getAllIndexes()" is null


===== Query 835 =====

SQL: SELECT I_PRICE, I_NAME , I_DATA FROM ITEM WHERE I_ID = 81566

EXPLAIN Plan:

Index Scan using item_pkey on item  (cost=0.29..8.31 rows=1 width=61) (actual time=0.023..0.025 rows=1 loops=1)

  Index Cond: (i_id = 81566)

Planning Time: 0.077 ms

Execution Time: 0.043 ms
Failed SQL 835: SELECT I_PRICE, I_NAME , I_DATA FROM ITEM WHERE I_ID = 81566
Error Message: Cannot invoke "java.util.List.get(int)" because the return value of "sg.edu.nus.autotune.DB2DATA.getAllIndexes()" is null


===== Query 836 =====

SQL: SELECT S_QUANTITY, S_DATA, S_DIST_01, S_DIST_02, S_DIST_03, S_DIST_04, S_DIST_05, S_DIST_06, S_DIST_07, S_DIST_08, S_DIST_09, S_DIST_10 FROM STOCK WHERE S_I_ID = 81566 AND S_W_ID = 1

EXPLAIN Plan:

Index Scan using stock_pkey on stock  (cost=0.42..8.44 rows=1 width=291) (actual time=0.767..0.769 rows=1 loops=1)

  Index Cond: ((s_w_id = 1) AND (s_i_id = 81566))

Planning Time: 0.073 ms

Execution Time: 0.788 ms
Failed SQL 836: SELECT S_QUANTITY, S_DATA, S_DIST_01, S_DIST_02, S_DIST_03, S_DIST_04, S_DIST_05, S_DIST_06, S_DIST_07, S_DIST_08, S_DIST_09, S_DIST_10 FROM STOCK WHERE S_I_ID = 81566 AND S_W_ID = 1
Error Message: Cannot invoke "java.util.List.get(int)" because the return value of "sg.edu.nus.autotune.DB2DATA.getAllIndexes()" is null


===== Query 837 =====

SQL: UPDATE STOCK SET S_QUANTITY = 30, S_YTD = S_YTD + 8, S_ORDER_CNT = S_ORDER_CNT + 1, S_REMOTE_CNT = S_REMOTE_CNT + 0 WHERE S_I_ID = 81566 AND S_W_ID = 1

EXPLAIN Plan:

Update on stock  (cost=0.42..8.45 rows=0 width=0) (actual time=0.066..0.066 rows=0 loops=1)

  ->  Index Scan using stock_pkey on stock  (cost=0.42..8.45 rows=1 width=32) (actual time=0.025..0.027 rows=1 loops=1)

        Index Cond: ((s_w_id = 1) AND (s_i_id = 81566))

Planning Time: 0.103 ms

Execution Time: 0.093 ms
Failed SQL 837: UPDATE STOCK SET S_QUANTITY = 30, S_YTD = S_YTD + 8, S_ORDER_CNT = S_ORDER_CNT + 1, S_REMOTE_CNT = S_REMOTE_CNT + 0 WHERE S_I_ID = 81566 AND S_W_ID = 1
Error Message: Cannot invoke "java.util.List.get(int)" because the return value of "sg.edu.nus.autotune.DB2DATA.getAllIndexes()" is null


===== Query 838 =====

SQL: SELECT I_PRICE, I_NAME , I_DATA FROM ITEM WHERE I_ID = 13666

EXPLAIN Plan:

Index Scan using item_pkey on item  (cost=0.29..8.31 rows=1 width=61) (actual time=0.829..0.831 rows=1 loops=1)

  Index Cond: (i_id = 13666)

Planning Time: 0.072 ms

Execution Time: 0.850 ms
Failed SQL 838: SELECT I_PRICE, I_NAME , I_DATA FROM ITEM WHERE I_ID = 13666
Error Message: Cannot invoke "java.util.List.get(int)" because the return value of "sg.edu.nus.autotune.DB2DATA.getAllIndexes()" is null


===== Query 839 =====

SQL: SELECT S_QUANTITY, S_DATA, S_DIST_01, S_DIST_02, S_DIST_03, S_DIST_04, S_DIST_05, S_DIST_06, S_DIST_07, S_DIST_08, S_DIST_09, S_DIST_10 FROM STOCK WHERE S_I_ID = 13666 AND S_W_ID = 1

EXPLAIN Plan:

Index Scan using stock_pkey on stock  (cost=0.42..8.44 rows=1 width=291) (actual time=0.809..0.811 rows=1 loops=1)

  Index Cond: ((s_w_id = 1) AND (s_i_id = 13666))

Planning Time: 0.059 ms

Execution Time: 0.827 ms
Failed SQL 839: SELECT S_QUANTITY, S_DATA, S_DIST_01, S_DIST_02, S_DIST_03, S_DIST_04, S_DIST_05, S_DIST_06, S_DIST_07, S_DIST_08, S_DIST_09, S_DIST_10 FROM STOCK WHERE S_I_ID = 13666 AND S_W_ID = 1
Error Message: Cannot invoke "java.util.List.get(int)" because the return value of "sg.edu.nus.autotune.DB2DATA.getAllIndexes()" is null


===== Query 840 =====

SQL: UPDATE STOCK SET S_QUANTITY = 96, S_YTD = S_YTD + 6, S_ORDER_CNT = S_ORDER_CNT + 1, S_REMOTE_CNT = S_REMOTE_CNT + 0 WHERE S_I_ID = 13666 AND S_W_ID = 1

EXPLAIN Plan:

Update on stock  (cost=0.42..8.45 rows=0 width=0) (actual time=0.056..0.057 rows=0 loops=1)

  ->  Index Scan using stock_pkey on stock  (cost=0.42..8.45 rows=1 width=32) (actual time=0.024..0.025 rows=1 loops=1)

        Index Cond: ((s_w_id = 1) AND (s_i_id = 13666))

Planning Time: 0.099 ms

Execution Time: 0.084 ms
Failed SQL 840: UPDATE STOCK SET S_QUANTITY = 96, S_YTD = S_YTD + 6, S_ORDER_CNT = S_ORDER_CNT + 1, S_REMOTE_CNT = S_REMOTE_CNT + 0 WHERE S_I_ID = 13666 AND S_W_ID = 1
Error Message: Cannot invoke "java.util.List.get(int)" because the return value of "sg.edu.nus.autotune.DB2DATA.getAllIndexes()" is null


===== Query 841 =====

SQL: SELECT I_PRICE, I_NAME , I_DATA FROM ITEM WHERE I_ID = 64727

EXPLAIN Plan:

Index Scan using item_pkey on item  (cost=0.29..8.31 rows=1 width=61) (actual time=0.041..0.042 rows=1 loops=1)

  Index Cond: (i_id = 64727)

Planning Time: 0.070 ms

Execution Time: 0.059 ms
Failed SQL 841: SELECT I_PRICE, I_NAME , I_DATA FROM ITEM WHERE I_ID = 64727
Error Message: Cannot invoke "java.util.List.get(int)" because the return value of "sg.edu.nus.autotune.DB2DATA.getAllIndexes()" is null


===== Query 842 =====

SQL: SELECT S_QUANTITY, S_DATA, S_DIST_01, S_DIST_02, S_DIST_03, S_DIST_04, S_DIST_05, S_DIST_06, S_DIST_07, S_DIST_08, S_DIST_09, S_DIST_10 FROM STOCK WHERE S_I_ID = 64727 AND S_W_ID = 1

EXPLAIN Plan:

Index Scan using stock_pkey on stock  (cost=0.42..8.44 rows=1 width=291) (actual time=0.862..0.864 rows=1 loops=1)

  Index Cond: ((s_w_id = 1) AND (s_i_id = 64727))

Planning Time: 0.096 ms

Execution Time: 0.886 ms
Failed SQL 842: SELECT S_QUANTITY, S_DATA, S_DIST_01, S_DIST_02, S_DIST_03, S_DIST_04, S_DIST_05, S_DIST_06, S_DIST_07, S_DIST_08, S_DIST_09, S_DIST_10 FROM STOCK WHERE S_I_ID = 64727 AND S_W_ID = 1
Error Message: Cannot invoke "java.util.List.get(int)" because the return value of "sg.edu.nus.autotune.DB2DATA.getAllIndexes()" is null


===== Query 843 =====

SQL: UPDATE STOCK SET S_QUANTITY = 54, S_YTD = S_YTD + 2, S_ORDER_CNT = S_ORDER_CNT + 1, S_REMOTE_CNT = S_REMOTE_CNT + 0 WHERE S_I_ID = 64727 AND S_W_ID = 1

EXPLAIN Plan:

Update on stock  (cost=0.42..8.45 rows=0 width=0) (actual time=0.063..0.064 rows=0 loops=1)

  ->  Index Scan using stock_pkey on stock  (cost=0.42..8.45 rows=1 width=32) (actual time=0.024..0.026 rows=1 loops=1)

        Index Cond: ((s_w_id = 1) AND (s_i_id = 64727))

Planning Time: 0.099 ms

Execution Time: 0.091 ms
Failed SQL 843: UPDATE STOCK SET S_QUANTITY = 54, S_YTD = S_YTD + 2, S_ORDER_CNT = S_ORDER_CNT + 1, S_REMOTE_CNT = S_REMOTE_CNT + 0 WHERE S_I_ID = 64727 AND S_W_ID = 1
Error Message: Cannot invoke "java.util.List.get(int)" because the return value of "sg.edu.nus.autotune.DB2DATA.getAllIndexes()" is null


===== Query 844 =====

SQL: SELECT I_PRICE, I_NAME , I_DATA FROM ITEM WHERE I_ID = 84711

EXPLAIN Plan:

Index Scan using item_pkey on item  (cost=0.29..8.31 rows=1 width=61) (actual time=0.034..0.036 rows=1 loops=1)

  Index Cond: (i_id = 84711)

Planning Time: 0.068 ms

Execution Time: 0.052 ms
Failed SQL 844: SELECT I_PRICE, I_NAME , I_DATA FROM ITEM WHERE I_ID = 84711
Error Message: Cannot invoke "java.util.List.get(int)" because the return value of "sg.edu.nus.autotune.DB2DATA.getAllIndexes()" is null


===== Query 845 =====

SQL: SELECT S_QUANTITY, S_DATA, S_DIST_01, S_DIST_02, S_DIST_03, S_DIST_04, S_DIST_05, S_DIST_06, S_DIST_07, S_DIST_08, S_DIST_09, S_DIST_10 FROM STOCK WHERE S_I_ID = 84711 AND S_W_ID = 1

EXPLAIN Plan:

Index Scan using stock_pkey on stock  (cost=0.42..8.44 rows=1 width=291) (actual time=0.857..0.859 rows=1 loops=1)

  Index Cond: ((s_w_id = 1) AND (s_i_id = 84711))

Planning Time: 0.103 ms

Execution Time: 0.882 ms
Failed SQL 845: SELECT S_QUANTITY, S_DATA, S_DIST_01, S_DIST_02, S_DIST_03, S_DIST_04, S_DIST_05, S_DIST_06, S_DIST_07, S_DIST_08, S_DIST_09, S_DIST_10 FROM STOCK WHERE S_I_ID = 84711 AND S_W_ID = 1
Error Message: Cannot invoke "java.util.List.get(int)" because the return value of "sg.edu.nus.autotune.DB2DATA.getAllIndexes()" is null


===== Query 846 =====

SQL: UPDATE STOCK SET S_QUANTITY = 60, S_YTD = S_YTD + 6, S_ORDER_CNT = S_ORDER_CNT + 1, S_REMOTE_CNT = S_REMOTE_CNT + 0 WHERE S_I_ID = 84711 AND S_W_ID = 1

EXPLAIN Plan:

Update on stock  (cost=0.42..8.45 rows=0 width=0) (actual time=0.063..0.063 rows=0 loops=1)

  ->  Index Scan using stock_pkey on stock  (cost=0.42..8.45 rows=1 width=32) (actual time=0.025..0.026 rows=1 loops=1)

        Index Cond: ((s_w_id = 1) AND (s_i_id = 84711))

Planning Time: 0.102 ms

Execution Time: 0.091 ms
Failed SQL 846: UPDATE STOCK SET S_QUANTITY = 60, S_YTD = S_YTD + 6, S_ORDER_CNT = S_ORDER_CNT + 1, S_REMOTE_CNT = S_REMOTE_CNT + 0 WHERE S_I_ID = 84711 AND S_W_ID = 1
Error Message: Cannot invoke "java.util.List.get(int)" because the return value of "sg.edu.nus.autotune.DB2DATA.getAllIndexes()" is null


===== Query 847 =====

SQL: SELECT I_PRICE, I_NAME , I_DATA FROM ITEM WHERE I_ID = 51174

EXPLAIN Plan:

Index Scan using item_pkey on item  (cost=0.29..8.31 rows=1 width=61) (actual time=1.189..1.192 rows=1 loops=1)

  Index Cond: (i_id = 51174)

Planning Time: 0.073 ms

Execution Time: 1.211 ms
Failed SQL 847: SELECT I_PRICE, I_NAME , I_DATA FROM ITEM WHERE I_ID = 51174
Error Message: Cannot invoke "java.util.List.get(int)" because the return value of "sg.edu.nus.autotune.DB2DATA.getAllIndexes()" is null


===== Query 848 =====

SQL: SELECT S_QUANTITY, S_DATA, S_DIST_01, S_DIST_02, S_DIST_03, S_DIST_04, S_DIST_05, S_DIST_06, S_DIST_07, S_DIST_08, S_DIST_09, S_DIST_10 FROM STOCK WHERE S_I_ID = 51174 AND S_W_ID = 1

EXPLAIN Plan:

Index Scan using stock_pkey on stock  (cost=0.42..8.44 rows=1 width=291) (actual time=1.054..1.056 rows=1 loops=1)

  Index Cond: ((s_w_id = 1) AND (s_i_id = 51174))

Planning Time: 0.091 ms

Execution Time: 1.078 ms
Failed SQL 848: SELECT S_QUANTITY, S_DATA, S_DIST_01, S_DIST_02, S_DIST_03, S_DIST_04, S_DIST_05, S_DIST_06, S_DIST_07, S_DIST_08, S_DIST_09, S_DIST_10 FROM STOCK WHERE S_I_ID = 51174 AND S_W_ID = 1
Error Message: Cannot invoke "java.util.List.get(int)" because the return value of "sg.edu.nus.autotune.DB2DATA.getAllIndexes()" is null


===== Query 849 =====

SQL: UPDATE STOCK SET S_QUANTITY = 87, S_YTD = S_YTD + 2, S_ORDER_CNT = S_ORDER_CNT + 1, S_REMOTE_CNT = S_REMOTE_CNT + 0 WHERE S_I_ID = 51174 AND S_W_ID = 1

EXPLAIN Plan:

Update on stock  (cost=0.42..8.45 rows=0 width=0) (actual time=0.101..0.102 rows=0 loops=1)

  ->  Index Scan using stock_pkey on stock  (cost=0.42..8.45 rows=1 width=32) (actual time=0.025..0.027 rows=1 loops=1)

        Index Cond: ((s_w_id = 1) AND (s_i_id = 51174))

Planning Time: 0.104 ms

Execution Time: 0.130 ms
Failed SQL 849: UPDATE STOCK SET S_QUANTITY = 87, S_YTD = S_YTD + 2, S_ORDER_CNT = S_ORDER_CNT + 1, S_REMOTE_CNT = S_REMOTE_CNT + 0 WHERE S_I_ID = 51174 AND S_W_ID = 1
Error Message: Cannot invoke "java.util.List.get(int)" because the return value of "sg.edu.nus.autotune.DB2DATA.getAllIndexes()" is null


===== Query 850 =====

SQL: SELECT I_PRICE, I_NAME , I_DATA FROM ITEM WHERE I_ID = 52923

EXPLAIN Plan:

Index Scan using item_pkey on item  (cost=0.29..8.31 rows=1 width=61) (actual time=1.053..1.056 rows=1 loops=1)

  Index Cond: (i_id = 52923)

Planning Time: 0.082 ms

Execution Time: 1.075 ms
Failed SQL 850: SELECT I_PRICE, I_NAME , I_DATA FROM ITEM WHERE I_ID = 52923
Error Message: Cannot invoke "java.util.List.get(int)" because the return value of "sg.edu.nus.autotune.DB2DATA.getAllIndexes()" is null


===== Query 851 =====

SQL: SELECT S_QUANTITY, S_DATA, S_DIST_01, S_DIST_02, S_DIST_03, S_DIST_04, S_DIST_05, S_DIST_06, S_DIST_07, S_DIST_08, S_DIST_09, S_DIST_10 FROM STOCK WHERE S_I_ID = 52923 AND S_W_ID = 1

EXPLAIN Plan:

Index Scan using stock_pkey on stock  (cost=0.42..8.44 rows=1 width=291) (actual time=0.601..0.603 rows=1 loops=1)

  Index Cond: ((s_w_id = 1) AND (s_i_id = 52923))

Planning Time: 0.093 ms

Execution Time: 0.625 ms
Failed SQL 851: SELECT S_QUANTITY, S_DATA, S_DIST_01, S_DIST_02, S_DIST_03, S_DIST_04, S_DIST_05, S_DIST_06, S_DIST_07, S_DIST_08, S_DIST_09, S_DIST_10 FROM STOCK WHERE S_I_ID = 52923 AND S_W_ID = 1
Error Message: Cannot invoke "java.util.List.get(int)" because the return value of "sg.edu.nus.autotune.DB2DATA.getAllIndexes()" is null


===== Query 852 =====

SQL: UPDATE STOCK SET S_QUANTITY = 17, S_YTD = S_YTD + 10, S_ORDER_CNT = S_ORDER_CNT + 1, S_REMOTE_CNT = S_REMOTE_CNT + 0 WHERE S_I_ID = 52923 AND S_W_ID = 1

EXPLAIN Plan:

Update on stock  (cost=0.42..8.45 rows=0 width=0) (actual time=0.088..0.088 rows=0 loops=1)

  ->  Index Scan using stock_pkey on stock  (cost=0.42..8.45 rows=1 width=32) (actual time=0.024..0.025 rows=1 loops=1)

        Index Cond: ((s_w_id = 1) AND (s_i_id = 52923))

Planning Time: 0.099 ms

Execution Time: 0.115 ms
Failed SQL 852: UPDATE STOCK SET S_QUANTITY = 17, S_YTD = S_YTD + 10, S_ORDER_CNT = S_ORDER_CNT + 1, S_REMOTE_CNT = S_REMOTE_CNT + 0 WHERE S_I_ID = 52923 AND S_W_ID = 1
Error Message: Cannot invoke "java.util.List.get(int)" because the return value of "sg.edu.nus.autotune.DB2DATA.getAllIndexes()" is null


===== Query 853 =====

SQL: SELECT I_PRICE, I_NAME , I_DATA FROM ITEM WHERE I_ID = 6087

EXPLAIN Plan:

Index Scan using item_pkey on item  (cost=0.29..8.31 rows=1 width=61) (actual time=0.025..0.026 rows=1 loops=1)

  Index Cond: (i_id = 6087)

Planning Time: 0.074 ms

Execution Time: 0.043 ms
Failed SQL 853: SELECT I_PRICE, I_NAME , I_DATA FROM ITEM WHERE I_ID = 6087
Error Message: Cannot invoke "java.util.List.get(int)" because the return value of "sg.edu.nus.autotune.DB2DATA.getAllIndexes()" is null


===== Query 854 =====

SQL: SELECT S_QUANTITY, S_DATA, S_DIST_01, S_DIST_02, S_DIST_03, S_DIST_04, S_DIST_05, S_DIST_06, S_DIST_07, S_DIST_08, S_DIST_09, S_DIST_10 FROM STOCK WHERE S_I_ID = 6087 AND S_W_ID = 1

EXPLAIN Plan:

Index Scan using stock_pkey on stock  (cost=0.42..8.44 rows=1 width=291) (actual time=0.845..0.848 rows=1 loops=1)

  Index Cond: ((s_w_id = 1) AND (s_i_id = 6087))

Planning Time: 0.092 ms

Execution Time: 0.870 ms
Failed SQL 854: SELECT S_QUANTITY, S_DATA, S_DIST_01, S_DIST_02, S_DIST_03, S_DIST_04, S_DIST_05, S_DIST_06, S_DIST_07, S_DIST_08, S_DIST_09, S_DIST_10 FROM STOCK WHERE S_I_ID = 6087 AND S_W_ID = 1
Error Message: Cannot invoke "java.util.List.get(int)" because the return value of "sg.edu.nus.autotune.DB2DATA.getAllIndexes()" is null


===== Query 855 =====

SQL: UPDATE STOCK SET S_QUANTITY = 60, S_YTD = S_YTD + 4, S_ORDER_CNT = S_ORDER_CNT + 1, S_REMOTE_CNT = S_REMOTE_CNT + 0 WHERE S_I_ID = 6087 AND S_W_ID = 1

EXPLAIN Plan:

Update on stock  (cost=0.42..8.45 rows=0 width=0) (actual time=0.056..0.057 rows=0 loops=1)

  ->  Index Scan using stock_pkey on stock  (cost=0.42..8.45 rows=1 width=32) (actual time=0.024..0.025 rows=1 loops=1)

        Index Cond: ((s_w_id = 1) AND (s_i_id = 6087))

Planning Time: 0.104 ms

Execution Time: 0.084 ms
Failed SQL 855: UPDATE STOCK SET S_QUANTITY = 60, S_YTD = S_YTD + 4, S_ORDER_CNT = S_ORDER_CNT + 1, S_REMOTE_CNT = S_REMOTE_CNT + 0 WHERE S_I_ID = 6087 AND S_W_ID = 1
Error Message: Cannot invoke "java.util.List.get(int)" because the return value of "sg.edu.nus.autotune.DB2DATA.getAllIndexes()" is null


===== Query 856 =====

SQL: SELECT C_DISCOUNT, C_LAST, C_CREDIT, W_TAX FROM CUSTOMER, WAREHOUSE WHERE W_ID = 1 AND C_W_ID = 1 AND C_D_ID = 4 AND C_ID = 2019

EXPLAIN Plan:

Nested Loop  (cost=4.56..16.61 rows=1 width=26) (actual time=0.092..0.095 rows=1 loops=1)

  ->  Index Scan using customer_pkey on customer  (cost=0.42..8.44 rows=1 width=21) (actual time=0.053..0.054 rows=1 loops=1)

        Index Cond: ((c_w_id = 1) AND (c_d_id = 4) AND (c_id = 2019))

  ->  Bitmap Heap Scan on warehouse  (cost=4.14..8.15 rows=1 width=5) (actual time=0.032..0.032 rows=1 loops=1)

        Recheck Cond: (w_id = 1)

        Heap Blocks: exact=1

        ->  Bitmap Index Scan on warehouse_pkey  (cost=0.00..4.14 rows=1 width=0) (actual time=0.015..0.015 rows=1 loops=1)

              Index Cond: (w_id = 1)

Planning Time: 0.144 ms

Execution Time: 0.133 ms
Failed SQL 856: SELECT C_DISCOUNT, C_LAST, C_CREDIT, W_TAX FROM CUSTOMER, WAREHOUSE WHERE W_ID = 1 AND C_W_ID = 1 AND C_D_ID = 4 AND C_ID = 2019
Error Message: Cannot invoke "java.util.List.get(int)" because the return value of "sg.edu.nus.autotune.DB2DATA.getAllIndexes()" is null


===== Query 857 =====

SQL: SELECT D_NEXT_O_ID, D_TAX FROM DISTRICT WHERE D_W_ID = 1 AND D_ID = 4

EXPLAIN Plan:

Bitmap Heap Scan on district  (cost=4.28..11.66 rows=2 width=9) (actual time=0.044..0.045 rows=1 loops=1)

  Recheck Cond: ((d_w_id = 1) AND (d_id = 4))

  Heap Blocks: exact=1

  ->  Bitmap Index Scan on district_pkey  (cost=0.00..4.28 rows=2 width=0) (actual time=0.024..0.024 rows=1 loops=1)

        Index Cond: ((d_w_id = 1) AND (d_id = 4))

Planning Time: 0.086 ms

Execution Time: 0.074 ms
Failed SQL 857: SELECT D_NEXT_O_ID, D_TAX FROM DISTRICT WHERE D_W_ID = 1 AND D_ID = 4
Error Message: Cannot invoke "java.util.List.get(int)" because the return value of "sg.edu.nus.autotune.DB2DATA.getAllIndexes()" is null


===== Query 858 =====

SQL: UPDATE DISTRICT SET D_NEXT_O_ID = D_NEXT_O_ID + 1 WHERE D_W_ID = 1 AND D_ID = 4

EXPLAIN Plan:

Update on district  (cost=4.28..11.67 rows=0 width=0) (actual time=0.048..0.049 rows=0 loops=1)

  ->  Bitmap Heap Scan on district  (cost=4.28..11.67 rows=2 width=10) (actual time=0.019..0.020 rows=1 loops=1)

        Recheck Cond: ((d_w_id = 1) AND (d_id = 4))

        Heap Blocks: exact=1

        ->  Bitmap Index Scan on district_pkey  (cost=0.00..4.28 rows=2 width=0) (actual time=0.011..0.011 rows=1 loops=1)

              Index Cond: ((d_w_id = 1) AND (d_id = 4))

Planning Time: 0.093 ms

Execution Time: 0.082 ms
Failed SQL 858: UPDATE DISTRICT SET D_NEXT_O_ID = D_NEXT_O_ID + 1 WHERE D_W_ID = 1 AND D_ID = 4
Error Message: Cannot invoke "java.util.List.get(int)" because the return value of "sg.edu.nus.autotune.DB2DATA.getAllIndexes()" is null


===== Query 859 =====

SQL: SELECT I_PRICE, I_NAME , I_DATA FROM ITEM WHERE I_ID = 72295

EXPLAIN Plan:

Index Scan using item_pkey on item  (cost=0.29..8.31 rows=1 width=61) (actual time=0.036..0.037 rows=1 loops=1)

  Index Cond: (i_id = 72295)

Planning Time: 0.071 ms

Execution Time: 0.053 ms
Failed SQL 859: SELECT I_PRICE, I_NAME , I_DATA FROM ITEM WHERE I_ID = 72295
Error Message: Cannot invoke "java.util.List.get(int)" because the return value of "sg.edu.nus.autotune.DB2DATA.getAllIndexes()" is null


===== Query 860 =====

SQL: SELECT S_QUANTITY, S_DATA, S_DIST_01, S_DIST_02, S_DIST_03, S_DIST_04, S_DIST_05, S_DIST_06, S_DIST_07, S_DIST_08, S_DIST_09, S_DIST_10 FROM STOCK WHERE S_I_ID = 72295 AND S_W_ID = 1

EXPLAIN Plan:

Index Scan using stock_pkey on stock  (cost=0.42..8.44 rows=1 width=291) (actual time=1.057..1.059 rows=1 loops=1)

  Index Cond: ((s_w_id = 1) AND (s_i_id = 72295))

Planning Time: 0.093 ms

Execution Time: 1.081 ms
Failed SQL 860: SELECT S_QUANTITY, S_DATA, S_DIST_01, S_DIST_02, S_DIST_03, S_DIST_04, S_DIST_05, S_DIST_06, S_DIST_07, S_DIST_08, S_DIST_09, S_DIST_10 FROM STOCK WHERE S_I_ID = 72295 AND S_W_ID = 1
Error Message: Cannot invoke "java.util.List.get(int)" because the return value of "sg.edu.nus.autotune.DB2DATA.getAllIndexes()" is null


===== Query 861 =====

SQL: UPDATE STOCK SET S_QUANTITY = 30, S_YTD = S_YTD + 7, S_ORDER_CNT = S_ORDER_CNT + 1, S_REMOTE_CNT = S_REMOTE_CNT + 0 WHERE S_I_ID = 72295 AND S_W_ID = 1

EXPLAIN Plan:

Update on stock  (cost=0.42..8.45 rows=0 width=0) (actual time=0.059..0.060 rows=0 loops=1)

  ->  Index Scan using stock_pkey on stock  (cost=0.42..8.45 rows=1 width=32) (actual time=0.025..0.026 rows=1 loops=1)

        Index Cond: ((s_w_id = 1) AND (s_i_id = 72295))

Planning Time: 0.102 ms

Execution Time: 0.087 ms
Failed SQL 861: UPDATE STOCK SET S_QUANTITY = 30, S_YTD = S_YTD + 7, S_ORDER_CNT = S_ORDER_CNT + 1, S_REMOTE_CNT = S_REMOTE_CNT + 0 WHERE S_I_ID = 72295 AND S_W_ID = 1
Error Message: Cannot invoke "java.util.List.get(int)" because the return value of "sg.edu.nus.autotune.DB2DATA.getAllIndexes()" is null


===== Query 862 =====

SQL: SELECT I_PRICE, I_NAME , I_DATA FROM ITEM WHERE I_ID = 30366

EXPLAIN Plan:

Index Scan using item_pkey on item  (cost=0.29..8.31 rows=1 width=61) (actual time=1.096..1.099 rows=1 loops=1)

  Index Cond: (i_id = 30366)

Planning Time: 0.087 ms

Execution Time: 1.120 ms
Failed SQL 862: SELECT I_PRICE, I_NAME , I_DATA FROM ITEM WHERE I_ID = 30366
Error Message: Cannot invoke "java.util.List.get(int)" because the return value of "sg.edu.nus.autotune.DB2DATA.getAllIndexes()" is null


===== Query 863 =====

SQL: SELECT S_QUANTITY, S_DATA, S_DIST_01, S_DIST_02, S_DIST_03, S_DIST_04, S_DIST_05, S_DIST_06, S_DIST_07, S_DIST_08, S_DIST_09, S_DIST_10 FROM STOCK WHERE S_I_ID = 30366 AND S_W_ID = 1

EXPLAIN Plan:

Index Scan using stock_pkey on stock  (cost=0.42..8.44 rows=1 width=291) (actual time=1.228..1.231 rows=1 loops=1)

  Index Cond: ((s_w_id = 1) AND (s_i_id = 30366))

Planning Time: 0.093 ms

Execution Time: 1.254 ms
Failed SQL 863: SELECT S_QUANTITY, S_DATA, S_DIST_01, S_DIST_02, S_DIST_03, S_DIST_04, S_DIST_05, S_DIST_06, S_DIST_07, S_DIST_08, S_DIST_09, S_DIST_10 FROM STOCK WHERE S_I_ID = 30366 AND S_W_ID = 1
Error Message: Cannot invoke "java.util.List.get(int)" because the return value of "sg.edu.nus.autotune.DB2DATA.getAllIndexes()" is null


===== Query 864 =====

SQL: UPDATE STOCK SET S_QUANTITY = 89, S_YTD = S_YTD + 8, S_ORDER_CNT = S_ORDER_CNT + 1, S_REMOTE_CNT = S_REMOTE_CNT + 0 WHERE S_I_ID = 30366 AND S_W_ID = 1

EXPLAIN Plan:

Update on stock  (cost=0.42..8.45 rows=0 width=0) (actual time=0.055..0.056 rows=0 loops=1)

  ->  Index Scan using stock_pkey on stock  (cost=0.42..8.45 rows=1 width=32) (actual time=0.023..0.025 rows=1 loops=1)

        Index Cond: ((s_w_id = 1) AND (s_i_id = 30366))

Planning Time: 0.104 ms

Execution Time: 0.083 ms
Failed SQL 864: UPDATE STOCK SET S_QUANTITY = 89, S_YTD = S_YTD + 8, S_ORDER_CNT = S_ORDER_CNT + 1, S_REMOTE_CNT = S_REMOTE_CNT + 0 WHERE S_I_ID = 30366 AND S_W_ID = 1
Error Message: Cannot invoke "java.util.List.get(int)" because the return value of "sg.edu.nus.autotune.DB2DATA.getAllIndexes()" is null


===== Query 865 =====

SQL: SELECT I_PRICE, I_NAME , I_DATA FROM ITEM WHERE I_ID = 68327

EXPLAIN Plan:

Index Scan using item_pkey on item  (cost=0.29..8.31 rows=1 width=61) (actual time=1.190..1.192 rows=1 loops=1)

  Index Cond: (i_id = 68327)

Planning Time: 0.070 ms

Execution Time: 1.210 ms
Failed SQL 865: SELECT I_PRICE, I_NAME , I_DATA FROM ITEM WHERE I_ID = 68327
Error Message: Cannot invoke "java.util.List.get(int)" because the return value of "sg.edu.nus.autotune.DB2DATA.getAllIndexes()" is null


===== Query 866 =====

SQL: SELECT S_QUANTITY, S_DATA, S_DIST_01, S_DIST_02, S_DIST_03, S_DIST_04, S_DIST_05, S_DIST_06, S_DIST_07, S_DIST_08, S_DIST_09, S_DIST_10 FROM STOCK WHERE S_I_ID = 68327 AND S_W_ID = 1

EXPLAIN Plan:

Index Scan using stock_pkey on stock  (cost=0.42..8.44 rows=1 width=291) (actual time=0.523..0.524 rows=1 loops=1)

  Index Cond: ((s_w_id = 1) AND (s_i_id = 68327))

Planning Time: 0.111 ms

Execution Time: 0.541 ms
Failed SQL 866: SELECT S_QUANTITY, S_DATA, S_DIST_01, S_DIST_02, S_DIST_03, S_DIST_04, S_DIST_05, S_DIST_06, S_DIST_07, S_DIST_08, S_DIST_09, S_DIST_10 FROM STOCK WHERE S_I_ID = 68327 AND S_W_ID = 1
Error Message: Cannot invoke "java.util.List.get(int)" because the return value of "sg.edu.nus.autotune.DB2DATA.getAllIndexes()" is null


===== Query 867 =====

SQL: UPDATE STOCK SET S_QUANTITY = 89, S_YTD = S_YTD + 10, S_ORDER_CNT = S_ORDER_CNT + 1, S_REMOTE_CNT = S_REMOTE_CNT + 0 WHERE S_I_ID = 68327 AND S_W_ID = 1

EXPLAIN Plan:

Update on stock  (cost=0.42..8.45 rows=0 width=0) (actual time=0.113..0.113 rows=0 loops=1)

  ->  Index Scan using stock_pkey on stock  (cost=0.42..8.45 rows=1 width=32) (actual time=0.063..0.065 rows=1 loops=1)

        Index Cond: ((s_w_id = 1) AND (s_i_id = 68327))

Planning Time: 0.078 ms

Execution Time: 0.227 ms
Failed SQL 867: UPDATE STOCK SET S_QUANTITY = 89, S_YTD = S_YTD + 10, S_ORDER_CNT = S_ORDER_CNT + 1, S_REMOTE_CNT = S_REMOTE_CNT + 0 WHERE S_I_ID = 68327 AND S_W_ID = 1
Error Message: Cannot invoke "java.util.List.get(int)" because the return value of "sg.edu.nus.autotune.DB2DATA.getAllIndexes()" is null


===== Query 868 =====

SQL: SELECT I_PRICE, I_NAME , I_DATA FROM ITEM WHERE I_ID = 73189

EXPLAIN Plan:

Index Scan using item_pkey on item  (cost=0.29..8.31 rows=1 width=61) (actual time=0.470..0.472 rows=1 loops=1)

  Index Cond: (i_id = 73189)

Planning Time: 0.074 ms

Execution Time: 0.490 ms
Failed SQL 868: SELECT I_PRICE, I_NAME , I_DATA FROM ITEM WHERE I_ID = 73189
Error Message: Cannot invoke "java.util.List.get(int)" because the return value of "sg.edu.nus.autotune.DB2DATA.getAllIndexes()" is null


===== Query 869 =====

SQL: SELECT S_QUANTITY, S_DATA, S_DIST_01, S_DIST_02, S_DIST_03, S_DIST_04, S_DIST_05, S_DIST_06, S_DIST_07, S_DIST_08, S_DIST_09, S_DIST_10 FROM STOCK WHERE S_I_ID = 73189 AND S_W_ID = 1

EXPLAIN Plan:

Index Scan using stock_pkey on stock  (cost=0.42..8.44 rows=1 width=291) (actual time=0.976..0.977 rows=1 loops=1)

  Index Cond: ((s_w_id = 1) AND (s_i_id = 73189))

Planning Time: 0.065 ms

Execution Time: 0.993 ms
Failed SQL 869: SELECT S_QUANTITY, S_DATA, S_DIST_01, S_DIST_02, S_DIST_03, S_DIST_04, S_DIST_05, S_DIST_06, S_DIST_07, S_DIST_08, S_DIST_09, S_DIST_10 FROM STOCK WHERE S_I_ID = 73189 AND S_W_ID = 1
Error Message: Cannot invoke "java.util.List.get(int)" because the return value of "sg.edu.nus.autotune.DB2DATA.getAllIndexes()" is null


===== Query 870 =====

SQL: UPDATE STOCK SET S_QUANTITY = 77, S_YTD = S_YTD + 5, S_ORDER_CNT = S_ORDER_CNT + 1, S_REMOTE_CNT = S_REMOTE_CNT + 0 WHERE S_I_ID = 73189 AND S_W_ID = 1

EXPLAIN Plan:

Update on stock  (cost=0.42..8.45 rows=0 width=0) (actual time=0.059..0.060 rows=0 loops=1)

  ->  Index Scan using stock_pkey on stock  (cost=0.42..8.45 rows=1 width=32) (actual time=0.024..0.026 rows=1 loops=1)

        Index Cond: ((s_w_id = 1) AND (s_i_id = 73189))

Planning Time: 0.102 ms

Execution Time: 0.087 ms
Failed SQL 870: UPDATE STOCK SET S_QUANTITY = 77, S_YTD = S_YTD + 5, S_ORDER_CNT = S_ORDER_CNT + 1, S_REMOTE_CNT = S_REMOTE_CNT + 0 WHERE S_I_ID = 73189 AND S_W_ID = 1
Error Message: Cannot invoke "java.util.List.get(int)" because the return value of "sg.edu.nus.autotune.DB2DATA.getAllIndexes()" is null


===== Query 871 =====

SQL: SELECT I_PRICE, I_NAME , I_DATA FROM ITEM WHERE I_ID = 81319

EXPLAIN Plan:

Index Scan using item_pkey on item  (cost=0.29..8.31 rows=1 width=61) (actual time=0.035..0.037 rows=1 loops=1)

  Index Cond: (i_id = 81319)

Planning Time: 0.071 ms

Execution Time: 0.054 ms
Failed SQL 871: SELECT I_PRICE, I_NAME , I_DATA FROM ITEM WHERE I_ID = 81319
Error Message: Cannot invoke "java.util.List.get(int)" because the return value of "sg.edu.nus.autotune.DB2DATA.getAllIndexes()" is null


===== Query 872 =====

SQL: SELECT S_QUANTITY, S_DATA, S_DIST_01, S_DIST_02, S_DIST_03, S_DIST_04, S_DIST_05, S_DIST_06, S_DIST_07, S_DIST_08, S_DIST_09, S_DIST_10 FROM STOCK WHERE S_I_ID = 81319 AND S_W_ID = 1

EXPLAIN Plan:

Index Scan using stock_pkey on stock  (cost=0.42..8.44 rows=1 width=291) (actual time=0.844..0.847 rows=1 loops=1)

  Index Cond: ((s_w_id = 1) AND (s_i_id = 81319))

Planning Time: 0.096 ms

Execution Time: 0.869 ms
Failed SQL 872: SELECT S_QUANTITY, S_DATA, S_DIST_01, S_DIST_02, S_DIST_03, S_DIST_04, S_DIST_05, S_DIST_06, S_DIST_07, S_DIST_08, S_DIST_09, S_DIST_10 FROM STOCK WHERE S_I_ID = 81319 AND S_W_ID = 1
Error Message: Cannot invoke "java.util.List.get(int)" because the return value of "sg.edu.nus.autotune.DB2DATA.getAllIndexes()" is null


===== Query 873 =====

SQL: UPDATE STOCK SET S_QUANTITY = 78, S_YTD = S_YTD + 8, S_ORDER_CNT = S_ORDER_CNT + 1, S_REMOTE_CNT = S_REMOTE_CNT + 0 WHERE S_I_ID = 81319 AND S_W_ID = 1

EXPLAIN Plan:

Update on stock  (cost=0.42..8.45 rows=0 width=0) (actual time=0.059..0.060 rows=0 loops=1)

  ->  Index Scan using stock_pkey on stock  (cost=0.42..8.45 rows=1 width=32) (actual time=0.025..0.026 rows=1 loops=1)

        Index Cond: ((s_w_id = 1) AND (s_i_id = 81319))

Planning Time: 0.101 ms

Execution Time: 0.087 ms
Failed SQL 873: UPDATE STOCK SET S_QUANTITY = 78, S_YTD = S_YTD + 8, S_ORDER_CNT = S_ORDER_CNT + 1, S_REMOTE_CNT = S_REMOTE_CNT + 0 WHERE S_I_ID = 81319 AND S_W_ID = 1
Error Message: Cannot invoke "java.util.List.get(int)" because the return value of "sg.edu.nus.autotune.DB2DATA.getAllIndexes()" is null


===== Query 874 =====

SQL: SELECT I_PRICE, I_NAME , I_DATA FROM ITEM WHERE I_ID = 36061

EXPLAIN Plan:

Index Scan using item_pkey on item  (cost=0.29..8.31 rows=1 width=61) (actual time=0.316..0.318 rows=1 loops=1)

  Index Cond: (i_id = 36061)

Planning Time: 0.075 ms

Execution Time: 0.337 ms
Failed SQL 874: SELECT I_PRICE, I_NAME , I_DATA FROM ITEM WHERE I_ID = 36061
Error Message: Cannot invoke "java.util.List.get(int)" because the return value of "sg.edu.nus.autotune.DB2DATA.getAllIndexes()" is null


===== Query 875 =====

SQL: SELECT S_QUANTITY, S_DATA, S_DIST_01, S_DIST_02, S_DIST_03, S_DIST_04, S_DIST_05, S_DIST_06, S_DIST_07, S_DIST_08, S_DIST_09, S_DIST_10 FROM STOCK WHERE S_I_ID = 36061 AND S_W_ID = 1

EXPLAIN Plan:

Index Scan using stock_pkey on stock  (cost=0.42..8.44 rows=1 width=291) (actual time=0.844..0.847 rows=1 loops=1)

  Index Cond: ((s_w_id = 1) AND (s_i_id = 36061))

Planning Time: 0.094 ms

Execution Time: 0.870 ms
Failed SQL 875: SELECT S_QUANTITY, S_DATA, S_DIST_01, S_DIST_02, S_DIST_03, S_DIST_04, S_DIST_05, S_DIST_06, S_DIST_07, S_DIST_08, S_DIST_09, S_DIST_10 FROM STOCK WHERE S_I_ID = 36061 AND S_W_ID = 1
Error Message: Cannot invoke "java.util.List.get(int)" because the return value of "sg.edu.nus.autotune.DB2DATA.getAllIndexes()" is null


===== Query 876 =====

SQL: UPDATE STOCK SET S_QUANTITY = 11, S_YTD = S_YTD + 1, S_ORDER_CNT = S_ORDER_CNT + 1, S_REMOTE_CNT = S_REMOTE_CNT + 0 WHERE S_I_ID = 36061 AND S_W_ID = 1

EXPLAIN Plan:

Update on stock  (cost=0.42..8.45 rows=0 width=0) (actual time=0.082..0.083 rows=0 loops=1)

  ->  Index Scan using stock_pkey on stock  (cost=0.42..8.45 rows=1 width=32) (actual time=0.024..0.026 rows=1 loops=1)

        Index Cond: ((s_w_id = 1) AND (s_i_id = 36061))

Planning Time: 0.102 ms

Execution Time: 0.111 ms
Failed SQL 876: UPDATE STOCK SET S_QUANTITY = 11, S_YTD = S_YTD + 1, S_ORDER_CNT = S_ORDER_CNT + 1, S_REMOTE_CNT = S_REMOTE_CNT + 0 WHERE S_I_ID = 36061 AND S_W_ID = 1
Error Message: Cannot invoke "java.util.List.get(int)" because the return value of "sg.edu.nus.autotune.DB2DATA.getAllIndexes()" is null


===== Query 877 =====

SQL: SELECT I_PRICE, I_NAME , I_DATA FROM ITEM WHERE I_ID = 81503

EXPLAIN Plan:

Index Scan using item_pkey on item  (cost=0.29..8.31 rows=1 width=61) (actual time=0.787..0.789 rows=1 loops=1)

  Index Cond: (i_id = 81503)

Planning Time: 0.076 ms

Execution Time: 0.807 ms
Failed SQL 877: SELECT I_PRICE, I_NAME , I_DATA FROM ITEM WHERE I_ID = 81503
Error Message: Cannot invoke "java.util.List.get(int)" because the return value of "sg.edu.nus.autotune.DB2DATA.getAllIndexes()" is null


===== Query 878 =====

SQL: SELECT S_QUANTITY, S_DATA, S_DIST_01, S_DIST_02, S_DIST_03, S_DIST_04, S_DIST_05, S_DIST_06, S_DIST_07, S_DIST_08, S_DIST_09, S_DIST_10 FROM STOCK WHERE S_I_ID = 81503 AND S_W_ID = 1

EXPLAIN Plan:

Index Scan using stock_pkey on stock  (cost=0.42..8.44 rows=1 width=291) (actual time=0.808..0.810 rows=1 loops=1)

  Index Cond: ((s_w_id = 1) AND (s_i_id = 81503))

Planning Time: 0.091 ms

Execution Time: 0.832 ms
Failed SQL 878: SELECT S_QUANTITY, S_DATA, S_DIST_01, S_DIST_02, S_DIST_03, S_DIST_04, S_DIST_05, S_DIST_06, S_DIST_07, S_DIST_08, S_DIST_09, S_DIST_10 FROM STOCK WHERE S_I_ID = 81503 AND S_W_ID = 1
Error Message: Cannot invoke "java.util.List.get(int)" because the return value of "sg.edu.nus.autotune.DB2DATA.getAllIndexes()" is null


===== Query 879 =====

SQL: UPDATE STOCK SET S_QUANTITY = 70, S_YTD = S_YTD + 7, S_ORDER_CNT = S_ORDER_CNT + 1, S_REMOTE_CNT = S_REMOTE_CNT + 0 WHERE S_I_ID = 81503 AND S_W_ID = 1

EXPLAIN Plan:

Update on stock  (cost=0.42..8.45 rows=0 width=0) (actual time=0.058..0.059 rows=0 loops=1)

  ->  Index Scan using stock_pkey on stock  (cost=0.42..8.45 rows=1 width=32) (actual time=0.024..0.026 rows=1 loops=1)

        Index Cond: ((s_w_id = 1) AND (s_i_id = 81503))

Planning Time: 0.099 ms

Execution Time: 0.085 ms
Failed SQL 879: UPDATE STOCK SET S_QUANTITY = 70, S_YTD = S_YTD + 7, S_ORDER_CNT = S_ORDER_CNT + 1, S_REMOTE_CNT = S_REMOTE_CNT + 0 WHERE S_I_ID = 81503 AND S_W_ID = 1
Error Message: Cannot invoke "java.util.List.get(int)" because the return value of "sg.edu.nus.autotune.DB2DATA.getAllIndexes()" is null


===== Query 880 =====

SQL: SELECT I_PRICE, I_NAME , I_DATA FROM ITEM WHERE I_ID = 19911

EXPLAIN Plan:

Index Scan using item_pkey on item  (cost=0.29..8.31 rows=1 width=61) (actual time=0.992..0.995 rows=1 loops=1)

  Index Cond: (i_id = 19911)

Planning Time: 0.074 ms

Execution Time: 1.014 ms
Failed SQL 880: SELECT I_PRICE, I_NAME , I_DATA FROM ITEM WHERE I_ID = 19911
Error Message: Cannot invoke "java.util.List.get(int)" because the return value of "sg.edu.nus.autotune.DB2DATA.getAllIndexes()" is null


===== Query 881 =====

SQL: SELECT S_QUANTITY, S_DATA, S_DIST_01, S_DIST_02, S_DIST_03, S_DIST_04, S_DIST_05, S_DIST_06, S_DIST_07, S_DIST_08, S_DIST_09, S_DIST_10 FROM STOCK WHERE S_I_ID = 19911 AND S_W_ID = 1

EXPLAIN Plan:

Index Scan using stock_pkey on stock  (cost=0.42..8.44 rows=1 width=291) (actual time=1.058..1.060 rows=1 loops=1)

  Index Cond: ((s_w_id = 1) AND (s_i_id = 19911))

Planning Time: 0.090 ms

Execution Time: 1.082 ms
Failed SQL 881: SELECT S_QUANTITY, S_DATA, S_DIST_01, S_DIST_02, S_DIST_03, S_DIST_04, S_DIST_05, S_DIST_06, S_DIST_07, S_DIST_08, S_DIST_09, S_DIST_10 FROM STOCK WHERE S_I_ID = 19911 AND S_W_ID = 1
Error Message: Cannot invoke "java.util.List.get(int)" because the return value of "sg.edu.nus.autotune.DB2DATA.getAllIndexes()" is null


===== Query 882 =====

SQL: UPDATE STOCK SET S_QUANTITY = 27, S_YTD = S_YTD + 1, S_ORDER_CNT = S_ORDER_CNT + 1, S_REMOTE_CNT = S_REMOTE_CNT + 0 WHERE S_I_ID = 19911 AND S_W_ID = 1

EXPLAIN Plan:

Update on stock  (cost=0.42..8.45 rows=0 width=0) (actual time=0.090..0.090 rows=0 loops=1)

  ->  Index Scan using stock_pkey on stock  (cost=0.42..8.45 rows=1 width=32) (actual time=0.023..0.025 rows=1 loops=1)

        Index Cond: ((s_w_id = 1) AND (s_i_id = 19911))

Planning Time: 0.099 ms

Execution Time: 0.122 ms
Failed SQL 882: UPDATE STOCK SET S_QUANTITY = 27, S_YTD = S_YTD + 1, S_ORDER_CNT = S_ORDER_CNT + 1, S_REMOTE_CNT = S_REMOTE_CNT + 0 WHERE S_I_ID = 19911 AND S_W_ID = 1
Error Message: Cannot invoke "java.util.List.get(int)" because the return value of "sg.edu.nus.autotune.DB2DATA.getAllIndexes()" is null


===== Query 883 =====

SQL: SELECT I_PRICE, I_NAME , I_DATA FROM ITEM WHERE I_ID = 71143

EXPLAIN Plan:

Index Scan using item_pkey on item  (cost=0.29..8.31 rows=1 width=61) (actual time=0.819..0.821 rows=1 loops=1)

  Index Cond: (i_id = 71143)

Planning Time: 0.069 ms

Execution Time: 0.840 ms
Failed SQL 883: SELECT I_PRICE, I_NAME , I_DATA FROM ITEM WHERE I_ID = 71143
Error Message: Cannot invoke "java.util.List.get(int)" because the return value of "sg.edu.nus.autotune.DB2DATA.getAllIndexes()" is null


===== Query 884 =====

SQL: SELECT S_QUANTITY, S_DATA, S_DIST_01, S_DIST_02, S_DIST_03, S_DIST_04, S_DIST_05, S_DIST_06, S_DIST_07, S_DIST_08, S_DIST_09, S_DIST_10 FROM STOCK WHERE S_I_ID = 71143 AND S_W_ID = 1

EXPLAIN Plan:

Index Scan using stock_pkey on stock  (cost=0.42..8.44 rows=1 width=291) (actual time=0.860..0.862 rows=1 loops=1)

  Index Cond: ((s_w_id = 1) AND (s_i_id = 71143))

Planning Time: 0.097 ms

Execution Time: 0.885 ms
Failed SQL 884: SELECT S_QUANTITY, S_DATA, S_DIST_01, S_DIST_02, S_DIST_03, S_DIST_04, S_DIST_05, S_DIST_06, S_DIST_07, S_DIST_08, S_DIST_09, S_DIST_10 FROM STOCK WHERE S_I_ID = 71143 AND S_W_ID = 1
Error Message: Cannot invoke "java.util.List.get(int)" because the return value of "sg.edu.nus.autotune.DB2DATA.getAllIndexes()" is null


===== Query 885 =====

SQL: UPDATE STOCK SET S_QUANTITY = 63, S_YTD = S_YTD + 1, S_ORDER_CNT = S_ORDER_CNT + 1, S_REMOTE_CNT = S_REMOTE_CNT + 0 WHERE S_I_ID = 71143 AND S_W_ID = 1

EXPLAIN Plan:

Update on stock  (cost=0.42..8.45 rows=0 width=0) (actual time=0.078..0.078 rows=0 loops=1)

  ->  Index Scan using stock_pkey on stock  (cost=0.42..8.45 rows=1 width=32) (actual time=0.025..0.026 rows=1 loops=1)

        Index Cond: ((s_w_id = 1) AND (s_i_id = 71143))

Planning Time: 0.104 ms

Execution Time: 0.105 ms
Failed SQL 885: UPDATE STOCK SET S_QUANTITY = 63, S_YTD = S_YTD + 1, S_ORDER_CNT = S_ORDER_CNT + 1, S_REMOTE_CNT = S_REMOTE_CNT + 0 WHERE S_I_ID = 71143 AND S_W_ID = 1
Error Message: Cannot invoke "java.util.List.get(int)" because the return value of "sg.edu.nus.autotune.DB2DATA.getAllIndexes()" is null


===== Query 886 =====

SQL: SELECT I_PRICE, I_NAME , I_DATA FROM ITEM WHERE I_ID = 81635

EXPLAIN Plan:

Index Scan using item_pkey on item  (cost=0.29..8.31 rows=1 width=61) (actual time=0.039..0.040 rows=1 loops=1)

  Index Cond: (i_id = 81635)

Planning Time: 0.070 ms

Execution Time: 0.058 ms
Failed SQL 886: SELECT I_PRICE, I_NAME , I_DATA FROM ITEM WHERE I_ID = 81635
Error Message: Cannot invoke "java.util.List.get(int)" because the return value of "sg.edu.nus.autotune.DB2DATA.getAllIndexes()" is null


===== Query 887 =====

SQL: SELECT S_QUANTITY, S_DATA, S_DIST_01, S_DIST_02, S_DIST_03, S_DIST_04, S_DIST_05, S_DIST_06, S_DIST_07, S_DIST_08, S_DIST_09, S_DIST_10 FROM STOCK WHERE S_I_ID = 81635 AND S_W_ID = 1

EXPLAIN Plan:

Index Scan using stock_pkey on stock  (cost=0.42..8.44 rows=1 width=291) (actual time=0.042..0.043 rows=1 loops=1)

  Index Cond: ((s_w_id = 1) AND (s_i_id = 81635))

Planning Time: 0.088 ms

Execution Time: 0.065 ms
Failed SQL 887: SELECT S_QUANTITY, S_DATA, S_DIST_01, S_DIST_02, S_DIST_03, S_DIST_04, S_DIST_05, S_DIST_06, S_DIST_07, S_DIST_08, S_DIST_09, S_DIST_10 FROM STOCK WHERE S_I_ID = 81635 AND S_W_ID = 1
Error Message: Cannot invoke "java.util.List.get(int)" because the return value of "sg.edu.nus.autotune.DB2DATA.getAllIndexes()" is null


===== Query 888 =====

SQL: UPDATE STOCK SET S_QUANTITY = 82, S_YTD = S_YTD + 1, S_ORDER_CNT = S_ORDER_CNT + 1, S_REMOTE_CNT = S_REMOTE_CNT + 0 WHERE S_I_ID = 81635 AND S_W_ID = 1

EXPLAIN Plan:

Update on stock  (cost=0.42..8.45 rows=0 width=0) (actual time=0.056..0.057 rows=0 loops=1)

  ->  Index Scan using stock_pkey on stock  (cost=0.42..8.45 rows=1 width=32) (actual time=0.024..0.026 rows=1 loops=1)

        Index Cond: ((s_w_id = 1) AND (s_i_id = 81635))

Planning Time: 0.102 ms

Execution Time: 0.084 ms
Failed SQL 888: UPDATE STOCK SET S_QUANTITY = 82, S_YTD = S_YTD + 1, S_ORDER_CNT = S_ORDER_CNT + 1, S_REMOTE_CNT = S_REMOTE_CNT + 0 WHERE S_I_ID = 81635 AND S_W_ID = 1
Error Message: Cannot invoke "java.util.List.get(int)" because the return value of "sg.edu.nus.autotune.DB2DATA.getAllIndexes()" is null


===== Query 889 =====

SQL: SELECT I_PRICE, I_NAME , I_DATA FROM ITEM WHERE I_ID = 29779

EXPLAIN Plan:

Index Scan using item_pkey on item  (cost=0.29..8.31 rows=1 width=61) (actual time=0.505..0.507 rows=1 loops=1)

  Index Cond: (i_id = 29779)

Planning Time: 0.068 ms

Execution Time: 0.525 ms
Failed SQL 889: SELECT I_PRICE, I_NAME , I_DATA FROM ITEM WHERE I_ID = 29779
Error Message: Cannot invoke "java.util.List.get(int)" because the return value of "sg.edu.nus.autotune.DB2DATA.getAllIndexes()" is null


===== Query 890 =====

SQL: SELECT S_QUANTITY, S_DATA, S_DIST_01, S_DIST_02, S_DIST_03, S_DIST_04, S_DIST_05, S_DIST_06, S_DIST_07, S_DIST_08, S_DIST_09, S_DIST_10 FROM STOCK WHERE S_I_ID = 29779 AND S_W_ID = 1

EXPLAIN Plan:

Index Scan using stock_pkey on stock  (cost=0.42..8.44 rows=1 width=291) (actual time=1.040..1.042 rows=1 loops=1)

  Index Cond: ((s_w_id = 1) AND (s_i_id = 29779))

Planning Time: 0.092 ms

Execution Time: 1.064 ms
Failed SQL 890: SELECT S_QUANTITY, S_DATA, S_DIST_01, S_DIST_02, S_DIST_03, S_DIST_04, S_DIST_05, S_DIST_06, S_DIST_07, S_DIST_08, S_DIST_09, S_DIST_10 FROM STOCK WHERE S_I_ID = 29779 AND S_W_ID = 1
Error Message: Cannot invoke "java.util.List.get(int)" because the return value of "sg.edu.nus.autotune.DB2DATA.getAllIndexes()" is null


===== Query 891 =====

SQL: UPDATE STOCK SET S_QUANTITY = 53, S_YTD = S_YTD + 3, S_ORDER_CNT = S_ORDER_CNT + 1, S_REMOTE_CNT = S_REMOTE_CNT + 0 WHERE S_I_ID = 29779 AND S_W_ID = 1

EXPLAIN Plan:

Update on stock  (cost=0.42..8.45 rows=0 width=0) (actual time=0.086..0.087 rows=0 loops=1)

  ->  Index Scan using stock_pkey on stock  (cost=0.42..8.45 rows=1 width=32) (actual time=0.023..0.024 rows=1 loops=1)

        Index Cond: ((s_w_id = 1) AND (s_i_id = 29779))

Planning Time: 0.104 ms

Execution Time: 0.113 ms
Failed SQL 891: UPDATE STOCK SET S_QUANTITY = 53, S_YTD = S_YTD + 3, S_ORDER_CNT = S_ORDER_CNT + 1, S_REMOTE_CNT = S_REMOTE_CNT + 0 WHERE S_I_ID = 29779 AND S_W_ID = 1
Error Message: Cannot invoke "java.util.List.get(int)" because the return value of "sg.edu.nus.autotune.DB2DATA.getAllIndexes()" is null


===== Query 892 =====

SQL: SELECT I_PRICE, I_NAME , I_DATA FROM ITEM WHERE I_ID = 48634

EXPLAIN Plan:

Index Scan using item_pkey on item  (cost=0.29..8.31 rows=1 width=61) (actual time=0.036..0.037 rows=1 loops=1)

  Index Cond: (i_id = 48634)

Planning Time: 0.074 ms

Execution Time: 0.053 ms
Failed SQL 892: SELECT I_PRICE, I_NAME , I_DATA FROM ITEM WHERE I_ID = 48634
Error Message: Cannot invoke "java.util.List.get(int)" because the return value of "sg.edu.nus.autotune.DB2DATA.getAllIndexes()" is null


===== Query 893 =====

SQL: SELECT S_QUANTITY, S_DATA, S_DIST_01, S_DIST_02, S_DIST_03, S_DIST_04, S_DIST_05, S_DIST_06, S_DIST_07, S_DIST_08, S_DIST_09, S_DIST_10 FROM STOCK WHERE S_I_ID = 48634 AND S_W_ID = 1

EXPLAIN Plan:

Index Scan using stock_pkey on stock  (cost=0.42..8.44 rows=1 width=291) (actual time=0.835..0.837 rows=1 loops=1)

  Index Cond: ((s_w_id = 1) AND (s_i_id = 48634))

Planning Time: 0.089 ms

Execution Time: 0.861 ms
Failed SQL 893: SELECT S_QUANTITY, S_DATA, S_DIST_01, S_DIST_02, S_DIST_03, S_DIST_04, S_DIST_05, S_DIST_06, S_DIST_07, S_DIST_08, S_DIST_09, S_DIST_10 FROM STOCK WHERE S_I_ID = 48634 AND S_W_ID = 1
Error Message: Cannot invoke "java.util.List.get(int)" because the return value of "sg.edu.nus.autotune.DB2DATA.getAllIndexes()" is null


===== Query 894 =====

SQL: UPDATE STOCK SET S_QUANTITY = 65, S_YTD = S_YTD + 7, S_ORDER_CNT = S_ORDER_CNT + 1, S_REMOTE_CNT = S_REMOTE_CNT + 0 WHERE S_I_ID = 48634 AND S_W_ID = 1

EXPLAIN Plan:

Update on stock  (cost=0.42..8.45 rows=0 width=0) (actual time=0.056..0.056 rows=0 loops=1)

  ->  Index Scan using stock_pkey on stock  (cost=0.42..8.45 rows=1 width=32) (actual time=0.024..0.025 rows=1 loops=1)

        Index Cond: ((s_w_id = 1) AND (s_i_id = 48634))

Planning Time: 0.101 ms

Execution Time: 0.083 ms
Failed SQL 894: UPDATE STOCK SET S_QUANTITY = 65, S_YTD = S_YTD + 7, S_ORDER_CNT = S_ORDER_CNT + 1, S_REMOTE_CNT = S_REMOTE_CNT + 0 WHERE S_I_ID = 48634 AND S_W_ID = 1
Error Message: Cannot invoke "java.util.List.get(int)" because the return value of "sg.edu.nus.autotune.DB2DATA.getAllIndexes()" is null


===== Query 895 =====

SQL: SELECT C_DISCOUNT, C_LAST, C_CREDIT, W_TAX FROM CUSTOMER, WAREHOUSE WHERE W_ID = 1 AND C_W_ID = 1 AND C_D_ID = 7 AND C_ID = 1150

EXPLAIN Plan:

Nested Loop  (cost=4.56..16.61 rows=1 width=26) (actual time=1.225..1.227 rows=1 loops=1)

  ->  Index Scan using customer_pkey on customer  (cost=0.42..8.44 rows=1 width=21) (actual time=1.206..1.206 rows=1 loops=1)

        Index Cond: ((c_w_id = 1) AND (c_d_id = 7) AND (c_id = 1150))

  ->  Bitmap Heap Scan on warehouse  (cost=4.14..8.15 rows=1 width=5) (actual time=0.009..0.009 rows=1 loops=1)

        Recheck Cond: (w_id = 1)

        Heap Blocks: exact=1

        ->  Bitmap Index Scan on warehouse_pkey  (cost=0.00..4.14 rows=1 width=0) (actual time=0.005..0.005 rows=1 loops=1)

              Index Cond: (w_id = 1)

Planning Time: 0.139 ms

Execution Time: 1.264 ms
Failed SQL 895: SELECT C_DISCOUNT, C_LAST, C_CREDIT, W_TAX FROM CUSTOMER, WAREHOUSE WHERE W_ID = 1 AND C_W_ID = 1 AND C_D_ID = 7 AND C_ID = 1150
Error Message: Cannot invoke "java.util.List.get(int)" because the return value of "sg.edu.nus.autotune.DB2DATA.getAllIndexes()" is null


===== Query 896 =====

SQL: SELECT D_NEXT_O_ID, D_TAX FROM DISTRICT WHERE D_W_ID = 1 AND D_ID = 7

EXPLAIN Plan:

Bitmap Heap Scan on district  (cost=4.28..11.66 rows=2 width=9) (actual time=0.020..0.021 rows=1 loops=1)

  Recheck Cond: ((d_w_id = 1) AND (d_id = 7))

  Heap Blocks: exact=1

  ->  Bitmap Index Scan on district_pkey  (cost=0.00..4.28 rows=2 width=0) (actual time=0.011..0.011 rows=1 loops=1)

        Index Cond: ((d_w_id = 1) AND (d_id = 7))

Planning Time: 0.085 ms

Execution Time: 0.046 ms
Failed SQL 896: SELECT D_NEXT_O_ID, D_TAX FROM DISTRICT WHERE D_W_ID = 1 AND D_ID = 7
Error Message: Cannot invoke "java.util.List.get(int)" because the return value of "sg.edu.nus.autotune.DB2DATA.getAllIndexes()" is null


===== Query 897 =====

SQL: UPDATE DISTRICT SET D_NEXT_O_ID = D_NEXT_O_ID + 1 WHERE D_W_ID = 1 AND D_ID = 7

EXPLAIN Plan:

Update on district  (cost=4.28..11.67 rows=0 width=0) (actual time=0.073..0.074 rows=0 loops=1)

  ->  Bitmap Heap Scan on district  (cost=4.28..11.67 rows=2 width=10) (actual time=0.019..0.020 rows=1 loops=1)

        Recheck Cond: ((d_w_id = 1) AND (d_id = 7))

        Heap Blocks: exact=1

        ->  Bitmap Index Scan on district_pkey  (cost=0.00..4.28 rows=2 width=0) (actual time=0.011..0.011 rows=1 loops=1)

              Index Cond: ((d_w_id = 1) AND (d_id = 7))

Planning Time: 0.087 ms

Execution Time: 0.106 ms
Failed SQL 897: UPDATE DISTRICT SET D_NEXT_O_ID = D_NEXT_O_ID + 1 WHERE D_W_ID = 1 AND D_ID = 7
Error Message: Cannot invoke "java.util.List.get(int)" because the return value of "sg.edu.nus.autotune.DB2DATA.getAllIndexes()" is null


===== Query 898 =====

SQL: SELECT I_PRICE, I_NAME , I_DATA FROM ITEM WHERE I_ID = 19041

EXPLAIN Plan:

Index Scan using item_pkey on item  (cost=0.29..8.31 rows=1 width=61) (actual time=1.054..1.057 rows=1 loops=1)

  Index Cond: (i_id = 19041)

Planning Time: 0.075 ms

Execution Time: 1.075 ms
Failed SQL 898: SELECT I_PRICE, I_NAME , I_DATA FROM ITEM WHERE I_ID = 19041
Error Message: Cannot invoke "java.util.List.get(int)" because the return value of "sg.edu.nus.autotune.DB2DATA.getAllIndexes()" is null


===== Query 899 =====

SQL: SELECT S_QUANTITY, S_DATA, S_DIST_01, S_DIST_02, S_DIST_03, S_DIST_04, S_DIST_05, S_DIST_06, S_DIST_07, S_DIST_08, S_DIST_09, S_DIST_10 FROM STOCK WHERE S_I_ID = 19041 AND S_W_ID = 1

EXPLAIN Plan:

Index Scan using stock_pkey on stock  (cost=0.42..8.44 rows=1 width=291) (actual time=1.186..1.188 rows=1 loops=1)

  Index Cond: ((s_w_id = 1) AND (s_i_id = 19041))

Planning Time: 0.091 ms

Execution Time: 1.209 ms
Failed SQL 899: SELECT S_QUANTITY, S_DATA, S_DIST_01, S_DIST_02, S_DIST_03, S_DIST_04, S_DIST_05, S_DIST_06, S_DIST_07, S_DIST_08, S_DIST_09, S_DIST_10 FROM STOCK WHERE S_I_ID = 19041 AND S_W_ID = 1
Error Message: Cannot invoke "java.util.List.get(int)" because the return value of "sg.edu.nus.autotune.DB2DATA.getAllIndexes()" is null


===== Query 900 =====

SQL: UPDATE STOCK SET S_QUANTITY = 74, S_YTD = S_YTD + 4, S_ORDER_CNT = S_ORDER_CNT + 1, S_REMOTE_CNT = S_REMOTE_CNT + 0 WHERE S_I_ID = 19041 AND S_W_ID = 1

EXPLAIN Plan:

Update on stock  (cost=0.42..8.45 rows=0 width=0) (actual time=0.059..0.059 rows=0 loops=1)

  ->  Index Scan using stock_pkey on stock  (cost=0.42..8.45 rows=1 width=32) (actual time=0.024..0.025 rows=1 loops=1)

        Index Cond: ((s_w_id = 1) AND (s_i_id = 19041))

Planning Time: 0.099 ms

Execution Time: 0.087 ms
Failed SQL 900: UPDATE STOCK SET S_QUANTITY = 74, S_YTD = S_YTD + 4, S_ORDER_CNT = S_ORDER_CNT + 1, S_REMOTE_CNT = S_REMOTE_CNT + 0 WHERE S_I_ID = 19041 AND S_W_ID = 1
Error Message: Cannot invoke "java.util.List.get(int)" because the return value of "sg.edu.nus.autotune.DB2DATA.getAllIndexes()" is null


===== Query 901 =====

SQL: SELECT I_PRICE, I_NAME , I_DATA FROM ITEM WHERE I_ID = 15463

EXPLAIN Plan:

Index Scan using item_pkey on item  (cost=0.29..8.31 rows=1 width=61) (actual time=0.828..0.831 rows=1 loops=1)

  Index Cond: (i_id = 15463)

Planning Time: 0.070 ms

Execution Time: 0.848 ms
Failed SQL 901: SELECT I_PRICE, I_NAME , I_DATA FROM ITEM WHERE I_ID = 15463
Error Message: Cannot invoke "java.util.List.get(int)" because the return value of "sg.edu.nus.autotune.DB2DATA.getAllIndexes()" is null


===== Query 902 =====

SQL: SELECT S_QUANTITY, S_DATA, S_DIST_01, S_DIST_02, S_DIST_03, S_DIST_04, S_DIST_05, S_DIST_06, S_DIST_07, S_DIST_08, S_DIST_09, S_DIST_10 FROM STOCK WHERE S_I_ID = 15463 AND S_W_ID = 1

EXPLAIN Plan:

Index Scan using stock_pkey on stock  (cost=0.42..8.44 rows=1 width=291) (actual time=0.845..0.847 rows=1 loops=1)

  Index Cond: ((s_w_id = 1) AND (s_i_id = 15463))

Planning Time: 0.095 ms

Execution Time: 0.869 ms
Failed SQL 902: SELECT S_QUANTITY, S_DATA, S_DIST_01, S_DIST_02, S_DIST_03, S_DIST_04, S_DIST_05, S_DIST_06, S_DIST_07, S_DIST_08, S_DIST_09, S_DIST_10 FROM STOCK WHERE S_I_ID = 15463 AND S_W_ID = 1
Error Message: Cannot invoke "java.util.List.get(int)" because the return value of "sg.edu.nus.autotune.DB2DATA.getAllIndexes()" is null


===== Query 903 =====

SQL: UPDATE STOCK SET S_QUANTITY = 86, S_YTD = S_YTD + 7, S_ORDER_CNT = S_ORDER_CNT + 1, S_REMOTE_CNT = S_REMOTE_CNT + 0 WHERE S_I_ID = 15463 AND S_W_ID = 1

EXPLAIN Plan:

Update on stock  (cost=0.42..8.45 rows=0 width=0) (actual time=0.076..0.077 rows=0 loops=1)

  ->  Index Scan using stock_pkey on stock  (cost=0.42..8.45 rows=1 width=32) (actual time=0.024..0.026 rows=1 loops=1)

        Index Cond: ((s_w_id = 1) AND (s_i_id = 15463))

Planning Time: 0.099 ms

Execution Time: 0.103 ms
Failed SQL 903: UPDATE STOCK SET S_QUANTITY = 86, S_YTD = S_YTD + 7, S_ORDER_CNT = S_ORDER_CNT + 1, S_REMOTE_CNT = S_REMOTE_CNT + 0 WHERE S_I_ID = 15463 AND S_W_ID = 1
Error Message: Cannot invoke "java.util.List.get(int)" because the return value of "sg.edu.nus.autotune.DB2DATA.getAllIndexes()" is null


===== Query 904 =====

SQL: SELECT I_PRICE, I_NAME , I_DATA FROM ITEM WHERE I_ID = 87779

EXPLAIN Plan:

Index Scan using item_pkey on item  (cost=0.29..8.31 rows=1 width=61) (actual time=0.813..0.815 rows=1 loops=1)

  Index Cond: (i_id = 87779)

Planning Time: 0.076 ms

Execution Time: 0.833 ms
Failed SQL 904: SELECT I_PRICE, I_NAME , I_DATA FROM ITEM WHERE I_ID = 87779
Error Message: Cannot invoke "java.util.List.get(int)" because the return value of "sg.edu.nus.autotune.DB2DATA.getAllIndexes()" is null


===== Query 905 =====

SQL: SELECT S_QUANTITY, S_DATA, S_DIST_01, S_DIST_02, S_DIST_03, S_DIST_04, S_DIST_05, S_DIST_06, S_DIST_07, S_DIST_08, S_DIST_09, S_DIST_10 FROM STOCK WHERE S_I_ID = 87779 AND S_W_ID = 1

EXPLAIN Plan:

Index Scan using stock_pkey on stock  (cost=0.42..8.44 rows=1 width=291) (actual time=0.859..0.861 rows=1 loops=1)

  Index Cond: ((s_w_id = 1) AND (s_i_id = 87779))

Planning Time: 0.091 ms

Execution Time: 0.883 ms
Failed SQL 905: SELECT S_QUANTITY, S_DATA, S_DIST_01, S_DIST_02, S_DIST_03, S_DIST_04, S_DIST_05, S_DIST_06, S_DIST_07, S_DIST_08, S_DIST_09, S_DIST_10 FROM STOCK WHERE S_I_ID = 87779 AND S_W_ID = 1
Error Message: Cannot invoke "java.util.List.get(int)" because the return value of "sg.edu.nus.autotune.DB2DATA.getAllIndexes()" is null


===== Query 906 =====

SQL: UPDATE STOCK SET S_QUANTITY = 45, S_YTD = S_YTD + 2, S_ORDER_CNT = S_ORDER_CNT + 1, S_REMOTE_CNT = S_REMOTE_CNT + 0 WHERE S_I_ID = 87779 AND S_W_ID = 1

EXPLAIN Plan:

Update on stock  (cost=0.42..8.45 rows=0 width=0) (actual time=0.059..0.060 rows=0 loops=1)

  ->  Index Scan using stock_pkey on stock  (cost=0.42..8.45 rows=1 width=32) (actual time=0.025..0.026 rows=1 loops=1)

        Index Cond: ((s_w_id = 1) AND (s_i_id = 87779))

Planning Time: 0.100 ms

Execution Time: 0.087 ms
Failed SQL 906: UPDATE STOCK SET S_QUANTITY = 45, S_YTD = S_YTD + 2, S_ORDER_CNT = S_ORDER_CNT + 1, S_REMOTE_CNT = S_REMOTE_CNT + 0 WHERE S_I_ID = 87779 AND S_W_ID = 1
Error Message: Cannot invoke "java.util.List.get(int)" because the return value of "sg.edu.nus.autotune.DB2DATA.getAllIndexes()" is null


===== Query 907 =====

SQL: SELECT I_PRICE, I_NAME , I_DATA FROM ITEM WHERE I_ID = 89703

EXPLAIN Plan:

Index Scan using item_pkey on item  (cost=0.29..8.31 rows=1 width=61) (actual time=0.831..0.833 rows=1 loops=1)

  Index Cond: (i_id = 89703)

Planning Time: 0.073 ms

Execution Time: 0.851 ms
Failed SQL 907: SELECT I_PRICE, I_NAME , I_DATA FROM ITEM WHERE I_ID = 89703
Error Message: Cannot invoke "java.util.List.get(int)" because the return value of "sg.edu.nus.autotune.DB2DATA.getAllIndexes()" is null


===== Query 908 =====

SQL: SELECT S_QUANTITY, S_DATA, S_DIST_01, S_DIST_02, S_DIST_03, S_DIST_04, S_DIST_05, S_DIST_06, S_DIST_07, S_DIST_08, S_DIST_09, S_DIST_10 FROM STOCK WHERE S_I_ID = 89703 AND S_W_ID = 1

EXPLAIN Plan:

Index Scan using stock_pkey on stock  (cost=0.42..8.44 rows=1 width=291) (actual time=0.831..0.834 rows=1 loops=1)

  Index Cond: ((s_w_id = 1) AND (s_i_id = 89703))

Planning Time: 0.091 ms

Execution Time: 0.856 ms
Failed SQL 908: SELECT S_QUANTITY, S_DATA, S_DIST_01, S_DIST_02, S_DIST_03, S_DIST_04, S_DIST_05, S_DIST_06, S_DIST_07, S_DIST_08, S_DIST_09, S_DIST_10 FROM STOCK WHERE S_I_ID = 89703 AND S_W_ID = 1
Error Message: Cannot invoke "java.util.List.get(int)" because the return value of "sg.edu.nus.autotune.DB2DATA.getAllIndexes()" is null


===== Query 909 =====

SQL: UPDATE STOCK SET S_QUANTITY = 59, S_YTD = S_YTD + 7, S_ORDER_CNT = S_ORDER_CNT + 1, S_REMOTE_CNT = S_REMOTE_CNT + 0 WHERE S_I_ID = 89703 AND S_W_ID = 1

EXPLAIN Plan:

Update on stock  (cost=0.42..8.45 rows=0 width=0) (actual time=0.114..0.114 rows=0 loops=1)

  ->  Index Scan using stock_pkey on stock  (cost=0.42..8.45 rows=1 width=32) (actual time=0.024..0.026 rows=1 loops=1)

        Index Cond: ((s_w_id = 1) AND (s_i_id = 89703))

Planning Time: 0.096 ms

Execution Time: 0.141 ms
Failed SQL 909: UPDATE STOCK SET S_QUANTITY = 59, S_YTD = S_YTD + 7, S_ORDER_CNT = S_ORDER_CNT + 1, S_REMOTE_CNT = S_REMOTE_CNT + 0 WHERE S_I_ID = 89703 AND S_W_ID = 1
Error Message: Cannot invoke "java.util.List.get(int)" because the return value of "sg.edu.nus.autotune.DB2DATA.getAllIndexes()" is null


===== Query 910 =====

SQL: SELECT I_PRICE, I_NAME , I_DATA FROM ITEM WHERE I_ID = 91843

EXPLAIN Plan:

Index Scan using item_pkey on item  (cost=0.29..8.31 rows=1 width=61) (actual time=1.035..1.037 rows=1 loops=1)

  Index Cond: (i_id = 91843)

Planning Time: 0.068 ms

Execution Time: 1.055 ms
Failed SQL 910: SELECT I_PRICE, I_NAME , I_DATA FROM ITEM WHERE I_ID = 91843
Error Message: Cannot invoke "java.util.List.get(int)" because the return value of "sg.edu.nus.autotune.DB2DATA.getAllIndexes()" is null


===== Query 911 =====

SQL: SELECT S_QUANTITY, S_DATA, S_DIST_01, S_DIST_02, S_DIST_03, S_DIST_04, S_DIST_05, S_DIST_06, S_DIST_07, S_DIST_08, S_DIST_09, S_DIST_10 FROM STOCK WHERE S_I_ID = 91843 AND S_W_ID = 1

EXPLAIN Plan:

Index Scan using stock_pkey on stock  (cost=0.42..8.44 rows=1 width=291) (actual time=1.062..1.064 rows=1 loops=1)

  Index Cond: ((s_w_id = 1) AND (s_i_id = 91843))

Planning Time: 0.096 ms

Execution Time: 1.086 ms
Failed SQL 911: SELECT S_QUANTITY, S_DATA, S_DIST_01, S_DIST_02, S_DIST_03, S_DIST_04, S_DIST_05, S_DIST_06, S_DIST_07, S_DIST_08, S_DIST_09, S_DIST_10 FROM STOCK WHERE S_I_ID = 91843 AND S_W_ID = 1
Error Message: Cannot invoke "java.util.List.get(int)" because the return value of "sg.edu.nus.autotune.DB2DATA.getAllIndexes()" is null


===== Query 912 =====

SQL: UPDATE STOCK SET S_QUANTITY = 39, S_YTD = S_YTD + 8, S_ORDER_CNT = S_ORDER_CNT + 1, S_REMOTE_CNT = S_REMOTE_CNT + 0 WHERE S_I_ID = 91843 AND S_W_ID = 1

EXPLAIN Plan:

Update on stock  (cost=0.42..8.45 rows=0 width=0) (actual time=0.074..0.075 rows=0 loops=1)

  ->  Index Scan using stock_pkey on stock  (cost=0.42..8.45 rows=1 width=32) (actual time=0.024..0.025 rows=1 loops=1)

        Index Cond: ((s_w_id = 1) AND (s_i_id = 91843))

Planning Time: 0.099 ms

Execution Time: 0.102 ms
Failed SQL 912: UPDATE STOCK SET S_QUANTITY = 39, S_YTD = S_YTD + 8, S_ORDER_CNT = S_ORDER_CNT + 1, S_REMOTE_CNT = S_REMOTE_CNT + 0 WHERE S_I_ID = 91843 AND S_W_ID = 1
Error Message: Cannot invoke "java.util.List.get(int)" because the return value of "sg.edu.nus.autotune.DB2DATA.getAllIndexes()" is null


===== Query 913 =====

SQL: SELECT I_PRICE, I_NAME , I_DATA FROM ITEM WHERE I_ID = 3783

EXPLAIN Plan:

Index Scan using item_pkey on item  (cost=0.29..8.31 rows=1 width=61) (actual time=1.155..1.157 rows=1 loops=1)

  Index Cond: (i_id = 3783)

Planning Time: 0.070 ms

Execution Time: 1.175 ms
Failed SQL 913: SELECT I_PRICE, I_NAME , I_DATA FROM ITEM WHERE I_ID = 3783
Error Message: Cannot invoke "java.util.List.get(int)" because the return value of "sg.edu.nus.autotune.DB2DATA.getAllIndexes()" is null


===== Query 914 =====

SQL: SELECT S_QUANTITY, S_DATA, S_DIST_01, S_DIST_02, S_DIST_03, S_DIST_04, S_DIST_05, S_DIST_06, S_DIST_07, S_DIST_08, S_DIST_09, S_DIST_10 FROM STOCK WHERE S_I_ID = 3783 AND S_W_ID = 1

EXPLAIN Plan:

Index Scan using stock_pkey on stock  (cost=0.42..8.44 rows=1 width=291) (actual time=1.187..1.189 rows=1 loops=1)

  Index Cond: ((s_w_id = 1) AND (s_i_id = 3783))

Planning Time: 0.092 ms

Execution Time: 1.211 ms
Failed SQL 914: SELECT S_QUANTITY, S_DATA, S_DIST_01, S_DIST_02, S_DIST_03, S_DIST_04, S_DIST_05, S_DIST_06, S_DIST_07, S_DIST_08, S_DIST_09, S_DIST_10 FROM STOCK WHERE S_I_ID = 3783 AND S_W_ID = 1
Error Message: Cannot invoke "java.util.List.get(int)" because the return value of "sg.edu.nus.autotune.DB2DATA.getAllIndexes()" is null


===== Query 915 =====

SQL: UPDATE STOCK SET S_QUANTITY = 95, S_YTD = S_YTD + 5, S_ORDER_CNT = S_ORDER_CNT + 1, S_REMOTE_CNT = S_REMOTE_CNT + 0 WHERE S_I_ID = 3783 AND S_W_ID = 1

EXPLAIN Plan:

Update on stock  (cost=0.42..8.45 rows=0 width=0) (actual time=0.086..0.087 rows=0 loops=1)

  ->  Index Scan using stock_pkey on stock  (cost=0.42..8.45 rows=1 width=32) (actual time=0.025..0.027 rows=1 loops=1)

        Index Cond: ((s_w_id = 1) AND (s_i_id = 3783))

Planning Time: 0.098 ms

Execution Time: 0.114 ms
Failed SQL 915: UPDATE STOCK SET S_QUANTITY = 95, S_YTD = S_YTD + 5, S_ORDER_CNT = S_ORDER_CNT + 1, S_REMOTE_CNT = S_REMOTE_CNT + 0 WHERE S_I_ID = 3783 AND S_W_ID = 1
Error Message: Cannot invoke "java.util.List.get(int)" because the return value of "sg.edu.nus.autotune.DB2DATA.getAllIndexes()" is null


===== Query 916 =====

SQL: SELECT I_PRICE, I_NAME , I_DATA FROM ITEM WHERE I_ID = 24215

EXPLAIN Plan:

Index Scan using item_pkey on item  (cost=0.29..8.31 rows=1 width=61) (actual time=0.042..0.043 rows=1 loops=1)

  Index Cond: (i_id = 24215)

Planning Time: 0.071 ms

Execution Time: 0.060 ms
Failed SQL 916: SELECT I_PRICE, I_NAME , I_DATA FROM ITEM WHERE I_ID = 24215
Error Message: Cannot invoke "java.util.List.get(int)" because the return value of "sg.edu.nus.autotune.DB2DATA.getAllIndexes()" is null


===== Query 917 =====

SQL: SELECT S_QUANTITY, S_DATA, S_DIST_01, S_DIST_02, S_DIST_03, S_DIST_04, S_DIST_05, S_DIST_06, S_DIST_07, S_DIST_08, S_DIST_09, S_DIST_10 FROM STOCK WHERE S_I_ID = 24215 AND S_W_ID = 1

EXPLAIN Plan:

Index Scan using stock_pkey on stock  (cost=0.42..8.44 rows=1 width=291) (actual time=0.837..0.838 rows=1 loops=1)

  Index Cond: ((s_w_id = 1) AND (s_i_id = 24215))

Planning Time: 0.097 ms

Execution Time: 0.861 ms
Failed SQL 917: SELECT S_QUANTITY, S_DATA, S_DIST_01, S_DIST_02, S_DIST_03, S_DIST_04, S_DIST_05, S_DIST_06, S_DIST_07, S_DIST_08, S_DIST_09, S_DIST_10 FROM STOCK WHERE S_I_ID = 24215 AND S_W_ID = 1
Error Message: Cannot invoke "java.util.List.get(int)" because the return value of "sg.edu.nus.autotune.DB2DATA.getAllIndexes()" is null


===== Query 918 =====

SQL: UPDATE STOCK SET S_QUANTITY = 61, S_YTD = S_YTD + 2, S_ORDER_CNT = S_ORDER_CNT + 1, S_REMOTE_CNT = S_REMOTE_CNT + 0 WHERE S_I_ID = 24215 AND S_W_ID = 1

EXPLAIN Plan:

Update on stock  (cost=0.42..8.45 rows=0 width=0) (actual time=0.059..0.060 rows=0 loops=1)

  ->  Index Scan using stock_pkey on stock  (cost=0.42..8.45 rows=1 width=32) (actual time=0.024..0.025 rows=1 loops=1)

        Index Cond: ((s_w_id = 1) AND (s_i_id = 24215))

Planning Time: 0.098 ms

Execution Time: 0.087 ms
Failed SQL 918: UPDATE STOCK SET S_QUANTITY = 61, S_YTD = S_YTD + 2, S_ORDER_CNT = S_ORDER_CNT + 1, S_REMOTE_CNT = S_REMOTE_CNT + 0 WHERE S_I_ID = 24215 AND S_W_ID = 1
Error Message: Cannot invoke "java.util.List.get(int)" because the return value of "sg.edu.nus.autotune.DB2DATA.getAllIndexes()" is null


===== Query 919 =====

SQL: SELECT I_PRICE, I_NAME , I_DATA FROM ITEM WHERE I_ID = 56927

EXPLAIN Plan:

Index Scan using item_pkey on item  (cost=0.29..8.31 rows=1 width=61) (actual time=0.028..0.029 rows=1 loops=1)

  Index Cond: (i_id = 56927)

Planning Time: 0.069 ms

Execution Time: 0.046 ms
Failed SQL 919: SELECT I_PRICE, I_NAME , I_DATA FROM ITEM WHERE I_ID = 56927
Error Message: Cannot invoke "java.util.List.get(int)" because the return value of "sg.edu.nus.autotune.DB2DATA.getAllIndexes()" is null


===== Query 920 =====

SQL: SELECT S_QUANTITY, S_DATA, S_DIST_01, S_DIST_02, S_DIST_03, S_DIST_04, S_DIST_05, S_DIST_06, S_DIST_07, S_DIST_08, S_DIST_09, S_DIST_10 FROM STOCK WHERE S_I_ID = 56927 AND S_W_ID = 1

EXPLAIN Plan:

Index Scan using stock_pkey on stock  (cost=0.42..8.44 rows=1 width=291) (actual time=0.370..0.372 rows=1 loops=1)

  Index Cond: ((s_w_id = 1) AND (s_i_id = 56927))

Planning Time: 0.091 ms

Execution Time: 0.395 ms
Failed SQL 920: SELECT S_QUANTITY, S_DATA, S_DIST_01, S_DIST_02, S_DIST_03, S_DIST_04, S_DIST_05, S_DIST_06, S_DIST_07, S_DIST_08, S_DIST_09, S_DIST_10 FROM STOCK WHERE S_I_ID = 56927 AND S_W_ID = 1
Error Message: Cannot invoke "java.util.List.get(int)" because the return value of "sg.edu.nus.autotune.DB2DATA.getAllIndexes()" is null


===== Query 921 =====

SQL: UPDATE STOCK SET S_QUANTITY = 20, S_YTD = S_YTD + 9, S_ORDER_CNT = S_ORDER_CNT + 1, S_REMOTE_CNT = S_REMOTE_CNT + 0 WHERE S_I_ID = 56927 AND S_W_ID = 1

EXPLAIN Plan:

Update on stock  (cost=0.42..8.45 rows=0 width=0) (actual time=0.085..0.086 rows=0 loops=1)

  ->  Index Scan using stock_pkey on stock  (cost=0.42..8.45 rows=1 width=32) (actual time=0.025..0.027 rows=1 loops=1)

        Index Cond: ((s_w_id = 1) AND (s_i_id = 56927))

Planning Time: 0.128 ms

Execution Time: 0.116 ms
Failed SQL 921: UPDATE STOCK SET S_QUANTITY = 20, S_YTD = S_YTD + 9, S_ORDER_CNT = S_ORDER_CNT + 1, S_REMOTE_CNT = S_REMOTE_CNT + 0 WHERE S_I_ID = 56927 AND S_W_ID = 1
Error Message: Cannot invoke "java.util.List.get(int)" because the return value of "sg.edu.nus.autotune.DB2DATA.getAllIndexes()" is null


===== Query 922 =====

SQL: UPDATE WAREHOUSE SET W_YTD = W_YTD + 3962.9 WHERE W_ID = 1

EXPLAIN Plan:

Update on warehouse  (cost=4.14..8.16 rows=0 width=0) (actual time=0.060..0.061 rows=0 loops=1)

  ->  Bitmap Heap Scan on warehouse  (cost=4.14..8.16 rows=1 width=22) (actual time=0.018..0.019 rows=1 loops=1)

        Recheck Cond: (w_id = 1)

        Heap Blocks: exact=1

        ->  Bitmap Index Scan on warehouse_pkey  (cost=0.00..4.14 rows=1 width=0) (actual time=0.008..0.009 rows=1 loops=1)

              Index Cond: (w_id = 1)

Planning Time: 0.082 ms

Execution Time: 0.092 ms
Failed SQL 922: UPDATE WAREHOUSE SET W_YTD = W_YTD + 3962.9 WHERE W_ID = 1
Error Message: Cannot invoke "java.util.List.get(int)" because the return value of "sg.edu.nus.autotune.DB2DATA.getAllIndexes()" is null


===== Query 923 =====

SQL: SELECT W_STREET_1, W_STREET_2, W_CITY, W_STATE, W_ZIP, W_NAME FROM WAREHOUSE WHERE W_ID = 1

EXPLAIN Plan:

Bitmap Heap Scan on warehouse  (cost=4.14..8.15 rows=1 width=65) (actual time=0.012..0.013 rows=1 loops=1)

  Recheck Cond: (w_id = 1)

  Heap Blocks: exact=1

  ->  Bitmap Index Scan on warehouse_pkey  (cost=0.00..4.14 rows=1 width=0) (actual time=0.006..0.006 rows=1 loops=1)

        Index Cond: (w_id = 1)

Planning Time: 0.049 ms

Execution Time: 0.026 ms
Failed SQL 923: SELECT W_STREET_1, W_STREET_2, W_CITY, W_STATE, W_ZIP, W_NAME FROM WAREHOUSE WHERE W_ID = 1
Error Message: Cannot invoke "java.util.List.get(int)" because the return value of "sg.edu.nus.autotune.DB2DATA.getAllIndexes()" is null


===== Query 924 =====

SQL: UPDATE DISTRICT SET D_YTD = D_YTD + 3962.9 WHERE D_W_ID = 1 AND D_ID = 5

EXPLAIN Plan:

Update on district  (cost=4.28..11.67 rows=0 width=0) (actual time=0.053..0.054 rows=0 loops=1)

  ->  Bitmap Heap Scan on district  (cost=4.28..11.67 rows=2 width=22) (actual time=0.023..0.024 rows=1 loops=1)

        Recheck Cond: ((d_w_id = 1) AND (d_id = 5))

        Heap Blocks: exact=1

        ->  Bitmap Index Scan on district_pkey  (cost=0.00..4.28 rows=2 width=0) (actual time=0.011..0.011 rows=1 loops=1)

              Index Cond: ((d_w_id = 1) AND (d_id = 5))

Planning Time: 0.091 ms

Execution Time: 0.086 ms
Failed SQL 924: UPDATE DISTRICT SET D_YTD = D_YTD + 3962.9 WHERE D_W_ID = 1 AND D_ID = 5
Error Message: Cannot invoke "java.util.List.get(int)" because the return value of "sg.edu.nus.autotune.DB2DATA.getAllIndexes()" is null


===== Query 925 =====

SQL: SELECT D_STREET_1, D_STREET_2, D_CITY, D_STATE, D_ZIP, D_NAME FROM DISTRICT WHERE D_W_ID = 1 AND D_ID = 5

EXPLAIN Plan:

Bitmap Heap Scan on district  (cost=4.28..11.66 rows=2 width=64) (actual time=0.022..0.023 rows=1 loops=1)

  Recheck Cond: ((d_w_id = 1) AND (d_id = 5))

  Heap Blocks: exact=1

  ->  Bitmap Index Scan on district_pkey  (cost=0.00..4.28 rows=2 width=0) (actual time=0.011..0.011 rows=1 loops=1)

        Index Cond: ((d_w_id = 1) AND (d_id = 5))

Planning Time: 0.094 ms

Execution Time: 0.051 ms
Failed SQL 925: SELECT D_STREET_1, D_STREET_2, D_CITY, D_STATE, D_ZIP, D_NAME FROM DISTRICT WHERE D_W_ID = 1 AND D_ID = 5
Error Message: Cannot invoke "java.util.List.get(int)" because the return value of "sg.edu.nus.autotune.DB2DATA.getAllIndexes()" is null


===== Query 926 =====

SQL: SELECT C_FIRST, C_MIDDLE, C_LAST, C_STREET_1, C_STREET_2, C_CITY, C_STATE, C_ZIP, C_PHONE, C_CREDIT, C_CREDIT_LIM, C_DISCOUNT, C_BALANCE, C_YTD_PAYMENT, C_PAYMENT_CNT, C_SINCE FROM CUSTOMER WHERE C_W_ID = 1 AND C_D_ID = 5 AND C_ID = 203

EXPLAIN Plan:

Index Scan using customer_pkey on customer  (cost=0.42..8.44 rows=1 width=140) (actual time=0.025..0.026 rows=1 loops=1)

  Index Cond: ((c_w_id = 1) AND (c_d_id = 5) AND (c_id = 203))

Planning Time: 0.068 ms

Execution Time: 0.040 ms
Failed SQL 926: SELECT C_FIRST, C_MIDDLE, C_LAST, C_STREET_1, C_STREET_2, C_CITY, C_STATE, C_ZIP, C_PHONE, C_CREDIT, C_CREDIT_LIM, C_DISCOUNT, C_BALANCE, C_YTD_PAYMENT, C_PAYMENT_CNT, C_SINCE FROM CUSTOMER WHERE C_W_ID = 1 AND C_D_ID = 5 AND C_ID = 203
Error Message: Cannot invoke "java.util.List.get(int)" because the return value of "sg.edu.nus.autotune.DB2DATA.getAllIndexes()" is null


===== Query 927 =====

SQL: UPDATE CUSTOMER SET C_BALANCE = -3972.9, C_YTD_PAYMENT = 3972.9, C_PAYMENT_CNT = 2 WHERE C_W_ID = 1 AND C_D_ID = 5 AND C_ID = 203

EXPLAIN Plan:

Update on customer  (cost=0.42..8.44 rows=0 width=0) (actual time=0.089..0.090 rows=0 loops=1)

  ->  Index Scan using customer_pkey on customer  (cost=0.42..8.44 rows=1 width=34) (actual time=0.021..0.023 rows=1 loops=1)

        Index Cond: ((c_w_id = 1) AND (c_d_id = 5) AND (c_id = 203))

Planning Time: 0.100 ms

Execution Time: 0.115 ms
Failed SQL 927: UPDATE CUSTOMER SET C_BALANCE = -3972.9, C_YTD_PAYMENT = 3972.9, C_PAYMENT_CNT = 2 WHERE C_W_ID = 1 AND C_D_ID = 5 AND C_ID = 203
Error Message: Cannot invoke "java.util.List.get(int)" because the return value of "sg.edu.nus.autotune.DB2DATA.getAllIndexes()" is null


===== Query 928 =====

SQL: SELECT C_DISCOUNT, C_LAST, C_CREDIT, W_TAX FROM CUSTOMER, WAREHOUSE WHERE W_ID = 1 AND C_W_ID = 1 AND C_D_ID = 5 AND C_ID = 1026

EXPLAIN Plan:

Nested Loop  (cost=4.56..16.61 rows=1 width=26) (actual time=0.047..0.049 rows=1 loops=1)

  ->  Index Scan using customer_pkey on customer  (cost=0.42..8.44 rows=1 width=21) (actual time=0.032..0.033 rows=1 loops=1)

        Index Cond: ((c_w_id = 1) AND (c_d_id = 5) AND (c_id = 1026))

  ->  Bitmap Heap Scan on warehouse  (cost=4.14..8.15 rows=1 width=5) (actual time=0.007..0.008 rows=1 loops=1)

        Recheck Cond: (w_id = 1)

        Heap Blocks: exact=1

        ->  Bitmap Index Scan on warehouse_pkey  (cost=0.00..4.14 rows=1 width=0) (actual time=0.004..0.004 rows=1 loops=1)

              Index Cond: (w_id = 1)

Planning Time: 0.152 ms

Execution Time: 0.089 ms
Failed SQL 928: SELECT C_DISCOUNT, C_LAST, C_CREDIT, W_TAX FROM CUSTOMER, WAREHOUSE WHERE W_ID = 1 AND C_W_ID = 1 AND C_D_ID = 5 AND C_ID = 1026
Error Message: Cannot invoke "java.util.List.get(int)" because the return value of "sg.edu.nus.autotune.DB2DATA.getAllIndexes()" is null


===== Query 929 =====

SQL: SELECT D_NEXT_O_ID, D_TAX FROM DISTRICT WHERE D_W_ID = 1 AND D_ID = 5

EXPLAIN Plan:

Bitmap Heap Scan on district  (cost=4.28..11.66 rows=2 width=9) (actual time=0.019..0.020 rows=1 loops=1)

  Recheck Cond: ((d_w_id = 1) AND (d_id = 5))

  Heap Blocks: exact=1

  ->  Bitmap Index Scan on district_pkey  (cost=0.00..4.28 rows=2 width=0) (actual time=0.011..0.011 rows=1 loops=1)

        Index Cond: ((d_w_id = 1) AND (d_id = 5))

Planning Time: 0.082 ms

Execution Time: 0.043 ms
Failed SQL 929: SELECT D_NEXT_O_ID, D_TAX FROM DISTRICT WHERE D_W_ID = 1 AND D_ID = 5
Error Message: Cannot invoke "java.util.List.get(int)" because the return value of "sg.edu.nus.autotune.DB2DATA.getAllIndexes()" is null


===== Query 930 =====

SQL: UPDATE DISTRICT SET D_NEXT_O_ID = D_NEXT_O_ID + 1 WHERE D_W_ID = 1 AND D_ID = 5

EXPLAIN Plan:

Update on district  (cost=4.28..11.67 rows=0 width=0) (actual time=0.049..0.050 rows=0 loops=1)

  ->  Bitmap Heap Scan on district  (cost=4.28..11.67 rows=2 width=10) (actual time=0.020..0.021 rows=1 loops=1)

        Recheck Cond: ((d_w_id = 1) AND (d_id = 5))

        Heap Blocks: exact=1

        ->  Bitmap Index Scan on district_pkey  (cost=0.00..4.28 rows=2 width=0) (actual time=0.011..0.011 rows=1 loops=1)

              Index Cond: ((d_w_id = 1) AND (d_id = 5))

Planning Time: 0.083 ms

Execution Time: 0.081 ms
Failed SQL 930: UPDATE DISTRICT SET D_NEXT_O_ID = D_NEXT_O_ID + 1 WHERE D_W_ID = 1 AND D_ID = 5
Error Message: Cannot invoke "java.util.List.get(int)" because the return value of "sg.edu.nus.autotune.DB2DATA.getAllIndexes()" is null


===== Query 931 =====

SQL: SELECT I_PRICE, I_NAME , I_DATA FROM ITEM WHERE I_ID = 30179

EXPLAIN Plan:

Index Scan using item_pkey on item  (cost=0.29..8.31 rows=1 width=61) (actual time=0.816..0.818 rows=1 loops=1)

  Index Cond: (i_id = 30179)

Planning Time: 0.074 ms

Execution Time: 0.836 ms
Failed SQL 931: SELECT I_PRICE, I_NAME , I_DATA FROM ITEM WHERE I_ID = 30179
Error Message: Cannot invoke "java.util.List.get(int)" because the return value of "sg.edu.nus.autotune.DB2DATA.getAllIndexes()" is null


===== Query 932 =====

SQL: SELECT S_QUANTITY, S_DATA, S_DIST_01, S_DIST_02, S_DIST_03, S_DIST_04, S_DIST_05, S_DIST_06, S_DIST_07, S_DIST_08, S_DIST_09, S_DIST_10 FROM STOCK WHERE S_I_ID = 30179 AND S_W_ID = 1

EXPLAIN Plan:

Index Scan using stock_pkey on stock  (cost=0.42..8.44 rows=1 width=291) (actual time=1.753..1.756 rows=1 loops=1)

  Index Cond: ((s_w_id = 1) AND (s_i_id = 30179))

Planning Time: 0.094 ms

Execution Time: 1.786 ms
Failed SQL 932: SELECT S_QUANTITY, S_DATA, S_DIST_01, S_DIST_02, S_DIST_03, S_DIST_04, S_DIST_05, S_DIST_06, S_DIST_07, S_DIST_08, S_DIST_09, S_DIST_10 FROM STOCK WHERE S_I_ID = 30179 AND S_W_ID = 1
Error Message: Cannot invoke "java.util.List.get(int)" because the return value of "sg.edu.nus.autotune.DB2DATA.getAllIndexes()" is null


===== Query 933 =====

SQL: UPDATE STOCK SET S_QUANTITY = 53, S_YTD = S_YTD + 5, S_ORDER_CNT = S_ORDER_CNT + 1, S_REMOTE_CNT = S_REMOTE_CNT + 0 WHERE S_I_ID = 30179 AND S_W_ID = 1

EXPLAIN Plan:

Update on stock  (cost=0.42..8.45 rows=0 width=0) (actual time=0.083..0.083 rows=0 loops=1)

  ->  Index Scan using stock_pkey on stock  (cost=0.42..8.45 rows=1 width=32) (actual time=0.025..0.026 rows=1 loops=1)

        Index Cond: ((s_w_id = 1) AND (s_i_id = 30179))

Planning Time: 0.105 ms

Execution Time: 0.111 ms
Failed SQL 933: UPDATE STOCK SET S_QUANTITY = 53, S_YTD = S_YTD + 5, S_ORDER_CNT = S_ORDER_CNT + 1, S_REMOTE_CNT = S_REMOTE_CNT + 0 WHERE S_I_ID = 30179 AND S_W_ID = 1
Error Message: Cannot invoke "java.util.List.get(int)" because the return value of "sg.edu.nus.autotune.DB2DATA.getAllIndexes()" is null


===== Query 934 =====

SQL: SELECT I_PRICE, I_NAME , I_DATA FROM ITEM WHERE I_ID = 57059

EXPLAIN Plan:

Index Scan using item_pkey on item  (cost=0.29..8.31 rows=1 width=61) (actual time=0.025..0.026 rows=1 loops=1)

  Index Cond: (i_id = 57059)

Planning Time: 0.086 ms

Execution Time: 0.047 ms
Failed SQL 934: SELECT I_PRICE, I_NAME , I_DATA FROM ITEM WHERE I_ID = 57059
Error Message: Cannot invoke "java.util.List.get(int)" because the return value of "sg.edu.nus.autotune.DB2DATA.getAllIndexes()" is null


===== Query 935 =====

SQL: SELECT S_QUANTITY, S_DATA, S_DIST_01, S_DIST_02, S_DIST_03, S_DIST_04, S_DIST_05, S_DIST_06, S_DIST_07, S_DIST_08, S_DIST_09, S_DIST_10 FROM STOCK WHERE S_I_ID = 57059 AND S_W_ID = 1

EXPLAIN Plan:

Index Scan using stock_pkey on stock  (cost=0.42..8.44 rows=1 width=291) (actual time=0.841..0.843 rows=1 loops=1)

  Index Cond: ((s_w_id = 1) AND (s_i_id = 57059))

Planning Time: 0.099 ms

Execution Time: 0.865 ms
Failed SQL 935: SELECT S_QUANTITY, S_DATA, S_DIST_01, S_DIST_02, S_DIST_03, S_DIST_04, S_DIST_05, S_DIST_06, S_DIST_07, S_DIST_08, S_DIST_09, S_DIST_10 FROM STOCK WHERE S_I_ID = 57059 AND S_W_ID = 1
Error Message: Cannot invoke "java.util.List.get(int)" because the return value of "sg.edu.nus.autotune.DB2DATA.getAllIndexes()" is null


===== Query 936 =====

SQL: UPDATE STOCK SET S_QUANTITY = 25, S_YTD = S_YTD + 6, S_ORDER_CNT = S_ORDER_CNT + 1, S_REMOTE_CNT = S_REMOTE_CNT + 0 WHERE S_I_ID = 57059 AND S_W_ID = 1

EXPLAIN Plan:

Update on stock  (cost=0.42..8.45 rows=0 width=0) (actual time=0.110..0.111 rows=0 loops=1)

  ->  Index Scan using stock_pkey on stock  (cost=0.42..8.45 rows=1 width=32) (actual time=0.042..0.043 rows=1 loops=1)

        Index Cond: ((s_w_id = 1) AND (s_i_id = 57059))

Planning Time: 0.165 ms

Execution Time: 0.148 ms
Failed SQL 936: UPDATE STOCK SET S_QUANTITY = 25, S_YTD = S_YTD + 6, S_ORDER_CNT = S_ORDER_CNT + 1, S_REMOTE_CNT = S_REMOTE_CNT + 0 WHERE S_I_ID = 57059 AND S_W_ID = 1
Error Message: Cannot invoke "java.util.List.get(int)" because the return value of "sg.edu.nus.autotune.DB2DATA.getAllIndexes()" is null


===== Query 937 =====

SQL: SELECT I_PRICE, I_NAME , I_DATA FROM ITEM WHERE I_ID = 30807

EXPLAIN Plan:

Index Scan using item_pkey on item  (cost=0.29..8.31 rows=1 width=61) (actual time=1.171..1.173 rows=1 loops=1)

  Index Cond: (i_id = 30807)

Planning Time: 0.069 ms

Execution Time: 1.188 ms
Failed SQL 937: SELECT I_PRICE, I_NAME , I_DATA FROM ITEM WHERE I_ID = 30807
Error Message: Cannot invoke "java.util.List.get(int)" because the return value of "sg.edu.nus.autotune.DB2DATA.getAllIndexes()" is null


===== Query 938 =====

SQL: SELECT S_QUANTITY, S_DATA, S_DIST_01, S_DIST_02, S_DIST_03, S_DIST_04, S_DIST_05, S_DIST_06, S_DIST_07, S_DIST_08, S_DIST_09, S_DIST_10 FROM STOCK WHERE S_I_ID = 30807 AND S_W_ID = 1

EXPLAIN Plan:

Index Scan using stock_pkey on stock  (cost=0.42..8.44 rows=1 width=291) (actual time=41.693..41.698 rows=1 loops=1)

  Index Cond: ((s_w_id = 1) AND (s_i_id = 30807))

Planning Time: 0.072 ms

Execution Time: 41.720 ms
Failed SQL 938: SELECT S_QUANTITY, S_DATA, S_DIST_01, S_DIST_02, S_DIST_03, S_DIST_04, S_DIST_05, S_DIST_06, S_DIST_07, S_DIST_08, S_DIST_09, S_DIST_10 FROM STOCK WHERE S_I_ID = 30807 AND S_W_ID = 1
Error Message: Cannot invoke "java.util.List.get(int)" because the return value of "sg.edu.nus.autotune.DB2DATA.getAllIndexes()" is null


===== Query 939 =====

SQL: UPDATE STOCK SET S_QUANTITY = 30, S_YTD = S_YTD + 10, S_ORDER_CNT = S_ORDER_CNT + 1, S_REMOTE_CNT = S_REMOTE_CNT + 0 WHERE S_I_ID = 30807 AND S_W_ID = 1

EXPLAIN Plan:

Update on stock  (cost=0.42..8.45 rows=0 width=0) (actual time=0.050..0.051 rows=0 loops=1)

  ->  Index Scan using stock_pkey on stock  (cost=0.42..8.45 rows=1 width=32) (actual time=0.023..0.024 rows=1 loops=1)

        Index Cond: ((s_w_id = 1) AND (s_i_id = 30807))

Planning Time: 0.082 ms

Execution Time: 0.069 ms
Failed SQL 939: UPDATE STOCK SET S_QUANTITY = 30, S_YTD = S_YTD + 10, S_ORDER_CNT = S_ORDER_CNT + 1, S_REMOTE_CNT = S_REMOTE_CNT + 0 WHERE S_I_ID = 30807 AND S_W_ID = 1
Error Message: Cannot invoke "java.util.List.get(int)" because the return value of "sg.edu.nus.autotune.DB2DATA.getAllIndexes()" is null


===== Query 940 =====

SQL: SELECT I_PRICE, I_NAME , I_DATA FROM ITEM WHERE I_ID = 27965

EXPLAIN Plan:

Index Scan using item_pkey on item  (cost=0.29..8.31 rows=1 width=61) (actual time=0.328..0.330 rows=1 loops=1)

  Index Cond: (i_id = 27965)

Planning Time: 0.075 ms

Execution Time: 0.346 ms
Failed SQL 940: SELECT I_PRICE, I_NAME , I_DATA FROM ITEM WHERE I_ID = 27965
Error Message: Cannot invoke "java.util.List.get(int)" because the return value of "sg.edu.nus.autotune.DB2DATA.getAllIndexes()" is null


===== Query 941 =====

SQL: SELECT S_QUANTITY, S_DATA, S_DIST_01, S_DIST_02, S_DIST_03, S_DIST_04, S_DIST_05, S_DIST_06, S_DIST_07, S_DIST_08, S_DIST_09, S_DIST_10 FROM STOCK WHERE S_I_ID = 27965 AND S_W_ID = 1

EXPLAIN Plan:

Index Scan using stock_pkey on stock  (cost=0.42..8.44 rows=1 width=291) (actual time=1.006..1.008 rows=1 loops=1)

  Index Cond: ((s_w_id = 1) AND (s_i_id = 27965))

Planning Time: 0.096 ms

Execution Time: 1.032 ms
Failed SQL 941: SELECT S_QUANTITY, S_DATA, S_DIST_01, S_DIST_02, S_DIST_03, S_DIST_04, S_DIST_05, S_DIST_06, S_DIST_07, S_DIST_08, S_DIST_09, S_DIST_10 FROM STOCK WHERE S_I_ID = 27965 AND S_W_ID = 1
Error Message: Cannot invoke "java.util.List.get(int)" because the return value of "sg.edu.nus.autotune.DB2DATA.getAllIndexes()" is null


===== Query 942 =====

SQL: UPDATE STOCK SET S_QUANTITY = 72, S_YTD = S_YTD + 2, S_ORDER_CNT = S_ORDER_CNT + 1, S_REMOTE_CNT = S_REMOTE_CNT + 0 WHERE S_I_ID = 27965 AND S_W_ID = 1

EXPLAIN Plan:

Update on stock  (cost=0.42..8.45 rows=0 width=0) (actual time=0.036..0.036 rows=0 loops=1)

  ->  Index Scan using stock_pkey on stock  (cost=0.42..8.45 rows=1 width=32) (actual time=0.017..0.018 rows=1 loops=1)

        Index Cond: ((s_w_id = 1) AND (s_i_id = 27965))

Planning Time: 0.061 ms

Execution Time: 0.050 ms
Failed SQL 942: UPDATE STOCK SET S_QUANTITY = 72, S_YTD = S_YTD + 2, S_ORDER_CNT = S_ORDER_CNT + 1, S_REMOTE_CNT = S_REMOTE_CNT + 0 WHERE S_I_ID = 27965 AND S_W_ID = 1
Error Message: Cannot invoke "java.util.List.get(int)" because the return value of "sg.edu.nus.autotune.DB2DATA.getAllIndexes()" is null


===== Query 943 =====

SQL: SELECT I_PRICE, I_NAME , I_DATA FROM ITEM WHERE I_ID = 56543

EXPLAIN Plan:

Index Scan using item_pkey on item  (cost=0.29..8.31 rows=1 width=61) (actual time=0.069..0.071 rows=1 loops=1)

  Index Cond: (i_id = 56543)

Planning Time: 0.071 ms

Execution Time: 0.088 ms
Failed SQL 943: SELECT I_PRICE, I_NAME , I_DATA FROM ITEM WHERE I_ID = 56543
Error Message: Cannot invoke "java.util.List.get(int)" because the return value of "sg.edu.nus.autotune.DB2DATA.getAllIndexes()" is null


===== Query 944 =====

SQL: SELECT S_QUANTITY, S_DATA, S_DIST_01, S_DIST_02, S_DIST_03, S_DIST_04, S_DIST_05, S_DIST_06, S_DIST_07, S_DIST_08, S_DIST_09, S_DIST_10 FROM STOCK WHERE S_I_ID = 56543 AND S_W_ID = 2

EXPLAIN Plan:

Index Scan using stock_pkey on stock  (cost=0.42..8.44 rows=1 width=291) (actual time=0.834..0.836 rows=1 loops=1)

  Index Cond: ((s_w_id = 2) AND (s_i_id = 56543))

Planning Time: 0.091 ms

Execution Time: 0.857 ms
Failed SQL 944: SELECT S_QUANTITY, S_DATA, S_DIST_01, S_DIST_02, S_DIST_03, S_DIST_04, S_DIST_05, S_DIST_06, S_DIST_07, S_DIST_08, S_DIST_09, S_DIST_10 FROM STOCK WHERE S_I_ID = 56543 AND S_W_ID = 2
Error Message: Cannot invoke "java.util.List.get(int)" because the return value of "sg.edu.nus.autotune.DB2DATA.getAllIndexes()" is null


===== Query 945 =====

SQL: UPDATE STOCK SET S_QUANTITY = 65, S_YTD = S_YTD + 6, S_ORDER_CNT = S_ORDER_CNT + 1, S_REMOTE_CNT = S_REMOTE_CNT + 1 WHERE S_I_ID = 56543 AND S_W_ID = 2

EXPLAIN Plan:

Update on stock  (cost=0.42..8.45 rows=0 width=0) (actual time=0.091..0.091 rows=0 loops=1)

  ->  Index Scan using stock_pkey on stock  (cost=0.42..8.45 rows=1 width=32) (actual time=0.025..0.026 rows=1 loops=1)

        Index Cond: ((s_w_id = 2) AND (s_i_id = 56543))

Planning Time: 0.099 ms

Execution Time: 0.118 ms
Failed SQL 945: UPDATE STOCK SET S_QUANTITY = 65, S_YTD = S_YTD + 6, S_ORDER_CNT = S_ORDER_CNT + 1, S_REMOTE_CNT = S_REMOTE_CNT + 1 WHERE S_I_ID = 56543 AND S_W_ID = 2
Error Message: Cannot invoke "java.util.List.get(int)" because the return value of "sg.edu.nus.autotune.DB2DATA.getAllIndexes()" is null


===== Query 946 =====

SQL: SELECT I_PRICE, I_NAME , I_DATA FROM ITEM WHERE I_ID = 5799

EXPLAIN Plan:

Index Scan using item_pkey on item  (cost=0.29..8.31 rows=1 width=61) (actual time=0.848..0.850 rows=1 loops=1)

  Index Cond: (i_id = 5799)

Planning Time: 0.072 ms

Execution Time: 0.868 ms
Failed SQL 946: SELECT I_PRICE, I_NAME , I_DATA FROM ITEM WHERE I_ID = 5799
Error Message: Cannot invoke "java.util.List.get(int)" because the return value of "sg.edu.nus.autotune.DB2DATA.getAllIndexes()" is null


===== Query 947 =====

SQL: SELECT S_QUANTITY, S_DATA, S_DIST_01, S_DIST_02, S_DIST_03, S_DIST_04, S_DIST_05, S_DIST_06, S_DIST_07, S_DIST_08, S_DIST_09, S_DIST_10 FROM STOCK WHERE S_I_ID = 5799 AND S_W_ID = 1

EXPLAIN Plan:

Index Scan using stock_pkey on stock  (cost=0.42..8.44 rows=1 width=291) (actual time=0.282..0.283 rows=1 loops=1)

  Index Cond: ((s_w_id = 1) AND (s_i_id = 5799))

Planning Time: 0.124 ms

Execution Time: 0.297 ms
Failed SQL 947: SELECT S_QUANTITY, S_DATA, S_DIST_01, S_DIST_02, S_DIST_03, S_DIST_04, S_DIST_05, S_DIST_06, S_DIST_07, S_DIST_08, S_DIST_09, S_DIST_10 FROM STOCK WHERE S_I_ID = 5799 AND S_W_ID = 1
Error Message: Cannot invoke "java.util.List.get(int)" because the return value of "sg.edu.nus.autotune.DB2DATA.getAllIndexes()" is null


===== Query 948 =====

SQL: UPDATE STOCK SET S_QUANTITY = 58, S_YTD = S_YTD + 4, S_ORDER_CNT = S_ORDER_CNT + 1, S_REMOTE_CNT = S_REMOTE_CNT + 0 WHERE S_I_ID = 5799 AND S_W_ID = 1

EXPLAIN Plan:

Update on stock  (cost=0.42..8.45 rows=0 width=0) (actual time=0.147..0.147 rows=0 loops=1)

  ->  Index Scan using stock_pkey on stock  (cost=0.42..8.45 rows=1 width=32) (actual time=0.058..0.059 rows=1 loops=1)

        Index Cond: ((s_w_id = 1) AND (s_i_id = 5799))

Planning Time: 0.214 ms

Execution Time: 0.194 ms
Failed SQL 948: UPDATE STOCK SET S_QUANTITY = 58, S_YTD = S_YTD + 4, S_ORDER_CNT = S_ORDER_CNT + 1, S_REMOTE_CNT = S_REMOTE_CNT + 0 WHERE S_I_ID = 5799 AND S_W_ID = 1
Error Message: Cannot invoke "java.util.List.get(int)" because the return value of "sg.edu.nus.autotune.DB2DATA.getAllIndexes()" is null


===== Query 949 =====

SQL: SELECT I_PRICE, I_NAME , I_DATA FROM ITEM WHERE I_ID = 95719

EXPLAIN Plan:

Index Scan using item_pkey on item  (cost=0.29..8.31 rows=1 width=61) (actual time=0.998..1.000 rows=1 loops=1)

  Index Cond: (i_id = 95719)

Planning Time: 0.094 ms

Execution Time: 1.022 ms
Failed SQL 949: SELECT I_PRICE, I_NAME , I_DATA FROM ITEM WHERE I_ID = 95719
Error Message: Cannot invoke "java.util.List.get(int)" because the return value of "sg.edu.nus.autotune.DB2DATA.getAllIndexes()" is null


===== Query 950 =====

SQL: SELECT S_QUANTITY, S_DATA, S_DIST_01, S_DIST_02, S_DIST_03, S_DIST_04, S_DIST_05, S_DIST_06, S_DIST_07, S_DIST_08, S_DIST_09, S_DIST_10 FROM STOCK WHERE S_I_ID = 95719 AND S_W_ID = 1

EXPLAIN Plan:

Index Scan using stock_pkey on stock  (cost=0.42..8.44 rows=1 width=291) (actual time=0.586..0.588 rows=1 loops=1)

  Index Cond: ((s_w_id = 1) AND (s_i_id = 95719))

Planning Time: 0.075 ms

Execution Time: 0.600 ms
Failed SQL 950: SELECT S_QUANTITY, S_DATA, S_DIST_01, S_DIST_02, S_DIST_03, S_DIST_04, S_DIST_05, S_DIST_06, S_DIST_07, S_DIST_08, S_DIST_09, S_DIST_10 FROM STOCK WHERE S_I_ID = 95719 AND S_W_ID = 1
Error Message: Cannot invoke "java.util.List.get(int)" because the return value of "sg.edu.nus.autotune.DB2DATA.getAllIndexes()" is null


===== Query 951 =====

SQL: UPDATE STOCK SET S_QUANTITY = 94, S_YTD = S_YTD + 7, S_ORDER_CNT = S_ORDER_CNT + 1, S_REMOTE_CNT = S_REMOTE_CNT + 0 WHERE S_I_ID = 95719 AND S_W_ID = 1

EXPLAIN Plan:

Update on stock  (cost=0.42..8.45 rows=0 width=0) (actual time=0.113..0.114 rows=0 loops=1)

  ->  Index Scan using stock_pkey on stock  (cost=0.42..8.45 rows=1 width=32) (actual time=0.050..0.051 rows=1 loops=1)

        Index Cond: ((s_w_id = 1) AND (s_i_id = 95719))

Planning Time: 0.104 ms

Execution Time: 0.142 ms
Failed SQL 951: UPDATE STOCK SET S_QUANTITY = 94, S_YTD = S_YTD + 7, S_ORDER_CNT = S_ORDER_CNT + 1, S_REMOTE_CNT = S_REMOTE_CNT + 0 WHERE S_I_ID = 95719 AND S_W_ID = 1
Error Message: Cannot invoke "java.util.List.get(int)" because the return value of "sg.edu.nus.autotune.DB2DATA.getAllIndexes()" is null


===== Query 952 =====

SQL: SELECT I_PRICE, I_NAME , I_DATA FROM ITEM WHERE I_ID = 93869

EXPLAIN Plan:

Index Scan using item_pkey on item  (cost=0.29..8.31 rows=1 width=61) (actual time=0.039..0.039 rows=1 loops=1)

  Index Cond: (i_id = 93869)

Planning Time: 0.044 ms

Execution Time: 0.049 ms
Failed SQL 952: SELECT I_PRICE, I_NAME , I_DATA FROM ITEM WHERE I_ID = 93869
Error Message: Cannot invoke "java.util.List.get(int)" because the return value of "sg.edu.nus.autotune.DB2DATA.getAllIndexes()" is null


===== Query 953 =====

SQL: SELECT S_QUANTITY, S_DATA, S_DIST_01, S_DIST_02, S_DIST_03, S_DIST_04, S_DIST_05, S_DIST_06, S_DIST_07, S_DIST_08, S_DIST_09, S_DIST_10 FROM STOCK WHERE S_I_ID = 93869 AND S_W_ID = 1

EXPLAIN Plan:

Index Scan using stock_pkey on stock  (cost=0.42..8.44 rows=1 width=291) (actual time=1.127..1.130 rows=1 loops=1)

  Index Cond: ((s_w_id = 1) AND (s_i_id = 93869))

Planning Time: 0.102 ms

Execution Time: 1.156 ms
Failed SQL 953: SELECT S_QUANTITY, S_DATA, S_DIST_01, S_DIST_02, S_DIST_03, S_DIST_04, S_DIST_05, S_DIST_06, S_DIST_07, S_DIST_08, S_DIST_09, S_DIST_10 FROM STOCK WHERE S_I_ID = 93869 AND S_W_ID = 1
Error Message: Cannot invoke "java.util.List.get(int)" because the return value of "sg.edu.nus.autotune.DB2DATA.getAllIndexes()" is null


===== Query 954 =====

SQL: UPDATE STOCK SET S_QUANTITY = 42, S_YTD = S_YTD + 8, S_ORDER_CNT = S_ORDER_CNT + 1, S_REMOTE_CNT = S_REMOTE_CNT + 0 WHERE S_I_ID = 93869 AND S_W_ID = 1

EXPLAIN Plan:

Update on stock  (cost=0.42..8.45 rows=0 width=0) (actual time=0.104..0.105 rows=0 loops=1)

  ->  Index Scan using stock_pkey on stock  (cost=0.42..8.45 rows=1 width=32) (actual time=0.028..0.029 rows=1 loops=1)

        Index Cond: ((s_w_id = 1) AND (s_i_id = 93869))

Planning Time: 0.103 ms

Execution Time: 0.133 ms
Failed SQL 954: UPDATE STOCK SET S_QUANTITY = 42, S_YTD = S_YTD + 8, S_ORDER_CNT = S_ORDER_CNT + 1, S_REMOTE_CNT = S_REMOTE_CNT + 0 WHERE S_I_ID = 93869 AND S_W_ID = 1
Error Message: Cannot invoke "java.util.List.get(int)" because the return value of "sg.edu.nus.autotune.DB2DATA.getAllIndexes()" is null


===== Query 955 =====

SQL: SELECT I_PRICE, I_NAME , I_DATA FROM ITEM WHERE I_ID = 6085

EXPLAIN Plan:

Index Scan using item_pkey on item  (cost=0.29..8.31 rows=1 width=61) (actual time=0.779..0.780 rows=1 loops=1)

  Index Cond: (i_id = 6085)

Planning Time: 0.055 ms

Execution Time: 22.190 ms
Failed SQL 955: SELECT I_PRICE, I_NAME , I_DATA FROM ITEM WHERE I_ID = 6085
Error Message: Cannot invoke "java.util.List.get(int)" because the return value of "sg.edu.nus.autotune.DB2DATA.getAllIndexes()" is null


===== Query 956 =====

SQL: SELECT S_QUANTITY, S_DATA, S_DIST_01, S_DIST_02, S_DIST_03, S_DIST_04, S_DIST_05, S_DIST_06, S_DIST_07, S_DIST_08, S_DIST_09, S_DIST_10 FROM STOCK WHERE S_I_ID = 6085 AND S_W_ID = 1

EXPLAIN Plan:

Index Scan using stock_pkey on stock  (cost=0.42..8.44 rows=1 width=291) (actual time=0.078..0.079 rows=1 loops=1)

  Index Cond: ((s_w_id = 1) AND (s_i_id = 6085))

Planning Time: 0.169 ms

Execution Time: 0.120 ms
Failed SQL 956: SELECT S_QUANTITY, S_DATA, S_DIST_01, S_DIST_02, S_DIST_03, S_DIST_04, S_DIST_05, S_DIST_06, S_DIST_07, S_DIST_08, S_DIST_09, S_DIST_10 FROM STOCK WHERE S_I_ID = 6085 AND S_W_ID = 1
Error Message: Cannot invoke "java.util.List.get(int)" because the return value of "sg.edu.nus.autotune.DB2DATA.getAllIndexes()" is null


===== Query 957 =====

SQL: UPDATE STOCK SET S_QUANTITY = 71, S_YTD = S_YTD + 2, S_ORDER_CNT = S_ORDER_CNT + 1, S_REMOTE_CNT = S_REMOTE_CNT + 0 WHERE S_I_ID = 6085 AND S_W_ID = 1

EXPLAIN Plan:

Update on stock  (cost=0.42..8.45 rows=0 width=0) (actual time=0.060..0.060 rows=0 loops=1)

  ->  Index Scan using stock_pkey on stock  (cost=0.42..8.45 rows=1 width=32) (actual time=0.021..0.022 rows=1 loops=1)

        Index Cond: ((s_w_id = 1) AND (s_i_id = 6085))

Planning Time: 0.087 ms

Execution Time: 0.089 ms
Failed SQL 957: UPDATE STOCK SET S_QUANTITY = 71, S_YTD = S_YTD + 2, S_ORDER_CNT = S_ORDER_CNT + 1, S_REMOTE_CNT = S_REMOTE_CNT + 0 WHERE S_I_ID = 6085 AND S_W_ID = 1
Error Message: Cannot invoke "java.util.List.get(int)" because the return value of "sg.edu.nus.autotune.DB2DATA.getAllIndexes()" is null


===== Query 958 =====

SQL: SELECT I_PRICE, I_NAME , I_DATA FROM ITEM WHERE I_ID = 73431

EXPLAIN Plan:

Index Scan using item_pkey on item  (cost=0.29..8.31 rows=1 width=61) (actual time=0.794..0.796 rows=1 loops=1)

  Index Cond: (i_id = 73431)

Planning Time: 0.062 ms

Execution Time: 0.814 ms
Failed SQL 958: SELECT I_PRICE, I_NAME , I_DATA FROM ITEM WHERE I_ID = 73431
Error Message: Cannot invoke "java.util.List.get(int)" because the return value of "sg.edu.nus.autotune.DB2DATA.getAllIndexes()" is null


===== Query 959 =====

SQL: SELECT S_QUANTITY, S_DATA, S_DIST_01, S_DIST_02, S_DIST_03, S_DIST_04, S_DIST_05, S_DIST_06, S_DIST_07, S_DIST_08, S_DIST_09, S_DIST_10 FROM STOCK WHERE S_I_ID = 73431 AND S_W_ID = 1

EXPLAIN Plan:

Index Scan using stock_pkey on stock  (cost=0.42..8.44 rows=1 width=291) (actual time=0.836..0.839 rows=1 loops=1)

  Index Cond: ((s_w_id = 1) AND (s_i_id = 73431))

Planning Time: 0.093 ms

Execution Time: 0.862 ms
Failed SQL 959: SELECT S_QUANTITY, S_DATA, S_DIST_01, S_DIST_02, S_DIST_03, S_DIST_04, S_DIST_05, S_DIST_06, S_DIST_07, S_DIST_08, S_DIST_09, S_DIST_10 FROM STOCK WHERE S_I_ID = 73431 AND S_W_ID = 1
Error Message: Cannot invoke "java.util.List.get(int)" because the return value of "sg.edu.nus.autotune.DB2DATA.getAllIndexes()" is null


===== Query 960 =====

SQL: UPDATE STOCK SET S_QUANTITY = 44, S_YTD = S_YTD + 6, S_ORDER_CNT = S_ORDER_CNT + 1, S_REMOTE_CNT = S_REMOTE_CNT + 0 WHERE S_I_ID = 73431 AND S_W_ID = 1

EXPLAIN Plan:

Update on stock  (cost=0.42..8.45 rows=0 width=0) (actual time=0.085..0.086 rows=0 loops=1)

  ->  Index Scan using stock_pkey on stock  (cost=0.42..8.45 rows=1 width=32) (actual time=0.025..0.026 rows=1 loops=1)

        Index Cond: ((s_w_id = 1) AND (s_i_id = 73431))

Planning Time: 0.103 ms

Execution Time: 0.115 ms
Failed SQL 960: UPDATE STOCK SET S_QUANTITY = 44, S_YTD = S_YTD + 6, S_ORDER_CNT = S_ORDER_CNT + 1, S_REMOTE_CNT = S_REMOTE_CNT + 0 WHERE S_I_ID = 73431 AND S_W_ID = 1
Error Message: Cannot invoke "java.util.List.get(int)" because the return value of "sg.edu.nus.autotune.DB2DATA.getAllIndexes()" is null


===== Query 961 =====

SQL: SELECT I_PRICE, I_NAME , I_DATA FROM ITEM WHERE I_ID = 64736

EXPLAIN Plan:

Index Scan using item_pkey on item  (cost=0.29..8.31 rows=1 width=61) (actual time=0.044..0.044 rows=1 loops=1)

  Index Cond: (i_id = 64736)

Planning Time: 0.052 ms

Execution Time: 0.057 ms
Failed SQL 961: SELECT I_PRICE, I_NAME , I_DATA FROM ITEM WHERE I_ID = 64736
Error Message: Cannot invoke "java.util.List.get(int)" because the return value of "sg.edu.nus.autotune.DB2DATA.getAllIndexes()" is null


===== Query 962 =====

SQL: SELECT S_QUANTITY, S_DATA, S_DIST_01, S_DIST_02, S_DIST_03, S_DIST_04, S_DIST_05, S_DIST_06, S_DIST_07, S_DIST_08, S_DIST_09, S_DIST_10 FROM STOCK WHERE S_I_ID = 64736 AND S_W_ID = 1

EXPLAIN Plan:

Index Scan using stock_pkey on stock  (cost=0.42..8.44 rows=1 width=291) (actual time=0.285..0.287 rows=1 loops=1)

  Index Cond: ((s_w_id = 1) AND (s_i_id = 64736))

Planning Time: 0.072 ms

Execution Time: 0.305 ms
Failed SQL 962: SELECT S_QUANTITY, S_DATA, S_DIST_01, S_DIST_02, S_DIST_03, S_DIST_04, S_DIST_05, S_DIST_06, S_DIST_07, S_DIST_08, S_DIST_09, S_DIST_10 FROM STOCK WHERE S_I_ID = 64736 AND S_W_ID = 1
Error Message: Cannot invoke "java.util.List.get(int)" because the return value of "sg.edu.nus.autotune.DB2DATA.getAllIndexes()" is null


===== Query 963 =====

SQL: UPDATE STOCK SET S_QUANTITY = 51, S_YTD = S_YTD + 9, S_ORDER_CNT = S_ORDER_CNT + 1, S_REMOTE_CNT = S_REMOTE_CNT + 0 WHERE S_I_ID = 64736 AND S_W_ID = 1

EXPLAIN Plan:

Update on stock  (cost=0.42..8.45 rows=0 width=0) (actual time=0.067..0.067 rows=0 loops=1)

  ->  Index Scan using stock_pkey on stock  (cost=0.42..8.45 rows=1 width=32) (actual time=0.019..0.021 rows=1 loops=1)

        Index Cond: ((s_w_id = 1) AND (s_i_id = 64736))

Planning Time: 0.083 ms

Execution Time: 0.088 ms
Failed SQL 963: UPDATE STOCK SET S_QUANTITY = 51, S_YTD = S_YTD + 9, S_ORDER_CNT = S_ORDER_CNT + 1, S_REMOTE_CNT = S_REMOTE_CNT + 0 WHERE S_I_ID = 64736 AND S_W_ID = 1
Error Message: Cannot invoke "java.util.List.get(int)" because the return value of "sg.edu.nus.autotune.DB2DATA.getAllIndexes()" is null


===== Query 964 =====

SQL: SELECT I_PRICE, I_NAME , I_DATA FROM ITEM WHERE I_ID = 88646

EXPLAIN Plan:

Index Scan using item_pkey on item  (cost=0.29..8.31 rows=1 width=61) (actual time=0.773..0.774 rows=1 loops=1)

  Index Cond: (i_id = 88646)

Planning Time: 0.047 ms

Execution Time: 0.785 ms
Failed SQL 964: SELECT I_PRICE, I_NAME , I_DATA FROM ITEM WHERE I_ID = 88646
Error Message: Cannot invoke "java.util.List.get(int)" because the return value of "sg.edu.nus.autotune.DB2DATA.getAllIndexes()" is null


===== Query 965 =====

SQL: SELECT S_QUANTITY, S_DATA, S_DIST_01, S_DIST_02, S_DIST_03, S_DIST_04, S_DIST_05, S_DIST_06, S_DIST_07, S_DIST_08, S_DIST_09, S_DIST_10 FROM STOCK WHERE S_I_ID = 88646 AND S_W_ID = 1

EXPLAIN Plan:

Index Scan using stock_pkey on stock  (cost=0.42..8.44 rows=1 width=291) (actual time=0.734..0.735 rows=1 loops=1)

  Index Cond: ((s_w_id = 1) AND (s_i_id = 88646))

Planning Time: 0.057 ms

Execution Time: 0.747 ms
Failed SQL 965: SELECT S_QUANTITY, S_DATA, S_DIST_01, S_DIST_02, S_DIST_03, S_DIST_04, S_DIST_05, S_DIST_06, S_DIST_07, S_DIST_08, S_DIST_09, S_DIST_10 FROM STOCK WHERE S_I_ID = 88646 AND S_W_ID = 1
Error Message: Cannot invoke "java.util.List.get(int)" because the return value of "sg.edu.nus.autotune.DB2DATA.getAllIndexes()" is null


===== Query 966 =====

SQL: UPDATE STOCK SET S_QUANTITY = 62, S_YTD = S_YTD + 10, S_ORDER_CNT = S_ORDER_CNT + 1, S_REMOTE_CNT = S_REMOTE_CNT + 0 WHERE S_I_ID = 88646 AND S_W_ID = 1

EXPLAIN Plan:

Update on stock  (cost=0.42..8.45 rows=0 width=0) (actual time=0.071..0.072 rows=0 loops=1)

  ->  Index Scan using stock_pkey on stock  (cost=0.42..8.45 rows=1 width=32) (actual time=0.025..0.026 rows=1 loops=1)

        Index Cond: ((s_w_id = 1) AND (s_i_id = 88646))

Planning Time: 0.099 ms

Execution Time: 0.099 ms
Failed SQL 966: UPDATE STOCK SET S_QUANTITY = 62, S_YTD = S_YTD + 10, S_ORDER_CNT = S_ORDER_CNT + 1, S_REMOTE_CNT = S_REMOTE_CNT + 0 WHERE S_I_ID = 88646 AND S_W_ID = 1
Error Message: Cannot invoke "java.util.List.get(int)" because the return value of "sg.edu.nus.autotune.DB2DATA.getAllIndexes()" is null


===== Query 967 =====

SQL: UPDATE WAREHOUSE SET W_YTD = W_YTD + 2517.41 WHERE W_ID = 2

EXPLAIN Plan:

Update on warehouse  (cost=4.14..8.16 rows=0 width=0) (actual time=0.060..0.061 rows=0 loops=1)

  ->  Bitmap Heap Scan on warehouse  (cost=4.14..8.16 rows=1 width=22) (actual time=0.031..0.032 rows=1 loops=1)

        Recheck Cond: (w_id = 2)

        Heap Blocks: exact=1

        ->  Bitmap Index Scan on warehouse_pkey  (cost=0.00..4.14 rows=1 width=0) (actual time=0.017..0.017 rows=1 loops=1)

              Index Cond: (w_id = 2)

Planning Time: 0.075 ms

Execution Time: 0.092 ms
Failed SQL 967: UPDATE WAREHOUSE SET W_YTD = W_YTD + 2517.41 WHERE W_ID = 2
Error Message: Cannot invoke "java.util.List.get(int)" because the return value of "sg.edu.nus.autotune.DB2DATA.getAllIndexes()" is null


===== Query 968 =====

SQL: SELECT W_STREET_1, W_STREET_2, W_CITY, W_STATE, W_ZIP, W_NAME FROM WAREHOUSE WHERE W_ID = 2

EXPLAIN Plan:

Bitmap Heap Scan on warehouse  (cost=4.14..8.15 rows=1 width=65) (actual time=0.019..0.020 rows=1 loops=1)

  Recheck Cond: (w_id = 2)

  Heap Blocks: exact=1

  ->  Bitmap Index Scan on warehouse_pkey  (cost=0.00..4.14 rows=1 width=0) (actual time=0.009..0.009 rows=1 loops=1)

        Index Cond: (w_id = 2)

Planning Time: 0.083 ms

Execution Time: 0.047 ms
Failed SQL 968: SELECT W_STREET_1, W_STREET_2, W_CITY, W_STATE, W_ZIP, W_NAME FROM WAREHOUSE WHERE W_ID = 2
Error Message: Cannot invoke "java.util.List.get(int)" because the return value of "sg.edu.nus.autotune.DB2DATA.getAllIndexes()" is null


===== Query 969 =====

SQL: UPDATE DISTRICT SET D_YTD = D_YTD + 2517.41 WHERE D_W_ID = 2 AND D_ID = 3

EXPLAIN Plan:

Update on district  (cost=4.28..11.67 rows=0 width=0) (actual time=0.049..0.049 rows=0 loops=1)

  ->  Bitmap Heap Scan on district  (cost=4.28..11.67 rows=2 width=22) (actual time=0.019..0.020 rows=1 loops=1)

        Recheck Cond: ((d_w_id = 2) AND (d_id = 3))

        Heap Blocks: exact=1

        ->  Bitmap Index Scan on district_pkey  (cost=0.00..4.28 rows=2 width=0) (actual time=0.012..0.013 rows=1 loops=1)

              Index Cond: ((d_w_id = 2) AND (d_id = 3))

Planning Time: 0.053 ms

Execution Time: 0.085 ms
Failed SQL 969: UPDATE DISTRICT SET D_YTD = D_YTD + 2517.41 WHERE D_W_ID = 2 AND D_ID = 3
Error Message: Cannot invoke "java.util.List.get(int)" because the return value of "sg.edu.nus.autotune.DB2DATA.getAllIndexes()" is null


===== Query 970 =====

SQL: SELECT D_STREET_1, D_STREET_2, D_CITY, D_STATE, D_ZIP, D_NAME FROM DISTRICT WHERE D_W_ID = 2 AND D_ID = 3

EXPLAIN Plan:

Bitmap Heap Scan on district  (cost=4.28..11.66 rows=2 width=64) (actual time=0.014..0.014 rows=1 loops=1)

  Recheck Cond: ((d_w_id = 2) AND (d_id = 3))

  Heap Blocks: exact=1

  ->  Bitmap Index Scan on district_pkey  (cost=0.00..4.28 rows=2 width=0) (actual time=0.007..0.007 rows=1 loops=1)

        Index Cond: ((d_w_id = 2) AND (d_id = 3))

Planning Time: 0.070 ms

Execution Time: 0.033 ms
Failed SQL 970: SELECT D_STREET_1, D_STREET_2, D_CITY, D_STATE, D_ZIP, D_NAME FROM DISTRICT WHERE D_W_ID = 2 AND D_ID = 3
Error Message: Cannot invoke "java.util.List.get(int)" because the return value of "sg.edu.nus.autotune.DB2DATA.getAllIndexes()" is null


===== Query 971 =====

SQL: SELECT C_DISCOUNT, C_LAST, C_CREDIT, W_TAX FROM CUSTOMER, WAREHOUSE WHERE W_ID = 1 AND C_W_ID = 1 AND C_D_ID = 7 AND C_ID = 1213

EXPLAIN Plan:

Nested Loop  (cost=4.56..16.61 rows=1 width=26) (actual time=21.500..21.501 rows=1 loops=1)

  ->  Index Scan using customer_pkey on customer  (cost=0.42..8.44 rows=1 width=21) (actual time=21.485..21.485 rows=1 loops=1)

        Index Cond: ((c_w_id = 1) AND (c_d_id = 7) AND (c_id = 1213))

  ->  Bitmap Heap Scan on warehouse  (cost=4.14..8.15 rows=1 width=5) (actual time=0.008..0.008 rows=1 loops=1)

        Recheck Cond: (w_id = 1)

        Heap Blocks: exact=1

        ->  Bitmap Index Scan on warehouse_pkey  (cost=0.00..4.14 rows=1 width=0) (actual time=0.004..0.004 rows=1 loops=1)

              Index Cond: (w_id = 1)

Planning Time: 0.086 ms

Execution Time: 21.531 ms
Failed SQL 971: SELECT C_DISCOUNT, C_LAST, C_CREDIT, W_TAX FROM CUSTOMER, WAREHOUSE WHERE W_ID = 1 AND C_W_ID = 1 AND C_D_ID = 7 AND C_ID = 1213
Error Message: Cannot invoke "java.util.List.get(int)" because the return value of "sg.edu.nus.autotune.DB2DATA.getAllIndexes()" is null


===== Query 972 =====

SQL: SELECT C_FIRST, C_MIDDLE, C_LAST, C_STREET_1, C_STREET_2, C_CITY, C_STATE, C_ZIP, C_PHONE, C_CREDIT, C_CREDIT_LIM, C_DISCOUNT, C_BALANCE, C_YTD_PAYMENT, C_PAYMENT_CNT, C_SINCE FROM CUSTOMER WHERE C_W_ID = 1 AND C_D_ID = 7 AND C_ID = 1265

EXPLAIN Plan:

Index Scan using customer_pkey on customer  (cost=0.42..8.44 rows=1 width=140) (actual time=0.022..0.023 rows=1 loops=1)

  Index Cond: ((c_w_id = 1) AND (c_d_id = 7) AND (c_id = 1265))

Planning Time: 0.078 ms

Execution Time: 0.036 ms
Failed SQL 972: SELECT C_FIRST, C_MIDDLE, C_LAST, C_STREET_1, C_STREET_2, C_CITY, C_STATE, C_ZIP, C_PHONE, C_CREDIT, C_CREDIT_LIM, C_DISCOUNT, C_BALANCE, C_YTD_PAYMENT, C_PAYMENT_CNT, C_SINCE FROM CUSTOMER WHERE C_W_ID = 1 AND C_D_ID = 7 AND C_ID = 1265
Error Message: Cannot invoke "java.util.List.get(int)" because the return value of "sg.edu.nus.autotune.DB2DATA.getAllIndexes()" is null


===== Query 973 =====

SQL: SELECT D_NEXT_O_ID, D_TAX FROM DISTRICT WHERE D_W_ID = 1 AND D_ID = 7

EXPLAIN Plan:

Bitmap Heap Scan on district  (cost=4.28..11.66 rows=2 width=9) (actual time=0.030..0.031 rows=1 loops=1)

  Recheck Cond: ((d_w_id = 1) AND (d_id = 7))

  Heap Blocks: exact=1

  ->  Bitmap Index Scan on district_pkey  (cost=0.00..4.28 rows=2 width=0) (actual time=0.013..0.013 rows=1 loops=1)

        Index Cond: ((d_w_id = 1) AND (d_id = 7))

Planning Time: 0.087 ms

Execution Time: 0.056 ms
Failed SQL 973: SELECT D_NEXT_O_ID, D_TAX FROM DISTRICT WHERE D_W_ID = 1 AND D_ID = 7
Error Message: Cannot invoke "java.util.List.get(int)" because the return value of "sg.edu.nus.autotune.DB2DATA.getAllIndexes()" is null


===== Query 974 =====

SQL: UPDATE CUSTOMER SET C_BALANCE = -2527.41, C_YTD_PAYMENT = 2527.41, C_PAYMENT_CNT = 2 WHERE C_W_ID = 1 AND C_D_ID = 7 AND C_ID = 1265

EXPLAIN Plan:

Update on customer  (cost=0.42..8.44 rows=0 width=0) (actual time=0.056..0.057 rows=0 loops=1)

  ->  Index Scan using customer_pkey on customer  (cost=0.42..8.44 rows=1 width=34) (actual time=0.015..0.016 rows=1 loops=1)

        Index Cond: ((c_w_id = 1) AND (c_d_id = 7) AND (c_id = 1265))

Planning Time: 0.058 ms

Execution Time: 0.069 ms
Failed SQL 974: UPDATE CUSTOMER SET C_BALANCE = -2527.41, C_YTD_PAYMENT = 2527.41, C_PAYMENT_CNT = 2 WHERE C_W_ID = 1 AND C_D_ID = 7 AND C_ID = 1265
Error Message: Cannot invoke "java.util.List.get(int)" because the return value of "sg.edu.nus.autotune.DB2DATA.getAllIndexes()" is null


===== Query 975 =====

SQL: UPDATE DISTRICT SET D_NEXT_O_ID = D_NEXT_O_ID + 1 WHERE D_W_ID = 1 AND D_ID = 7

EXPLAIN Plan:

Update on district  (cost=4.28..11.67 rows=0 width=0) (actual time=0.052..0.052 rows=0 loops=1)

  ->  Bitmap Heap Scan on district  (cost=4.28..11.67 rows=2 width=10) (actual time=0.020..0.020 rows=1 loops=1)

        Recheck Cond: ((d_w_id = 1) AND (d_id = 7))

        Heap Blocks: exact=1

        ->  Bitmap Index Scan on district_pkey  (cost=0.00..4.28 rows=2 width=0) (actual time=0.011..0.011 rows=1 loops=1)

              Index Cond: ((d_w_id = 1) AND (d_id = 7))

Planning Time: 0.091 ms

Execution Time: 0.084 ms
Failed SQL 975: UPDATE DISTRICT SET D_NEXT_O_ID = D_NEXT_O_ID + 1 WHERE D_W_ID = 1 AND D_ID = 7
Error Message: Cannot invoke "java.util.List.get(int)" because the return value of "sg.edu.nus.autotune.DB2DATA.getAllIndexes()" is null


===== Query 976 =====

SQL: SELECT C_DISCOUNT, C_LAST, C_CREDIT, W_TAX FROM CUSTOMER, WAREHOUSE WHERE W_ID = 2 AND C_W_ID = 2 AND C_D_ID = 6 AND C_ID = 187

EXPLAIN Plan:

Nested Loop  (cost=4.56..16.61 rows=1 width=26) (actual time=0.060..0.063 rows=1 loops=1)

  ->  Index Scan using customer_pkey on customer  (cost=0.42..8.44 rows=1 width=21) (actual time=0.044..0.044 rows=1 loops=1)

        Index Cond: ((c_w_id = 2) AND (c_d_id = 6) AND (c_id = 187))

  ->  Bitmap Heap Scan on warehouse  (cost=4.14..8.15 rows=1 width=5) (actual time=0.008..0.009 rows=1 loops=1)

        Recheck Cond: (w_id = 2)

        Heap Blocks: exact=1

        ->  Bitmap Index Scan on warehouse_pkey  (cost=0.00..4.14 rows=1 width=0) (actual time=0.004..0.004 rows=1 loops=1)

              Index Cond: (w_id = 2)

Planning Time: 0.141 ms

Execution Time: 0.100 ms
Failed SQL 976: SELECT C_DISCOUNT, C_LAST, C_CREDIT, W_TAX FROM CUSTOMER, WAREHOUSE WHERE W_ID = 2 AND C_W_ID = 2 AND C_D_ID = 6 AND C_ID = 187
Error Message: Cannot invoke "java.util.List.get(int)" because the return value of "sg.edu.nus.autotune.DB2DATA.getAllIndexes()" is null


===== Query 977 =====

SQL: SELECT I_PRICE, I_NAME , I_DATA FROM ITEM WHERE I_ID = 5126

EXPLAIN Plan:

Index Scan using item_pkey on item  (cost=0.29..8.31 rows=1 width=61) (actual time=1.020..1.022 rows=1 loops=1)

  Index Cond: (i_id = 5126)

Planning Time: 0.069 ms

Execution Time: 1.040 ms
Failed SQL 977: SELECT I_PRICE, I_NAME , I_DATA FROM ITEM WHERE I_ID = 5126
Error Message: Cannot invoke "java.util.List.get(int)" because the return value of "sg.edu.nus.autotune.DB2DATA.getAllIndexes()" is null


===== Query 978 =====

SQL: SELECT S_QUANTITY, S_DATA, S_DIST_01, S_DIST_02, S_DIST_03, S_DIST_04, S_DIST_05, S_DIST_06, S_DIST_07, S_DIST_08, S_DIST_09, S_DIST_10 FROM STOCK WHERE S_I_ID = 5126 AND S_W_ID = 1

EXPLAIN Plan:

Index Scan using stock_pkey on stock  (cost=0.42..8.44 rows=1 width=291) (actual time=1.139..1.140 rows=1 loops=1)

  Index Cond: ((s_w_id = 1) AND (s_i_id = 5126))

Planning Time: 0.056 ms

Execution Time: 1.152 ms
Failed SQL 978: SELECT S_QUANTITY, S_DATA, S_DIST_01, S_DIST_02, S_DIST_03, S_DIST_04, S_DIST_05, S_DIST_06, S_DIST_07, S_DIST_08, S_DIST_09, S_DIST_10 FROM STOCK WHERE S_I_ID = 5126 AND S_W_ID = 1
Error Message: Cannot invoke "java.util.List.get(int)" because the return value of "sg.edu.nus.autotune.DB2DATA.getAllIndexes()" is null


===== Query 979 =====

SQL: UPDATE STOCK SET S_QUANTITY = 22, S_YTD = S_YTD + 2, S_ORDER_CNT = S_ORDER_CNT + 1, S_REMOTE_CNT = S_REMOTE_CNT + 0 WHERE S_I_ID = 5126 AND S_W_ID = 1

EXPLAIN Plan:

Update on stock  (cost=0.42..8.45 rows=0 width=0) (actual time=0.113..0.113 rows=0 loops=1)

  ->  Index Scan using stock_pkey on stock  (cost=0.42..8.45 rows=1 width=32) (actual time=0.025..0.026 rows=1 loops=1)

        Index Cond: ((s_w_id = 1) AND (s_i_id = 5126))

Planning Time: 0.099 ms

Execution Time: 0.140 ms
Failed SQL 979: UPDATE STOCK SET S_QUANTITY = 22, S_YTD = S_YTD + 2, S_ORDER_CNT = S_ORDER_CNT + 1, S_REMOTE_CNT = S_REMOTE_CNT + 0 WHERE S_I_ID = 5126 AND S_W_ID = 1
Error Message: Cannot invoke "java.util.List.get(int)" because the return value of "sg.edu.nus.autotune.DB2DATA.getAllIndexes()" is null


===== Query 980 =====

SQL: SELECT I_PRICE, I_NAME , I_DATA FROM ITEM WHERE I_ID = 22162

EXPLAIN Plan:

Index Scan using item_pkey on item  (cost=0.29..8.31 rows=1 width=61) (actual time=1.075..1.077 rows=1 loops=1)

  Index Cond: (i_id = 22162)

Planning Time: 0.074 ms

Execution Time: 1.095 ms
Failed SQL 980: SELECT I_PRICE, I_NAME , I_DATA FROM ITEM WHERE I_ID = 22162
Error Message: Cannot invoke "java.util.List.get(int)" because the return value of "sg.edu.nus.autotune.DB2DATA.getAllIndexes()" is null


===== Query 981 =====

SQL: SELECT S_QUANTITY, S_DATA, S_DIST_01, S_DIST_02, S_DIST_03, S_DIST_04, S_DIST_05, S_DIST_06, S_DIST_07, S_DIST_08, S_DIST_09, S_DIST_10 FROM STOCK WHERE S_I_ID = 22162 AND S_W_ID = 1

EXPLAIN Plan:

Index Scan using stock_pkey on stock  (cost=0.42..8.44 rows=1 width=291) (actual time=1.246..1.248 rows=1 loops=1)

  Index Cond: ((s_w_id = 1) AND (s_i_id = 22162))

Planning Time: 0.091 ms

Execution Time: 1.270 ms
Failed SQL 981: SELECT S_QUANTITY, S_DATA, S_DIST_01, S_DIST_02, S_DIST_03, S_DIST_04, S_DIST_05, S_DIST_06, S_DIST_07, S_DIST_08, S_DIST_09, S_DIST_10 FROM STOCK WHERE S_I_ID = 22162 AND S_W_ID = 1
Error Message: Cannot invoke "java.util.List.get(int)" because the return value of "sg.edu.nus.autotune.DB2DATA.getAllIndexes()" is null


===== Query 982 =====

SQL: UPDATE STOCK SET S_QUANTITY = 42, S_YTD = S_YTD + 3, S_ORDER_CNT = S_ORDER_CNT + 1, S_REMOTE_CNT = S_REMOTE_CNT + 0 WHERE S_I_ID = 22162 AND S_W_ID = 1

EXPLAIN Plan:

Update on stock  (cost=0.42..8.45 rows=0 width=0) (actual time=0.096..0.096 rows=0 loops=1)

  ->  Index Scan using stock_pkey on stock  (cost=0.42..8.45 rows=1 width=32) (actual time=0.024..0.026 rows=1 loops=1)

        Index Cond: ((s_w_id = 1) AND (s_i_id = 22162))

Planning Time: 0.101 ms

Execution Time: 0.124 ms
Failed SQL 982: UPDATE STOCK SET S_QUANTITY = 42, S_YTD = S_YTD + 3, S_ORDER_CNT = S_ORDER_CNT + 1, S_REMOTE_CNT = S_REMOTE_CNT + 0 WHERE S_I_ID = 22162 AND S_W_ID = 1
Error Message: Cannot invoke "java.util.List.get(int)" because the return value of "sg.edu.nus.autotune.DB2DATA.getAllIndexes()" is null


===== Query 983 =====

SQL: SELECT I_PRICE, I_NAME , I_DATA FROM ITEM WHERE I_ID = 9286

EXPLAIN Plan:

Index Scan using item_pkey on item  (cost=0.29..8.31 rows=1 width=61) (actual time=1.188..1.190 rows=1 loops=1)

  Index Cond: (i_id = 9286)

Planning Time: 0.074 ms

Execution Time: 1.210 ms
Failed SQL 983: SELECT I_PRICE, I_NAME , I_DATA FROM ITEM WHERE I_ID = 9286
Error Message: Cannot invoke "java.util.List.get(int)" because the return value of "sg.edu.nus.autotune.DB2DATA.getAllIndexes()" is null


===== Query 984 =====

SQL: SELECT S_QUANTITY, S_DATA, S_DIST_01, S_DIST_02, S_DIST_03, S_DIST_04, S_DIST_05, S_DIST_06, S_DIST_07, S_DIST_08, S_DIST_09, S_DIST_10 FROM STOCK WHERE S_I_ID = 9286 AND S_W_ID = 1

EXPLAIN Plan:

Index Scan using stock_pkey on stock  (cost=0.42..8.44 rows=1 width=291) (actual time=1.079..1.081 rows=1 loops=1)

  Index Cond: ((s_w_id = 1) AND (s_i_id = 9286))

Planning Time: 0.090 ms

Execution Time: 1.103 ms
Failed SQL 984: SELECT S_QUANTITY, S_DATA, S_DIST_01, S_DIST_02, S_DIST_03, S_DIST_04, S_DIST_05, S_DIST_06, S_DIST_07, S_DIST_08, S_DIST_09, S_DIST_10 FROM STOCK WHERE S_I_ID = 9286 AND S_W_ID = 1
Error Message: Cannot invoke "java.util.List.get(int)" because the return value of "sg.edu.nus.autotune.DB2DATA.getAllIndexes()" is null


===== Query 985 =====

SQL: UPDATE STOCK SET S_QUANTITY = 45, S_YTD = S_YTD + 3, S_ORDER_CNT = S_ORDER_CNT + 1, S_REMOTE_CNT = S_REMOTE_CNT + 0 WHERE S_I_ID = 9286 AND S_W_ID = 1

EXPLAIN Plan:

Update on stock  (cost=0.42..8.45 rows=0 width=0) (actual time=0.082..0.082 rows=0 loops=1)

  ->  Index Scan using stock_pkey on stock  (cost=0.42..8.45 rows=1 width=32) (actual time=0.023..0.024 rows=1 loops=1)

        Index Cond: ((s_w_id = 1) AND (s_i_id = 9286))

Planning Time: 0.100 ms

Execution Time: 0.108 ms
Failed SQL 985: UPDATE STOCK SET S_QUANTITY = 45, S_YTD = S_YTD + 3, S_ORDER_CNT = S_ORDER_CNT + 1, S_REMOTE_CNT = S_REMOTE_CNT + 0 WHERE S_I_ID = 9286 AND S_W_ID = 1
Error Message: Cannot invoke "java.util.List.get(int)" because the return value of "sg.edu.nus.autotune.DB2DATA.getAllIndexes()" is null


===== Query 986 =====

SQL: SELECT I_PRICE, I_NAME , I_DATA FROM ITEM WHERE I_ID = 73570

EXPLAIN Plan:

Index Scan using item_pkey on item  (cost=0.29..8.31 rows=1 width=61) (actual time=1.170..1.172 rows=1 loops=1)

  Index Cond: (i_id = 73570)

Planning Time: 0.069 ms

Execution Time: 1.190 ms
Failed SQL 986: SELECT I_PRICE, I_NAME , I_DATA FROM ITEM WHERE I_ID = 73570
Error Message: Cannot invoke "java.util.List.get(int)" because the return value of "sg.edu.nus.autotune.DB2DATA.getAllIndexes()" is null


===== Query 987 =====

SQL: SELECT D_NEXT_O_ID, D_TAX FROM DISTRICT WHERE D_W_ID = 2 AND D_ID = 6

EXPLAIN Plan:

Bitmap Heap Scan on district  (cost=4.28..11.66 rows=2 width=9) (actual time=0.018..0.019 rows=1 loops=1)

  Recheck Cond: ((d_w_id = 2) AND (d_id = 6))

  Heap Blocks: exact=1

  ->  Bitmap Index Scan on district_pkey  (cost=0.00..4.28 rows=2 width=0) (actual time=0.010..0.011 rows=1 loops=1)

        Index Cond: ((d_w_id = 2) AND (d_id = 6))

Planning Time: 0.084 ms

Execution Time: 0.043 ms
Failed SQL 987: SELECT D_NEXT_O_ID, D_TAX FROM DISTRICT WHERE D_W_ID = 2 AND D_ID = 6
Error Message: Cannot invoke "java.util.List.get(int)" because the return value of "sg.edu.nus.autotune.DB2DATA.getAllIndexes()" is null


===== Query 988 =====

SQL: UPDATE DISTRICT SET D_NEXT_O_ID = D_NEXT_O_ID + 1 WHERE D_W_ID = 2 AND D_ID = 6

EXPLAIN Plan:

Update on district  (cost=4.28..11.67 rows=0 width=0) (actual time=0.054..0.055 rows=0 loops=1)

  ->  Bitmap Heap Scan on district  (cost=4.28..11.67 rows=2 width=10) (actual time=0.019..0.019 rows=1 loops=1)

        Recheck Cond: ((d_w_id = 2) AND (d_id = 6))

        Heap Blocks: exact=1

        ->  Bitmap Index Scan on district_pkey  (cost=0.00..4.28 rows=2 width=0) (actual time=0.010..0.011 rows=1 loops=1)

              Index Cond: ((d_w_id = 2) AND (d_id = 6))

Planning Time: 0.090 ms

Execution Time: 0.087 ms
Failed SQL 988: UPDATE DISTRICT SET D_NEXT_O_ID = D_NEXT_O_ID + 1 WHERE D_W_ID = 2 AND D_ID = 6
Error Message: Cannot invoke "java.util.List.get(int)" because the return value of "sg.edu.nus.autotune.DB2DATA.getAllIndexes()" is null


===== Query 989 =====

SQL: SELECT S_QUANTITY, S_DATA, S_DIST_01, S_DIST_02, S_DIST_03, S_DIST_04, S_DIST_05, S_DIST_06, S_DIST_07, S_DIST_08, S_DIST_09, S_DIST_10 FROM STOCK WHERE S_I_ID = 73570 AND S_W_ID = 1

EXPLAIN Plan:

Index Scan using stock_pkey on stock  (cost=0.42..8.44 rows=1 width=291) (actual time=1.066..1.068 rows=1 loops=1)

  Index Cond: ((s_w_id = 1) AND (s_i_id = 73570))

Planning Time: 0.090 ms

Execution Time: 1.092 ms
Failed SQL 989: SELECT S_QUANTITY, S_DATA, S_DIST_01, S_DIST_02, S_DIST_03, S_DIST_04, S_DIST_05, S_DIST_06, S_DIST_07, S_DIST_08, S_DIST_09, S_DIST_10 FROM STOCK WHERE S_I_ID = 73570 AND S_W_ID = 1
Error Message: Cannot invoke "java.util.List.get(int)" because the return value of "sg.edu.nus.autotune.DB2DATA.getAllIndexes()" is null


===== Query 990 =====

SQL: SELECT I_PRICE, I_NAME , I_DATA FROM ITEM WHERE I_ID = 77407

EXPLAIN Plan:

Index Scan using item_pkey on item  (cost=0.29..8.31 rows=1 width=61) (actual time=0.989..0.991 rows=1 loops=1)

  Index Cond: (i_id = 77407)

Planning Time: 0.072 ms

Execution Time: 1.009 ms
Failed SQL 990: SELECT I_PRICE, I_NAME , I_DATA FROM ITEM WHERE I_ID = 77407
Error Message: Cannot invoke "java.util.List.get(int)" because the return value of "sg.edu.nus.autotune.DB2DATA.getAllIndexes()" is null


===== Query 991 =====

SQL: SELECT S_QUANTITY, S_DATA, S_DIST_01, S_DIST_02, S_DIST_03, S_DIST_04, S_DIST_05, S_DIST_06, S_DIST_07, S_DIST_08, S_DIST_09, S_DIST_10 FROM STOCK WHERE S_I_ID = 77407 AND S_W_ID = 2

EXPLAIN Plan:

Index Scan using stock_pkey on stock  (cost=0.42..8.44 rows=1 width=291) (actual time=0.036..0.036 rows=1 loops=1)

  Index Cond: ((s_w_id = 2) AND (s_i_id = 77407))

Planning Time: 0.058 ms

Execution Time: 0.049 ms
Failed SQL 991: SELECT S_QUANTITY, S_DATA, S_DIST_01, S_DIST_02, S_DIST_03, S_DIST_04, S_DIST_05, S_DIST_06, S_DIST_07, S_DIST_08, S_DIST_09, S_DIST_10 FROM STOCK WHERE S_I_ID = 77407 AND S_W_ID = 2
Error Message: Cannot invoke "java.util.List.get(int)" because the return value of "sg.edu.nus.autotune.DB2DATA.getAllIndexes()" is null


===== Query 992 =====

SQL: UPDATE STOCK SET S_QUANTITY = 12, S_YTD = S_YTD + 5, S_ORDER_CNT = S_ORDER_CNT + 1, S_REMOTE_CNT = S_REMOTE_CNT + 0 WHERE S_I_ID = 73570 AND S_W_ID = 1

EXPLAIN Plan:

Update on stock  (cost=0.42..8.45 rows=0 width=0) (actual time=0.115..0.116 rows=0 loops=1)

  ->  Index Scan using stock_pkey on stock  (cost=0.42..8.45 rows=1 width=32) (actual time=0.070..0.072 rows=1 loops=1)

        Index Cond: ((s_w_id = 1) AND (s_i_id = 73570))

Planning Time: 0.103 ms

Execution Time: 0.143 ms
Failed SQL 992: UPDATE STOCK SET S_QUANTITY = 12, S_YTD = S_YTD + 5, S_ORDER_CNT = S_ORDER_CNT + 1, S_REMOTE_CNT = S_REMOTE_CNT + 0 WHERE S_I_ID = 73570 AND S_W_ID = 1
Error Message: Cannot invoke "java.util.List.get(int)" because the return value of "sg.edu.nus.autotune.DB2DATA.getAllIndexes()" is null


===== Query 993 =====

SQL: SELECT I_PRICE, I_NAME , I_DATA FROM ITEM WHERE I_ID = 71387

EXPLAIN Plan:

Index Scan using item_pkey on item  (cost=0.29..8.31 rows=1 width=61) (actual time=0.043..0.045 rows=1 loops=1)

  Index Cond: (i_id = 71387)

Planning Time: 0.072 ms

Execution Time: 0.062 ms
Failed SQL 993: SELECT I_PRICE, I_NAME , I_DATA FROM ITEM WHERE I_ID = 71387
Error Message: Cannot invoke "java.util.List.get(int)" because the return value of "sg.edu.nus.autotune.DB2DATA.getAllIndexes()" is null


===== Query 994 =====

SQL: SELECT S_QUANTITY, S_DATA, S_DIST_01, S_DIST_02, S_DIST_03, S_DIST_04, S_DIST_05, S_DIST_06, S_DIST_07, S_DIST_08, S_DIST_09, S_DIST_10 FROM STOCK WHERE S_I_ID = 71387 AND S_W_ID = 1

EXPLAIN Plan:

Index Scan using stock_pkey on stock  (cost=0.42..8.44 rows=1 width=291) (actual time=0.330..0.332 rows=1 loops=1)

  Index Cond: ((s_w_id = 1) AND (s_i_id = 71387))

Planning Time: 0.094 ms

Execution Time: 0.355 ms
Failed SQL 994: SELECT S_QUANTITY, S_DATA, S_DIST_01, S_DIST_02, S_DIST_03, S_DIST_04, S_DIST_05, S_DIST_06, S_DIST_07, S_DIST_08, S_DIST_09, S_DIST_10 FROM STOCK WHERE S_I_ID = 71387 AND S_W_ID = 1
Error Message: Cannot invoke "java.util.List.get(int)" because the return value of "sg.edu.nus.autotune.DB2DATA.getAllIndexes()" is null


===== Query 995 =====

SQL: UPDATE STOCK SET S_QUANTITY = 60, S_YTD = S_YTD + 3, S_ORDER_CNT = S_ORDER_CNT + 1, S_REMOTE_CNT = S_REMOTE_CNT + 0 WHERE S_I_ID = 77407 AND S_W_ID = 2

EXPLAIN Plan:

Update on stock  (cost=0.42..8.45 rows=0 width=0) (actual time=0.105..0.106 rows=0 loops=1)

  ->  Index Scan using stock_pkey on stock  (cost=0.42..8.45 rows=1 width=32) (actual time=0.029..0.031 rows=1 loops=1)

        Index Cond: ((s_w_id = 2) AND (s_i_id = 77407))

Planning Time: 0.100 ms

Execution Time: 0.133 ms
Failed SQL 995: UPDATE STOCK SET S_QUANTITY = 60, S_YTD = S_YTD + 3, S_ORDER_CNT = S_ORDER_CNT + 1, S_REMOTE_CNT = S_REMOTE_CNT + 0 WHERE S_I_ID = 77407 AND S_W_ID = 2
Error Message: Cannot invoke "java.util.List.get(int)" because the return value of "sg.edu.nus.autotune.DB2DATA.getAllIndexes()" is null


===== Query 996 =====

SQL: SELECT I_PRICE, I_NAME , I_DATA FROM ITEM WHERE I_ID = 94883

EXPLAIN Plan:

Index Scan using item_pkey on item  (cost=0.29..8.31 rows=1 width=61) (actual time=0.810..0.812 rows=1 loops=1)

  Index Cond: (i_id = 94883)

Planning Time: 0.071 ms

Execution Time: 0.831 ms
Failed SQL 996: SELECT I_PRICE, I_NAME , I_DATA FROM ITEM WHERE I_ID = 94883
Error Message: Cannot invoke "java.util.List.get(int)" because the return value of "sg.edu.nus.autotune.DB2DATA.getAllIndexes()" is null


===== Query 997 =====

SQL: UPDATE STOCK SET S_QUANTITY = 13, S_YTD = S_YTD + 1, S_ORDER_CNT = S_ORDER_CNT + 1, S_REMOTE_CNT = S_REMOTE_CNT + 0 WHERE S_I_ID = 71387 AND S_W_ID = 1

EXPLAIN Plan:

Update on stock  (cost=0.42..8.45 rows=0 width=0) (actual time=0.107..0.108 rows=0 loops=1)

  ->  Index Scan using stock_pkey on stock  (cost=0.42..8.45 rows=1 width=32) (actual time=0.025..0.026 rows=1 loops=1)

        Index Cond: ((s_w_id = 1) AND (s_i_id = 71387))

Planning Time: 0.098 ms

Execution Time: 0.135 ms
Failed SQL 997: UPDATE STOCK SET S_QUANTITY = 13, S_YTD = S_YTD + 1, S_ORDER_CNT = S_ORDER_CNT + 1, S_REMOTE_CNT = S_REMOTE_CNT + 0 WHERE S_I_ID = 71387 AND S_W_ID = 1
Error Message: Cannot invoke "java.util.List.get(int)" because the return value of "sg.edu.nus.autotune.DB2DATA.getAllIndexes()" is null


===== Query 998 =====

SQL: SELECT I_PRICE, I_NAME , I_DATA FROM ITEM WHERE I_ID = 24019

EXPLAIN Plan:

Index Scan using item_pkey on item  (cost=0.29..8.31 rows=1 width=61) (actual time=0.040..0.042 rows=1 loops=1)

  Index Cond: (i_id = 24019)

Planning Time: 0.073 ms

Execution Time: 0.059 ms
Failed SQL 998: SELECT I_PRICE, I_NAME , I_DATA FROM ITEM WHERE I_ID = 24019
Error Message: Cannot invoke "java.util.List.get(int)" because the return value of "sg.edu.nus.autotune.DB2DATA.getAllIndexes()" is null


===== Query 999 =====

SQL: SELECT S_QUANTITY, S_DATA, S_DIST_01, S_DIST_02, S_DIST_03, S_DIST_04, S_DIST_05, S_DIST_06, S_DIST_07, S_DIST_08, S_DIST_09, S_DIST_10 FROM STOCK WHERE S_I_ID = 24019 AND S_W_ID = 1

EXPLAIN Plan:

Index Scan using stock_pkey on stock  (cost=0.42..8.44 rows=1 width=291) (actual time=0.807..0.809 rows=1 loops=1)

  Index Cond: ((s_w_id = 1) AND (s_i_id = 24019))

Planning Time: 0.088 ms

Execution Time: 0.831 ms
Failed SQL 999: SELECT S_QUANTITY, S_DATA, S_DIST_01, S_DIST_02, S_DIST_03, S_DIST_04, S_DIST_05, S_DIST_06, S_DIST_07, S_DIST_08, S_DIST_09, S_DIST_10 FROM STOCK WHERE S_I_ID = 24019 AND S_W_ID = 1
Error Message: Cannot invoke "java.util.List.get(int)" because the return value of "sg.edu.nus.autotune.DB2DATA.getAllIndexes()" is null


===== Query 1000 =====

SQL: SELECT S_QUANTITY, S_DATA, S_DIST_01, S_DIST_02, S_DIST_03, S_DIST_04, S_DIST_05, S_DIST_06, S_DIST_07, S_DIST_08, S_DIST_09, S_DIST_10 FROM STOCK WHERE S_I_ID = 94883 AND S_W_ID = 2

EXPLAIN Plan:

Index Scan using stock_pkey on stock  (cost=0.42..8.44 rows=1 width=291) (actual time=0.849..0.851 rows=1 loops=1)

  Index Cond: ((s_w_id = 2) AND (s_i_id = 94883))

Planning Time: 0.092 ms

Execution Time: 0.873 ms
Failed SQL 1000: SELECT S_QUANTITY, S_DATA, S_DIST_01, S_DIST_02, S_DIST_03, S_DIST_04, S_DIST_05, S_DIST_06, S_DIST_07, S_DIST_08, S_DIST_09, S_DIST_10 FROM STOCK WHERE S_I_ID = 94883 AND S_W_ID = 2
Error Message: Cannot invoke "java.util.List.get(int)" because the return value of "sg.edu.nus.autotune.DB2DATA.getAllIndexes()" is null


===== Query 1001 =====

SQL: UPDATE STOCK SET S_QUANTITY = 72, S_YTD = S_YTD + 6, S_ORDER_CNT = S_ORDER_CNT + 1, S_REMOTE_CNT = S_REMOTE_CNT + 0 WHERE S_I_ID = 94883 AND S_W_ID = 2

EXPLAIN Plan:

Update on stock  (cost=0.42..8.45 rows=0 width=0) (actual time=0.067..0.068 rows=0 loops=1)

  ->  Index Scan using stock_pkey on stock  (cost=0.42..8.45 rows=1 width=32) (actual time=0.024..0.025 rows=1 loops=1)

        Index Cond: ((s_w_id = 2) AND (s_i_id = 94883))

Planning Time: 0.098 ms

Execution Time: 0.095 ms
Failed SQL 1001: UPDATE STOCK SET S_QUANTITY = 72, S_YTD = S_YTD + 6, S_ORDER_CNT = S_ORDER_CNT + 1, S_REMOTE_CNT = S_REMOTE_CNT + 0 WHERE S_I_ID = 94883 AND S_W_ID = 2
Error Message: Cannot invoke "java.util.List.get(int)" because the return value of "sg.edu.nus.autotune.DB2DATA.getAllIndexes()" is null


===== Query 1002 =====

SQL: SELECT I_PRICE, I_NAME , I_DATA FROM ITEM WHERE I_ID = 77351

EXPLAIN Plan:

Index Scan using item_pkey on item  (cost=0.29..8.31 rows=1 width=61) (actual time=0.048..0.050 rows=1 loops=1)

  Index Cond: (i_id = 77351)

Planning Time: 0.073 ms

Execution Time: 0.068 ms
Failed SQL 1002: SELECT I_PRICE, I_NAME , I_DATA FROM ITEM WHERE I_ID = 77351
Error Message: Cannot invoke "java.util.List.get(int)" because the return value of "sg.edu.nus.autotune.DB2DATA.getAllIndexes()" is null


===== Query 1003 =====

SQL: UPDATE STOCK SET S_QUANTITY = 37, S_YTD = S_YTD + 5, S_ORDER_CNT = S_ORDER_CNT + 1, S_REMOTE_CNT = S_REMOTE_CNT + 0 WHERE S_I_ID = 24019 AND S_W_ID = 1

EXPLAIN Plan:

Update on stock  (cost=0.42..8.45 rows=0 width=0) (actual time=0.093..0.094 rows=0 loops=1)

  ->  Index Scan using stock_pkey on stock  (cost=0.42..8.45 rows=1 width=32) (actual time=0.024..0.026 rows=1 loops=1)

        Index Cond: ((s_w_id = 1) AND (s_i_id = 24019))

Planning Time: 0.099 ms

Execution Time: 0.121 ms
Failed SQL 1003: UPDATE STOCK SET S_QUANTITY = 37, S_YTD = S_YTD + 5, S_ORDER_CNT = S_ORDER_CNT + 1, S_REMOTE_CNT = S_REMOTE_CNT + 0 WHERE S_I_ID = 24019 AND S_W_ID = 1
Error Message: Cannot invoke "java.util.List.get(int)" because the return value of "sg.edu.nus.autotune.DB2DATA.getAllIndexes()" is null


===== Query 1004 =====

SQL: SELECT S_QUANTITY, S_DATA, S_DIST_01, S_DIST_02, S_DIST_03, S_DIST_04, S_DIST_05, S_DIST_06, S_DIST_07, S_DIST_08, S_DIST_09, S_DIST_10 FROM STOCK WHERE S_I_ID = 77351 AND S_W_ID = 2

EXPLAIN Plan:

Index Scan using stock_pkey on stock  (cost=0.42..8.44 rows=1 width=291) (actual time=0.832..0.834 rows=1 loops=1)

  Index Cond: ((s_w_id = 2) AND (s_i_id = 77351))

Planning Time: 0.093 ms

Execution Time: 0.856 ms
Failed SQL 1004: SELECT S_QUANTITY, S_DATA, S_DIST_01, S_DIST_02, S_DIST_03, S_DIST_04, S_DIST_05, S_DIST_06, S_DIST_07, S_DIST_08, S_DIST_09, S_DIST_10 FROM STOCK WHERE S_I_ID = 77351 AND S_W_ID = 2
Error Message: Cannot invoke "java.util.List.get(int)" because the return value of "sg.edu.nus.autotune.DB2DATA.getAllIndexes()" is null


===== Query 1005 =====

SQL: SELECT I_PRICE, I_NAME , I_DATA FROM ITEM WHERE I_ID = 89317

EXPLAIN Plan:

Index Scan using item_pkey on item  (cost=0.29..8.31 rows=1 width=61) (actual time=0.783..0.785 rows=1 loops=1)

  Index Cond: (i_id = 89317)

Planning Time: 0.073 ms

Execution Time: 0.802 ms
Failed SQL 1005: SELECT I_PRICE, I_NAME , I_DATA FROM ITEM WHERE I_ID = 89317
Error Message: Cannot invoke "java.util.List.get(int)" because the return value of "sg.edu.nus.autotune.DB2DATA.getAllIndexes()" is null


===== Query 1006 =====

SQL: SELECT S_QUANTITY, S_DATA, S_DIST_01, S_DIST_02, S_DIST_03, S_DIST_04, S_DIST_05, S_DIST_06, S_DIST_07, S_DIST_08, S_DIST_09, S_DIST_10 FROM STOCK WHERE S_I_ID = 89317 AND S_W_ID = 1

EXPLAIN Plan:

Index Scan using stock_pkey on stock  (cost=0.42..8.44 rows=1 width=291) (actual time=0.980..0.982 rows=1 loops=1)

  Index Cond: ((s_w_id = 1) AND (s_i_id = 89317))

Planning Time: 0.091 ms

Execution Time: 1.005 ms
Failed SQL 1006: SELECT S_QUANTITY, S_DATA, S_DIST_01, S_DIST_02, S_DIST_03, S_DIST_04, S_DIST_05, S_DIST_06, S_DIST_07, S_DIST_08, S_DIST_09, S_DIST_10 FROM STOCK WHERE S_I_ID = 89317 AND S_W_ID = 1
Error Message: Cannot invoke "java.util.List.get(int)" because the return value of "sg.edu.nus.autotune.DB2DATA.getAllIndexes()" is null


===== Query 1007 =====

SQL: UPDATE STOCK SET S_QUANTITY = 45, S_YTD = S_YTD + 3, S_ORDER_CNT = S_ORDER_CNT + 1, S_REMOTE_CNT = S_REMOTE_CNT + 0 WHERE S_I_ID = 77351 AND S_W_ID = 2

EXPLAIN Plan:

Update on stock  (cost=0.42..8.45 rows=0 width=0) (actual time=0.079..0.079 rows=0 loops=1)

  ->  Index Scan using stock_pkey on stock  (cost=0.42..8.45 rows=1 width=32) (actual time=0.023..0.025 rows=1 loops=1)

        Index Cond: ((s_w_id = 2) AND (s_i_id = 77351))

Planning Time: 0.098 ms

Execution Time: 0.106 ms
Failed SQL 1007: UPDATE STOCK SET S_QUANTITY = 45, S_YTD = S_YTD + 3, S_ORDER_CNT = S_ORDER_CNT + 1, S_REMOTE_CNT = S_REMOTE_CNT + 0 WHERE S_I_ID = 77351 AND S_W_ID = 2
Error Message: Cannot invoke "java.util.List.get(int)" because the return value of "sg.edu.nus.autotune.DB2DATA.getAllIndexes()" is null


===== Query 1008 =====

SQL: SELECT I_PRICE, I_NAME , I_DATA FROM ITEM WHERE I_ID = 33991

EXPLAIN Plan:

Index Scan using item_pkey on item  (cost=0.29..8.31 rows=1 width=61) (actual time=1.006..1.008 rows=1 loops=1)

  Index Cond: (i_id = 33991)

Planning Time: 0.072 ms

Execution Time: 1.025 ms
Failed SQL 1008: SELECT I_PRICE, I_NAME , I_DATA FROM ITEM WHERE I_ID = 33991
Error Message: Cannot invoke "java.util.List.get(int)" because the return value of "sg.edu.nus.autotune.DB2DATA.getAllIndexes()" is null


===== Query 1009 =====

SQL: UPDATE STOCK SET S_QUANTITY = 100, S_YTD = S_YTD + 7, S_ORDER_CNT = S_ORDER_CNT + 1, S_REMOTE_CNT = S_REMOTE_CNT + 0 WHERE S_I_ID = 89317 AND S_W_ID = 1

EXPLAIN Plan:

Update on stock  (cost=0.42..8.45 rows=0 width=0) (actual time=0.060..0.061 rows=0 loops=1)

  ->  Index Scan using stock_pkey on stock  (cost=0.42..8.45 rows=1 width=32) (actual time=0.027..0.028 rows=1 loops=1)

        Index Cond: ((s_w_id = 1) AND (s_i_id = 89317))

Planning Time: 0.101 ms

Execution Time: 0.087 ms
Failed SQL 1009: UPDATE STOCK SET S_QUANTITY = 100, S_YTD = S_YTD + 7, S_ORDER_CNT = S_ORDER_CNT + 1, S_REMOTE_CNT = S_REMOTE_CNT + 0 WHERE S_I_ID = 89317 AND S_W_ID = 1
Error Message: Cannot invoke "java.util.List.get(int)" because the return value of "sg.edu.nus.autotune.DB2DATA.getAllIndexes()" is null


===== Query 1010 =====

SQL: SELECT I_PRICE, I_NAME , I_DATA FROM ITEM WHERE I_ID = 3398

EXPLAIN Plan:

Index Scan using item_pkey on item  (cost=0.29..8.31 rows=1 width=61) (actual time=0.505..0.507 rows=1 loops=1)

  Index Cond: (i_id = 3398)

Planning Time: 0.075 ms

Execution Time: 0.525 ms
Failed SQL 1010: SELECT I_PRICE, I_NAME , I_DATA FROM ITEM WHERE I_ID = 3398
Error Message: Cannot invoke "java.util.List.get(int)" because the return value of "sg.edu.nus.autotune.DB2DATA.getAllIndexes()" is null


===== Query 1011 =====

SQL: SELECT S_QUANTITY, S_DATA, S_DIST_01, S_DIST_02, S_DIST_03, S_DIST_04, S_DIST_05, S_DIST_06, S_DIST_07, S_DIST_08, S_DIST_09, S_DIST_10 FROM STOCK WHERE S_I_ID = 3398 AND S_W_ID = 1

EXPLAIN Plan:

Index Scan using stock_pkey on stock  (cost=0.42..8.44 rows=1 width=291) (actual time=1.084..1.086 rows=1 loops=1)

  Index Cond: ((s_w_id = 1) AND (s_i_id = 3398))

Planning Time: 0.091 ms

Execution Time: 1.108 ms
Failed SQL 1011: SELECT S_QUANTITY, S_DATA, S_DIST_01, S_DIST_02, S_DIST_03, S_DIST_04, S_DIST_05, S_DIST_06, S_DIST_07, S_DIST_08, S_DIST_09, S_DIST_10 FROM STOCK WHERE S_I_ID = 3398 AND S_W_ID = 1
Error Message: Cannot invoke "java.util.List.get(int)" because the return value of "sg.edu.nus.autotune.DB2DATA.getAllIndexes()" is null


===== Query 1012 =====

SQL: SELECT S_QUANTITY, S_DATA, S_DIST_01, S_DIST_02, S_DIST_03, S_DIST_04, S_DIST_05, S_DIST_06, S_DIST_07, S_DIST_08, S_DIST_09, S_DIST_10 FROM STOCK WHERE S_I_ID = 33991 AND S_W_ID = 2

EXPLAIN Plan:

Index Scan using stock_pkey on stock  (cost=0.42..8.44 rows=1 width=291) (actual time=1.186..1.188 rows=1 loops=1)

  Index Cond: ((s_w_id = 2) AND (s_i_id = 33991))

Planning Time: 0.086 ms

Execution Time: 1.209 ms
Failed SQL 1012: SELECT S_QUANTITY, S_DATA, S_DIST_01, S_DIST_02, S_DIST_03, S_DIST_04, S_DIST_05, S_DIST_06, S_DIST_07, S_DIST_08, S_DIST_09, S_DIST_10 FROM STOCK WHERE S_I_ID = 33991 AND S_W_ID = 2
Error Message: Cannot invoke "java.util.List.get(int)" because the return value of "sg.edu.nus.autotune.DB2DATA.getAllIndexes()" is null


===== Query 1013 =====

SQL: UPDATE STOCK SET S_QUANTITY = 79, S_YTD = S_YTD + 3, S_ORDER_CNT = S_ORDER_CNT + 1, S_REMOTE_CNT = S_REMOTE_CNT + 0 WHERE S_I_ID = 3398 AND S_W_ID = 1

EXPLAIN Plan:

Update on stock  (cost=0.42..8.45 rows=0 width=0) (actual time=0.070..0.071 rows=0 loops=1)

  ->  Index Scan using stock_pkey on stock  (cost=0.42..8.45 rows=1 width=32) (actual time=0.023..0.025 rows=1 loops=1)

        Index Cond: ((s_w_id = 1) AND (s_i_id = 3398))

Planning Time: 0.096 ms

Execution Time: 0.097 ms
Failed SQL 1013: UPDATE STOCK SET S_QUANTITY = 79, S_YTD = S_YTD + 3, S_ORDER_CNT = S_ORDER_CNT + 1, S_REMOTE_CNT = S_REMOTE_CNT + 0 WHERE S_I_ID = 3398 AND S_W_ID = 1
Error Message: Cannot invoke "java.util.List.get(int)" because the return value of "sg.edu.nus.autotune.DB2DATA.getAllIndexes()" is null


===== Query 1014 =====

SQL: SELECT I_PRICE, I_NAME , I_DATA FROM ITEM WHERE I_ID = 15007

EXPLAIN Plan:

Index Scan using item_pkey on item  (cost=0.29..8.31 rows=1 width=61) (actual time=0.847..0.849 rows=1 loops=1)

  Index Cond: (i_id = 15007)

Planning Time: 0.071 ms

Execution Time: 0.866 ms
Failed SQL 1014: SELECT I_PRICE, I_NAME , I_DATA FROM ITEM WHERE I_ID = 15007
Error Message: Cannot invoke "java.util.List.get(int)" because the return value of "sg.edu.nus.autotune.DB2DATA.getAllIndexes()" is null


===== Query 1015 =====

SQL: SELECT S_QUANTITY, S_DATA, S_DIST_01, S_DIST_02, S_DIST_03, S_DIST_04, S_DIST_05, S_DIST_06, S_DIST_07, S_DIST_08, S_DIST_09, S_DIST_10 FROM STOCK WHERE S_I_ID = 15007 AND S_W_ID = 1

EXPLAIN Plan:

Index Scan using stock_pkey on stock  (cost=0.42..8.44 rows=1 width=291) (actual time=0.807..0.809 rows=1 loops=1)

  Index Cond: ((s_w_id = 1) AND (s_i_id = 15007))

Planning Time: 0.091 ms

Execution Time: 0.832 ms
Failed SQL 1015: SELECT S_QUANTITY, S_DATA, S_DIST_01, S_DIST_02, S_DIST_03, S_DIST_04, S_DIST_05, S_DIST_06, S_DIST_07, S_DIST_08, S_DIST_09, S_DIST_10 FROM STOCK WHERE S_I_ID = 15007 AND S_W_ID = 1
Error Message: Cannot invoke "java.util.List.get(int)" because the return value of "sg.edu.nus.autotune.DB2DATA.getAllIndexes()" is null


===== Query 1016 =====

SQL: UPDATE STOCK SET S_QUANTITY = 98, S_YTD = S_YTD + 4, S_ORDER_CNT = S_ORDER_CNT + 1, S_REMOTE_CNT = S_REMOTE_CNT + 0 WHERE S_I_ID = 15007 AND S_W_ID = 1

EXPLAIN Plan:

Update on stock  (cost=0.42..8.45 rows=0 width=0) (actual time=0.078..0.078 rows=0 loops=1)

  ->  Index Scan using stock_pkey on stock  (cost=0.42..8.45 rows=1 width=32) (actual time=0.025..0.026 rows=1 loops=1)

        Index Cond: ((s_w_id = 1) AND (s_i_id = 15007))

Planning Time: 0.097 ms

Execution Time: 0.105 ms
Failed SQL 1016: UPDATE STOCK SET S_QUANTITY = 98, S_YTD = S_YTD + 4, S_ORDER_CNT = S_ORDER_CNT + 1, S_REMOTE_CNT = S_REMOTE_CNT + 0 WHERE S_I_ID = 15007 AND S_W_ID = 1
Error Message: Cannot invoke "java.util.List.get(int)" because the return value of "sg.edu.nus.autotune.DB2DATA.getAllIndexes()" is null


===== Query 1017 =====

SQL: SELECT I_PRICE, I_NAME , I_DATA FROM ITEM WHERE I_ID = 87958

EXPLAIN Plan:

Index Scan using item_pkey on item  (cost=0.29..8.31 rows=1 width=61) (actual time=0.499..0.501 rows=1 loops=1)

  Index Cond: (i_id = 87958)

Planning Time: 0.073 ms

Execution Time: 0.519 ms
Failed SQL 1017: SELECT I_PRICE, I_NAME , I_DATA FROM ITEM WHERE I_ID = 87958
Error Message: Cannot invoke "java.util.List.get(int)" because the return value of "sg.edu.nus.autotune.DB2DATA.getAllIndexes()" is null


===== Query 1018 =====

SQL: UPDATE STOCK SET S_QUANTITY = 49, S_YTD = S_YTD + 6, S_ORDER_CNT = S_ORDER_CNT + 1, S_REMOTE_CNT = S_REMOTE_CNT + 0 WHERE S_I_ID = 33991 AND S_W_ID = 2

EXPLAIN Plan:

Update on stock  (cost=0.42..8.45 rows=0 width=0) (actual time=0.083..0.083 rows=0 loops=1)

  ->  Index Scan using stock_pkey on stock  (cost=0.42..8.45 rows=1 width=32) (actual time=0.028..0.029 rows=1 loops=1)

        Index Cond: ((s_w_id = 2) AND (s_i_id = 33991))

Planning Time: 0.097 ms

Execution Time: 0.111 ms
Failed SQL 1018: UPDATE STOCK SET S_QUANTITY = 49, S_YTD = S_YTD + 6, S_ORDER_CNT = S_ORDER_CNT + 1, S_REMOTE_CNT = S_REMOTE_CNT + 0 WHERE S_I_ID = 33991 AND S_W_ID = 2
Error Message: Cannot invoke "java.util.List.get(int)" because the return value of "sg.edu.nus.autotune.DB2DATA.getAllIndexes()" is null


===== Query 1019 =====

SQL: SELECT I_PRICE, I_NAME , I_DATA FROM ITEM WHERE I_ID = 48866

EXPLAIN Plan:

Index Scan using item_pkey on item  (cost=0.29..8.31 rows=1 width=61) (actual time=0.042..0.043 rows=1 loops=1)

  Index Cond: (i_id = 48866)

Planning Time: 0.071 ms

Execution Time: 0.059 ms
Failed SQL 1019: SELECT I_PRICE, I_NAME , I_DATA FROM ITEM WHERE I_ID = 48866
Error Message: Cannot invoke "java.util.List.get(int)" because the return value of "sg.edu.nus.autotune.DB2DATA.getAllIndexes()" is null


===== Query 1020 =====

SQL: SELECT S_QUANTITY, S_DATA, S_DIST_01, S_DIST_02, S_DIST_03, S_DIST_04, S_DIST_05, S_DIST_06, S_DIST_07, S_DIST_08, S_DIST_09, S_DIST_10 FROM STOCK WHERE S_I_ID = 48866 AND S_W_ID = 2

EXPLAIN Plan:

Index Scan using stock_pkey on stock  (cost=0.42..8.44 rows=1 width=291) (actual time=0.058..0.060 rows=1 loops=1)

  Index Cond: ((s_w_id = 2) AND (s_i_id = 48866))

Planning Time: 0.088 ms

Execution Time: 0.081 ms
Failed SQL 1020: SELECT S_QUANTITY, S_DATA, S_DIST_01, S_DIST_02, S_DIST_03, S_DIST_04, S_DIST_05, S_DIST_06, S_DIST_07, S_DIST_08, S_DIST_09, S_DIST_10 FROM STOCK WHERE S_I_ID = 48866 AND S_W_ID = 2
Error Message: Cannot invoke "java.util.List.get(int)" because the return value of "sg.edu.nus.autotune.DB2DATA.getAllIndexes()" is null


===== Query 1021 =====

SQL: UPDATE STOCK SET S_QUANTITY = 15, S_YTD = S_YTD + 6, S_ORDER_CNT = S_ORDER_CNT + 1, S_REMOTE_CNT = S_REMOTE_CNT + 0 WHERE S_I_ID = 48866 AND S_W_ID = 2

EXPLAIN Plan:

Update on stock  (cost=0.42..8.45 rows=0 width=0) (actual time=0.082..0.083 rows=0 loops=1)

  ->  Index Scan using stock_pkey on stock  (cost=0.42..8.45 rows=1 width=32) (actual time=0.025..0.026 rows=1 loops=1)

        Index Cond: ((s_w_id = 2) AND (s_i_id = 48866))

Planning Time: 0.097 ms

Execution Time: 0.110 ms
Failed SQL 1021: UPDATE STOCK SET S_QUANTITY = 15, S_YTD = S_YTD + 6, S_ORDER_CNT = S_ORDER_CNT + 1, S_REMOTE_CNT = S_REMOTE_CNT + 0 WHERE S_I_ID = 48866 AND S_W_ID = 2
Error Message: Cannot invoke "java.util.List.get(int)" because the return value of "sg.edu.nus.autotune.DB2DATA.getAllIndexes()" is null


===== Query 1022 =====

SQL: SELECT I_PRICE, I_NAME , I_DATA FROM ITEM WHERE I_ID = 40167

EXPLAIN Plan:

Index Scan using item_pkey on item  (cost=0.29..8.31 rows=1 width=61) (actual time=0.038..0.040 rows=1 loops=1)

  Index Cond: (i_id = 40167)

Planning Time: 0.072 ms

Execution Time: 0.056 ms
Failed SQL 1022: SELECT I_PRICE, I_NAME , I_DATA FROM ITEM WHERE I_ID = 40167
Error Message: Cannot invoke "java.util.List.get(int)" because the return value of "sg.edu.nus.autotune.DB2DATA.getAllIndexes()" is null


===== Query 1023 =====

SQL: SELECT S_QUANTITY, S_DATA, S_DIST_01, S_DIST_02, S_DIST_03, S_DIST_04, S_DIST_05, S_DIST_06, S_DIST_07, S_DIST_08, S_DIST_09, S_DIST_10 FROM STOCK WHERE S_I_ID = 40167 AND S_W_ID = 2

EXPLAIN Plan:

Index Scan using stock_pkey on stock  (cost=0.42..8.44 rows=1 width=291) (actual time=0.051..0.052 rows=1 loops=1)

  Index Cond: ((s_w_id = 2) AND (s_i_id = 40167))

Planning Time: 0.092 ms

Execution Time: 0.073 ms
Failed SQL 1023: SELECT S_QUANTITY, S_DATA, S_DIST_01, S_DIST_02, S_DIST_03, S_DIST_04, S_DIST_05, S_DIST_06, S_DIST_07, S_DIST_08, S_DIST_09, S_DIST_10 FROM STOCK WHERE S_I_ID = 40167 AND S_W_ID = 2
Error Message: Cannot invoke "java.util.List.get(int)" because the return value of "sg.edu.nus.autotune.DB2DATA.getAllIndexes()" is null


===== Query 1024 =====

SQL: UPDATE STOCK SET S_QUANTITY = 38, S_YTD = S_YTD + 2, S_ORDER_CNT = S_ORDER_CNT + 1, S_REMOTE_CNT = S_REMOTE_CNT + 0 WHERE S_I_ID = 40167 AND S_W_ID = 2

EXPLAIN Plan:

Update on stock  (cost=0.42..8.45 rows=0 width=0) (actual time=0.083..0.083 rows=0 loops=1)

  ->  Index Scan using stock_pkey on stock  (cost=0.42..8.45 rows=1 width=32) (actual time=0.023..0.025 rows=1 loops=1)

        Index Cond: ((s_w_id = 2) AND (s_i_id = 40167))

Planning Time: 0.099 ms

Execution Time: 0.111 ms
Failed SQL 1024: UPDATE STOCK SET S_QUANTITY = 38, S_YTD = S_YTD + 2, S_ORDER_CNT = S_ORDER_CNT + 1, S_REMOTE_CNT = S_REMOTE_CNT + 0 WHERE S_I_ID = 40167 AND S_W_ID = 2
Error Message: Cannot invoke "java.util.List.get(int)" because the return value of "sg.edu.nus.autotune.DB2DATA.getAllIndexes()" is null


===== Query 1025 =====

SQL: SELECT I_PRICE, I_NAME , I_DATA FROM ITEM WHERE I_ID = 24023

EXPLAIN Plan:

Index Scan using item_pkey on item  (cost=0.29..8.31 rows=1 width=61) (actual time=0.019..0.020 rows=1 loops=1)

  Index Cond: (i_id = 24023)

Planning Time: 0.071 ms

Execution Time: 0.037 ms
Failed SQL 1025: SELECT I_PRICE, I_NAME , I_DATA FROM ITEM WHERE I_ID = 24023
Error Message: Cannot invoke "java.util.List.get(int)" because the return value of "sg.edu.nus.autotune.DB2DATA.getAllIndexes()" is null


===== Query 1026 =====

SQL: SELECT S_QUANTITY, S_DATA, S_DIST_01, S_DIST_02, S_DIST_03, S_DIST_04, S_DIST_05, S_DIST_06, S_DIST_07, S_DIST_08, S_DIST_09, S_DIST_10 FROM STOCK WHERE S_I_ID = 24023 AND S_W_ID = 2

EXPLAIN Plan:

Index Scan using stock_pkey on stock  (cost=0.42..8.44 rows=1 width=291) (actual time=0.803..0.805 rows=1 loops=1)

  Index Cond: ((s_w_id = 2) AND (s_i_id = 24023))

Planning Time: 0.091 ms

Execution Time: 0.827 ms
Failed SQL 1026: SELECT S_QUANTITY, S_DATA, S_DIST_01, S_DIST_02, S_DIST_03, S_DIST_04, S_DIST_05, S_DIST_06, S_DIST_07, S_DIST_08, S_DIST_09, S_DIST_10 FROM STOCK WHERE S_I_ID = 24023 AND S_W_ID = 2
Error Message: Cannot invoke "java.util.List.get(int)" because the return value of "sg.edu.nus.autotune.DB2DATA.getAllIndexes()" is null


===== Query 1027 =====

SQL: SELECT S_QUANTITY, S_DATA, S_DIST_01, S_DIST_02, S_DIST_03, S_DIST_04, S_DIST_05, S_DIST_06, S_DIST_07, S_DIST_08, S_DIST_09, S_DIST_10 FROM STOCK WHERE S_I_ID = 87958 AND S_W_ID = 1

EXPLAIN Plan:

Index Scan using stock_pkey on stock  (cost=0.42..8.44 rows=1 width=291) (actual time=1.030..1.032 rows=1 loops=1)

  Index Cond: ((s_w_id = 1) AND (s_i_id = 87958))

Planning Time: 0.091 ms

Execution Time: 1.054 ms
Failed SQL 1027: SELECT S_QUANTITY, S_DATA, S_DIST_01, S_DIST_02, S_DIST_03, S_DIST_04, S_DIST_05, S_DIST_06, S_DIST_07, S_DIST_08, S_DIST_09, S_DIST_10 FROM STOCK WHERE S_I_ID = 87958 AND S_W_ID = 1
Error Message: Cannot invoke "java.util.List.get(int)" because the return value of "sg.edu.nus.autotune.DB2DATA.getAllIndexes()" is null


===== Query 1028 =====

SQL: UPDATE STOCK SET S_QUANTITY = 91, S_YTD = S_YTD + 9, S_ORDER_CNT = S_ORDER_CNT + 1, S_REMOTE_CNT = S_REMOTE_CNT + 0 WHERE S_I_ID = 24023 AND S_W_ID = 2

EXPLAIN Plan:

Update on stock  (cost=0.42..8.45 rows=0 width=0) (actual time=0.079..0.079 rows=0 loops=1)

  ->  Index Scan using stock_pkey on stock  (cost=0.42..8.45 rows=1 width=32) (actual time=0.024..0.025 rows=1 loops=1)

        Index Cond: ((s_w_id = 2) AND (s_i_id = 24023))

Planning Time: 0.098 ms

Execution Time: 0.106 ms
Failed SQL 1028: UPDATE STOCK SET S_QUANTITY = 91, S_YTD = S_YTD + 9, S_ORDER_CNT = S_ORDER_CNT + 1, S_REMOTE_CNT = S_REMOTE_CNT + 0 WHERE S_I_ID = 24023 AND S_W_ID = 2
Error Message: Cannot invoke "java.util.List.get(int)" because the return value of "sg.edu.nus.autotune.DB2DATA.getAllIndexes()" is null


===== Query 1029 =====

SQL: SELECT I_PRICE, I_NAME , I_DATA FROM ITEM WHERE I_ID = 51015

EXPLAIN Plan:

Index Scan using item_pkey on item  (cost=0.29..8.31 rows=1 width=61) (actual time=0.821..0.823 rows=1 loops=1)

  Index Cond: (i_id = 51015)

Planning Time: 0.076 ms

Execution Time: 0.841 ms
Failed SQL 1029: SELECT I_PRICE, I_NAME , I_DATA FROM ITEM WHERE I_ID = 51015
Error Message: Cannot invoke "java.util.List.get(int)" because the return value of "sg.edu.nus.autotune.DB2DATA.getAllIndexes()" is null


===== Query 1030 =====

SQL: SELECT S_QUANTITY, S_DATA, S_DIST_01, S_DIST_02, S_DIST_03, S_DIST_04, S_DIST_05, S_DIST_06, S_DIST_07, S_DIST_08, S_DIST_09, S_DIST_10 FROM STOCK WHERE S_I_ID = 51015 AND S_W_ID = 2

EXPLAIN Plan:

Index Scan using stock_pkey on stock  (cost=0.42..8.44 rows=1 width=291) (actual time=1.089..1.092 rows=1 loops=1)

  Index Cond: ((s_w_id = 2) AND (s_i_id = 51015))

Planning Time: 0.097 ms

Execution Time: 1.114 ms
Failed SQL 1030: SELECT S_QUANTITY, S_DATA, S_DIST_01, S_DIST_02, S_DIST_03, S_DIST_04, S_DIST_05, S_DIST_06, S_DIST_07, S_DIST_08, S_DIST_09, S_DIST_10 FROM STOCK WHERE S_I_ID = 51015 AND S_W_ID = 2
Error Message: Cannot invoke "java.util.List.get(int)" because the return value of "sg.edu.nus.autotune.DB2DATA.getAllIndexes()" is null


===== Query 1031 =====

SQL: UPDATE STOCK SET S_QUANTITY = 29, S_YTD = S_YTD + 5, S_ORDER_CNT = S_ORDER_CNT + 1, S_REMOTE_CNT = S_REMOTE_CNT + 0 WHERE S_I_ID = 87958 AND S_W_ID = 1

EXPLAIN Plan:

Update on stock  (cost=0.42..8.45 rows=0 width=0) (actual time=0.957..0.958 rows=0 loops=1)

  ->  Index Scan using stock_pkey on stock  (cost=0.42..8.45 rows=1 width=32) (actual time=0.024..0.026 rows=1 loops=1)

        Index Cond: ((s_w_id = 1) AND (s_i_id = 87958))

Planning Time: 0.100 ms

Execution Time: 0.985 ms
Failed SQL 1031: UPDATE STOCK SET S_QUANTITY = 29, S_YTD = S_YTD + 5, S_ORDER_CNT = S_ORDER_CNT + 1, S_REMOTE_CNT = S_REMOTE_CNT + 0 WHERE S_I_ID = 87958 AND S_W_ID = 1
Error Message: Cannot invoke "java.util.List.get(int)" because the return value of "sg.edu.nus.autotune.DB2DATA.getAllIndexes()" is null


===== Query 1032 =====

SQL: SELECT I_PRICE, I_NAME , I_DATA FROM ITEM WHERE I_ID = 60565

EXPLAIN Plan:

Index Scan using item_pkey on item  (cost=0.29..8.31 rows=1 width=61) (actual time=1.030..1.033 rows=1 loops=1)

  Index Cond: (i_id = 60565)

Planning Time: 0.074 ms

Execution Time: 1.050 ms
Failed SQL 1032: SELECT I_PRICE, I_NAME , I_DATA FROM ITEM WHERE I_ID = 60565
Error Message: Cannot invoke "java.util.List.get(int)" because the return value of "sg.edu.nus.autotune.DB2DATA.getAllIndexes()" is null


===== Query 1033 =====

SQL: UPDATE STOCK SET S_QUANTITY = 45, S_YTD = S_YTD + 3, S_ORDER_CNT = S_ORDER_CNT + 1, S_REMOTE_CNT = S_REMOTE_CNT + 0 WHERE S_I_ID = 51015 AND S_W_ID = 2

EXPLAIN Plan:

Update on stock  (cost=0.42..8.45 rows=0 width=0) (actual time=0.098..0.099 rows=0 loops=1)

  ->  Index Scan using stock_pkey on stock  (cost=0.42..8.45 rows=1 width=32) (actual time=0.023..0.025 rows=1 loops=1)

        Index Cond: ((s_w_id = 2) AND (s_i_id = 51015))

Planning Time: 0.105 ms

Execution Time: 0.132 ms
Failed SQL 1033: UPDATE STOCK SET S_QUANTITY = 45, S_YTD = S_YTD + 3, S_ORDER_CNT = S_ORDER_CNT + 1, S_REMOTE_CNT = S_REMOTE_CNT + 0 WHERE S_I_ID = 51015 AND S_W_ID = 2
Error Message: Cannot invoke "java.util.List.get(int)" because the return value of "sg.edu.nus.autotune.DB2DATA.getAllIndexes()" is null


===== Query 1034 =====

SQL: SELECT I_PRICE, I_NAME , I_DATA FROM ITEM WHERE I_ID = 20447

EXPLAIN Plan:

Index Scan using item_pkey on item  (cost=0.29..8.31 rows=1 width=61) (actual time=1.044..1.047 rows=1 loops=1)

  Index Cond: (i_id = 20447)

Planning Time: 0.075 ms

Execution Time: 1.064 ms
Failed SQL 1034: SELECT I_PRICE, I_NAME , I_DATA FROM ITEM WHERE I_ID = 20447
Error Message: Cannot invoke "java.util.List.get(int)" because the return value of "sg.edu.nus.autotune.DB2DATA.getAllIndexes()" is null


===== Query 1035 =====

SQL: SELECT S_QUANTITY, S_DATA, S_DIST_01, S_DIST_02, S_DIST_03, S_DIST_04, S_DIST_05, S_DIST_06, S_DIST_07, S_DIST_08, S_DIST_09, S_DIST_10 FROM STOCK WHERE S_I_ID = 60565 AND S_W_ID = 1

EXPLAIN Plan:

Index Scan using stock_pkey on stock  (cost=0.42..8.44 rows=1 width=291) (actual time=1.089..1.091 rows=1 loops=1)

  Index Cond: ((s_w_id = 1) AND (s_i_id = 60565))

Planning Time: 0.094 ms

Execution Time: 1.114 ms
Failed SQL 1035: SELECT S_QUANTITY, S_DATA, S_DIST_01, S_DIST_02, S_DIST_03, S_DIST_04, S_DIST_05, S_DIST_06, S_DIST_07, S_DIST_08, S_DIST_09, S_DIST_10 FROM STOCK WHERE S_I_ID = 60565 AND S_W_ID = 1
Error Message: Cannot invoke "java.util.List.get(int)" because the return value of "sg.edu.nus.autotune.DB2DATA.getAllIndexes()" is null


===== Query 1036 =====

SQL: SELECT S_QUANTITY, S_DATA, S_DIST_01, S_DIST_02, S_DIST_03, S_DIST_04, S_DIST_05, S_DIST_06, S_DIST_07, S_DIST_08, S_DIST_09, S_DIST_10 FROM STOCK WHERE S_I_ID = 20447 AND S_W_ID = 2

EXPLAIN Plan:

Index Scan using stock_pkey on stock  (cost=0.42..8.44 rows=1 width=291) (actual time=0.979..0.981 rows=1 loops=1)

  Index Cond: ((s_w_id = 2) AND (s_i_id = 20447))

Planning Time: 0.092 ms

Execution Time: 1.004 ms
Failed SQL 1036: SELECT S_QUANTITY, S_DATA, S_DIST_01, S_DIST_02, S_DIST_03, S_DIST_04, S_DIST_05, S_DIST_06, S_DIST_07, S_DIST_08, S_DIST_09, S_DIST_10 FROM STOCK WHERE S_I_ID = 20447 AND S_W_ID = 2
Error Message: Cannot invoke "java.util.List.get(int)" because the return value of "sg.edu.nus.autotune.DB2DATA.getAllIndexes()" is null


===== Query 1037 =====

SQL: UPDATE STOCK SET S_QUANTITY = 71, S_YTD = S_YTD + 2, S_ORDER_CNT = S_ORDER_CNT + 1, S_REMOTE_CNT = S_REMOTE_CNT + 0 WHERE S_I_ID = 60565 AND S_W_ID = 1

EXPLAIN Plan:

Update on stock  (cost=0.42..8.45 rows=0 width=0) (actual time=0.101..0.102 rows=0 loops=1)

  ->  Index Scan using stock_pkey on stock  (cost=0.42..8.45 rows=1 width=32) (actual time=0.027..0.028 rows=1 loops=1)

        Index Cond: ((s_w_id = 1) AND (s_i_id = 60565))

Planning Time: 0.099 ms

Execution Time: 0.129 ms
Failed SQL 1037: UPDATE STOCK SET S_QUANTITY = 71, S_YTD = S_YTD + 2, S_ORDER_CNT = S_ORDER_CNT + 1, S_REMOTE_CNT = S_REMOTE_CNT + 0 WHERE S_I_ID = 60565 AND S_W_ID = 1
Error Message: Cannot invoke "java.util.List.get(int)" because the return value of "sg.edu.nus.autotune.DB2DATA.getAllIndexes()" is null


===== Query 1038 =====

SQL: SELECT I_PRICE, I_NAME , I_DATA FROM ITEM WHERE I_ID = 56551

EXPLAIN Plan:

Index Scan using item_pkey on item  (cost=0.29..8.31 rows=1 width=61) (actual time=0.050..0.051 rows=1 loops=1)

  Index Cond: (i_id = 56551)

Planning Time: 0.075 ms

Execution Time: 0.068 ms
Failed SQL 1038: SELECT I_PRICE, I_NAME , I_DATA FROM ITEM WHERE I_ID = 56551
Error Message: Cannot invoke "java.util.List.get(int)" because the return value of "sg.edu.nus.autotune.DB2DATA.getAllIndexes()" is null


===== Query 1039 =====

SQL: SELECT S_QUANTITY, S_DATA, S_DIST_01, S_DIST_02, S_DIST_03, S_DIST_04, S_DIST_05, S_DIST_06, S_DIST_07, S_DIST_08, S_DIST_09, S_DIST_10 FROM STOCK WHERE S_I_ID = 56551 AND S_W_ID = 1

EXPLAIN Plan:

Index Scan using stock_pkey on stock  (cost=0.42..8.44 rows=1 width=291) (actual time=0.808..0.810 rows=1 loops=1)

  Index Cond: ((s_w_id = 1) AND (s_i_id = 56551))

Planning Time: 0.091 ms

Execution Time: 0.832 ms
Failed SQL 1039: SELECT S_QUANTITY, S_DATA, S_DIST_01, S_DIST_02, S_DIST_03, S_DIST_04, S_DIST_05, S_DIST_06, S_DIST_07, S_DIST_08, S_DIST_09, S_DIST_10 FROM STOCK WHERE S_I_ID = 56551 AND S_W_ID = 1
Error Message: Cannot invoke "java.util.List.get(int)" because the return value of "sg.edu.nus.autotune.DB2DATA.getAllIndexes()" is null


===== Query 1040 =====

SQL: UPDATE STOCK SET S_QUANTITY = 65, S_YTD = S_YTD + 4, S_ORDER_CNT = S_ORDER_CNT + 1, S_REMOTE_CNT = S_REMOTE_CNT + 0 WHERE S_I_ID = 56551 AND S_W_ID = 1

EXPLAIN Plan:

Update on stock  (cost=0.42..8.45 rows=0 width=0) (actual time=0.059..0.060 rows=0 loops=1)

  ->  Index Scan using stock_pkey on stock  (cost=0.42..8.45 rows=1 width=32) (actual time=0.023..0.025 rows=1 loops=1)

        Index Cond: ((s_w_id = 1) AND (s_i_id = 56551))

Planning Time: 0.094 ms

Execution Time: 0.087 ms
Failed SQL 1040: UPDATE STOCK SET S_QUANTITY = 65, S_YTD = S_YTD + 4, S_ORDER_CNT = S_ORDER_CNT + 1, S_REMOTE_CNT = S_REMOTE_CNT + 0 WHERE S_I_ID = 56551 AND S_W_ID = 1
Error Message: Cannot invoke "java.util.List.get(int)" because the return value of "sg.edu.nus.autotune.DB2DATA.getAllIndexes()" is null


===== Query 1041 =====

SQL: SELECT I_PRICE, I_NAME , I_DATA FROM ITEM WHERE I_ID = 63159

EXPLAIN Plan:

Index Scan using item_pkey on item  (cost=0.29..8.31 rows=1 width=61) (actual time=0.040..0.041 rows=1 loops=1)

  Index Cond: (i_id = 63159)

Planning Time: 0.072 ms

Execution Time: 0.058 ms
Failed SQL 1041: SELECT I_PRICE, I_NAME , I_DATA FROM ITEM WHERE I_ID = 63159
Error Message: Cannot invoke "java.util.List.get(int)" because the return value of "sg.edu.nus.autotune.DB2DATA.getAllIndexes()" is null


===== Query 1042 =====

SQL: UPDATE STOCK SET S_QUANTITY = 51, S_YTD = S_YTD + 2, S_ORDER_CNT = S_ORDER_CNT + 1, S_REMOTE_CNT = S_REMOTE_CNT + 0 WHERE S_I_ID = 20447 AND S_W_ID = 2

EXPLAIN Plan:

Update on stock  (cost=0.42..8.45 rows=0 width=0) (actual time=0.081..0.082 rows=0 loops=1)

  ->  Index Scan using stock_pkey on stock  (cost=0.42..8.45 rows=1 width=32) (actual time=0.023..0.025 rows=1 loops=1)

        Index Cond: ((s_w_id = 2) AND (s_i_id = 20447))

Planning Time: 0.097 ms

Execution Time: 0.109 ms
Failed SQL 1042: UPDATE STOCK SET S_QUANTITY = 51, S_YTD = S_YTD + 2, S_ORDER_CNT = S_ORDER_CNT + 1, S_REMOTE_CNT = S_REMOTE_CNT + 0 WHERE S_I_ID = 20447 AND S_W_ID = 2
Error Message: Cannot invoke "java.util.List.get(int)" because the return value of "sg.edu.nus.autotune.DB2DATA.getAllIndexes()" is null


===== Query 1043 =====

SQL: UPDATE WAREHOUSE SET W_YTD = W_YTD + 4166.64 WHERE W_ID = 2

EXPLAIN Plan:

Update on warehouse  (cost=4.14..8.16 rows=0 width=0) (actual time=0.081..0.081 rows=0 loops=1)

  ->  Bitmap Heap Scan on warehouse  (cost=4.14..8.16 rows=1 width=22) (actual time=0.025..0.026 rows=1 loops=1)

        Recheck Cond: (w_id = 2)

        Heap Blocks: exact=1

        ->  Bitmap Index Scan on warehouse_pkey  (cost=0.00..4.14 rows=1 width=0) (actual time=0.012..0.013 rows=1 loops=1)

              Index Cond: (w_id = 2)

Planning Time: 0.078 ms

Execution Time: 0.112 ms
Failed SQL 1043: UPDATE WAREHOUSE SET W_YTD = W_YTD + 4166.64 WHERE W_ID = 2
Error Message: Cannot invoke "java.util.List.get(int)" because the return value of "sg.edu.nus.autotune.DB2DATA.getAllIndexes()" is null


===== Query 1044 =====

SQL: SELECT W_STREET_1, W_STREET_2, W_CITY, W_STATE, W_ZIP, W_NAME FROM WAREHOUSE WHERE W_ID = 2

EXPLAIN Plan:

Bitmap Heap Scan on warehouse  (cost=4.14..8.15 rows=1 width=65) (actual time=0.019..0.020 rows=1 loops=1)

  Recheck Cond: (w_id = 2)

  Heap Blocks: exact=1

  ->  Bitmap Index Scan on warehouse_pkey  (cost=0.00..4.14 rows=1 width=0) (actual time=0.009..0.009 rows=1 loops=1)

        Index Cond: (w_id = 2)

Planning Time: 0.076 ms

Execution Time: 0.044 ms
Failed SQL 1044: SELECT W_STREET_1, W_STREET_2, W_CITY, W_STATE, W_ZIP, W_NAME FROM WAREHOUSE WHERE W_ID = 2
Error Message: Cannot invoke "java.util.List.get(int)" because the return value of "sg.edu.nus.autotune.DB2DATA.getAllIndexes()" is null


===== Query 1045 =====

SQL: UPDATE DISTRICT SET D_YTD = D_YTD + 4166.64 WHERE D_W_ID = 2 AND D_ID = 4

EXPLAIN Plan:

Update on district  (cost=0.27..8.29 rows=0 width=0) (actual time=0.056..0.056 rows=0 loops=1)

  ->  Index Scan using district_pkey on district  (cost=0.27..8.29 rows=1 width=22) (actual time=0.020..0.021 rows=1 loops=1)

        Index Cond: ((d_w_id = 2) AND (d_id = 4))

Planning Time: 0.303 ms

Execution Time: 0.080 ms
Failed SQL 1045: UPDATE DISTRICT SET D_YTD = D_YTD + 4166.64 WHERE D_W_ID = 2 AND D_ID = 4
Error Message: Cannot invoke "java.util.List.get(int)" because the return value of "sg.edu.nus.autotune.DB2DATA.getAllIndexes()" is null


===== Query 1046 =====

SQL: SELECT D_STREET_1, D_STREET_2, D_CITY, D_STATE, D_ZIP, D_NAME FROM DISTRICT WHERE D_W_ID = 2 AND D_ID = 4

EXPLAIN Plan:

Index Scan using district_pkey on district  (cost=0.27..8.29 rows=1 width=64) (actual time=0.012..0.014 rows=1 loops=1)

  Index Cond: ((d_w_id = 2) AND (d_id = 4))

Planning Time: 0.171 ms

Execution Time: 0.031 ms
Failed SQL 1046: SELECT D_STREET_1, D_STREET_2, D_CITY, D_STATE, D_ZIP, D_NAME FROM DISTRICT WHERE D_W_ID = 2 AND D_ID = 4
Error Message: Cannot invoke "java.util.List.get(int)" because the return value of "sg.edu.nus.autotune.DB2DATA.getAllIndexes()" is null


===== Query 1047 =====

SQL: SELECT C_FIRST, C_MIDDLE, C_ID, C_STREET_1, C_STREET_2, C_CITY, C_STATE, C_ZIP, C_PHONE, C_CREDIT, C_CREDIT_LIM, C_DISCOUNT, C_BALANCE, C_YTD_PAYMENT, C_PAYMENT_CNT, C_SINCE FROM CUSTOMER WHERE C_W_ID = 2 AND C_D_ID = 4 AND C_LAST = 'ATIONESEPRES' ORDER BY C_FIRST

EXPLAIN Plan:

Sort  (cost=7161.47..7161.47 rows=2 width=131) (actual time=53.563..53.565 rows=4 loops=1)

  Sort Key: c_first

  Sort Method: quicksort  Memory: 26kB

  ->  Bitmap Heap Scan on customer  (cost=77.50..7161.46 rows=2 width=131) (actual time=15.878..53.533 rows=4 loops=1)

        Recheck Cond: ((c_w_id = 2) AND (c_d_id = 4))

        Filter: ((c_last)::text = 'ATIONESEPRES'::text)

        Rows Removed by Filter: 2996

        Heap Blocks: exact=793

        ->  Bitmap Index Scan on customer_pkey  (cost=0.00..77.50 rows=2908 width=0) (actual time=2.596..2.596 rows=3030 loops=1)

              Index Cond: ((c_w_id = 2) AND (c_d_id = 4))

Planning Time: 0.166 ms

Execution Time: 53.610 ms
Failed SQL 1047: SELECT C_FIRST, C_MIDDLE, C_ID, C_STREET_1, C_STREET_2, C_CITY, C_STATE, C_ZIP, C_PHONE, C_CREDIT, C_CREDIT_LIM, C_DISCOUNT, C_BALANCE, C_YTD_PAYMENT, C_PAYMENT_CNT, C_SINCE FROM CUSTOMER WHERE C_W_ID = 2 AND C_D_ID = 4 AND C_LAST = 'ATIONESEPRES' ORDER BY C_FIRST
Error Message: Cannot invoke "java.util.List.get(int)" because the return value of "sg.edu.nus.autotune.DB2DATA.getAllIndexes()" is null


===== Query 1048 =====

SQL: SELECT S_QUANTITY, S_DATA, S_DIST_01, S_DIST_02, S_DIST_03, S_DIST_04, S_DIST_05, S_DIST_06, S_DIST_07, S_DIST_08, S_DIST_09, S_DIST_10 FROM STOCK WHERE S_I_ID = 63159 AND S_W_ID = 1

EXPLAIN Plan:

Index Scan using stock_pkey on stock  (cost=0.42..8.44 rows=1 width=291) (actual time=0.402..0.404 rows=1 loops=1)

  Index Cond: ((s_w_id = 1) AND (s_i_id = 63159))

Planning Time: 0.093 ms

Execution Time: 0.427 ms
Failed SQL 1048: SELECT S_QUANTITY, S_DATA, S_DIST_01, S_DIST_02, S_DIST_03, S_DIST_04, S_DIST_05, S_DIST_06, S_DIST_07, S_DIST_08, S_DIST_09, S_DIST_10 FROM STOCK WHERE S_I_ID = 63159 AND S_W_ID = 1
Error Message: Cannot invoke "java.util.List.get(int)" because the return value of "sg.edu.nus.autotune.DB2DATA.getAllIndexes()" is null


===== Query 1049 =====

SQL: UPDATE STOCK SET S_QUANTITY = 60, S_YTD = S_YTD + 7, S_ORDER_CNT = S_ORDER_CNT + 1, S_REMOTE_CNT = S_REMOTE_CNT + 0 WHERE S_I_ID = 63159 AND S_W_ID = 1

EXPLAIN Plan:

Update on stock  (cost=0.42..8.45 rows=0 width=0) (actual time=0.062..0.063 rows=0 loops=1)

  ->  Index Scan using stock_pkey on stock  (cost=0.42..8.45 rows=1 width=32) (actual time=0.023..0.024 rows=1 loops=1)

        Index Cond: ((s_w_id = 1) AND (s_i_id = 63159))

Planning Time: 0.099 ms

Execution Time: 0.090 ms
Failed SQL 1049: UPDATE STOCK SET S_QUANTITY = 60, S_YTD = S_YTD + 7, S_ORDER_CNT = S_ORDER_CNT + 1, S_REMOTE_CNT = S_REMOTE_CNT + 0 WHERE S_I_ID = 63159 AND S_W_ID = 1
Error Message: Cannot invoke "java.util.List.get(int)" because the return value of "sg.edu.nus.autotune.DB2DATA.getAllIndexes()" is null


===== Query 1050 =====

SQL: SELECT I_PRICE, I_NAME , I_DATA FROM ITEM WHERE I_ID = 47318

EXPLAIN Plan:

Index Scan using item_pkey on item  (cost=0.29..8.31 rows=1 width=61) (actual time=0.991..0.992 rows=1 loops=1)

  Index Cond: (i_id = 47318)

Planning Time: 0.069 ms

Execution Time: 1.010 ms
Failed SQL 1050: SELECT I_PRICE, I_NAME , I_DATA FROM ITEM WHERE I_ID = 47318
Error Message: Cannot invoke "java.util.List.get(int)" because the return value of "sg.edu.nus.autotune.DB2DATA.getAllIndexes()" is null


===== Query 1051 =====

SQL: SELECT S_QUANTITY, S_DATA, S_DIST_01, S_DIST_02, S_DIST_03, S_DIST_04, S_DIST_05, S_DIST_06, S_DIST_07, S_DIST_08, S_DIST_09, S_DIST_10 FROM STOCK WHERE S_I_ID = 47318 AND S_W_ID = 1

EXPLAIN Plan:

Index Scan using stock_pkey on stock  (cost=0.42..8.44 rows=1 width=291) (actual time=0.986..0.988 rows=1 loops=1)

  Index Cond: ((s_w_id = 1) AND (s_i_id = 47318))

Planning Time: 0.086 ms

Execution Time: 1.009 ms
Failed SQL 1051: SELECT S_QUANTITY, S_DATA, S_DIST_01, S_DIST_02, S_DIST_03, S_DIST_04, S_DIST_05, S_DIST_06, S_DIST_07, S_DIST_08, S_DIST_09, S_DIST_10 FROM STOCK WHERE S_I_ID = 47318 AND S_W_ID = 1
Error Message: Cannot invoke "java.util.List.get(int)" because the return value of "sg.edu.nus.autotune.DB2DATA.getAllIndexes()" is null


===== Query 1052 =====

SQL: UPDATE CUSTOMER SET C_BALANCE = -11255.881, C_YTD_PAYMENT = 11255.881, C_PAYMENT_CNT = 4 WHERE C_W_ID = 2 AND C_D_ID = 4 AND C_ID = 855

EXPLAIN Plan:

Update on customer  (cost=0.42..8.44 rows=0 width=0) (actual time=0.073..0.074 rows=0 loops=1)

  ->  Index Scan using customer_pkey on customer  (cost=0.42..8.44 rows=1 width=34) (actual time=0.032..0.033 rows=1 loops=1)

        Index Cond: ((c_w_id = 2) AND (c_d_id = 4) AND (c_id = 855))

Planning Time: 0.104 ms

Execution Time: 0.099 ms
Failed SQL 1052: UPDATE CUSTOMER SET C_BALANCE = -11255.881, C_YTD_PAYMENT = 11255.881, C_PAYMENT_CNT = 4 WHERE C_W_ID = 2 AND C_D_ID = 4 AND C_ID = 855
Error Message: Cannot invoke "java.util.List.get(int)" because the return value of "sg.edu.nus.autotune.DB2DATA.getAllIndexes()" is null


===== Query 1053 =====

SQL: UPDATE STOCK SET S_QUANTITY = 35, S_YTD = S_YTD + 6, S_ORDER_CNT = S_ORDER_CNT + 1, S_REMOTE_CNT = S_REMOTE_CNT + 0 WHERE S_I_ID = 47318 AND S_W_ID = 1

EXPLAIN Plan:

Update on stock  (cost=0.42..8.45 rows=0 width=0) (actual time=0.090..0.091 rows=0 loops=1)

  ->  Index Scan using stock_pkey on stock  (cost=0.42..8.45 rows=1 width=32) (actual time=0.023..0.025 rows=1 loops=1)

        Index Cond: ((s_w_id = 1) AND (s_i_id = 47318))

Planning Time: 0.097 ms

Execution Time: 0.117 ms
Failed SQL 1053: UPDATE STOCK SET S_QUANTITY = 35, S_YTD = S_YTD + 6, S_ORDER_CNT = S_ORDER_CNT + 1, S_REMOTE_CNT = S_REMOTE_CNT + 0 WHERE S_I_ID = 47318 AND S_W_ID = 1
Error Message: Cannot invoke "java.util.List.get(int)" because the return value of "sg.edu.nus.autotune.DB2DATA.getAllIndexes()" is null


===== Query 1054 =====

SQL: SELECT I_PRICE, I_NAME , I_DATA FROM ITEM WHERE I_ID = 11622

EXPLAIN Plan:

Index Scan using item_pkey on item  (cost=0.29..8.31 rows=1 width=61) (actual time=0.984..0.986 rows=1 loops=1)

  Index Cond: (i_id = 11622)

Planning Time: 0.073 ms

Execution Time: 1.005 ms
Failed SQL 1054: SELECT I_PRICE, I_NAME , I_DATA FROM ITEM WHERE I_ID = 11622
Error Message: Cannot invoke "java.util.List.get(int)" because the return value of "sg.edu.nus.autotune.DB2DATA.getAllIndexes()" is null


===== Query 1055 =====

SQL: SELECT C_DISCOUNT, C_LAST, C_CREDIT, W_TAX FROM CUSTOMER, WAREHOUSE WHERE W_ID = 2 AND C_W_ID = 2 AND C_D_ID = 6 AND C_ID = 2273

EXPLAIN Plan:

Nested Loop  (cost=4.56..16.61 rows=1 width=26) (actual time=0.053..0.055 rows=1 loops=1)

  ->  Index Scan using customer_pkey on customer  (cost=0.42..8.44 rows=1 width=21) (actual time=0.039..0.039 rows=1 loops=1)

        Index Cond: ((c_w_id = 2) AND (c_d_id = 6) AND (c_id = 2273))

  ->  Bitmap Heap Scan on warehouse  (cost=4.14..8.15 rows=1 width=5) (actual time=0.007..0.008 rows=1 loops=1)

        Recheck Cond: (w_id = 2)

        Heap Blocks: exact=1

        ->  Bitmap Index Scan on warehouse_pkey  (cost=0.00..4.14 rows=1 width=0) (actual time=0.003..0.003 rows=1 loops=1)

              Index Cond: (w_id = 2)

Planning Time: 0.143 ms

Execution Time: 0.093 ms
Failed SQL 1055: SELECT C_DISCOUNT, C_LAST, C_CREDIT, W_TAX FROM CUSTOMER, WAREHOUSE WHERE W_ID = 2 AND C_W_ID = 2 AND C_D_ID = 6 AND C_ID = 2273
Error Message: Cannot invoke "java.util.List.get(int)" because the return value of "sg.edu.nus.autotune.DB2DATA.getAllIndexes()" is null


===== Query 1056 =====

SQL: SELECT S_QUANTITY, S_DATA, S_DIST_01, S_DIST_02, S_DIST_03, S_DIST_04, S_DIST_05, S_DIST_06, S_DIST_07, S_DIST_08, S_DIST_09, S_DIST_10 FROM STOCK WHERE S_I_ID = 11622 AND S_W_ID = 1

EXPLAIN Plan:

Index Scan using stock_pkey on stock  (cost=0.42..8.44 rows=1 width=291) (actual time=0.412..0.414 rows=1 loops=1)

  Index Cond: ((s_w_id = 1) AND (s_i_id = 11622))

Planning Time: 0.061 ms

Execution Time: 0.429 ms
Failed SQL 1056: SELECT S_QUANTITY, S_DATA, S_DIST_01, S_DIST_02, S_DIST_03, S_DIST_04, S_DIST_05, S_DIST_06, S_DIST_07, S_DIST_08, S_DIST_09, S_DIST_10 FROM STOCK WHERE S_I_ID = 11622 AND S_W_ID = 1
Error Message: Cannot invoke "java.util.List.get(int)" because the return value of "sg.edu.nus.autotune.DB2DATA.getAllIndexes()" is null


===== Query 1057 =====

SQL: SELECT D_NEXT_O_ID, D_TAX FROM DISTRICT WHERE D_W_ID = 2 AND D_ID = 6

EXPLAIN Plan:

Index Scan using district_pkey on district  (cost=0.27..8.29 rows=1 width=9) (actual time=0.016..0.017 rows=1 loops=1)

  Index Cond: ((d_w_id = 2) AND (d_id = 6))

Planning Time: 0.140 ms

Execution Time: 0.034 ms
Failed SQL 1057: SELECT D_NEXT_O_ID, D_TAX FROM DISTRICT WHERE D_W_ID = 2 AND D_ID = 6
Error Message: Cannot invoke "java.util.List.get(int)" because the return value of "sg.edu.nus.autotune.DB2DATA.getAllIndexes()" is null


===== Query 1058 =====

SQL: UPDATE DISTRICT SET D_NEXT_O_ID = D_NEXT_O_ID + 1 WHERE D_W_ID = 2 AND D_ID = 6

EXPLAIN Plan:

Update on district  (cost=0.27..8.29 rows=0 width=0) (actual time=0.054..0.055 rows=0 loops=1)

  ->  Index Scan using district_pkey on district  (cost=0.27..8.29 rows=1 width=10) (actual time=0.020..0.022 rows=1 loops=1)

        Index Cond: ((d_w_id = 2) AND (d_id = 6))

Planning Time: 0.086 ms

Execution Time: 0.081 ms
Failed SQL 1058: UPDATE DISTRICT SET D_NEXT_O_ID = D_NEXT_O_ID + 1 WHERE D_W_ID = 2 AND D_ID = 6
Error Message: Cannot invoke "java.util.List.get(int)" because the return value of "sg.edu.nus.autotune.DB2DATA.getAllIndexes()" is null


===== Query 1059 =====

SQL: SELECT I_PRICE, I_NAME , I_DATA FROM ITEM WHERE I_ID = 32451

EXPLAIN Plan:

Index Scan using item_pkey on item  (cost=0.29..8.31 rows=1 width=61) (actual time=0.057..0.058 rows=1 loops=1)

  Index Cond: (i_id = 32451)

Planning Time: 0.085 ms

Execution Time: 0.077 ms
Failed SQL 1059: SELECT I_PRICE, I_NAME , I_DATA FROM ITEM WHERE I_ID = 32451
Error Message: Cannot invoke "java.util.List.get(int)" because the return value of "sg.edu.nus.autotune.DB2DATA.getAllIndexes()" is null


===== Query 1060 =====

SQL: SELECT S_QUANTITY, S_DATA, S_DIST_01, S_DIST_02, S_DIST_03, S_DIST_04, S_DIST_05, S_DIST_06, S_DIST_07, S_DIST_08, S_DIST_09, S_DIST_10 FROM STOCK WHERE S_I_ID = 32451 AND S_W_ID = 2

EXPLAIN Plan:

Index Scan using stock_pkey on stock  (cost=0.42..8.44 rows=1 width=291) (actual time=1.559..1.561 rows=1 loops=1)

  Index Cond: ((s_w_id = 2) AND (s_i_id = 32451))

Planning Time: 0.095 ms

Execution Time: 1.584 ms
Failed SQL 1060: SELECT S_QUANTITY, S_DATA, S_DIST_01, S_DIST_02, S_DIST_03, S_DIST_04, S_DIST_05, S_DIST_06, S_DIST_07, S_DIST_08, S_DIST_09, S_DIST_10 FROM STOCK WHERE S_I_ID = 32451 AND S_W_ID = 2
Error Message: Cannot invoke "java.util.List.get(int)" because the return value of "sg.edu.nus.autotune.DB2DATA.getAllIndexes()" is null


===== Query 1061 =====

SQL: UPDATE STOCK SET S_QUANTITY = 48, S_YTD = S_YTD + 8, S_ORDER_CNT = S_ORDER_CNT + 1, S_REMOTE_CNT = S_REMOTE_CNT + 0 WHERE S_I_ID = 32451 AND S_W_ID = 2

EXPLAIN Plan:

Update on stock  (cost=0.42..8.45 rows=0 width=0) (actual time=0.097..0.097 rows=0 loops=1)

  ->  Index Scan using stock_pkey on stock  (cost=0.42..8.45 rows=1 width=32) (actual time=0.036..0.037 rows=1 loops=1)

        Index Cond: ((s_w_id = 2) AND (s_i_id = 32451))

Planning Time: 0.098 ms

Execution Time: 0.138 ms
Failed SQL 1061: UPDATE STOCK SET S_QUANTITY = 48, S_YTD = S_YTD + 8, S_ORDER_CNT = S_ORDER_CNT + 1, S_REMOTE_CNT = S_REMOTE_CNT + 0 WHERE S_I_ID = 32451 AND S_W_ID = 2
Error Message: Cannot invoke "java.util.List.get(int)" because the return value of "sg.edu.nus.autotune.DB2DATA.getAllIndexes()" is null


===== Query 1062 =====

SQL: SELECT I_PRICE, I_NAME , I_DATA FROM ITEM WHERE I_ID = 23839

EXPLAIN Plan:

Index Scan using item_pkey on item  (cost=0.29..8.31 rows=1 width=61) (actual time=0.215..0.217 rows=1 loops=1)

  Index Cond: (i_id = 23839)

Planning Time: 0.076 ms

Execution Time: 0.234 ms
Failed SQL 1062: SELECT I_PRICE, I_NAME , I_DATA FROM ITEM WHERE I_ID = 23839
Error Message: Cannot invoke "java.util.List.get(int)" because the return value of "sg.edu.nus.autotune.DB2DATA.getAllIndexes()" is null


===== Query 1063 =====

SQL: SELECT S_QUANTITY, S_DATA, S_DIST_01, S_DIST_02, S_DIST_03, S_DIST_04, S_DIST_05, S_DIST_06, S_DIST_07, S_DIST_08, S_DIST_09, S_DIST_10 FROM STOCK WHERE S_I_ID = 23839 AND S_W_ID = 2

EXPLAIN Plan:

Index Scan using stock_pkey on stock  (cost=0.42..8.44 rows=1 width=291) (actual time=0.260..0.262 rows=1 loops=1)

  Index Cond: ((s_w_id = 2) AND (s_i_id = 23839))

Planning Time: 0.101 ms

Execution Time: 0.284 ms
Failed SQL 1063: SELECT S_QUANTITY, S_DATA, S_DIST_01, S_DIST_02, S_DIST_03, S_DIST_04, S_DIST_05, S_DIST_06, S_DIST_07, S_DIST_08, S_DIST_09, S_DIST_10 FROM STOCK WHERE S_I_ID = 23839 AND S_W_ID = 2
Error Message: Cannot invoke "java.util.List.get(int)" because the return value of "sg.edu.nus.autotune.DB2DATA.getAllIndexes()" is null


===== Query 1064 =====

SQL: UPDATE STOCK SET S_QUANTITY = 89, S_YTD = S_YTD + 7, S_ORDER_CNT = S_ORDER_CNT + 1, S_REMOTE_CNT = S_REMOTE_CNT + 0 WHERE S_I_ID = 11622 AND S_W_ID = 1

EXPLAIN Plan:

Update on stock  (cost=0.42..8.45 rows=0 width=0) (actual time=0.082..0.082 rows=0 loops=1)

  ->  Index Scan using stock_pkey on stock  (cost=0.42..8.45 rows=1 width=32) (actual time=0.026..0.028 rows=1 loops=1)

        Index Cond: ((s_w_id = 1) AND (s_i_id = 11622))

Planning Time: 0.096 ms

Execution Time: 0.109 ms
Failed SQL 1064: UPDATE STOCK SET S_QUANTITY = 89, S_YTD = S_YTD + 7, S_ORDER_CNT = S_ORDER_CNT + 1, S_REMOTE_CNT = S_REMOTE_CNT + 0 WHERE S_I_ID = 11622 AND S_W_ID = 1
Error Message: Cannot invoke "java.util.List.get(int)" because the return value of "sg.edu.nus.autotune.DB2DATA.getAllIndexes()" is null


===== Query 1065 =====

SQL: UPDATE WAREHOUSE SET W_YTD = W_YTD + 1510.68 WHERE W_ID = 1

EXPLAIN Plan:

Update on warehouse  (cost=4.14..8.16 rows=0 width=0) (actual time=0.056..0.057 rows=0 loops=1)

  ->  Bitmap Heap Scan on warehouse  (cost=4.14..8.16 rows=1 width=22) (actual time=0.021..0.022 rows=1 loops=1)

        Recheck Cond: (w_id = 1)

        Heap Blocks: exact=1

        ->  Bitmap Index Scan on warehouse_pkey  (cost=0.00..4.14 rows=1 width=0) (actual time=0.011..0.011 rows=1 loops=1)

              Index Cond: (w_id = 1)

Planning Time: 0.081 ms

Execution Time: 0.087 ms
Failed SQL 1065: UPDATE WAREHOUSE SET W_YTD = W_YTD + 1510.68 WHERE W_ID = 1
Error Message: Cannot invoke "java.util.List.get(int)" because the return value of "sg.edu.nus.autotune.DB2DATA.getAllIndexes()" is null


===== Query 1066 =====

SQL: SELECT W_STREET_1, W_STREET_2, W_CITY, W_STATE, W_ZIP, W_NAME FROM WAREHOUSE WHERE W_ID = 1

EXPLAIN Plan:

Bitmap Heap Scan on warehouse  (cost=4.14..8.15 rows=1 width=65) (actual time=0.024..0.025 rows=1 loops=1)

  Recheck Cond: (w_id = 1)

  Heap Blocks: exact=1

  ->  Bitmap Index Scan on warehouse_pkey  (cost=0.00..4.14 rows=1 width=0) (actual time=0.011..0.011 rows=1 loops=1)

        Index Cond: (w_id = 1)

Planning Time: 0.092 ms

Execution Time: 0.057 ms
Failed SQL 1066: SELECT W_STREET_1, W_STREET_2, W_CITY, W_STATE, W_ZIP, W_NAME FROM WAREHOUSE WHERE W_ID = 1
Error Message: Cannot invoke "java.util.List.get(int)" because the return value of "sg.edu.nus.autotune.DB2DATA.getAllIndexes()" is null


===== Query 1067 =====

SQL: UPDATE DISTRICT SET D_YTD = D_YTD + 1510.68 WHERE D_W_ID = 1 AND D_ID = 3

EXPLAIN Plan:

Update on district  (cost=0.27..8.29 rows=0 width=0) (actual time=0.068..0.069 rows=0 loops=1)

  ->  Index Scan using district_pkey on district  (cost=0.27..8.29 rows=1 width=22) (actual time=0.029..0.031 rows=1 loops=1)

        Index Cond: ((d_w_id = 1) AND (d_id = 3))

Planning Time: 0.104 ms

Execution Time: 0.104 ms
Failed SQL 1067: UPDATE DISTRICT SET D_YTD = D_YTD + 1510.68 WHERE D_W_ID = 1 AND D_ID = 3
Error Message: Cannot invoke "java.util.List.get(int)" because the return value of "sg.edu.nus.autotune.DB2DATA.getAllIndexes()" is null


===== Query 1068 =====

SQL: SELECT D_STREET_1, D_STREET_2, D_CITY, D_STATE, D_ZIP, D_NAME FROM DISTRICT WHERE D_W_ID = 1 AND D_ID = 3

EXPLAIN Plan:

Index Scan using district_pkey on district  (cost=0.27..8.29 rows=1 width=64) (actual time=0.024..0.025 rows=1 loops=1)

  Index Cond: ((d_w_id = 1) AND (d_id = 3))

Planning Time: 0.097 ms

Execution Time: 0.046 ms
Failed SQL 1068: SELECT D_STREET_1, D_STREET_2, D_CITY, D_STATE, D_ZIP, D_NAME FROM DISTRICT WHERE D_W_ID = 1 AND D_ID = 3
Error Message: Cannot invoke "java.util.List.get(int)" because the return value of "sg.edu.nus.autotune.DB2DATA.getAllIndexes()" is null


===== Query 1069 =====

SQL: SELECT C_FIRST, C_MIDDLE, C_ID, C_STREET_1, C_STREET_2, C_CITY, C_STATE, C_ZIP, C_PHONE, C_CREDIT, C_CREDIT_LIM, C_DISCOUNT, C_BALANCE, C_YTD_PAYMENT, C_PAYMENT_CNT, C_SINCE FROM CUSTOMER WHERE C_W_ID = 1 AND C_D_ID = 3 AND C_LAST = 'ESEOUGHTBAR' ORDER BY C_FIRST

EXPLAIN Plan:

Sort  (cost=7366.72..7366.72 rows=2 width=131) (actual time=46.265..46.267 rows=2 loops=1)

  Sort Key: c_first

  Sort Method: quicksort  Memory: 25kB

  ->  Bitmap Heap Scan on customer  (cost=78.74..7366.71 rows=2 width=131) (actual time=13.371..46.247 rows=2 loops=1)

        Recheck Cond: ((c_w_id = 1) AND (c_d_id = 3))

        Filter: ((c_last)::text = 'ESEOUGHTBAR'::text)

        Rows Removed by Filter: 2998

        Heap Blocks: exact=838

        ->  Bitmap Index Scan on customer_pkey  (cost=0.00..78.74 rows=3032 width=0) (actual time=3.006..3.007 rows=3084 loops=1)

              Index Cond: ((c_w_id = 1) AND (c_d_id = 3))

Planning Time: 0.182 ms

Execution Time: 46.355 ms
Failed SQL 1069: SELECT C_FIRST, C_MIDDLE, C_ID, C_STREET_1, C_STREET_2, C_CITY, C_STATE, C_ZIP, C_PHONE, C_CREDIT, C_CREDIT_LIM, C_DISCOUNT, C_BALANCE, C_YTD_PAYMENT, C_PAYMENT_CNT, C_SINCE FROM CUSTOMER WHERE C_W_ID = 1 AND C_D_ID = 3 AND C_LAST = 'ESEOUGHTBAR' ORDER BY C_FIRST
Error Message: Cannot invoke "java.util.List.get(int)" because the return value of "sg.edu.nus.autotune.DB2DATA.getAllIndexes()" is null


===== Query 1070 =====

SQL: UPDATE STOCK SET S_QUANTITY = 70, S_YTD = S_YTD + 3, S_ORDER_CNT = S_ORDER_CNT + 1, S_REMOTE_CNT = S_REMOTE_CNT + 0 WHERE S_I_ID = 23839 AND S_W_ID = 2

EXPLAIN Plan:

Update on stock  (cost=0.42..8.45 rows=0 width=0) (actual time=0.117..0.118 rows=0 loops=1)

  ->  Index Scan using stock_pkey on stock  (cost=0.42..8.45 rows=1 width=32) (actual time=0.034..0.035 rows=1 loops=1)

        Index Cond: ((s_w_id = 2) AND (s_i_id = 23839))

Planning Time: 0.137 ms

Execution Time: 0.150 ms
Failed SQL 1070: UPDATE STOCK SET S_QUANTITY = 70, S_YTD = S_YTD + 3, S_ORDER_CNT = S_ORDER_CNT + 1, S_REMOTE_CNT = S_REMOTE_CNT + 0 WHERE S_I_ID = 23839 AND S_W_ID = 2
Error Message: Cannot invoke "java.util.List.get(int)" because the return value of "sg.edu.nus.autotune.DB2DATA.getAllIndexes()" is null


===== Query 1071 =====

SQL: SELECT I_PRICE, I_NAME , I_DATA FROM ITEM WHERE I_ID = 35557

EXPLAIN Plan:

Index Scan using item_pkey on item  (cost=0.29..8.31 rows=1 width=61) (actual time=0.649..0.652 rows=1 loops=1)

  Index Cond: (i_id = 35557)

Planning Time: 0.071 ms

Execution Time: 0.669 ms
Failed SQL 1071: SELECT I_PRICE, I_NAME , I_DATA FROM ITEM WHERE I_ID = 35557
Error Message: Cannot invoke "java.util.List.get(int)" because the return value of "sg.edu.nus.autotune.DB2DATA.getAllIndexes()" is null


===== Query 1072 =====

SQL: SELECT S_QUANTITY, S_DATA, S_DIST_01, S_DIST_02, S_DIST_03, S_DIST_04, S_DIST_05, S_DIST_06, S_DIST_07, S_DIST_08, S_DIST_09, S_DIST_10 FROM STOCK WHERE S_I_ID = 35557 AND S_W_ID = 2

EXPLAIN Plan:

Index Scan using stock_pkey on stock  (cost=0.42..8.44 rows=1 width=291) (actual time=0.054..0.056 rows=1 loops=1)

  Index Cond: ((s_w_id = 2) AND (s_i_id = 35557))

Planning Time: 0.102 ms

Execution Time: 0.077 ms
Failed SQL 1072: SELECT S_QUANTITY, S_DATA, S_DIST_01, S_DIST_02, S_DIST_03, S_DIST_04, S_DIST_05, S_DIST_06, S_DIST_07, S_DIST_08, S_DIST_09, S_DIST_10 FROM STOCK WHERE S_I_ID = 35557 AND S_W_ID = 2
Error Message: Cannot invoke "java.util.List.get(int)" because the return value of "sg.edu.nus.autotune.DB2DATA.getAllIndexes()" is null


===== Query 1073 =====

SQL: UPDATE STOCK SET S_QUANTITY = 44, S_YTD = S_YTD + 4, S_ORDER_CNT = S_ORDER_CNT + 1, S_REMOTE_CNT = S_REMOTE_CNT + 0 WHERE S_I_ID = 35557 AND S_W_ID = 2

EXPLAIN Plan:

Update on stock  (cost=0.42..8.45 rows=0 width=0) (actual time=0.098..0.098 rows=0 loops=1)

  ->  Index Scan using stock_pkey on stock  (cost=0.42..8.45 rows=1 width=32) (actual time=0.026..0.028 rows=1 loops=1)

        Index Cond: ((s_w_id = 2) AND (s_i_id = 35557))

Planning Time: 0.106 ms

Execution Time: 0.126 ms
Failed SQL 1073: UPDATE STOCK SET S_QUANTITY = 44, S_YTD = S_YTD + 4, S_ORDER_CNT = S_ORDER_CNT + 1, S_REMOTE_CNT = S_REMOTE_CNT + 0 WHERE S_I_ID = 35557 AND S_W_ID = 2
Error Message: Cannot invoke "java.util.List.get(int)" because the return value of "sg.edu.nus.autotune.DB2DATA.getAllIndexes()" is null


===== Query 1074 =====

SQL: SELECT I_PRICE, I_NAME , I_DATA FROM ITEM WHERE I_ID = 73358

EXPLAIN Plan:

Index Scan using item_pkey on item  (cost=0.29..8.31 rows=1 width=61) (actual time=0.061..0.063 rows=1 loops=1)

  Index Cond: (i_id = 73358)

Planning Time: 0.052 ms

Execution Time: 0.086 ms
Failed SQL 1074: SELECT I_PRICE, I_NAME , I_DATA FROM ITEM WHERE I_ID = 73358
Error Message: Cannot invoke "java.util.List.get(int)" because the return value of "sg.edu.nus.autotune.DB2DATA.getAllIndexes()" is null


===== Query 1075 =====

SQL: SELECT S_QUANTITY, S_DATA, S_DIST_01, S_DIST_02, S_DIST_03, S_DIST_04, S_DIST_05, S_DIST_06, S_DIST_07, S_DIST_08, S_DIST_09, S_DIST_10 FROM STOCK WHERE S_I_ID = 73358 AND S_W_ID = 2

EXPLAIN Plan:

Index Scan using stock_pkey on stock  (cost=0.42..8.44 rows=1 width=291) (actual time=0.084..0.086 rows=1 loops=1)

  Index Cond: ((s_w_id = 2) AND (s_i_id = 73358))

Planning Time: 0.115 ms

Execution Time: 0.112 ms
Failed SQL 1075: SELECT S_QUANTITY, S_DATA, S_DIST_01, S_DIST_02, S_DIST_03, S_DIST_04, S_DIST_05, S_DIST_06, S_DIST_07, S_DIST_08, S_DIST_09, S_DIST_10 FROM STOCK WHERE S_I_ID = 73358 AND S_W_ID = 2
Error Message: Cannot invoke "java.util.List.get(int)" because the return value of "sg.edu.nus.autotune.DB2DATA.getAllIndexes()" is null


===== Query 1076 =====

SQL: SELECT C_DATA FROM CUSTOMER WHERE C_W_ID = 1 AND C_D_ID = 3 AND C_ID = 511

EXPLAIN Plan:

Index Scan using customer_pkey on customer  (cost=0.42..8.44 rows=1 width=405) (actual time=0.060..0.061 rows=1 loops=1)

  Index Cond: ((c_w_id = 1) AND (c_d_id = 3) AND (c_id = 511))

Planning Time: 0.123 ms

Execution Time: 0.084 ms
Failed SQL 1076: SELECT C_DATA FROM CUSTOMER WHERE C_W_ID = 1 AND C_D_ID = 3 AND C_ID = 511
Error Message: Cannot invoke "java.util.List.get(int)" because the return value of "sg.edu.nus.autotune.DB2DATA.getAllIndexes()" is null


===== Query 1077 =====

SQL: UPDATE CUSTOMER SET C_BALANCE = -1520.68, C_YTD_PAYMENT = 1520.68, C_PAYMENT_CNT = 2, C_DATA = '511 3 1 3 1 1510.68 | klfhwekqkiskocprqcbjguyckqouzmgojtjdsdwmwmecomhoaaxaxlfhoszjwfoahfdapglwinejtkumsudjxadibnjmdmjzideagenmwelqthoscccrbmkothanyamvfyqaodgbjtyazjsgsmtscowzgzlrgwdklnrhhkxjvosvoxnttsypbfrnuldeatgodyosqvifuqxpacjvjjqpnaozpkbdzavrgeyhuhmbxrqvspaqoicamgnsoaatioczhcfqjhuvjugufosxhrlapcqcgmsyxazaxuxcqyfylmekwdtmxamorcatqkqevpivxqcxmiolbnpwxdseobcpmfezkwdknzysjddwxbdcczzlnldcramtoxyno' WHERE C_W_ID = 1 AND C_D_ID = 3 AND C_ID = 511

EXPLAIN Plan:

Update on customer  (cost=0.42..8.44 rows=0 width=0) (actual time=0.143..0.144 rows=0 loops=1)

  ->  Index Scan using customer_pkey on customer  (cost=0.42..8.44 rows=1 width=550) (actual time=0.032..0.034 rows=1 loops=1)

        Index Cond: ((c_w_id = 1) AND (c_d_id = 3) AND (c_id = 511))

Planning Time: 0.131 ms

Execution Time: 0.174 ms
Failed SQL 1077: UPDATE CUSTOMER SET C_BALANCE = -1520.68, C_YTD_PAYMENT = 1520.68, C_PAYMENT_CNT = 2, C_DATA = '511 3 1 3 1 1510.68 | klfhwekqkiskocprqcbjguyckqouzmgojtjdsdwmwmecomhoaaxaxlfhoszjwfoahfdapglwinejtkumsudjxadibnjmdmjzideagenmwelqthoscccrbmkothanyamvfyqaodgbjtyazjsgsmtscowzgzlrgwdklnrhhkxjvosvoxnttsypbfrnuldeatgodyosqvifuqxpacjvjjqpnaozpkbdzavrgeyhuhmbxrqvspaqoicamgnsoaatioczhcfqjhuvjugufosxhrlapcqcgmsyxazaxuxcqyfylmekwdtmxamorcatqkqevpivxqcxmiolbnpwxdseobcpmfezkwdknzysjddwxbdcczzlnldcramtoxyno' WHERE C_W_ID = 1 AND C_D_ID = 3 AND C_ID = 511
Error Message: Cannot invoke "java.util.List.get(int)" because the return value of "sg.edu.nus.autotune.DB2DATA.getAllIndexes()" is null


===== Query 1078 =====

SQL: SELECT C_DISCOUNT, C_LAST, C_CREDIT, W_TAX FROM CUSTOMER, WAREHOUSE WHERE W_ID = 1 AND C_W_ID = 1 AND C_D_ID = 8 AND C_ID = 309

EXPLAIN Plan:

Nested Loop  (cost=4.56..16.61 rows=1 width=26) (actual time=0.068..0.069 rows=1 loops=1)

  ->  Index Scan using customer_pkey on customer  (cost=0.42..8.44 rows=1 width=21) (actual time=0.051..0.051 rows=1 loops=1)

        Index Cond: ((c_w_id = 1) AND (c_d_id = 8) AND (c_id = 309))

  ->  Bitmap Heap Scan on warehouse  (cost=4.14..8.15 rows=1 width=5) (actual time=0.009..0.009 rows=1 loops=1)

        Recheck Cond: (w_id = 1)

        Heap Blocks: exact=1

        ->  Bitmap Index Scan on warehouse_pkey  (cost=0.00..4.14 rows=1 width=0) (actual time=0.005..0.005 rows=1 loops=1)

              Index Cond: (w_id = 1)

Planning Time: 0.106 ms

Execution Time: 0.100 ms
Failed SQL 1078: SELECT C_DISCOUNT, C_LAST, C_CREDIT, W_TAX FROM CUSTOMER, WAREHOUSE WHERE W_ID = 1 AND C_W_ID = 1 AND C_D_ID = 8 AND C_ID = 309
Error Message: Cannot invoke "java.util.List.get(int)" because the return value of "sg.edu.nus.autotune.DB2DATA.getAllIndexes()" is null


===== Query 1079 =====

SQL: UPDATE STOCK SET S_QUANTITY = 62, S_YTD = S_YTD + 8, S_ORDER_CNT = S_ORDER_CNT + 1, S_REMOTE_CNT = S_REMOTE_CNT + 0 WHERE S_I_ID = 73358 AND S_W_ID = 2

EXPLAIN Plan:

Update on stock  (cost=0.42..8.45 rows=0 width=0) (actual time=0.104..0.105 rows=0 loops=1)

  ->  Index Scan using stock_pkey on stock  (cost=0.42..8.45 rows=1 width=32) (actual time=0.038..0.040 rows=1 loops=1)

        Index Cond: ((s_w_id = 2) AND (s_i_id = 73358))

Planning Time: 0.115 ms

Execution Time: 0.150 ms
Failed SQL 1079: UPDATE STOCK SET S_QUANTITY = 62, S_YTD = S_YTD + 8, S_ORDER_CNT = S_ORDER_CNT + 1, S_REMOTE_CNT = S_REMOTE_CNT + 0 WHERE S_I_ID = 73358 AND S_W_ID = 2
Error Message: Cannot invoke "java.util.List.get(int)" because the return value of "sg.edu.nus.autotune.DB2DATA.getAllIndexes()" is null


===== Query 1080 =====

SQL: SELECT I_PRICE, I_NAME , I_DATA FROM ITEM WHERE I_ID = 6102

EXPLAIN Plan:

Index Scan using item_pkey on item  (cost=0.29..8.31 rows=1 width=61) (actual time=0.039..0.040 rows=1 loops=1)

  Index Cond: (i_id = 6102)

Planning Time: 0.052 ms

Execution Time: 0.052 ms
Failed SQL 1080: SELECT I_PRICE, I_NAME , I_DATA FROM ITEM WHERE I_ID = 6102
Error Message: Cannot invoke "java.util.List.get(int)" because the return value of "sg.edu.nus.autotune.DB2DATA.getAllIndexes()" is null


===== Query 1081 =====

SQL: SELECT S_QUANTITY, S_DATA, S_DIST_01, S_DIST_02, S_DIST_03, S_DIST_04, S_DIST_05, S_DIST_06, S_DIST_07, S_DIST_08, S_DIST_09, S_DIST_10 FROM STOCK WHERE S_I_ID = 6102 AND S_W_ID = 2

EXPLAIN Plan:

Index Scan using stock_pkey on stock  (cost=0.42..8.44 rows=1 width=291) (actual time=0.901..0.903 rows=1 loops=1)

  Index Cond: ((s_w_id = 2) AND (s_i_id = 6102))

Planning Time: 0.100 ms

Execution Time: 0.930 ms
Failed SQL 1081: SELECT S_QUANTITY, S_DATA, S_DIST_01, S_DIST_02, S_DIST_03, S_DIST_04, S_DIST_05, S_DIST_06, S_DIST_07, S_DIST_08, S_DIST_09, S_DIST_10 FROM STOCK WHERE S_I_ID = 6102 AND S_W_ID = 2
Error Message: Cannot invoke "java.util.List.get(int)" because the return value of "sg.edu.nus.autotune.DB2DATA.getAllIndexes()" is null


===== Query 1082 =====

SQL: SELECT D_NEXT_O_ID, D_TAX FROM DISTRICT WHERE D_W_ID = 1 AND D_ID = 8

EXPLAIN Plan:

Index Scan using district_pkey on district  (cost=0.27..8.29 rows=1 width=9) (actual time=0.031..0.032 rows=1 loops=1)

  Index Cond: ((d_w_id = 1) AND (d_id = 8))

Planning Time: 0.101 ms

Execution Time: 0.052 ms
Failed SQL 1082: SELECT D_NEXT_O_ID, D_TAX FROM DISTRICT WHERE D_W_ID = 1 AND D_ID = 8
Error Message: Cannot invoke "java.util.List.get(int)" because the return value of "sg.edu.nus.autotune.DB2DATA.getAllIndexes()" is null


===== Query 1083 =====

SQL: UPDATE DISTRICT SET D_NEXT_O_ID = D_NEXT_O_ID + 1 WHERE D_W_ID = 1 AND D_ID = 8

EXPLAIN Plan:

Update on district  (cost=0.27..8.29 rows=0 width=0) (actual time=0.060..0.061 rows=0 loops=1)

  ->  Index Scan using district_pkey on district  (cost=0.27..8.29 rows=1 width=10) (actual time=0.023..0.024 rows=1 loops=1)

        Index Cond: ((d_w_id = 1) AND (d_id = 8))

Planning Time: 0.097 ms

Execution Time: 0.087 ms
Failed SQL 1083: UPDATE DISTRICT SET D_NEXT_O_ID = D_NEXT_O_ID + 1 WHERE D_W_ID = 1 AND D_ID = 8
Error Message: Cannot invoke "java.util.List.get(int)" because the return value of "sg.edu.nus.autotune.DB2DATA.getAllIndexes()" is null


===== Query 1084 =====

SQL: SELECT I_PRICE, I_NAME , I_DATA FROM ITEM WHERE I_ID = 22054

EXPLAIN Plan:

Index Scan using item_pkey on item  (cost=0.29..8.31 rows=1 width=61) (actual time=0.819..0.822 rows=1 loops=1)

  Index Cond: (i_id = 22054)

Planning Time: 0.082 ms

Execution Time: 0.842 ms
Failed SQL 1084: SELECT I_PRICE, I_NAME , I_DATA FROM ITEM WHERE I_ID = 22054
Error Message: Cannot invoke "java.util.List.get(int)" because the return value of "sg.edu.nus.autotune.DB2DATA.getAllIndexes()" is null


===== Query 1085 =====

SQL: UPDATE STOCK SET S_QUANTITY = 70, S_YTD = S_YTD + 10, S_ORDER_CNT = S_ORDER_CNT + 1, S_REMOTE_CNT = S_REMOTE_CNT + 0 WHERE S_I_ID = 6102 AND S_W_ID = 2

EXPLAIN Plan:

Update on stock  (cost=0.42..8.45 rows=0 width=0) (actual time=0.100..0.101 rows=0 loops=1)

  ->  Index Scan using stock_pkey on stock  (cost=0.42..8.45 rows=1 width=32) (actual time=0.028..0.030 rows=1 loops=1)

        Index Cond: ((s_w_id = 2) AND (s_i_id = 6102))

Planning Time: 0.112 ms

Execution Time: 0.143 ms
Failed SQL 1085: UPDATE STOCK SET S_QUANTITY = 70, S_YTD = S_YTD + 10, S_ORDER_CNT = S_ORDER_CNT + 1, S_REMOTE_CNT = S_REMOTE_CNT + 0 WHERE S_I_ID = 6102 AND S_W_ID = 2
Error Message: Cannot invoke "java.util.List.get(int)" because the return value of "sg.edu.nus.autotune.DB2DATA.getAllIndexes()" is null


===== Query 1086 =====

SQL: SELECT S_QUANTITY, S_DATA, S_DIST_01, S_DIST_02, S_DIST_03, S_DIST_04, S_DIST_05, S_DIST_06, S_DIST_07, S_DIST_08, S_DIST_09, S_DIST_10 FROM STOCK WHERE S_I_ID = 22054 AND S_W_ID = 1

EXPLAIN Plan:

Index Scan using stock_pkey on stock  (cost=0.42..8.44 rows=1 width=291) (actual time=0.895..0.898 rows=1 loops=1)

  Index Cond: ((s_w_id = 1) AND (s_i_id = 22054))

Planning Time: 0.111 ms

Execution Time: 0.925 ms
Failed SQL 1086: SELECT S_QUANTITY, S_DATA, S_DIST_01, S_DIST_02, S_DIST_03, S_DIST_04, S_DIST_05, S_DIST_06, S_DIST_07, S_DIST_08, S_DIST_09, S_DIST_10 FROM STOCK WHERE S_I_ID = 22054 AND S_W_ID = 1
Error Message: Cannot invoke "java.util.List.get(int)" because the return value of "sg.edu.nus.autotune.DB2DATA.getAllIndexes()" is null


===== Query 1087 =====

SQL: SELECT I_PRICE, I_NAME , I_DATA FROM ITEM WHERE I_ID = 89571

EXPLAIN Plan:

Index Scan using item_pkey on item  (cost=0.29..8.31 rows=1 width=61) (actual time=0.425..0.428 rows=1 loops=1)

  Index Cond: (i_id = 89571)

Planning Time: 0.100 ms

Execution Time: 0.451 ms
Failed SQL 1087: SELECT I_PRICE, I_NAME , I_DATA FROM ITEM WHERE I_ID = 89571
Error Message: Cannot invoke "java.util.List.get(int)" because the return value of "sg.edu.nus.autotune.DB2DATA.getAllIndexes()" is null


===== Query 1088 =====

SQL: SELECT S_QUANTITY, S_DATA, S_DIST_01, S_DIST_02, S_DIST_03, S_DIST_04, S_DIST_05, S_DIST_06, S_DIST_07, S_DIST_08, S_DIST_09, S_DIST_10 FROM STOCK WHERE S_I_ID = 89571 AND S_W_ID = 2

EXPLAIN Plan:

Index Scan using stock_pkey on stock  (cost=0.42..8.44 rows=1 width=291) (actual time=0.045..0.046 rows=1 loops=1)

  Index Cond: ((s_w_id = 2) AND (s_i_id = 89571))

Planning Time: 0.081 ms

Execution Time: 0.062 ms
Failed SQL 1088: SELECT S_QUANTITY, S_DATA, S_DIST_01, S_DIST_02, S_DIST_03, S_DIST_04, S_DIST_05, S_DIST_06, S_DIST_07, S_DIST_08, S_DIST_09, S_DIST_10 FROM STOCK WHERE S_I_ID = 89571 AND S_W_ID = 2
Error Message: Cannot invoke "java.util.List.get(int)" because the return value of "sg.edu.nus.autotune.DB2DATA.getAllIndexes()" is null


===== Query 1089 =====

SQL: UPDATE STOCK SET S_QUANTITY = 74, S_YTD = S_YTD + 5, S_ORDER_CNT = S_ORDER_CNT + 1, S_REMOTE_CNT = S_REMOTE_CNT + 0 WHERE S_I_ID = 22054 AND S_W_ID = 1

EXPLAIN Plan:

Update on stock  (cost=0.42..8.45 rows=0 width=0) (actual time=0.110..0.111 rows=0 loops=1)

  ->  Index Scan using stock_pkey on stock  (cost=0.42..8.45 rows=1 width=32) (actual time=0.027..0.028 rows=1 loops=1)

        Index Cond: ((s_w_id = 1) AND (s_i_id = 22054))

Planning Time: 0.113 ms

Execution Time: 0.142 ms
Failed SQL 1089: UPDATE STOCK SET S_QUANTITY = 74, S_YTD = S_YTD + 5, S_ORDER_CNT = S_ORDER_CNT + 1, S_REMOTE_CNT = S_REMOTE_CNT + 0 WHERE S_I_ID = 22054 AND S_W_ID = 1
Error Message: Cannot invoke "java.util.List.get(int)" because the return value of "sg.edu.nus.autotune.DB2DATA.getAllIndexes()" is null


===== Query 1090 =====

SQL: SELECT I_PRICE, I_NAME , I_DATA FROM ITEM WHERE I_ID = 27317

EXPLAIN Plan:

Index Scan using item_pkey on item  (cost=0.29..8.31 rows=1 width=61) (actual time=1.251..1.254 rows=1 loops=1)

  Index Cond: (i_id = 27317)

Planning Time: 0.077 ms

Execution Time: 1.274 ms
Failed SQL 1090: SELECT I_PRICE, I_NAME , I_DATA FROM ITEM WHERE I_ID = 27317
Error Message: Cannot invoke "java.util.List.get(int)" because the return value of "sg.edu.nus.autotune.DB2DATA.getAllIndexes()" is null


===== Query 1091 =====

SQL: UPDATE STOCK SET S_QUANTITY = 38, S_YTD = S_YTD + 3, S_ORDER_CNT = S_ORDER_CNT + 1, S_REMOTE_CNT = S_REMOTE_CNT + 0 WHERE S_I_ID = 89571 AND S_W_ID = 2

EXPLAIN Plan:

Update on stock  (cost=0.42..8.45 rows=0 width=0) (actual time=0.117..0.118 rows=0 loops=1)

  ->  Index Scan using stock_pkey on stock  (cost=0.42..8.45 rows=1 width=32) (actual time=0.025..0.026 rows=1 loops=1)

        Index Cond: ((s_w_id = 2) AND (s_i_id = 89571))

Planning Time: 0.101 ms

Execution Time: 0.146 ms
Failed SQL 1091: UPDATE STOCK SET S_QUANTITY = 38, S_YTD = S_YTD + 3, S_ORDER_CNT = S_ORDER_CNT + 1, S_REMOTE_CNT = S_REMOTE_CNT + 0 WHERE S_I_ID = 89571 AND S_W_ID = 2
Error Message: Cannot invoke "java.util.List.get(int)" because the return value of "sg.edu.nus.autotune.DB2DATA.getAllIndexes()" is null


===== Query 1092 =====

SQL: SELECT S_QUANTITY, S_DATA, S_DIST_01, S_DIST_02, S_DIST_03, S_DIST_04, S_DIST_05, S_DIST_06, S_DIST_07, S_DIST_08, S_DIST_09, S_DIST_10 FROM STOCK WHERE S_I_ID = 27317 AND S_W_ID = 1

EXPLAIN Plan:

Index Scan using stock_pkey on stock  (cost=0.42..8.44 rows=1 width=291) (actual time=1.124..1.127 rows=1 loops=1)

  Index Cond: ((s_w_id = 1) AND (s_i_id = 27317))

Planning Time: 0.093 ms

Execution Time: 1.154 ms
Failed SQL 1092: SELECT S_QUANTITY, S_DATA, S_DIST_01, S_DIST_02, S_DIST_03, S_DIST_04, S_DIST_05, S_DIST_06, S_DIST_07, S_DIST_08, S_DIST_09, S_DIST_10 FROM STOCK WHERE S_I_ID = 27317 AND S_W_ID = 1
Error Message: Cannot invoke "java.util.List.get(int)" because the return value of "sg.edu.nus.autotune.DB2DATA.getAllIndexes()" is null


===== Query 1093 =====

SQL: SELECT I_PRICE, I_NAME , I_DATA FROM ITEM WHERE I_ID = 62531

EXPLAIN Plan:

Index Scan using item_pkey on item  (cost=0.29..8.31 rows=1 width=61) (actual time=1.951..1.954 rows=1 loops=1)

  Index Cond: (i_id = 62531)

Planning Time: 0.079 ms

Execution Time: 1.980 ms
Failed SQL 1093: SELECT I_PRICE, I_NAME , I_DATA FROM ITEM WHERE I_ID = 62531
Error Message: Cannot invoke "java.util.List.get(int)" because the return value of "sg.edu.nus.autotune.DB2DATA.getAllIndexes()" is null


===== Query 1094 =====

SQL: SELECT S_QUANTITY, S_DATA, S_DIST_01, S_DIST_02, S_DIST_03, S_DIST_04, S_DIST_05, S_DIST_06, S_DIST_07, S_DIST_08, S_DIST_09, S_DIST_10 FROM STOCK WHERE S_I_ID = 62531 AND S_W_ID = 2

EXPLAIN Plan:

Index Scan using stock_pkey on stock  (cost=0.42..8.44 rows=1 width=291) (actual time=0.066..0.067 rows=1 loops=1)

  Index Cond: ((s_w_id = 2) AND (s_i_id = 62531))

Planning Time: 0.093 ms

Execution Time: 0.089 ms
Failed SQL 1094: SELECT S_QUANTITY, S_DATA, S_DIST_01, S_DIST_02, S_DIST_03, S_DIST_04, S_DIST_05, S_DIST_06, S_DIST_07, S_DIST_08, S_DIST_09, S_DIST_10 FROM STOCK WHERE S_I_ID = 62531 AND S_W_ID = 2
Error Message: Cannot invoke "java.util.List.get(int)" because the return value of "sg.edu.nus.autotune.DB2DATA.getAllIndexes()" is null


===== Query 1095 =====

SQL: UPDATE STOCK SET S_QUANTITY = 12, S_YTD = S_YTD + 2, S_ORDER_CNT = S_ORDER_CNT + 1, S_REMOTE_CNT = S_REMOTE_CNT + 0 WHERE S_I_ID = 62531 AND S_W_ID = 2

EXPLAIN Plan:

Update on stock  (cost=0.42..8.45 rows=0 width=0) (actual time=0.082..0.082 rows=0 loops=1)

  ->  Index Scan using stock_pkey on stock  (cost=0.42..8.45 rows=1 width=32) (actual time=0.026..0.033 rows=1 loops=1)

        Index Cond: ((s_w_id = 2) AND (s_i_id = 62531))

Planning Time: 0.105 ms

Execution Time: 0.110 ms
Failed SQL 1095: UPDATE STOCK SET S_QUANTITY = 12, S_YTD = S_YTD + 2, S_ORDER_CNT = S_ORDER_CNT + 1, S_REMOTE_CNT = S_REMOTE_CNT + 0 WHERE S_I_ID = 62531 AND S_W_ID = 2
Error Message: Cannot invoke "java.util.List.get(int)" because the return value of "sg.edu.nus.autotune.DB2DATA.getAllIndexes()" is null


===== Query 1096 =====

SQL: SELECT I_PRICE, I_NAME , I_DATA FROM ITEM WHERE I_ID = 65254

EXPLAIN Plan:

Index Scan using item_pkey on item  (cost=0.29..8.31 rows=1 width=61) (actual time=0.075..0.077 rows=1 loops=1)

  Index Cond: (i_id = 65254)

Planning Time: 0.086 ms

Execution Time: 0.098 ms
Failed SQL 1096: SELECT I_PRICE, I_NAME , I_DATA FROM ITEM WHERE I_ID = 65254
Error Message: Cannot invoke "java.util.List.get(int)" because the return value of "sg.edu.nus.autotune.DB2DATA.getAllIndexes()" is null


===== Query 1097 =====

SQL: SELECT S_QUANTITY, S_DATA, S_DIST_01, S_DIST_02, S_DIST_03, S_DIST_04, S_DIST_05, S_DIST_06, S_DIST_07, S_DIST_08, S_DIST_09, S_DIST_10 FROM STOCK WHERE S_I_ID = 65254 AND S_W_ID = 2

EXPLAIN Plan:

Index Scan using stock_pkey on stock  (cost=0.42..8.44 rows=1 width=291) (actual time=0.064..0.066 rows=1 loops=1)

  Index Cond: ((s_w_id = 2) AND (s_i_id = 65254))

Planning Time: 0.111 ms

Execution Time: 0.091 ms
Failed SQL 1097: SELECT S_QUANTITY, S_DATA, S_DIST_01, S_DIST_02, S_DIST_03, S_DIST_04, S_DIST_05, S_DIST_06, S_DIST_07, S_DIST_08, S_DIST_09, S_DIST_10 FROM STOCK WHERE S_I_ID = 65254 AND S_W_ID = 2
Error Message: Cannot invoke "java.util.List.get(int)" because the return value of "sg.edu.nus.autotune.DB2DATA.getAllIndexes()" is null


===== Query 1098 =====

SQL: UPDATE STOCK SET S_QUANTITY = 23, S_YTD = S_YTD + 9, S_ORDER_CNT = S_ORDER_CNT + 1, S_REMOTE_CNT = S_REMOTE_CNT + 0 WHERE S_I_ID = 65254 AND S_W_ID = 2

EXPLAIN Plan:

Update on stock  (cost=0.42..8.45 rows=0 width=0) (actual time=0.089..0.089 rows=0 loops=1)

  ->  Index Scan using stock_pkey on stock  (cost=0.42..8.45 rows=1 width=32) (actual time=0.027..0.029 rows=1 loops=1)

        Index Cond: ((s_w_id = 2) AND (s_i_id = 65254))

Planning Time: 0.121 ms

Execution Time: 0.119 ms
Failed SQL 1098: UPDATE STOCK SET S_QUANTITY = 23, S_YTD = S_YTD + 9, S_ORDER_CNT = S_ORDER_CNT + 1, S_REMOTE_CNT = S_REMOTE_CNT + 0 WHERE S_I_ID = 65254 AND S_W_ID = 2
Error Message: Cannot invoke "java.util.List.get(int)" because the return value of "sg.edu.nus.autotune.DB2DATA.getAllIndexes()" is null


===== Query 1099 =====

SQL: SELECT I_PRICE, I_NAME , I_DATA FROM ITEM WHERE I_ID = 96915

EXPLAIN Plan:

Index Scan using item_pkey on item  (cost=0.29..8.31 rows=1 width=61) (actual time=1.224..1.226 rows=1 loops=1)

  Index Cond: (i_id = 96915)

Planning Time: 0.087 ms

Execution Time: 1.247 ms
Failed SQL 1099: SELECT I_PRICE, I_NAME , I_DATA FROM ITEM WHERE I_ID = 96915
Error Message: Cannot invoke "java.util.List.get(int)" because the return value of "sg.edu.nus.autotune.DB2DATA.getAllIndexes()" is null


===== Query 1100 =====

SQL: UPDATE STOCK SET S_QUANTITY = 48, S_YTD = S_YTD + 7, S_ORDER_CNT = S_ORDER_CNT + 1, S_REMOTE_CNT = S_REMOTE_CNT + 0 WHERE S_I_ID = 27317 AND S_W_ID = 1

EXPLAIN Plan:

Update on stock  (cost=0.42..8.45 rows=0 width=0) (actual time=0.050..0.050 rows=0 loops=1)

  ->  Index Scan using stock_pkey on stock  (cost=0.42..8.45 rows=1 width=32) (actual time=0.019..0.019 rows=1 loops=1)

        Index Cond: ((s_w_id = 1) AND (s_i_id = 27317))

Planning Time: 0.062 ms

Execution Time: 0.065 ms
Failed SQL 1100: UPDATE STOCK SET S_QUANTITY = 48, S_YTD = S_YTD + 7, S_ORDER_CNT = S_ORDER_CNT + 1, S_REMOTE_CNT = S_REMOTE_CNT + 0 WHERE S_I_ID = 27317 AND S_W_ID = 1
Error Message: Cannot invoke "java.util.List.get(int)" because the return value of "sg.edu.nus.autotune.DB2DATA.getAllIndexes()" is null


===== Query 1101 =====

SQL: SELECT I_PRICE, I_NAME , I_DATA FROM ITEM WHERE I_ID = 35159

EXPLAIN Plan:

Index Scan using item_pkey on item  (cost=0.29..8.31 rows=1 width=61) (actual time=0.858..0.861 rows=1 loops=1)

  Index Cond: (i_id = 35159)

Planning Time: 0.081 ms

Execution Time: 0.884 ms
Failed SQL 1101: SELECT I_PRICE, I_NAME , I_DATA FROM ITEM WHERE I_ID = 35159
Error Message: Cannot invoke "java.util.List.get(int)" because the return value of "sg.edu.nus.autotune.DB2DATA.getAllIndexes()" is null


===== Query 1102 =====

SQL: SELECT S_QUANTITY, S_DATA, S_DIST_01, S_DIST_02, S_DIST_03, S_DIST_04, S_DIST_05, S_DIST_06, S_DIST_07, S_DIST_08, S_DIST_09, S_DIST_10 FROM STOCK WHERE S_I_ID = 96915 AND S_W_ID = 2

EXPLAIN Plan:

Index Scan using stock_pkey on stock  (cost=0.42..8.44 rows=1 width=291) (actual time=0.558..0.561 rows=1 loops=1)

  Index Cond: ((s_w_id = 2) AND (s_i_id = 96915))

Planning Time: 0.095 ms

Execution Time: 0.586 ms
Failed SQL 1102: SELECT S_QUANTITY, S_DATA, S_DIST_01, S_DIST_02, S_DIST_03, S_DIST_04, S_DIST_05, S_DIST_06, S_DIST_07, S_DIST_08, S_DIST_09, S_DIST_10 FROM STOCK WHERE S_I_ID = 96915 AND S_W_ID = 2
Error Message: Cannot invoke "java.util.List.get(int)" because the return value of "sg.edu.nus.autotune.DB2DATA.getAllIndexes()" is null


===== Query 1103 =====

SQL: SELECT S_QUANTITY, S_DATA, S_DIST_01, S_DIST_02, S_DIST_03, S_DIST_04, S_DIST_05, S_DIST_06, S_DIST_07, S_DIST_08, S_DIST_09, S_DIST_10 FROM STOCK WHERE S_I_ID = 35159 AND S_W_ID = 1

EXPLAIN Plan:

Index Scan using stock_pkey on stock  (cost=0.42..8.44 rows=1 width=291) (actual time=0.884..0.887 rows=1 loops=1)

  Index Cond: ((s_w_id = 1) AND (s_i_id = 35159))

Planning Time: 0.098 ms

Execution Time: 0.912 ms
Failed SQL 1103: SELECT S_QUANTITY, S_DATA, S_DIST_01, S_DIST_02, S_DIST_03, S_DIST_04, S_DIST_05, S_DIST_06, S_DIST_07, S_DIST_08, S_DIST_09, S_DIST_10 FROM STOCK WHERE S_I_ID = 35159 AND S_W_ID = 1
Error Message: Cannot invoke "java.util.List.get(int)" because the return value of "sg.edu.nus.autotune.DB2DATA.getAllIndexes()" is null


===== Query 1104 =====

SQL: UPDATE STOCK SET S_QUANTITY = 45, S_YTD = S_YTD + 7, S_ORDER_CNT = S_ORDER_CNT + 1, S_REMOTE_CNT = S_REMOTE_CNT + 0 WHERE S_I_ID = 96915 AND S_W_ID = 2

EXPLAIN Plan:

Update on stock  (cost=0.42..8.45 rows=0 width=0) (actual time=0.062..0.063 rows=0 loops=1)

  ->  Index Scan using stock_pkey on stock  (cost=0.42..8.45 rows=1 width=32) (actual time=0.024..0.025 rows=1 loops=1)

        Index Cond: ((s_w_id = 2) AND (s_i_id = 96915))

Planning Time: 0.097 ms

Execution Time: 0.090 ms
Failed SQL 1104: UPDATE STOCK SET S_QUANTITY = 45, S_YTD = S_YTD + 7, S_ORDER_CNT = S_ORDER_CNT + 1, S_REMOTE_CNT = S_REMOTE_CNT + 0 WHERE S_I_ID = 96915 AND S_W_ID = 2
Error Message: Cannot invoke "java.util.List.get(int)" because the return value of "sg.edu.nus.autotune.DB2DATA.getAllIndexes()" is null


===== Query 1105 =====

SQL: SELECT I_PRICE, I_NAME , I_DATA FROM ITEM WHERE I_ID = 64038

EXPLAIN Plan:

Index Scan using item_pkey on item  (cost=0.29..8.31 rows=1 width=61) (actual time=1.076..1.078 rows=1 loops=1)

  Index Cond: (i_id = 64038)

Planning Time: 0.085 ms

Execution Time: 1.106 ms
Failed SQL 1105: SELECT I_PRICE, I_NAME , I_DATA FROM ITEM WHERE I_ID = 64038
Error Message: Cannot invoke "java.util.List.get(int)" because the return value of "sg.edu.nus.autotune.DB2DATA.getAllIndexes()" is null


===== Query 1106 =====

SQL: SELECT S_QUANTITY, S_DATA, S_DIST_01, S_DIST_02, S_DIST_03, S_DIST_04, S_DIST_05, S_DIST_06, S_DIST_07, S_DIST_08, S_DIST_09, S_DIST_10 FROM STOCK WHERE S_I_ID = 64038 AND S_W_ID = 2

EXPLAIN Plan:

Index Scan using stock_pkey on stock  (cost=0.42..8.44 rows=1 width=291) (actual time=0.346..0.349 rows=1 loops=1)

  Index Cond: ((s_w_id = 2) AND (s_i_id = 64038))

Planning Time: 0.075 ms

Execution Time: 0.369 ms
Failed SQL 1106: SELECT S_QUANTITY, S_DATA, S_DIST_01, S_DIST_02, S_DIST_03, S_DIST_04, S_DIST_05, S_DIST_06, S_DIST_07, S_DIST_08, S_DIST_09, S_DIST_10 FROM STOCK WHERE S_I_ID = 64038 AND S_W_ID = 2
Error Message: Cannot invoke "java.util.List.get(int)" because the return value of "sg.edu.nus.autotune.DB2DATA.getAllIndexes()" is null


===== Query 1107 =====

SQL: UPDATE STOCK SET S_QUANTITY = 14, S_YTD = S_YTD + 3, S_ORDER_CNT = S_ORDER_CNT + 1, S_REMOTE_CNT = S_REMOTE_CNT + 0 WHERE S_I_ID = 35159 AND S_W_ID = 1

EXPLAIN Plan:

Update on stock  (cost=0.42..8.45 rows=0 width=0) (actual time=0.124..0.125 rows=0 loops=1)

  ->  Index Scan using stock_pkey on stock  (cost=0.42..8.45 rows=1 width=32) (actual time=0.028..0.030 rows=1 loops=1)

        Index Cond: ((s_w_id = 1) AND (s_i_id = 35159))

Planning Time: 0.127 ms

Execution Time: 0.157 ms
Failed SQL 1107: UPDATE STOCK SET S_QUANTITY = 14, S_YTD = S_YTD + 3, S_ORDER_CNT = S_ORDER_CNT + 1, S_REMOTE_CNT = S_REMOTE_CNT + 0 WHERE S_I_ID = 35159 AND S_W_ID = 1
Error Message: Cannot invoke "java.util.List.get(int)" because the return value of "sg.edu.nus.autotune.DB2DATA.getAllIndexes()" is null


===== Query 1108 =====

SQL: SELECT I_PRICE, I_NAME , I_DATA FROM ITEM WHERE I_ID = 13335

EXPLAIN Plan:

Index Scan using item_pkey on item  (cost=0.29..8.31 rows=1 width=61) (actual time=0.056..0.057 rows=1 loops=1)

  Index Cond: (i_id = 13335)

Planning Time: 0.076 ms

Execution Time: 0.075 ms
Failed SQL 1108: SELECT I_PRICE, I_NAME , I_DATA FROM ITEM WHERE I_ID = 13335
Error Message: Cannot invoke "java.util.List.get(int)" because the return value of "sg.edu.nus.autotune.DB2DATA.getAllIndexes()" is null


===== Query 1109 =====

SQL: UPDATE STOCK SET S_QUANTITY = 75, S_YTD = S_YTD + 8, S_ORDER_CNT = S_ORDER_CNT + 1, S_REMOTE_CNT = S_REMOTE_CNT + 0 WHERE S_I_ID = 64038 AND S_W_ID = 2

EXPLAIN Plan:

Update on stock  (cost=0.42..8.45 rows=0 width=0) (actual time=0.105..0.105 rows=0 loops=1)

  ->  Index Scan using stock_pkey on stock  (cost=0.42..8.45 rows=1 width=32) (actual time=0.026..0.028 rows=1 loops=1)

        Index Cond: ((s_w_id = 2) AND (s_i_id = 64038))

Planning Time: 0.109 ms

Execution Time: 0.134 ms
Failed SQL 1109: UPDATE STOCK SET S_QUANTITY = 75, S_YTD = S_YTD + 8, S_ORDER_CNT = S_ORDER_CNT + 1, S_REMOTE_CNT = S_REMOTE_CNT + 0 WHERE S_I_ID = 64038 AND S_W_ID = 2
Error Message: Cannot invoke "java.util.List.get(int)" because the return value of "sg.edu.nus.autotune.DB2DATA.getAllIndexes()" is null


===== Query 1110 =====

SQL: SELECT I_PRICE, I_NAME , I_DATA FROM ITEM WHERE I_ID = 97381

EXPLAIN Plan:

Index Scan using item_pkey on item  (cost=0.29..8.31 rows=1 width=61) (actual time=0.628..0.630 rows=1 loops=1)

  Index Cond: (i_id = 97381)

Planning Time: 0.074 ms

Execution Time: 0.648 ms
Failed SQL 1110: SELECT I_PRICE, I_NAME , I_DATA FROM ITEM WHERE I_ID = 97381
Error Message: Cannot invoke "java.util.List.get(int)" because the return value of "sg.edu.nus.autotune.DB2DATA.getAllIndexes()" is null


===== Query 1111 =====

SQL: SELECT S_QUANTITY, S_DATA, S_DIST_01, S_DIST_02, S_DIST_03, S_DIST_04, S_DIST_05, S_DIST_06, S_DIST_07, S_DIST_08, S_DIST_09, S_DIST_10 FROM STOCK WHERE S_I_ID = 13335 AND S_W_ID = 1

EXPLAIN Plan:

Index Scan using stock_pkey on stock  (cost=0.42..8.44 rows=1 width=291) (actual time=0.832..0.834 rows=1 loops=1)

  Index Cond: ((s_w_id = 1) AND (s_i_id = 13335))

Planning Time: 0.097 ms

Execution Time: 0.857 ms
Failed SQL 1111: SELECT S_QUANTITY, S_DATA, S_DIST_01, S_DIST_02, S_DIST_03, S_DIST_04, S_DIST_05, S_DIST_06, S_DIST_07, S_DIST_08, S_DIST_09, S_DIST_10 FROM STOCK WHERE S_I_ID = 13335 AND S_W_ID = 1
Error Message: Cannot invoke "java.util.List.get(int)" because the return value of "sg.edu.nus.autotune.DB2DATA.getAllIndexes()" is null


===== Query 1112 =====

SQL: SELECT S_QUANTITY, S_DATA, S_DIST_01, S_DIST_02, S_DIST_03, S_DIST_04, S_DIST_05, S_DIST_06, S_DIST_07, S_DIST_08, S_DIST_09, S_DIST_10 FROM STOCK WHERE S_I_ID = 97381 AND S_W_ID = 2

EXPLAIN Plan:

Index Scan using stock_pkey on stock  (cost=0.42..8.44 rows=1 width=291) (actual time=0.912..0.915 rows=1 loops=1)

  Index Cond: ((s_w_id = 2) AND (s_i_id = 97381))

Planning Time: 0.098 ms

Execution Time: 0.938 ms
Failed SQL 1112: SELECT S_QUANTITY, S_DATA, S_DIST_01, S_DIST_02, S_DIST_03, S_DIST_04, S_DIST_05, S_DIST_06, S_DIST_07, S_DIST_08, S_DIST_09, S_DIST_10 FROM STOCK WHERE S_I_ID = 97381 AND S_W_ID = 2
Error Message: Cannot invoke "java.util.List.get(int)" because the return value of "sg.edu.nus.autotune.DB2DATA.getAllIndexes()" is null


===== Query 1113 =====

SQL: UPDATE STOCK SET S_QUANTITY = 45, S_YTD = S_YTD + 10, S_ORDER_CNT = S_ORDER_CNT + 1, S_REMOTE_CNT = S_REMOTE_CNT + 0 WHERE S_I_ID = 97381 AND S_W_ID = 2

EXPLAIN Plan:

Update on stock  (cost=0.42..8.45 rows=0 width=0) (actual time=0.101..0.101 rows=0 loops=1)

  ->  Index Scan using stock_pkey on stock  (cost=0.42..8.45 rows=1 width=32) (actual time=0.026..0.028 rows=1 loops=1)

        Index Cond: ((s_w_id = 2) AND (s_i_id = 97381))

Planning Time: 0.106 ms

Execution Time: 0.130 ms
Failed SQL 1113: UPDATE STOCK SET S_QUANTITY = 45, S_YTD = S_YTD + 10, S_ORDER_CNT = S_ORDER_CNT + 1, S_REMOTE_CNT = S_REMOTE_CNT + 0 WHERE S_I_ID = 97381 AND S_W_ID = 2
Error Message: Cannot invoke "java.util.List.get(int)" because the return value of "sg.edu.nus.autotune.DB2DATA.getAllIndexes()" is null


===== Query 1114 =====

SQL: SELECT I_PRICE, I_NAME , I_DATA FROM ITEM WHERE I_ID = 15511

EXPLAIN Plan:

Index Scan using item_pkey on item  (cost=0.29..8.31 rows=1 width=61) (actual time=0.062..0.064 rows=1 loops=1)

  Index Cond: (i_id = 15511)

Planning Time: 0.074 ms

Execution Time: 0.083 ms
Failed SQL 1114: SELECT I_PRICE, I_NAME , I_DATA FROM ITEM WHERE I_ID = 15511
Error Message: Cannot invoke "java.util.List.get(int)" because the return value of "sg.edu.nus.autotune.DB2DATA.getAllIndexes()" is null


===== Query 1115 =====

SQL: SELECT S_QUANTITY, S_DATA, S_DIST_01, S_DIST_02, S_DIST_03, S_DIST_04, S_DIST_05, S_DIST_06, S_DIST_07, S_DIST_08, S_DIST_09, S_DIST_10 FROM STOCK WHERE S_I_ID = 15511 AND S_W_ID = 2

EXPLAIN Plan:

Index Scan using stock_pkey on stock  (cost=0.42..8.44 rows=1 width=291) (actual time=0.063..0.065 rows=1 loops=1)

  Index Cond: ((s_w_id = 2) AND (s_i_id = 15511))

Planning Time: 0.112 ms

Execution Time: 0.090 ms
Failed SQL 1115: SELECT S_QUANTITY, S_DATA, S_DIST_01, S_DIST_02, S_DIST_03, S_DIST_04, S_DIST_05, S_DIST_06, S_DIST_07, S_DIST_08, S_DIST_09, S_DIST_10 FROM STOCK WHERE S_I_ID = 15511 AND S_W_ID = 2
Error Message: Cannot invoke "java.util.List.get(int)" because the return value of "sg.edu.nus.autotune.DB2DATA.getAllIndexes()" is null


===== Query 1116 =====

SQL: UPDATE STOCK SET S_QUANTITY = 90, S_YTD = S_YTD + 8, S_ORDER_CNT = S_ORDER_CNT + 1, S_REMOTE_CNT = S_REMOTE_CNT + 0 WHERE S_I_ID = 13335 AND S_W_ID = 1

EXPLAIN Plan:

Update on stock  (cost=0.42..8.45 rows=0 width=0) (actual time=0.130..0.131 rows=0 loops=1)

  ->  Index Scan using stock_pkey on stock  (cost=0.42..8.45 rows=1 width=32) (actual time=0.034..0.036 rows=1 loops=1)

        Index Cond: ((s_w_id = 1) AND (s_i_id = 13335))

Planning Time: 0.120 ms

Execution Time: 0.162 ms
Failed SQL 1116: UPDATE STOCK SET S_QUANTITY = 90, S_YTD = S_YTD + 8, S_ORDER_CNT = S_ORDER_CNT + 1, S_REMOTE_CNT = S_REMOTE_CNT + 0 WHERE S_I_ID = 13335 AND S_W_ID = 1
Error Message: Cannot invoke "java.util.List.get(int)" because the return value of "sg.edu.nus.autotune.DB2DATA.getAllIndexes()" is null


===== Query 1117 =====

SQL: SELECT I_PRICE, I_NAME , I_DATA FROM ITEM WHERE I_ID = 72423

EXPLAIN Plan:

Index Scan using item_pkey on item  (cost=0.29..8.31 rows=1 width=61) (actual time=0.908..0.910 rows=1 loops=1)

  Index Cond: (i_id = 72423)

Planning Time: 0.087 ms

Execution Time: 0.932 ms
Failed SQL 1117: SELECT I_PRICE, I_NAME , I_DATA FROM ITEM WHERE I_ID = 72423
Error Message: Cannot invoke "java.util.List.get(int)" because the return value of "sg.edu.nus.autotune.DB2DATA.getAllIndexes()" is null


===== Query 1118 =====

SQL: SELECT S_QUANTITY, S_DATA, S_DIST_01, S_DIST_02, S_DIST_03, S_DIST_04, S_DIST_05, S_DIST_06, S_DIST_07, S_DIST_08, S_DIST_09, S_DIST_10 FROM STOCK WHERE S_I_ID = 72423 AND S_W_ID = 1

EXPLAIN Plan:

Index Scan using stock_pkey on stock  (cost=0.42..8.44 rows=1 width=291) (actual time=1.672..1.676 rows=1 loops=1)

  Index Cond: ((s_w_id = 1) AND (s_i_id = 72423))

Planning Time: 0.109 ms

Execution Time: 1.703 ms
Failed SQL 1118: SELECT S_QUANTITY, S_DATA, S_DIST_01, S_DIST_02, S_DIST_03, S_DIST_04, S_DIST_05, S_DIST_06, S_DIST_07, S_DIST_08, S_DIST_09, S_DIST_10 FROM STOCK WHERE S_I_ID = 72423 AND S_W_ID = 1
Error Message: Cannot invoke "java.util.List.get(int)" because the return value of "sg.edu.nus.autotune.DB2DATA.getAllIndexes()" is null


===== Query 1119 =====

SQL: UPDATE STOCK SET S_QUANTITY = 89, S_YTD = S_YTD + 4, S_ORDER_CNT = S_ORDER_CNT + 1, S_REMOTE_CNT = S_REMOTE_CNT + 0 WHERE S_I_ID = 72423 AND S_W_ID = 1

EXPLAIN Plan:

Update on stock  (cost=0.42..8.45 rows=0 width=0) (actual time=0.065..0.066 rows=0 loops=1)

  ->  Index Scan using stock_pkey on stock  (cost=0.42..8.45 rows=1 width=32) (actual time=0.024..0.026 rows=1 loops=1)

        Index Cond: ((s_w_id = 1) AND (s_i_id = 72423))

Planning Time: 0.101 ms

Execution Time: 0.092 ms
Failed SQL 1119: UPDATE STOCK SET S_QUANTITY = 89, S_YTD = S_YTD + 4, S_ORDER_CNT = S_ORDER_CNT + 1, S_REMOTE_CNT = S_REMOTE_CNT + 0 WHERE S_I_ID = 72423 AND S_W_ID = 1
Error Message: Cannot invoke "java.util.List.get(int)" because the return value of "sg.edu.nus.autotune.DB2DATA.getAllIndexes()" is null


===== Query 1120 =====

SQL: SELECT I_PRICE, I_NAME , I_DATA FROM ITEM WHERE I_ID = 38627

EXPLAIN Plan:

Index Scan using item_pkey on item  (cost=0.29..8.31 rows=1 width=61) (actual time=0.877..0.880 rows=1 loops=1)

  Index Cond: (i_id = 38627)

Planning Time: 0.076 ms

Execution Time: 0.900 ms
Failed SQL 1120: SELECT I_PRICE, I_NAME , I_DATA FROM ITEM WHERE I_ID = 38627
Error Message: Cannot invoke "java.util.List.get(int)" because the return value of "sg.edu.nus.autotune.DB2DATA.getAllIndexes()" is null


===== Query 1121 =====

SQL: SELECT S_QUANTITY, S_DATA, S_DIST_01, S_DIST_02, S_DIST_03, S_DIST_04, S_DIST_05, S_DIST_06, S_DIST_07, S_DIST_08, S_DIST_09, S_DIST_10 FROM STOCK WHERE S_I_ID = 38627 AND S_W_ID = 1

EXPLAIN Plan:

Index Scan using stock_pkey on stock  (cost=0.42..8.44 rows=1 width=291) (actual time=0.821..0.823 rows=1 loops=1)

  Index Cond: ((s_w_id = 1) AND (s_i_id = 38627))

Planning Time: 0.098 ms

Execution Time: 0.847 ms
Failed SQL 1121: SELECT S_QUANTITY, S_DATA, S_DIST_01, S_DIST_02, S_DIST_03, S_DIST_04, S_DIST_05, S_DIST_06, S_DIST_07, S_DIST_08, S_DIST_09, S_DIST_10 FROM STOCK WHERE S_I_ID = 38627 AND S_W_ID = 1
Error Message: Cannot invoke "java.util.List.get(int)" because the return value of "sg.edu.nus.autotune.DB2DATA.getAllIndexes()" is null


===== Query 1122 =====

SQL: UPDATE STOCK SET S_QUANTITY = 63, S_YTD = S_YTD + 2, S_ORDER_CNT = S_ORDER_CNT + 1, S_REMOTE_CNT = S_REMOTE_CNT + 0 WHERE S_I_ID = 38627 AND S_W_ID = 1

EXPLAIN Plan:

Update on stock  (cost=0.42..8.45 rows=0 width=0) (actual time=0.114..0.114 rows=0 loops=1)

  ->  Index Scan using stock_pkey on stock  (cost=0.42..8.45 rows=1 width=32) (actual time=0.032..0.034 rows=1 loops=1)

        Index Cond: ((s_w_id = 1) AND (s_i_id = 38627))

Planning Time: 0.108 ms

Execution Time: 0.143 ms
Failed SQL 1122: UPDATE STOCK SET S_QUANTITY = 63, S_YTD = S_YTD + 2, S_ORDER_CNT = S_ORDER_CNT + 1, S_REMOTE_CNT = S_REMOTE_CNT + 0 WHERE S_I_ID = 38627 AND S_W_ID = 1
Error Message: Cannot invoke "java.util.List.get(int)" because the return value of "sg.edu.nus.autotune.DB2DATA.getAllIndexes()" is null


===== Query 1123 =====

SQL: SELECT I_PRICE, I_NAME , I_DATA FROM ITEM WHERE I_ID = 56031

EXPLAIN Plan:

Index Scan using item_pkey on item  (cost=0.29..8.31 rows=1 width=61) (actual time=0.043..0.044 rows=1 loops=1)

  Index Cond: (i_id = 56031)

Planning Time: 0.075 ms

Execution Time: 0.061 ms
Failed SQL 1123: SELECT I_PRICE, I_NAME , I_DATA FROM ITEM WHERE I_ID = 56031
Error Message: Cannot invoke "java.util.List.get(int)" because the return value of "sg.edu.nus.autotune.DB2DATA.getAllIndexes()" is null


===== Query 1124 =====

SQL: UPDATE STOCK SET S_QUANTITY = 85, S_YTD = S_YTD + 8, S_ORDER_CNT = S_ORDER_CNT + 1, S_REMOTE_CNT = S_REMOTE_CNT + 0 WHERE S_I_ID = 15511 AND S_W_ID = 2

EXPLAIN Plan:

Update on stock  (cost=0.42..8.45 rows=0 width=0) (actual time=0.103..0.103 rows=0 loops=1)

  ->  Index Scan using stock_pkey on stock  (cost=0.42..8.45 rows=1 width=32) (actual time=0.024..0.025 rows=1 loops=1)

        Index Cond: ((s_w_id = 2) AND (s_i_id = 15511))

Planning Time: 0.101 ms

Execution Time: 0.130 ms
Failed SQL 1124: UPDATE STOCK SET S_QUANTITY = 85, S_YTD = S_YTD + 8, S_ORDER_CNT = S_ORDER_CNT + 1, S_REMOTE_CNT = S_REMOTE_CNT + 0 WHERE S_I_ID = 15511 AND S_W_ID = 2
Error Message: Cannot invoke "java.util.List.get(int)" because the return value of "sg.edu.nus.autotune.DB2DATA.getAllIndexes()" is null


===== Query 1125 =====

SQL: SELECT S_QUANTITY, S_DATA, S_DIST_01, S_DIST_02, S_DIST_03, S_DIST_04, S_DIST_05, S_DIST_06, S_DIST_07, S_DIST_08, S_DIST_09, S_DIST_10 FROM STOCK WHERE S_I_ID = 56031 AND S_W_ID = 1

EXPLAIN Plan:

Index Scan using stock_pkey on stock  (cost=0.42..8.44 rows=1 width=291) (actual time=0.876..0.879 rows=1 loops=1)

  Index Cond: ((s_w_id = 1) AND (s_i_id = 56031))

Planning Time: 0.093 ms

Execution Time: 0.902 ms
Failed SQL 1125: SELECT S_QUANTITY, S_DATA, S_DIST_01, S_DIST_02, S_DIST_03, S_DIST_04, S_DIST_05, S_DIST_06, S_DIST_07, S_DIST_08, S_DIST_09, S_DIST_10 FROM STOCK WHERE S_I_ID = 56031 AND S_W_ID = 1
Error Message: Cannot invoke "java.util.List.get(int)" because the return value of "sg.edu.nus.autotune.DB2DATA.getAllIndexes()" is null


===== Query 1126 =====

SQL: SELECT I_PRICE, I_NAME , I_DATA FROM ITEM WHERE I_ID = 89830

EXPLAIN Plan:

Index Scan using item_pkey on item  (cost=0.29..8.31 rows=1 width=61) (actual time=0.047..0.049 rows=1 loops=1)

  Index Cond: (i_id = 89830)

Planning Time: 0.099 ms

Execution Time: 0.073 ms
Failed SQL 1126: SELECT I_PRICE, I_NAME , I_DATA FROM ITEM WHERE I_ID = 89830
Error Message: Cannot invoke "java.util.List.get(int)" because the return value of "sg.edu.nus.autotune.DB2DATA.getAllIndexes()" is null


===== Query 1127 =====

SQL: SELECT S_QUANTITY, S_DATA, S_DIST_01, S_DIST_02, S_DIST_03, S_DIST_04, S_DIST_05, S_DIST_06, S_DIST_07, S_DIST_08, S_DIST_09, S_DIST_10 FROM STOCK WHERE S_I_ID = 89830 AND S_W_ID = 2

EXPLAIN Plan:

Index Scan using stock_pkey on stock  (cost=0.42..8.44 rows=1 width=291) (actual time=0.063..0.065 rows=1 loops=1)

  Index Cond: ((s_w_id = 2) AND (s_i_id = 89830))

Planning Time: 0.119 ms

Execution Time: 0.092 ms
Failed SQL 1127: SELECT S_QUANTITY, S_DATA, S_DIST_01, S_DIST_02, S_DIST_03, S_DIST_04, S_DIST_05, S_DIST_06, S_DIST_07, S_DIST_08, S_DIST_09, S_DIST_10 FROM STOCK WHERE S_I_ID = 89830 AND S_W_ID = 2
Error Message: Cannot invoke "java.util.List.get(int)" because the return value of "sg.edu.nus.autotune.DB2DATA.getAllIndexes()" is null


===== Query 1128 =====

SQL: UPDATE STOCK SET S_QUANTITY = 78, S_YTD = S_YTD + 5, S_ORDER_CNT = S_ORDER_CNT + 1, S_REMOTE_CNT = S_REMOTE_CNT + 0 WHERE S_I_ID = 56031 AND S_W_ID = 1

EXPLAIN Plan:

Update on stock  (cost=0.42..8.45 rows=0 width=0) (actual time=0.078..0.079 rows=0 loops=1)

  ->  Index Scan using stock_pkey on stock  (cost=0.42..8.45 rows=1 width=32) (actual time=0.030..0.031 rows=1 loops=1)

        Index Cond: ((s_w_id = 1) AND (s_i_id = 56031))

Planning Time: 0.102 ms

Execution Time: 0.106 ms
Failed SQL 1128: UPDATE STOCK SET S_QUANTITY = 78, S_YTD = S_YTD + 5, S_ORDER_CNT = S_ORDER_CNT + 1, S_REMOTE_CNT = S_REMOTE_CNT + 0 WHERE S_I_ID = 56031 AND S_W_ID = 1
Error Message: Cannot invoke "java.util.List.get(int)" because the return value of "sg.edu.nus.autotune.DB2DATA.getAllIndexes()" is null


===== Query 1129 =====

SQL: SELECT I_PRICE, I_NAME , I_DATA FROM ITEM WHERE I_ID = 73438

EXPLAIN Plan:

Index Scan using item_pkey on item  (cost=0.29..8.31 rows=1 width=61) (actual time=0.040..0.041 rows=1 loops=1)

  Index Cond: (i_id = 73438)

Planning Time: 0.074 ms

Execution Time: 0.058 ms
Failed SQL 1129: SELECT I_PRICE, I_NAME , I_DATA FROM ITEM WHERE I_ID = 73438
Error Message: Cannot invoke "java.util.List.get(int)" because the return value of "sg.edu.nus.autotune.DB2DATA.getAllIndexes()" is null


===== Query 1130 =====

SQL: SELECT S_QUANTITY, S_DATA, S_DIST_01, S_DIST_02, S_DIST_03, S_DIST_04, S_DIST_05, S_DIST_06, S_DIST_07, S_DIST_08, S_DIST_09, S_DIST_10 FROM STOCK WHERE S_I_ID = 73438 AND S_W_ID = 1

EXPLAIN Plan:

Index Scan using stock_pkey on stock  (cost=0.42..8.44 rows=1 width=291) (actual time=0.851..0.854 rows=1 loops=1)

  Index Cond: ((s_w_id = 1) AND (s_i_id = 73438))

Planning Time: 0.090 ms

Execution Time: 0.876 ms
Failed SQL 1130: SELECT S_QUANTITY, S_DATA, S_DIST_01, S_DIST_02, S_DIST_03, S_DIST_04, S_DIST_05, S_DIST_06, S_DIST_07, S_DIST_08, S_DIST_09, S_DIST_10 FROM STOCK WHERE S_I_ID = 73438 AND S_W_ID = 1
Error Message: Cannot invoke "java.util.List.get(int)" because the return value of "sg.edu.nus.autotune.DB2DATA.getAllIndexes()" is null


===== Query 1131 =====

SQL: UPDATE STOCK SET S_QUANTITY = 64, S_YTD = S_YTD + 1, S_ORDER_CNT = S_ORDER_CNT + 1, S_REMOTE_CNT = S_REMOTE_CNT + 0 WHERE S_I_ID = 89830 AND S_W_ID = 2

EXPLAIN Plan:

Update on stock  (cost=0.42..8.45 rows=0 width=0) (actual time=0.086..0.086 rows=0 loops=1)

  ->  Index Scan using stock_pkey on stock  (cost=0.42..8.45 rows=1 width=32) (actual time=0.024..0.025 rows=1 loops=1)

        Index Cond: ((s_w_id = 2) AND (s_i_id = 89830))

Planning Time: 0.098 ms

Execution Time: 0.113 ms
Failed SQL 1131: UPDATE STOCK SET S_QUANTITY = 64, S_YTD = S_YTD + 1, S_ORDER_CNT = S_ORDER_CNT + 1, S_REMOTE_CNT = S_REMOTE_CNT + 0 WHERE S_I_ID = 89830 AND S_W_ID = 2
Error Message: Cannot invoke "java.util.List.get(int)" because the return value of "sg.edu.nus.autotune.DB2DATA.getAllIndexes()" is null


===== Query 1132 =====

SQL: SELECT I_PRICE, I_NAME , I_DATA FROM ITEM WHERE I_ID = 11671

EXPLAIN Plan:

Index Scan using item_pkey on item  (cost=0.29..8.31 rows=1 width=61) (actual time=0.807..0.810 rows=1 loops=1)

  Index Cond: (i_id = 11671)

Planning Time: 0.073 ms

Execution Time: 0.828 ms
Failed SQL 1132: SELECT I_PRICE, I_NAME , I_DATA FROM ITEM WHERE I_ID = 11671
Error Message: Cannot invoke "java.util.List.get(int)" because the return value of "sg.edu.nus.autotune.DB2DATA.getAllIndexes()" is null


===== Query 1133 =====

SQL: UPDATE STOCK SET S_QUANTITY = 50, S_YTD = S_YTD + 1, S_ORDER_CNT = S_ORDER_CNT + 1, S_REMOTE_CNT = S_REMOTE_CNT + 0 WHERE S_I_ID = 73438 AND S_W_ID = 1

EXPLAIN Plan:

Update on stock  (cost=0.42..8.45 rows=0 width=0) (actual time=0.088..0.088 rows=0 loops=1)

  ->  Index Scan using stock_pkey on stock  (cost=0.42..8.45 rows=1 width=32) (actual time=0.026..0.027 rows=1 loops=1)

        Index Cond: ((s_w_id = 1) AND (s_i_id = 73438))

Planning Time: 0.111 ms

Execution Time: 0.116 ms
Failed SQL 1133: UPDATE STOCK SET S_QUANTITY = 50, S_YTD = S_YTD + 1, S_ORDER_CNT = S_ORDER_CNT + 1, S_REMOTE_CNT = S_REMOTE_CNT + 0 WHERE S_I_ID = 73438 AND S_W_ID = 1
Error Message: Cannot invoke "java.util.List.get(int)" because the return value of "sg.edu.nus.autotune.DB2DATA.getAllIndexes()" is null


===== Query 1134 =====

SQL: SELECT I_PRICE, I_NAME , I_DATA FROM ITEM WHERE I_ID = 73173

EXPLAIN Plan:

Index Scan using item_pkey on item  (cost=0.29..8.31 rows=1 width=61) (actual time=0.857..0.859 rows=1 loops=1)

  Index Cond: (i_id = 73173)

Planning Time: 0.080 ms

Execution Time: 0.880 ms
Failed SQL 1134: SELECT I_PRICE, I_NAME , I_DATA FROM ITEM WHERE I_ID = 73173
Error Message: Cannot invoke "java.util.List.get(int)" because the return value of "sg.edu.nus.autotune.DB2DATA.getAllIndexes()" is null


===== Query 1135 =====

SQL: SELECT S_QUANTITY, S_DATA, S_DIST_01, S_DIST_02, S_DIST_03, S_DIST_04, S_DIST_05, S_DIST_06, S_DIST_07, S_DIST_08, S_DIST_09, S_DIST_10 FROM STOCK WHERE S_I_ID = 11671 AND S_W_ID = 2

EXPLAIN Plan:

Index Scan using stock_pkey on stock  (cost=0.42..8.44 rows=1 width=291) (actual time=0.867..0.870 rows=1 loops=1)

  Index Cond: ((s_w_id = 2) AND (s_i_id = 11671))

Planning Time: 0.097 ms

Execution Time: 0.894 ms
Failed SQL 1135: SELECT S_QUANTITY, S_DATA, S_DIST_01, S_DIST_02, S_DIST_03, S_DIST_04, S_DIST_05, S_DIST_06, S_DIST_07, S_DIST_08, S_DIST_09, S_DIST_10 FROM STOCK WHERE S_I_ID = 11671 AND S_W_ID = 2
Error Message: Cannot invoke "java.util.List.get(int)" because the return value of "sg.edu.nus.autotune.DB2DATA.getAllIndexes()" is null


===== Query 1136 =====

SQL: SELECT S_QUANTITY, S_DATA, S_DIST_01, S_DIST_02, S_DIST_03, S_DIST_04, S_DIST_05, S_DIST_06, S_DIST_07, S_DIST_08, S_DIST_09, S_DIST_10 FROM STOCK WHERE S_I_ID = 73173 AND S_W_ID = 1

EXPLAIN Plan:

Index Scan using stock_pkey on stock  (cost=0.42..8.44 rows=1 width=291) (actual time=0.894..0.896 rows=1 loops=1)

  Index Cond: ((s_w_id = 1) AND (s_i_id = 73173))

Planning Time: 0.106 ms

Execution Time: 0.923 ms
Failed SQL 1136: SELECT S_QUANTITY, S_DATA, S_DIST_01, S_DIST_02, S_DIST_03, S_DIST_04, S_DIST_05, S_DIST_06, S_DIST_07, S_DIST_08, S_DIST_09, S_DIST_10 FROM STOCK WHERE S_I_ID = 73173 AND S_W_ID = 1
Error Message: Cannot invoke "java.util.List.get(int)" because the return value of "sg.edu.nus.autotune.DB2DATA.getAllIndexes()" is null


===== Query 1137 =====

SQL: UPDATE STOCK SET S_QUANTITY = 100, S_YTD = S_YTD + 7, S_ORDER_CNT = S_ORDER_CNT + 1, S_REMOTE_CNT = S_REMOTE_CNT + 0 WHERE S_I_ID = 11671 AND S_W_ID = 2

EXPLAIN Plan:

Update on stock  (cost=0.42..8.45 rows=0 width=0) (actual time=0.092..0.093 rows=0 loops=1)

  ->  Index Scan using stock_pkey on stock  (cost=0.42..8.45 rows=1 width=32) (actual time=0.028..0.030 rows=1 loops=1)

        Index Cond: ((s_w_id = 2) AND (s_i_id = 11671))

Planning Time: 0.122 ms

Execution Time: 0.123 ms
Failed SQL 1137: UPDATE STOCK SET S_QUANTITY = 100, S_YTD = S_YTD + 7, S_ORDER_CNT = S_ORDER_CNT + 1, S_REMOTE_CNT = S_REMOTE_CNT + 0 WHERE S_I_ID = 11671 AND S_W_ID = 2
Error Message: Cannot invoke "java.util.List.get(int)" because the return value of "sg.edu.nus.autotune.DB2DATA.getAllIndexes()" is null


===== Query 1138 =====

SQL: UPDATE WAREHOUSE SET W_YTD = W_YTD + 3085.35 WHERE W_ID = 2

EXPLAIN Plan:

Update on warehouse  (cost=4.14..8.16 rows=0 width=0) (actual time=0.049..0.049 rows=0 loops=1)

  ->  Bitmap Heap Scan on warehouse  (cost=4.14..8.16 rows=1 width=22) (actual time=0.022..0.023 rows=1 loops=1)

        Recheck Cond: (w_id = 2)

        Heap Blocks: exact=1

        ->  Bitmap Index Scan on warehouse_pkey  (cost=0.00..4.14 rows=1 width=0) (actual time=0.008..0.008 rows=1 loops=1)

              Index Cond: (w_id = 2)

Planning Time: 0.076 ms

Execution Time: 0.081 ms
Failed SQL 1138: UPDATE WAREHOUSE SET W_YTD = W_YTD + 3085.35 WHERE W_ID = 2
Error Message: Cannot invoke "java.util.List.get(int)" because the return value of "sg.edu.nus.autotune.DB2DATA.getAllIndexes()" is null


===== Query 1139 =====

SQL: SELECT W_STREET_1, W_STREET_2, W_CITY, W_STATE, W_ZIP, W_NAME FROM WAREHOUSE WHERE W_ID = 2

EXPLAIN Plan:

Bitmap Heap Scan on warehouse  (cost=4.14..8.15 rows=1 width=65) (actual time=0.013..0.014 rows=1 loops=1)

  Recheck Cond: (w_id = 2)

  Heap Blocks: exact=1

  ->  Bitmap Index Scan on warehouse_pkey  (cost=0.00..4.14 rows=1 width=0) (actual time=0.006..0.007 rows=1 loops=1)

        Index Cond: (w_id = 2)

Planning Time: 0.046 ms

Execution Time: 0.029 ms
Failed SQL 1139: SELECT W_STREET_1, W_STREET_2, W_CITY, W_STATE, W_ZIP, W_NAME FROM WAREHOUSE WHERE W_ID = 2
Error Message: Cannot invoke "java.util.List.get(int)" because the return value of "sg.edu.nus.autotune.DB2DATA.getAllIndexes()" is null


===== Query 1140 =====

SQL: UPDATE DISTRICT SET D_YTD = D_YTD + 3085.35 WHERE D_W_ID = 2 AND D_ID = 7

EXPLAIN Plan:

Update on district  (cost=0.27..8.29 rows=0 width=0) (actual time=0.093..0.094 rows=0 loops=1)

  ->  Index Scan using district_pkey on district  (cost=0.27..8.29 rows=1 width=22) (actual time=0.024..0.025 rows=1 loops=1)

        Index Cond: ((d_w_id = 2) AND (d_id = 7))

Planning Time: 0.103 ms

Execution Time: 0.132 ms
Failed SQL 1140: UPDATE DISTRICT SET D_YTD = D_YTD + 3085.35 WHERE D_W_ID = 2 AND D_ID = 7
Error Message: Cannot invoke "java.util.List.get(int)" because the return value of "sg.edu.nus.autotune.DB2DATA.getAllIndexes()" is null


===== Query 1141 =====

SQL: UPDATE STOCK SET S_QUANTITY = 96, S_YTD = S_YTD + 5, S_ORDER_CNT = S_ORDER_CNT + 1, S_REMOTE_CNT = S_REMOTE_CNT + 0 WHERE S_I_ID = 73173 AND S_W_ID = 1

EXPLAIN Plan:

Update on stock  (cost=0.42..8.45 rows=0 width=0) (actual time=0.050..0.051 rows=0 loops=1)

  ->  Index Scan using stock_pkey on stock  (cost=0.42..8.45 rows=1 width=32) (actual time=0.023..0.024 rows=1 loops=1)

        Index Cond: ((s_w_id = 1) AND (s_i_id = 73173))

Planning Time: 0.083 ms

Execution Time: 0.069 ms
Failed SQL 1141: UPDATE STOCK SET S_QUANTITY = 96, S_YTD = S_YTD + 5, S_ORDER_CNT = S_ORDER_CNT + 1, S_REMOTE_CNT = S_REMOTE_CNT + 0 WHERE S_I_ID = 73173 AND S_W_ID = 1
Error Message: Cannot invoke "java.util.List.get(int)" because the return value of "sg.edu.nus.autotune.DB2DATA.getAllIndexes()" is null


===== Query 1142 =====

SQL: SELECT I_PRICE, I_NAME , I_DATA FROM ITEM WHERE I_ID = 71895

EXPLAIN Plan:

Index Scan using item_pkey on item  (cost=0.29..8.31 rows=1 width=61) (actual time=0.045..0.047 rows=1 loops=1)

  Index Cond: (i_id = 71895)

Planning Time: 0.078 ms

Execution Time: 0.066 ms
Failed SQL 1142: SELECT I_PRICE, I_NAME , I_DATA FROM ITEM WHERE I_ID = 71895
Error Message: Cannot invoke "java.util.List.get(int)" because the return value of "sg.edu.nus.autotune.DB2DATA.getAllIndexes()" is null


===== Query 1143 =====

SQL: SELECT D_STREET_1, D_STREET_2, D_CITY, D_STATE, D_ZIP, D_NAME FROM DISTRICT WHERE D_W_ID = 2 AND D_ID = 7

EXPLAIN Plan:

Index Scan using district_pkey on district  (cost=0.27..8.29 rows=1 width=64) (actual time=0.022..0.023 rows=1 loops=1)

  Index Cond: ((d_w_id = 2) AND (d_id = 7))

Planning Time: 0.093 ms

Execution Time: 0.049 ms
Failed SQL 1143: SELECT D_STREET_1, D_STREET_2, D_CITY, D_STATE, D_ZIP, D_NAME FROM DISTRICT WHERE D_W_ID = 2 AND D_ID = 7
Error Message: Cannot invoke "java.util.List.get(int)" because the return value of "sg.edu.nus.autotune.DB2DATA.getAllIndexes()" is null


===== Query 1144 =====

SQL: SELECT C_FIRST, C_MIDDLE, C_ID, C_STREET_1, C_STREET_2, C_CITY, C_STATE, C_ZIP, C_PHONE, C_CREDIT, C_CREDIT_LIM, C_DISCOUNT, C_BALANCE, C_YTD_PAYMENT, C_PAYMENT_CNT, C_SINCE FROM CUSTOMER WHERE C_W_ID = 2 AND C_D_ID = 7 AND C_LAST = 'EINGPRIPRES' ORDER BY C_FIRST

EXPLAIN Plan:

Sort  (cost=7093.56..7093.56 rows=2 width=131) (actual time=54.274..54.275 rows=2 loops=1)

  Sort Key: c_first

  Sort Method: quicksort  Memory: 25kB

  ->  Bitmap Heap Scan on customer  (cost=77.09..7093.55 rows=2 width=131) (actual time=22.183..54.238 rows=2 loops=1)

        Recheck Cond: ((c_w_id = 2) AND (c_d_id = 7))

        Filter: ((c_last)::text = 'EINGPRIPRES'::text)

        Rows Removed by Filter: 2998

        Heap Blocks: exact=824

        ->  Bitmap Index Scan on customer_pkey  (cost=0.00..77.09 rows=2867 width=0) (actual time=2.813..2.813 rows=3018 loops=1)

              Index Cond: ((c_w_id = 2) AND (c_d_id = 7))

Planning Time: 0.214 ms

Execution Time: 54.360 ms
Failed SQL 1144: SELECT C_FIRST, C_MIDDLE, C_ID, C_STREET_1, C_STREET_2, C_CITY, C_STATE, C_ZIP, C_PHONE, C_CREDIT, C_CREDIT_LIM, C_DISCOUNT, C_BALANCE, C_YTD_PAYMENT, C_PAYMENT_CNT, C_SINCE FROM CUSTOMER WHERE C_W_ID = 2 AND C_D_ID = 7 AND C_LAST = 'EINGPRIPRES' ORDER BY C_FIRST
Error Message: Cannot invoke "java.util.List.get(int)" because the return value of "sg.edu.nus.autotune.DB2DATA.getAllIndexes()" is null


===== Query 1145 =====

SQL: SELECT S_QUANTITY, S_DATA, S_DIST_01, S_DIST_02, S_DIST_03, S_DIST_04, S_DIST_05, S_DIST_06, S_DIST_07, S_DIST_08, S_DIST_09, S_DIST_10 FROM STOCK WHERE S_I_ID = 71895 AND S_W_ID = 1

EXPLAIN Plan:

Index Scan using stock_pkey on stock  (cost=0.42..8.44 rows=1 width=291) (actual time=1.079..1.081 rows=1 loops=1)

  Index Cond: ((s_w_id = 1) AND (s_i_id = 71895))

Planning Time: 0.114 ms

Execution Time: 1.106 ms
Failed SQL 1145: SELECT S_QUANTITY, S_DATA, S_DIST_01, S_DIST_02, S_DIST_03, S_DIST_04, S_DIST_05, S_DIST_06, S_DIST_07, S_DIST_08, S_DIST_09, S_DIST_10 FROM STOCK WHERE S_I_ID = 71895 AND S_W_ID = 1
Error Message: Cannot invoke "java.util.List.get(int)" because the return value of "sg.edu.nus.autotune.DB2DATA.getAllIndexes()" is null


===== Query 1146 =====

SQL: UPDATE STOCK SET S_QUANTITY = 16, S_YTD = S_YTD + 3, S_ORDER_CNT = S_ORDER_CNT + 1, S_REMOTE_CNT = S_REMOTE_CNT + 0 WHERE S_I_ID = 71895 AND S_W_ID = 1

EXPLAIN Plan:

Update on stock  (cost=0.42..8.45 rows=0 width=0) (actual time=0.101..0.101 rows=0 loops=1)

  ->  Index Scan using stock_pkey on stock  (cost=0.42..8.45 rows=1 width=32) (actual time=0.034..0.036 rows=1 loops=1)

        Index Cond: ((s_w_id = 1) AND (s_i_id = 71895))

Planning Time: 0.124 ms

Execution Time: 0.131 ms
Failed SQL 1146: UPDATE STOCK SET S_QUANTITY = 16, S_YTD = S_YTD + 3, S_ORDER_CNT = S_ORDER_CNT + 1, S_REMOTE_CNT = S_REMOTE_CNT + 0 WHERE S_I_ID = 71895 AND S_W_ID = 1
Error Message: Cannot invoke "java.util.List.get(int)" because the return value of "sg.edu.nus.autotune.DB2DATA.getAllIndexes()" is null


===== Query 1147 =====

SQL: SELECT I_PRICE, I_NAME , I_DATA FROM ITEM WHERE I_ID = 81122

EXPLAIN Plan:

Index Scan using item_pkey on item  (cost=0.29..8.31 rows=1 width=61) (actual time=0.033..0.034 rows=1 loops=1)

  Index Cond: (i_id = 81122)

Planning Time: 0.064 ms

Execution Time: 0.049 ms
Failed SQL 1147: SELECT I_PRICE, I_NAME , I_DATA FROM ITEM WHERE I_ID = 81122
Error Message: Cannot invoke "java.util.List.get(int)" because the return value of "sg.edu.nus.autotune.DB2DATA.getAllIndexes()" is null


===== Query 1148 =====

SQL: SELECT S_QUANTITY, S_DATA, S_DIST_01, S_DIST_02, S_DIST_03, S_DIST_04, S_DIST_05, S_DIST_06, S_DIST_07, S_DIST_08, S_DIST_09, S_DIST_10 FROM STOCK WHERE S_I_ID = 81122 AND S_W_ID = 1

EXPLAIN Plan:

Index Scan using stock_pkey on stock  (cost=0.42..8.44 rows=1 width=291) (actual time=0.225..0.226 rows=1 loops=1)

  Index Cond: ((s_w_id = 1) AND (s_i_id = 81122))

Planning Time: 0.063 ms

Execution Time: 0.240 ms
Failed SQL 1148: SELECT S_QUANTITY, S_DATA, S_DIST_01, S_DIST_02, S_DIST_03, S_DIST_04, S_DIST_05, S_DIST_06, S_DIST_07, S_DIST_08, S_DIST_09, S_DIST_10 FROM STOCK WHERE S_I_ID = 81122 AND S_W_ID = 1
Error Message: Cannot invoke "java.util.List.get(int)" because the return value of "sg.edu.nus.autotune.DB2DATA.getAllIndexes()" is null


===== Query 1149 =====

SQL: UPDATE STOCK SET S_QUANTITY = 17, S_YTD = S_YTD + 4, S_ORDER_CNT = S_ORDER_CNT + 1, S_REMOTE_CNT = S_REMOTE_CNT + 0 WHERE S_I_ID = 81122 AND S_W_ID = 1

EXPLAIN Plan:

Update on stock  (cost=0.42..8.45 rows=0 width=0) (actual time=0.069..0.069 rows=0 loops=1)

  ->  Index Scan using stock_pkey on stock  (cost=0.42..8.45 rows=1 width=32) (actual time=0.024..0.026 rows=1 loops=1)

        Index Cond: ((s_w_id = 1) AND (s_i_id = 81122))

Planning Time: 0.103 ms

Execution Time: 0.097 ms
Failed SQL 1149: UPDATE STOCK SET S_QUANTITY = 17, S_YTD = S_YTD + 4, S_ORDER_CNT = S_ORDER_CNT + 1, S_REMOTE_CNT = S_REMOTE_CNT + 0 WHERE S_I_ID = 81122 AND S_W_ID = 1
Error Message: Cannot invoke "java.util.List.get(int)" because the return value of "sg.edu.nus.autotune.DB2DATA.getAllIndexes()" is null


===== Query 1150 =====

SQL: SELECT I_PRICE, I_NAME , I_DATA FROM ITEM WHERE I_ID = 40645

EXPLAIN Plan:

Index Scan using item_pkey on item  (cost=0.29..8.31 rows=1 width=61) (actual time=0.064..0.066 rows=1 loops=1)

  Index Cond: (i_id = 40645)

Planning Time: 0.085 ms

Execution Time: 0.085 ms
Failed SQL 1150: SELECT I_PRICE, I_NAME , I_DATA FROM ITEM WHERE I_ID = 40645
Error Message: Cannot invoke "java.util.List.get(int)" because the return value of "sg.edu.nus.autotune.DB2DATA.getAllIndexes()" is null


===== Query 1151 =====

SQL: SELECT S_QUANTITY, S_DATA, S_DIST_01, S_DIST_02, S_DIST_03, S_DIST_04, S_DIST_05, S_DIST_06, S_DIST_07, S_DIST_08, S_DIST_09, S_DIST_10 FROM STOCK WHERE S_I_ID = 40645 AND S_W_ID = 1

EXPLAIN Plan:

Index Scan using stock_pkey on stock  (cost=0.42..8.44 rows=1 width=291) (actual time=0.877..0.879 rows=1 loops=1)

  Index Cond: ((s_w_id = 1) AND (s_i_id = 40645))

Planning Time: 0.093 ms

Execution Time: 0.903 ms
Failed SQL 1151: SELECT S_QUANTITY, S_DATA, S_DIST_01, S_DIST_02, S_DIST_03, S_DIST_04, S_DIST_05, S_DIST_06, S_DIST_07, S_DIST_08, S_DIST_09, S_DIST_10 FROM STOCK WHERE S_I_ID = 40645 AND S_W_ID = 1
Error Message: Cannot invoke "java.util.List.get(int)" because the return value of "sg.edu.nus.autotune.DB2DATA.getAllIndexes()" is null


===== Query 1152 =====

SQL: UPDATE CUSTOMER SET C_BALANCE = -3095.35, C_YTD_PAYMENT = 3095.35, C_PAYMENT_CNT = 2 WHERE C_W_ID = 2 AND C_D_ID = 7 AND C_ID = 935

EXPLAIN Plan:

Update on customer  (cost=0.42..8.44 rows=0 width=0) (actual time=0.098..0.099 rows=0 loops=1)

  ->  Index Scan using customer_pkey on customer  (cost=0.42..8.44 rows=1 width=34) (actual time=0.051..0.053 rows=1 loops=1)

        Index Cond: ((c_w_id = 2) AND (c_d_id = 7) AND (c_id = 935))

Planning Time: 0.117 ms

Execution Time: 0.125 ms
Failed SQL 1152: UPDATE CUSTOMER SET C_BALANCE = -3095.35, C_YTD_PAYMENT = 3095.35, C_PAYMENT_CNT = 2 WHERE C_W_ID = 2 AND C_D_ID = 7 AND C_ID = 935
Error Message: Cannot invoke "java.util.List.get(int)" because the return value of "sg.edu.nus.autotune.DB2DATA.getAllIndexes()" is null


===== Query 1153 =====

SQL: UPDATE STOCK SET S_QUANTITY = 99, S_YTD = S_YTD + 6, S_ORDER_CNT = S_ORDER_CNT + 1, S_REMOTE_CNT = S_REMOTE_CNT + 0 WHERE S_I_ID = 40645 AND S_W_ID = 1

EXPLAIN Plan:

Update on stock  (cost=0.42..8.45 rows=0 width=0) (actual time=0.086..0.086 rows=0 loops=1)

  ->  Index Scan using stock_pkey on stock  (cost=0.42..8.45 rows=1 width=32) (actual time=0.031..0.032 rows=1 loops=1)

        Index Cond: ((s_w_id = 1) AND (s_i_id = 40645))

Planning Time: 0.102 ms

Execution Time: 0.113 ms
Failed SQL 1153: UPDATE STOCK SET S_QUANTITY = 99, S_YTD = S_YTD + 6, S_ORDER_CNT = S_ORDER_CNT + 1, S_REMOTE_CNT = S_REMOTE_CNT + 0 WHERE S_I_ID = 40645 AND S_W_ID = 1
Error Message: Cannot invoke "java.util.List.get(int)" because the return value of "sg.edu.nus.autotune.DB2DATA.getAllIndexes()" is null


===== Query 1154 =====

SQL: SELECT I_PRICE, I_NAME , I_DATA FROM ITEM WHERE I_ID = 56934

EXPLAIN Plan:

Index Scan using item_pkey on item  (cost=0.29..8.31 rows=1 width=61) (actual time=0.065..0.066 rows=1 loops=1)

  Index Cond: (i_id = 56934)

Planning Time: 0.076 ms

Execution Time: 0.085 ms
Failed SQL 1154: SELECT I_PRICE, I_NAME , I_DATA FROM ITEM WHERE I_ID = 56934
Error Message: Cannot invoke "java.util.List.get(int)" because the return value of "sg.edu.nus.autotune.DB2DATA.getAllIndexes()" is null


===== Query 1155 =====

SQL: SELECT S_QUANTITY, S_DATA, S_DIST_01, S_DIST_02, S_DIST_03, S_DIST_04, S_DIST_05, S_DIST_06, S_DIST_07, S_DIST_08, S_DIST_09, S_DIST_10 FROM STOCK WHERE S_I_ID = 56934 AND S_W_ID = 1

EXPLAIN Plan:

Index Scan using stock_pkey on stock  (cost=0.42..8.44 rows=1 width=291) (actual time=0.884..0.887 rows=1 loops=1)

  Index Cond: ((s_w_id = 1) AND (s_i_id = 56934))

Planning Time: 0.093 ms

Execution Time: 0.911 ms
Failed SQL 1155: SELECT S_QUANTITY, S_DATA, S_DIST_01, S_DIST_02, S_DIST_03, S_DIST_04, S_DIST_05, S_DIST_06, S_DIST_07, S_DIST_08, S_DIST_09, S_DIST_10 FROM STOCK WHERE S_I_ID = 56934 AND S_W_ID = 1
Error Message: Cannot invoke "java.util.List.get(int)" because the return value of "sg.edu.nus.autotune.DB2DATA.getAllIndexes()" is null


===== Query 1156 =====

SQL: UPDATE STOCK SET S_QUANTITY = 66, S_YTD = S_YTD + 6, S_ORDER_CNT = S_ORDER_CNT + 1, S_REMOTE_CNT = S_REMOTE_CNT + 0 WHERE S_I_ID = 56934 AND S_W_ID = 1

EXPLAIN Plan:

Update on stock  (cost=0.42..8.45 rows=0 width=0) (actual time=0.083..0.084 rows=0 loops=1)

  ->  Index Scan using stock_pkey on stock  (cost=0.42..8.45 rows=1 width=32) (actual time=0.029..0.031 rows=1 loops=1)

        Index Cond: ((s_w_id = 1) AND (s_i_id = 56934))

Planning Time: 0.118 ms

Execution Time: 0.115 ms
Failed SQL 1156: UPDATE STOCK SET S_QUANTITY = 66, S_YTD = S_YTD + 6, S_ORDER_CNT = S_ORDER_CNT + 1, S_REMOTE_CNT = S_REMOTE_CNT + 0 WHERE S_I_ID = 56934 AND S_W_ID = 1
Error Message: Cannot invoke "java.util.List.get(int)" because the return value of "sg.edu.nus.autotune.DB2DATA.getAllIndexes()" is null


===== Query 1157 =====

SQL: SELECT I_PRICE, I_NAME , I_DATA FROM ITEM WHERE I_ID = 80454

EXPLAIN Plan:

Index Scan using item_pkey on item  (cost=0.29..8.31 rows=1 width=61) (actual time=1.109..1.112 rows=1 loops=1)

  Index Cond: (i_id = 80454)

Planning Time: 0.084 ms

Execution Time: 1.132 ms
Failed SQL 1157: SELECT I_PRICE, I_NAME , I_DATA FROM ITEM WHERE I_ID = 80454
Error Message: Cannot invoke "java.util.List.get(int)" because the return value of "sg.edu.nus.autotune.DB2DATA.getAllIndexes()" is null


===== Query 1158 =====

SQL: SELECT S_QUANTITY, S_DATA, S_DIST_01, S_DIST_02, S_DIST_03, S_DIST_04, S_DIST_05, S_DIST_06, S_DIST_07, S_DIST_08, S_DIST_09, S_DIST_10 FROM STOCK WHERE S_I_ID = 80454 AND S_W_ID = 1

EXPLAIN Plan:

Index Scan using stock_pkey on stock  (cost=0.42..8.44 rows=1 width=291) (actual time=1.134..1.136 rows=1 loops=1)

  Index Cond: ((s_w_id = 1) AND (s_i_id = 80454))

Planning Time: 0.092 ms

Execution Time: 1.160 ms
Failed SQL 1158: SELECT S_QUANTITY, S_DATA, S_DIST_01, S_DIST_02, S_DIST_03, S_DIST_04, S_DIST_05, S_DIST_06, S_DIST_07, S_DIST_08, S_DIST_09, S_DIST_10 FROM STOCK WHERE S_I_ID = 80454 AND S_W_ID = 1
Error Message: Cannot invoke "java.util.List.get(int)" because the return value of "sg.edu.nus.autotune.DB2DATA.getAllIndexes()" is null


===== Query 1159 =====

SQL: SELECT C_DISCOUNT, C_LAST, C_CREDIT, W_TAX FROM CUSTOMER, WAREHOUSE WHERE W_ID = 2 AND C_W_ID = 2 AND C_D_ID = 6 AND C_ID = 1259

EXPLAIN Plan:

Nested Loop  (cost=4.56..16.61 rows=1 width=26) (actual time=0.062..0.064 rows=1 loops=1)

  ->  Index Scan using customer_pkey on customer  (cost=0.42..8.44 rows=1 width=21) (actual time=0.046..0.047 rows=1 loops=1)

        Index Cond: ((c_w_id = 2) AND (c_d_id = 6) AND (c_id = 1259))

  ->  Bitmap Heap Scan on warehouse  (cost=4.14..8.15 rows=1 width=5) (actual time=0.008..0.008 rows=1 loops=1)

        Recheck Cond: (w_id = 2)

        Heap Blocks: exact=1

        ->  Bitmap Index Scan on warehouse_pkey  (cost=0.00..4.14 rows=1 width=0) (actual time=0.004..0.004 rows=1 loops=1)

              Index Cond: (w_id = 2)

Planning Time: 0.139 ms

Execution Time: 0.102 ms
Failed SQL 1159: SELECT C_DISCOUNT, C_LAST, C_CREDIT, W_TAX FROM CUSTOMER, WAREHOUSE WHERE W_ID = 2 AND C_W_ID = 2 AND C_D_ID = 6 AND C_ID = 1259
Error Message: Cannot invoke "java.util.List.get(int)" because the return value of "sg.edu.nus.autotune.DB2DATA.getAllIndexes()" is null


===== Query 1160 =====

SQL: UPDATE STOCK SET S_QUANTITY = 38, S_YTD = S_YTD + 2, S_ORDER_CNT = S_ORDER_CNT + 1, S_REMOTE_CNT = S_REMOTE_CNT + 0 WHERE S_I_ID = 80454 AND S_W_ID = 1

EXPLAIN Plan:

Update on stock  (cost=0.42..8.45 rows=0 width=0) (actual time=0.060..0.061 rows=0 loops=1)

  ->  Index Scan using stock_pkey on stock  (cost=0.42..8.45 rows=1 width=32) (actual time=0.024..0.025 rows=1 loops=1)

        Index Cond: ((s_w_id = 1) AND (s_i_id = 80454))

Planning Time: 0.109 ms

Execution Time: 0.089 ms
Failed SQL 1160: UPDATE STOCK SET S_QUANTITY = 38, S_YTD = S_YTD + 2, S_ORDER_CNT = S_ORDER_CNT + 1, S_REMOTE_CNT = S_REMOTE_CNT + 0 WHERE S_I_ID = 80454 AND S_W_ID = 1
Error Message: Cannot invoke "java.util.List.get(int)" because the return value of "sg.edu.nus.autotune.DB2DATA.getAllIndexes()" is null


===== Query 1161 =====

SQL: SELECT C_DISCOUNT, C_LAST, C_CREDIT, W_TAX FROM CUSTOMER, WAREHOUSE WHERE W_ID = 1 AND C_W_ID = 1 AND C_D_ID = 2 AND C_ID = 1283

EXPLAIN Plan:

Nested Loop  (cost=4.56..16.61 rows=1 width=26) (actual time=0.059..0.061 rows=1 loops=1)

  ->  Index Scan using customer_pkey on customer  (cost=0.42..8.44 rows=1 width=21) (actual time=0.043..0.044 rows=1 loops=1)

        Index Cond: ((c_w_id = 1) AND (c_d_id = 2) AND (c_id = 1283))

  ->  Bitmap Heap Scan on warehouse  (cost=4.14..8.15 rows=1 width=5) (actual time=0.008..0.008 rows=1 loops=1)

        Recheck Cond: (w_id = 1)

        Heap Blocks: exact=1

        ->  Bitmap Index Scan on warehouse_pkey  (cost=0.00..4.14 rows=1 width=0) (actual time=0.004..0.004 rows=1 loops=1)

              Index Cond: (w_id = 1)

Planning Time: 0.177 ms

Execution Time: 0.110 ms
Failed SQL 1161: SELECT C_DISCOUNT, C_LAST, C_CREDIT, W_TAX FROM CUSTOMER, WAREHOUSE WHERE W_ID = 1 AND C_W_ID = 1 AND C_D_ID = 2 AND C_ID = 1283
Error Message: Cannot invoke "java.util.List.get(int)" because the return value of "sg.edu.nus.autotune.DB2DATA.getAllIndexes()" is null


===== Query 1162 =====

SQL: SELECT D_NEXT_O_ID, D_TAX FROM DISTRICT WHERE D_W_ID = 2 AND D_ID = 6

EXPLAIN Plan:

Index Scan using district_pkey on district  (cost=0.27..8.29 rows=1 width=9) (actual time=0.021..0.023 rows=1 loops=1)

  Index Cond: ((d_w_id = 2) AND (d_id = 6))

Planning Time: 0.095 ms

Execution Time: 0.061 ms
Failed SQL 1162: SELECT D_NEXT_O_ID, D_TAX FROM DISTRICT WHERE D_W_ID = 2 AND D_ID = 6
Error Message: Cannot invoke "java.util.List.get(int)" because the return value of "sg.edu.nus.autotune.DB2DATA.getAllIndexes()" is null


===== Query 1163 =====

SQL: UPDATE DISTRICT SET D_NEXT_O_ID = D_NEXT_O_ID + 1 WHERE D_W_ID = 2 AND D_ID = 6

EXPLAIN Plan:

Update on district  (cost=0.27..8.29 rows=0 width=0) (actual time=0.135..0.136 rows=0 loops=1)

  ->  Index Scan using district_pkey on district  (cost=0.27..8.29 rows=1 width=10) (actual time=0.065..0.066 rows=1 loops=1)

        Index Cond: ((d_w_id = 2) AND (d_id = 6))

Planning Time: 0.108 ms

Execution Time: 0.169 ms
Failed SQL 1163: UPDATE DISTRICT SET D_NEXT_O_ID = D_NEXT_O_ID + 1 WHERE D_W_ID = 2 AND D_ID = 6
Error Message: Cannot invoke "java.util.List.get(int)" because the return value of "sg.edu.nus.autotune.DB2DATA.getAllIndexes()" is null


===== Query 1164 =====

SQL: SELECT I_PRICE, I_NAME , I_DATA FROM ITEM WHERE I_ID = 72803

EXPLAIN Plan:

Index Scan using item_pkey on item  (cost=0.29..8.31 rows=1 width=61) (actual time=1.040..1.042 rows=1 loops=1)

  Index Cond: (i_id = 72803)

Planning Time: 0.071 ms

Execution Time: 1.061 ms
Failed SQL 1164: SELECT I_PRICE, I_NAME , I_DATA FROM ITEM WHERE I_ID = 72803
Error Message: Cannot invoke "java.util.List.get(int)" because the return value of "sg.edu.nus.autotune.DB2DATA.getAllIndexes()" is null


===== Query 1165 =====

SQL: SELECT D_NEXT_O_ID, D_TAX FROM DISTRICT WHERE D_W_ID = 1 AND D_ID = 2

EXPLAIN Plan:

Index Scan using district_pkey on district  (cost=0.27..8.29 rows=1 width=9) (actual time=0.033..0.034 rows=1 loops=1)

  Index Cond: ((d_w_id = 1) AND (d_id = 2))

Planning Time: 0.090 ms

Execution Time: 0.054 ms
Failed SQL 1165: SELECT D_NEXT_O_ID, D_TAX FROM DISTRICT WHERE D_W_ID = 1 AND D_ID = 2
Error Message: Cannot invoke "java.util.List.get(int)" because the return value of "sg.edu.nus.autotune.DB2DATA.getAllIndexes()" is null


===== Query 1166 =====

SQL: SELECT S_QUANTITY, S_DATA, S_DIST_01, S_DIST_02, S_DIST_03, S_DIST_04, S_DIST_05, S_DIST_06, S_DIST_07, S_DIST_08, S_DIST_09, S_DIST_10 FROM STOCK WHERE S_I_ID = 72803 AND S_W_ID = 2

EXPLAIN Plan:

Index Scan using stock_pkey on stock  (cost=0.42..8.44 rows=1 width=291) (actual time=0.846..0.848 rows=1 loops=1)

  Index Cond: ((s_w_id = 2) AND (s_i_id = 72803))

Planning Time: 0.107 ms

Execution Time: 0.873 ms
Failed SQL 1166: SELECT S_QUANTITY, S_DATA, S_DIST_01, S_DIST_02, S_DIST_03, S_DIST_04, S_DIST_05, S_DIST_06, S_DIST_07, S_DIST_08, S_DIST_09, S_DIST_10 FROM STOCK WHERE S_I_ID = 72803 AND S_W_ID = 2
Error Message: Cannot invoke "java.util.List.get(int)" because the return value of "sg.edu.nus.autotune.DB2DATA.getAllIndexes()" is null


===== Query 1167 =====

SQL: UPDATE DISTRICT SET D_NEXT_O_ID = D_NEXT_O_ID + 1 WHERE D_W_ID = 1 AND D_ID = 2

EXPLAIN Plan:

Update on district  (cost=0.27..8.29 rows=0 width=0) (actual time=0.081..0.082 rows=0 loops=1)

  ->  Index Scan using district_pkey on district  (cost=0.27..8.29 rows=1 width=10) (actual time=0.031..0.032 rows=1 loops=1)

        Index Cond: ((d_w_id = 1) AND (d_id = 2))

Planning Time: 0.102 ms

Execution Time: 0.110 ms
Failed SQL 1167: UPDATE DISTRICT SET D_NEXT_O_ID = D_NEXT_O_ID + 1 WHERE D_W_ID = 1 AND D_ID = 2
Error Message: Cannot invoke "java.util.List.get(int)" because the return value of "sg.edu.nus.autotune.DB2DATA.getAllIndexes()" is null


===== Query 1168 =====

SQL: UPDATE STOCK SET S_QUANTITY = 12, S_YTD = S_YTD + 5, S_ORDER_CNT = S_ORDER_CNT + 1, S_REMOTE_CNT = S_REMOTE_CNT + 0 WHERE S_I_ID = 72803 AND S_W_ID = 2

EXPLAIN Plan:

Update on stock  (cost=0.42..8.45 rows=0 width=0) (actual time=0.081..0.089 rows=0 loops=1)

  ->  Index Scan using stock_pkey on stock  (cost=0.42..8.45 rows=1 width=32) (actual time=0.026..0.035 rows=1 loops=1)

        Index Cond: ((s_w_id = 2) AND (s_i_id = 72803))

Planning Time: 0.105 ms

Execution Time: 0.118 ms
Failed SQL 1168: UPDATE STOCK SET S_QUANTITY = 12, S_YTD = S_YTD + 5, S_ORDER_CNT = S_ORDER_CNT + 1, S_REMOTE_CNT = S_REMOTE_CNT + 0 WHERE S_I_ID = 72803 AND S_W_ID = 2
Error Message: Cannot invoke "java.util.List.get(int)" because the return value of "sg.edu.nus.autotune.DB2DATA.getAllIndexes()" is null


===== Query 1169 =====

SQL: SELECT I_PRICE, I_NAME , I_DATA FROM ITEM WHERE I_ID = 61067

EXPLAIN Plan:

Index Scan using item_pkey on item  (cost=0.29..8.31 rows=1 width=61) (actual time=1.078..1.081 rows=1 loops=1)

  Index Cond: (i_id = 61067)

Planning Time: 0.074 ms

Execution Time: 1.099 ms
Failed SQL 1169: SELECT I_PRICE, I_NAME , I_DATA FROM ITEM WHERE I_ID = 61067
Error Message: Cannot invoke "java.util.List.get(int)" because the return value of "sg.edu.nus.autotune.DB2DATA.getAllIndexes()" is null


===== Query 1170 =====

SQL: SELECT S_QUANTITY, S_DATA, S_DIST_01, S_DIST_02, S_DIST_03, S_DIST_04, S_DIST_05, S_DIST_06, S_DIST_07, S_DIST_08, S_DIST_09, S_DIST_10 FROM STOCK WHERE S_I_ID = 61067 AND S_W_ID = 2

EXPLAIN Plan:

Index Scan using stock_pkey on stock  (cost=0.42..8.44 rows=1 width=291) (actual time=0.849..0.851 rows=1 loops=1)

  Index Cond: ((s_w_id = 2) AND (s_i_id = 61067))

Planning Time: 0.099 ms

Execution Time: 0.875 ms
Failed SQL 1170: SELECT S_QUANTITY, S_DATA, S_DIST_01, S_DIST_02, S_DIST_03, S_DIST_04, S_DIST_05, S_DIST_06, S_DIST_07, S_DIST_08, S_DIST_09, S_DIST_10 FROM STOCK WHERE S_I_ID = 61067 AND S_W_ID = 2
Error Message: Cannot invoke "java.util.List.get(int)" because the return value of "sg.edu.nus.autotune.DB2DATA.getAllIndexes()" is null


===== Query 1171 =====

SQL: SELECT I_PRICE, I_NAME , I_DATA FROM ITEM WHERE I_ID = 14046

EXPLAIN Plan:

Index Scan using item_pkey on item  (cost=0.29..8.31 rows=1 width=61) (actual time=1.024..1.027 rows=1 loops=1)

  Index Cond: (i_id = 14046)

Planning Time: 0.087 ms

Execution Time: 1.048 ms
Failed SQL 1171: SELECT I_PRICE, I_NAME , I_DATA FROM ITEM WHERE I_ID = 14046
Error Message: Cannot invoke "java.util.List.get(int)" because the return value of "sg.edu.nus.autotune.DB2DATA.getAllIndexes()" is null


===== Query 1172 =====

SQL: UPDATE STOCK SET S_QUANTITY = 89, S_YTD = S_YTD + 10, S_ORDER_CNT = S_ORDER_CNT + 1, S_REMOTE_CNT = S_REMOTE_CNT + 0 WHERE S_I_ID = 61067 AND S_W_ID = 2

EXPLAIN Plan:

Update on stock  (cost=0.42..8.45 rows=0 width=0) (actual time=0.120..0.120 rows=0 loops=1)

  ->  Index Scan using stock_pkey on stock  (cost=0.42..8.45 rows=1 width=32) (actual time=0.025..0.027 rows=1 loops=1)

        Index Cond: ((s_w_id = 2) AND (s_i_id = 61067))

Planning Time: 0.105 ms

Execution Time: 0.148 ms
Failed SQL 1172: UPDATE STOCK SET S_QUANTITY = 89, S_YTD = S_YTD + 10, S_ORDER_CNT = S_ORDER_CNT + 1, S_REMOTE_CNT = S_REMOTE_CNT + 0 WHERE S_I_ID = 61067 AND S_W_ID = 2
Error Message: Cannot invoke "java.util.List.get(int)" because the return value of "sg.edu.nus.autotune.DB2DATA.getAllIndexes()" is null


===== Query 1173 =====

SQL: SELECT S_QUANTITY, S_DATA, S_DIST_01, S_DIST_02, S_DIST_03, S_DIST_04, S_DIST_05, S_DIST_06, S_DIST_07, S_DIST_08, S_DIST_09, S_DIST_10 FROM STOCK WHERE S_I_ID = 14046 AND S_W_ID = 1

EXPLAIN Plan:

Index Scan using stock_pkey on stock  (cost=0.42..8.44 rows=1 width=291) (actual time=1.256..1.259 rows=1 loops=1)

  Index Cond: ((s_w_id = 1) AND (s_i_id = 14046))

Planning Time: 0.142 ms

Execution Time: 1.287 ms
Failed SQL 1173: SELECT S_QUANTITY, S_DATA, S_DIST_01, S_DIST_02, S_DIST_03, S_DIST_04, S_DIST_05, S_DIST_06, S_DIST_07, S_DIST_08, S_DIST_09, S_DIST_10 FROM STOCK WHERE S_I_ID = 14046 AND S_W_ID = 1
Error Message: Cannot invoke "java.util.List.get(int)" because the return value of "sg.edu.nus.autotune.DB2DATA.getAllIndexes()" is null


===== Query 1174 =====

SQL: SELECT I_PRICE, I_NAME , I_DATA FROM ITEM WHERE I_ID = 96319

EXPLAIN Plan:

Index Scan using item_pkey on item  (cost=0.29..8.31 rows=1 width=61) (actual time=0.828..0.831 rows=1 loops=1)

  Index Cond: (i_id = 96319)

Planning Time: 0.064 ms

Execution Time: 0.848 ms
Failed SQL 1174: SELECT I_PRICE, I_NAME , I_DATA FROM ITEM WHERE I_ID = 96319
Error Message: Cannot invoke "java.util.List.get(int)" because the return value of "sg.edu.nus.autotune.DB2DATA.getAllIndexes()" is null


===== Query 1175 =====

SQL: SELECT S_QUANTITY, S_DATA, S_DIST_01, S_DIST_02, S_DIST_03, S_DIST_04, S_DIST_05, S_DIST_06, S_DIST_07, S_DIST_08, S_DIST_09, S_DIST_10 FROM STOCK WHERE S_I_ID = 96319 AND S_W_ID = 2

EXPLAIN Plan:

Index Scan using stock_pkey on stock  (cost=0.42..8.44 rows=1 width=291) (actual time=0.871..0.874 rows=1 loops=1)

  Index Cond: ((s_w_id = 2) AND (s_i_id = 96319))

Planning Time: 0.104 ms

Execution Time: 0.899 ms
Failed SQL 1175: SELECT S_QUANTITY, S_DATA, S_DIST_01, S_DIST_02, S_DIST_03, S_DIST_04, S_DIST_05, S_DIST_06, S_DIST_07, S_DIST_08, S_DIST_09, S_DIST_10 FROM STOCK WHERE S_I_ID = 96319 AND S_W_ID = 2
Error Message: Cannot invoke "java.util.List.get(int)" because the return value of "sg.edu.nus.autotune.DB2DATA.getAllIndexes()" is null


===== Query 1176 =====

SQL: UPDATE STOCK SET S_QUANTITY = 46, S_YTD = S_YTD + 2, S_ORDER_CNT = S_ORDER_CNT + 1, S_REMOTE_CNT = S_REMOTE_CNT + 0 WHERE S_I_ID = 14046 AND S_W_ID = 1

EXPLAIN Plan:

Update on stock  (cost=0.42..8.45 rows=0 width=0) (actual time=0.103..0.104 rows=0 loops=1)

  ->  Index Scan using stock_pkey on stock  (cost=0.42..8.45 rows=1 width=32) (actual time=0.029..0.031 rows=1 loops=1)

        Index Cond: ((s_w_id = 1) AND (s_i_id = 14046))

Planning Time: 0.118 ms

Execution Time: 0.135 ms
Failed SQL 1176: UPDATE STOCK SET S_QUANTITY = 46, S_YTD = S_YTD + 2, S_ORDER_CNT = S_ORDER_CNT + 1, S_REMOTE_CNT = S_REMOTE_CNT + 0 WHERE S_I_ID = 14046 AND S_W_ID = 1
Error Message: Cannot invoke "java.util.List.get(int)" because the return value of "sg.edu.nus.autotune.DB2DATA.getAllIndexes()" is null


===== Query 1177 =====

SQL: SELECT I_PRICE, I_NAME , I_DATA FROM ITEM WHERE I_ID = 5807

EXPLAIN Plan:

Index Scan using item_pkey on item  (cost=0.29..8.31 rows=1 width=61) (actual time=0.083..0.085 rows=1 loops=1)

  Index Cond: (i_id = 5807)

Planning Time: 0.090 ms

Execution Time: 0.105 ms
Failed SQL 1177: SELECT I_PRICE, I_NAME , I_DATA FROM ITEM WHERE I_ID = 5807
Error Message: Cannot invoke "java.util.List.get(int)" because the return value of "sg.edu.nus.autotune.DB2DATA.getAllIndexes()" is null


===== Query 1178 =====

SQL: SELECT S_QUANTITY, S_DATA, S_DIST_01, S_DIST_02, S_DIST_03, S_DIST_04, S_DIST_05, S_DIST_06, S_DIST_07, S_DIST_08, S_DIST_09, S_DIST_10 FROM STOCK WHERE S_I_ID = 5807 AND S_W_ID = 1

EXPLAIN Plan:

Index Scan using stock_pkey on stock  (cost=0.42..8.44 rows=1 width=291) (actual time=0.073..0.075 rows=1 loops=1)

  Index Cond: ((s_w_id = 1) AND (s_i_id = 5807))

Planning Time: 0.100 ms

Execution Time: 0.097 ms
Failed SQL 1178: SELECT S_QUANTITY, S_DATA, S_DIST_01, S_DIST_02, S_DIST_03, S_DIST_04, S_DIST_05, S_DIST_06, S_DIST_07, S_DIST_08, S_DIST_09, S_DIST_10 FROM STOCK WHERE S_I_ID = 5807 AND S_W_ID = 1
Error Message: Cannot invoke "java.util.List.get(int)" because the return value of "sg.edu.nus.autotune.DB2DATA.getAllIndexes()" is null


===== Query 1179 =====

SQL: UPDATE STOCK SET S_QUANTITY = 69, S_YTD = S_YTD + 3, S_ORDER_CNT = S_ORDER_CNT + 1, S_REMOTE_CNT = S_REMOTE_CNT + 0 WHERE S_I_ID = 96319 AND S_W_ID = 2

EXPLAIN Plan:

Update on stock  (cost=0.42..8.45 rows=0 width=0) (actual time=0.122..0.122 rows=0 loops=1)

  ->  Index Scan using stock_pkey on stock  (cost=0.42..8.45 rows=1 width=32) (actual time=0.026..0.027 rows=1 loops=1)

        Index Cond: ((s_w_id = 2) AND (s_i_id = 96319))

Planning Time: 0.108 ms

Execution Time: 0.150 ms
Failed SQL 1179: UPDATE STOCK SET S_QUANTITY = 69, S_YTD = S_YTD + 3, S_ORDER_CNT = S_ORDER_CNT + 1, S_REMOTE_CNT = S_REMOTE_CNT + 0 WHERE S_I_ID = 96319 AND S_W_ID = 2
Error Message: Cannot invoke "java.util.List.get(int)" because the return value of "sg.edu.nus.autotune.DB2DATA.getAllIndexes()" is null


===== Query 1180 =====

SQL: SELECT I_PRICE, I_NAME , I_DATA FROM ITEM WHERE I_ID = 48071

EXPLAIN Plan:

Index Scan using item_pkey on item  (cost=0.29..8.31 rows=1 width=61) (actual time=0.849..0.852 rows=1 loops=1)

  Index Cond: (i_id = 48071)

Planning Time: 0.076 ms

Execution Time: 0.870 ms
Failed SQL 1180: SELECT I_PRICE, I_NAME , I_DATA FROM ITEM WHERE I_ID = 48071
Error Message: Cannot invoke "java.util.List.get(int)" because the return value of "sg.edu.nus.autotune.DB2DATA.getAllIndexes()" is null


===== Query 1181 =====

SQL: UPDATE STOCK SET S_QUANTITY = 39, S_YTD = S_YTD + 4, S_ORDER_CNT = S_ORDER_CNT + 1, S_REMOTE_CNT = S_REMOTE_CNT + 0 WHERE S_I_ID = 5807 AND S_W_ID = 1

EXPLAIN Plan:

Update on stock  (cost=0.42..8.45 rows=0 width=0) (actual time=0.074..0.074 rows=0 loops=1)

  ->  Index Scan using stock_pkey on stock  (cost=0.42..8.45 rows=1 width=32) (actual time=0.024..0.025 rows=1 loops=1)

        Index Cond: ((s_w_id = 1) AND (s_i_id = 5807))

Planning Time: 0.098 ms

Execution Time: 0.102 ms
Failed SQL 1181: UPDATE STOCK SET S_QUANTITY = 39, S_YTD = S_YTD + 4, S_ORDER_CNT = S_ORDER_CNT + 1, S_REMOTE_CNT = S_REMOTE_CNT + 0 WHERE S_I_ID = 5807 AND S_W_ID = 1
Error Message: Cannot invoke "java.util.List.get(int)" because the return value of "sg.edu.nus.autotune.DB2DATA.getAllIndexes()" is null


===== Query 1182 =====

SQL: SELECT I_PRICE, I_NAME , I_DATA FROM ITEM WHERE I_ID = 32478

EXPLAIN Plan:

Index Scan using item_pkey on item  (cost=0.29..8.31 rows=1 width=61) (actual time=0.063..0.064 rows=1 loops=1)

  Index Cond: (i_id = 32478)

Planning Time: 0.073 ms

Execution Time: 0.081 ms
Failed SQL 1182: SELECT I_PRICE, I_NAME , I_DATA FROM ITEM WHERE I_ID = 32478
Error Message: Cannot invoke "java.util.List.get(int)" because the return value of "sg.edu.nus.autotune.DB2DATA.getAllIndexes()" is null


===== Query 1183 =====

SQL: SELECT S_QUANTITY, S_DATA, S_DIST_01, S_DIST_02, S_DIST_03, S_DIST_04, S_DIST_05, S_DIST_06, S_DIST_07, S_DIST_08, S_DIST_09, S_DIST_10 FROM STOCK WHERE S_I_ID = 32478 AND S_W_ID = 1

EXPLAIN Plan:

Index Scan using stock_pkey on stock  (cost=0.42..8.44 rows=1 width=291) (actual time=0.891..0.894 rows=1 loops=1)

  Index Cond: ((s_w_id = 1) AND (s_i_id = 32478))

Planning Time: 0.102 ms

Execution Time: 0.919 ms
Failed SQL 1183: SELECT S_QUANTITY, S_DATA, S_DIST_01, S_DIST_02, S_DIST_03, S_DIST_04, S_DIST_05, S_DIST_06, S_DIST_07, S_DIST_08, S_DIST_09, S_DIST_10 FROM STOCK WHERE S_I_ID = 32478 AND S_W_ID = 1
Error Message: Cannot invoke "java.util.List.get(int)" because the return value of "sg.edu.nus.autotune.DB2DATA.getAllIndexes()" is null


===== Query 1184 =====

SQL: UPDATE STOCK SET S_QUANTITY = 46, S_YTD = S_YTD + 3, S_ORDER_CNT = S_ORDER_CNT + 1, S_REMOTE_CNT = S_REMOTE_CNT + 0 WHERE S_I_ID = 32478 AND S_W_ID = 1

EXPLAIN Plan:

Update on stock  (cost=0.42..8.45 rows=0 width=0) (actual time=0.089..0.090 rows=0 loops=1)

  ->  Index Scan using stock_pkey on stock  (cost=0.42..8.45 rows=1 width=32) (actual time=0.024..0.026 rows=1 loops=1)

        Index Cond: ((s_w_id = 1) AND (s_i_id = 32478))

Planning Time: 0.105 ms

Execution Time: 0.117 ms
Failed SQL 1184: UPDATE STOCK SET S_QUANTITY = 46, S_YTD = S_YTD + 3, S_ORDER_CNT = S_ORDER_CNT + 1, S_REMOTE_CNT = S_REMOTE_CNT + 0 WHERE S_I_ID = 32478 AND S_W_ID = 1
Error Message: Cannot invoke "java.util.List.get(int)" because the return value of "sg.edu.nus.autotune.DB2DATA.getAllIndexes()" is null


===== Query 1185 =====

SQL: SELECT I_PRICE, I_NAME , I_DATA FROM ITEM WHERE I_ID = 89811

EXPLAIN Plan:

Index Scan using item_pkey on item  (cost=0.29..8.31 rows=1 width=61) (actual time=0.815..0.817 rows=1 loops=1)

  Index Cond: (i_id = 89811)

Planning Time: 0.069 ms

Execution Time: 0.836 ms
Failed SQL 1185: SELECT I_PRICE, I_NAME , I_DATA FROM ITEM WHERE I_ID = 89811
Error Message: Cannot invoke "java.util.List.get(int)" because the return value of "sg.edu.nus.autotune.DB2DATA.getAllIndexes()" is null


===== Query 1186 =====

SQL: SELECT S_QUANTITY, S_DATA, S_DIST_01, S_DIST_02, S_DIST_03, S_DIST_04, S_DIST_05, S_DIST_06, S_DIST_07, S_DIST_08, S_DIST_09, S_DIST_10 FROM STOCK WHERE S_I_ID = 89811 AND S_W_ID = 1

EXPLAIN Plan:

Index Scan using stock_pkey on stock  (cost=0.42..8.44 rows=1 width=291) (actual time=0.355..0.357 rows=1 loops=1)

  Index Cond: ((s_w_id = 1) AND (s_i_id = 89811))

Planning Time: 0.109 ms

Execution Time: 0.382 ms
Failed SQL 1186: SELECT S_QUANTITY, S_DATA, S_DIST_01, S_DIST_02, S_DIST_03, S_DIST_04, S_DIST_05, S_DIST_06, S_DIST_07, S_DIST_08, S_DIST_09, S_DIST_10 FROM STOCK WHERE S_I_ID = 89811 AND S_W_ID = 1
Error Message: Cannot invoke "java.util.List.get(int)" because the return value of "sg.edu.nus.autotune.DB2DATA.getAllIndexes()" is null


===== Query 1187 =====

SQL: SELECT S_QUANTITY, S_DATA, S_DIST_01, S_DIST_02, S_DIST_03, S_DIST_04, S_DIST_05, S_DIST_06, S_DIST_07, S_DIST_08, S_DIST_09, S_DIST_10 FROM STOCK WHERE S_I_ID = 48071 AND S_W_ID = 2

EXPLAIN Plan:

Index Scan using stock_pkey on stock  (cost=0.42..8.44 rows=1 width=291) (actual time=0.661..0.664 rows=1 loops=1)

  Index Cond: ((s_w_id = 2) AND (s_i_id = 48071))

Planning Time: 0.114 ms

Execution Time: 0.691 ms
Failed SQL 1187: SELECT S_QUANTITY, S_DATA, S_DIST_01, S_DIST_02, S_DIST_03, S_DIST_04, S_DIST_05, S_DIST_06, S_DIST_07, S_DIST_08, S_DIST_09, S_DIST_10 FROM STOCK WHERE S_I_ID = 48071 AND S_W_ID = 2
Error Message: Cannot invoke "java.util.List.get(int)" because the return value of "sg.edu.nus.autotune.DB2DATA.getAllIndexes()" is null


===== Query 1188 =====

SQL: UPDATE STOCK SET S_QUANTITY = 70, S_YTD = S_YTD + 2, S_ORDER_CNT = S_ORDER_CNT + 1, S_REMOTE_CNT = S_REMOTE_CNT + 0 WHERE S_I_ID = 48071 AND S_W_ID = 2

EXPLAIN Plan:

Update on stock  (cost=0.42..8.45 rows=0 width=0) (actual time=0.074..0.075 rows=0 loops=1)

  ->  Index Scan using stock_pkey on stock  (cost=0.42..8.45 rows=1 width=32) (actual time=0.023..0.025 rows=1 loops=1)

        Index Cond: ((s_w_id = 2) AND (s_i_id = 48071))

Planning Time: 0.100 ms

Execution Time: 0.103 ms
Failed SQL 1188: UPDATE STOCK SET S_QUANTITY = 70, S_YTD = S_YTD + 2, S_ORDER_CNT = S_ORDER_CNT + 1, S_REMOTE_CNT = S_REMOTE_CNT + 0 WHERE S_I_ID = 48071 AND S_W_ID = 2
Error Message: Cannot invoke "java.util.List.get(int)" because the return value of "sg.edu.nus.autotune.DB2DATA.getAllIndexes()" is null


===== Query 1189 =====

SQL: SELECT I_PRICE, I_NAME , I_DATA FROM ITEM WHERE I_ID = 30437

EXPLAIN Plan:

Index Scan using item_pkey on item  (cost=0.29..8.31 rows=1 width=61) (actual time=0.036..0.038 rows=1 loops=1)

  Index Cond: (i_id = 30437)

Planning Time: 0.075 ms

Execution Time: 0.056 ms
Failed SQL 1189: SELECT I_PRICE, I_NAME , I_DATA FROM ITEM WHERE I_ID = 30437
Error Message: Cannot invoke "java.util.List.get(int)" because the return value of "sg.edu.nus.autotune.DB2DATA.getAllIndexes()" is null


===== Query 1190 =====

SQL: SELECT S_QUANTITY, S_DATA, S_DIST_01, S_DIST_02, S_DIST_03, S_DIST_04, S_DIST_05, S_DIST_06, S_DIST_07, S_DIST_08, S_DIST_09, S_DIST_10 FROM STOCK WHERE S_I_ID = 30437 AND S_W_ID = 2

EXPLAIN Plan:

Index Scan using stock_pkey on stock  (cost=0.42..8.44 rows=1 width=291) (actual time=0.883..0.885 rows=1 loops=1)

  Index Cond: ((s_w_id = 2) AND (s_i_id = 30437))

Planning Time: 0.102 ms

Execution Time: 0.910 ms
Failed SQL 1190: SELECT S_QUANTITY, S_DATA, S_DIST_01, S_DIST_02, S_DIST_03, S_DIST_04, S_DIST_05, S_DIST_06, S_DIST_07, S_DIST_08, S_DIST_09, S_DIST_10 FROM STOCK WHERE S_I_ID = 30437 AND S_W_ID = 2
Error Message: Cannot invoke "java.util.List.get(int)" because the return value of "sg.edu.nus.autotune.DB2DATA.getAllIndexes()" is null


===== Query 1191 =====

SQL: UPDATE STOCK SET S_QUANTITY = 78, S_YTD = S_YTD + 8, S_ORDER_CNT = S_ORDER_CNT + 1, S_REMOTE_CNT = S_REMOTE_CNT + 0 WHERE S_I_ID = 30437 AND S_W_ID = 2

EXPLAIN Plan:

Update on stock  (cost=0.42..8.45 rows=0 width=0) (actual time=0.091..0.091 rows=0 loops=1)

  ->  Index Scan using stock_pkey on stock  (cost=0.42..8.45 rows=1 width=32) (actual time=0.024..0.025 rows=1 loops=1)

        Index Cond: ((s_w_id = 2) AND (s_i_id = 30437))

Planning Time: 0.098 ms

Execution Time: 0.118 ms
Failed SQL 1191: UPDATE STOCK SET S_QUANTITY = 78, S_YTD = S_YTD + 8, S_ORDER_CNT = S_ORDER_CNT + 1, S_REMOTE_CNT = S_REMOTE_CNT + 0 WHERE S_I_ID = 30437 AND S_W_ID = 2
Error Message: Cannot invoke "java.util.List.get(int)" because the return value of "sg.edu.nus.autotune.DB2DATA.getAllIndexes()" is null


===== Query 1192 =====

SQL: SELECT I_PRICE, I_NAME , I_DATA FROM ITEM WHERE I_ID = 22246

EXPLAIN Plan:

Index Scan using item_pkey on item  (cost=0.29..8.31 rows=1 width=61) (actual time=0.823..0.825 rows=1 loops=1)

  Index Cond: (i_id = 22246)

Planning Time: 0.074 ms

Execution Time: 0.843 ms
Failed SQL 1192: SELECT I_PRICE, I_NAME , I_DATA FROM ITEM WHERE I_ID = 22246
Error Message: Cannot invoke "java.util.List.get(int)" because the return value of "sg.edu.nus.autotune.DB2DATA.getAllIndexes()" is null


===== Query 1193 =====

SQL: SELECT S_QUANTITY, S_DATA, S_DIST_01, S_DIST_02, S_DIST_03, S_DIST_04, S_DIST_05, S_DIST_06, S_DIST_07, S_DIST_08, S_DIST_09, S_DIST_10 FROM STOCK WHERE S_I_ID = 22246 AND S_W_ID = 2

EXPLAIN Plan:

Index Scan using stock_pkey on stock  (cost=0.42..8.44 rows=1 width=291) (actual time=0.870..0.872 rows=1 loops=1)

  Index Cond: ((s_w_id = 2) AND (s_i_id = 22246))

Planning Time: 0.098 ms

Execution Time: 0.897 ms
Failed SQL 1193: SELECT S_QUANTITY, S_DATA, S_DIST_01, S_DIST_02, S_DIST_03, S_DIST_04, S_DIST_05, S_DIST_06, S_DIST_07, S_DIST_08, S_DIST_09, S_DIST_10 FROM STOCK WHERE S_I_ID = 22246 AND S_W_ID = 2
Error Message: Cannot invoke "java.util.List.get(int)" because the return value of "sg.edu.nus.autotune.DB2DATA.getAllIndexes()" is null


===== Query 1194 =====

SQL: UPDATE STOCK SET S_QUANTITY = 19, S_YTD = S_YTD + 5, S_ORDER_CNT = S_ORDER_CNT + 1, S_REMOTE_CNT = S_REMOTE_CNT + 0 WHERE S_I_ID = 22246 AND S_W_ID = 2

EXPLAIN Plan:

Update on stock  (cost=0.42..8.45 rows=0 width=0) (actual time=0.075..0.076 rows=0 loops=1)

  ->  Index Scan using stock_pkey on stock  (cost=0.42..8.45 rows=1 width=32) (actual time=0.027..0.028 rows=1 loops=1)

        Index Cond: ((s_w_id = 2) AND (s_i_id = 22246))

Planning Time: 0.103 ms

Execution Time: 0.104 ms
Failed SQL 1194: UPDATE STOCK SET S_QUANTITY = 19, S_YTD = S_YTD + 5, S_ORDER_CNT = S_ORDER_CNT + 1, S_REMOTE_CNT = S_REMOTE_CNT + 0 WHERE S_I_ID = 22246 AND S_W_ID = 2
Error Message: Cannot invoke "java.util.List.get(int)" because the return value of "sg.edu.nus.autotune.DB2DATA.getAllIndexes()" is null


===== Query 1195 =====

SQL: SELECT I_PRICE, I_NAME , I_DATA FROM ITEM WHERE I_ID = 96923

EXPLAIN Plan:

Index Scan using item_pkey on item  (cost=0.29..8.31 rows=1 width=61) (actual time=0.019..0.020 rows=1 loops=1)

  Index Cond: (i_id = 96923)

Planning Time: 0.076 ms

Execution Time: 0.038 ms
Failed SQL 1195: SELECT I_PRICE, I_NAME , I_DATA FROM ITEM WHERE I_ID = 96923
Error Message: Cannot invoke "java.util.List.get(int)" because the return value of "sg.edu.nus.autotune.DB2DATA.getAllIndexes()" is null


===== Query 1196 =====

SQL: SELECT S_QUANTITY, S_DATA, S_DIST_01, S_DIST_02, S_DIST_03, S_DIST_04, S_DIST_05, S_DIST_06, S_DIST_07, S_DIST_08, S_DIST_09, S_DIST_10 FROM STOCK WHERE S_I_ID = 96923 AND S_W_ID = 2

EXPLAIN Plan:

Index Scan using stock_pkey on stock  (cost=0.42..8.44 rows=1 width=291) (actual time=0.028..0.029 rows=1 loops=1)

  Index Cond: ((s_w_id = 2) AND (s_i_id = 96923))

Planning Time: 0.109 ms

Execution Time: 0.055 ms
Failed SQL 1196: SELECT S_QUANTITY, S_DATA, S_DIST_01, S_DIST_02, S_DIST_03, S_DIST_04, S_DIST_05, S_DIST_06, S_DIST_07, S_DIST_08, S_DIST_09, S_DIST_10 FROM STOCK WHERE S_I_ID = 96923 AND S_W_ID = 2
Error Message: Cannot invoke "java.util.List.get(int)" because the return value of "sg.edu.nus.autotune.DB2DATA.getAllIndexes()" is null


===== Query 1197 =====

SQL: UPDATE STOCK SET S_QUANTITY = 61, S_YTD = S_YTD + 9, S_ORDER_CNT = S_ORDER_CNT + 1, S_REMOTE_CNT = S_REMOTE_CNT + 0 WHERE S_I_ID = 96923 AND S_W_ID = 2

EXPLAIN Plan:

Update on stock  (cost=0.42..8.45 rows=0 width=0) (actual time=0.093..0.103 rows=0 loops=1)

  ->  Index Scan using stock_pkey on stock  (cost=0.42..8.45 rows=1 width=32) (actual time=0.029..0.031 rows=1 loops=1)

        Index Cond: ((s_w_id = 2) AND (s_i_id = 96923))

Planning Time: 0.123 ms

Execution Time: 0.135 ms
Failed SQL 1197: UPDATE STOCK SET S_QUANTITY = 61, S_YTD = S_YTD + 9, S_ORDER_CNT = S_ORDER_CNT + 1, S_REMOTE_CNT = S_REMOTE_CNT + 0 WHERE S_I_ID = 96923 AND S_W_ID = 2
Error Message: Cannot invoke "java.util.List.get(int)" because the return value of "sg.edu.nus.autotune.DB2DATA.getAllIndexes()" is null


===== Query 1198 =====

SQL: SELECT I_PRICE, I_NAME , I_DATA FROM ITEM WHERE I_ID = 74007

EXPLAIN Plan:

Index Scan using item_pkey on item  (cost=0.29..8.31 rows=1 width=61) (actual time=0.885..0.888 rows=1 loops=1)

  Index Cond: (i_id = 74007)

Planning Time: 0.076 ms

Execution Time: 0.907 ms
Failed SQL 1198: SELECT I_PRICE, I_NAME , I_DATA FROM ITEM WHERE I_ID = 74007
Error Message: Cannot invoke "java.util.List.get(int)" because the return value of "sg.edu.nus.autotune.DB2DATA.getAllIndexes()" is null


===== Query 1199 =====

SQL: UPDATE STOCK SET S_QUANTITY = 37, S_YTD = S_YTD + 4, S_ORDER_CNT = S_ORDER_CNT + 1, S_REMOTE_CNT = S_REMOTE_CNT + 0 WHERE S_I_ID = 89811 AND S_W_ID = 1

EXPLAIN Plan:

Update on stock  (cost=0.42..8.45 rows=0 width=0) (actual time=0.071..0.071 rows=0 loops=1)

  ->  Index Scan using stock_pkey on stock  (cost=0.42..8.45 rows=1 width=32) (actual time=0.033..0.035 rows=1 loops=1)

        Index Cond: ((s_w_id = 1) AND (s_i_id = 89811))

Planning Time: 0.109 ms

Execution Time: 0.099 ms
Failed SQL 1199: UPDATE STOCK SET S_QUANTITY = 37, S_YTD = S_YTD + 4, S_ORDER_CNT = S_ORDER_CNT + 1, S_REMOTE_CNT = S_REMOTE_CNT + 0 WHERE S_I_ID = 89811 AND S_W_ID = 1
Error Message: Cannot invoke "java.util.List.get(int)" because the return value of "sg.edu.nus.autotune.DB2DATA.getAllIndexes()" is null


===== Query 1200 =====

SQL: SELECT I_PRICE, I_NAME , I_DATA FROM ITEM WHERE I_ID = 40663

EXPLAIN Plan:

Index Scan using item_pkey on item  (cost=0.29..8.31 rows=1 width=61) (actual time=0.019..0.021 rows=1 loops=1)

  Index Cond: (i_id = 40663)

Planning Time: 0.073 ms

Execution Time: 0.037 ms
Failed SQL 1200: SELECT I_PRICE, I_NAME , I_DATA FROM ITEM WHERE I_ID = 40663
Error Message: Cannot invoke "java.util.List.get(int)" because the return value of "sg.edu.nus.autotune.DB2DATA.getAllIndexes()" is null


===== Query 1201 =====

SQL: SELECT S_QUANTITY, S_DATA, S_DIST_01, S_DIST_02, S_DIST_03, S_DIST_04, S_DIST_05, S_DIST_06, S_DIST_07, S_DIST_08, S_DIST_09, S_DIST_10 FROM STOCK WHERE S_I_ID = 40663 AND S_W_ID = 1

EXPLAIN Plan:

Index Scan using stock_pkey on stock  (cost=0.42..8.44 rows=1 width=291) (actual time=0.871..0.873 rows=1 loops=1)

  Index Cond: ((s_w_id = 1) AND (s_i_id = 40663))

Planning Time: 0.090 ms

Execution Time: 0.897 ms
Failed SQL 1201: SELECT S_QUANTITY, S_DATA, S_DIST_01, S_DIST_02, S_DIST_03, S_DIST_04, S_DIST_05, S_DIST_06, S_DIST_07, S_DIST_08, S_DIST_09, S_DIST_10 FROM STOCK WHERE S_I_ID = 40663 AND S_W_ID = 1
Error Message: Cannot invoke "java.util.List.get(int)" because the return value of "sg.edu.nus.autotune.DB2DATA.getAllIndexes()" is null


===== Query 1202 =====

SQL: UPDATE STOCK SET S_QUANTITY = 72, S_YTD = S_YTD + 2, S_ORDER_CNT = S_ORDER_CNT + 1, S_REMOTE_CNT = S_REMOTE_CNT + 0 WHERE S_I_ID = 40663 AND S_W_ID = 1

EXPLAIN Plan:

Update on stock  (cost=0.42..8.45 rows=0 width=0) (actual time=0.504..0.504 rows=0 loops=1)

  ->  Index Scan using stock_pkey on stock  (cost=0.42..8.45 rows=1 width=32) (actual time=0.193..0.194 rows=1 loops=1)

        Index Cond: ((s_w_id = 1) AND (s_i_id = 40663))

Planning Time: 0.836 ms

Execution Time: 0.676 ms
Failed SQL 1202: UPDATE STOCK SET S_QUANTITY = 72, S_YTD = S_YTD + 2, S_ORDER_CNT = S_ORDER_CNT + 1, S_REMOTE_CNT = S_REMOTE_CNT + 0 WHERE S_I_ID = 40663 AND S_W_ID = 1
Error Message: Cannot invoke "java.util.List.get(int)" because the return value of "sg.edu.nus.autotune.DB2DATA.getAllIndexes()" is null


===== Query 1203 =====

SQL: SELECT I_PRICE, I_NAME , I_DATA FROM ITEM WHERE I_ID = 60819

EXPLAIN Plan:

Index Scan using item_pkey on item  (cost=0.29..8.31 rows=1 width=61) (actual time=0.842..0.844 rows=1 loops=1)

  Index Cond: (i_id = 60819)

Planning Time: 0.074 ms

Execution Time: 0.863 ms
Failed SQL 1203: SELECT I_PRICE, I_NAME , I_DATA FROM ITEM WHERE I_ID = 60819
Error Message: Cannot invoke "java.util.List.get(int)" because the return value of "sg.edu.nus.autotune.DB2DATA.getAllIndexes()" is null


===== Query 1204 =====

SQL: SELECT S_QUANTITY, S_DATA, S_DIST_01, S_DIST_02, S_DIST_03, S_DIST_04, S_DIST_05, S_DIST_06, S_DIST_07, S_DIST_08, S_DIST_09, S_DIST_10 FROM STOCK WHERE S_I_ID = 60819 AND S_W_ID = 1

EXPLAIN Plan:

Index Scan using stock_pkey on stock  (cost=0.42..8.44 rows=1 width=291) (actual time=1.715..1.720 rows=1 loops=1)

  Index Cond: ((s_w_id = 1) AND (s_i_id = 60819))

Planning Time: 0.094 ms

Execution Time: 1.749 ms
Failed SQL 1204: SELECT S_QUANTITY, S_DATA, S_DIST_01, S_DIST_02, S_DIST_03, S_DIST_04, S_DIST_05, S_DIST_06, S_DIST_07, S_DIST_08, S_DIST_09, S_DIST_10 FROM STOCK WHERE S_I_ID = 60819 AND S_W_ID = 1
Error Message: Cannot invoke "java.util.List.get(int)" because the return value of "sg.edu.nus.autotune.DB2DATA.getAllIndexes()" is null


===== Query 1205 =====

SQL: SELECT S_QUANTITY, S_DATA, S_DIST_01, S_DIST_02, S_DIST_03, S_DIST_04, S_DIST_05, S_DIST_06, S_DIST_07, S_DIST_08, S_DIST_09, S_DIST_10 FROM STOCK WHERE S_I_ID = 74007 AND S_W_ID = 2

EXPLAIN Plan:

Index Scan using stock_pkey on stock  (cost=0.42..8.44 rows=1 width=291) (actual time=1.060..1.063 rows=1 loops=1)

  Index Cond: ((s_w_id = 2) AND (s_i_id = 74007))

Planning Time: 0.093 ms

Execution Time: 1.087 ms
Failed SQL 1205: SELECT S_QUANTITY, S_DATA, S_DIST_01, S_DIST_02, S_DIST_03, S_DIST_04, S_DIST_05, S_DIST_06, S_DIST_07, S_DIST_08, S_DIST_09, S_DIST_10 FROM STOCK WHERE S_I_ID = 74007 AND S_W_ID = 2
Error Message: Cannot invoke "java.util.List.get(int)" because the return value of "sg.edu.nus.autotune.DB2DATA.getAllIndexes()" is null


===== Query 1206 =====

SQL: UPDATE STOCK SET S_QUANTITY = 39, S_YTD = S_YTD + 10, S_ORDER_CNT = S_ORDER_CNT + 1, S_REMOTE_CNT = S_REMOTE_CNT + 0 WHERE S_I_ID = 60819 AND S_W_ID = 1

EXPLAIN Plan:

Update on stock  (cost=0.42..8.45 rows=0 width=0) (actual time=0.072..0.073 rows=0 loops=1)

  ->  Index Scan using stock_pkey on stock  (cost=0.42..8.45 rows=1 width=32) (actual time=0.029..0.030 rows=1 loops=1)

        Index Cond: ((s_w_id = 1) AND (s_i_id = 60819))

Planning Time: 0.113 ms

Execution Time: 0.103 ms
Failed SQL 1206: UPDATE STOCK SET S_QUANTITY = 39, S_YTD = S_YTD + 10, S_ORDER_CNT = S_ORDER_CNT + 1, S_REMOTE_CNT = S_REMOTE_CNT + 0 WHERE S_I_ID = 60819 AND S_W_ID = 1
Error Message: Cannot invoke "java.util.List.get(int)" because the return value of "sg.edu.nus.autotune.DB2DATA.getAllIndexes()" is null


===== Query 1207 =====

SQL: UPDATE STOCK SET S_QUANTITY = 33, S_YTD = S_YTD + 1, S_ORDER_CNT = S_ORDER_CNT + 1, S_REMOTE_CNT = S_REMOTE_CNT + 0 WHERE S_I_ID = 74007 AND S_W_ID = 2

EXPLAIN Plan:

Update on stock  (cost=0.42..8.45 rows=0 width=0) (actual time=0.124..0.125 rows=0 loops=1)

  ->  Index Scan using stock_pkey on stock  (cost=0.42..8.45 rows=1 width=32) (actual time=0.031..0.033 rows=1 loops=1)

        Index Cond: ((s_w_id = 2) AND (s_i_id = 74007))

Planning Time: 0.117 ms

Execution Time: 0.155 ms
Failed SQL 1207: UPDATE STOCK SET S_QUANTITY = 33, S_YTD = S_YTD + 1, S_ORDER_CNT = S_ORDER_CNT + 1, S_REMOTE_CNT = S_REMOTE_CNT + 0 WHERE S_I_ID = 74007 AND S_W_ID = 2
Error Message: Cannot invoke "java.util.List.get(int)" because the return value of "sg.edu.nus.autotune.DB2DATA.getAllIndexes()" is null


===== Query 1208 =====

SQL: SELECT I_PRICE, I_NAME , I_DATA FROM ITEM WHERE I_ID = 11960

EXPLAIN Plan:

Index Scan using item_pkey on item  (cost=0.29..8.31 rows=1 width=61) (actual time=0.825..0.828 rows=1 loops=1)

  Index Cond: (i_id = 11960)

Planning Time: 0.069 ms

Execution Time: 0.847 ms
Failed SQL 1208: SELECT I_PRICE, I_NAME , I_DATA FROM ITEM WHERE I_ID = 11960
Error Message: Cannot invoke "java.util.List.get(int)" because the return value of "sg.edu.nus.autotune.DB2DATA.getAllIndexes()" is null


===== Query 1209 =====

SQL: SELECT S_QUANTITY, S_DATA, S_DIST_01, S_DIST_02, S_DIST_03, S_DIST_04, S_DIST_05, S_DIST_06, S_DIST_07, S_DIST_08, S_DIST_09, S_DIST_10 FROM STOCK WHERE S_I_ID = 11960 AND S_W_ID = 2

EXPLAIN Plan:

Index Scan using stock_pkey on stock  (cost=0.42..8.44 rows=1 width=291) (actual time=0.876..0.878 rows=1 loops=1)

  Index Cond: ((s_w_id = 2) AND (s_i_id = 11960))

Planning Time: 0.092 ms

Execution Time: 0.902 ms
Failed SQL 1209: SELECT S_QUANTITY, S_DATA, S_DIST_01, S_DIST_02, S_DIST_03, S_DIST_04, S_DIST_05, S_DIST_06, S_DIST_07, S_DIST_08, S_DIST_09, S_DIST_10 FROM STOCK WHERE S_I_ID = 11960 AND S_W_ID = 2
Error Message: Cannot invoke "java.util.List.get(int)" because the return value of "sg.edu.nus.autotune.DB2DATA.getAllIndexes()" is null


===== Query 1210 =====

SQL: SELECT C_DISCOUNT, C_LAST, C_CREDIT, W_TAX FROM CUSTOMER, WAREHOUSE WHERE W_ID = 1 AND C_W_ID = 1 AND C_D_ID = 4 AND C_ID = 1281

EXPLAIN Plan:

Nested Loop  (cost=4.56..16.61 rows=1 width=26) (actual time=0.072..0.075 rows=1 loops=1)

  ->  Index Scan using customer_pkey on customer  (cost=0.42..8.44 rows=1 width=21) (actual time=0.052..0.053 rows=1 loops=1)

        Index Cond: ((c_w_id = 1) AND (c_d_id = 4) AND (c_id = 1281))

  ->  Bitmap Heap Scan on warehouse  (cost=4.14..8.15 rows=1 width=5) (actual time=0.012..0.013 rows=1 loops=1)

        Recheck Cond: (w_id = 1)

        Heap Blocks: exact=1

        ->  Bitmap Index Scan on warehouse_pkey  (cost=0.00..4.14 rows=1 width=0) (actual time=0.007..0.008 rows=1 loops=1)

              Index Cond: (w_id = 1)

Planning Time: 0.153 ms

Execution Time: 0.114 ms
Failed SQL 1210: SELECT C_DISCOUNT, C_LAST, C_CREDIT, W_TAX FROM CUSTOMER, WAREHOUSE WHERE W_ID = 1 AND C_W_ID = 1 AND C_D_ID = 4 AND C_ID = 1281
Error Message: Cannot invoke "java.util.List.get(int)" because the return value of "sg.edu.nus.autotune.DB2DATA.getAllIndexes()" is null


===== Query 1211 =====

SQL: SELECT D_NEXT_O_ID, D_TAX FROM DISTRICT WHERE D_W_ID = 1 AND D_ID = 4

EXPLAIN Plan:

Bitmap Heap Scan on district  (cost=4.28..11.66 rows=2 width=9) (actual time=0.019..0.020 rows=1 loops=1)

  Recheck Cond: ((d_w_id = 1) AND (d_id = 4))

  Heap Blocks: exact=1

  ->  Bitmap Index Scan on district_pkey  (cost=0.00..4.28 rows=2 width=0) (actual time=0.010..0.011 rows=1 loops=1)

        Index Cond: ((d_w_id = 1) AND (d_id = 4))

Planning Time: 0.270 ms

Execution Time: 0.055 ms
Failed SQL 1211: SELECT D_NEXT_O_ID, D_TAX FROM DISTRICT WHERE D_W_ID = 1 AND D_ID = 4
Error Message: Cannot invoke "java.util.List.get(int)" because the return value of "sg.edu.nus.autotune.DB2DATA.getAllIndexes()" is null


===== Query 1212 =====

SQL: UPDATE STOCK SET S_QUANTITY = 71, S_YTD = S_YTD + 8, S_ORDER_CNT = S_ORDER_CNT + 1, S_REMOTE_CNT = S_REMOTE_CNT + 0 WHERE S_I_ID = 11960 AND S_W_ID = 2

EXPLAIN Plan:

Update on stock  (cost=0.42..8.45 rows=0 width=0) (actual time=0.110..0.110 rows=0 loops=1)

  ->  Index Scan using stock_pkey on stock  (cost=0.42..8.45 rows=1 width=32) (actual time=0.037..0.039 rows=1 loops=1)

        Index Cond: ((s_w_id = 2) AND (s_i_id = 11960))

Planning Time: 0.119 ms

Execution Time: 0.141 ms
Failed SQL 1212: UPDATE STOCK SET S_QUANTITY = 71, S_YTD = S_YTD + 8, S_ORDER_CNT = S_ORDER_CNT + 1, S_REMOTE_CNT = S_REMOTE_CNT + 0 WHERE S_I_ID = 11960 AND S_W_ID = 2
Error Message: Cannot invoke "java.util.List.get(int)" because the return value of "sg.edu.nus.autotune.DB2DATA.getAllIndexes()" is null


===== Query 1213 =====

SQL: SELECT I_PRICE, I_NAME , I_DATA FROM ITEM WHERE I_ID = 38487

EXPLAIN Plan:

Index Scan using item_pkey on item  (cost=0.29..8.31 rows=1 width=61) (actual time=0.021..0.022 rows=1 loops=1)

  Index Cond: (i_id = 38487)

Planning Time: 0.077 ms

Execution Time: 0.041 ms
Failed SQL 1213: SELECT I_PRICE, I_NAME , I_DATA FROM ITEM WHERE I_ID = 38487
Error Message: Cannot invoke "java.util.List.get(int)" because the return value of "sg.edu.nus.autotune.DB2DATA.getAllIndexes()" is null


===== Query 1214 =====

SQL: SELECT S_QUANTITY, S_DATA, S_DIST_01, S_DIST_02, S_DIST_03, S_DIST_04, S_DIST_05, S_DIST_06, S_DIST_07, S_DIST_08, S_DIST_09, S_DIST_10 FROM STOCK WHERE S_I_ID = 38487 AND S_W_ID = 2

EXPLAIN Plan:

Index Scan using stock_pkey on stock  (cost=0.42..8.44 rows=1 width=291) (actual time=0.347..0.349 rows=1 loops=1)

  Index Cond: ((s_w_id = 2) AND (s_i_id = 38487))

Planning Time: 0.098 ms

Execution Time: 0.371 ms
Failed SQL 1214: SELECT S_QUANTITY, S_DATA, S_DIST_01, S_DIST_02, S_DIST_03, S_DIST_04, S_DIST_05, S_DIST_06, S_DIST_07, S_DIST_08, S_DIST_09, S_DIST_10 FROM STOCK WHERE S_I_ID = 38487 AND S_W_ID = 2
Error Message: Cannot invoke "java.util.List.get(int)" because the return value of "sg.edu.nus.autotune.DB2DATA.getAllIndexes()" is null


===== Query 1215 =====

SQL: UPDATE DISTRICT SET D_NEXT_O_ID = D_NEXT_O_ID + 1 WHERE D_W_ID = 1 AND D_ID = 4

EXPLAIN Plan:

Update on district  (cost=4.28..11.67 rows=0 width=0) (actual time=0.179..0.179 rows=0 loops=1)

  ->  Bitmap Heap Scan on district  (cost=4.28..11.67 rows=2 width=10) (actual time=0.018..0.020 rows=1 loops=1)

        Recheck Cond: ((d_w_id = 1) AND (d_id = 4))

        Heap Blocks: exact=1

        ->  Bitmap Index Scan on district_pkey  (cost=0.00..4.28 rows=2 width=0) (actual time=0.011..0.011 rows=1 loops=1)

              Index Cond: ((d_w_id = 1) AND (d_id = 4))

Planning Time: 0.090 ms

Execution Time: 0.211 ms
Failed SQL 1215: UPDATE DISTRICT SET D_NEXT_O_ID = D_NEXT_O_ID + 1 WHERE D_W_ID = 1 AND D_ID = 4
Error Message: Cannot invoke "java.util.List.get(int)" because the return value of "sg.edu.nus.autotune.DB2DATA.getAllIndexes()" is null


===== Query 1216 =====

SQL: SELECT I_PRICE, I_NAME , I_DATA FROM ITEM WHERE I_ID = 99783

EXPLAIN Plan:

Index Scan using item_pkey on item  (cost=0.29..8.31 rows=1 width=61) (actual time=1.087..1.089 rows=1 loops=1)

  Index Cond: (i_id = 99783)

Planning Time: 0.089 ms

Execution Time: 1.110 ms
Failed SQL 1216: SELECT I_PRICE, I_NAME , I_DATA FROM ITEM WHERE I_ID = 99783
Error Message: Cannot invoke "java.util.List.get(int)" because the return value of "sg.edu.nus.autotune.DB2DATA.getAllIndexes()" is null


===== Query 1217 =====

SQL: UPDATE STOCK SET S_QUANTITY = 99, S_YTD = S_YTD + 1, S_ORDER_CNT = S_ORDER_CNT + 1, S_REMOTE_CNT = S_REMOTE_CNT + 0 WHERE S_I_ID = 38487 AND S_W_ID = 2

EXPLAIN Plan:

Update on stock  (cost=0.42..8.45 rows=0 width=0) (actual time=0.100..0.101 rows=0 loops=1)

  ->  Index Scan using stock_pkey on stock  (cost=0.42..8.45 rows=1 width=32) (actual time=0.028..0.030 rows=1 loops=1)

        Index Cond: ((s_w_id = 2) AND (s_i_id = 38487))

Planning Time: 0.119 ms

Execution Time: 0.131 ms
Failed SQL 1217: UPDATE STOCK SET S_QUANTITY = 99, S_YTD = S_YTD + 1, S_ORDER_CNT = S_ORDER_CNT + 1, S_REMOTE_CNT = S_REMOTE_CNT + 0 WHERE S_I_ID = 38487 AND S_W_ID = 2
Error Message: Cannot invoke "java.util.List.get(int)" because the return value of "sg.edu.nus.autotune.DB2DATA.getAllIndexes()" is null


===== Query 1218 =====

SQL: SELECT I_PRICE, I_NAME , I_DATA FROM ITEM WHERE I_ID = 81086

EXPLAIN Plan:

Index Scan using item_pkey on item  (cost=0.29..8.31 rows=1 width=61) (actual time=0.022..0.024 rows=1 loops=1)

  Index Cond: (i_id = 81086)

Planning Time: 0.078 ms

Execution Time: 0.042 ms
Failed SQL 1218: SELECT I_PRICE, I_NAME , I_DATA FROM ITEM WHERE I_ID = 81086
Error Message: Cannot invoke "java.util.List.get(int)" because the return value of "sg.edu.nus.autotune.DB2DATA.getAllIndexes()" is null


===== Query 1219 =====

SQL: SELECT S_QUANTITY, S_DATA, S_DIST_01, S_DIST_02, S_DIST_03, S_DIST_04, S_DIST_05, S_DIST_06, S_DIST_07, S_DIST_08, S_DIST_09, S_DIST_10 FROM STOCK WHERE S_I_ID = 81086 AND S_W_ID = 2

EXPLAIN Plan:

Index Scan using stock_pkey on stock  (cost=0.42..8.44 rows=1 width=291) (actual time=0.068..0.070 rows=1 loops=1)

  Index Cond: ((s_w_id = 2) AND (s_i_id = 81086))

Planning Time: 0.094 ms

Execution Time: 0.092 ms
Failed SQL 1219: SELECT S_QUANTITY, S_DATA, S_DIST_01, S_DIST_02, S_DIST_03, S_DIST_04, S_DIST_05, S_DIST_06, S_DIST_07, S_DIST_08, S_DIST_09, S_DIST_10 FROM STOCK WHERE S_I_ID = 81086 AND S_W_ID = 2
Error Message: Cannot invoke "java.util.List.get(int)" because the return value of "sg.edu.nus.autotune.DB2DATA.getAllIndexes()" is null


===== Query 1220 =====

SQL: SELECT S_QUANTITY, S_DATA, S_DIST_01, S_DIST_02, S_DIST_03, S_DIST_04, S_DIST_05, S_DIST_06, S_DIST_07, S_DIST_08, S_DIST_09, S_DIST_10 FROM STOCK WHERE S_I_ID = 99783 AND S_W_ID = 1

EXPLAIN Plan:

Index Scan using stock_pkey on stock  (cost=0.42..8.44 rows=1 width=291) (actual time=1.089..1.091 rows=1 loops=1)

  Index Cond: ((s_w_id = 1) AND (s_i_id = 99783))

Planning Time: 0.091 ms

Execution Time: 1.114 ms
Failed SQL 1220: SELECT S_QUANTITY, S_DATA, S_DIST_01, S_DIST_02, S_DIST_03, S_DIST_04, S_DIST_05, S_DIST_06, S_DIST_07, S_DIST_08, S_DIST_09, S_DIST_10 FROM STOCK WHERE S_I_ID = 99783 AND S_W_ID = 1
Error Message: Cannot invoke "java.util.List.get(int)" because the return value of "sg.edu.nus.autotune.DB2DATA.getAllIndexes()" is null


===== Query 1221 =====

SQL: UPDATE STOCK SET S_QUANTITY = 61, S_YTD = S_YTD + 4, S_ORDER_CNT = S_ORDER_CNT + 1, S_REMOTE_CNT = S_REMOTE_CNT + 0 WHERE S_I_ID = 81086 AND S_W_ID = 2

EXPLAIN Plan:

Update on stock  (cost=0.42..8.45 rows=0 width=0) (actual time=0.083..0.084 rows=0 loops=1)

  ->  Index Scan using stock_pkey on stock  (cost=0.42..8.45 rows=1 width=32) (actual time=0.026..0.027 rows=1 loops=1)

        Index Cond: ((s_w_id = 2) AND (s_i_id = 81086))

Planning Time: 0.109 ms

Execution Time: 0.112 ms
Failed SQL 1221: UPDATE STOCK SET S_QUANTITY = 61, S_YTD = S_YTD + 4, S_ORDER_CNT = S_ORDER_CNT + 1, S_REMOTE_CNT = S_REMOTE_CNT + 0 WHERE S_I_ID = 81086 AND S_W_ID = 2
Error Message: Cannot invoke "java.util.List.get(int)" because the return value of "sg.edu.nus.autotune.DB2DATA.getAllIndexes()" is null


===== Query 1222 =====

SQL: SELECT I_PRICE, I_NAME , I_DATA FROM ITEM WHERE I_ID = 28103

EXPLAIN Plan:

Index Scan using item_pkey on item  (cost=0.29..8.31 rows=1 width=61) (actual time=0.853..0.855 rows=1 loops=1)

  Index Cond: (i_id = 28103)

Planning Time: 0.081 ms

Execution Time: 0.875 ms
Failed SQL 1222: SELECT I_PRICE, I_NAME , I_DATA FROM ITEM WHERE I_ID = 28103
Error Message: Cannot invoke "java.util.List.get(int)" because the return value of "sg.edu.nus.autotune.DB2DATA.getAllIndexes()" is null


===== Query 1223 =====

SQL: SELECT S_QUANTITY, S_DATA, S_DIST_01, S_DIST_02, S_DIST_03, S_DIST_04, S_DIST_05, S_DIST_06, S_DIST_07, S_DIST_08, S_DIST_09, S_DIST_10 FROM STOCK WHERE S_I_ID = 28103 AND S_W_ID = 2

EXPLAIN Plan:

Index Scan using stock_pkey on stock  (cost=0.42..8.44 rows=1 width=291) (actual time=0.900..0.902 rows=1 loops=1)

  Index Cond: ((s_w_id = 2) AND (s_i_id = 28103))

Planning Time: 0.099 ms

Execution Time: 0.927 ms
Failed SQL 1223: SELECT S_QUANTITY, S_DATA, S_DIST_01, S_DIST_02, S_DIST_03, S_DIST_04, S_DIST_05, S_DIST_06, S_DIST_07, S_DIST_08, S_DIST_09, S_DIST_10 FROM STOCK WHERE S_I_ID = 28103 AND S_W_ID = 2
Error Message: Cannot invoke "java.util.List.get(int)" because the return value of "sg.edu.nus.autotune.DB2DATA.getAllIndexes()" is null


===== Query 1224 =====

SQL: UPDATE STOCK SET S_QUANTITY = 27, S_YTD = S_YTD + 9, S_ORDER_CNT = S_ORDER_CNT + 1, S_REMOTE_CNT = S_REMOTE_CNT + 0 WHERE S_I_ID = 28103 AND S_W_ID = 2

EXPLAIN Plan:

Update on stock  (cost=0.42..8.45 rows=0 width=0) (actual time=0.072..0.073 rows=0 loops=1)

  ->  Index Scan using stock_pkey on stock  (cost=0.42..8.45 rows=1 width=32) (actual time=0.032..0.034 rows=1 loops=1)

        Index Cond: ((s_w_id = 2) AND (s_i_id = 28103))

Planning Time: 0.108 ms

Execution Time: 0.100 ms
Failed SQL 1224: UPDATE STOCK SET S_QUANTITY = 27, S_YTD = S_YTD + 9, S_ORDER_CNT = S_ORDER_CNT + 1, S_REMOTE_CNT = S_REMOTE_CNT + 0 WHERE S_I_ID = 28103 AND S_W_ID = 2
Error Message: Cannot invoke "java.util.List.get(int)" because the return value of "sg.edu.nus.autotune.DB2DATA.getAllIndexes()" is null


===== Query 1225 =====

SQL: UPDATE WAREHOUSE SET W_YTD = W_YTD + 1109.37 WHERE W_ID = 2

EXPLAIN Plan:

Update on warehouse  (cost=4.14..8.16 rows=0 width=0) (actual time=0.051..0.051 rows=0 loops=1)

  ->  Bitmap Heap Scan on warehouse  (cost=4.14..8.16 rows=1 width=22) (actual time=0.021..0.022 rows=1 loops=1)

        Recheck Cond: (w_id = 2)

        Heap Blocks: exact=1

        ->  Bitmap Index Scan on warehouse_pkey  (cost=0.00..4.14 rows=1 width=0) (actual time=0.009..0.009 rows=1 loops=1)

              Index Cond: (w_id = 2)

Planning Time: 0.081 ms

Execution Time: 0.083 ms
Failed SQL 1225: UPDATE WAREHOUSE SET W_YTD = W_YTD + 1109.37 WHERE W_ID = 2
Error Message: Cannot invoke "java.util.List.get(int)" because the return value of "sg.edu.nus.autotune.DB2DATA.getAllIndexes()" is null


===== Query 1226 =====

SQL: SELECT W_STREET_1, W_STREET_2, W_CITY, W_STATE, W_ZIP, W_NAME FROM WAREHOUSE WHERE W_ID = 2

EXPLAIN Plan:

Bitmap Heap Scan on warehouse  (cost=4.14..8.15 rows=1 width=65) (actual time=0.023..0.024 rows=1 loops=1)

  Recheck Cond: (w_id = 2)

  Heap Blocks: exact=1

  ->  Bitmap Index Scan on warehouse_pkey  (cost=0.00..4.14 rows=1 width=0) (actual time=0.011..0.011 rows=1 loops=1)

        Index Cond: (w_id = 2)

Planning Time: 0.092 ms

Execution Time: 0.053 ms
Failed SQL 1226: SELECT W_STREET_1, W_STREET_2, W_CITY, W_STATE, W_ZIP, W_NAME FROM WAREHOUSE WHERE W_ID = 2
Error Message: Cannot invoke "java.util.List.get(int)" because the return value of "sg.edu.nus.autotune.DB2DATA.getAllIndexes()" is null


===== Query 1227 =====

SQL: UPDATE DISTRICT SET D_YTD = D_YTD + 1109.37 WHERE D_W_ID = 2 AND D_ID = 1

EXPLAIN Plan:

Update on district  (cost=4.28..11.67 rows=0 width=0) (actual time=0.064..0.065 rows=0 loops=1)

  ->  Bitmap Heap Scan on district  (cost=4.28..11.67 rows=2 width=22) (actual time=0.026..0.027 rows=1 loops=1)

        Recheck Cond: ((d_w_id = 2) AND (d_id = 1))

        Heap Blocks: exact=1

        ->  Bitmap Index Scan on district_pkey  (cost=0.00..4.28 rows=2 width=0) (actual time=0.015..0.015 rows=1 loops=1)

              Index Cond: ((d_w_id = 2) AND (d_id = 1))

Planning Time: 0.110 ms

Execution Time: 0.103 ms
Failed SQL 1227: UPDATE DISTRICT SET D_YTD = D_YTD + 1109.37 WHERE D_W_ID = 2 AND D_ID = 1
Error Message: Cannot invoke "java.util.List.get(int)" because the return value of "sg.edu.nus.autotune.DB2DATA.getAllIndexes()" is null


===== Query 1228 =====

SQL: SELECT D_STREET_1, D_STREET_2, D_CITY, D_STATE, D_ZIP, D_NAME FROM DISTRICT WHERE D_W_ID = 2 AND D_ID = 1

EXPLAIN Plan:

Bitmap Heap Scan on district  (cost=4.28..11.66 rows=2 width=64) (actual time=0.024..0.025 rows=1 loops=1)

  Recheck Cond: ((d_w_id = 2) AND (d_id = 1))

  Heap Blocks: exact=1

  ->  Bitmap Index Scan on district_pkey  (cost=0.00..4.28 rows=2 width=0) (actual time=0.013..0.013 rows=1 loops=1)

        Index Cond: ((d_w_id = 2) AND (d_id = 1))

Planning Time: 0.106 ms

Execution Time: 0.053 ms
Failed SQL 1228: SELECT D_STREET_1, D_STREET_2, D_CITY, D_STATE, D_ZIP, D_NAME FROM DISTRICT WHERE D_W_ID = 2 AND D_ID = 1
Error Message: Cannot invoke "java.util.List.get(int)" because the return value of "sg.edu.nus.autotune.DB2DATA.getAllIndexes()" is null


===== Query 1229 =====

SQL: SELECT C_FIRST, C_MIDDLE, C_LAST, C_STREET_1, C_STREET_2, C_CITY, C_STATE, C_ZIP, C_PHONE, C_CREDIT, C_CREDIT_LIM, C_DISCOUNT, C_BALANCE, C_YTD_PAYMENT, C_PAYMENT_CNT, C_SINCE FROM CUSTOMER WHERE C_W_ID = 2 AND C_D_ID = 1 AND C_ID = 2291

EXPLAIN Plan:

Index Scan using customer_pkey on customer  (cost=0.42..8.44 rows=1 width=140) (actual time=1.068..1.071 rows=1 loops=1)

  Index Cond: ((c_w_id = 2) AND (c_d_id = 1) AND (c_id = 2291))

Planning Time: 0.104 ms

Execution Time: 1.096 ms
Failed SQL 1229: SELECT C_FIRST, C_MIDDLE, C_LAST, C_STREET_1, C_STREET_2, C_CITY, C_STATE, C_ZIP, C_PHONE, C_CREDIT, C_CREDIT_LIM, C_DISCOUNT, C_BALANCE, C_YTD_PAYMENT, C_PAYMENT_CNT, C_SINCE FROM CUSTOMER WHERE C_W_ID = 2 AND C_D_ID = 1 AND C_ID = 2291
Error Message: Cannot invoke "java.util.List.get(int)" because the return value of "sg.edu.nus.autotune.DB2DATA.getAllIndexes()" is null


===== Query 1230 =====

SQL: UPDATE CUSTOMER SET C_BALANCE = 62956.32, C_YTD_PAYMENT = 1119.37, C_PAYMENT_CNT = 2 WHERE C_W_ID = 2 AND C_D_ID = 1 AND C_ID = 2291

EXPLAIN Plan:

Update on customer  (cost=0.42..8.44 rows=0 width=0) (actual time=0.102..0.102 rows=0 loops=1)

  ->  Index Scan using customer_pkey on customer  (cost=0.42..8.44 rows=1 width=34) (actual time=0.021..0.023 rows=1 loops=1)

        Index Cond: ((c_w_id = 2) AND (c_d_id = 1) AND (c_id = 2291))

Planning Time: 0.102 ms

Execution Time: 0.127 ms
Failed SQL 1230: UPDATE CUSTOMER SET C_BALANCE = 62956.32, C_YTD_PAYMENT = 1119.37, C_PAYMENT_CNT = 2 WHERE C_W_ID = 2 AND C_D_ID = 1 AND C_ID = 2291
Error Message: Cannot invoke "java.util.List.get(int)" because the return value of "sg.edu.nus.autotune.DB2DATA.getAllIndexes()" is null


===== Query 1231 =====

SQL: SELECT C_DISCOUNT, C_LAST, C_CREDIT, W_TAX FROM CUSTOMER, WAREHOUSE WHERE W_ID = 2 AND C_W_ID = 2 AND C_D_ID = 2 AND C_ID = 2165

EXPLAIN Plan:

Nested Loop  (cost=4.56..16.61 rows=1 width=26) (actual time=1.151..1.153 rows=1 loops=1)

  ->  Index Scan using customer_pkey on customer  (cost=0.42..8.44 rows=1 width=21) (actual time=1.126..1.127 rows=1 loops=1)

        Index Cond: ((c_w_id = 2) AND (c_d_id = 2) AND (c_id = 2165))

  ->  Bitmap Heap Scan on warehouse  (cost=4.14..8.15 rows=1 width=5) (actual time=0.011..0.012 rows=1 loops=1)

        Recheck Cond: (w_id = 2)

        Heap Blocks: exact=1

        ->  Bitmap Index Scan on warehouse_pkey  (cost=0.00..4.14 rows=1 width=0) (actual time=0.006..0.006 rows=1 loops=1)

              Index Cond: (w_id = 2)

Planning Time: 0.140 ms

Execution Time: 1.193 ms
Failed SQL 1231: SELECT C_DISCOUNT, C_LAST, C_CREDIT, W_TAX FROM CUSTOMER, WAREHOUSE WHERE W_ID = 2 AND C_W_ID = 2 AND C_D_ID = 2 AND C_ID = 2165
Error Message: Cannot invoke "java.util.List.get(int)" because the return value of "sg.edu.nus.autotune.DB2DATA.getAllIndexes()" is null


===== Query 1232 =====

SQL: UPDATE STOCK SET S_QUANTITY = 21, S_YTD = S_YTD + 7, S_ORDER_CNT = S_ORDER_CNT + 1, S_REMOTE_CNT = S_REMOTE_CNT + 0 WHERE S_I_ID = 99783 AND S_W_ID = 1

EXPLAIN Plan:

Update on stock  (cost=0.42..8.45 rows=0 width=0) (actual time=0.063..0.063 rows=0 loops=1)

  ->  Index Scan using stock_pkey on stock  (cost=0.42..8.45 rows=1 width=32) (actual time=0.026..0.028 rows=1 loops=1)

        Index Cond: ((s_w_id = 1) AND (s_i_id = 99783))

Planning Time: 0.102 ms

Execution Time: 0.090 ms
Failed SQL 1232: UPDATE STOCK SET S_QUANTITY = 21, S_YTD = S_YTD + 7, S_ORDER_CNT = S_ORDER_CNT + 1, S_REMOTE_CNT = S_REMOTE_CNT + 0 WHERE S_I_ID = 99783 AND S_W_ID = 1
Error Message: Cannot invoke "java.util.List.get(int)" because the return value of "sg.edu.nus.autotune.DB2DATA.getAllIndexes()" is null


===== Query 1233 =====

SQL: SELECT I_PRICE, I_NAME , I_DATA FROM ITEM WHERE I_ID = 93191

EXPLAIN Plan:

Index Scan using item_pkey on item  (cost=0.29..8.31 rows=1 width=61) (actual time=1.068..1.070 rows=1 loops=1)

  Index Cond: (i_id = 93191)

Planning Time: 0.111 ms

Execution Time: 1.092 ms
Failed SQL 1233: SELECT I_PRICE, I_NAME , I_DATA FROM ITEM WHERE I_ID = 93191
Error Message: Cannot invoke "java.util.List.get(int)" because the return value of "sg.edu.nus.autotune.DB2DATA.getAllIndexes()" is null


===== Query 1234 =====

SQL: SELECT D_NEXT_O_ID, D_TAX FROM DISTRICT WHERE D_W_ID = 2 AND D_ID = 2

EXPLAIN Plan:

Bitmap Heap Scan on district  (cost=4.28..11.66 rows=2 width=9) (actual time=0.018..0.019 rows=1 loops=1)

  Recheck Cond: ((d_w_id = 2) AND (d_id = 2))

  Heap Blocks: exact=1

  ->  Bitmap Index Scan on district_pkey  (cost=0.00..4.28 rows=2 width=0) (actual time=0.011..0.011 rows=1 loops=1)

        Index Cond: ((d_w_id = 2) AND (d_id = 2))

Planning Time: 0.089 ms

Execution Time: 0.043 ms
Failed SQL 1234: SELECT D_NEXT_O_ID, D_TAX FROM DISTRICT WHERE D_W_ID = 2 AND D_ID = 2
Error Message: Cannot invoke "java.util.List.get(int)" because the return value of "sg.edu.nus.autotune.DB2DATA.getAllIndexes()" is null


===== Query 1235 =====

SQL: UPDATE DISTRICT SET D_NEXT_O_ID = D_NEXT_O_ID + 1 WHERE D_W_ID = 2 AND D_ID = 2

EXPLAIN Plan:

Update on district  (cost=4.28..11.67 rows=0 width=0) (actual time=0.078..0.078 rows=0 loops=1)

  ->  Bitmap Heap Scan on district  (cost=4.28..11.67 rows=2 width=10) (actual time=0.019..0.020 rows=1 loops=1)

        Recheck Cond: ((d_w_id = 2) AND (d_id = 2))

        Heap Blocks: exact=1

        ->  Bitmap Index Scan on district_pkey  (cost=0.00..4.28 rows=2 width=0) (actual time=0.011..0.011 rows=1 loops=1)

              Index Cond: ((d_w_id = 2) AND (d_id = 2))

Planning Time: 0.094 ms

Execution Time: 0.111 ms
Failed SQL 1235: UPDATE DISTRICT SET D_NEXT_O_ID = D_NEXT_O_ID + 1 WHERE D_W_ID = 2 AND D_ID = 2
Error Message: Cannot invoke "java.util.List.get(int)" because the return value of "sg.edu.nus.autotune.DB2DATA.getAllIndexes()" is null


===== Query 1236 =====

SQL: SELECT I_PRICE, I_NAME , I_DATA FROM ITEM WHERE I_ID = 56935

EXPLAIN Plan:

Index Scan using item_pkey on item  (cost=0.29..8.31 rows=1 width=61) (actual time=0.024..0.025 rows=1 loops=1)

  Index Cond: (i_id = 56935)

Planning Time: 0.085 ms

Execution Time: 0.046 ms
Failed SQL 1236: SELECT I_PRICE, I_NAME , I_DATA FROM ITEM WHERE I_ID = 56935
Error Message: Cannot invoke "java.util.List.get(int)" because the return value of "sg.edu.nus.autotune.DB2DATA.getAllIndexes()" is null


===== Query 1237 =====

SQL: SELECT S_QUANTITY, S_DATA, S_DIST_01, S_DIST_02, S_DIST_03, S_DIST_04, S_DIST_05, S_DIST_06, S_DIST_07, S_DIST_08, S_DIST_09, S_DIST_10 FROM STOCK WHERE S_I_ID = 56935 AND S_W_ID = 2

EXPLAIN Plan:

Index Scan using stock_pkey on stock  (cost=0.42..8.44 rows=1 width=291) (actual time=0.061..0.062 rows=1 loops=1)

  Index Cond: ((s_w_id = 2) AND (s_i_id = 56935))

Planning Time: 0.117 ms

Execution Time: 0.087 ms
Failed SQL 1237: SELECT S_QUANTITY, S_DATA, S_DIST_01, S_DIST_02, S_DIST_03, S_DIST_04, S_DIST_05, S_DIST_06, S_DIST_07, S_DIST_08, S_DIST_09, S_DIST_10 FROM STOCK WHERE S_I_ID = 56935 AND S_W_ID = 2
Error Message: Cannot invoke "java.util.List.get(int)" because the return value of "sg.edu.nus.autotune.DB2DATA.getAllIndexes()" is null


===== Query 1238 =====

SQL: UPDATE STOCK SET S_QUANTITY = 27, S_YTD = S_YTD + 5, S_ORDER_CNT = S_ORDER_CNT + 1, S_REMOTE_CNT = S_REMOTE_CNT + 0 WHERE S_I_ID = 56935 AND S_W_ID = 2

EXPLAIN Plan:

Update on stock  (cost=0.42..8.45 rows=0 width=0) (actual time=0.083..0.083 rows=0 loops=1)

  ->  Index Scan using stock_pkey on stock  (cost=0.42..8.45 rows=1 width=32) (actual time=0.024..0.026 rows=1 loops=1)

        Index Cond: ((s_w_id = 2) AND (s_i_id = 56935))

Planning Time: 0.098 ms

Execution Time: 0.110 ms
Failed SQL 1238: UPDATE STOCK SET S_QUANTITY = 27, S_YTD = S_YTD + 5, S_ORDER_CNT = S_ORDER_CNT + 1, S_REMOTE_CNT = S_REMOTE_CNT + 0 WHERE S_I_ID = 56935 AND S_W_ID = 2
Error Message: Cannot invoke "java.util.List.get(int)" because the return value of "sg.edu.nus.autotune.DB2DATA.getAllIndexes()" is null


===== Query 1239 =====

SQL: SELECT I_PRICE, I_NAME , I_DATA FROM ITEM WHERE I_ID = 28133

EXPLAIN Plan:

Index Scan using item_pkey on item  (cost=0.29..8.31 rows=1 width=61) (actual time=0.030..0.032 rows=1 loops=1)

  Index Cond: (i_id = 28133)

Planning Time: 0.078 ms

Execution Time: 0.049 ms
Failed SQL 1239: SELECT I_PRICE, I_NAME , I_DATA FROM ITEM WHERE I_ID = 28133
Error Message: Cannot invoke "java.util.List.get(int)" because the return value of "sg.edu.nus.autotune.DB2DATA.getAllIndexes()" is null


===== Query 1240 =====

SQL: SELECT S_QUANTITY, S_DATA, S_DIST_01, S_DIST_02, S_DIST_03, S_DIST_04, S_DIST_05, S_DIST_06, S_DIST_07, S_DIST_08, S_DIST_09, S_DIST_10 FROM STOCK WHERE S_I_ID = 93191 AND S_W_ID = 1

EXPLAIN Plan:

Index Scan using stock_pkey on stock  (cost=0.42..8.44 rows=1 width=291) (actual time=1.104..1.106 rows=1 loops=1)

  Index Cond: ((s_w_id = 1) AND (s_i_id = 93191))

Planning Time: 0.096 ms

Execution Time: 1.130 ms
Failed SQL 1240: SELECT S_QUANTITY, S_DATA, S_DIST_01, S_DIST_02, S_DIST_03, S_DIST_04, S_DIST_05, S_DIST_06, S_DIST_07, S_DIST_08, S_DIST_09, S_DIST_10 FROM STOCK WHERE S_I_ID = 93191 AND S_W_ID = 1
Error Message: Cannot invoke "java.util.List.get(int)" because the return value of "sg.edu.nus.autotune.DB2DATA.getAllIndexes()" is null


===== Query 1241 =====

SQL: SELECT S_QUANTITY, S_DATA, S_DIST_01, S_DIST_02, S_DIST_03, S_DIST_04, S_DIST_05, S_DIST_06, S_DIST_07, S_DIST_08, S_DIST_09, S_DIST_10 FROM STOCK WHERE S_I_ID = 28133 AND S_W_ID = 2

EXPLAIN Plan:

Index Scan using stock_pkey on stock  (cost=0.42..8.44 rows=1 width=291) (actual time=0.874..0.876 rows=1 loops=1)

  Index Cond: ((s_w_id = 2) AND (s_i_id = 28133))

Planning Time: 0.088 ms

Execution Time: 0.899 ms
Failed SQL 1241: SELECT S_QUANTITY, S_DATA, S_DIST_01, S_DIST_02, S_DIST_03, S_DIST_04, S_DIST_05, S_DIST_06, S_DIST_07, S_DIST_08, S_DIST_09, S_DIST_10 FROM STOCK WHERE S_I_ID = 28133 AND S_W_ID = 2
Error Message: Cannot invoke "java.util.List.get(int)" because the return value of "sg.edu.nus.autotune.DB2DATA.getAllIndexes()" is null


===== Query 1242 =====

SQL: UPDATE STOCK SET S_QUANTITY = 52, S_YTD = S_YTD + 7, S_ORDER_CNT = S_ORDER_CNT + 1, S_REMOTE_CNT = S_REMOTE_CNT + 0 WHERE S_I_ID = 28133 AND S_W_ID = 2

EXPLAIN Plan:

Update on stock  (cost=0.42..8.45 rows=0 width=0) (actual time=0.063..0.063 rows=0 loops=1)

  ->  Index Scan using stock_pkey on stock  (cost=0.42..8.45 rows=1 width=32) (actual time=0.025..0.027 rows=1 loops=1)

        Index Cond: ((s_w_id = 2) AND (s_i_id = 28133))

Planning Time: 0.106 ms

Execution Time: 0.092 ms
Failed SQL 1242: UPDATE STOCK SET S_QUANTITY = 52, S_YTD = S_YTD + 7, S_ORDER_CNT = S_ORDER_CNT + 1, S_REMOTE_CNT = S_REMOTE_CNT + 0 WHERE S_I_ID = 28133 AND S_W_ID = 2
Error Message: Cannot invoke "java.util.List.get(int)" because the return value of "sg.edu.nus.autotune.DB2DATA.getAllIndexes()" is null


===== Query 1243 =====

SQL: SELECT I_PRICE, I_NAME , I_DATA FROM ITEM WHERE I_ID = 51055

EXPLAIN Plan:

Index Scan using item_pkey on item  (cost=0.29..8.31 rows=1 width=61) (actual time=0.043..0.044 rows=1 loops=1)

  Index Cond: (i_id = 51055)

Planning Time: 0.073 ms

Execution Time: 0.061 ms
Failed SQL 1243: SELECT I_PRICE, I_NAME , I_DATA FROM ITEM WHERE I_ID = 51055
Error Message: Cannot invoke "java.util.List.get(int)" because the return value of "sg.edu.nus.autotune.DB2DATA.getAllIndexes()" is null


===== Query 1244 =====

SQL: SELECT S_QUANTITY, S_DATA, S_DIST_01, S_DIST_02, S_DIST_03, S_DIST_04, S_DIST_05, S_DIST_06, S_DIST_07, S_DIST_08, S_DIST_09, S_DIST_10 FROM STOCK WHERE S_I_ID = 51055 AND S_W_ID = 2

EXPLAIN Plan:

Index Scan using stock_pkey on stock  (cost=0.42..8.44 rows=1 width=291) (actual time=0.854..0.857 rows=1 loops=1)

  Index Cond: ((s_w_id = 2) AND (s_i_id = 51055))

Planning Time: 0.096 ms

Execution Time: 0.879 ms
Failed SQL 1244: SELECT S_QUANTITY, S_DATA, S_DIST_01, S_DIST_02, S_DIST_03, S_DIST_04, S_DIST_05, S_DIST_06, S_DIST_07, S_DIST_08, S_DIST_09, S_DIST_10 FROM STOCK WHERE S_I_ID = 51055 AND S_W_ID = 2
Error Message: Cannot invoke "java.util.List.get(int)" because the return value of "sg.edu.nus.autotune.DB2DATA.getAllIndexes()" is null


===== Query 1245 =====

SQL: UPDATE STOCK SET S_QUANTITY = 63, S_YTD = S_YTD + 3, S_ORDER_CNT = S_ORDER_CNT + 1, S_REMOTE_CNT = S_REMOTE_CNT + 0 WHERE S_I_ID = 93191 AND S_W_ID = 1

EXPLAIN Plan:

Update on stock  (cost=0.42..8.45 rows=0 width=0) (actual time=0.065..0.066 rows=0 loops=1)

  ->  Index Scan using stock_pkey on stock  (cost=0.42..8.45 rows=1 width=32) (actual time=0.025..0.026 rows=1 loops=1)

        Index Cond: ((s_w_id = 1) AND (s_i_id = 93191))

Planning Time: 0.104 ms

Execution Time: 0.093 ms
Failed SQL 1245: UPDATE STOCK SET S_QUANTITY = 63, S_YTD = S_YTD + 3, S_ORDER_CNT = S_ORDER_CNT + 1, S_REMOTE_CNT = S_REMOTE_CNT + 0 WHERE S_I_ID = 93191 AND S_W_ID = 1
Error Message: Cannot invoke "java.util.List.get(int)" because the return value of "sg.edu.nus.autotune.DB2DATA.getAllIndexes()" is null


===== Query 1246 =====

SQL: SELECT I_PRICE, I_NAME , I_DATA FROM ITEM WHERE I_ID = 38630

EXPLAIN Plan:

Index Scan using item_pkey on item  (cost=0.29..8.31 rows=1 width=61) (actual time=0.025..0.026 rows=1 loops=1)

  Index Cond: (i_id = 38630)

Planning Time: 0.085 ms

Execution Time: 0.047 ms
Failed SQL 1246: SELECT I_PRICE, I_NAME , I_DATA FROM ITEM WHERE I_ID = 38630
Error Message: Cannot invoke "java.util.List.get(int)" because the return value of "sg.edu.nus.autotune.DB2DATA.getAllIndexes()" is null


===== Query 1247 =====

SQL: SELECT S_QUANTITY, S_DATA, S_DIST_01, S_DIST_02, S_DIST_03, S_DIST_04, S_DIST_05, S_DIST_06, S_DIST_07, S_DIST_08, S_DIST_09, S_DIST_10 FROM STOCK WHERE S_I_ID = 38630 AND S_W_ID = 1

EXPLAIN Plan:

Index Scan using stock_pkey on stock  (cost=0.42..8.44 rows=1 width=291) (actual time=0.853..0.855 rows=1 loops=1)

  Index Cond: ((s_w_id = 1) AND (s_i_id = 38630))

Planning Time: 0.109 ms

Execution Time: 0.881 ms
Failed SQL 1247: SELECT S_QUANTITY, S_DATA, S_DIST_01, S_DIST_02, S_DIST_03, S_DIST_04, S_DIST_05, S_DIST_06, S_DIST_07, S_DIST_08, S_DIST_09, S_DIST_10 FROM STOCK WHERE S_I_ID = 38630 AND S_W_ID = 1
Error Message: Cannot invoke "java.util.List.get(int)" because the return value of "sg.edu.nus.autotune.DB2DATA.getAllIndexes()" is null


===== Query 1248 =====

SQL: UPDATE STOCK SET S_QUANTITY = 60, S_YTD = S_YTD + 10, S_ORDER_CNT = S_ORDER_CNT + 1, S_REMOTE_CNT = S_REMOTE_CNT + 0 WHERE S_I_ID = 38630 AND S_W_ID = 1

EXPLAIN Plan:

Update on stock  (cost=0.42..8.45 rows=0 width=0) (actual time=0.085..0.086 rows=0 loops=1)

  ->  Index Scan using stock_pkey on stock  (cost=0.42..8.45 rows=1 width=32) (actual time=0.023..0.025 rows=1 loops=1)

        Index Cond: ((s_w_id = 1) AND (s_i_id = 38630))

Planning Time: 0.102 ms

Execution Time: 0.114 ms
Failed SQL 1248: UPDATE STOCK SET S_QUANTITY = 60, S_YTD = S_YTD + 10, S_ORDER_CNT = S_ORDER_CNT + 1, S_REMOTE_CNT = S_REMOTE_CNT + 0 WHERE S_I_ID = 38630 AND S_W_ID = 1
Error Message: Cannot invoke "java.util.List.get(int)" because the return value of "sg.edu.nus.autotune.DB2DATA.getAllIndexes()" is null


===== Query 1249 =====

SQL: SELECT I_PRICE, I_NAME , I_DATA FROM ITEM WHERE I_ID = 81378

EXPLAIN Plan:

Index Scan using item_pkey on item  (cost=0.29..8.31 rows=1 width=61) (actual time=0.077..0.079 rows=1 loops=1)

  Index Cond: (i_id = 81378)

Planning Time: 0.084 ms

Execution Time: 0.098 ms
Failed SQL 1249: SELECT I_PRICE, I_NAME , I_DATA FROM ITEM WHERE I_ID = 81378
Error Message: Cannot invoke "java.util.List.get(int)" because the return value of "sg.edu.nus.autotune.DB2DATA.getAllIndexes()" is null


===== Query 1250 =====

SQL: SELECT S_QUANTITY, S_DATA, S_DIST_01, S_DIST_02, S_DIST_03, S_DIST_04, S_DIST_05, S_DIST_06, S_DIST_07, S_DIST_08, S_DIST_09, S_DIST_10 FROM STOCK WHERE S_I_ID = 81378 AND S_W_ID = 1

EXPLAIN Plan:

Index Scan using stock_pkey on stock  (cost=0.42..8.44 rows=1 width=291) (actual time=0.847..0.849 rows=1 loops=1)

  Index Cond: ((s_w_id = 1) AND (s_i_id = 81378))

Planning Time: 0.091 ms

Execution Time: 0.872 ms
Failed SQL 1250: SELECT S_QUANTITY, S_DATA, S_DIST_01, S_DIST_02, S_DIST_03, S_DIST_04, S_DIST_05, S_DIST_06, S_DIST_07, S_DIST_08, S_DIST_09, S_DIST_10 FROM STOCK WHERE S_I_ID = 81378 AND S_W_ID = 1
Error Message: Cannot invoke "java.util.List.get(int)" because the return value of "sg.edu.nus.autotune.DB2DATA.getAllIndexes()" is null


===== Query 1251 =====

SQL: UPDATE STOCK SET S_QUANTITY = 59, S_YTD = S_YTD + 7, S_ORDER_CNT = S_ORDER_CNT + 1, S_REMOTE_CNT = S_REMOTE_CNT + 0 WHERE S_I_ID = 81378 AND S_W_ID = 1

EXPLAIN Plan:

Update on stock  (cost=0.42..8.45 rows=0 width=0) (actual time=0.075..0.076 rows=0 loops=1)

  ->  Index Scan using stock_pkey on stock  (cost=0.42..8.45 rows=1 width=32) (actual time=0.035..0.037 rows=1 loops=1)

        Index Cond: ((s_w_id = 1) AND (s_i_id = 81378))

Planning Time: 0.101 ms

Execution Time: 0.103 ms
Failed SQL 1251: UPDATE STOCK SET S_QUANTITY = 59, S_YTD = S_YTD + 7, S_ORDER_CNT = S_ORDER_CNT + 1, S_REMOTE_CNT = S_REMOTE_CNT + 0 WHERE S_I_ID = 81378 AND S_W_ID = 1
Error Message: Cannot invoke "java.util.List.get(int)" because the return value of "sg.edu.nus.autotune.DB2DATA.getAllIndexes()" is null


===== Query 1252 =====

SQL: SELECT I_PRICE, I_NAME , I_DATA FROM ITEM WHERE I_ID = 79455

EXPLAIN Plan:

Index Scan using item_pkey on item  (cost=0.29..8.31 rows=1 width=61) (actual time=0.977..0.979 rows=1 loops=1)

  Index Cond: (i_id = 79455)

Planning Time: 0.059 ms

Execution Time: 0.994 ms
Failed SQL 1252: SELECT I_PRICE, I_NAME , I_DATA FROM ITEM WHERE I_ID = 79455
Error Message: Cannot invoke "java.util.List.get(int)" because the return value of "sg.edu.nus.autotune.DB2DATA.getAllIndexes()" is null


===== Query 1253 =====

SQL: SELECT S_QUANTITY, S_DATA, S_DIST_01, S_DIST_02, S_DIST_03, S_DIST_04, S_DIST_05, S_DIST_06, S_DIST_07, S_DIST_08, S_DIST_09, S_DIST_10 FROM STOCK WHERE S_I_ID = 79455 AND S_W_ID = 1

EXPLAIN Plan:

Index Scan using stock_pkey on stock  (cost=0.42..8.44 rows=1 width=291) (actual time=1.117..1.119 rows=1 loops=1)

  Index Cond: ((s_w_id = 1) AND (s_i_id = 79455))

Planning Time: 0.106 ms

Execution Time: 1.144 ms
Failed SQL 1253: SELECT S_QUANTITY, S_DATA, S_DIST_01, S_DIST_02, S_DIST_03, S_DIST_04, S_DIST_05, S_DIST_06, S_DIST_07, S_DIST_08, S_DIST_09, S_DIST_10 FROM STOCK WHERE S_I_ID = 79455 AND S_W_ID = 1
Error Message: Cannot invoke "java.util.List.get(int)" because the return value of "sg.edu.nus.autotune.DB2DATA.getAllIndexes()" is null


===== Query 1254 =====

SQL: UPDATE STOCK SET S_QUANTITY = 14, S_YTD = S_YTD + 4, S_ORDER_CNT = S_ORDER_CNT + 1, S_REMOTE_CNT = S_REMOTE_CNT + 0 WHERE S_I_ID = 79455 AND S_W_ID = 1

EXPLAIN Plan:

Update on stock  (cost=0.42..8.45 rows=0 width=0) (actual time=0.077..0.078 rows=0 loops=1)

  ->  Index Scan using stock_pkey on stock  (cost=0.42..8.45 rows=1 width=32) (actual time=0.031..0.032 rows=1 loops=1)

        Index Cond: ((s_w_id = 1) AND (s_i_id = 79455))

Planning Time: 0.115 ms

Execution Time: 0.113 ms
Failed SQL 1254: UPDATE STOCK SET S_QUANTITY = 14, S_YTD = S_YTD + 4, S_ORDER_CNT = S_ORDER_CNT + 1, S_REMOTE_CNT = S_REMOTE_CNT + 0 WHERE S_I_ID = 79455 AND S_W_ID = 1
Error Message: Cannot invoke "java.util.List.get(int)" because the return value of "sg.edu.nus.autotune.DB2DATA.getAllIndexes()" is null


===== Query 1255 =====

SQL: SELECT I_PRICE, I_NAME , I_DATA FROM ITEM WHERE I_ID = 62915

EXPLAIN Plan:

Index Scan using item_pkey on item  (cost=0.29..8.31 rows=1 width=61) (actual time=0.862..0.865 rows=1 loops=1)

  Index Cond: (i_id = 62915)

Planning Time: 0.073 ms

Execution Time: 0.885 ms
Failed SQL 1255: SELECT I_PRICE, I_NAME , I_DATA FROM ITEM WHERE I_ID = 62915
Error Message: Cannot invoke "java.util.List.get(int)" because the return value of "sg.edu.nus.autotune.DB2DATA.getAllIndexes()" is null


===== Query 1256 =====

SQL: SELECT S_QUANTITY, S_DATA, S_DIST_01, S_DIST_02, S_DIST_03, S_DIST_04, S_DIST_05, S_DIST_06, S_DIST_07, S_DIST_08, S_DIST_09, S_DIST_10 FROM STOCK WHERE S_I_ID = 62915 AND S_W_ID = 1

EXPLAIN Plan:

Index Scan using stock_pkey on stock  (cost=0.42..8.44 rows=1 width=291) (actual time=0.909..0.912 rows=1 loops=1)

  Index Cond: ((s_w_id = 1) AND (s_i_id = 62915))

Planning Time: 0.112 ms

Execution Time: 0.939 ms
Failed SQL 1256: SELECT S_QUANTITY, S_DATA, S_DIST_01, S_DIST_02, S_DIST_03, S_DIST_04, S_DIST_05, S_DIST_06, S_DIST_07, S_DIST_08, S_DIST_09, S_DIST_10 FROM STOCK WHERE S_I_ID = 62915 AND S_W_ID = 1
Error Message: Cannot invoke "java.util.List.get(int)" because the return value of "sg.edu.nus.autotune.DB2DATA.getAllIndexes()" is null


===== Query 1257 =====

SQL: UPDATE STOCK SET S_QUANTITY = 53, S_YTD = S_YTD + 2, S_ORDER_CNT = S_ORDER_CNT + 1, S_REMOTE_CNT = S_REMOTE_CNT + 0 WHERE S_I_ID = 51055 AND S_W_ID = 2

EXPLAIN Plan:

Update on stock  (cost=0.42..8.45 rows=0 width=0) (actual time=0.128..0.128 rows=0 loops=1)

  ->  Index Scan using stock_pkey on stock  (cost=0.42..8.45 rows=1 width=32) (actual time=0.050..0.052 rows=1 loops=1)

        Index Cond: ((s_w_id = 2) AND (s_i_id = 51055))

Planning Time: 0.124 ms

Execution Time: 0.158 ms
Failed SQL 1257: UPDATE STOCK SET S_QUANTITY = 53, S_YTD = S_YTD + 2, S_ORDER_CNT = S_ORDER_CNT + 1, S_REMOTE_CNT = S_REMOTE_CNT + 0 WHERE S_I_ID = 51055 AND S_W_ID = 2
Error Message: Cannot invoke "java.util.List.get(int)" because the return value of "sg.edu.nus.autotune.DB2DATA.getAllIndexes()" is null


===== Query 1258 =====

SQL: SELECT I_PRICE, I_NAME , I_DATA FROM ITEM WHERE I_ID = 31839

EXPLAIN Plan:

Index Scan using item_pkey on item  (cost=0.29..8.31 rows=1 width=61) (actual time=0.981..0.983 rows=1 loops=1)

  Index Cond: (i_id = 31839)

Planning Time: 0.076 ms

Execution Time: 1.000 ms
Failed SQL 1258: SELECT I_PRICE, I_NAME , I_DATA FROM ITEM WHERE I_ID = 31839
Error Message: Cannot invoke "java.util.List.get(int)" because the return value of "sg.edu.nus.autotune.DB2DATA.getAllIndexes()" is null


===== Query 1259 =====

SQL: SELECT S_QUANTITY, S_DATA, S_DIST_01, S_DIST_02, S_DIST_03, S_DIST_04, S_DIST_05, S_DIST_06, S_DIST_07, S_DIST_08, S_DIST_09, S_DIST_10 FROM STOCK WHERE S_I_ID = 31839 AND S_W_ID = 2

EXPLAIN Plan:

Index Scan using stock_pkey on stock  (cost=0.42..8.44 rows=1 width=291) (actual time=1.535..1.539 rows=1 loops=1)

  Index Cond: ((s_w_id = 2) AND (s_i_id = 31839))

Planning Time: 0.066 ms

Execution Time: 1.564 ms
Failed SQL 1259: SELECT S_QUANTITY, S_DATA, S_DIST_01, S_DIST_02, S_DIST_03, S_DIST_04, S_DIST_05, S_DIST_06, S_DIST_07, S_DIST_08, S_DIST_09, S_DIST_10 FROM STOCK WHERE S_I_ID = 31839 AND S_W_ID = 2
Error Message: Cannot invoke "java.util.List.get(int)" because the return value of "sg.edu.nus.autotune.DB2DATA.getAllIndexes()" is null


===== Query 1260 =====

SQL: UPDATE STOCK SET S_QUANTITY = 55, S_YTD = S_YTD + 7, S_ORDER_CNT = S_ORDER_CNT + 1, S_REMOTE_CNT = S_REMOTE_CNT + 0 WHERE S_I_ID = 62915 AND S_W_ID = 1

EXPLAIN Plan:

Update on stock  (cost=0.42..8.45 rows=0 width=0) (actual time=0.050..0.050 rows=0 loops=1)

  ->  Index Scan using stock_pkey on stock  (cost=0.42..8.45 rows=1 width=32) (actual time=0.019..0.021 rows=1 loops=1)

        Index Cond: ((s_w_id = 1) AND (s_i_id = 62915))

Planning Time: 0.087 ms

Execution Time: 0.072 ms
Failed SQL 1260: UPDATE STOCK SET S_QUANTITY = 55, S_YTD = S_YTD + 7, S_ORDER_CNT = S_ORDER_CNT + 1, S_REMOTE_CNT = S_REMOTE_CNT + 0 WHERE S_I_ID = 62915 AND S_W_ID = 1
Error Message: Cannot invoke "java.util.List.get(int)" because the return value of "sg.edu.nus.autotune.DB2DATA.getAllIndexes()" is null


===== Query 1261 =====

SQL: SELECT I_PRICE, I_NAME , I_DATA FROM ITEM WHERE I_ID = 46807

EXPLAIN Plan:

Index Scan using item_pkey on item  (cost=0.29..8.31 rows=1 width=61) (actual time=1.062..1.064 rows=1 loops=1)

  Index Cond: (i_id = 46807)

Planning Time: 0.072 ms

Execution Time: 1.083 ms
Failed SQL 1261: SELECT I_PRICE, I_NAME , I_DATA FROM ITEM WHERE I_ID = 46807
Error Message: Cannot invoke "java.util.List.get(int)" because the return value of "sg.edu.nus.autotune.DB2DATA.getAllIndexes()" is null


===== Query 1262 =====

SQL: SELECT S_QUANTITY, S_DATA, S_DIST_01, S_DIST_02, S_DIST_03, S_DIST_04, S_DIST_05, S_DIST_06, S_DIST_07, S_DIST_08, S_DIST_09, S_DIST_10 FROM STOCK WHERE S_I_ID = 46807 AND S_W_ID = 1

EXPLAIN Plan:

Index Scan using stock_pkey on stock  (cost=0.42..8.44 rows=1 width=291) (actual time=1.145..1.149 rows=1 loops=1)

  Index Cond: ((s_w_id = 1) AND (s_i_id = 46807))

Planning Time: 0.095 ms

Execution Time: 1.177 ms
Failed SQL 1262: SELECT S_QUANTITY, S_DATA, S_DIST_01, S_DIST_02, S_DIST_03, S_DIST_04, S_DIST_05, S_DIST_06, S_DIST_07, S_DIST_08, S_DIST_09, S_DIST_10 FROM STOCK WHERE S_I_ID = 46807 AND S_W_ID = 1
Error Message: Cannot invoke "java.util.List.get(int)" because the return value of "sg.edu.nus.autotune.DB2DATA.getAllIndexes()" is null


===== Query 1263 =====

SQL: UPDATE STOCK SET S_QUANTITY = 70, S_YTD = S_YTD + 7, S_ORDER_CNT = S_ORDER_CNT + 1, S_REMOTE_CNT = S_REMOTE_CNT + 0 WHERE S_I_ID = 31839 AND S_W_ID = 2

EXPLAIN Plan:

Update on stock  (cost=0.42..8.45 rows=0 width=0) (actual time=0.674..0.675 rows=0 loops=1)

  ->  Index Scan using stock_pkey on stock  (cost=0.42..8.45 rows=1 width=32) (actual time=0.540..0.542 rows=1 loops=1)

        Index Cond: ((s_w_id = 2) AND (s_i_id = 31839))

Planning Time: 0.269 ms

Execution Time: 0.758 ms
Failed SQL 1263: UPDATE STOCK SET S_QUANTITY = 70, S_YTD = S_YTD + 7, S_ORDER_CNT = S_ORDER_CNT + 1, S_REMOTE_CNT = S_REMOTE_CNT + 0 WHERE S_I_ID = 31839 AND S_W_ID = 2
Error Message: Cannot invoke "java.util.List.get(int)" because the return value of "sg.edu.nus.autotune.DB2DATA.getAllIndexes()" is null


===== Query 1264 =====

SQL: SELECT I_PRICE, I_NAME , I_DATA FROM ITEM WHERE I_ID = 80601

EXPLAIN Plan:

Index Scan using item_pkey on item  (cost=0.29..8.31 rows=1 width=61) (actual time=0.830..0.833 rows=1 loops=1)

  Index Cond: (i_id = 80601)

Planning Time: 0.077 ms

Execution Time: 0.854 ms
Failed SQL 1264: SELECT I_PRICE, I_NAME , I_DATA FROM ITEM WHERE I_ID = 80601
Error Message: Cannot invoke "java.util.List.get(int)" because the return value of "sg.edu.nus.autotune.DB2DATA.getAllIndexes()" is null


===== Query 1265 =====

SQL: SELECT S_QUANTITY, S_DATA, S_DIST_01, S_DIST_02, S_DIST_03, S_DIST_04, S_DIST_05, S_DIST_06, S_DIST_07, S_DIST_08, S_DIST_09, S_DIST_10 FROM STOCK WHERE S_I_ID = 80601 AND S_W_ID = 2

EXPLAIN Plan:

Index Scan using stock_pkey on stock  (cost=0.42..8.44 rows=1 width=291) (actual time=0.924..0.928 rows=1 loops=1)

  Index Cond: ((s_w_id = 2) AND (s_i_id = 80601))

Planning Time: 0.108 ms

Execution Time: 0.955 ms
Failed SQL 1265: SELECT S_QUANTITY, S_DATA, S_DIST_01, S_DIST_02, S_DIST_03, S_DIST_04, S_DIST_05, S_DIST_06, S_DIST_07, S_DIST_08, S_DIST_09, S_DIST_10 FROM STOCK WHERE S_I_ID = 80601 AND S_W_ID = 2
Error Message: Cannot invoke "java.util.List.get(int)" because the return value of "sg.edu.nus.autotune.DB2DATA.getAllIndexes()" is null


===== Query 1266 =====

SQL: UPDATE STOCK SET S_QUANTITY = 77, S_YTD = S_YTD + 7, S_ORDER_CNT = S_ORDER_CNT + 1, S_REMOTE_CNT = S_REMOTE_CNT + 0 WHERE S_I_ID = 80601 AND S_W_ID = 2

EXPLAIN Plan:

Update on stock  (cost=0.42..8.45 rows=0 width=0) (actual time=0.074..0.074 rows=0 loops=1)

  ->  Index Scan using stock_pkey on stock  (cost=0.42..8.45 rows=1 width=32) (actual time=0.031..0.032 rows=1 loops=1)

        Index Cond: ((s_w_id = 2) AND (s_i_id = 80601))

Planning Time: 0.120 ms

Execution Time: 0.106 ms
Failed SQL 1266: UPDATE STOCK SET S_QUANTITY = 77, S_YTD = S_YTD + 7, S_ORDER_CNT = S_ORDER_CNT + 1, S_REMOTE_CNT = S_REMOTE_CNT + 0 WHERE S_I_ID = 80601 AND S_W_ID = 2
Error Message: Cannot invoke "java.util.List.get(int)" because the return value of "sg.edu.nus.autotune.DB2DATA.getAllIndexes()" is null


===== Query 1267 =====

SQL: SELECT I_PRICE, I_NAME , I_DATA FROM ITEM WHERE I_ID = 96999

EXPLAIN Plan:

Index Scan using item_pkey on item  (cost=0.29..8.31 rows=1 width=61) (actual time=0.311..0.313 rows=1 loops=1)

  Index Cond: (i_id = 96999)

Planning Time: 0.077 ms

Execution Time: 0.795 ms
Failed SQL 1267: SELECT I_PRICE, I_NAME , I_DATA FROM ITEM WHERE I_ID = 96999
Error Message: Cannot invoke "java.util.List.get(int)" because the return value of "sg.edu.nus.autotune.DB2DATA.getAllIndexes()" is null


===== Query 1268 =====

SQL: SELECT S_QUANTITY, S_DATA, S_DIST_01, S_DIST_02, S_DIST_03, S_DIST_04, S_DIST_05, S_DIST_06, S_DIST_07, S_DIST_08, S_DIST_09, S_DIST_10 FROM STOCK WHERE S_I_ID = 96999 AND S_W_ID = 2

EXPLAIN Plan:

Index Scan using stock_pkey on stock  (cost=0.42..8.44 rows=1 width=291) (actual time=0.039..0.040 rows=1 loops=1)

  Index Cond: ((s_w_id = 2) AND (s_i_id = 96999))

Planning Time: 0.070 ms

Execution Time: 0.054 ms
Failed SQL 1268: SELECT S_QUANTITY, S_DATA, S_DIST_01, S_DIST_02, S_DIST_03, S_DIST_04, S_DIST_05, S_DIST_06, S_DIST_07, S_DIST_08, S_DIST_09, S_DIST_10 FROM STOCK WHERE S_I_ID = 96999 AND S_W_ID = 2
Error Message: Cannot invoke "java.util.List.get(int)" because the return value of "sg.edu.nus.autotune.DB2DATA.getAllIndexes()" is null


===== Query 1269 =====

SQL: UPDATE STOCK SET S_QUANTITY = 69, S_YTD = S_YTD + 5, S_ORDER_CNT = S_ORDER_CNT + 1, S_REMOTE_CNT = S_REMOTE_CNT + 0 WHERE S_I_ID = 96999 AND S_W_ID = 2

EXPLAIN Plan:

Update on stock  (cost=0.42..8.45 rows=0 width=0) (actual time=0.076..0.077 rows=0 loops=1)

  ->  Index Scan using stock_pkey on stock  (cost=0.42..8.45 rows=1 width=32) (actual time=0.024..0.026 rows=1 loops=1)

        Index Cond: ((s_w_id = 2) AND (s_i_id = 96999))

Planning Time: 0.101 ms

Execution Time: 0.106 ms
Failed SQL 1269: UPDATE STOCK SET S_QUANTITY = 69, S_YTD = S_YTD + 5, S_ORDER_CNT = S_ORDER_CNT + 1, S_REMOTE_CNT = S_REMOTE_CNT + 0 WHERE S_I_ID = 96999 AND S_W_ID = 2
Error Message: Cannot invoke "java.util.List.get(int)" because the return value of "sg.edu.nus.autotune.DB2DATA.getAllIndexes()" is null


===== Query 1270 =====

SQL: SELECT I_PRICE, I_NAME , I_DATA FROM ITEM WHERE I_ID = 97830

EXPLAIN Plan:

Index Scan using item_pkey on item  (cost=0.29..8.31 rows=1 width=61) (actual time=0.947..0.968 rows=1 loops=1)

  Index Cond: (i_id = 97830)

Planning Time: 0.085 ms

Execution Time: 0.993 ms
Failed SQL 1270: SELECT I_PRICE, I_NAME , I_DATA FROM ITEM WHERE I_ID = 97830
Error Message: Cannot invoke "java.util.List.get(int)" because the return value of "sg.edu.nus.autotune.DB2DATA.getAllIndexes()" is null


===== Query 1271 =====

SQL: SELECT S_QUANTITY, S_DATA, S_DIST_01, S_DIST_02, S_DIST_03, S_DIST_04, S_DIST_05, S_DIST_06, S_DIST_07, S_DIST_08, S_DIST_09, S_DIST_10 FROM STOCK WHERE S_I_ID = 97830 AND S_W_ID = 2

EXPLAIN Plan:

Index Scan using stock_pkey on stock  (cost=0.42..8.44 rows=1 width=291) (actual time=0.420..0.423 rows=1 loops=1)

  Index Cond: ((s_w_id = 2) AND (s_i_id = 97830))

Planning Time: 0.093 ms

Execution Time: 0.446 ms
Failed SQL 1271: SELECT S_QUANTITY, S_DATA, S_DIST_01, S_DIST_02, S_DIST_03, S_DIST_04, S_DIST_05, S_DIST_06, S_DIST_07, S_DIST_08, S_DIST_09, S_DIST_10 FROM STOCK WHERE S_I_ID = 97830 AND S_W_ID = 2
Error Message: Cannot invoke "java.util.List.get(int)" because the return value of "sg.edu.nus.autotune.DB2DATA.getAllIndexes()" is null


===== Query 1272 =====

SQL: UPDATE STOCK SET S_QUANTITY = 55, S_YTD = S_YTD + 4, S_ORDER_CNT = S_ORDER_CNT + 1, S_REMOTE_CNT = S_REMOTE_CNT + 0 WHERE S_I_ID = 97830 AND S_W_ID = 2

EXPLAIN Plan:

Update on stock  (cost=0.42..8.45 rows=0 width=0) (actual time=0.096..0.096 rows=0 loops=1)

  ->  Index Scan using stock_pkey on stock  (cost=0.42..8.45 rows=1 width=32) (actual time=0.027..0.029 rows=1 loops=1)

        Index Cond: ((s_w_id = 2) AND (s_i_id = 97830))

Planning Time: 0.111 ms

Execution Time: 0.126 ms
Failed SQL 1272: UPDATE STOCK SET S_QUANTITY = 55, S_YTD = S_YTD + 4, S_ORDER_CNT = S_ORDER_CNT + 1, S_REMOTE_CNT = S_REMOTE_CNT + 0 WHERE S_I_ID = 97830 AND S_W_ID = 2
Error Message: Cannot invoke "java.util.List.get(int)" because the return value of "sg.edu.nus.autotune.DB2DATA.getAllIndexes()" is null


===== Query 1273 =====

SQL: SELECT I_PRICE, I_NAME , I_DATA FROM ITEM WHERE I_ID = 97636

EXPLAIN Plan:

Index Scan using item_pkey on item  (cost=0.29..8.31 rows=1 width=61) (actual time=0.319..0.321 rows=1 loops=1)

  Index Cond: (i_id = 97636)

Planning Time: 0.060 ms

Execution Time: 0.348 ms
Failed SQL 1273: SELECT I_PRICE, I_NAME , I_DATA FROM ITEM WHERE I_ID = 97636
Error Message: Cannot invoke "java.util.List.get(int)" because the return value of "sg.edu.nus.autotune.DB2DATA.getAllIndexes()" is null


===== Query 1274 =====

SQL: SELECT S_QUANTITY, S_DATA, S_DIST_01, S_DIST_02, S_DIST_03, S_DIST_04, S_DIST_05, S_DIST_06, S_DIST_07, S_DIST_08, S_DIST_09, S_DIST_10 FROM STOCK WHERE S_I_ID = 97636 AND S_W_ID = 2

EXPLAIN Plan:

Index Scan using stock_pkey on stock  (cost=0.42..8.44 rows=1 width=291) (actual time=1.191..1.194 rows=1 loops=1)

  Index Cond: ((s_w_id = 2) AND (s_i_id = 97636))

Planning Time: 0.102 ms

Execution Time: 1.219 ms
Failed SQL 1274: SELECT S_QUANTITY, S_DATA, S_DIST_01, S_DIST_02, S_DIST_03, S_DIST_04, S_DIST_05, S_DIST_06, S_DIST_07, S_DIST_08, S_DIST_09, S_DIST_10 FROM STOCK WHERE S_I_ID = 97636 AND S_W_ID = 2
Error Message: Cannot invoke "java.util.List.get(int)" because the return value of "sg.edu.nus.autotune.DB2DATA.getAllIndexes()" is null


===== Query 1275 =====

SQL: UPDATE STOCK SET S_QUANTITY = 94, S_YTD = S_YTD + 1, S_ORDER_CNT = S_ORDER_CNT + 1, S_REMOTE_CNT = S_REMOTE_CNT + 0 WHERE S_I_ID = 46807 AND S_W_ID = 1

EXPLAIN Plan:

Update on stock  (cost=0.42..8.45 rows=0 width=0) (actual time=0.047..0.047 rows=0 loops=1)

  ->  Index Scan using stock_pkey on stock  (cost=0.42..8.45 rows=1 width=32) (actual time=0.021..0.022 rows=1 loops=1)

        Index Cond: ((s_w_id = 1) AND (s_i_id = 46807))

Planning Time: 0.076 ms

Execution Time: 0.067 ms
Failed SQL 1275: UPDATE STOCK SET S_QUANTITY = 94, S_YTD = S_YTD + 1, S_ORDER_CNT = S_ORDER_CNT + 1, S_REMOTE_CNT = S_REMOTE_CNT + 0 WHERE S_I_ID = 46807 AND S_W_ID = 1
Error Message: Cannot invoke "java.util.List.get(int)" because the return value of "sg.edu.nus.autotune.DB2DATA.getAllIndexes()" is null


===== Query 1276 =====

SQL: SELECT I_PRICE, I_NAME , I_DATA FROM ITEM WHERE I_ID = 97407

EXPLAIN Plan:

Index Scan using item_pkey on item  (cost=0.29..8.31 rows=1 width=61) (actual time=0.030..0.032 rows=1 loops=1)

  Index Cond: (i_id = 97407)

Planning Time: 0.092 ms

Execution Time: 0.055 ms
Failed SQL 1276: SELECT I_PRICE, I_NAME , I_DATA FROM ITEM WHERE I_ID = 97407
Error Message: Cannot invoke "java.util.List.get(int)" because the return value of "sg.edu.nus.autotune.DB2DATA.getAllIndexes()" is null


===== Query 1277 =====

SQL: SELECT S_QUANTITY, S_DATA, S_DIST_01, S_DIST_02, S_DIST_03, S_DIST_04, S_DIST_05, S_DIST_06, S_DIST_07, S_DIST_08, S_DIST_09, S_DIST_10 FROM STOCK WHERE S_I_ID = 97407 AND S_W_ID = 1

EXPLAIN Plan:

Index Scan using stock_pkey on stock  (cost=0.42..8.44 rows=1 width=291) (actual time=1.167..1.170 rows=1 loops=1)

  Index Cond: ((s_w_id = 1) AND (s_i_id = 97407))

Planning Time: 0.111 ms

Execution Time: 1.199 ms
Failed SQL 1277: SELECT S_QUANTITY, S_DATA, S_DIST_01, S_DIST_02, S_DIST_03, S_DIST_04, S_DIST_05, S_DIST_06, S_DIST_07, S_DIST_08, S_DIST_09, S_DIST_10 FROM STOCK WHERE S_I_ID = 97407 AND S_W_ID = 1
Error Message: Cannot invoke "java.util.List.get(int)" because the return value of "sg.edu.nus.autotune.DB2DATA.getAllIndexes()" is null


===== Query 1278 =====

SQL: UPDATE STOCK SET S_QUANTITY = 17, S_YTD = S_YTD + 10, S_ORDER_CNT = S_ORDER_CNT + 1, S_REMOTE_CNT = S_REMOTE_CNT + 0 WHERE S_I_ID = 97636 AND S_W_ID = 2

EXPLAIN Plan:

Update on stock  (cost=0.42..8.45 rows=0 width=0) (actual time=0.079..0.080 rows=0 loops=1)

  ->  Index Scan using stock_pkey on stock  (cost=0.42..8.45 rows=1 width=32) (actual time=0.041..0.043 rows=1 loops=1)

        Index Cond: ((s_w_id = 2) AND (s_i_id = 97636))

Planning Time: 0.097 ms

Execution Time: 0.106 ms
Failed SQL 1278: UPDATE STOCK SET S_QUANTITY = 17, S_YTD = S_YTD + 10, S_ORDER_CNT = S_ORDER_CNT + 1, S_REMOTE_CNT = S_REMOTE_CNT + 0 WHERE S_I_ID = 97636 AND S_W_ID = 2
Error Message: Cannot invoke "java.util.List.get(int)" because the return value of "sg.edu.nus.autotune.DB2DATA.getAllIndexes()" is null


===== Query 1279 =====

SQL: UPDATE STOCK SET S_QUANTITY = 10, S_YTD = S_YTD + 9, S_ORDER_CNT = S_ORDER_CNT + 1, S_REMOTE_CNT = S_REMOTE_CNT + 0 WHERE S_I_ID = 97407 AND S_W_ID = 1

EXPLAIN Plan:

Update on stock  (cost=0.42..8.45 rows=0 width=0) (actual time=0.118..0.119 rows=0 loops=1)

  ->  Index Scan using stock_pkey on stock  (cost=0.42..8.45 rows=1 width=32) (actual time=0.056..0.058 rows=1 loops=1)

        Index Cond: ((s_w_id = 1) AND (s_i_id = 97407))

Planning Time: 0.113 ms

Execution Time: 0.149 ms
Failed SQL 1279: UPDATE STOCK SET S_QUANTITY = 10, S_YTD = S_YTD + 9, S_ORDER_CNT = S_ORDER_CNT + 1, S_REMOTE_CNT = S_REMOTE_CNT + 0 WHERE S_I_ID = 97407 AND S_W_ID = 1
Error Message: Cannot invoke "java.util.List.get(int)" because the return value of "sg.edu.nus.autotune.DB2DATA.getAllIndexes()" is null


===== Query 1280 =====

SQL: SELECT I_PRICE, I_NAME , I_DATA FROM ITEM WHERE I_ID = 28383

EXPLAIN Plan:

Index Scan using item_pkey on item  (cost=0.29..8.31 rows=1 width=61) (actual time=0.047..0.049 rows=1 loops=1)

  Index Cond: (i_id = 28383)

Planning Time: 0.079 ms

Execution Time: 0.067 ms
Failed SQL 1280: SELECT I_PRICE, I_NAME , I_DATA FROM ITEM WHERE I_ID = 28383
Error Message: Cannot invoke "java.util.List.get(int)" because the return value of "sg.edu.nus.autotune.DB2DATA.getAllIndexes()" is null


===== Query 1281 =====

SQL: SELECT S_QUANTITY, S_DATA, S_DIST_01, S_DIST_02, S_DIST_03, S_DIST_04, S_DIST_05, S_DIST_06, S_DIST_07, S_DIST_08, S_DIST_09, S_DIST_10 FROM STOCK WHERE S_I_ID = 28383 AND S_W_ID = 1

EXPLAIN Plan:

Index Scan using stock_pkey on stock  (cost=0.42..8.44 rows=1 width=291) (actual time=0.399..0.403 rows=1 loops=1)

  Index Cond: ((s_w_id = 1) AND (s_i_id = 28383))

Planning Time: 0.118 ms

Execution Time: 0.430 ms
Failed SQL 1281: SELECT S_QUANTITY, S_DATA, S_DIST_01, S_DIST_02, S_DIST_03, S_DIST_04, S_DIST_05, S_DIST_06, S_DIST_07, S_DIST_08, S_DIST_09, S_DIST_10 FROM STOCK WHERE S_I_ID = 28383 AND S_W_ID = 1
Error Message: Cannot invoke "java.util.List.get(int)" because the return value of "sg.edu.nus.autotune.DB2DATA.getAllIndexes()" is null


===== Query 1282 =====

SQL: SELECT C_DISCOUNT, C_LAST, C_CREDIT, W_TAX FROM CUSTOMER, WAREHOUSE WHERE W_ID = 2 AND C_W_ID = 2 AND C_D_ID = 1 AND C_ID = 2507

EXPLAIN Plan:

Nested Loop  (cost=4.56..16.61 rows=1 width=26) (actual time=1.198..1.201 rows=1 loops=1)

  ->  Index Scan using customer_pkey on customer  (cost=0.42..8.44 rows=1 width=21) (actual time=1.165..1.167 rows=1 loops=1)

        Index Cond: ((c_w_id = 2) AND (c_d_id = 1) AND (c_id = 2507))

  ->  Bitmap Heap Scan on warehouse  (cost=4.14..8.15 rows=1 width=5) (actual time=0.015..0.016 rows=1 loops=1)

        Recheck Cond: (w_id = 2)

        Heap Blocks: exact=1

        ->  Bitmap Index Scan on warehouse_pkey  (cost=0.00..4.14 rows=1 width=0) (actual time=0.007..0.007 rows=1 loops=1)

              Index Cond: (w_id = 2)

Planning Time: 0.164 ms

Execution Time: 1.255 ms
Failed SQL 1282: SELECT C_DISCOUNT, C_LAST, C_CREDIT, W_TAX FROM CUSTOMER, WAREHOUSE WHERE W_ID = 2 AND C_W_ID = 2 AND C_D_ID = 1 AND C_ID = 2507
Error Message: Cannot invoke "java.util.List.get(int)" because the return value of "sg.edu.nus.autotune.DB2DATA.getAllIndexes()" is null


===== Query 1283 =====

SQL: UPDATE STOCK SET S_QUANTITY = 86, S_YTD = S_YTD + 4, S_ORDER_CNT = S_ORDER_CNT + 1, S_REMOTE_CNT = S_REMOTE_CNT + 0 WHERE S_I_ID = 28383 AND S_W_ID = 1

EXPLAIN Plan:

Update on stock  (cost=0.42..8.45 rows=0 width=0) (actual time=0.078..0.078 rows=0 loops=1)

  ->  Index Scan using stock_pkey on stock  (cost=0.42..8.45 rows=1 width=32) (actual time=0.032..0.033 rows=1 loops=1)

        Index Cond: ((s_w_id = 1) AND (s_i_id = 28383))

Planning Time: 0.109 ms

Execution Time: 0.107 ms
Failed SQL 1283: UPDATE STOCK SET S_QUANTITY = 86, S_YTD = S_YTD + 4, S_ORDER_CNT = S_ORDER_CNT + 1, S_REMOTE_CNT = S_REMOTE_CNT + 0 WHERE S_I_ID = 28383 AND S_W_ID = 1
Error Message: Cannot invoke "java.util.List.get(int)" because the return value of "sg.edu.nus.autotune.DB2DATA.getAllIndexes()" is null


===== Query 1284 =====

SQL: SELECT C_DISCOUNT, C_LAST, C_CREDIT, W_TAX FROM CUSTOMER, WAREHOUSE WHERE W_ID = 1 AND C_W_ID = 1 AND C_D_ID = 6 AND C_ID = 2541

EXPLAIN Plan:

Nested Loop  (cost=4.56..16.61 rows=1 width=26) (actual time=0.092..0.094 rows=1 loops=1)

  ->  Index Scan using customer_pkey on customer  (cost=0.42..8.44 rows=1 width=21) (actual time=0.071..0.073 rows=1 loops=1)

        Index Cond: ((c_w_id = 1) AND (c_d_id = 6) AND (c_id = 2541))

  ->  Bitmap Heap Scan on warehouse  (cost=4.14..8.15 rows=1 width=5) (actual time=0.010..0.011 rows=1 loops=1)

        Recheck Cond: (w_id = 1)

        Heap Blocks: exact=1

        ->  Bitmap Index Scan on warehouse_pkey  (cost=0.00..4.14 rows=1 width=0) (actual time=0.004..0.005 rows=1 loops=1)

              Index Cond: (w_id = 1)

Planning Time: 0.161 ms

Execution Time: 0.144 ms
Failed SQL 1284: SELECT C_DISCOUNT, C_LAST, C_CREDIT, W_TAX FROM CUSTOMER, WAREHOUSE WHERE W_ID = 1 AND C_W_ID = 1 AND C_D_ID = 6 AND C_ID = 2541
Error Message: Cannot invoke "java.util.List.get(int)" because the return value of "sg.edu.nus.autotune.DB2DATA.getAllIndexes()" is null


===== Query 1285 =====

SQL: SELECT D_NEXT_O_ID, D_TAX FROM DISTRICT WHERE D_W_ID = 2 AND D_ID = 1

EXPLAIN Plan:

Bitmap Heap Scan on district  (cost=4.28..11.66 rows=2 width=9) (actual time=0.021..0.022 rows=1 loops=1)

  Recheck Cond: ((d_w_id = 2) AND (d_id = 1))

  Heap Blocks: exact=1

  ->  Bitmap Index Scan on district_pkey  (cost=0.00..4.28 rows=2 width=0) (actual time=0.013..0.013 rows=1 loops=1)

        Index Cond: ((d_w_id = 2) AND (d_id = 1))

Planning Time: 0.087 ms

Execution Time: 0.048 ms
Failed SQL 1285: SELECT D_NEXT_O_ID, D_TAX FROM DISTRICT WHERE D_W_ID = 2 AND D_ID = 1
Error Message: Cannot invoke "java.util.List.get(int)" because the return value of "sg.edu.nus.autotune.DB2DATA.getAllIndexes()" is null


===== Query 1286 =====

SQL: UPDATE DISTRICT SET D_NEXT_O_ID = D_NEXT_O_ID + 1 WHERE D_W_ID = 2 AND D_ID = 1

EXPLAIN Plan:

Update on district  (cost=4.28..11.67 rows=0 width=0) (actual time=0.106..0.107 rows=0 loops=1)

  ->  Bitmap Heap Scan on district  (cost=4.28..11.67 rows=2 width=10) (actual time=0.024..0.025 rows=1 loops=1)

        Recheck Cond: ((d_w_id = 2) AND (d_id = 1))

        Heap Blocks: exact=1

        ->  Bitmap Index Scan on district_pkey  (cost=0.00..4.28 rows=2 width=0) (actual time=0.013..0.013 rows=1 loops=1)

              Index Cond: ((d_w_id = 2) AND (d_id = 1))

Planning Time: 0.106 ms

Execution Time: 0.145 ms
Failed SQL 1286: UPDATE DISTRICT SET D_NEXT_O_ID = D_NEXT_O_ID + 1 WHERE D_W_ID = 2 AND D_ID = 1
Error Message: Cannot invoke "java.util.List.get(int)" because the return value of "sg.edu.nus.autotune.DB2DATA.getAllIndexes()" is null


===== Query 1287 =====

SQL: SELECT D_NEXT_O_ID, D_TAX FROM DISTRICT WHERE D_W_ID = 1 AND D_ID = 6

EXPLAIN Plan:

Bitmap Heap Scan on district  (cost=4.28..11.66 rows=2 width=9) (actual time=0.042..0.043 rows=1 loops=1)

  Recheck Cond: ((d_w_id = 1) AND (d_id = 6))

  Heap Blocks: exact=1

  ->  Bitmap Index Scan on district_pkey  (cost=0.00..4.28 rows=2 width=0) (actual time=0.014..0.014 rows=1 loops=1)

        Index Cond: ((d_w_id = 1) AND (d_id = 6))

Planning Time: 0.102 ms

Execution Time: 0.070 ms
Failed SQL 1287: SELECT D_NEXT_O_ID, D_TAX FROM DISTRICT WHERE D_W_ID = 1 AND D_ID = 6
Error Message: Cannot invoke "java.util.List.get(int)" because the return value of "sg.edu.nus.autotune.DB2DATA.getAllIndexes()" is null


===== Query 1288 =====

SQL: UPDATE DISTRICT SET D_NEXT_O_ID = D_NEXT_O_ID + 1 WHERE D_W_ID = 1 AND D_ID = 6

EXPLAIN Plan:

Update on district  (cost=4.28..11.67 rows=0 width=0) (actual time=0.034..0.034 rows=0 loops=1)

  ->  Bitmap Heap Scan on district  (cost=4.28..11.67 rows=2 width=10) (actual time=0.014..0.015 rows=1 loops=1)

        Recheck Cond: ((d_w_id = 1) AND (d_id = 6))

        Heap Blocks: exact=1

        ->  Bitmap Index Scan on district_pkey  (cost=0.00..4.28 rows=2 width=0) (actual time=0.008..0.008 rows=1 loops=1)

              Index Cond: ((d_w_id = 1) AND (d_id = 6))

Planning Time: 0.062 ms

Execution Time: 0.054 ms
Failed SQL 1288: UPDATE DISTRICT SET D_NEXT_O_ID = D_NEXT_O_ID + 1 WHERE D_W_ID = 1 AND D_ID = 6
Error Message: Cannot invoke "java.util.List.get(int)" because the return value of "sg.edu.nus.autotune.DB2DATA.getAllIndexes()" is null


===== Query 1289 =====

SQL: SELECT I_PRICE, I_NAME , I_DATA FROM ITEM WHERE I_ID = 96653

EXPLAIN Plan:

Index Scan using item_pkey on item  (cost=0.29..8.31 rows=1 width=61) (actual time=0.810..0.814 rows=1 loops=1)

  Index Cond: (i_id = 96653)

Planning Time: 0.079 ms

Execution Time: 0.834 ms
Failed SQL 1289: SELECT I_PRICE, I_NAME , I_DATA FROM ITEM WHERE I_ID = 96653
Error Message: Cannot invoke "java.util.List.get(int)" because the return value of "sg.edu.nus.autotune.DB2DATA.getAllIndexes()" is null


===== Query 1290 =====

SQL: SELECT S_QUANTITY, S_DATA, S_DIST_01, S_DIST_02, S_DIST_03, S_DIST_04, S_DIST_05, S_DIST_06, S_DIST_07, S_DIST_08, S_DIST_09, S_DIST_10 FROM STOCK WHERE S_I_ID = 96653 AND S_W_ID = 2

EXPLAIN Plan:

Index Scan using stock_pkey on stock  (cost=0.42..8.44 rows=1 width=291) (actual time=0.880..0.883 rows=1 loops=1)

  Index Cond: ((s_w_id = 2) AND (s_i_id = 96653))

Planning Time: 0.102 ms

Execution Time: 0.909 ms
Failed SQL 1290: SELECT S_QUANTITY, S_DATA, S_DIST_01, S_DIST_02, S_DIST_03, S_DIST_04, S_DIST_05, S_DIST_06, S_DIST_07, S_DIST_08, S_DIST_09, S_DIST_10 FROM STOCK WHERE S_I_ID = 96653 AND S_W_ID = 2
Error Message: Cannot invoke "java.util.List.get(int)" because the return value of "sg.edu.nus.autotune.DB2DATA.getAllIndexes()" is null


===== Query 1291 =====

SQL: UPDATE STOCK SET S_QUANTITY = 82, S_YTD = S_YTD + 2, S_ORDER_CNT = S_ORDER_CNT + 1, S_REMOTE_CNT = S_REMOTE_CNT + 0 WHERE S_I_ID = 96653 AND S_W_ID = 2

EXPLAIN Plan:

Update on stock  (cost=0.42..8.45 rows=0 width=0) (actual time=0.098..0.098 rows=0 loops=1)

  ->  Index Scan using stock_pkey on stock  (cost=0.42..8.45 rows=1 width=32) (actual time=0.024..0.026 rows=1 loops=1)

        Index Cond: ((s_w_id = 2) AND (s_i_id = 96653))

Planning Time: 0.101 ms

Execution Time: 0.138 ms
Failed SQL 1291: UPDATE STOCK SET S_QUANTITY = 82, S_YTD = S_YTD + 2, S_ORDER_CNT = S_ORDER_CNT + 1, S_REMOTE_CNT = S_REMOTE_CNT + 0 WHERE S_I_ID = 96653 AND S_W_ID = 2
Error Message: Cannot invoke "java.util.List.get(int)" because the return value of "sg.edu.nus.autotune.DB2DATA.getAllIndexes()" is null


===== Query 1292 =====

SQL: SELECT I_PRICE, I_NAME , I_DATA FROM ITEM WHERE I_ID = 29379

EXPLAIN Plan:

Index Scan using item_pkey on item  (cost=0.29..8.31 rows=1 width=61) (actual time=1.181..1.183 rows=1 loops=1)

  Index Cond: (i_id = 29379)

Planning Time: 0.137 ms

Execution Time: 1.206 ms
Failed SQL 1292: SELECT I_PRICE, I_NAME , I_DATA FROM ITEM WHERE I_ID = 29379
Error Message: Cannot invoke "java.util.List.get(int)" because the return value of "sg.edu.nus.autotune.DB2DATA.getAllIndexes()" is null


===== Query 1293 =====

SQL: SELECT S_QUANTITY, S_DATA, S_DIST_01, S_DIST_02, S_DIST_03, S_DIST_04, S_DIST_05, S_DIST_06, S_DIST_07, S_DIST_08, S_DIST_09, S_DIST_10 FROM STOCK WHERE S_I_ID = 29379 AND S_W_ID = 2

EXPLAIN Plan:

Index Scan using stock_pkey on stock  (cost=0.42..8.44 rows=1 width=291) (actual time=0.983..0.986 rows=1 loops=1)

  Index Cond: ((s_w_id = 2) AND (s_i_id = 29379))

Planning Time: 0.098 ms

Execution Time: 1.012 ms
Failed SQL 1293: SELECT S_QUANTITY, S_DATA, S_DIST_01, S_DIST_02, S_DIST_03, S_DIST_04, S_DIST_05, S_DIST_06, S_DIST_07, S_DIST_08, S_DIST_09, S_DIST_10 FROM STOCK WHERE S_I_ID = 29379 AND S_W_ID = 2
Error Message: Cannot invoke "java.util.List.get(int)" because the return value of "sg.edu.nus.autotune.DB2DATA.getAllIndexes()" is null


===== Query 1294 =====

SQL: SELECT I_PRICE, I_NAME , I_DATA FROM ITEM WHERE I_ID = 81591

EXPLAIN Plan:

Index Scan using item_pkey on item  (cost=0.29..8.31 rows=1 width=61) (actual time=0.040..0.041 rows=1 loops=1)

  Index Cond: (i_id = 81591)

Planning Time: 0.076 ms

Execution Time: 0.059 ms
Failed SQL 1294: SELECT I_PRICE, I_NAME , I_DATA FROM ITEM WHERE I_ID = 81591
Error Message: Cannot invoke "java.util.List.get(int)" because the return value of "sg.edu.nus.autotune.DB2DATA.getAllIndexes()" is null


===== Query 1295 =====

SQL: SELECT S_QUANTITY, S_DATA, S_DIST_01, S_DIST_02, S_DIST_03, S_DIST_04, S_DIST_05, S_DIST_06, S_DIST_07, S_DIST_08, S_DIST_09, S_DIST_10 FROM STOCK WHERE S_I_ID = 81591 AND S_W_ID = 1

EXPLAIN Plan:

Index Scan using stock_pkey on stock  (cost=0.42..8.44 rows=1 width=291) (actual time=0.818..0.821 rows=1 loops=1)

  Index Cond: ((s_w_id = 1) AND (s_i_id = 81591))

Planning Time: 0.078 ms

Execution Time: 0.840 ms
Failed SQL 1295: SELECT S_QUANTITY, S_DATA, S_DIST_01, S_DIST_02, S_DIST_03, S_DIST_04, S_DIST_05, S_DIST_06, S_DIST_07, S_DIST_08, S_DIST_09, S_DIST_10 FROM STOCK WHERE S_I_ID = 81591 AND S_W_ID = 1
Error Message: Cannot invoke "java.util.List.get(int)" because the return value of "sg.edu.nus.autotune.DB2DATA.getAllIndexes()" is null


===== Query 1296 =====

SQL: UPDATE STOCK SET S_QUANTITY = 59, S_YTD = S_YTD + 6, S_ORDER_CNT = S_ORDER_CNT + 1, S_REMOTE_CNT = S_REMOTE_CNT + 0 WHERE S_I_ID = 81591 AND S_W_ID = 1

EXPLAIN Plan:

Update on stock  (cost=0.42..8.45 rows=0 width=0) (actual time=0.110..0.111 rows=0 loops=1)

  ->  Index Scan using stock_pkey on stock  (cost=0.42..8.45 rows=1 width=32) (actual time=0.030..0.031 rows=1 loops=1)

        Index Cond: ((s_w_id = 1) AND (s_i_id = 81591))

Planning Time: 0.122 ms

Execution Time: 0.143 ms
Failed SQL 1296: UPDATE STOCK SET S_QUANTITY = 59, S_YTD = S_YTD + 6, S_ORDER_CNT = S_ORDER_CNT + 1, S_REMOTE_CNT = S_REMOTE_CNT + 0 WHERE S_I_ID = 81591 AND S_W_ID = 1
Error Message: Cannot invoke "java.util.List.get(int)" because the return value of "sg.edu.nus.autotune.DB2DATA.getAllIndexes()" is null


===== Query 1297 =====

SQL: SELECT I_PRICE, I_NAME , I_DATA FROM ITEM WHERE I_ID = 21887

EXPLAIN Plan:

Index Scan using item_pkey on item  (cost=0.29..8.31 rows=1 width=61) (actual time=1.172..1.175 rows=1 loops=1)

  Index Cond: (i_id = 21887)

Planning Time: 0.103 ms

Execution Time: 1.198 ms
Failed SQL 1297: SELECT I_PRICE, I_NAME , I_DATA FROM ITEM WHERE I_ID = 21887
Error Message: Cannot invoke "java.util.List.get(int)" because the return value of "sg.edu.nus.autotune.DB2DATA.getAllIndexes()" is null


===== Query 1298 =====

SQL: UPDATE STOCK SET S_QUANTITY = 31, S_YTD = S_YTD + 4, S_ORDER_CNT = S_ORDER_CNT + 1, S_REMOTE_CNT = S_REMOTE_CNT + 0 WHERE S_I_ID = 29379 AND S_W_ID = 2

EXPLAIN Plan:

Update on stock  (cost=0.42..8.45 rows=0 width=0) (actual time=0.064..0.065 rows=0 loops=1)

  ->  Index Scan using stock_pkey on stock  (cost=0.42..8.45 rows=1 width=32) (actual time=0.020..0.021 rows=1 loops=1)

        Index Cond: ((s_w_id = 2) AND (s_i_id = 29379))

Planning Time: 0.080 ms

Execution Time: 0.084 ms
Failed SQL 1298: UPDATE STOCK SET S_QUANTITY = 31, S_YTD = S_YTD + 4, S_ORDER_CNT = S_ORDER_CNT + 1, S_REMOTE_CNT = S_REMOTE_CNT + 0 WHERE S_I_ID = 29379 AND S_W_ID = 2
Error Message: Cannot invoke "java.util.List.get(int)" because the return value of "sg.edu.nus.autotune.DB2DATA.getAllIndexes()" is null


===== Query 1299 =====

SQL: SELECT I_PRICE, I_NAME , I_DATA FROM ITEM WHERE I_ID = 81639

EXPLAIN Plan:

Index Scan using item_pkey on item  (cost=0.29..8.31 rows=1 width=61) (actual time=0.069..0.071 rows=1 loops=1)

  Index Cond: (i_id = 81639)

Planning Time: 0.081 ms

Execution Time: 0.090 ms
Failed SQL 1299: SELECT I_PRICE, I_NAME , I_DATA FROM ITEM WHERE I_ID = 81639
Error Message: Cannot invoke "java.util.List.get(int)" because the return value of "sg.edu.nus.autotune.DB2DATA.getAllIndexes()" is null


===== Query 1300 =====

SQL: SELECT S_QUANTITY, S_DATA, S_DIST_01, S_DIST_02, S_DIST_03, S_DIST_04, S_DIST_05, S_DIST_06, S_DIST_07, S_DIST_08, S_DIST_09, S_DIST_10 FROM STOCK WHERE S_I_ID = 81639 AND S_W_ID = 2

EXPLAIN Plan:

Index Scan using stock_pkey on stock  (cost=0.42..8.44 rows=1 width=291) (actual time=0.052..0.054 rows=1 loops=1)

  Index Cond: ((s_w_id = 2) AND (s_i_id = 81639))

Planning Time: 0.097 ms

Execution Time: 0.075 ms
Failed SQL 1300: SELECT S_QUANTITY, S_DATA, S_DIST_01, S_DIST_02, S_DIST_03, S_DIST_04, S_DIST_05, S_DIST_06, S_DIST_07, S_DIST_08, S_DIST_09, S_DIST_10 FROM STOCK WHERE S_I_ID = 81639 AND S_W_ID = 2
Error Message: Cannot invoke "java.util.List.get(int)" because the return value of "sg.edu.nus.autotune.DB2DATA.getAllIndexes()" is null


===== Query 1301 =====

SQL: UPDATE STOCK SET S_QUANTITY = 19, S_YTD = S_YTD + 1, S_ORDER_CNT = S_ORDER_CNT + 1, S_REMOTE_CNT = S_REMOTE_CNT + 0 WHERE S_I_ID = 81639 AND S_W_ID = 2

EXPLAIN Plan:

Update on stock  (cost=0.42..8.45 rows=0 width=0) (actual time=0.095..0.096 rows=0 loops=1)

  ->  Index Scan using stock_pkey on stock  (cost=0.42..8.45 rows=1 width=32) (actual time=0.049..0.050 rows=1 loops=1)

        Index Cond: ((s_w_id = 2) AND (s_i_id = 81639))

Planning Time: 0.101 ms

Execution Time: 0.124 ms
Failed SQL 1301: UPDATE STOCK SET S_QUANTITY = 19, S_YTD = S_YTD + 1, S_ORDER_CNT = S_ORDER_CNT + 1, S_REMOTE_CNT = S_REMOTE_CNT + 0 WHERE S_I_ID = 81639 AND S_W_ID = 2
Error Message: Cannot invoke "java.util.List.get(int)" because the return value of "sg.edu.nus.autotune.DB2DATA.getAllIndexes()" is null


===== Query 1302 =====

SQL: SELECT I_PRICE, I_NAME , I_DATA FROM ITEM WHERE I_ID = 65247

EXPLAIN Plan:

Index Scan using item_pkey on item  (cost=0.29..8.31 rows=1 width=61) (actual time=0.069..0.070 rows=1 loops=1)

  Index Cond: (i_id = 65247)

Planning Time: 0.077 ms

Execution Time: 0.088 ms
Failed SQL 1302: SELECT I_PRICE, I_NAME , I_DATA FROM ITEM WHERE I_ID = 65247
Error Message: Cannot invoke "java.util.List.get(int)" because the return value of "sg.edu.nus.autotune.DB2DATA.getAllIndexes()" is null


===== Query 1303 =====

SQL: SELECT S_QUANTITY, S_DATA, S_DIST_01, S_DIST_02, S_DIST_03, S_DIST_04, S_DIST_05, S_DIST_06, S_DIST_07, S_DIST_08, S_DIST_09, S_DIST_10 FROM STOCK WHERE S_I_ID = 65247 AND S_W_ID = 2

EXPLAIN Plan:

Index Scan using stock_pkey on stock  (cost=0.42..8.44 rows=1 width=291) (actual time=0.088..0.090 rows=1 loops=1)

  Index Cond: ((s_w_id = 2) AND (s_i_id = 65247))

Planning Time: 0.100 ms

Execution Time: 0.112 ms
Failed SQL 1303: SELECT S_QUANTITY, S_DATA, S_DIST_01, S_DIST_02, S_DIST_03, S_DIST_04, S_DIST_05, S_DIST_06, S_DIST_07, S_DIST_08, S_DIST_09, S_DIST_10 FROM STOCK WHERE S_I_ID = 65247 AND S_W_ID = 2
Error Message: Cannot invoke "java.util.List.get(int)" because the return value of "sg.edu.nus.autotune.DB2DATA.getAllIndexes()" is null


===== Query 1304 =====

SQL: UPDATE STOCK SET S_QUANTITY = 85, S_YTD = S_YTD + 6, S_ORDER_CNT = S_ORDER_CNT + 1, S_REMOTE_CNT = S_REMOTE_CNT + 0 WHERE S_I_ID = 65247 AND S_W_ID = 2

EXPLAIN Plan:

Update on stock  (cost=0.42..8.45 rows=0 width=0) (actual time=0.085..0.086 rows=0 loops=1)

  ->  Index Scan using stock_pkey on stock  (cost=0.42..8.45 rows=1 width=32) (actual time=0.026..0.028 rows=1 loops=1)

        Index Cond: ((s_w_id = 2) AND (s_i_id = 65247))

Planning Time: 0.109 ms

Execution Time: 0.115 ms
Failed SQL 1304: UPDATE STOCK SET S_QUANTITY = 85, S_YTD = S_YTD + 6, S_ORDER_CNT = S_ORDER_CNT + 1, S_REMOTE_CNT = S_REMOTE_CNT + 0 WHERE S_I_ID = 65247 AND S_W_ID = 2
Error Message: Cannot invoke "java.util.List.get(int)" because the return value of "sg.edu.nus.autotune.DB2DATA.getAllIndexes()" is null


===== Query 1305 =====

SQL: SELECT I_PRICE, I_NAME , I_DATA FROM ITEM WHERE I_ID = 15859

EXPLAIN Plan:

Index Scan using item_pkey on item  (cost=0.29..8.31 rows=1 width=61) (actual time=0.066..0.067 rows=1 loops=1)

  Index Cond: (i_id = 15859)

Planning Time: 0.080 ms

Execution Time: 0.087 ms
Failed SQL 1305: SELECT I_PRICE, I_NAME , I_DATA FROM ITEM WHERE I_ID = 15859
Error Message: Cannot invoke "java.util.List.get(int)" because the return value of "sg.edu.nus.autotune.DB2DATA.getAllIndexes()" is null


===== Query 1306 =====

SQL: SELECT S_QUANTITY, S_DATA, S_DIST_01, S_DIST_02, S_DIST_03, S_DIST_04, S_DIST_05, S_DIST_06, S_DIST_07, S_DIST_08, S_DIST_09, S_DIST_10 FROM STOCK WHERE S_I_ID = 15859 AND S_W_ID = 2

EXPLAIN Plan:

Index Scan using stock_pkey on stock  (cost=0.42..8.44 rows=1 width=291) (actual time=0.922..0.925 rows=1 loops=1)

  Index Cond: ((s_w_id = 2) AND (s_i_id = 15859))

Planning Time: 0.113 ms

Execution Time: 0.955 ms
Failed SQL 1306: SELECT S_QUANTITY, S_DATA, S_DIST_01, S_DIST_02, S_DIST_03, S_DIST_04, S_DIST_05, S_DIST_06, S_DIST_07, S_DIST_08, S_DIST_09, S_DIST_10 FROM STOCK WHERE S_I_ID = 15859 AND S_W_ID = 2
Error Message: Cannot invoke "java.util.List.get(int)" because the return value of "sg.edu.nus.autotune.DB2DATA.getAllIndexes()" is null


===== Query 1307 =====

SQL: SELECT S_QUANTITY, S_DATA, S_DIST_01, S_DIST_02, S_DIST_03, S_DIST_04, S_DIST_05, S_DIST_06, S_DIST_07, S_DIST_08, S_DIST_09, S_DIST_10 FROM STOCK WHERE S_I_ID = 21887 AND S_W_ID = 1

EXPLAIN Plan:

Index Scan using stock_pkey on stock  (cost=0.42..8.44 rows=1 width=291) (actual time=1.142..1.145 rows=1 loops=1)

  Index Cond: ((s_w_id = 1) AND (s_i_id = 21887))

Planning Time: 0.133 ms

Execution Time: 1.179 ms
Failed SQL 1307: SELECT S_QUANTITY, S_DATA, S_DIST_01, S_DIST_02, S_DIST_03, S_DIST_04, S_DIST_05, S_DIST_06, S_DIST_07, S_DIST_08, S_DIST_09, S_DIST_10 FROM STOCK WHERE S_I_ID = 21887 AND S_W_ID = 1
Error Message: Cannot invoke "java.util.List.get(int)" because the return value of "sg.edu.nus.autotune.DB2DATA.getAllIndexes()" is null


===== Query 1308 =====

SQL: UPDATE STOCK SET S_QUANTITY = 44, S_YTD = S_YTD + 6, S_ORDER_CNT = S_ORDER_CNT + 1, S_REMOTE_CNT = S_REMOTE_CNT + 0 WHERE S_I_ID = 15859 AND S_W_ID = 2

EXPLAIN Plan:

Update on stock  (cost=0.42..8.45 rows=0 width=0) (actual time=0.097..0.097 rows=0 loops=1)

  ->  Index Scan using stock_pkey on stock  (cost=0.42..8.45 rows=1 width=32) (actual time=0.026..0.027 rows=1 loops=1)

        Index Cond: ((s_w_id = 2) AND (s_i_id = 15859))

Planning Time: 0.109 ms

Execution Time: 0.126 ms
Failed SQL 1308: UPDATE STOCK SET S_QUANTITY = 44, S_YTD = S_YTD + 6, S_ORDER_CNT = S_ORDER_CNT + 1, S_REMOTE_CNT = S_REMOTE_CNT + 0 WHERE S_I_ID = 15859 AND S_W_ID = 2
Error Message: Cannot invoke "java.util.List.get(int)" because the return value of "sg.edu.nus.autotune.DB2DATA.getAllIndexes()" is null


===== Query 1309 =====

SQL: SELECT I_PRICE, I_NAME , I_DATA FROM ITEM WHERE I_ID = 81091

EXPLAIN Plan:

Index Scan using item_pkey on item  (cost=0.29..8.31 rows=1 width=61) (actual time=0.031..0.033 rows=1 loops=1)

  Index Cond: (i_id = 81091)

Planning Time: 0.082 ms

Execution Time: 0.052 ms
Failed SQL 1309: SELECT I_PRICE, I_NAME , I_DATA FROM ITEM WHERE I_ID = 81091
Error Message: Cannot invoke "java.util.List.get(int)" because the return value of "sg.edu.nus.autotune.DB2DATA.getAllIndexes()" is null


===== Query 1310 =====

SQL: SELECT S_QUANTITY, S_DATA, S_DIST_01, S_DIST_02, S_DIST_03, S_DIST_04, S_DIST_05, S_DIST_06, S_DIST_07, S_DIST_08, S_DIST_09, S_DIST_10 FROM STOCK WHERE S_I_ID = 81091 AND S_W_ID = 2

EXPLAIN Plan:

Index Scan using stock_pkey on stock  (cost=0.42..8.44 rows=1 width=291) (actual time=0.873..0.876 rows=1 loops=1)

  Index Cond: ((s_w_id = 2) AND (s_i_id = 81091))

Planning Time: 0.101 ms

Execution Time: 0.901 ms
Failed SQL 1310: SELECT S_QUANTITY, S_DATA, S_DIST_01, S_DIST_02, S_DIST_03, S_DIST_04, S_DIST_05, S_DIST_06, S_DIST_07, S_DIST_08, S_DIST_09, S_DIST_10 FROM STOCK WHERE S_I_ID = 81091 AND S_W_ID = 2
Error Message: Cannot invoke "java.util.List.get(int)" because the return value of "sg.edu.nus.autotune.DB2DATA.getAllIndexes()" is null


===== Query 1311 =====

SQL: UPDATE STOCK SET S_QUANTITY = 67, S_YTD = S_YTD + 4, S_ORDER_CNT = S_ORDER_CNT + 1, S_REMOTE_CNT = S_REMOTE_CNT + 0 WHERE S_I_ID = 81091 AND S_W_ID = 2

EXPLAIN Plan:

Update on stock  (cost=0.42..8.45 rows=0 width=0) (actual time=0.065..0.066 rows=0 loops=1)

  ->  Index Scan using stock_pkey on stock  (cost=0.42..8.45 rows=1 width=32) (actual time=0.029..0.030 rows=1 loops=1)

        Index Cond: ((s_w_id = 2) AND (s_i_id = 81091))

Planning Time: 0.099 ms

Execution Time: 0.093 ms
Failed SQL 1311: UPDATE STOCK SET S_QUANTITY = 67, S_YTD = S_YTD + 4, S_ORDER_CNT = S_ORDER_CNT + 1, S_REMOTE_CNT = S_REMOTE_CNT + 0 WHERE S_I_ID = 81091 AND S_W_ID = 2
Error Message: Cannot invoke "java.util.List.get(int)" because the return value of "sg.edu.nus.autotune.DB2DATA.getAllIndexes()" is null


===== Query 1312 =====

SQL: SELECT I_PRICE, I_NAME , I_DATA FROM ITEM WHERE I_ID = 73447

EXPLAIN Plan:

Index Scan using item_pkey on item  (cost=0.29..8.31 rows=1 width=61) (actual time=0.059..0.061 rows=1 loops=1)

  Index Cond: (i_id = 73447)

Planning Time: 0.118 ms

Execution Time: 0.083 ms
Failed SQL 1312: SELECT I_PRICE, I_NAME , I_DATA FROM ITEM WHERE I_ID = 73447
Error Message: Cannot invoke "java.util.List.get(int)" because the return value of "sg.edu.nus.autotune.DB2DATA.getAllIndexes()" is null


===== Query 1313 =====

SQL: SELECT S_QUANTITY, S_DATA, S_DIST_01, S_DIST_02, S_DIST_03, S_DIST_04, S_DIST_05, S_DIST_06, S_DIST_07, S_DIST_08, S_DIST_09, S_DIST_10 FROM STOCK WHERE S_I_ID = 73447 AND S_W_ID = 2

EXPLAIN Plan:

Index Scan using stock_pkey on stock  (cost=0.42..8.44 rows=1 width=291) (actual time=0.032..0.034 rows=1 loops=1)

  Index Cond: ((s_w_id = 2) AND (s_i_id = 73447))

Planning Time: 0.129 ms

Execution Time: 0.063 ms
Failed SQL 1313: SELECT S_QUANTITY, S_DATA, S_DIST_01, S_DIST_02, S_DIST_03, S_DIST_04, S_DIST_05, S_DIST_06, S_DIST_07, S_DIST_08, S_DIST_09, S_DIST_10 FROM STOCK WHERE S_I_ID = 73447 AND S_W_ID = 2
Error Message: Cannot invoke "java.util.List.get(int)" because the return value of "sg.edu.nus.autotune.DB2DATA.getAllIndexes()" is null


===== Query 1314 =====

SQL: UPDATE STOCK SET S_QUANTITY = 32, S_YTD = S_YTD + 8, S_ORDER_CNT = S_ORDER_CNT + 1, S_REMOTE_CNT = S_REMOTE_CNT + 0 WHERE S_I_ID = 73447 AND S_W_ID = 2

EXPLAIN Plan:

Update on stock  (cost=0.42..8.45 rows=0 width=0) (actual time=0.052..0.052 rows=0 loops=1)

  ->  Index Scan using stock_pkey on stock  (cost=0.42..8.45 rows=1 width=32) (actual time=0.023..0.024 rows=1 loops=1)

        Index Cond: ((s_w_id = 2) AND (s_i_id = 73447))

Planning Time: 0.110 ms

Execution Time: 0.074 ms
Failed SQL 1314: UPDATE STOCK SET S_QUANTITY = 32, S_YTD = S_YTD + 8, S_ORDER_CNT = S_ORDER_CNT + 1, S_REMOTE_CNT = S_REMOTE_CNT + 0 WHERE S_I_ID = 73447 AND S_W_ID = 2
Error Message: Cannot invoke "java.util.List.get(int)" because the return value of "sg.edu.nus.autotune.DB2DATA.getAllIndexes()" is null


===== Query 1315 =====

SQL: SELECT I_PRICE, I_NAME , I_DATA FROM ITEM WHERE I_ID = 56935

EXPLAIN Plan:

Index Scan using item_pkey on item  (cost=0.29..8.31 rows=1 width=61) (actual time=0.031..0.032 rows=1 loops=1)

  Index Cond: (i_id = 56935)

Planning Time: 0.097 ms

Execution Time: 0.050 ms
Failed SQL 1315: SELECT I_PRICE, I_NAME , I_DATA FROM ITEM WHERE I_ID = 56935
Error Message: Cannot invoke "java.util.List.get(int)" because the return value of "sg.edu.nus.autotune.DB2DATA.getAllIndexes()" is null


===== Query 1316 =====

SQL: SELECT S_QUANTITY, S_DATA, S_DIST_01, S_DIST_02, S_DIST_03, S_DIST_04, S_DIST_05, S_DIST_06, S_DIST_07, S_DIST_08, S_DIST_09, S_DIST_10 FROM STOCK WHERE S_I_ID = 56935 AND S_W_ID = 2

EXPLAIN Plan:

Index Scan using stock_pkey on stock  (cost=0.42..8.44 rows=1 width=291) (actual time=0.052..0.054 rows=1 loops=1)

  Index Cond: ((s_w_id = 2) AND (s_i_id = 56935))

Planning Time: 0.093 ms

Execution Time: 0.079 ms
Failed SQL 1316: SELECT S_QUANTITY, S_DATA, S_DIST_01, S_DIST_02, S_DIST_03, S_DIST_04, S_DIST_05, S_DIST_06, S_DIST_07, S_DIST_08, S_DIST_09, S_DIST_10 FROM STOCK WHERE S_I_ID = 56935 AND S_W_ID = 2
Error Message: Cannot invoke "java.util.List.get(int)" because the return value of "sg.edu.nus.autotune.DB2DATA.getAllIndexes()" is null


===== Query 1317 =====

SQL: UPDATE STOCK SET S_QUANTITY = 25, S_YTD = S_YTD + 2, S_ORDER_CNT = S_ORDER_CNT + 1, S_REMOTE_CNT = S_REMOTE_CNT + 0 WHERE S_I_ID = 56935 AND S_W_ID = 2

EXPLAIN Plan:

Update on stock  (cost=0.42..8.45 rows=0 width=0) (actual time=0.137..0.137 rows=0 loops=1)

  ->  Index Scan using stock_pkey on stock  (cost=0.42..8.45 rows=1 width=32) (actual time=0.042..0.044 rows=1 loops=1)

        Index Cond: ((s_w_id = 2) AND (s_i_id = 56935))

Planning Time: 0.125 ms

Execution Time: 0.169 ms
Failed SQL 1317: UPDATE STOCK SET S_QUANTITY = 25, S_YTD = S_YTD + 2, S_ORDER_CNT = S_ORDER_CNT + 1, S_REMOTE_CNT = S_REMOTE_CNT + 0 WHERE S_I_ID = 56935 AND S_W_ID = 2
Error Message: Cannot invoke "java.util.List.get(int)" because the return value of "sg.edu.nus.autotune.DB2DATA.getAllIndexes()" is null


===== Query 1318 =====

SQL: SELECT I_PRICE, I_NAME , I_DATA FROM ITEM WHERE I_ID = 24131

EXPLAIN Plan:

Index Scan using item_pkey on item  (cost=0.29..8.31 rows=1 width=61) (actual time=0.960..0.963 rows=1 loops=1)

  Index Cond: (i_id = 24131)

Planning Time: 0.083 ms

Execution Time: 0.984 ms
Failed SQL 1318: SELECT I_PRICE, I_NAME , I_DATA FROM ITEM WHERE I_ID = 24131
Error Message: Cannot invoke "java.util.List.get(int)" because the return value of "sg.edu.nus.autotune.DB2DATA.getAllIndexes()" is null


===== Query 1319 =====

SQL: SELECT S_QUANTITY, S_DATA, S_DIST_01, S_DIST_02, S_DIST_03, S_DIST_04, S_DIST_05, S_DIST_06, S_DIST_07, S_DIST_08, S_DIST_09, S_DIST_10 FROM STOCK WHERE S_I_ID = 24131 AND S_W_ID = 2

EXPLAIN Plan:

Index Scan using stock_pkey on stock  (cost=0.42..8.44 rows=1 width=291) (actual time=0.841..0.843 rows=1 loops=1)

  Index Cond: ((s_w_id = 2) AND (s_i_id = 24131))

Planning Time: 0.090 ms

Execution Time: 0.866 ms
Failed SQL 1319: SELECT S_QUANTITY, S_DATA, S_DIST_01, S_DIST_02, S_DIST_03, S_DIST_04, S_DIST_05, S_DIST_06, S_DIST_07, S_DIST_08, S_DIST_09, S_DIST_10 FROM STOCK WHERE S_I_ID = 24131 AND S_W_ID = 2
Error Message: Cannot invoke "java.util.List.get(int)" because the return value of "sg.edu.nus.autotune.DB2DATA.getAllIndexes()" is null


===== Query 1320 =====

SQL: UPDATE STOCK SET S_QUANTITY = 88, S_YTD = S_YTD + 1, S_ORDER_CNT = S_ORDER_CNT + 1, S_REMOTE_CNT = S_REMOTE_CNT + 0 WHERE S_I_ID = 24131 AND S_W_ID = 2

EXPLAIN Plan:

Update on stock  (cost=0.42..8.45 rows=0 width=0) (actual time=0.111..0.112 rows=0 loops=1)

  ->  Index Scan using stock_pkey on stock  (cost=0.42..8.45 rows=1 width=32) (actual time=0.028..0.030 rows=1 loops=1)

        Index Cond: ((s_w_id = 2) AND (s_i_id = 24131))

Planning Time: 0.100 ms

Execution Time: 0.139 ms
Failed SQL 1320: UPDATE STOCK SET S_QUANTITY = 88, S_YTD = S_YTD + 1, S_ORDER_CNT = S_ORDER_CNT + 1, S_REMOTE_CNT = S_REMOTE_CNT + 0 WHERE S_I_ID = 24131 AND S_W_ID = 2
Error Message: Cannot invoke "java.util.List.get(int)" because the return value of "sg.edu.nus.autotune.DB2DATA.getAllIndexes()" is null


===== Query 1321 =====

SQL: SELECT I_PRICE, I_NAME , I_DATA FROM ITEM WHERE I_ID = 28175

EXPLAIN Plan:

Index Scan using item_pkey on item  (cost=0.29..8.31 rows=1 width=61) (actual time=0.035..0.037 rows=1 loops=1)

  Index Cond: (i_id = 28175)

Planning Time: 0.080 ms

Execution Time: 0.055 ms
Failed SQL 1321: SELECT I_PRICE, I_NAME , I_DATA FROM ITEM WHERE I_ID = 28175
Error Message: Cannot invoke "java.util.List.get(int)" because the return value of "sg.edu.nus.autotune.DB2DATA.getAllIndexes()" is null


===== Query 1322 =====

SQL: SELECT S_QUANTITY, S_DATA, S_DIST_01, S_DIST_02, S_DIST_03, S_DIST_04, S_DIST_05, S_DIST_06, S_DIST_07, S_DIST_08, S_DIST_09, S_DIST_10 FROM STOCK WHERE S_I_ID = 28175 AND S_W_ID = 2

EXPLAIN Plan:

Index Scan using stock_pkey on stock  (cost=0.42..8.44 rows=1 width=291) (actual time=0.890..0.892 rows=1 loops=1)

  Index Cond: ((s_w_id = 2) AND (s_i_id = 28175))

Planning Time: 0.112 ms

Execution Time: 0.920 ms
Failed SQL 1322: SELECT S_QUANTITY, S_DATA, S_DIST_01, S_DIST_02, S_DIST_03, S_DIST_04, S_DIST_05, S_DIST_06, S_DIST_07, S_DIST_08, S_DIST_09, S_DIST_10 FROM STOCK WHERE S_I_ID = 28175 AND S_W_ID = 2
Error Message: Cannot invoke "java.util.List.get(int)" because the return value of "sg.edu.nus.autotune.DB2DATA.getAllIndexes()" is null


===== Query 1323 =====

SQL: UPDATE STOCK SET S_QUANTITY = 24, S_YTD = S_YTD + 2, S_ORDER_CNT = S_ORDER_CNT + 1, S_REMOTE_CNT = S_REMOTE_CNT + 0 WHERE S_I_ID = 21887 AND S_W_ID = 1

EXPLAIN Plan:

Update on stock  (cost=0.42..8.45 rows=0 width=0) (actual time=0.106..0.107 rows=0 loops=1)

  ->  Index Scan using stock_pkey on stock  (cost=0.42..8.45 rows=1 width=32) (actual time=0.030..0.032 rows=1 loops=1)

        Index Cond: ((s_w_id = 1) AND (s_i_id = 21887))

Planning Time: 0.102 ms

Execution Time: 0.135 ms
Failed SQL 1323: UPDATE STOCK SET S_QUANTITY = 24, S_YTD = S_YTD + 2, S_ORDER_CNT = S_ORDER_CNT + 1, S_REMOTE_CNT = S_REMOTE_CNT + 0 WHERE S_I_ID = 21887 AND S_W_ID = 1
Error Message: Cannot invoke "java.util.List.get(int)" because the return value of "sg.edu.nus.autotune.DB2DATA.getAllIndexes()" is null


===== Query 1324 =====

SQL: SELECT I_PRICE, I_NAME , I_DATA FROM ITEM WHERE I_ID = 72903

EXPLAIN Plan:

Index Scan using item_pkey on item  (cost=0.29..8.31 rows=1 width=61) (actual time=0.344..0.346 rows=1 loops=1)

  Index Cond: (i_id = 72903)

Planning Time: 0.071 ms

Execution Time: 0.365 ms
Failed SQL 1324: SELECT I_PRICE, I_NAME , I_DATA FROM ITEM WHERE I_ID = 72903
Error Message: Cannot invoke "java.util.List.get(int)" because the return value of "sg.edu.nus.autotune.DB2DATA.getAllIndexes()" is null


===== Query 1325 =====

SQL: UPDATE STOCK SET S_QUANTITY = 97, S_YTD = S_YTD + 5, S_ORDER_CNT = S_ORDER_CNT + 1, S_REMOTE_CNT = S_REMOTE_CNT + 0 WHERE S_I_ID = 28175 AND S_W_ID = 2

EXPLAIN Plan:

Update on stock  (cost=0.42..8.45 rows=0 width=0) (actual time=0.061..0.061 rows=0 loops=1)

  ->  Index Scan using stock_pkey on stock  (cost=0.42..8.45 rows=1 width=32) (actual time=0.024..0.025 rows=1 loops=1)

        Index Cond: ((s_w_id = 2) AND (s_i_id = 28175))

Planning Time: 0.101 ms

Execution Time: 0.088 ms
Failed SQL 1325: UPDATE STOCK SET S_QUANTITY = 97, S_YTD = S_YTD + 5, S_ORDER_CNT = S_ORDER_CNT + 1, S_REMOTE_CNT = S_REMOTE_CNT + 0 WHERE S_I_ID = 28175 AND S_W_ID = 2
Error Message: Cannot invoke "java.util.List.get(int)" because the return value of "sg.edu.nus.autotune.DB2DATA.getAllIndexes()" is null


===== Query 1326 =====

SQL: SELECT I_PRICE, I_NAME , I_DATA FROM ITEM WHERE I_ID = 20633

EXPLAIN Plan:

Index Scan using item_pkey on item  (cost=0.29..8.31 rows=1 width=61) (actual time=1.287..1.290 rows=1 loops=1)

  Index Cond: (i_id = 20633)

Planning Time: 0.093 ms

Execution Time: 1.313 ms
Failed SQL 1326: SELECT I_PRICE, I_NAME , I_DATA FROM ITEM WHERE I_ID = 20633
Error Message: Cannot invoke "java.util.List.get(int)" because the return value of "sg.edu.nus.autotune.DB2DATA.getAllIndexes()" is null


===== Query 1327 =====

SQL: SELECT S_QUANTITY, S_DATA, S_DIST_01, S_DIST_02, S_DIST_03, S_DIST_04, S_DIST_05, S_DIST_06, S_DIST_07, S_DIST_08, S_DIST_09, S_DIST_10 FROM STOCK WHERE S_I_ID = 20633 AND S_W_ID = 2

EXPLAIN Plan:

Index Scan using stock_pkey on stock  (cost=0.42..8.44 rows=1 width=291) (actual time=1.148..1.151 rows=1 loops=1)

  Index Cond: ((s_w_id = 2) AND (s_i_id = 20633))

Planning Time: 0.117 ms

Execution Time: 1.178 ms
Failed SQL 1327: SELECT S_QUANTITY, S_DATA, S_DIST_01, S_DIST_02, S_DIST_03, S_DIST_04, S_DIST_05, S_DIST_06, S_DIST_07, S_DIST_08, S_DIST_09, S_DIST_10 FROM STOCK WHERE S_I_ID = 20633 AND S_W_ID = 2
Error Message: Cannot invoke "java.util.List.get(int)" because the return value of "sg.edu.nus.autotune.DB2DATA.getAllIndexes()" is null


===== Query 1328 =====

SQL: SELECT S_QUANTITY, S_DATA, S_DIST_01, S_DIST_02, S_DIST_03, S_DIST_04, S_DIST_05, S_DIST_06, S_DIST_07, S_DIST_08, S_DIST_09, S_DIST_10 FROM STOCK WHERE S_I_ID = 72903 AND S_W_ID = 1

EXPLAIN Plan:

Index Scan using stock_pkey on stock  (cost=0.42..8.44 rows=1 width=291) (actual time=1.111..1.113 rows=1 loops=1)

  Index Cond: ((s_w_id = 1) AND (s_i_id = 72903))

Planning Time: 0.091 ms

Execution Time: 1.136 ms
Failed SQL 1328: SELECT S_QUANTITY, S_DATA, S_DIST_01, S_DIST_02, S_DIST_03, S_DIST_04, S_DIST_05, S_DIST_06, S_DIST_07, S_DIST_08, S_DIST_09, S_DIST_10 FROM STOCK WHERE S_I_ID = 72903 AND S_W_ID = 1
Error Message: Cannot invoke "java.util.List.get(int)" because the return value of "sg.edu.nus.autotune.DB2DATA.getAllIndexes()" is null


===== Query 1329 =====

SQL: UPDATE STOCK SET S_QUANTITY = 27, S_YTD = S_YTD + 8, S_ORDER_CNT = S_ORDER_CNT + 1, S_REMOTE_CNT = S_REMOTE_CNT + 0 WHERE S_I_ID = 20633 AND S_W_ID = 2

EXPLAIN Plan:

Update on stock  (cost=0.42..8.45 rows=0 width=0) (actual time=0.114..0.115 rows=0 loops=1)

  ->  Index Scan using stock_pkey on stock  (cost=0.42..8.45 rows=1 width=32) (actual time=0.026..0.028 rows=1 loops=1)

        Index Cond: ((s_w_id = 2) AND (s_i_id = 20633))

Planning Time: 0.108 ms

Execution Time: 0.143 ms
Failed SQL 1329: UPDATE STOCK SET S_QUANTITY = 27, S_YTD = S_YTD + 8, S_ORDER_CNT = S_ORDER_CNT + 1, S_REMOTE_CNT = S_REMOTE_CNT + 0 WHERE S_I_ID = 20633 AND S_W_ID = 2
Error Message: Cannot invoke "java.util.List.get(int)" because the return value of "sg.edu.nus.autotune.DB2DATA.getAllIndexes()" is null


===== Query 1330 =====

SQL: SELECT I_PRICE, I_NAME , I_DATA FROM ITEM WHERE I_ID = 24291

EXPLAIN Plan:

Index Scan using item_pkey on item  (cost=0.29..8.31 rows=1 width=61) (actual time=0.045..0.047 rows=1 loops=1)

  Index Cond: (i_id = 24291)

Planning Time: 0.082 ms

Execution Time: 0.065 ms
Failed SQL 1330: SELECT I_PRICE, I_NAME , I_DATA FROM ITEM WHERE I_ID = 24291
Error Message: Cannot invoke "java.util.List.get(int)" because the return value of "sg.edu.nus.autotune.DB2DATA.getAllIndexes()" is null


===== Query 1331 =====

SQL: SELECT S_QUANTITY, S_DATA, S_DIST_01, S_DIST_02, S_DIST_03, S_DIST_04, S_DIST_05, S_DIST_06, S_DIST_07, S_DIST_08, S_DIST_09, S_DIST_10 FROM STOCK WHERE S_I_ID = 24291 AND S_W_ID = 2

EXPLAIN Plan:

Index Scan using stock_pkey on stock  (cost=0.42..8.44 rows=1 width=291) (actual time=0.048..0.049 rows=1 loops=1)

  Index Cond: ((s_w_id = 2) AND (s_i_id = 24291))

Planning Time: 0.099 ms

Execution Time: 0.072 ms
Failed SQL 1331: SELECT S_QUANTITY, S_DATA, S_DIST_01, S_DIST_02, S_DIST_03, S_DIST_04, S_DIST_05, S_DIST_06, S_DIST_07, S_DIST_08, S_DIST_09, S_DIST_10 FROM STOCK WHERE S_I_ID = 24291 AND S_W_ID = 2
Error Message: Cannot invoke "java.util.List.get(int)" because the return value of "sg.edu.nus.autotune.DB2DATA.getAllIndexes()" is null


===== Query 1332 =====

SQL: UPDATE STOCK SET S_QUANTITY = 81, S_YTD = S_YTD + 2, S_ORDER_CNT = S_ORDER_CNT + 1, S_REMOTE_CNT = S_REMOTE_CNT + 0 WHERE S_I_ID = 24291 AND S_W_ID = 2

EXPLAIN Plan:

Update on stock  (cost=0.42..8.45 rows=0 width=0) (actual time=0.056..0.056 rows=0 loops=1)

  ->  Index Scan using stock_pkey on stock  (cost=0.42..8.45 rows=1 width=32) (actual time=0.023..0.025 rows=1 loops=1)

        Index Cond: ((s_w_id = 2) AND (s_i_id = 24291))

Planning Time: 0.102 ms

Execution Time: 0.084 ms
Failed SQL 1332: UPDATE STOCK SET S_QUANTITY = 81, S_YTD = S_YTD + 2, S_ORDER_CNT = S_ORDER_CNT + 1, S_REMOTE_CNT = S_REMOTE_CNT + 0 WHERE S_I_ID = 24291 AND S_W_ID = 2
Error Message: Cannot invoke "java.util.List.get(int)" because the return value of "sg.edu.nus.autotune.DB2DATA.getAllIndexes()" is null


===== Query 1333 =====

SQL: SELECT I_PRICE, I_NAME , I_DATA FROM ITEM WHERE I_ID = 12765

EXPLAIN Plan:

Index Scan using item_pkey on item  (cost=0.29..8.31 rows=1 width=61) (actual time=0.439..0.440 rows=1 loops=1)

  Index Cond: (i_id = 12765)

Planning Time: 0.058 ms

Execution Time: 0.456 ms
Failed SQL 1333: SELECT I_PRICE, I_NAME , I_DATA FROM ITEM WHERE I_ID = 12765
Error Message: Cannot invoke "java.util.List.get(int)" because the return value of "sg.edu.nus.autotune.DB2DATA.getAllIndexes()" is null


===== Query 1334 =====

SQL: UPDATE STOCK SET S_QUANTITY = 100, S_YTD = S_YTD + 9, S_ORDER_CNT = S_ORDER_CNT + 1, S_REMOTE_CNT = S_REMOTE_CNT + 0 WHERE S_I_ID = 72903 AND S_W_ID = 1

EXPLAIN Plan:

Update on stock  (cost=0.42..8.45 rows=0 width=0) (actual time=0.074..0.074 rows=0 loops=1)

  ->  Index Scan using stock_pkey on stock  (cost=0.42..8.45 rows=1 width=32) (actual time=0.019..0.021 rows=1 loops=1)

        Index Cond: ((s_w_id = 1) AND (s_i_id = 72903))

Planning Time: 0.079 ms

Execution Time: 0.094 ms
Failed SQL 1334: UPDATE STOCK SET S_QUANTITY = 100, S_YTD = S_YTD + 9, S_ORDER_CNT = S_ORDER_CNT + 1, S_REMOTE_CNT = S_REMOTE_CNT + 0 WHERE S_I_ID = 72903 AND S_W_ID = 1
Error Message: Cannot invoke "java.util.List.get(int)" because the return value of "sg.edu.nus.autotune.DB2DATA.getAllIndexes()" is null


===== Query 1335 =====

SQL: SELECT I_PRICE, I_NAME , I_DATA FROM ITEM WHERE I_ID = 96039

EXPLAIN Plan:

Index Scan using item_pkey on item  (cost=0.29..8.31 rows=1 width=61) (actual time=1.079..1.081 rows=1 loops=1)

  Index Cond: (i_id = 96039)

Planning Time: 0.060 ms

Execution Time: 1.097 ms
Failed SQL 1335: SELECT I_PRICE, I_NAME , I_DATA FROM ITEM WHERE I_ID = 96039
Error Message: Cannot invoke "java.util.List.get(int)" because the return value of "sg.edu.nus.autotune.DB2DATA.getAllIndexes()" is null


===== Query 1336 =====

SQL: SELECT S_QUANTITY, S_DATA, S_DIST_01, S_DIST_02, S_DIST_03, S_DIST_04, S_DIST_05, S_DIST_06, S_DIST_07, S_DIST_08, S_DIST_09, S_DIST_10 FROM STOCK WHERE S_I_ID = 96039 AND S_W_ID = 1

EXPLAIN Plan:

Index Scan using stock_pkey on stock  (cost=0.42..8.44 rows=1 width=291) (actual time=1.313..1.323 rows=1 loops=1)

  Index Cond: ((s_w_id = 1) AND (s_i_id = 96039))

Planning Time: 0.110 ms

Execution Time: 1.356 ms
Failed SQL 1336: SELECT S_QUANTITY, S_DATA, S_DIST_01, S_DIST_02, S_DIST_03, S_DIST_04, S_DIST_05, S_DIST_06, S_DIST_07, S_DIST_08, S_DIST_09, S_DIST_10 FROM STOCK WHERE S_I_ID = 96039 AND S_W_ID = 1
Error Message: Cannot invoke "java.util.List.get(int)" because the return value of "sg.edu.nus.autotune.DB2DATA.getAllIndexes()" is null


===== Query 1337 =====

SQL: SELECT S_QUANTITY, S_DATA, S_DIST_01, S_DIST_02, S_DIST_03, S_DIST_04, S_DIST_05, S_DIST_06, S_DIST_07, S_DIST_08, S_DIST_09, S_DIST_10 FROM STOCK WHERE S_I_ID = 12765 AND S_W_ID = 2

EXPLAIN Plan:

Index Scan using stock_pkey on stock  (cost=0.42..8.44 rows=1 width=291) (actual time=0.917..0.920 rows=1 loops=1)

  Index Cond: ((s_w_id = 2) AND (s_i_id = 12765))

Planning Time: 0.111 ms

Execution Time: 0.947 ms
Failed SQL 1337: SELECT S_QUANTITY, S_DATA, S_DIST_01, S_DIST_02, S_DIST_03, S_DIST_04, S_DIST_05, S_DIST_06, S_DIST_07, S_DIST_08, S_DIST_09, S_DIST_10 FROM STOCK WHERE S_I_ID = 12765 AND S_W_ID = 2
Error Message: Cannot invoke "java.util.List.get(int)" because the return value of "sg.edu.nus.autotune.DB2DATA.getAllIndexes()" is null


===== Query 1338 =====

SQL: UPDATE STOCK SET S_QUANTITY = 98, S_YTD = S_YTD + 9, S_ORDER_CNT = S_ORDER_CNT + 1, S_REMOTE_CNT = S_REMOTE_CNT + 0 WHERE S_I_ID = 96039 AND S_W_ID = 1

EXPLAIN Plan:

Update on stock  (cost=0.42..8.45 rows=0 width=0) (actual time=0.084..0.085 rows=0 loops=1)

  ->  Index Scan using stock_pkey on stock  (cost=0.42..8.45 rows=1 width=32) (actual time=0.025..0.027 rows=1 loops=1)

        Index Cond: ((s_w_id = 1) AND (s_i_id = 96039))

Planning Time: 0.121 ms

Execution Time: 0.162 ms
Failed SQL 1338: UPDATE STOCK SET S_QUANTITY = 98, S_YTD = S_YTD + 9, S_ORDER_CNT = S_ORDER_CNT + 1, S_REMOTE_CNT = S_REMOTE_CNT + 0 WHERE S_I_ID = 96039 AND S_W_ID = 1
Error Message: Cannot invoke "java.util.List.get(int)" because the return value of "sg.edu.nus.autotune.DB2DATA.getAllIndexes()" is null


===== Query 1339 =====

SQL: SELECT I_PRICE, I_NAME , I_DATA FROM ITEM WHERE I_ID = 52898

EXPLAIN Plan:

Index Scan using item_pkey on item  (cost=0.29..8.31 rows=1 width=61) (actual time=0.053..0.055 rows=1 loops=1)

  Index Cond: (i_id = 52898)

Planning Time: 0.077 ms

Execution Time: 0.072 ms
Failed SQL 1339: SELECT I_PRICE, I_NAME , I_DATA FROM ITEM WHERE I_ID = 52898
Error Message: Cannot invoke "java.util.List.get(int)" because the return value of "sg.edu.nus.autotune.DB2DATA.getAllIndexes()" is null


===== Query 1340 =====

SQL: SELECT S_QUANTITY, S_DATA, S_DIST_01, S_DIST_02, S_DIST_03, S_DIST_04, S_DIST_05, S_DIST_06, S_DIST_07, S_DIST_08, S_DIST_09, S_DIST_10 FROM STOCK WHERE S_I_ID = 52898 AND S_W_ID = 1

EXPLAIN Plan:

Index Scan using stock_pkey on stock  (cost=0.42..8.44 rows=1 width=291) (actual time=0.823..0.824 rows=1 loops=1)

  Index Cond: ((s_w_id = 1) AND (s_i_id = 52898))

Planning Time: 0.118 ms

Execution Time: 0.850 ms
Failed SQL 1340: SELECT S_QUANTITY, S_DATA, S_DIST_01, S_DIST_02, S_DIST_03, S_DIST_04, S_DIST_05, S_DIST_06, S_DIST_07, S_DIST_08, S_DIST_09, S_DIST_10 FROM STOCK WHERE S_I_ID = 52898 AND S_W_ID = 1
Error Message: Cannot invoke "java.util.List.get(int)" because the return value of "sg.edu.nus.autotune.DB2DATA.getAllIndexes()" is null


===== Query 1341 =====

SQL: UPDATE STOCK SET S_QUANTITY = 24, S_YTD = S_YTD + 2, S_ORDER_CNT = S_ORDER_CNT + 1, S_REMOTE_CNT = S_REMOTE_CNT + 0 WHERE S_I_ID = 52898 AND S_W_ID = 1

EXPLAIN Plan:

Update on stock  (cost=0.42..8.45 rows=0 width=0) (actual time=0.089..0.090 rows=0 loops=1)

  ->  Index Scan using stock_pkey on stock  (cost=0.42..8.45 rows=1 width=32) (actual time=0.024..0.026 rows=1 loops=1)

        Index Cond: ((s_w_id = 1) AND (s_i_id = 52898))

Planning Time: 0.101 ms

Execution Time: 0.118 ms
Failed SQL 1341: UPDATE STOCK SET S_QUANTITY = 24, S_YTD = S_YTD + 2, S_ORDER_CNT = S_ORDER_CNT + 1, S_REMOTE_CNT = S_REMOTE_CNT + 0 WHERE S_I_ID = 52898 AND S_W_ID = 1
Error Message: Cannot invoke "java.util.List.get(int)" because the return value of "sg.edu.nus.autotune.DB2DATA.getAllIndexes()" is null


===== Query 1342 =====

SQL: SELECT I_PRICE, I_NAME , I_DATA FROM ITEM WHERE I_ID = 97959

EXPLAIN Plan:

Index Scan using item_pkey on item  (cost=0.29..8.31 rows=1 width=61) (actual time=0.751..0.753 rows=1 loops=1)

  Index Cond: (i_id = 97959)

Planning Time: 0.050 ms

Execution Time: 0.765 ms
Failed SQL 1342: SELECT I_PRICE, I_NAME , I_DATA FROM ITEM WHERE I_ID = 97959
Error Message: Cannot invoke "java.util.List.get(int)" because the return value of "sg.edu.nus.autotune.DB2DATA.getAllIndexes()" is null


===== Query 1343 =====

SQL: SELECT S_QUANTITY, S_DATA, S_DIST_01, S_DIST_02, S_DIST_03, S_DIST_04, S_DIST_05, S_DIST_06, S_DIST_07, S_DIST_08, S_DIST_09, S_DIST_10 FROM STOCK WHERE S_I_ID = 97959 AND S_W_ID = 1

EXPLAIN Plan:

Index Scan using stock_pkey on stock  (cost=0.42..8.44 rows=1 width=291) (actual time=1.170..1.172 rows=1 loops=1)

  Index Cond: ((s_w_id = 1) AND (s_i_id = 97959))

Planning Time: 0.102 ms

Execution Time: 1.198 ms
Failed SQL 1343: SELECT S_QUANTITY, S_DATA, S_DIST_01, S_DIST_02, S_DIST_03, S_DIST_04, S_DIST_05, S_DIST_06, S_DIST_07, S_DIST_08, S_DIST_09, S_DIST_10 FROM STOCK WHERE S_I_ID = 97959 AND S_W_ID = 1
Error Message: Cannot invoke "java.util.List.get(int)" because the return value of "sg.edu.nus.autotune.DB2DATA.getAllIndexes()" is null


===== Query 1344 =====

SQL: UPDATE STOCK SET S_QUANTITY = 80, S_YTD = S_YTD + 8, S_ORDER_CNT = S_ORDER_CNT + 1, S_REMOTE_CNT = S_REMOTE_CNT + 0 WHERE S_I_ID = 97959 AND S_W_ID = 1

EXPLAIN Plan:

Update on stock  (cost=0.42..8.45 rows=0 width=0) (actual time=0.058..0.059 rows=0 loops=1)

  ->  Index Scan using stock_pkey on stock  (cost=0.42..8.45 rows=1 width=32) (actual time=0.023..0.024 rows=1 loops=1)

        Index Cond: ((s_w_id = 1) AND (s_i_id = 97959))

Planning Time: 0.103 ms

Execution Time: 0.095 ms
Failed SQL 1344: UPDATE STOCK SET S_QUANTITY = 80, S_YTD = S_YTD + 8, S_ORDER_CNT = S_ORDER_CNT + 1, S_REMOTE_CNT = S_REMOTE_CNT + 0 WHERE S_I_ID = 97959 AND S_W_ID = 1
Error Message: Cannot invoke "java.util.List.get(int)" because the return value of "sg.edu.nus.autotune.DB2DATA.getAllIndexes()" is null


===== Query 1345 =====

SQL: SELECT I_PRICE, I_NAME , I_DATA FROM ITEM WHERE I_ID = 40115

EXPLAIN Plan:

Index Scan using item_pkey on item  (cost=0.29..8.31 rows=1 width=61) (actual time=1.096..1.099 rows=1 loops=1)

  Index Cond: (i_id = 40115)

Planning Time: 0.075 ms

Execution Time: 1.138 ms
Failed SQL 1345: SELECT I_PRICE, I_NAME , I_DATA FROM ITEM WHERE I_ID = 40115
Error Message: Cannot invoke "java.util.List.get(int)" because the return value of "sg.edu.nus.autotune.DB2DATA.getAllIndexes()" is null


===== Query 1346 =====

SQL: UPDATE STOCK SET S_QUANTITY = 42, S_YTD = S_YTD + 10, S_ORDER_CNT = S_ORDER_CNT + 1, S_REMOTE_CNT = S_REMOTE_CNT + 0 WHERE S_I_ID = 12765 AND S_W_ID = 2

EXPLAIN Plan:

Update on stock  (cost=0.42..8.45 rows=0 width=0) (actual time=0.081..0.081 rows=0 loops=1)

  ->  Index Scan using stock_pkey on stock  (cost=0.42..8.45 rows=1 width=32) (actual time=0.036..0.037 rows=1 loops=1)

        Index Cond: ((s_w_id = 2) AND (s_i_id = 12765))

Planning Time: 0.124 ms

Execution Time: 0.112 ms
Failed SQL 1346: UPDATE STOCK SET S_QUANTITY = 42, S_YTD = S_YTD + 10, S_ORDER_CNT = S_ORDER_CNT + 1, S_REMOTE_CNT = S_REMOTE_CNT + 0 WHERE S_I_ID = 12765 AND S_W_ID = 2
Error Message: Cannot invoke "java.util.List.get(int)" because the return value of "sg.edu.nus.autotune.DB2DATA.getAllIndexes()" is null


===== Query 1347 =====

SQL: SELECT S_QUANTITY, S_DATA, S_DIST_01, S_DIST_02, S_DIST_03, S_DIST_04, S_DIST_05, S_DIST_06, S_DIST_07, S_DIST_08, S_DIST_09, S_DIST_10 FROM STOCK WHERE S_I_ID = 40115 AND S_W_ID = 1

EXPLAIN Plan:

Index Scan using stock_pkey on stock  (cost=0.42..8.44 rows=1 width=291) (actual time=0.912..0.915 rows=1 loops=1)

  Index Cond: ((s_w_id = 1) AND (s_i_id = 40115))

Planning Time: 0.111 ms

Execution Time: 0.942 ms
Failed SQL 1347: SELECT S_QUANTITY, S_DATA, S_DIST_01, S_DIST_02, S_DIST_03, S_DIST_04, S_DIST_05, S_DIST_06, S_DIST_07, S_DIST_08, S_DIST_09, S_DIST_10 FROM STOCK WHERE S_I_ID = 40115 AND S_W_ID = 1
Error Message: Cannot invoke "java.util.List.get(int)" because the return value of "sg.edu.nus.autotune.DB2DATA.getAllIndexes()" is null


===== Query 1348 =====

SQL: SELECT C_DISCOUNT, C_LAST, C_CREDIT, W_TAX FROM CUSTOMER, WAREHOUSE WHERE W_ID = 2 AND C_W_ID = 2 AND C_D_ID = 5 AND C_ID = 2251

EXPLAIN Plan:

Nested Loop  (cost=4.56..16.61 rows=1 width=26) (actual time=0.090..0.092 rows=1 loops=1)

  ->  Index Scan using customer_pkey on customer  (cost=0.42..8.44 rows=1 width=21) (actual time=0.072..0.074 rows=1 loops=1)

        Index Cond: ((c_w_id = 2) AND (c_d_id = 5) AND (c_id = 2251))

  ->  Bitmap Heap Scan on warehouse  (cost=4.14..8.15 rows=1 width=5) (actual time=0.009..0.010 rows=1 loops=1)

        Recheck Cond: (w_id = 2)

        Heap Blocks: exact=1

        ->  Bitmap Index Scan on warehouse_pkey  (cost=0.00..4.14 rows=1 width=0) (actual time=0.004..0.004 rows=1 loops=1)

              Index Cond: (w_id = 2)

Planning Time: 0.141 ms

Execution Time: 0.130 ms
Failed SQL 1348: SELECT C_DISCOUNT, C_LAST, C_CREDIT, W_TAX FROM CUSTOMER, WAREHOUSE WHERE W_ID = 2 AND C_W_ID = 2 AND C_D_ID = 5 AND C_ID = 2251
Error Message: Cannot invoke "java.util.List.get(int)" because the return value of "sg.edu.nus.autotune.DB2DATA.getAllIndexes()" is null


===== Query 1349 =====

SQL: UPDATE STOCK SET S_QUANTITY = 11, S_YTD = S_YTD + 1, S_ORDER_CNT = S_ORDER_CNT + 1, S_REMOTE_CNT = S_REMOTE_CNT + 0 WHERE S_I_ID = 40115 AND S_W_ID = 1

EXPLAIN Plan:

Update on stock  (cost=0.42..8.45 rows=0 width=0) (actual time=0.101..0.102 rows=0 loops=1)

  ->  Index Scan using stock_pkey on stock  (cost=0.42..8.45 rows=1 width=32) (actual time=0.023..0.025 rows=1 loops=1)

        Index Cond: ((s_w_id = 1) AND (s_i_id = 40115))

Planning Time: 0.104 ms

Execution Time: 0.129 ms
Failed SQL 1349: UPDATE STOCK SET S_QUANTITY = 11, S_YTD = S_YTD + 1, S_ORDER_CNT = S_ORDER_CNT + 1, S_REMOTE_CNT = S_REMOTE_CNT + 0 WHERE S_I_ID = 40115 AND S_W_ID = 1
Error Message: Cannot invoke "java.util.List.get(int)" because the return value of "sg.edu.nus.autotune.DB2DATA.getAllIndexes()" is null


===== Query 1350 =====

SQL: SELECT I_PRICE, I_NAME , I_DATA FROM ITEM WHERE I_ID = 92390

EXPLAIN Plan:

Index Scan using item_pkey on item  (cost=0.29..8.31 rows=1 width=61) (actual time=1.132..1.135 rows=1 loops=1)

  Index Cond: (i_id = 92390)

Planning Time: 0.092 ms

Execution Time: 1.156 ms
Failed SQL 1350: SELECT I_PRICE, I_NAME , I_DATA FROM ITEM WHERE I_ID = 92390
Error Message: Cannot invoke "java.util.List.get(int)" because the return value of "sg.edu.nus.autotune.DB2DATA.getAllIndexes()" is null


===== Query 1351 =====

SQL: SELECT D_NEXT_O_ID, D_TAX FROM DISTRICT WHERE D_W_ID = 2 AND D_ID = 5

EXPLAIN Plan:

Bitmap Heap Scan on district  (cost=4.28..11.66 rows=2 width=9) (actual time=0.013..0.014 rows=1 loops=1)

  Recheck Cond: ((d_w_id = 2) AND (d_id = 5))

  Heap Blocks: exact=1

  ->  Bitmap Index Scan on district_pkey  (cost=0.00..4.28 rows=2 width=0) (actual time=0.008..0.009 rows=1 loops=1)

        Index Cond: ((d_w_id = 2) AND (d_id = 5))

Planning Time: 0.061 ms

Execution Time: 0.029 ms
Failed SQL 1351: SELECT D_NEXT_O_ID, D_TAX FROM DISTRICT WHERE D_W_ID = 2 AND D_ID = 5
Error Message: Cannot invoke "java.util.List.get(int)" because the return value of "sg.edu.nus.autotune.DB2DATA.getAllIndexes()" is null


===== Query 1352 =====

SQL: UPDATE DISTRICT SET D_NEXT_O_ID = D_NEXT_O_ID + 1 WHERE D_W_ID = 2 AND D_ID = 5

EXPLAIN Plan:

Update on district  (cost=4.28..11.67 rows=0 width=0) (actual time=0.050..0.051 rows=0 loops=1)

  ->  Bitmap Heap Scan on district  (cost=4.28..11.67 rows=2 width=10) (actual time=0.019..0.020 rows=1 loops=1)

        Recheck Cond: ((d_w_id = 2) AND (d_id = 5))

        Heap Blocks: exact=1

        ->  Bitmap Index Scan on district_pkey  (cost=0.00..4.28 rows=2 width=0) (actual time=0.011..0.011 rows=1 loops=1)

              Index Cond: ((d_w_id = 2) AND (d_id = 5))

Planning Time: 0.090 ms

Execution Time: 0.085 ms
Failed SQL 1352: UPDATE DISTRICT SET D_NEXT_O_ID = D_NEXT_O_ID + 1 WHERE D_W_ID = 2 AND D_ID = 5
Error Message: Cannot invoke "java.util.List.get(int)" because the return value of "sg.edu.nus.autotune.DB2DATA.getAllIndexes()" is null


===== Query 1353 =====

SQL: SELECT S_QUANTITY, S_DATA, S_DIST_01, S_DIST_02, S_DIST_03, S_DIST_04, S_DIST_05, S_DIST_06, S_DIST_07, S_DIST_08, S_DIST_09, S_DIST_10 FROM STOCK WHERE S_I_ID = 92390 AND S_W_ID = 1

EXPLAIN Plan:

Index Scan using stock_pkey on stock  (cost=0.42..8.44 rows=1 width=291) (actual time=1.255..1.257 rows=1 loops=1)

  Index Cond: ((s_w_id = 1) AND (s_i_id = 92390))

Planning Time: 0.111 ms

Execution Time: 1.283 ms
Failed SQL 1353: SELECT S_QUANTITY, S_DATA, S_DIST_01, S_DIST_02, S_DIST_03, S_DIST_04, S_DIST_05, S_DIST_06, S_DIST_07, S_DIST_08, S_DIST_09, S_DIST_10 FROM STOCK WHERE S_I_ID = 92390 AND S_W_ID = 1
Error Message: Cannot invoke "java.util.List.get(int)" because the return value of "sg.edu.nus.autotune.DB2DATA.getAllIndexes()" is null


===== Query 1354 =====

SQL: SELECT I_PRICE, I_NAME , I_DATA FROM ITEM WHERE I_ID = 97759

EXPLAIN Plan:

Index Scan using item_pkey on item  (cost=0.29..8.31 rows=1 width=61) (actual time=0.872..0.876 rows=1 loops=1)

  Index Cond: (i_id = 97759)

Planning Time: 0.077 ms

Execution Time: 0.896 ms
Failed SQL 1354: SELECT I_PRICE, I_NAME , I_DATA FROM ITEM WHERE I_ID = 97759
Error Message: Cannot invoke "java.util.List.get(int)" because the return value of "sg.edu.nus.autotune.DB2DATA.getAllIndexes()" is null


===== Query 1355 =====

SQL: SELECT S_QUANTITY, S_DATA, S_DIST_01, S_DIST_02, S_DIST_03, S_DIST_04, S_DIST_05, S_DIST_06, S_DIST_07, S_DIST_08, S_DIST_09, S_DIST_10 FROM STOCK WHERE S_I_ID = 97759 AND S_W_ID = 2

EXPLAIN Plan:

Index Scan using stock_pkey on stock  (cost=0.42..8.44 rows=1 width=291) (actual time=0.053..0.055 rows=1 loops=1)

  Index Cond: ((s_w_id = 2) AND (s_i_id = 97759))

Planning Time: 0.100 ms

Execution Time: 0.077 ms
Failed SQL 1355: SELECT S_QUANTITY, S_DATA, S_DIST_01, S_DIST_02, S_DIST_03, S_DIST_04, S_DIST_05, S_DIST_06, S_DIST_07, S_DIST_08, S_DIST_09, S_DIST_10 FROM STOCK WHERE S_I_ID = 97759 AND S_W_ID = 2
Error Message: Cannot invoke "java.util.List.get(int)" because the return value of "sg.edu.nus.autotune.DB2DATA.getAllIndexes()" is null


===== Query 1356 =====

SQL: UPDATE STOCK SET S_QUANTITY = 63, S_YTD = S_YTD + 6, S_ORDER_CNT = S_ORDER_CNT + 1, S_REMOTE_CNT = S_REMOTE_CNT + 0 WHERE S_I_ID = 97759 AND S_W_ID = 2

EXPLAIN Plan:

Update on stock  (cost=0.42..8.45 rows=0 width=0) (actual time=0.092..0.093 rows=0 loops=1)

  ->  Index Scan using stock_pkey on stock  (cost=0.42..8.45 rows=1 width=32) (actual time=0.030..0.032 rows=1 loops=1)

        Index Cond: ((s_w_id = 2) AND (s_i_id = 97759))

Planning Time: 0.120 ms

Execution Time: 0.124 ms
Failed SQL 1356: UPDATE STOCK SET S_QUANTITY = 63, S_YTD = S_YTD + 6, S_ORDER_CNT = S_ORDER_CNT + 1, S_REMOTE_CNT = S_REMOTE_CNT + 0 WHERE S_I_ID = 97759 AND S_W_ID = 2
Error Message: Cannot invoke "java.util.List.get(int)" because the return value of "sg.edu.nus.autotune.DB2DATA.getAllIndexes()" is null


===== Query 1357 =====

SQL: SELECT I_PRICE, I_NAME , I_DATA FROM ITEM WHERE I_ID = 36552

EXPLAIN Plan:

Index Scan using item_pkey on item  (cost=0.29..8.31 rows=1 width=61) (actual time=0.949..0.952 rows=1 loops=1)

  Index Cond: (i_id = 36552)

Planning Time: 0.121 ms

Execution Time: 0.977 ms
Failed SQL 1357: SELECT I_PRICE, I_NAME , I_DATA FROM ITEM WHERE I_ID = 36552
Error Message: Cannot invoke "java.util.List.get(int)" because the return value of "sg.edu.nus.autotune.DB2DATA.getAllIndexes()" is null


===== Query 1358 =====

SQL: SELECT S_QUANTITY, S_DATA, S_DIST_01, S_DIST_02, S_DIST_03, S_DIST_04, S_DIST_05, S_DIST_06, S_DIST_07, S_DIST_08, S_DIST_09, S_DIST_10 FROM STOCK WHERE S_I_ID = 36552 AND S_W_ID = 2

EXPLAIN Plan:

Index Scan using stock_pkey on stock  (cost=0.42..8.44 rows=1 width=291) (actual time=0.901..0.904 rows=1 loops=1)

  Index Cond: ((s_w_id = 2) AND (s_i_id = 36552))

Planning Time: 0.094 ms

Execution Time: 0.927 ms
Failed SQL 1358: SELECT S_QUANTITY, S_DATA, S_DIST_01, S_DIST_02, S_DIST_03, S_DIST_04, S_DIST_05, S_DIST_06, S_DIST_07, S_DIST_08, S_DIST_09, S_DIST_10 FROM STOCK WHERE S_I_ID = 36552 AND S_W_ID = 2
Error Message: Cannot invoke "java.util.List.get(int)" because the return value of "sg.edu.nus.autotune.DB2DATA.getAllIndexes()" is null


===== Query 1359 =====

SQL: UPDATE STOCK SET S_QUANTITY = 85, S_YTD = S_YTD + 7, S_ORDER_CNT = S_ORDER_CNT + 1, S_REMOTE_CNT = S_REMOTE_CNT + 0 WHERE S_I_ID = 36552 AND S_W_ID = 2

EXPLAIN Plan:

Update on stock  (cost=0.42..8.45 rows=0 width=0) (actual time=0.080..0.081 rows=0 loops=1)

  ->  Index Scan using stock_pkey on stock  (cost=0.42..8.45 rows=1 width=32) (actual time=0.024..0.025 rows=1 loops=1)

        Index Cond: ((s_w_id = 2) AND (s_i_id = 36552))

Planning Time: 0.095 ms

Execution Time: 0.107 ms
Failed SQL 1359: UPDATE STOCK SET S_QUANTITY = 85, S_YTD = S_YTD + 7, S_ORDER_CNT = S_ORDER_CNT + 1, S_REMOTE_CNT = S_REMOTE_CNT + 0 WHERE S_I_ID = 36552 AND S_W_ID = 2
Error Message: Cannot invoke "java.util.List.get(int)" because the return value of "sg.edu.nus.autotune.DB2DATA.getAllIndexes()" is null


===== Query 1360 =====

SQL: SELECT I_PRICE, I_NAME , I_DATA FROM ITEM WHERE I_ID = 69327

EXPLAIN Plan:

Index Scan using item_pkey on item  (cost=0.29..8.31 rows=1 width=61) (actual time=0.922..0.925 rows=1 loops=1)

  Index Cond: (i_id = 69327)

Planning Time: 0.083 ms

Execution Time: 0.945 ms
Failed SQL 1360: SELECT I_PRICE, I_NAME , I_DATA FROM ITEM WHERE I_ID = 69327
Error Message: Cannot invoke "java.util.List.get(int)" because the return value of "sg.edu.nus.autotune.DB2DATA.getAllIndexes()" is null


===== Query 1361 =====

SQL: UPDATE STOCK SET S_QUANTITY = 71, S_YTD = S_YTD + 4, S_ORDER_CNT = S_ORDER_CNT + 1, S_REMOTE_CNT = S_REMOTE_CNT + 0 WHERE S_I_ID = 92390 AND S_W_ID = 1

EXPLAIN Plan:

Update on stock  (cost=0.42..8.45 rows=0 width=0) (actual time=0.111..0.112 rows=0 loops=1)

  ->  Index Scan using stock_pkey on stock  (cost=0.42..8.45 rows=1 width=32) (actual time=0.035..0.037 rows=1 loops=1)

        Index Cond: ((s_w_id = 1) AND (s_i_id = 92390))

Planning Time: 0.101 ms

Execution Time: 0.141 ms
Failed SQL 1361: UPDATE STOCK SET S_QUANTITY = 71, S_YTD = S_YTD + 4, S_ORDER_CNT = S_ORDER_CNT + 1, S_REMOTE_CNT = S_REMOTE_CNT + 0 WHERE S_I_ID = 92390 AND S_W_ID = 1
Error Message: Cannot invoke "java.util.List.get(int)" because the return value of "sg.edu.nus.autotune.DB2DATA.getAllIndexes()" is null


===== Query 1362 =====

SQL: SELECT I_PRICE, I_NAME , I_DATA FROM ITEM WHERE I_ID = 30118

EXPLAIN Plan:

Index Scan using item_pkey on item  (cost=0.29..8.31 rows=1 width=61) (actual time=0.881..0.883 rows=1 loops=1)

  Index Cond: (i_id = 30118)

Planning Time: 0.075 ms

Execution Time: 0.902 ms
Failed SQL 1362: SELECT I_PRICE, I_NAME , I_DATA FROM ITEM WHERE I_ID = 30118
Error Message: Cannot invoke "java.util.List.get(int)" because the return value of "sg.edu.nus.autotune.DB2DATA.getAllIndexes()" is null


===== Query 1363 =====

SQL: SELECT S_QUANTITY, S_DATA, S_DIST_01, S_DIST_02, S_DIST_03, S_DIST_04, S_DIST_05, S_DIST_06, S_DIST_07, S_DIST_08, S_DIST_09, S_DIST_10 FROM STOCK WHERE S_I_ID = 69327 AND S_W_ID = 2

EXPLAIN Plan:

Index Scan using stock_pkey on stock  (cost=0.42..8.44 rows=1 width=291) (actual time=0.861..0.876 rows=1 loops=1)

  Index Cond: ((s_w_id = 2) AND (s_i_id = 69327))

Planning Time: 0.095 ms

Execution Time: 0.901 ms
Failed SQL 1363: SELECT S_QUANTITY, S_DATA, S_DIST_01, S_DIST_02, S_DIST_03, S_DIST_04, S_DIST_05, S_DIST_06, S_DIST_07, S_DIST_08, S_DIST_09, S_DIST_10 FROM STOCK WHERE S_I_ID = 69327 AND S_W_ID = 2
Error Message: Cannot invoke "java.util.List.get(int)" because the return value of "sg.edu.nus.autotune.DB2DATA.getAllIndexes()" is null


===== Query 1364 =====

SQL: SELECT S_QUANTITY, S_DATA, S_DIST_01, S_DIST_02, S_DIST_03, S_DIST_04, S_DIST_05, S_DIST_06, S_DIST_07, S_DIST_08, S_DIST_09, S_DIST_10 FROM STOCK WHERE S_I_ID = 30118 AND S_W_ID = 1

EXPLAIN Plan:

Index Scan using stock_pkey on stock  (cost=0.42..8.44 rows=1 width=291) (actual time=0.908..0.912 rows=1 loops=1)

  Index Cond: ((s_w_id = 1) AND (s_i_id = 30118))

Planning Time: 0.104 ms

Execution Time: 0.937 ms
Failed SQL 1364: SELECT S_QUANTITY, S_DATA, S_DIST_01, S_DIST_02, S_DIST_03, S_DIST_04, S_DIST_05, S_DIST_06, S_DIST_07, S_DIST_08, S_DIST_09, S_DIST_10 FROM STOCK WHERE S_I_ID = 30118 AND S_W_ID = 1
Error Message: Cannot invoke "java.util.List.get(int)" because the return value of "sg.edu.nus.autotune.DB2DATA.getAllIndexes()" is null


===== Query 1365 =====

SQL: UPDATE STOCK SET S_QUANTITY = 34, S_YTD = S_YTD + 2, S_ORDER_CNT = S_ORDER_CNT + 1, S_REMOTE_CNT = S_REMOTE_CNT + 0 WHERE S_I_ID = 69327 AND S_W_ID = 2

EXPLAIN Plan:

Update on stock  (cost=0.42..8.45 rows=0 width=0) (actual time=0.081..0.082 rows=0 loops=1)

  ->  Index Scan using stock_pkey on stock  (cost=0.42..8.45 rows=1 width=32) (actual time=0.035..0.037 rows=1 loops=1)

        Index Cond: ((s_w_id = 2) AND (s_i_id = 69327))

Planning Time: 0.118 ms

Execution Time: 0.110 ms
Failed SQL 1365: UPDATE STOCK SET S_QUANTITY = 34, S_YTD = S_YTD + 2, S_ORDER_CNT = S_ORDER_CNT + 1, S_REMOTE_CNT = S_REMOTE_CNT + 0 WHERE S_I_ID = 69327 AND S_W_ID = 2
Error Message: Cannot invoke "java.util.List.get(int)" because the return value of "sg.edu.nus.autotune.DB2DATA.getAllIndexes()" is null


===== Query 1366 =====

SQL: SELECT I_PRICE, I_NAME , I_DATA FROM ITEM WHERE I_ID = 48742

EXPLAIN Plan:

Index Scan using item_pkey on item  (cost=0.29..8.31 rows=1 width=61) (actual time=0.060..0.062 rows=1 loops=1)

  Index Cond: (i_id = 48742)

Planning Time: 0.092 ms

Execution Time: 0.083 ms
Failed SQL 1366: SELECT I_PRICE, I_NAME , I_DATA FROM ITEM WHERE I_ID = 48742
Error Message: Cannot invoke "java.util.List.get(int)" because the return value of "sg.edu.nus.autotune.DB2DATA.getAllIndexes()" is null


===== Query 1367 =====

SQL: SELECT S_QUANTITY, S_DATA, S_DIST_01, S_DIST_02, S_DIST_03, S_DIST_04, S_DIST_05, S_DIST_06, S_DIST_07, S_DIST_08, S_DIST_09, S_DIST_10 FROM STOCK WHERE S_I_ID = 48742 AND S_W_ID = 2

EXPLAIN Plan:

Index Scan using stock_pkey on stock  (cost=0.42..8.44 rows=1 width=291) (actual time=0.908..0.911 rows=1 loops=1)

  Index Cond: ((s_w_id = 2) AND (s_i_id = 48742))

Planning Time: 0.114 ms

Execution Time: 0.937 ms
Failed SQL 1367: SELECT S_QUANTITY, S_DATA, S_DIST_01, S_DIST_02, S_DIST_03, S_DIST_04, S_DIST_05, S_DIST_06, S_DIST_07, S_DIST_08, S_DIST_09, S_DIST_10 FROM STOCK WHERE S_I_ID = 48742 AND S_W_ID = 2
Error Message: Cannot invoke "java.util.List.get(int)" because the return value of "sg.edu.nus.autotune.DB2DATA.getAllIndexes()" is null


===== Query 1368 =====

SQL: UPDATE STOCK SET S_QUANTITY = 16, S_YTD = S_YTD + 3, S_ORDER_CNT = S_ORDER_CNT + 1, S_REMOTE_CNT = S_REMOTE_CNT + 0 WHERE S_I_ID = 48742 AND S_W_ID = 2

EXPLAIN Plan:

Update on stock  (cost=0.42..8.45 rows=0 width=0) (actual time=0.086..0.087 rows=0 loops=1)

  ->  Index Scan using stock_pkey on stock  (cost=0.42..8.45 rows=1 width=32) (actual time=0.024..0.026 rows=1 loops=1)

        Index Cond: ((s_w_id = 2) AND (s_i_id = 48742))

Planning Time: 0.100 ms

Execution Time: 0.114 ms
Failed SQL 1368: UPDATE STOCK SET S_QUANTITY = 16, S_YTD = S_YTD + 3, S_ORDER_CNT = S_ORDER_CNT + 1, S_REMOTE_CNT = S_REMOTE_CNT + 0 WHERE S_I_ID = 48742 AND S_W_ID = 2
Error Message: Cannot invoke "java.util.List.get(int)" because the return value of "sg.edu.nus.autotune.DB2DATA.getAllIndexes()" is null


===== Query 1369 =====

SQL: SELECT I_PRICE, I_NAME , I_DATA FROM ITEM WHERE I_ID = 10982

EXPLAIN Plan:

Index Scan using item_pkey on item  (cost=0.29..8.31 rows=1 width=61) (actual time=0.047..0.048 rows=1 loops=1)

  Index Cond: (i_id = 10982)

Planning Time: 0.060 ms

Execution Time: 0.061 ms
Failed SQL 1369: SELECT I_PRICE, I_NAME , I_DATA FROM ITEM WHERE I_ID = 10982
Error Message: Cannot invoke "java.util.List.get(int)" because the return value of "sg.edu.nus.autotune.DB2DATA.getAllIndexes()" is null


===== Query 1370 =====

SQL: UPDATE STOCK SET S_QUANTITY = 100, S_YTD = S_YTD + 1, S_ORDER_CNT = S_ORDER_CNT + 1, S_REMOTE_CNT = S_REMOTE_CNT + 0 WHERE S_I_ID = 30118 AND S_W_ID = 1

EXPLAIN Plan:

Update on stock  (cost=0.42..8.45 rows=0 width=0) (actual time=0.074..0.075 rows=0 loops=1)

  ->  Index Scan using stock_pkey on stock  (cost=0.42..8.45 rows=1 width=32) (actual time=0.026..0.028 rows=1 loops=1)

        Index Cond: ((s_w_id = 1) AND (s_i_id = 30118))

Planning Time: 0.101 ms

Execution Time: 0.103 ms
Failed SQL 1370: UPDATE STOCK SET S_QUANTITY = 100, S_YTD = S_YTD + 1, S_ORDER_CNT = S_ORDER_CNT + 1, S_REMOTE_CNT = S_REMOTE_CNT + 0 WHERE S_I_ID = 30118 AND S_W_ID = 1
Error Message: Cannot invoke "java.util.List.get(int)" because the return value of "sg.edu.nus.autotune.DB2DATA.getAllIndexes()" is null


===== Query 1371 =====

SQL: SELECT I_PRICE, I_NAME , I_DATA FROM ITEM WHERE I_ID = 73417

EXPLAIN Plan:

Index Scan using item_pkey on item  (cost=0.29..8.31 rows=1 width=61) (actual time=0.041..0.042 rows=1 loops=1)

  Index Cond: (i_id = 73417)

Planning Time: 0.075 ms

Execution Time: 0.060 ms
Failed SQL 1371: SELECT I_PRICE, I_NAME , I_DATA FROM ITEM WHERE I_ID = 73417
Error Message: Cannot invoke "java.util.List.get(int)" because the return value of "sg.edu.nus.autotune.DB2DATA.getAllIndexes()" is null


===== Query 1372 =====

SQL: SELECT S_QUANTITY, S_DATA, S_DIST_01, S_DIST_02, S_DIST_03, S_DIST_04, S_DIST_05, S_DIST_06, S_DIST_07, S_DIST_08, S_DIST_09, S_DIST_10 FROM STOCK WHERE S_I_ID = 73417 AND S_W_ID = 1

EXPLAIN Plan:

Index Scan using stock_pkey on stock  (cost=0.42..8.44 rows=1 width=291) (actual time=0.843..0.846 rows=1 loops=1)

  Index Cond: ((s_w_id = 1) AND (s_i_id = 73417))

Planning Time: 0.090 ms

Execution Time: 0.869 ms
Failed SQL 1372: SELECT S_QUANTITY, S_DATA, S_DIST_01, S_DIST_02, S_DIST_03, S_DIST_04, S_DIST_05, S_DIST_06, S_DIST_07, S_DIST_08, S_DIST_09, S_DIST_10 FROM STOCK WHERE S_I_ID = 73417 AND S_W_ID = 1
Error Message: Cannot invoke "java.util.List.get(int)" because the return value of "sg.edu.nus.autotune.DB2DATA.getAllIndexes()" is null


===== Query 1373 =====

SQL: UPDATE STOCK SET S_QUANTITY = 84, S_YTD = S_YTD + 6, S_ORDER_CNT = S_ORDER_CNT + 1, S_REMOTE_CNT = S_REMOTE_CNT + 0 WHERE S_I_ID = 73417 AND S_W_ID = 1

EXPLAIN Plan:

Update on stock  (cost=0.42..8.45 rows=0 width=0) (actual time=0.060..0.061 rows=0 loops=1)

  ->  Index Scan using stock_pkey on stock  (cost=0.42..8.45 rows=1 width=32) (actual time=0.024..0.025 rows=1 loops=1)

        Index Cond: ((s_w_id = 1) AND (s_i_id = 73417))

Planning Time: 0.088 ms

Execution Time: 0.086 ms
Failed SQL 1373: UPDATE STOCK SET S_QUANTITY = 84, S_YTD = S_YTD + 6, S_ORDER_CNT = S_ORDER_CNT + 1, S_REMOTE_CNT = S_REMOTE_CNT + 0 WHERE S_I_ID = 73417 AND S_W_ID = 1
Error Message: Cannot invoke "java.util.List.get(int)" because the return value of "sg.edu.nus.autotune.DB2DATA.getAllIndexes()" is null


===== Query 1374 =====

SQL: SELECT I_PRICE, I_NAME , I_DATA FROM ITEM WHERE I_ID = 97855

EXPLAIN Plan:

Index Scan using item_pkey on item  (cost=0.29..8.31 rows=1 width=61) (actual time=0.044..0.045 rows=1 loops=1)

  Index Cond: (i_id = 97855)

Planning Time: 0.047 ms

Execution Time: 0.055 ms
Failed SQL 1374: SELECT I_PRICE, I_NAME , I_DATA FROM ITEM WHERE I_ID = 97855
Error Message: Cannot invoke "java.util.List.get(int)" because the return value of "sg.edu.nus.autotune.DB2DATA.getAllIndexes()" is null


===== Query 1375 =====

SQL: SELECT S_QUANTITY, S_DATA, S_DIST_01, S_DIST_02, S_DIST_03, S_DIST_04, S_DIST_05, S_DIST_06, S_DIST_07, S_DIST_08, S_DIST_09, S_DIST_10 FROM STOCK WHERE S_I_ID = 97855 AND S_W_ID = 1

EXPLAIN Plan:

Index Scan using stock_pkey on stock  (cost=0.42..8.44 rows=1 width=291) (actual time=0.387..0.389 rows=1 loops=1)

  Index Cond: ((s_w_id = 1) AND (s_i_id = 97855))

Planning Time: 0.055 ms

Execution Time: 0.403 ms
Failed SQL 1375: SELECT S_QUANTITY, S_DATA, S_DIST_01, S_DIST_02, S_DIST_03, S_DIST_04, S_DIST_05, S_DIST_06, S_DIST_07, S_DIST_08, S_DIST_09, S_DIST_10 FROM STOCK WHERE S_I_ID = 97855 AND S_W_ID = 1
Error Message: Cannot invoke "java.util.List.get(int)" because the return value of "sg.edu.nus.autotune.DB2DATA.getAllIndexes()" is null


===== Query 1376 =====

SQL: UPDATE STOCK SET S_QUANTITY = 70, S_YTD = S_YTD + 4, S_ORDER_CNT = S_ORDER_CNT + 1, S_REMOTE_CNT = S_REMOTE_CNT + 0 WHERE S_I_ID = 97855 AND S_W_ID = 1

EXPLAIN Plan:

Update on stock  (cost=0.42..8.45 rows=0 width=0) (actual time=0.187..0.188 rows=0 loops=1)

  ->  Index Scan using stock_pkey on stock  (cost=0.42..8.45 rows=1 width=32) (actual time=0.051..0.052 rows=1 loops=1)

        Index Cond: ((s_w_id = 1) AND (s_i_id = 97855))

Planning Time: 0.121 ms

Execution Time: 0.218 ms
Failed SQL 1376: UPDATE STOCK SET S_QUANTITY = 70, S_YTD = S_YTD + 4, S_ORDER_CNT = S_ORDER_CNT + 1, S_REMOTE_CNT = S_REMOTE_CNT + 0 WHERE S_I_ID = 97855 AND S_W_ID = 1
Error Message: Cannot invoke "java.util.List.get(int)" because the return value of "sg.edu.nus.autotune.DB2DATA.getAllIndexes()" is null


===== Query 1377 =====

SQL: SELECT I_PRICE, I_NAME , I_DATA FROM ITEM WHERE I_ID = 73389

EXPLAIN Plan:

Index Scan using item_pkey on item  (cost=0.29..8.31 rows=1 width=61) (actual time=0.069..0.070 rows=1 loops=1)

  Index Cond: (i_id = 73389)

Planning Time: 0.089 ms

Execution Time: 0.090 ms
Failed SQL 1377: SELECT I_PRICE, I_NAME , I_DATA FROM ITEM WHERE I_ID = 73389
Error Message: Cannot invoke "java.util.List.get(int)" because the return value of "sg.edu.nus.autotune.DB2DATA.getAllIndexes()" is null


===== Query 1378 =====

SQL: SELECT S_QUANTITY, S_DATA, S_DIST_01, S_DIST_02, S_DIST_03, S_DIST_04, S_DIST_05, S_DIST_06, S_DIST_07, S_DIST_08, S_DIST_09, S_DIST_10 FROM STOCK WHERE S_I_ID = 73389 AND S_W_ID = 1

EXPLAIN Plan:

Index Scan using stock_pkey on stock  (cost=0.42..8.44 rows=1 width=291) (actual time=0.291..0.293 rows=1 loops=1)

  Index Cond: ((s_w_id = 1) AND (s_i_id = 73389))

Planning Time: 0.092 ms

Execution Time: 0.323 ms
Failed SQL 1378: SELECT S_QUANTITY, S_DATA, S_DIST_01, S_DIST_02, S_DIST_03, S_DIST_04, S_DIST_05, S_DIST_06, S_DIST_07, S_DIST_08, S_DIST_09, S_DIST_10 FROM STOCK WHERE S_I_ID = 73389 AND S_W_ID = 1
Error Message: Cannot invoke "java.util.List.get(int)" because the return value of "sg.edu.nus.autotune.DB2DATA.getAllIndexes()" is null


===== Query 1379 =====

SQL: UPDATE STOCK SET S_QUANTITY = 88, S_YTD = S_YTD + 6, S_ORDER_CNT = S_ORDER_CNT + 1, S_REMOTE_CNT = S_REMOTE_CNT + 0 WHERE S_I_ID = 73389 AND S_W_ID = 1

EXPLAIN Plan:

Update on stock  (cost=0.42..8.45 rows=0 width=0) (actual time=0.111..0.112 rows=0 loops=1)

  ->  Index Scan using stock_pkey on stock  (cost=0.42..8.45 rows=1 width=32) (actual time=0.026..0.027 rows=1 loops=1)

        Index Cond: ((s_w_id = 1) AND (s_i_id = 73389))

Planning Time: 0.108 ms

Execution Time: 0.140 ms
Failed SQL 1379: UPDATE STOCK SET S_QUANTITY = 88, S_YTD = S_YTD + 6, S_ORDER_CNT = S_ORDER_CNT + 1, S_REMOTE_CNT = S_REMOTE_CNT + 0 WHERE S_I_ID = 73389 AND S_W_ID = 1
Error Message: Cannot invoke "java.util.List.get(int)" because the return value of "sg.edu.nus.autotune.DB2DATA.getAllIndexes()" is null


===== Query 1380 =====

SQL: SELECT I_PRICE, I_NAME , I_DATA FROM ITEM WHERE I_ID = 3079

EXPLAIN Plan:

Index Scan using item_pkey on item  (cost=0.29..8.31 rows=1 width=61) (actual time=0.045..0.046 rows=1 loops=1)

  Index Cond: (i_id = 3079)

Planning Time: 0.067 ms

Execution Time: 0.059 ms
Failed SQL 1380: SELECT I_PRICE, I_NAME , I_DATA FROM ITEM WHERE I_ID = 3079
Error Message: Cannot invoke "java.util.List.get(int)" because the return value of "sg.edu.nus.autotune.DB2DATA.getAllIndexes()" is null


===== Query 1381 =====

SQL: SELECT S_QUANTITY, S_DATA, S_DIST_01, S_DIST_02, S_DIST_03, S_DIST_04, S_DIST_05, S_DIST_06, S_DIST_07, S_DIST_08, S_DIST_09, S_DIST_10 FROM STOCK WHERE S_I_ID = 10982 AND S_W_ID = 2

EXPLAIN Plan:

Index Scan using stock_pkey on stock  (cost=0.42..8.44 rows=1 width=291) (actual time=1.063..1.065 rows=1 loops=1)

  Index Cond: ((s_w_id = 2) AND (s_i_id = 10982))

Planning Time: 0.091 ms

Execution Time: 1.086 ms
Failed SQL 1381: SELECT S_QUANTITY, S_DATA, S_DIST_01, S_DIST_02, S_DIST_03, S_DIST_04, S_DIST_05, S_DIST_06, S_DIST_07, S_DIST_08, S_DIST_09, S_DIST_10 FROM STOCK WHERE S_I_ID = 10982 AND S_W_ID = 2
Error Message: Cannot invoke "java.util.List.get(int)" because the return value of "sg.edu.nus.autotune.DB2DATA.getAllIndexes()" is null


===== Query 1382 =====

SQL: SELECT S_QUANTITY, S_DATA, S_DIST_01, S_DIST_02, S_DIST_03, S_DIST_04, S_DIST_05, S_DIST_06, S_DIST_07, S_DIST_08, S_DIST_09, S_DIST_10 FROM STOCK WHERE S_I_ID = 3079 AND S_W_ID = 1

EXPLAIN Plan:

Index Scan using stock_pkey on stock  (cost=0.42..8.44 rows=1 width=291) (actual time=0.958..0.961 rows=1 loops=1)

  Index Cond: ((s_w_id = 1) AND (s_i_id = 3079))

Planning Time: 0.106 ms

Execution Time: 0.986 ms
Failed SQL 1382: SELECT S_QUANTITY, S_DATA, S_DIST_01, S_DIST_02, S_DIST_03, S_DIST_04, S_DIST_05, S_DIST_06, S_DIST_07, S_DIST_08, S_DIST_09, S_DIST_10 FROM STOCK WHERE S_I_ID = 3079 AND S_W_ID = 1
Error Message: Cannot invoke "java.util.List.get(int)" because the return value of "sg.edu.nus.autotune.DB2DATA.getAllIndexes()" is null


===== Query 1383 =====

SQL: UPDATE STOCK SET S_QUANTITY = 29, S_YTD = S_YTD + 2, S_ORDER_CNT = S_ORDER_CNT + 1, S_REMOTE_CNT = S_REMOTE_CNT + 0 WHERE S_I_ID = 3079 AND S_W_ID = 1

EXPLAIN Plan:

Update on stock  (cost=0.42..8.45 rows=0 width=0) (actual time=0.252..0.253 rows=0 loops=1)

  ->  Index Scan using stock_pkey on stock  (cost=0.42..8.45 rows=1 width=32) (actual time=0.025..0.028 rows=1 loops=1)

        Index Cond: ((s_w_id = 1) AND (s_i_id = 3079))

Planning Time: 0.132 ms

Execution Time: 0.286 ms
Failed SQL 1383: UPDATE STOCK SET S_QUANTITY = 29, S_YTD = S_YTD + 2, S_ORDER_CNT = S_ORDER_CNT + 1, S_REMOTE_CNT = S_REMOTE_CNT + 0 WHERE S_I_ID = 3079 AND S_W_ID = 1
Error Message: Cannot invoke "java.util.List.get(int)" because the return value of "sg.edu.nus.autotune.DB2DATA.getAllIndexes()" is null


===== Query 1384 =====

SQL: SELECT I_PRICE, I_NAME , I_DATA FROM ITEM WHERE I_ID = 69317

EXPLAIN Plan:

Index Scan using item_pkey on item  (cost=0.29..8.31 rows=1 width=61) (actual time=0.035..0.036 rows=1 loops=1)

  Index Cond: (i_id = 69317)

Planning Time: 0.103 ms

Execution Time: 0.057 ms
Failed SQL 1384: SELECT I_PRICE, I_NAME , I_DATA FROM ITEM WHERE I_ID = 69317
Error Message: Cannot invoke "java.util.List.get(int)" because the return value of "sg.edu.nus.autotune.DB2DATA.getAllIndexes()" is null


===== Query 1385 =====

SQL: SELECT S_QUANTITY, S_DATA, S_DIST_01, S_DIST_02, S_DIST_03, S_DIST_04, S_DIST_05, S_DIST_06, S_DIST_07, S_DIST_08, S_DIST_09, S_DIST_10 FROM STOCK WHERE S_I_ID = 69317 AND S_W_ID = 1

EXPLAIN Plan:

Index Scan using stock_pkey on stock  (cost=0.42..8.44 rows=1 width=291) (actual time=0.839..0.841 rows=1 loops=1)

  Index Cond: ((s_w_id = 1) AND (s_i_id = 69317))

Planning Time: 0.090 ms

Execution Time: 0.859 ms
Failed SQL 1385: SELECT S_QUANTITY, S_DATA, S_DIST_01, S_DIST_02, S_DIST_03, S_DIST_04, S_DIST_05, S_DIST_06, S_DIST_07, S_DIST_08, S_DIST_09, S_DIST_10 FROM STOCK WHERE S_I_ID = 69317 AND S_W_ID = 1
Error Message: Cannot invoke "java.util.List.get(int)" because the return value of "sg.edu.nus.autotune.DB2DATA.getAllIndexes()" is null


===== Query 1386 =====

SQL: UPDATE STOCK SET S_QUANTITY = 50, S_YTD = S_YTD + 6, S_ORDER_CNT = S_ORDER_CNT + 1, S_REMOTE_CNT = S_REMOTE_CNT + 0 WHERE S_I_ID = 69317 AND S_W_ID = 1

EXPLAIN Plan:

Update on stock  (cost=0.42..8.45 rows=0 width=0) (actual time=0.080..0.081 rows=0 loops=1)

  ->  Index Scan using stock_pkey on stock  (cost=0.42..8.45 rows=1 width=32) (actual time=0.034..0.036 rows=1 loops=1)

        Index Cond: ((s_w_id = 1) AND (s_i_id = 69317))

Planning Time: 0.121 ms

Execution Time: 0.113 ms
Failed SQL 1386: UPDATE STOCK SET S_QUANTITY = 50, S_YTD = S_YTD + 6, S_ORDER_CNT = S_ORDER_CNT + 1, S_REMOTE_CNT = S_REMOTE_CNT + 0 WHERE S_I_ID = 69317 AND S_W_ID = 1
Error Message: Cannot invoke "java.util.List.get(int)" because the return value of "sg.edu.nus.autotune.DB2DATA.getAllIndexes()" is null


===== Query 1387 =====

SQL: SELECT C_DISCOUNT, C_LAST, C_CREDIT, W_TAX FROM CUSTOMER, WAREHOUSE WHERE W_ID = 1 AND C_W_ID = 1 AND C_D_ID = 4 AND C_ID = 2307

EXPLAIN Plan:

Nested Loop  (cost=4.56..16.61 rows=1 width=26) (actual time=0.110..0.112 rows=1 loops=1)

  ->  Index Scan using customer_pkey on customer  (cost=0.42..8.44 rows=1 width=21) (actual time=0.071..0.072 rows=1 loops=1)

        Index Cond: ((c_w_id = 1) AND (c_d_id = 4) AND (c_id = 2307))

  ->  Bitmap Heap Scan on warehouse  (cost=4.14..8.15 rows=1 width=5) (actual time=0.030..0.030 rows=1 loops=1)

        Recheck Cond: (w_id = 1)

        Heap Blocks: exact=1

        ->  Bitmap Index Scan on warehouse_pkey  (cost=0.00..4.14 rows=1 width=0) (actual time=0.013..0.013 rows=1 loops=1)

              Index Cond: (w_id = 1)

Planning Time: 0.137 ms

Execution Time: 0.154 ms
Failed SQL 1387: SELECT C_DISCOUNT, C_LAST, C_CREDIT, W_TAX FROM CUSTOMER, WAREHOUSE WHERE W_ID = 1 AND C_W_ID = 1 AND C_D_ID = 4 AND C_ID = 2307
Error Message: Cannot invoke "java.util.List.get(int)" because the return value of "sg.edu.nus.autotune.DB2DATA.getAllIndexes()" is null


===== Query 1388 =====

SQL: UPDATE STOCK SET S_QUANTITY = 39, S_YTD = S_YTD + 4, S_ORDER_CNT = S_ORDER_CNT + 1, S_REMOTE_CNT = S_REMOTE_CNT + 0 WHERE S_I_ID = 10982 AND S_W_ID = 2

EXPLAIN Plan:

Update on stock  (cost=0.42..8.45 rows=0 width=0) (actual time=0.097..0.098 rows=0 loops=1)

  ->  Index Scan using stock_pkey on stock  (cost=0.42..8.45 rows=1 width=32) (actual time=0.026..0.028 rows=1 loops=1)

        Index Cond: ((s_w_id = 2) AND (s_i_id = 10982))

Planning Time: 0.097 ms

Execution Time: 0.124 ms
Failed SQL 1388: UPDATE STOCK SET S_QUANTITY = 39, S_YTD = S_YTD + 4, S_ORDER_CNT = S_ORDER_CNT + 1, S_REMOTE_CNT = S_REMOTE_CNT + 0 WHERE S_I_ID = 10982 AND S_W_ID = 2
Error Message: Cannot invoke "java.util.List.get(int)" because the return value of "sg.edu.nus.autotune.DB2DATA.getAllIndexes()" is null


===== Query 1389 =====

SQL: SELECT I_PRICE, I_NAME , I_DATA FROM ITEM WHERE I_ID = 40663

EXPLAIN Plan:

Index Scan using item_pkey on item  (cost=0.29..8.31 rows=1 width=61) (actual time=0.039..0.039 rows=1 loops=1)

  Index Cond: (i_id = 40663)

Planning Time: 0.049 ms

Execution Time: 0.050 ms
Failed SQL 1389: SELECT I_PRICE, I_NAME , I_DATA FROM ITEM WHERE I_ID = 40663
Error Message: Cannot invoke "java.util.List.get(int)" because the return value of "sg.edu.nus.autotune.DB2DATA.getAllIndexes()" is null


===== Query 1390 =====

SQL: SELECT S_QUANTITY, S_DATA, S_DIST_01, S_DIST_02, S_DIST_03, S_DIST_04, S_DIST_05, S_DIST_06, S_DIST_07, S_DIST_08, S_DIST_09, S_DIST_10 FROM STOCK WHERE S_I_ID = 40663 AND S_W_ID = 2

EXPLAIN Plan:

Index Scan using stock_pkey on stock  (cost=0.42..8.44 rows=1 width=291) (actual time=0.749..0.750 rows=1 loops=1)

  Index Cond: ((s_w_id = 2) AND (s_i_id = 40663))

Planning Time: 0.052 ms

Execution Time: 0.763 ms
Failed SQL 1390: SELECT S_QUANTITY, S_DATA, S_DIST_01, S_DIST_02, S_DIST_03, S_DIST_04, S_DIST_05, S_DIST_06, S_DIST_07, S_DIST_08, S_DIST_09, S_DIST_10 FROM STOCK WHERE S_I_ID = 40663 AND S_W_ID = 2
Error Message: Cannot invoke "java.util.List.get(int)" because the return value of "sg.edu.nus.autotune.DB2DATA.getAllIndexes()" is null


===== Query 1391 =====

SQL: UPDATE STOCK SET S_QUANTITY = 86, S_YTD = S_YTD + 9, S_ORDER_CNT = S_ORDER_CNT + 1, S_REMOTE_CNT = S_REMOTE_CNT + 0 WHERE S_I_ID = 40663 AND S_W_ID = 2

EXPLAIN Plan:

Update on stock  (cost=0.42..8.45 rows=0 width=0) (actual time=0.066..0.067 rows=0 loops=1)

  ->  Index Scan using stock_pkey on stock  (cost=0.42..8.45 rows=1 width=32) (actual time=0.023..0.024 rows=1 loops=1)

        Index Cond: ((s_w_id = 2) AND (s_i_id = 40663))

Planning Time: 0.082 ms

Execution Time: 0.084 ms
Failed SQL 1391: UPDATE STOCK SET S_QUANTITY = 86, S_YTD = S_YTD + 9, S_ORDER_CNT = S_ORDER_CNT + 1, S_REMOTE_CNT = S_REMOTE_CNT + 0 WHERE S_I_ID = 40663 AND S_W_ID = 2
Error Message: Cannot invoke "java.util.List.get(int)" because the return value of "sg.edu.nus.autotune.DB2DATA.getAllIndexes()" is null


===== Query 1392 =====

SQL: SELECT I_PRICE, I_NAME , I_DATA FROM ITEM WHERE I_ID = 45143

EXPLAIN Plan:

Index Scan using item_pkey on item  (cost=0.29..8.31 rows=1 width=61) (actual time=2.019..2.022 rows=1 loops=1)

  Index Cond: (i_id = 45143)

Planning Time: 0.087 ms

Execution Time: 2.044 ms
Failed SQL 1392: SELECT I_PRICE, I_NAME , I_DATA FROM ITEM WHERE I_ID = 45143
Error Message: Cannot invoke "java.util.List.get(int)" because the return value of "sg.edu.nus.autotune.DB2DATA.getAllIndexes()" is null


===== Query 1393 =====

SQL: SELECT D_NEXT_O_ID, D_TAX FROM DISTRICT WHERE D_W_ID = 1 AND D_ID = 4

EXPLAIN Plan:

Bitmap Heap Scan on district  (cost=4.28..11.66 rows=2 width=9) (actual time=0.042..0.043 rows=1 loops=1)

  Recheck Cond: ((d_w_id = 1) AND (d_id = 4))

  Heap Blocks: exact=1

  ->  Bitmap Index Scan on district_pkey  (cost=0.00..4.28 rows=2 width=0) (actual time=0.025..0.025 rows=1 loops=1)

        Index Cond: ((d_w_id = 1) AND (d_id = 4))

Planning Time: 0.080 ms

Execution Time: 0.069 ms
Failed SQL 1393: SELECT D_NEXT_O_ID, D_TAX FROM DISTRICT WHERE D_W_ID = 1 AND D_ID = 4
Error Message: Cannot invoke "java.util.List.get(int)" because the return value of "sg.edu.nus.autotune.DB2DATA.getAllIndexes()" is null


===== Query 1394 =====

SQL: SELECT S_QUANTITY, S_DATA, S_DIST_01, S_DIST_02, S_DIST_03, S_DIST_04, S_DIST_05, S_DIST_06, S_DIST_07, S_DIST_08, S_DIST_09, S_DIST_10 FROM STOCK WHERE S_I_ID = 45143 AND S_W_ID = 2

EXPLAIN Plan:

Index Scan using stock_pkey on stock  (cost=0.42..8.44 rows=1 width=291) (actual time=1.095..1.098 rows=1 loops=1)

  Index Cond: ((s_w_id = 2) AND (s_i_id = 45143))

Planning Time: 0.119 ms

Execution Time: 1.124 ms
Failed SQL 1394: SELECT S_QUANTITY, S_DATA, S_DIST_01, S_DIST_02, S_DIST_03, S_DIST_04, S_DIST_05, S_DIST_06, S_DIST_07, S_DIST_08, S_DIST_09, S_DIST_10 FROM STOCK WHERE S_I_ID = 45143 AND S_W_ID = 2
Error Message: Cannot invoke "java.util.List.get(int)" because the return value of "sg.edu.nus.autotune.DB2DATA.getAllIndexes()" is null


===== Query 1395 =====

SQL: UPDATE DISTRICT SET D_NEXT_O_ID = D_NEXT_O_ID + 1 WHERE D_W_ID = 1 AND D_ID = 4

EXPLAIN Plan:

Update on district  (cost=4.28..11.67 rows=0 width=0) (actual time=0.085..0.085 rows=0 loops=1)

  ->  Bitmap Heap Scan on district  (cost=4.28..11.67 rows=2 width=10) (actual time=0.019..0.020 rows=1 loops=1)

        Recheck Cond: ((d_w_id = 1) AND (d_id = 4))

        Heap Blocks: exact=1

        ->  Bitmap Index Scan on district_pkey  (cost=0.00..4.28 rows=2 width=0) (actual time=0.011..0.011 rows=1 loops=1)

              Index Cond: ((d_w_id = 1) AND (d_id = 4))

Planning Time: 0.091 ms

Execution Time: 0.119 ms
Failed SQL 1395: UPDATE DISTRICT SET D_NEXT_O_ID = D_NEXT_O_ID + 1 WHERE D_W_ID = 1 AND D_ID = 4
Error Message: Cannot invoke "java.util.List.get(int)" because the return value of "sg.edu.nus.autotune.DB2DATA.getAllIndexes()" is null


===== Query 1396 =====

SQL: SELECT I_PRICE, I_NAME , I_DATA FROM ITEM WHERE I_ID = 40662

EXPLAIN Plan:

Index Scan using item_pkey on item  (cost=0.29..8.31 rows=1 width=61) (actual time=0.032..0.033 rows=1 loops=1)

  Index Cond: (i_id = 40662)

Planning Time: 0.092 ms

Execution Time: 0.054 ms
Failed SQL 1396: SELECT I_PRICE, I_NAME , I_DATA FROM ITEM WHERE I_ID = 40662
Error Message: Cannot invoke "java.util.List.get(int)" because the return value of "sg.edu.nus.autotune.DB2DATA.getAllIndexes()" is null


===== Query 1397 =====

SQL: SELECT S_QUANTITY, S_DATA, S_DIST_01, S_DIST_02, S_DIST_03, S_DIST_04, S_DIST_05, S_DIST_06, S_DIST_07, S_DIST_08, S_DIST_09, S_DIST_10 FROM STOCK WHERE S_I_ID = 40662 AND S_W_ID = 1

EXPLAIN Plan:

Index Scan using stock_pkey on stock  (cost=0.42..8.44 rows=1 width=291) (actual time=0.904..0.907 rows=1 loops=1)

  Index Cond: ((s_w_id = 1) AND (s_i_id = 40662))

Planning Time: 0.112 ms

Execution Time: 0.933 ms
Failed SQL 1397: SELECT S_QUANTITY, S_DATA, S_DIST_01, S_DIST_02, S_DIST_03, S_DIST_04, S_DIST_05, S_DIST_06, S_DIST_07, S_DIST_08, S_DIST_09, S_DIST_10 FROM STOCK WHERE S_I_ID = 40662 AND S_W_ID = 1
Error Message: Cannot invoke "java.util.List.get(int)" because the return value of "sg.edu.nus.autotune.DB2DATA.getAllIndexes()" is null


===== Query 1398 =====

SQL: UPDATE STOCK SET S_QUANTITY = 51, S_YTD = S_YTD + 5, S_ORDER_CNT = S_ORDER_CNT + 1, S_REMOTE_CNT = S_REMOTE_CNT + 0 WHERE S_I_ID = 40662 AND S_W_ID = 1

EXPLAIN Plan:

Update on stock  (cost=0.42..8.45 rows=0 width=0) (actual time=0.073..0.073 rows=0 loops=1)

  ->  Index Scan using stock_pkey on stock  (cost=0.42..8.45 rows=1 width=32) (actual time=0.017..0.018 rows=1 loops=1)

        Index Cond: ((s_w_id = 1) AND (s_i_id = 40662))

Planning Time: 0.075 ms

Execution Time: 0.090 ms
Failed SQL 1398: UPDATE STOCK SET S_QUANTITY = 51, S_YTD = S_YTD + 5, S_ORDER_CNT = S_ORDER_CNT + 1, S_REMOTE_CNT = S_REMOTE_CNT + 0 WHERE S_I_ID = 40662 AND S_W_ID = 1
Error Message: Cannot invoke "java.util.List.get(int)" because the return value of "sg.edu.nus.autotune.DB2DATA.getAllIndexes()" is null


===== Query 1399 =====

SQL: SELECT I_PRICE, I_NAME , I_DATA FROM ITEM WHERE I_ID = 61279

EXPLAIN Plan:

Index Scan using item_pkey on item  (cost=0.29..8.31 rows=1 width=61) (actual time=0.917..0.920 rows=1 loops=1)

  Index Cond: (i_id = 61279)

Planning Time: 0.089 ms

Execution Time: 0.942 ms
Failed SQL 1399: SELECT I_PRICE, I_NAME , I_DATA FROM ITEM WHERE I_ID = 61279
Error Message: Cannot invoke "java.util.List.get(int)" because the return value of "sg.edu.nus.autotune.DB2DATA.getAllIndexes()" is null


===== Query 1400 =====

SQL: UPDATE STOCK SET S_QUANTITY = 22, S_YTD = S_YTD + 8, S_ORDER_CNT = S_ORDER_CNT + 1, S_REMOTE_CNT = S_REMOTE_CNT + 0 WHERE S_I_ID = 45143 AND S_W_ID = 2

EXPLAIN Plan:

Update on stock  (cost=0.42..8.45 rows=0 width=0) (actual time=0.135..0.136 rows=0 loops=1)

  ->  Index Scan using stock_pkey on stock  (cost=0.42..8.45 rows=1 width=32) (actual time=0.041..0.043 rows=1 loops=1)

        Index Cond: ((s_w_id = 2) AND (s_i_id = 45143))

Planning Time: 0.121 ms

Execution Time: 0.167 ms
Failed SQL 1400: UPDATE STOCK SET S_QUANTITY = 22, S_YTD = S_YTD + 8, S_ORDER_CNT = S_ORDER_CNT + 1, S_REMOTE_CNT = S_REMOTE_CNT + 0 WHERE S_I_ID = 45143 AND S_W_ID = 2
Error Message: Cannot invoke "java.util.List.get(int)" because the return value of "sg.edu.nus.autotune.DB2DATA.getAllIndexes()" is null


===== Query 1401 =====

SQL: SELECT I_PRICE, I_NAME , I_DATA FROM ITEM WHERE I_ID = 81575

EXPLAIN Plan:

Index Scan using item_pkey on item  (cost=0.29..8.31 rows=1 width=61) (actual time=0.049..0.051 rows=1 loops=1)

  Index Cond: (i_id = 81575)

Planning Time: 0.067 ms

Execution Time: 0.065 ms
Failed SQL 1401: SELECT I_PRICE, I_NAME , I_DATA FROM ITEM WHERE I_ID = 81575
Error Message: Cannot invoke "java.util.List.get(int)" because the return value of "sg.edu.nus.autotune.DB2DATA.getAllIndexes()" is null


===== Query 1402 =====

SQL: SELECT S_QUANTITY, S_DATA, S_DIST_01, S_DIST_02, S_DIST_03, S_DIST_04, S_DIST_05, S_DIST_06, S_DIST_07, S_DIST_08, S_DIST_09, S_DIST_10 FROM STOCK WHERE S_I_ID = 81575 AND S_W_ID = 2

EXPLAIN Plan:

Index Scan using stock_pkey on stock  (cost=0.42..8.44 rows=1 width=291) (actual time=0.069..0.071 rows=1 loops=1)

  Index Cond: ((s_w_id = 2) AND (s_i_id = 81575))

Planning Time: 0.101 ms

Execution Time: 0.094 ms
Failed SQL 1402: SELECT S_QUANTITY, S_DATA, S_DIST_01, S_DIST_02, S_DIST_03, S_DIST_04, S_DIST_05, S_DIST_06, S_DIST_07, S_DIST_08, S_DIST_09, S_DIST_10 FROM STOCK WHERE S_I_ID = 81575 AND S_W_ID = 2
Error Message: Cannot invoke "java.util.List.get(int)" because the return value of "sg.edu.nus.autotune.DB2DATA.getAllIndexes()" is null


===== Query 1403 =====

SQL: UPDATE STOCK SET S_QUANTITY = 67, S_YTD = S_YTD + 5, S_ORDER_CNT = S_ORDER_CNT + 1, S_REMOTE_CNT = S_REMOTE_CNT + 0 WHERE S_I_ID = 81575 AND S_W_ID = 2

EXPLAIN Plan:

Update on stock  (cost=0.42..8.45 rows=0 width=0) (actual time=0.101..0.101 rows=0 loops=1)

  ->  Index Scan using stock_pkey on stock  (cost=0.42..8.45 rows=1 width=32) (actual time=0.024..0.025 rows=1 loops=1)

        Index Cond: ((s_w_id = 2) AND (s_i_id = 81575))

Planning Time: 0.105 ms

Execution Time: 0.129 ms
Failed SQL 1403: UPDATE STOCK SET S_QUANTITY = 67, S_YTD = S_YTD + 5, S_ORDER_CNT = S_ORDER_CNT + 1, S_REMOTE_CNT = S_REMOTE_CNT + 0 WHERE S_I_ID = 81575 AND S_W_ID = 2
Error Message: Cannot invoke "java.util.List.get(int)" because the return value of "sg.edu.nus.autotune.DB2DATA.getAllIndexes()" is null


===== Query 1404 =====

SQL: SELECT I_PRICE, I_NAME , I_DATA FROM ITEM WHERE I_ID = 40518

EXPLAIN Plan:

Index Scan using item_pkey on item  (cost=0.29..8.31 rows=1 width=61) (actual time=0.064..0.066 rows=1 loops=1)

  Index Cond: (i_id = 40518)

Planning Time: 0.076 ms

Execution Time: 0.083 ms
Failed SQL 1404: SELECT I_PRICE, I_NAME , I_DATA FROM ITEM WHERE I_ID = 40518
Error Message: Cannot invoke "java.util.List.get(int)" because the return value of "sg.edu.nus.autotune.DB2DATA.getAllIndexes()" is null


===== Query 1405 =====

SQL: SELECT S_QUANTITY, S_DATA, S_DIST_01, S_DIST_02, S_DIST_03, S_DIST_04, S_DIST_05, S_DIST_06, S_DIST_07, S_DIST_08, S_DIST_09, S_DIST_10 FROM STOCK WHERE S_I_ID = 40518 AND S_W_ID = 2

EXPLAIN Plan:

Index Scan using stock_pkey on stock  (cost=0.42..8.44 rows=1 width=291) (actual time=0.085..0.087 rows=1 loops=1)

  Index Cond: ((s_w_id = 2) AND (s_i_id = 40518))

Planning Time: 0.104 ms

Execution Time: 0.111 ms
Failed SQL 1405: SELECT S_QUANTITY, S_DATA, S_DIST_01, S_DIST_02, S_DIST_03, S_DIST_04, S_DIST_05, S_DIST_06, S_DIST_07, S_DIST_08, S_DIST_09, S_DIST_10 FROM STOCK WHERE S_I_ID = 40518 AND S_W_ID = 2
Error Message: Cannot invoke "java.util.List.get(int)" because the return value of "sg.edu.nus.autotune.DB2DATA.getAllIndexes()" is null


===== Query 1406 =====

SQL: UPDATE STOCK SET S_QUANTITY = 83, S_YTD = S_YTD + 7, S_ORDER_CNT = S_ORDER_CNT + 1, S_REMOTE_CNT = S_REMOTE_CNT + 0 WHERE S_I_ID = 40518 AND S_W_ID = 2

EXPLAIN Plan:

Update on stock  (cost=0.42..8.45 rows=0 width=0) (actual time=0.095..0.095 rows=0 loops=1)

  ->  Index Scan using stock_pkey on stock  (cost=0.42..8.45 rows=1 width=32) (actual time=0.045..0.046 rows=1 loops=1)

        Index Cond: ((s_w_id = 2) AND (s_i_id = 40518))

Planning Time: 0.103 ms

Execution Time: 0.115 ms
Failed SQL 1406: UPDATE STOCK SET S_QUANTITY = 83, S_YTD = S_YTD + 7, S_ORDER_CNT = S_ORDER_CNT + 1, S_REMOTE_CNT = S_REMOTE_CNT + 0 WHERE S_I_ID = 40518 AND S_W_ID = 2
Error Message: Cannot invoke "java.util.List.get(int)" because the return value of "sg.edu.nus.autotune.DB2DATA.getAllIndexes()" is null


===== Query 1407 =====

SQL: SELECT I_PRICE, I_NAME , I_DATA FROM ITEM WHERE I_ID = 48295

EXPLAIN Plan:

Index Scan using item_pkey on item  (cost=0.29..8.31 rows=1 width=61) (actual time=20.866..20.870 rows=1 loops=1)

  Index Cond: (i_id = 48295)

Planning Time: 0.063 ms

Execution Time: 20.890 ms
Failed SQL 1407: SELECT I_PRICE, I_NAME , I_DATA FROM ITEM WHERE I_ID = 48295
Error Message: Cannot invoke "java.util.List.get(int)" because the return value of "sg.edu.nus.autotune.DB2DATA.getAllIndexes()" is null


===== Query 1408 =====

SQL: SELECT S_QUANTITY, S_DATA, S_DIST_01, S_DIST_02, S_DIST_03, S_DIST_04, S_DIST_05, S_DIST_06, S_DIST_07, S_DIST_08, S_DIST_09, S_DIST_10 FROM STOCK WHERE S_I_ID = 48295 AND S_W_ID = 2

EXPLAIN Plan:

Index Scan using stock_pkey on stock  (cost=0.42..8.44 rows=1 width=291) (actual time=0.056..0.057 rows=1 loops=1)

  Index Cond: ((s_w_id = 2) AND (s_i_id = 48295))

Planning Time: 0.094 ms

Execution Time: 0.104 ms
Failed SQL 1408: SELECT S_QUANTITY, S_DATA, S_DIST_01, S_DIST_02, S_DIST_03, S_DIST_04, S_DIST_05, S_DIST_06, S_DIST_07, S_DIST_08, S_DIST_09, S_DIST_10 FROM STOCK WHERE S_I_ID = 48295 AND S_W_ID = 2
Error Message: Cannot invoke "java.util.List.get(int)" because the return value of "sg.edu.nus.autotune.DB2DATA.getAllIndexes()" is null


===== Query 1409 =====

SQL: SELECT S_QUANTITY, S_DATA, S_DIST_01, S_DIST_02, S_DIST_03, S_DIST_04, S_DIST_05, S_DIST_06, S_DIST_07, S_DIST_08, S_DIST_09, S_DIST_10 FROM STOCK WHERE S_I_ID = 61279 AND S_W_ID = 1

EXPLAIN Plan:

Index Scan using stock_pkey on stock  (cost=0.42..8.44 rows=1 width=291) (actual time=0.899..0.902 rows=1 loops=1)

  Index Cond: ((s_w_id = 1) AND (s_i_id = 61279))

Planning Time: 0.090 ms

Execution Time: 0.925 ms
Failed SQL 1409: SELECT S_QUANTITY, S_DATA, S_DIST_01, S_DIST_02, S_DIST_03, S_DIST_04, S_DIST_05, S_DIST_06, S_DIST_07, S_DIST_08, S_DIST_09, S_DIST_10 FROM STOCK WHERE S_I_ID = 61279 AND S_W_ID = 1
Error Message: Cannot invoke "java.util.List.get(int)" because the return value of "sg.edu.nus.autotune.DB2DATA.getAllIndexes()" is null


===== Query 1410 =====

SQL: UPDATE STOCK SET S_QUANTITY = 47, S_YTD = S_YTD + 5, S_ORDER_CNT = S_ORDER_CNT + 1, S_REMOTE_CNT = S_REMOTE_CNT + 0 WHERE S_I_ID = 48295 AND S_W_ID = 2

EXPLAIN Plan:

Update on stock  (cost=0.42..8.45 rows=0 width=0) (actual time=0.107..0.108 rows=0 loops=1)

  ->  Index Scan using stock_pkey on stock  (cost=0.42..8.45 rows=1 width=32) (actual time=0.032..0.033 rows=1 loops=1)

        Index Cond: ((s_w_id = 2) AND (s_i_id = 48295))

Planning Time: 0.118 ms

Execution Time: 0.136 ms
Failed SQL 1410: UPDATE STOCK SET S_QUANTITY = 47, S_YTD = S_YTD + 5, S_ORDER_CNT = S_ORDER_CNT + 1, S_REMOTE_CNT = S_REMOTE_CNT + 0 WHERE S_I_ID = 48295 AND S_W_ID = 2
Error Message: Cannot invoke "java.util.List.get(int)" because the return value of "sg.edu.nus.autotune.DB2DATA.getAllIndexes()" is null


===== Query 1411 =====

SQL: SELECT I_PRICE, I_NAME , I_DATA FROM ITEM WHERE I_ID = 39430

EXPLAIN Plan:

Index Scan using item_pkey on item  (cost=0.29..8.31 rows=1 width=61) (actual time=1.230..1.232 rows=1 loops=1)

  Index Cond: (i_id = 39430)

Planning Time: 0.073 ms

Execution Time: 1.251 ms
Failed SQL 1411: SELECT I_PRICE, I_NAME , I_DATA FROM ITEM WHERE I_ID = 39430
Error Message: Cannot invoke "java.util.List.get(int)" because the return value of "sg.edu.nus.autotune.DB2DATA.getAllIndexes()" is null


===== Query 1412 =====

SQL: UPDATE STOCK SET S_QUANTITY = 85, S_YTD = S_YTD + 2, S_ORDER_CNT = S_ORDER_CNT + 1, S_REMOTE_CNT = S_REMOTE_CNT + 0 WHERE S_I_ID = 61279 AND S_W_ID = 1

EXPLAIN Plan:

Update on stock  (cost=0.42..8.45 rows=0 width=0) (actual time=0.076..0.076 rows=0 loops=1)

  ->  Index Scan using stock_pkey on stock  (cost=0.42..8.45 rows=1 width=32) (actual time=0.019..0.020 rows=1 loops=1)

        Index Cond: ((s_w_id = 1) AND (s_i_id = 61279))

Planning Time: 0.084 ms

Execution Time: 0.097 ms
Failed SQL 1412: UPDATE STOCK SET S_QUANTITY = 85, S_YTD = S_YTD + 2, S_ORDER_CNT = S_ORDER_CNT + 1, S_REMOTE_CNT = S_REMOTE_CNT + 0 WHERE S_I_ID = 61279 AND S_W_ID = 1
Error Message: Cannot invoke "java.util.List.get(int)" because the return value of "sg.edu.nus.autotune.DB2DATA.getAllIndexes()" is null


===== Query 1413 =====

SQL: SELECT I_PRICE, I_NAME , I_DATA FROM ITEM WHERE I_ID = 48293

EXPLAIN Plan:

Index Scan using item_pkey on item  (cost=0.29..8.31 rows=1 width=61) (actual time=0.020..0.022 rows=1 loops=1)

  Index Cond: (i_id = 48293)

Planning Time: 0.072 ms

Execution Time: 0.039 ms
Failed SQL 1413: SELECT I_PRICE, I_NAME , I_DATA FROM ITEM WHERE I_ID = 48293
Error Message: Cannot invoke "java.util.List.get(int)" because the return value of "sg.edu.nus.autotune.DB2DATA.getAllIndexes()" is null


===== Query 1414 =====

SQL: SELECT S_QUANTITY, S_DATA, S_DIST_01, S_DIST_02, S_DIST_03, S_DIST_04, S_DIST_05, S_DIST_06, S_DIST_07, S_DIST_08, S_DIST_09, S_DIST_10 FROM STOCK WHERE S_I_ID = 48293 AND S_W_ID = 1

EXPLAIN Plan:

Index Scan using stock_pkey on stock  (cost=0.42..8.44 rows=1 width=291) (actual time=1.059..1.061 rows=1 loops=1)

  Index Cond: ((s_w_id = 1) AND (s_i_id = 48293))

Planning Time: 0.097 ms

Execution Time: 1.084 ms
Failed SQL 1414: SELECT S_QUANTITY, S_DATA, S_DIST_01, S_DIST_02, S_DIST_03, S_DIST_04, S_DIST_05, S_DIST_06, S_DIST_07, S_DIST_08, S_DIST_09, S_DIST_10 FROM STOCK WHERE S_I_ID = 48293 AND S_W_ID = 1
Error Message: Cannot invoke "java.util.List.get(int)" because the return value of "sg.edu.nus.autotune.DB2DATA.getAllIndexes()" is null


===== Query 1415 =====

SQL: SELECT S_QUANTITY, S_DATA, S_DIST_01, S_DIST_02, S_DIST_03, S_DIST_04, S_DIST_05, S_DIST_06, S_DIST_07, S_DIST_08, S_DIST_09, S_DIST_10 FROM STOCK WHERE S_I_ID = 39430 AND S_W_ID = 1

EXPLAIN Plan:

Index Scan using stock_pkey on stock  (cost=0.42..8.44 rows=1 width=291) (actual time=0.515..0.517 rows=1 loops=1)

  Index Cond: ((s_w_id = 1) AND (s_i_id = 39430))

Planning Time: 0.090 ms

Execution Time: 0.539 ms
Failed SQL 1415: SELECT S_QUANTITY, S_DATA, S_DIST_01, S_DIST_02, S_DIST_03, S_DIST_04, S_DIST_05, S_DIST_06, S_DIST_07, S_DIST_08, S_DIST_09, S_DIST_10 FROM STOCK WHERE S_I_ID = 39430 AND S_W_ID = 1
Error Message: Cannot invoke "java.util.List.get(int)" because the return value of "sg.edu.nus.autotune.DB2DATA.getAllIndexes()" is null


===== Query 1416 =====

SQL: UPDATE STOCK SET S_QUANTITY = 25, S_YTD = S_YTD + 10, S_ORDER_CNT = S_ORDER_CNT + 1, S_REMOTE_CNT = S_REMOTE_CNT + 1 WHERE S_I_ID = 39430 AND S_W_ID = 1

EXPLAIN Plan:

Update on stock  (cost=0.42..8.45 rows=0 width=0) (actual time=0.131..0.132 rows=0 loops=1)

  ->  Index Scan using stock_pkey on stock  (cost=0.42..8.45 rows=1 width=32) (actual time=0.035..0.037 rows=1 loops=1)

        Index Cond: ((s_w_id = 1) AND (s_i_id = 39430))

Planning Time: 0.133 ms

Execution Time: 0.165 ms
Failed SQL 1416: UPDATE STOCK SET S_QUANTITY = 25, S_YTD = S_YTD + 10, S_ORDER_CNT = S_ORDER_CNT + 1, S_REMOTE_CNT = S_REMOTE_CNT + 1 WHERE S_I_ID = 39430 AND S_W_ID = 1
Error Message: Cannot invoke "java.util.List.get(int)" because the return value of "sg.edu.nus.autotune.DB2DATA.getAllIndexes()" is null


===== Query 1417 =====

SQL: SELECT I_PRICE, I_NAME , I_DATA FROM ITEM WHERE I_ID = 78807

EXPLAIN Plan:

Index Scan using item_pkey on item  (cost=0.29..8.31 rows=1 width=61) (actual time=1.251..1.256 rows=1 loops=1)

  Index Cond: (i_id = 78807)

Planning Time: 0.096 ms

Execution Time: 1.281 ms
Failed SQL 1417: SELECT I_PRICE, I_NAME , I_DATA FROM ITEM WHERE I_ID = 78807
Error Message: Cannot invoke "java.util.List.get(int)" because the return value of "sg.edu.nus.autotune.DB2DATA.getAllIndexes()" is null


===== Query 1418 =====

SQL: UPDATE STOCK SET S_QUANTITY = 23, S_YTD = S_YTD + 4, S_ORDER_CNT = S_ORDER_CNT + 1, S_REMOTE_CNT = S_REMOTE_CNT + 0 WHERE S_I_ID = 48293 AND S_W_ID = 1

EXPLAIN Plan:

Update on stock  (cost=0.42..8.45 rows=0 width=0) (actual time=0.051..0.051 rows=0 loops=1)

  ->  Index Scan using stock_pkey on stock  (cost=0.42..8.45 rows=1 width=32) (actual time=0.019..0.020 rows=1 loops=1)

        Index Cond: ((s_w_id = 1) AND (s_i_id = 48293))

Planning Time: 0.081 ms

Execution Time: 0.072 ms
Failed SQL 1418: UPDATE STOCK SET S_QUANTITY = 23, S_YTD = S_YTD + 4, S_ORDER_CNT = S_ORDER_CNT + 1, S_REMOTE_CNT = S_REMOTE_CNT + 0 WHERE S_I_ID = 48293 AND S_W_ID = 1
Error Message: Cannot invoke "java.util.List.get(int)" because the return value of "sg.edu.nus.autotune.DB2DATA.getAllIndexes()" is null


===== Query 1419 =====

SQL: SELECT I_PRICE, I_NAME , I_DATA FROM ITEM WHERE I_ID = 31267

EXPLAIN Plan:

Index Scan using item_pkey on item  (cost=0.29..8.31 rows=1 width=61) (actual time=0.050..0.051 rows=1 loops=1)

  Index Cond: (i_id = 31267)

Planning Time: 0.074 ms

Execution Time: 0.069 ms
Failed SQL 1419: SELECT I_PRICE, I_NAME , I_DATA FROM ITEM WHERE I_ID = 31267
Error Message: Cannot invoke "java.util.List.get(int)" because the return value of "sg.edu.nus.autotune.DB2DATA.getAllIndexes()" is null


===== Query 1420 =====

SQL: SELECT S_QUANTITY, S_DATA, S_DIST_01, S_DIST_02, S_DIST_03, S_DIST_04, S_DIST_05, S_DIST_06, S_DIST_07, S_DIST_08, S_DIST_09, S_DIST_10 FROM STOCK WHERE S_I_ID = 31267 AND S_W_ID = 1

EXPLAIN Plan:

Index Scan using stock_pkey on stock  (cost=0.42..8.44 rows=1 width=291) (actual time=0.918..0.921 rows=1 loops=1)

  Index Cond: ((s_w_id = 1) AND (s_i_id = 31267))

Planning Time: 0.094 ms

Execution Time: 0.945 ms
Failed SQL 1420: SELECT S_QUANTITY, S_DATA, S_DIST_01, S_DIST_02, S_DIST_03, S_DIST_04, S_DIST_05, S_DIST_06, S_DIST_07, S_DIST_08, S_DIST_09, S_DIST_10 FROM STOCK WHERE S_I_ID = 31267 AND S_W_ID = 1
Error Message: Cannot invoke "java.util.List.get(int)" because the return value of "sg.edu.nus.autotune.DB2DATA.getAllIndexes()" is null


===== Query 1421 =====

SQL: UPDATE STOCK SET S_QUANTITY = 60, S_YTD = S_YTD + 4, S_ORDER_CNT = S_ORDER_CNT + 1, S_REMOTE_CNT = S_REMOTE_CNT + 0 WHERE S_I_ID = 31267 AND S_W_ID = 1

EXPLAIN Plan:

Update on stock  (cost=0.42..8.45 rows=0 width=0) (actual time=0.086..0.087 rows=0 loops=1)

  ->  Index Scan using stock_pkey on stock  (cost=0.42..8.45 rows=1 width=32) (actual time=0.024..0.025 rows=1 loops=1)

        Index Cond: ((s_w_id = 1) AND (s_i_id = 31267))

Planning Time: 0.099 ms

Execution Time: 0.113 ms
Failed SQL 1421: UPDATE STOCK SET S_QUANTITY = 60, S_YTD = S_YTD + 4, S_ORDER_CNT = S_ORDER_CNT + 1, S_REMOTE_CNT = S_REMOTE_CNT + 0 WHERE S_I_ID = 31267 AND S_W_ID = 1
Error Message: Cannot invoke "java.util.List.get(int)" because the return value of "sg.edu.nus.autotune.DB2DATA.getAllIndexes()" is null


===== Query 1422 =====

SQL: SELECT I_PRICE, I_NAME , I_DATA FROM ITEM WHERE I_ID = 31974

EXPLAIN Plan:

Index Scan using item_pkey on item  (cost=0.29..8.31 rows=1 width=61) (actual time=0.056..0.058 rows=1 loops=1)

  Index Cond: (i_id = 31974)

Planning Time: 0.079 ms

Execution Time: 0.075 ms
Failed SQL 1422: SELECT I_PRICE, I_NAME , I_DATA FROM ITEM WHERE I_ID = 31974
Error Message: Cannot invoke "java.util.List.get(int)" because the return value of "sg.edu.nus.autotune.DB2DATA.getAllIndexes()" is null


===== Query 1423 =====

SQL: SELECT S_QUANTITY, S_DATA, S_DIST_01, S_DIST_02, S_DIST_03, S_DIST_04, S_DIST_05, S_DIST_06, S_DIST_07, S_DIST_08, S_DIST_09, S_DIST_10 FROM STOCK WHERE S_I_ID = 31974 AND S_W_ID = 1

EXPLAIN Plan:

Index Scan using stock_pkey on stock  (cost=0.42..8.44 rows=1 width=291) (actual time=0.907..0.910 rows=1 loops=1)

  Index Cond: ((s_w_id = 1) AND (s_i_id = 31974))

Planning Time: 0.096 ms

Execution Time: 0.933 ms
Failed SQL 1423: SELECT S_QUANTITY, S_DATA, S_DIST_01, S_DIST_02, S_DIST_03, S_DIST_04, S_DIST_05, S_DIST_06, S_DIST_07, S_DIST_08, S_DIST_09, S_DIST_10 FROM STOCK WHERE S_I_ID = 31974 AND S_W_ID = 1
Error Message: Cannot invoke "java.util.List.get(int)" because the return value of "sg.edu.nus.autotune.DB2DATA.getAllIndexes()" is null


===== Query 1424 =====

SQL: UPDATE STOCK SET S_QUANTITY = 82, S_YTD = S_YTD + 5, S_ORDER_CNT = S_ORDER_CNT + 1, S_REMOTE_CNT = S_REMOTE_CNT + 0 WHERE S_I_ID = 31974 AND S_W_ID = 1

EXPLAIN Plan:

Update on stock  (cost=0.42..8.45 rows=0 width=0) (actual time=0.097..0.098 rows=0 loops=1)

  ->  Index Scan using stock_pkey on stock  (cost=0.42..8.45 rows=1 width=32) (actual time=0.024..0.026 rows=1 loops=1)

        Index Cond: ((s_w_id = 1) AND (s_i_id = 31974))

Planning Time: 0.099 ms

Execution Time: 0.137 ms
Failed SQL 1424: UPDATE STOCK SET S_QUANTITY = 82, S_YTD = S_YTD + 5, S_ORDER_CNT = S_ORDER_CNT + 1, S_REMOTE_CNT = S_REMOTE_CNT + 0 WHERE S_I_ID = 31974 AND S_W_ID = 1
Error Message: Cannot invoke "java.util.List.get(int)" because the return value of "sg.edu.nus.autotune.DB2DATA.getAllIndexes()" is null


===== Query 1425 =====

SQL: SELECT I_PRICE, I_NAME , I_DATA FROM ITEM WHERE I_ID = 59043

EXPLAIN Plan:

Index Scan using item_pkey on item  (cost=0.29..8.31 rows=1 width=61) (actual time=0.047..0.049 rows=1 loops=1)

  Index Cond: (i_id = 59043)

Planning Time: 0.075 ms

Execution Time: 0.065 ms
Failed SQL 1425: SELECT I_PRICE, I_NAME , I_DATA FROM ITEM WHERE I_ID = 59043
Error Message: Cannot invoke "java.util.List.get(int)" because the return value of "sg.edu.nus.autotune.DB2DATA.getAllIndexes()" is null


===== Query 1426 =====

SQL: SELECT S_QUANTITY, S_DATA, S_DIST_01, S_DIST_02, S_DIST_03, S_DIST_04, S_DIST_05, S_DIST_06, S_DIST_07, S_DIST_08, S_DIST_09, S_DIST_10 FROM STOCK WHERE S_I_ID = 59043 AND S_W_ID = 1

EXPLAIN Plan:

Index Scan using stock_pkey on stock  (cost=0.42..8.44 rows=1 width=291) (actual time=0.832..0.833 rows=1 loops=1)

  Index Cond: ((s_w_id = 1) AND (s_i_id = 59043))

Planning Time: 0.083 ms

Execution Time: 0.852 ms
Failed SQL 1426: SELECT S_QUANTITY, S_DATA, S_DIST_01, S_DIST_02, S_DIST_03, S_DIST_04, S_DIST_05, S_DIST_06, S_DIST_07, S_DIST_08, S_DIST_09, S_DIST_10 FROM STOCK WHERE S_I_ID = 59043 AND S_W_ID = 1
Error Message: Cannot invoke "java.util.List.get(int)" because the return value of "sg.edu.nus.autotune.DB2DATA.getAllIndexes()" is null


===== Query 1427 =====

SQL: SELECT S_QUANTITY, S_DATA, S_DIST_01, S_DIST_02, S_DIST_03, S_DIST_04, S_DIST_05, S_DIST_06, S_DIST_07, S_DIST_08, S_DIST_09, S_DIST_10 FROM STOCK WHERE S_I_ID = 78807 AND S_W_ID = 2

EXPLAIN Plan:

Index Scan using stock_pkey on stock  (cost=0.42..8.44 rows=1 width=291) (actual time=0.057..0.058 rows=1 loops=1)

  Index Cond: ((s_w_id = 2) AND (s_i_id = 78807))

Planning Time: 0.114 ms

Execution Time: 0.083 ms
Failed SQL 1427: SELECT S_QUANTITY, S_DATA, S_DIST_01, S_DIST_02, S_DIST_03, S_DIST_04, S_DIST_05, S_DIST_06, S_DIST_07, S_DIST_08, S_DIST_09, S_DIST_10 FROM STOCK WHERE S_I_ID = 78807 AND S_W_ID = 2
Error Message: Cannot invoke "java.util.List.get(int)" because the return value of "sg.edu.nus.autotune.DB2DATA.getAllIndexes()" is null


===== Query 1428 =====

SQL: UPDATE STOCK SET S_QUANTITY = 60, S_YTD = S_YTD + 9, S_ORDER_CNT = S_ORDER_CNT + 1, S_REMOTE_CNT = S_REMOTE_CNT + 0 WHERE S_I_ID = 59043 AND S_W_ID = 1

EXPLAIN Plan:

Update on stock  (cost=0.42..8.45 rows=0 width=0) (actual time=0.045..0.045 rows=0 loops=1)

  ->  Index Scan using stock_pkey on stock  (cost=0.42..8.45 rows=1 width=32) (actual time=0.019..0.020 rows=1 loops=1)

        Index Cond: ((s_w_id = 1) AND (s_i_id = 59043))

Planning Time: 0.070 ms

Execution Time: 0.107 ms
Failed SQL 1428: UPDATE STOCK SET S_QUANTITY = 60, S_YTD = S_YTD + 9, S_ORDER_CNT = S_ORDER_CNT + 1, S_REMOTE_CNT = S_REMOTE_CNT + 0 WHERE S_I_ID = 59043 AND S_W_ID = 1
Error Message: Cannot invoke "java.util.List.get(int)" because the return value of "sg.edu.nus.autotune.DB2DATA.getAllIndexes()" is null


===== Query 1429 =====

SQL: SELECT I_PRICE, I_NAME , I_DATA FROM ITEM WHERE I_ID = 29923

EXPLAIN Plan:

Index Scan using item_pkey on item  (cost=0.29..8.31 rows=1 width=61) (actual time=0.952..0.955 rows=1 loops=1)

  Index Cond: (i_id = 29923)

Planning Time: 0.073 ms

Execution Time: 0.975 ms
Failed SQL 1429: SELECT I_PRICE, I_NAME , I_DATA FROM ITEM WHERE I_ID = 29923
Error Message: Cannot invoke "java.util.List.get(int)" because the return value of "sg.edu.nus.autotune.DB2DATA.getAllIndexes()" is null


===== Query 1430 =====

SQL: SELECT S_QUANTITY, S_DATA, S_DIST_01, S_DIST_02, S_DIST_03, S_DIST_04, S_DIST_05, S_DIST_06, S_DIST_07, S_DIST_08, S_DIST_09, S_DIST_10 FROM STOCK WHERE S_I_ID = 29923 AND S_W_ID = 1

EXPLAIN Plan:

Index Scan using stock_pkey on stock  (cost=0.42..8.44 rows=1 width=291) (actual time=0.876..0.878 rows=1 loops=1)

  Index Cond: ((s_w_id = 1) AND (s_i_id = 29923))

Planning Time: 0.093 ms

Execution Time: 0.901 ms
Failed SQL 1430: SELECT S_QUANTITY, S_DATA, S_DIST_01, S_DIST_02, S_DIST_03, S_DIST_04, S_DIST_05, S_DIST_06, S_DIST_07, S_DIST_08, S_DIST_09, S_DIST_10 FROM STOCK WHERE S_I_ID = 29923 AND S_W_ID = 1
Error Message: Cannot invoke "java.util.List.get(int)" because the return value of "sg.edu.nus.autotune.DB2DATA.getAllIndexes()" is null


===== Query 1431 =====

SQL: UPDATE STOCK SET S_QUANTITY = 54, S_YTD = S_YTD + 2, S_ORDER_CNT = S_ORDER_CNT + 1, S_REMOTE_CNT = S_REMOTE_CNT + 0 WHERE S_I_ID = 78807 AND S_W_ID = 2

EXPLAIN Plan:

Update on stock  (cost=0.42..8.45 rows=0 width=0) (actual time=0.111..0.112 rows=0 loops=1)

  ->  Index Scan using stock_pkey on stock  (cost=0.42..8.45 rows=1 width=32) (actual time=0.030..0.032 rows=1 loops=1)

        Index Cond: ((s_w_id = 2) AND (s_i_id = 78807))

Planning Time: 0.120 ms

Execution Time: 0.142 ms
Failed SQL 1431: UPDATE STOCK SET S_QUANTITY = 54, S_YTD = S_YTD + 2, S_ORDER_CNT = S_ORDER_CNT + 1, S_REMOTE_CNT = S_REMOTE_CNT + 0 WHERE S_I_ID = 78807 AND S_W_ID = 2
Error Message: Cannot invoke "java.util.List.get(int)" because the return value of "sg.edu.nus.autotune.DB2DATA.getAllIndexes()" is null


===== Query 1432 =====

SQL: SELECT I_PRICE, I_NAME , I_DATA FROM ITEM WHERE I_ID = 4727

EXPLAIN Plan:

Index Scan using item_pkey on item  (cost=0.29..8.31 rows=1 width=61) (actual time=0.051..0.053 rows=1 loops=1)

  Index Cond: (i_id = 4727)

Planning Time: 0.077 ms

Execution Time: 0.070 ms
Failed SQL 1432: SELECT I_PRICE, I_NAME , I_DATA FROM ITEM WHERE I_ID = 4727
Error Message: Cannot invoke "java.util.List.get(int)" because the return value of "sg.edu.nus.autotune.DB2DATA.getAllIndexes()" is null


===== Query 1433 =====

SQL: UPDATE STOCK SET S_QUANTITY = 42, S_YTD = S_YTD + 9, S_ORDER_CNT = S_ORDER_CNT + 1, S_REMOTE_CNT = S_REMOTE_CNT + 0 WHERE S_I_ID = 29923 AND S_W_ID = 1

EXPLAIN Plan:

Update on stock  (cost=0.42..8.45 rows=0 width=0) (actual time=0.098..0.099 rows=0 loops=1)

  ->  Index Scan using stock_pkey on stock  (cost=0.42..8.45 rows=1 width=32) (actual time=0.028..0.030 rows=1 loops=1)

        Index Cond: ((s_w_id = 1) AND (s_i_id = 29923))

Planning Time: 0.102 ms

Execution Time: 0.126 ms
Failed SQL 1433: UPDATE STOCK SET S_QUANTITY = 42, S_YTD = S_YTD + 9, S_ORDER_CNT = S_ORDER_CNT + 1, S_REMOTE_CNT = S_REMOTE_CNT + 0 WHERE S_I_ID = 29923 AND S_W_ID = 1
Error Message: Cannot invoke "java.util.List.get(int)" because the return value of "sg.edu.nus.autotune.DB2DATA.getAllIndexes()" is null


===== Query 1434 =====

SQL: SELECT I_PRICE, I_NAME , I_DATA FROM ITEM WHERE I_ID = 73191

EXPLAIN Plan:

Index Scan using item_pkey on item  (cost=0.29..8.31 rows=1 width=61) (actual time=0.043..0.044 rows=1 loops=1)

  Index Cond: (i_id = 73191)

Planning Time: 0.074 ms

Execution Time: 0.062 ms
Failed SQL 1434: SELECT I_PRICE, I_NAME , I_DATA FROM ITEM WHERE I_ID = 73191
Error Message: Cannot invoke "java.util.List.get(int)" because the return value of "sg.edu.nus.autotune.DB2DATA.getAllIndexes()" is null


===== Query 1435 =====

SQL: SELECT S_QUANTITY, S_DATA, S_DIST_01, S_DIST_02, S_DIST_03, S_DIST_04, S_DIST_05, S_DIST_06, S_DIST_07, S_DIST_08, S_DIST_09, S_DIST_10 FROM STOCK WHERE S_I_ID = 4727 AND S_W_ID = 2

EXPLAIN Plan:

Index Scan using stock_pkey on stock  (cost=0.42..8.44 rows=1 width=291) (actual time=0.892..0.895 rows=1 loops=1)

  Index Cond: ((s_w_id = 2) AND (s_i_id = 4727))

Planning Time: 0.125 ms

Execution Time: 0.923 ms
Failed SQL 1435: SELECT S_QUANTITY, S_DATA, S_DIST_01, S_DIST_02, S_DIST_03, S_DIST_04, S_DIST_05, S_DIST_06, S_DIST_07, S_DIST_08, S_DIST_09, S_DIST_10 FROM STOCK WHERE S_I_ID = 4727 AND S_W_ID = 2
Error Message: Cannot invoke "java.util.List.get(int)" because the return value of "sg.edu.nus.autotune.DB2DATA.getAllIndexes()" is null


===== Query 1436 =====

SQL: SELECT S_QUANTITY, S_DATA, S_DIST_01, S_DIST_02, S_DIST_03, S_DIST_04, S_DIST_05, S_DIST_06, S_DIST_07, S_DIST_08, S_DIST_09, S_DIST_10 FROM STOCK WHERE S_I_ID = 73191 AND S_W_ID = 1

EXPLAIN Plan:

Index Scan using stock_pkey on stock  (cost=0.42..8.44 rows=1 width=291) (actual time=0.057..0.059 rows=1 loops=1)

  Index Cond: ((s_w_id = 1) AND (s_i_id = 73191))

Planning Time: 0.097 ms

Execution Time: 0.079 ms
Failed SQL 1436: SELECT S_QUANTITY, S_DATA, S_DIST_01, S_DIST_02, S_DIST_03, S_DIST_04, S_DIST_05, S_DIST_06, S_DIST_07, S_DIST_08, S_DIST_09, S_DIST_10 FROM STOCK WHERE S_I_ID = 73191 AND S_W_ID = 1
Error Message: Cannot invoke "java.util.List.get(int)" because the return value of "sg.edu.nus.autotune.DB2DATA.getAllIndexes()" is null


===== Query 1437 =====

SQL: UPDATE STOCK SET S_QUANTITY = 62, S_YTD = S_YTD + 2, S_ORDER_CNT = S_ORDER_CNT + 1, S_REMOTE_CNT = S_REMOTE_CNT + 0 WHERE S_I_ID = 73191 AND S_W_ID = 1

EXPLAIN Plan:

Update on stock  (cost=0.42..8.45 rows=0 width=0) (actual time=0.116..0.117 rows=0 loops=1)

  ->  Index Scan using stock_pkey on stock  (cost=0.42..8.45 rows=1 width=32) (actual time=0.031..0.033 rows=1 loops=1)

        Index Cond: ((s_w_id = 1) AND (s_i_id = 73191))

Planning Time: 0.121 ms

Execution Time: 0.149 ms
Failed SQL 1437: UPDATE STOCK SET S_QUANTITY = 62, S_YTD = S_YTD + 2, S_ORDER_CNT = S_ORDER_CNT + 1, S_REMOTE_CNT = S_REMOTE_CNT + 0 WHERE S_I_ID = 73191 AND S_W_ID = 1
Error Message: Cannot invoke "java.util.List.get(int)" because the return value of "sg.edu.nus.autotune.DB2DATA.getAllIndexes()" is null


===== Query 1438 =====

SQL: SELECT I_PRICE, I_NAME , I_DATA FROM ITEM WHERE I_ID = 79398

EXPLAIN Plan:

Index Scan using item_pkey on item  (cost=0.29..8.31 rows=1 width=61) (actual time=0.867..0.870 rows=1 loops=1)

  Index Cond: (i_id = 79398)

Planning Time: 0.075 ms

Execution Time: 0.889 ms
Failed SQL 1438: SELECT I_PRICE, I_NAME , I_DATA FROM ITEM WHERE I_ID = 79398
Error Message: Cannot invoke "java.util.List.get(int)" because the return value of "sg.edu.nus.autotune.DB2DATA.getAllIndexes()" is null


===== Query 1439 =====

SQL: SELECT S_QUANTITY, S_DATA, S_DIST_01, S_DIST_02, S_DIST_03, S_DIST_04, S_DIST_05, S_DIST_06, S_DIST_07, S_DIST_08, S_DIST_09, S_DIST_10 FROM STOCK WHERE S_I_ID = 79398 AND S_W_ID = 1

EXPLAIN Plan:

Index Scan using stock_pkey on stock  (cost=0.42..8.44 rows=1 width=291) (actual time=0.844..0.847 rows=1 loops=1)

  Index Cond: ((s_w_id = 1) AND (s_i_id = 79398))

Planning Time: 0.095 ms

Execution Time: 0.872 ms
Failed SQL 1439: SELECT S_QUANTITY, S_DATA, S_DIST_01, S_DIST_02, S_DIST_03, S_DIST_04, S_DIST_05, S_DIST_06, S_DIST_07, S_DIST_08, S_DIST_09, S_DIST_10 FROM STOCK WHERE S_I_ID = 79398 AND S_W_ID = 1
Error Message: Cannot invoke "java.util.List.get(int)" because the return value of "sg.edu.nus.autotune.DB2DATA.getAllIndexes()" is null


===== Query 1440 =====

SQL: UPDATE STOCK SET S_QUANTITY = 30, S_YTD = S_YTD + 10, S_ORDER_CNT = S_ORDER_CNT + 1, S_REMOTE_CNT = S_REMOTE_CNT + 0 WHERE S_I_ID = 79398 AND S_W_ID = 1

EXPLAIN Plan:

Update on stock  (cost=0.42..8.45 rows=0 width=0) (actual time=0.066..0.066 rows=0 loops=1)

  ->  Index Scan using stock_pkey on stock  (cost=0.42..8.45 rows=1 width=32) (actual time=0.026..0.028 rows=1 loops=1)

        Index Cond: ((s_w_id = 1) AND (s_i_id = 79398))

Planning Time: 0.104 ms

Execution Time: 0.093 ms
Failed SQL 1440: UPDATE STOCK SET S_QUANTITY = 30, S_YTD = S_YTD + 10, S_ORDER_CNT = S_ORDER_CNT + 1, S_REMOTE_CNT = S_REMOTE_CNT + 0 WHERE S_I_ID = 79398 AND S_W_ID = 1
Error Message: Cannot invoke "java.util.List.get(int)" because the return value of "sg.edu.nus.autotune.DB2DATA.getAllIndexes()" is null


===== Query 1441 =====

SQL: UPDATE WAREHOUSE SET W_YTD = W_YTD + 387.06 WHERE W_ID = 1

EXPLAIN Plan:

Update on warehouse  (cost=4.14..8.16 rows=0 width=0) (actual time=0.082..0.083 rows=0 loops=1)

  ->  Bitmap Heap Scan on warehouse  (cost=4.14..8.16 rows=1 width=22) (actual time=0.022..0.023 rows=1 loops=1)

        Recheck Cond: (w_id = 1)

        Heap Blocks: exact=1

        ->  Bitmap Index Scan on warehouse_pkey  (cost=0.00..4.14 rows=1 width=0) (actual time=0.010..0.010 rows=1 loops=1)

              Index Cond: (w_id = 1)

Planning Time: 0.084 ms

Execution Time: 0.125 ms
Failed SQL 1441: UPDATE WAREHOUSE SET W_YTD = W_YTD + 387.06 WHERE W_ID = 1
Error Message: Cannot invoke "java.util.List.get(int)" because the return value of "sg.edu.nus.autotune.DB2DATA.getAllIndexes()" is null


===== Query 1442 =====

SQL: SELECT W_STREET_1, W_STREET_2, W_CITY, W_STATE, W_ZIP, W_NAME FROM WAREHOUSE WHERE W_ID = 1

EXPLAIN Plan:

Bitmap Heap Scan on warehouse  (cost=4.14..8.15 rows=1 width=65) (actual time=0.023..0.025 rows=1 loops=1)

  Recheck Cond: (w_id = 1)

  Heap Blocks: exact=1

  ->  Bitmap Index Scan on warehouse_pkey  (cost=0.00..4.14 rows=1 width=0) (actual time=0.010..0.011 rows=1 loops=1)

        Index Cond: (w_id = 1)

Planning Time: 0.093 ms

Execution Time: 0.054 ms
Failed SQL 1442: SELECT W_STREET_1, W_STREET_2, W_CITY, W_STATE, W_ZIP, W_NAME FROM WAREHOUSE WHERE W_ID = 1
Error Message: Cannot invoke "java.util.List.get(int)" because the return value of "sg.edu.nus.autotune.DB2DATA.getAllIndexes()" is null


===== Query 1443 =====

SQL: UPDATE DISTRICT SET D_YTD = D_YTD + 387.06 WHERE D_W_ID = 1 AND D_ID = 10

EXPLAIN Plan:

Update on district  (cost=4.28..11.67 rows=0 width=0) (actual time=0.064..0.064 rows=0 loops=1)

  ->  Bitmap Heap Scan on district  (cost=4.28..11.67 rows=2 width=22) (actual time=0.018..0.019 rows=1 loops=1)

        Recheck Cond: ((d_w_id = 1) AND (d_id = 10))

        Heap Blocks: exact=1

        ->  Bitmap Index Scan on district_pkey  (cost=0.00..4.28 rows=2 width=0) (actual time=0.010..0.011 rows=1 loops=1)

              Index Cond: ((d_w_id = 1) AND (d_id = 10))

Planning Time: 0.083 ms

Execution Time: 0.090 ms
Failed SQL 1443: UPDATE DISTRICT SET D_YTD = D_YTD + 387.06 WHERE D_W_ID = 1 AND D_ID = 10
Error Message: Cannot invoke "java.util.List.get(int)" because the return value of "sg.edu.nus.autotune.DB2DATA.getAllIndexes()" is null


===== Query 1444 =====

SQL: SELECT D_STREET_1, D_STREET_2, D_CITY, D_STATE, D_ZIP, D_NAME FROM DISTRICT WHERE D_W_ID = 1 AND D_ID = 10

EXPLAIN Plan:

Bitmap Heap Scan on district  (cost=4.28..11.66 rows=2 width=64) (actual time=0.019..0.020 rows=1 loops=1)

  Recheck Cond: ((d_w_id = 1) AND (d_id = 10))

  Heap Blocks: exact=1

  ->  Bitmap Index Scan on district_pkey  (cost=0.00..4.28 rows=2 width=0) (actual time=0.010..0.010 rows=1 loops=1)

        Index Cond: ((d_w_id = 1) AND (d_id = 10))

Planning Time: 0.083 ms

Execution Time: 0.039 ms
Failed SQL 1444: SELECT D_STREET_1, D_STREET_2, D_CITY, D_STATE, D_ZIP, D_NAME FROM DISTRICT WHERE D_W_ID = 1 AND D_ID = 10
Error Message: Cannot invoke "java.util.List.get(int)" because the return value of "sg.edu.nus.autotune.DB2DATA.getAllIndexes()" is null


===== Query 1445 =====

SQL: SELECT C_FIRST, C_MIDDLE, C_LAST, C_STREET_1, C_STREET_2, C_CITY, C_STATE, C_ZIP, C_PHONE, C_CREDIT, C_CREDIT_LIM, C_DISCOUNT, C_BALANCE, C_YTD_PAYMENT, C_PAYMENT_CNT, C_SINCE FROM CUSTOMER WHERE C_W_ID = 1 AND C_D_ID = 10 AND C_ID = 238

EXPLAIN Plan:

Index Scan using customer_pkey on customer  (cost=0.42..8.44 rows=1 width=140) (actual time=0.125..0.127 rows=1 loops=1)

  Index Cond: ((c_w_id = 1) AND (c_d_id = 10) AND (c_id = 238))

Planning Time: 0.156 ms

Execution Time: 0.153 ms
Failed SQL 1445: SELECT C_FIRST, C_MIDDLE, C_LAST, C_STREET_1, C_STREET_2, C_CITY, C_STATE, C_ZIP, C_PHONE, C_CREDIT, C_CREDIT_LIM, C_DISCOUNT, C_BALANCE, C_YTD_PAYMENT, C_PAYMENT_CNT, C_SINCE FROM CUSTOMER WHERE C_W_ID = 1 AND C_D_ID = 10 AND C_ID = 238
Error Message: Cannot invoke "java.util.List.get(int)" because the return value of "sg.edu.nus.autotune.DB2DATA.getAllIndexes()" is null


===== Query 1446 =====

SQL: UPDATE STOCK SET S_QUANTITY = 97, S_YTD = S_YTD + 9, S_ORDER_CNT = S_ORDER_CNT + 1, S_REMOTE_CNT = S_REMOTE_CNT + 0 WHERE S_I_ID = 4727 AND S_W_ID = 2

EXPLAIN Plan:

Update on stock  (cost=0.42..8.45 rows=0 width=0) (actual time=0.078..0.078 rows=0 loops=1)

  ->  Index Scan using stock_pkey on stock  (cost=0.42..8.45 rows=1 width=32) (actual time=0.023..0.024 rows=1 loops=1)

        Index Cond: ((s_w_id = 2) AND (s_i_id = 4727))

Planning Time: 0.092 ms

Execution Time: 0.099 ms
Failed SQL 1446: UPDATE STOCK SET S_QUANTITY = 97, S_YTD = S_YTD + 9, S_ORDER_CNT = S_ORDER_CNT + 1, S_REMOTE_CNT = S_REMOTE_CNT + 0 WHERE S_I_ID = 4727 AND S_W_ID = 2
Error Message: Cannot invoke "java.util.List.get(int)" because the return value of "sg.edu.nus.autotune.DB2DATA.getAllIndexes()" is null


===== Query 1447 =====

SQL: UPDATE CUSTOMER SET C_BALANCE = -397.06, C_YTD_PAYMENT = 397.06, C_PAYMENT_CNT = 2 WHERE C_W_ID = 1 AND C_D_ID = 10 AND C_ID = 238

EXPLAIN Plan:

Update on customer  (cost=0.42..8.44 rows=0 width=0) (actual time=0.088..0.089 rows=0 loops=1)

  ->  Index Scan using customer_pkey on customer  (cost=0.42..8.44 rows=1 width=34) (actual time=0.026..0.028 rows=1 loops=1)

        Index Cond: ((c_w_id = 1) AND (c_d_id = 10) AND (c_id = 238))

Planning Time: 0.125 ms

Execution Time: 0.117 ms
Failed SQL 1447: UPDATE CUSTOMER SET C_BALANCE = -397.06, C_YTD_PAYMENT = 397.06, C_PAYMENT_CNT = 2 WHERE C_W_ID = 1 AND C_D_ID = 10 AND C_ID = 238
Error Message: Cannot invoke "java.util.List.get(int)" because the return value of "sg.edu.nus.autotune.DB2DATA.getAllIndexes()" is null


===== Query 1448 =====

SQL: UPDATE WAREHOUSE SET W_YTD = W_YTD + 3474.7 WHERE W_ID = 2

EXPLAIN Plan:

Update on warehouse  (cost=4.14..8.16 rows=0 width=0) (actual time=0.052..0.052 rows=0 loops=1)

  ->  Bitmap Heap Scan on warehouse  (cost=4.14..8.16 rows=1 width=22) (actual time=0.021..0.022 rows=1 loops=1)

        Recheck Cond: (w_id = 2)

        Heap Blocks: exact=1

        ->  Bitmap Index Scan on warehouse_pkey  (cost=0.00..4.14 rows=1 width=0) (actual time=0.009..0.010 rows=1 loops=1)

              Index Cond: (w_id = 2)

Planning Time: 0.078 ms

Execution Time: 0.094 ms
Failed SQL 1448: UPDATE WAREHOUSE SET W_YTD = W_YTD + 3474.7 WHERE W_ID = 2
Error Message: Cannot invoke "java.util.List.get(int)" because the return value of "sg.edu.nus.autotune.DB2DATA.getAllIndexes()" is null


===== Query 1449 =====

SQL: SELECT C_DISCOUNT, C_LAST, C_CREDIT, W_TAX FROM CUSTOMER, WAREHOUSE WHERE W_ID = 1 AND C_W_ID = 1 AND C_D_ID = 8 AND C_ID = 2145

EXPLAIN Plan:

Nested Loop  (cost=4.56..16.61 rows=1 width=26) (actual time=0.098..0.101 rows=1 loops=1)

  ->  Index Scan using customer_pkey on customer  (cost=0.42..8.44 rows=1 width=21) (actual time=0.080..0.081 rows=1 loops=1)

        Index Cond: ((c_w_id = 1) AND (c_d_id = 8) AND (c_id = 2145))

  ->  Bitmap Heap Scan on warehouse  (cost=4.14..8.15 rows=1 width=5) (actual time=0.008..0.009 rows=1 loops=1)

        Recheck Cond: (w_id = 1)

        Heap Blocks: exact=1

        ->  Bitmap Index Scan on warehouse_pkey  (cost=0.00..4.14 rows=1 width=0) (actual time=0.004..0.004 rows=1 loops=1)

              Index Cond: (w_id = 1)

Planning Time: 0.143 ms

Execution Time: 0.144 ms
Failed SQL 1449: SELECT C_DISCOUNT, C_LAST, C_CREDIT, W_TAX FROM CUSTOMER, WAREHOUSE WHERE W_ID = 1 AND C_W_ID = 1 AND C_D_ID = 8 AND C_ID = 2145
Error Message: Cannot invoke "java.util.List.get(int)" because the return value of "sg.edu.nus.autotune.DB2DATA.getAllIndexes()" is null


===== Query 1450 =====

SQL: SELECT W_STREET_1, W_STREET_2, W_CITY, W_STATE, W_ZIP, W_NAME FROM WAREHOUSE WHERE W_ID = 2

EXPLAIN Plan:

Bitmap Heap Scan on warehouse  (cost=4.14..8.15 rows=1 width=65) (actual time=0.020..0.021 rows=1 loops=1)

  Recheck Cond: (w_id = 2)

  Heap Blocks: exact=1

  ->  Bitmap Index Scan on warehouse_pkey  (cost=0.00..4.14 rows=1 width=0) (actual time=0.009..0.009 rows=1 loops=1)

        Index Cond: (w_id = 2)

Planning Time: 0.082 ms

Execution Time: 0.048 ms
Failed SQL 1450: SELECT W_STREET_1, W_STREET_2, W_CITY, W_STATE, W_ZIP, W_NAME FROM WAREHOUSE WHERE W_ID = 2
Error Message: Cannot invoke "java.util.List.get(int)" because the return value of "sg.edu.nus.autotune.DB2DATA.getAllIndexes()" is null


===== Query 1451 =====

SQL: UPDATE DISTRICT SET D_YTD = D_YTD + 3474.7 WHERE D_W_ID = 2 AND D_ID = 10

EXPLAIN Plan:

Update on district  (cost=4.28..11.67 rows=0 width=0) (actual time=0.085..0.086 rows=0 loops=1)

  ->  Bitmap Heap Scan on district  (cost=4.28..11.67 rows=2 width=22) (actual time=0.043..0.045 rows=1 loops=1)

        Recheck Cond: ((d_w_id = 2) AND (d_id = 10))

        Heap Blocks: exact=1

        ->  Bitmap Index Scan on district_pkey  (cost=0.00..4.28 rows=2 width=0) (actual time=0.011..0.012 rows=1 loops=1)

              Index Cond: ((d_w_id = 2) AND (d_id = 10))

Planning Time: 0.099 ms

Execution Time: 0.122 ms
Failed SQL 1451: UPDATE DISTRICT SET D_YTD = D_YTD + 3474.7 WHERE D_W_ID = 2 AND D_ID = 10
Error Message: Cannot invoke "java.util.List.get(int)" because the return value of "sg.edu.nus.autotune.DB2DATA.getAllIndexes()" is null


===== Query 1452 =====

SQL: SELECT D_STREET_1, D_STREET_2, D_CITY, D_STATE, D_ZIP, D_NAME FROM DISTRICT WHERE D_W_ID = 2 AND D_ID = 10

EXPLAIN Plan:

Bitmap Heap Scan on district  (cost=4.28..11.66 rows=2 width=64) (actual time=0.022..0.024 rows=1 loops=1)

  Recheck Cond: ((d_w_id = 2) AND (d_id = 10))

  Heap Blocks: exact=1

  ->  Bitmap Index Scan on district_pkey  (cost=0.00..4.28 rows=2 width=0) (actual time=0.011..0.011 rows=1 loops=1)

        Index Cond: ((d_w_id = 2) AND (d_id = 10))

Planning Time: 0.091 ms

Execution Time: 0.049 ms
Failed SQL 1452: SELECT D_STREET_1, D_STREET_2, D_CITY, D_STATE, D_ZIP, D_NAME FROM DISTRICT WHERE D_W_ID = 2 AND D_ID = 10
Error Message: Cannot invoke "java.util.List.get(int)" because the return value of "sg.edu.nus.autotune.DB2DATA.getAllIndexes()" is null


===== Query 1453 =====

SQL: SELECT C_FIRST, C_MIDDLE, C_LAST, C_STREET_1, C_STREET_2, C_CITY, C_STATE, C_ZIP, C_PHONE, C_CREDIT, C_CREDIT_LIM, C_DISCOUNT, C_BALANCE, C_YTD_PAYMENT, C_PAYMENT_CNT, C_SINCE FROM CUSTOMER WHERE C_W_ID = 2 AND C_D_ID = 10 AND C_ID = 1278

EXPLAIN Plan:

Index Scan using customer_pkey on customer  (cost=0.42..8.44 rows=1 width=140) (actual time=0.085..0.086 rows=1 loops=1)

  Index Cond: ((c_w_id = 2) AND (c_d_id = 10) AND (c_id = 1278))

Planning Time: 0.102 ms

Execution Time: 0.110 ms
Failed SQL 1453: SELECT C_FIRST, C_MIDDLE, C_LAST, C_STREET_1, C_STREET_2, C_CITY, C_STATE, C_ZIP, C_PHONE, C_CREDIT, C_CREDIT_LIM, C_DISCOUNT, C_BALANCE, C_YTD_PAYMENT, C_PAYMENT_CNT, C_SINCE FROM CUSTOMER WHERE C_W_ID = 2 AND C_D_ID = 10 AND C_ID = 1278
Error Message: Cannot invoke "java.util.List.get(int)" because the return value of "sg.edu.nus.autotune.DB2DATA.getAllIndexes()" is null


===== Query 1454 =====

SQL: UPDATE CUSTOMER SET C_BALANCE = -3484.7, C_YTD_PAYMENT = 3484.7, C_PAYMENT_CNT = 2 WHERE C_W_ID = 2 AND C_D_ID = 10 AND C_ID = 1278

EXPLAIN Plan:

Update on customer  (cost=0.42..8.44 rows=0 width=0) (actual time=0.121..0.121 rows=0 loops=1)

  ->  Index Scan using customer_pkey on customer  (cost=0.42..8.44 rows=1 width=34) (actual time=0.023..0.025 rows=1 loops=1)

        Index Cond: ((c_w_id = 2) AND (c_d_id = 10) AND (c_id = 1278))

Planning Time: 0.113 ms

Execution Time: 0.148 ms
Failed SQL 1454: UPDATE CUSTOMER SET C_BALANCE = -3484.7, C_YTD_PAYMENT = 3484.7, C_PAYMENT_CNT = 2 WHERE C_W_ID = 2 AND C_D_ID = 10 AND C_ID = 1278
Error Message: Cannot invoke "java.util.List.get(int)" because the return value of "sg.edu.nus.autotune.DB2DATA.getAllIndexes()" is null


===== Query 1455 =====

SQL: SELECT C_FIRST, C_MIDDLE, C_ID, C_STREET_1, C_STREET_2, C_CITY, C_STATE, C_ZIP, C_PHONE, C_CREDIT, C_CREDIT_LIM, C_DISCOUNT, C_BALANCE, C_YTD_PAYMENT, C_PAYMENT_CNT, C_SINCE FROM CUSTOMER WHERE C_W_ID = 2 AND C_D_ID = 10 AND C_LAST = 'ABLEATIONPRES' ORDER BY C_FIRST

EXPLAIN Plan:

Sort  (cost=7157.63..7157.67 rows=15 width=131) (actual time=4.418..4.422 rows=26 loops=1)

  Sort Key: c_first

  Sort Method: quicksort  Memory: 31kB

  ->  Bitmap Heap Scan on customer  (cost=77.47..7157.34 rows=15 width=131) (actual time=1.053..4.370 rows=26 loops=1)

        Recheck Cond: ((c_w_id = 2) AND (c_d_id = 10))

        Filter: ((c_last)::text = 'ABLEATIONPRES'::text)

        Rows Removed by Filter: 2974

        Heap Blocks: exact=718

        ->  Bitmap Index Scan on customer_pkey  (cost=0.00..77.47 rows=2905 width=0) (actual time=0.572..0.572 rows=3013 loops=1)

              Index Cond: ((c_w_id = 2) AND (c_d_id = 10))

Planning Time: 0.178 ms

Execution Time: 4.491 ms
Failed SQL 1455: SELECT C_FIRST, C_MIDDLE, C_ID, C_STREET_1, C_STREET_2, C_CITY, C_STATE, C_ZIP, C_PHONE, C_CREDIT, C_CREDIT_LIM, C_DISCOUNT, C_BALANCE, C_YTD_PAYMENT, C_PAYMENT_CNT, C_SINCE FROM CUSTOMER WHERE C_W_ID = 2 AND C_D_ID = 10 AND C_LAST = 'ABLEATIONPRES' ORDER BY C_FIRST
Error Message: Cannot invoke "java.util.List.get(int)" because the return value of "sg.edu.nus.autotune.DB2DATA.getAllIndexes()" is null


===== Query 1456 =====

SQL: SELECT D_NEXT_O_ID, D_TAX FROM DISTRICT WHERE D_W_ID = 1 AND D_ID = 8

EXPLAIN Plan:

Bitmap Heap Scan on district  (cost=4.28..11.66 rows=2 width=9) (actual time=0.023..0.024 rows=1 loops=1)

  Recheck Cond: ((d_w_id = 1) AND (d_id = 8))

  Heap Blocks: exact=1

  ->  Bitmap Index Scan on district_pkey  (cost=0.00..4.28 rows=2 width=0) (actual time=0.014..0.014 rows=1 loops=1)

        Index Cond: ((d_w_id = 1) AND (d_id = 8))

Planning Time: 0.117 ms

Execution Time: 0.055 ms
Failed SQL 1456: SELECT D_NEXT_O_ID, D_TAX FROM DISTRICT WHERE D_W_ID = 1 AND D_ID = 8
Error Message: Cannot invoke "java.util.List.get(int)" because the return value of "sg.edu.nus.autotune.DB2DATA.getAllIndexes()" is null


===== Query 1457 =====

SQL: UPDATE DISTRICT SET D_NEXT_O_ID = D_NEXT_O_ID + 1 WHERE D_W_ID = 1 AND D_ID = 8

EXPLAIN Plan:

Update on district  (cost=4.28..11.67 rows=0 width=0) (actual time=0.095..0.096 rows=0 loops=1)

  ->  Bitmap Heap Scan on district  (cost=4.28..11.67 rows=2 width=10) (actual time=0.024..0.025 rows=1 loops=1)

        Recheck Cond: ((d_w_id = 1) AND (d_id = 8))

        Heap Blocks: exact=1

        ->  Bitmap Index Scan on district_pkey  (cost=0.00..4.28 rows=2 width=0) (actual time=0.014..0.014 rows=1 loops=1)

              Index Cond: ((d_w_id = 1) AND (d_id = 8))

Planning Time: 0.106 ms

Execution Time: 0.133 ms
Failed SQL 1457: UPDATE DISTRICT SET D_NEXT_O_ID = D_NEXT_O_ID + 1 WHERE D_W_ID = 1 AND D_ID = 8
Error Message: Cannot invoke "java.util.List.get(int)" because the return value of "sg.edu.nus.autotune.DB2DATA.getAllIndexes()" is null


===== Query 1458 =====

SQL: SELECT I_PRICE, I_NAME , I_DATA FROM ITEM WHERE I_ID = 81311

EXPLAIN Plan:

Index Scan using item_pkey on item  (cost=0.29..8.31 rows=1 width=61) (actual time=0.042..0.044 rows=1 loops=1)

  Index Cond: (i_id = 81311)

Planning Time: 0.074 ms

Execution Time: 0.062 ms
Failed SQL 1458: SELECT I_PRICE, I_NAME , I_DATA FROM ITEM WHERE I_ID = 81311
Error Message: Cannot invoke "java.util.List.get(int)" because the return value of "sg.edu.nus.autotune.DB2DATA.getAllIndexes()" is null


===== Query 1459 =====

SQL: SELECT S_QUANTITY, S_DATA, S_DIST_01, S_DIST_02, S_DIST_03, S_DIST_04, S_DIST_05, S_DIST_06, S_DIST_07, S_DIST_08, S_DIST_09, S_DIST_10 FROM STOCK WHERE S_I_ID = 81311 AND S_W_ID = 1

EXPLAIN Plan:

Index Scan using stock_pkey on stock  (cost=0.42..8.44 rows=1 width=291) (actual time=0.896..0.899 rows=1 loops=1)

  Index Cond: ((s_w_id = 1) AND (s_i_id = 81311))

Planning Time: 0.098 ms

Execution Time: 0.922 ms
Failed SQL 1459: SELECT S_QUANTITY, S_DATA, S_DIST_01, S_DIST_02, S_DIST_03, S_DIST_04, S_DIST_05, S_DIST_06, S_DIST_07, S_DIST_08, S_DIST_09, S_DIST_10 FROM STOCK WHERE S_I_ID = 81311 AND S_W_ID = 1
Error Message: Cannot invoke "java.util.List.get(int)" because the return value of "sg.edu.nus.autotune.DB2DATA.getAllIndexes()" is null


===== Query 1460 =====

SQL: UPDATE STOCK SET S_QUANTITY = 93, S_YTD = S_YTD + 7, S_ORDER_CNT = S_ORDER_CNT + 1, S_REMOTE_CNT = S_REMOTE_CNT + 0 WHERE S_I_ID = 81311 AND S_W_ID = 1

EXPLAIN Plan:

Update on stock  (cost=0.42..8.45 rows=0 width=0) (actual time=0.100..0.101 rows=0 loops=1)

  ->  Index Scan using stock_pkey on stock  (cost=0.42..8.45 rows=1 width=32) (actual time=0.027..0.029 rows=1 loops=1)

        Index Cond: ((s_w_id = 1) AND (s_i_id = 81311))

Planning Time: 0.110 ms

Execution Time: 0.135 ms
Failed SQL 1460: UPDATE STOCK SET S_QUANTITY = 93, S_YTD = S_YTD + 7, S_ORDER_CNT = S_ORDER_CNT + 1, S_REMOTE_CNT = S_REMOTE_CNT + 0 WHERE S_I_ID = 81311 AND S_W_ID = 1
Error Message: Cannot invoke "java.util.List.get(int)" because the return value of "sg.edu.nus.autotune.DB2DATA.getAllIndexes()" is null


===== Query 1461 =====

SQL: SELECT I_PRICE, I_NAME , I_DATA FROM ITEM WHERE I_ID = 52423

EXPLAIN Plan:

Index Scan using item_pkey on item  (cost=0.29..8.31 rows=1 width=61) (actual time=0.797..0.799 rows=1 loops=1)

  Index Cond: (i_id = 52423)

Planning Time: 0.063 ms

Execution Time: 0.814 ms
Failed SQL 1461: SELECT I_PRICE, I_NAME , I_DATA FROM ITEM WHERE I_ID = 52423
Error Message: Cannot invoke "java.util.List.get(int)" because the return value of "sg.edu.nus.autotune.DB2DATA.getAllIndexes()" is null


===== Query 1462 =====

SQL: SELECT S_QUANTITY, S_DATA, S_DIST_01, S_DIST_02, S_DIST_03, S_DIST_04, S_DIST_05, S_DIST_06, S_DIST_07, S_DIST_08, S_DIST_09, S_DIST_10 FROM STOCK WHERE S_I_ID = 52423 AND S_W_ID = 1

EXPLAIN Plan:

Index Scan using stock_pkey on stock  (cost=0.42..8.44 rows=1 width=291) (actual time=0.911..0.913 rows=1 loops=1)

  Index Cond: ((s_w_id = 1) AND (s_i_id = 52423))

Planning Time: 0.094 ms

Execution Time: 0.936 ms
Failed SQL 1462: SELECT S_QUANTITY, S_DATA, S_DIST_01, S_DIST_02, S_DIST_03, S_DIST_04, S_DIST_05, S_DIST_06, S_DIST_07, S_DIST_08, S_DIST_09, S_DIST_10 FROM STOCK WHERE S_I_ID = 52423 AND S_W_ID = 1
Error Message: Cannot invoke "java.util.List.get(int)" because the return value of "sg.edu.nus.autotune.DB2DATA.getAllIndexes()" is null


===== Query 1463 =====

SQL: UPDATE STOCK SET S_QUANTITY = 25, S_YTD = S_YTD + 8, S_ORDER_CNT = S_ORDER_CNT + 1, S_REMOTE_CNT = S_REMOTE_CNT + 0 WHERE S_I_ID = 52423 AND S_W_ID = 1

EXPLAIN Plan:

Update on stock  (cost=0.42..8.45 rows=0 width=0) (actual time=0.113..0.114 rows=0 loops=1)

  ->  Index Scan using stock_pkey on stock  (cost=0.42..8.45 rows=1 width=32) (actual time=0.029..0.030 rows=1 loops=1)

        Index Cond: ((s_w_id = 1) AND (s_i_id = 52423))

Planning Time: 0.120 ms

Execution Time: 0.143 ms
Failed SQL 1463: UPDATE STOCK SET S_QUANTITY = 25, S_YTD = S_YTD + 8, S_ORDER_CNT = S_ORDER_CNT + 1, S_REMOTE_CNT = S_REMOTE_CNT + 0 WHERE S_I_ID = 52423 AND S_W_ID = 1
Error Message: Cannot invoke "java.util.List.get(int)" because the return value of "sg.edu.nus.autotune.DB2DATA.getAllIndexes()" is null


===== Query 1464 =====

SQL: SELECT I_PRICE, I_NAME , I_DATA FROM ITEM WHERE I_ID = 83175

EXPLAIN Plan:

Index Scan using item_pkey on item  (cost=0.29..8.31 rows=1 width=61) (actual time=1.115..1.118 rows=1 loops=1)

  Index Cond: (i_id = 83175)

Planning Time: 0.075 ms

Execution Time: 1.137 ms
Failed SQL 1464: SELECT I_PRICE, I_NAME , I_DATA FROM ITEM WHERE I_ID = 83175
Error Message: Cannot invoke "java.util.List.get(int)" because the return value of "sg.edu.nus.autotune.DB2DATA.getAllIndexes()" is null


===== Query 1465 =====

SQL: SELECT S_QUANTITY, S_DATA, S_DIST_01, S_DIST_02, S_DIST_03, S_DIST_04, S_DIST_05, S_DIST_06, S_DIST_07, S_DIST_08, S_DIST_09, S_DIST_10 FROM STOCK WHERE S_I_ID = 83175 AND S_W_ID = 1

EXPLAIN Plan:

Index Scan using stock_pkey on stock  (cost=0.42..8.44 rows=1 width=291) (actual time=1.133..1.135 rows=1 loops=1)

  Index Cond: ((s_w_id = 1) AND (s_i_id = 83175))

Planning Time: 0.095 ms

Execution Time: 1.158 ms
Failed SQL 1465: SELECT S_QUANTITY, S_DATA, S_DIST_01, S_DIST_02, S_DIST_03, S_DIST_04, S_DIST_05, S_DIST_06, S_DIST_07, S_DIST_08, S_DIST_09, S_DIST_10 FROM STOCK WHERE S_I_ID = 83175 AND S_W_ID = 1
Error Message: Cannot invoke "java.util.List.get(int)" because the return value of "sg.edu.nus.autotune.DB2DATA.getAllIndexes()" is null


===== Query 1466 =====

SQL: UPDATE STOCK SET S_QUANTITY = 57, S_YTD = S_YTD + 9, S_ORDER_CNT = S_ORDER_CNT + 1, S_REMOTE_CNT = S_REMOTE_CNT + 0 WHERE S_I_ID = 83175 AND S_W_ID = 1

EXPLAIN Plan:

Update on stock  (cost=0.42..8.45 rows=0 width=0) (actual time=0.104..0.105 rows=0 loops=1)

  ->  Index Scan using stock_pkey on stock  (cost=0.42..8.45 rows=1 width=32) (actual time=0.030..0.032 rows=1 loops=1)

        Index Cond: ((s_w_id = 1) AND (s_i_id = 83175))

Planning Time: 0.118 ms

Execution Time: 0.135 ms
Failed SQL 1466: UPDATE STOCK SET S_QUANTITY = 57, S_YTD = S_YTD + 9, S_ORDER_CNT = S_ORDER_CNT + 1, S_REMOTE_CNT = S_REMOTE_CNT + 0 WHERE S_I_ID = 83175 AND S_W_ID = 1
Error Message: Cannot invoke "java.util.List.get(int)" because the return value of "sg.edu.nus.autotune.DB2DATA.getAllIndexes()" is null


===== Query 1467 =====

SQL: SELECT I_PRICE, I_NAME , I_DATA FROM ITEM WHERE I_ID = 89797

EXPLAIN Plan:

Index Scan using item_pkey on item  (cost=0.29..8.31 rows=1 width=61) (actual time=0.067..0.068 rows=1 loops=1)

  Index Cond: (i_id = 89797)

Planning Time: 0.088 ms

Execution Time: 0.088 ms
Failed SQL 1467: SELECT I_PRICE, I_NAME , I_DATA FROM ITEM WHERE I_ID = 89797
Error Message: Cannot invoke "java.util.List.get(int)" because the return value of "sg.edu.nus.autotune.DB2DATA.getAllIndexes()" is null


===== Query 1468 =====

SQL: SELECT S_QUANTITY, S_DATA, S_DIST_01, S_DIST_02, S_DIST_03, S_DIST_04, S_DIST_05, S_DIST_06, S_DIST_07, S_DIST_08, S_DIST_09, S_DIST_10 FROM STOCK WHERE S_I_ID = 89797 AND S_W_ID = 1

EXPLAIN Plan:

Index Scan using stock_pkey on stock  (cost=0.42..8.44 rows=1 width=291) (actual time=0.863..0.866 rows=1 loops=1)

  Index Cond: ((s_w_id = 1) AND (s_i_id = 89797))

Planning Time: 0.111 ms

Execution Time: 0.889 ms
Failed SQL 1468: SELECT S_QUANTITY, S_DATA, S_DIST_01, S_DIST_02, S_DIST_03, S_DIST_04, S_DIST_05, S_DIST_06, S_DIST_07, S_DIST_08, S_DIST_09, S_DIST_10 FROM STOCK WHERE S_I_ID = 89797 AND S_W_ID = 1
Error Message: Cannot invoke "java.util.List.get(int)" because the return value of "sg.edu.nus.autotune.DB2DATA.getAllIndexes()" is null


===== Query 1469 =====

SQL: UPDATE STOCK SET S_QUANTITY = 43, S_YTD = S_YTD + 9, S_ORDER_CNT = S_ORDER_CNT + 1, S_REMOTE_CNT = S_REMOTE_CNT + 0 WHERE S_I_ID = 89797 AND S_W_ID = 1

EXPLAIN Plan:

Update on stock  (cost=0.42..8.45 rows=0 width=0) (actual time=0.058..0.059 rows=0 loops=1)

  ->  Index Scan using stock_pkey on stock  (cost=0.42..8.45 rows=1 width=32) (actual time=0.024..0.025 rows=1 loops=1)

        Index Cond: ((s_w_id = 1) AND (s_i_id = 89797))

Planning Time: 0.106 ms

Execution Time: 0.086 ms
Failed SQL 1469: UPDATE STOCK SET S_QUANTITY = 43, S_YTD = S_YTD + 9, S_ORDER_CNT = S_ORDER_CNT + 1, S_REMOTE_CNT = S_REMOTE_CNT + 0 WHERE S_I_ID = 89797 AND S_W_ID = 1
Error Message: Cannot invoke "java.util.List.get(int)" because the return value of "sg.edu.nus.autotune.DB2DATA.getAllIndexes()" is null


===== Query 1470 =====

SQL: SELECT I_PRICE, I_NAME , I_DATA FROM ITEM WHERE I_ID = 48455

EXPLAIN Plan:

Index Scan using item_pkey on item  (cost=0.29..8.31 rows=1 width=61) (actual time=0.385..0.386 rows=1 loops=1)

  Index Cond: (i_id = 48455)

Planning Time: 0.052 ms

Execution Time: 0.400 ms
Failed SQL 1470: SELECT I_PRICE, I_NAME , I_DATA FROM ITEM WHERE I_ID = 48455
Error Message: Cannot invoke "java.util.List.get(int)" because the return value of "sg.edu.nus.autotune.DB2DATA.getAllIndexes()" is null


===== Query 1471 =====

SQL: SELECT S_QUANTITY, S_DATA, S_DIST_01, S_DIST_02, S_DIST_03, S_DIST_04, S_DIST_05, S_DIST_06, S_DIST_07, S_DIST_08, S_DIST_09, S_DIST_10 FROM STOCK WHERE S_I_ID = 48455 AND S_W_ID = 1

EXPLAIN Plan:

Index Scan using stock_pkey on stock  (cost=0.42..8.44 rows=1 width=291) (actual time=1.129..1.131 rows=1 loops=1)

  Index Cond: ((s_w_id = 1) AND (s_i_id = 48455))

Planning Time: 0.094 ms

Execution Time: 1.154 ms
Failed SQL 1471: SELECT S_QUANTITY, S_DATA, S_DIST_01, S_DIST_02, S_DIST_03, S_DIST_04, S_DIST_05, S_DIST_06, S_DIST_07, S_DIST_08, S_DIST_09, S_DIST_10 FROM STOCK WHERE S_I_ID = 48455 AND S_W_ID = 1
Error Message: Cannot invoke "java.util.List.get(int)" because the return value of "sg.edu.nus.autotune.DB2DATA.getAllIndexes()" is null


===== Query 1472 =====

SQL: UPDATE STOCK SET S_QUANTITY = 18, S_YTD = S_YTD + 10, S_ORDER_CNT = S_ORDER_CNT + 1, S_REMOTE_CNT = S_REMOTE_CNT + 0 WHERE S_I_ID = 48455 AND S_W_ID = 1

EXPLAIN Plan:

Update on stock  (cost=0.42..8.45 rows=0 width=0) (actual time=0.103..0.103 rows=0 loops=1)

  ->  Index Scan using stock_pkey on stock  (cost=0.42..8.45 rows=1 width=32) (actual time=0.026..0.028 rows=1 loops=1)

        Index Cond: ((s_w_id = 1) AND (s_i_id = 48455))

Planning Time: 0.109 ms

Execution Time: 0.142 ms
Failed SQL 1472: UPDATE STOCK SET S_QUANTITY = 18, S_YTD = S_YTD + 10, S_ORDER_CNT = S_ORDER_CNT + 1, S_REMOTE_CNT = S_REMOTE_CNT + 0 WHERE S_I_ID = 48455 AND S_W_ID = 1
Error Message: Cannot invoke "java.util.List.get(int)" because the return value of "sg.edu.nus.autotune.DB2DATA.getAllIndexes()" is null


===== Query 1473 =====

SQL: SELECT I_PRICE, I_NAME , I_DATA FROM ITEM WHERE I_ID = 15997

EXPLAIN Plan:

Index Scan using item_pkey on item  (cost=0.29..8.31 rows=1 width=61) (actual time=0.049..0.051 rows=1 loops=1)

  Index Cond: (i_id = 15997)

Planning Time: 0.084 ms

Execution Time: 0.070 ms
Failed SQL 1473: SELECT I_PRICE, I_NAME , I_DATA FROM ITEM WHERE I_ID = 15997
Error Message: Cannot invoke "java.util.List.get(int)" because the return value of "sg.edu.nus.autotune.DB2DATA.getAllIndexes()" is null


===== Query 1474 =====

SQL: SELECT S_QUANTITY, S_DATA, S_DIST_01, S_DIST_02, S_DIST_03, S_DIST_04, S_DIST_05, S_DIST_06, S_DIST_07, S_DIST_08, S_DIST_09, S_DIST_10 FROM STOCK WHERE S_I_ID = 15997 AND S_W_ID = 1

EXPLAIN Plan:

Index Scan using stock_pkey on stock  (cost=0.42..8.44 rows=1 width=291) (actual time=0.851..0.855 rows=1 loops=1)

  Index Cond: ((s_w_id = 1) AND (s_i_id = 15997))

Planning Time: 0.103 ms

Execution Time: 0.882 ms
Failed SQL 1474: SELECT S_QUANTITY, S_DATA, S_DIST_01, S_DIST_02, S_DIST_03, S_DIST_04, S_DIST_05, S_DIST_06, S_DIST_07, S_DIST_08, S_DIST_09, S_DIST_10 FROM STOCK WHERE S_I_ID = 15997 AND S_W_ID = 1
Error Message: Cannot invoke "java.util.List.get(int)" because the return value of "sg.edu.nus.autotune.DB2DATA.getAllIndexes()" is null


===== Query 1475 =====

SQL: UPDATE STOCK SET S_QUANTITY = 79, S_YTD = S_YTD + 10, S_ORDER_CNT = S_ORDER_CNT + 1, S_REMOTE_CNT = S_REMOTE_CNT + 0 WHERE S_I_ID = 15997 AND S_W_ID = 1

EXPLAIN Plan:

Update on stock  (cost=0.42..8.45 rows=0 width=0) (actual time=0.075..0.075 rows=0 loops=1)

  ->  Index Scan using stock_pkey on stock  (cost=0.42..8.45 rows=1 width=32) (actual time=0.023..0.025 rows=1 loops=1)

        Index Cond: ((s_w_id = 1) AND (s_i_id = 15997))

Planning Time: 0.100 ms

Execution Time: 0.103 ms
Failed SQL 1475: UPDATE STOCK SET S_QUANTITY = 79, S_YTD = S_YTD + 10, S_ORDER_CNT = S_ORDER_CNT + 1, S_REMOTE_CNT = S_REMOTE_CNT + 0 WHERE S_I_ID = 15997 AND S_W_ID = 1
Error Message: Cannot invoke "java.util.List.get(int)" because the return value of "sg.edu.nus.autotune.DB2DATA.getAllIndexes()" is null


===== Query 1476 =====

SQL: UPDATE WAREHOUSE SET W_YTD = W_YTD + 1776.05 WHERE W_ID = 1

EXPLAIN Plan:

Update on warehouse  (cost=4.14..8.16 rows=0 width=0) (actual time=0.043..0.044 rows=0 loops=1)

  ->  Bitmap Heap Scan on warehouse  (cost=4.14..8.16 rows=1 width=22) (actual time=0.019..0.020 rows=1 loops=1)

        Recheck Cond: (w_id = 1)

        Heap Blocks: exact=1

        ->  Bitmap Index Scan on warehouse_pkey  (cost=0.00..4.14 rows=1 width=0) (actual time=0.009..0.010 rows=1 loops=1)

              Index Cond: (w_id = 1)

Planning Time: 0.074 ms

Execution Time: 0.070 ms
Failed SQL 1476: UPDATE WAREHOUSE SET W_YTD = W_YTD + 1776.05 WHERE W_ID = 1
Error Message: Cannot invoke "java.util.List.get(int)" because the return value of "sg.edu.nus.autotune.DB2DATA.getAllIndexes()" is null


===== Query 1477 =====

SQL: SELECT W_STREET_1, W_STREET_2, W_CITY, W_STATE, W_ZIP, W_NAME FROM WAREHOUSE WHERE W_ID = 1

EXPLAIN Plan:

Bitmap Heap Scan on warehouse  (cost=4.14..8.15 rows=1 width=65) (actual time=0.023..0.025 rows=1 loops=1)

  Recheck Cond: (w_id = 1)

  Heap Blocks: exact=1

  ->  Bitmap Index Scan on warehouse_pkey  (cost=0.00..4.14 rows=1 width=0) (actual time=0.010..0.011 rows=1 loops=1)

        Index Cond: (w_id = 1)

Planning Time: 0.093 ms

Execution Time: 0.052 ms
Failed SQL 1477: SELECT W_STREET_1, W_STREET_2, W_CITY, W_STATE, W_ZIP, W_NAME FROM WAREHOUSE WHERE W_ID = 1
Error Message: Cannot invoke "java.util.List.get(int)" because the return value of "sg.edu.nus.autotune.DB2DATA.getAllIndexes()" is null


===== Query 1478 =====

SQL: SELECT O_ID, O_CARRIER_ID, O_ENTRY_D FROM OORDER WHERE O_W_ID = 2 AND O_D_ID = 10 AND O_C_ID = 1652 ORDER BY O_ID DESC LIMIT 1

EXPLAIN Plan:

Limit  (cost=0.42..6.40 rows=1 width=16) (actual time=1.310..1.312 rows=1 loops=1)

  ->  Index Scan Backward using oorder_o_w_id_o_d_id_o_c_id_o_id_key on oorder  (cost=0.42..12.38 rows=2 width=16) (actual time=1.309..1.310 rows=1 loops=1)

        Index Cond: ((o_w_id = 2) AND (o_d_id = 10) AND (o_c_id = 1652))

Planning Time: 0.242 ms

Execution Time: 1.335 ms
Failed SQL 1478: SELECT O_ID, O_CARRIER_ID, O_ENTRY_D FROM OORDER WHERE O_W_ID = 2 AND O_D_ID = 10 AND O_C_ID = 1652 ORDER BY O_ID DESC LIMIT 1
Error Message: Cannot invoke "java.util.List.get(int)" because the return value of "sg.edu.nus.autotune.DB2DATA.getAllIndexes()" is null


===== Query 1479 =====

SQL: UPDATE DISTRICT SET D_YTD = D_YTD + 1776.05 WHERE D_W_ID = 1 AND D_ID = 8

EXPLAIN Plan:

Update on district  (cost=4.28..11.67 rows=0 width=0) (actual time=0.107..0.108 rows=0 loops=1)

  ->  Bitmap Heap Scan on district  (cost=4.28..11.67 rows=2 width=22) (actual time=0.024..0.026 rows=1 loops=1)

        Recheck Cond: ((d_w_id = 1) AND (d_id = 8))

        Heap Blocks: exact=1

        ->  Bitmap Index Scan on district_pkey  (cost=0.00..4.28 rows=2 width=0) (actual time=0.012..0.012 rows=1 loops=1)

              Index Cond: ((d_w_id = 1) AND (d_id = 8))

Planning Time: 0.098 ms

Execution Time: 0.145 ms
Failed SQL 1479: UPDATE DISTRICT SET D_YTD = D_YTD + 1776.05 WHERE D_W_ID = 1 AND D_ID = 8
Error Message: Cannot invoke "java.util.List.get(int)" because the return value of "sg.edu.nus.autotune.DB2DATA.getAllIndexes()" is null


===== Query 1480 =====

SQL: SELECT D_STREET_1, D_STREET_2, D_CITY, D_STATE, D_ZIP, D_NAME FROM DISTRICT WHERE D_W_ID = 1 AND D_ID = 8

EXPLAIN Plan:

Bitmap Heap Scan on district  (cost=4.28..11.66 rows=2 width=64) (actual time=0.018..0.019 rows=1 loops=1)

  Recheck Cond: ((d_w_id = 1) AND (d_id = 8))

  Heap Blocks: exact=1

  ->  Bitmap Index Scan on district_pkey  (cost=0.00..4.28 rows=2 width=0) (actual time=0.009..0.009 rows=1 loops=1)

        Index Cond: ((d_w_id = 1) AND (d_id = 8))

Planning Time: 0.081 ms

Execution Time: 0.044 ms
Failed SQL 1480: SELECT D_STREET_1, D_STREET_2, D_CITY, D_STATE, D_ZIP, D_NAME FROM DISTRICT WHERE D_W_ID = 1 AND D_ID = 8
Error Message: Cannot invoke "java.util.List.get(int)" because the return value of "sg.edu.nus.autotune.DB2DATA.getAllIndexes()" is null


===== Query 1481 =====

SQL: SELECT C_FIRST, C_MIDDLE, C_LAST, C_STREET_1, C_STREET_2, C_CITY, C_STATE, C_ZIP, C_PHONE, C_CREDIT, C_CREDIT_LIM, C_DISCOUNT, C_BALANCE, C_YTD_PAYMENT, C_PAYMENT_CNT, C_SINCE FROM CUSTOMER WHERE C_W_ID = 1 AND C_D_ID = 8 AND C_ID = 1283

EXPLAIN Plan:

Index Scan using customer_pkey on customer  (cost=0.42..8.44 rows=1 width=140) (actual time=0.080..0.082 rows=1 loops=1)

  Index Cond: ((c_w_id = 1) AND (c_d_id = 8) AND (c_id = 1283))

Planning Time: 0.110 ms

Execution Time: 0.108 ms
Failed SQL 1481: SELECT C_FIRST, C_MIDDLE, C_LAST, C_STREET_1, C_STREET_2, C_CITY, C_STATE, C_ZIP, C_PHONE, C_CREDIT, C_CREDIT_LIM, C_DISCOUNT, C_BALANCE, C_YTD_PAYMENT, C_PAYMENT_CNT, C_SINCE FROM CUSTOMER WHERE C_W_ID = 1 AND C_D_ID = 8 AND C_ID = 1283
Error Message: Cannot invoke "java.util.List.get(int)" because the return value of "sg.edu.nus.autotune.DB2DATA.getAllIndexes()" is null


===== Query 1482 =====

SQL: SELECT C_DATA FROM CUSTOMER WHERE C_W_ID = 1 AND C_D_ID = 8 AND C_ID = 1283

EXPLAIN Plan:

Index Scan using customer_pkey on customer  (cost=0.42..8.44 rows=1 width=405) (actual time=0.028..0.029 rows=1 loops=1)

  Index Cond: ((c_w_id = 1) AND (c_d_id = 8) AND (c_id = 1283))

Planning Time: 0.076 ms

Execution Time: 0.041 ms
Failed SQL 1482: SELECT C_DATA FROM CUSTOMER WHERE C_W_ID = 1 AND C_D_ID = 8 AND C_ID = 1283
Error Message: Cannot invoke "java.util.List.get(int)" because the return value of "sg.edu.nus.autotune.DB2DATA.getAllIndexes()" is null


===== Query 1483 =====

SQL: UPDATE CUSTOMER SET C_BALANCE = -11784.01, C_YTD_PAYMENT = 11784.01, C_PAYMENT_CNT = 7, C_DATA = '1283 8 1 8 1 1776.05 | 1283 8 1 8 1 1365.36 | 1283 8 1 8 1 2431.97 | 1283 8 1 7 2 2338.13 | 1283 8 1 8 1 3627.71 | 1283 8 1 10 2 234.79 | lcparuccwukusglkbkodpyuwaxiewgbvbffsejntjwdlbdzzuwkjrqiiifzniptuydugdclvygwmfekqunwzoerykhmqsyfyoycswzkrkbskuqyueusuiptwgpnbpvyrzzsdohunjuduwyobsclkvnnouhagckwqkogqioqhcthgudxdresygeurxkfcwqxgnjulhmdmmwlnvdhhgodtpemddpgjjnmxeybbaufgjxqgczqhtvwbfgnonscvgckvtkyrucyrawwnofzxakcbckhybryyqojmrruxibjnjzqgdbedtzggebtvekthyfnkbwvqngdlarlqvxystdgweeoqggxngbxobabbkfkkyl' WHERE C_W_ID = 1 AND C_D_ID = 8 AND C_ID = 1283

EXPLAIN Plan:

Update on customer  (cost=0.42..8.44 rows=0 width=0) (actual time=0.113..0.114 rows=0 loops=1)

  ->  Index Scan using customer_pkey on customer  (cost=0.42..8.44 rows=1 width=550) (actual time=0.041..0.043 rows=1 loops=1)

        Index Cond: ((c_w_id = 1) AND (c_d_id = 8) AND (c_id = 1283))

Planning Time: 0.130 ms

Execution Time: 0.145 ms
Failed SQL 1483: UPDATE CUSTOMER SET C_BALANCE = -11784.01, C_YTD_PAYMENT = 11784.01, C_PAYMENT_CNT = 7, C_DATA = '1283 8 1 8 1 1776.05 | 1283 8 1 8 1 1365.36 | 1283 8 1 8 1 2431.97 | 1283 8 1 7 2 2338.13 | 1283 8 1 8 1 3627.71 | 1283 8 1 10 2 234.79 | lcparuccwukusglkbkodpyuwaxiewgbvbffsejntjwdlbdzzuwkjrqiiifzniptuydugdclvygwmfekqunwzoerykhmqsyfyoycswzkrkbskuqyueusuiptwgpnbpvyrzzsdohunjuduwyobsclkvnnouhagckwqkogqioqhcthgudxdresygeurxkfcwqxgnjulhmdmmwlnvdhhgodtpemddpgjjnmxeybbaufgjxqgczqhtvwbfgnonscvgckvtkyrucyrawwnofzxakcbckhybryyqojmrruxibjnjzqgdbedtzggebtvekthyfnkbwvqngdlarlqvxystdgweeoqggxngbxobabbkfkkyl' WHERE C_W_ID = 1 AND C_D_ID = 8 AND C_ID = 1283
Error Message: Cannot invoke "java.util.List.get(int)" because the return value of "sg.edu.nus.autotune.DB2DATA.getAllIndexes()" is null


===== Query 1484 =====

SQL: SELECT C_DISCOUNT, C_LAST, C_CREDIT, W_TAX FROM CUSTOMER, WAREHOUSE WHERE W_ID = 1 AND C_W_ID = 1 AND C_D_ID = 9 AND C_ID = 1083

EXPLAIN Plan:

Nested Loop  (cost=4.56..16.61 rows=1 width=26) (actual time=0.088..0.091 rows=1 loops=1)

  ->  Index Scan using customer_pkey on customer  (cost=0.42..8.44 rows=1 width=21) (actual time=0.063..0.064 rows=1 loops=1)

        Index Cond: ((c_w_id = 1) AND (c_d_id = 9) AND (c_id = 1083))

  ->  Bitmap Heap Scan on warehouse  (cost=4.14..8.15 rows=1 width=5) (actual time=0.017..0.018 rows=1 loops=1)

        Recheck Cond: (w_id = 1)

        Heap Blocks: exact=1

        ->  Bitmap Index Scan on warehouse_pkey  (cost=0.00..4.14 rows=1 width=0) (actual time=0.009..0.009 rows=1 loops=1)

              Index Cond: (w_id = 1)

Planning Time: 0.166 ms

Execution Time: 0.133 ms
Failed SQL 1484: SELECT C_DISCOUNT, C_LAST, C_CREDIT, W_TAX FROM CUSTOMER, WAREHOUSE WHERE W_ID = 1 AND C_W_ID = 1 AND C_D_ID = 9 AND C_ID = 1083
Error Message: Cannot invoke "java.util.List.get(int)" because the return value of "sg.edu.nus.autotune.DB2DATA.getAllIndexes()" is null


===== Query 1485 =====

SQL: SELECT D_NEXT_O_ID, D_TAX FROM DISTRICT WHERE D_W_ID = 1 AND D_ID = 9

EXPLAIN Plan:

Bitmap Heap Scan on district  (cost=4.28..11.66 rows=2 width=9) (actual time=0.040..0.041 rows=1 loops=1)

  Recheck Cond: ((d_w_id = 1) AND (d_id = 9))

  Heap Blocks: exact=1

  ->  Bitmap Index Scan on district_pkey  (cost=0.00..4.28 rows=2 width=0) (actual time=0.014..0.014 rows=1 loops=1)

        Index Cond: ((d_w_id = 1) AND (d_id = 9))

Planning Time: 0.087 ms

Execution Time: 0.067 ms
Failed SQL 1485: SELECT D_NEXT_O_ID, D_TAX FROM DISTRICT WHERE D_W_ID = 1 AND D_ID = 9
Error Message: Cannot invoke "java.util.List.get(int)" because the return value of "sg.edu.nus.autotune.DB2DATA.getAllIndexes()" is null


===== Query 1486 =====

SQL: UPDATE DISTRICT SET D_NEXT_O_ID = D_NEXT_O_ID + 1 WHERE D_W_ID = 1 AND D_ID = 9

EXPLAIN Plan:

Update on district  (cost=4.28..11.67 rows=0 width=0) (actual time=0.075..0.076 rows=0 loops=1)

  ->  Bitmap Heap Scan on district  (cost=4.28..11.67 rows=2 width=10) (actual time=0.023..0.024 rows=1 loops=1)

        Recheck Cond: ((d_w_id = 1) AND (d_id = 9))

        Heap Blocks: exact=1

        ->  Bitmap Index Scan on district_pkey  (cost=0.00..4.28 rows=2 width=0) (actual time=0.014..0.014 rows=1 loops=1)

              Index Cond: ((d_w_id = 1) AND (d_id = 9))

Planning Time: 0.110 ms

Execution Time: 0.115 ms
Failed SQL 1486: UPDATE DISTRICT SET D_NEXT_O_ID = D_NEXT_O_ID + 1 WHERE D_W_ID = 1 AND D_ID = 9
Error Message: Cannot invoke "java.util.List.get(int)" because the return value of "sg.edu.nus.autotune.DB2DATA.getAllIndexes()" is null


===== Query 1487 =====

SQL: SELECT I_PRICE, I_NAME , I_DATA FROM ITEM WHERE I_ID = 97223

EXPLAIN Plan:

Index Scan using item_pkey on item  (cost=0.29..8.31 rows=1 width=61) (actual time=0.941..0.944 rows=1 loops=1)

  Index Cond: (i_id = 97223)

Planning Time: 0.094 ms

Execution Time: 0.968 ms
Failed SQL 1487: SELECT I_PRICE, I_NAME , I_DATA FROM ITEM WHERE I_ID = 97223
Error Message: Cannot invoke "java.util.List.get(int)" because the return value of "sg.edu.nus.autotune.DB2DATA.getAllIndexes()" is null


===== Query 1488 =====

SQL: SELECT OL_I_ID, OL_SUPPLY_W_ID, OL_QUANTITY, OL_AMOUNT, OL_DELIVERY_D FROM ORDER_LINE WHERE OL_O_ID = 1884 AND OL_D_ID = 10 AND OL_W_ID = 2

EXPLAIN Plan:

Index Scan using order_line_pkey on order_line  (cost=0.43..43.81 rows=10 width=27) (actual time=0.756..0.764 rows=12 loops=1)

  Index Cond: ((ol_w_id = 2) AND (ol_d_id = 10) AND (ol_o_id = 1884))

Planning Time: 0.096 ms

Execution Time: 0.790 ms
Failed SQL 1488: SELECT OL_I_ID, OL_SUPPLY_W_ID, OL_QUANTITY, OL_AMOUNT, OL_DELIVERY_D FROM ORDER_LINE WHERE OL_O_ID = 1884 AND OL_D_ID = 10 AND OL_W_ID = 2
Error Message: Cannot invoke "java.util.List.get(int)" because the return value of "sg.edu.nus.autotune.DB2DATA.getAllIndexes()" is null


===== Query 1489 =====

SQL: SELECT S_QUANTITY, S_DATA, S_DIST_01, S_DIST_02, S_DIST_03, S_DIST_04, S_DIST_05, S_DIST_06, S_DIST_07, S_DIST_08, S_DIST_09, S_DIST_10 FROM STOCK WHERE S_I_ID = 97223 AND S_W_ID = 1

EXPLAIN Plan:

Index Scan using stock_pkey on stock  (cost=0.42..8.44 rows=1 width=291) (actual time=0.820..0.821 rows=1 loops=1)

  Index Cond: ((s_w_id = 1) AND (s_i_id = 97223))

Planning Time: 0.077 ms

Execution Time: 0.838 ms
Failed SQL 1489: SELECT S_QUANTITY, S_DATA, S_DIST_01, S_DIST_02, S_DIST_03, S_DIST_04, S_DIST_05, S_DIST_06, S_DIST_07, S_DIST_08, S_DIST_09, S_DIST_10 FROM STOCK WHERE S_I_ID = 97223 AND S_W_ID = 1
Error Message: Cannot invoke "java.util.List.get(int)" because the return value of "sg.edu.nus.autotune.DB2DATA.getAllIndexes()" is null


===== Query 1490 =====

SQL: UPDATE STOCK SET S_QUANTITY = 83, S_YTD = S_YTD + 9, S_ORDER_CNT = S_ORDER_CNT + 1, S_REMOTE_CNT = S_REMOTE_CNT + 0 WHERE S_I_ID = 97223 AND S_W_ID = 1

EXPLAIN Plan:

Update on stock  (cost=0.42..8.45 rows=0 width=0) (actual time=0.108..0.109 rows=0 loops=1)

  ->  Index Scan using stock_pkey on stock  (cost=0.42..8.45 rows=1 width=32) (actual time=0.027..0.029 rows=1 loops=1)

        Index Cond: ((s_w_id = 1) AND (s_i_id = 97223))

Planning Time: 0.114 ms

Execution Time: 0.138 ms
Failed SQL 1490: UPDATE STOCK SET S_QUANTITY = 83, S_YTD = S_YTD + 9, S_ORDER_CNT = S_ORDER_CNT + 1, S_REMOTE_CNT = S_REMOTE_CNT + 0 WHERE S_I_ID = 97223 AND S_W_ID = 1
Error Message: Cannot invoke "java.util.List.get(int)" because the return value of "sg.edu.nus.autotune.DB2DATA.getAllIndexes()" is null


===== Query 1491 =====

SQL: SELECT I_PRICE, I_NAME , I_DATA FROM ITEM WHERE I_ID = 46310

EXPLAIN Plan:

Index Scan using item_pkey on item  (cost=0.29..8.31 rows=1 width=61) (actual time=1.136..1.139 rows=1 loops=1)

  Index Cond: (i_id = 46310)

Planning Time: 0.096 ms

Execution Time: 1.160 ms
Failed SQL 1491: SELECT I_PRICE, I_NAME , I_DATA FROM ITEM WHERE I_ID = 46310
Error Message: Cannot invoke "java.util.List.get(int)" because the return value of "sg.edu.nus.autotune.DB2DATA.getAllIndexes()" is null


===== Query 1492 =====

SQL: SELECT S_QUANTITY, S_DATA, S_DIST_01, S_DIST_02, S_DIST_03, S_DIST_04, S_DIST_05, S_DIST_06, S_DIST_07, S_DIST_08, S_DIST_09, S_DIST_10 FROM STOCK WHERE S_I_ID = 46310 AND S_W_ID = 1

EXPLAIN Plan:

Index Scan using stock_pkey on stock  (cost=0.42..8.44 rows=1 width=291) (actual time=0.517..0.519 rows=1 loops=1)

  Index Cond: ((s_w_id = 1) AND (s_i_id = 46310))

Planning Time: 0.064 ms

Execution Time: 0.537 ms
Failed SQL 1492: SELECT S_QUANTITY, S_DATA, S_DIST_01, S_DIST_02, S_DIST_03, S_DIST_04, S_DIST_05, S_DIST_06, S_DIST_07, S_DIST_08, S_DIST_09, S_DIST_10 FROM STOCK WHERE S_I_ID = 46310 AND S_W_ID = 1
Error Message: Cannot invoke "java.util.List.get(int)" because the return value of "sg.edu.nus.autotune.DB2DATA.getAllIndexes()" is null


===== Query 1493 =====

SQL: SELECT C_DISCOUNT, C_LAST, C_CREDIT, W_TAX FROM CUSTOMER, WAREHOUSE WHERE W_ID = 2 AND C_W_ID = 2 AND C_D_ID = 9 AND C_ID = 1183

EXPLAIN Plan:

Nested Loop  (cost=4.56..16.61 rows=1 width=26) (actual time=1.377..1.380 rows=1 loops=1)

  ->  Index Scan using customer_pkey on customer  (cost=0.42..8.44 rows=1 width=21) (actual time=1.349..1.350 rows=1 loops=1)

        Index Cond: ((c_w_id = 2) AND (c_d_id = 9) AND (c_id = 1183))

  ->  Bitmap Heap Scan on warehouse  (cost=4.14..8.15 rows=1 width=5) (actual time=0.015..0.016 rows=1 loops=1)

        Recheck Cond: (w_id = 2)

        Heap Blocks: exact=1

        ->  Bitmap Index Scan on warehouse_pkey  (cost=0.00..4.14 rows=1 width=0) (actual time=0.007..0.007 rows=1 loops=1)

              Index Cond: (w_id = 2)

Planning Time: 0.162 ms

Execution Time: 1.422 ms
Failed SQL 1493: SELECT C_DISCOUNT, C_LAST, C_CREDIT, W_TAX FROM CUSTOMER, WAREHOUSE WHERE W_ID = 2 AND C_W_ID = 2 AND C_D_ID = 9 AND C_ID = 1183
Error Message: Cannot invoke "java.util.List.get(int)" because the return value of "sg.edu.nus.autotune.DB2DATA.getAllIndexes()" is null


===== Query 1494 =====

SQL: UPDATE STOCK SET S_QUANTITY = 61, S_YTD = S_YTD + 2, S_ORDER_CNT = S_ORDER_CNT + 1, S_REMOTE_CNT = S_REMOTE_CNT + 0 WHERE S_I_ID = 46310 AND S_W_ID = 1

EXPLAIN Plan:

Update on stock  (cost=0.42..8.45 rows=0 width=0) (actual time=0.066..0.067 rows=0 loops=1)

  ->  Index Scan using stock_pkey on stock  (cost=0.42..8.45 rows=1 width=32) (actual time=0.024..0.025 rows=1 loops=1)

        Index Cond: ((s_w_id = 1) AND (s_i_id = 46310))

Planning Time: 0.101 ms

Execution Time: 0.104 ms
Failed SQL 1494: UPDATE STOCK SET S_QUANTITY = 61, S_YTD = S_YTD + 2, S_ORDER_CNT = S_ORDER_CNT + 1, S_REMOTE_CNT = S_REMOTE_CNT + 0 WHERE S_I_ID = 46310 AND S_W_ID = 1
Error Message: Cannot invoke "java.util.List.get(int)" because the return value of "sg.edu.nus.autotune.DB2DATA.getAllIndexes()" is null


===== Query 1495 =====

SQL: SELECT I_PRICE, I_NAME , I_DATA FROM ITEM WHERE I_ID = 64601

EXPLAIN Plan:

Index Scan using item_pkey on item  (cost=0.29..8.31 rows=1 width=61) (actual time=0.049..0.050 rows=1 loops=1)

  Index Cond: (i_id = 64601)

Planning Time: 0.078 ms

Execution Time: 0.068 ms
Failed SQL 1495: SELECT I_PRICE, I_NAME , I_DATA FROM ITEM WHERE I_ID = 64601
Error Message: Cannot invoke "java.util.List.get(int)" because the return value of "sg.edu.nus.autotune.DB2DATA.getAllIndexes()" is null


===== Query 1496 =====

SQL: SELECT S_QUANTITY, S_DATA, S_DIST_01, S_DIST_02, S_DIST_03, S_DIST_04, S_DIST_05, S_DIST_06, S_DIST_07, S_DIST_08, S_DIST_09, S_DIST_10 FROM STOCK WHERE S_I_ID = 64601 AND S_W_ID = 1

EXPLAIN Plan:

Index Scan using stock_pkey on stock  (cost=0.42..8.44 rows=1 width=291) (actual time=0.074..0.076 rows=1 loops=1)

  Index Cond: ((s_w_id = 1) AND (s_i_id = 64601))

Planning Time: 0.106 ms

Execution Time: 0.100 ms
Failed SQL 1496: SELECT S_QUANTITY, S_DATA, S_DIST_01, S_DIST_02, S_DIST_03, S_DIST_04, S_DIST_05, S_DIST_06, S_DIST_07, S_DIST_08, S_DIST_09, S_DIST_10 FROM STOCK WHERE S_I_ID = 64601 AND S_W_ID = 1
Error Message: Cannot invoke "java.util.List.get(int)" because the return value of "sg.edu.nus.autotune.DB2DATA.getAllIndexes()" is null


===== Query 1497 =====

SQL: UPDATE STOCK SET S_QUANTITY = 45, S_YTD = S_YTD + 1, S_ORDER_CNT = S_ORDER_CNT + 1, S_REMOTE_CNT = S_REMOTE_CNT + 0 WHERE S_I_ID = 64601 AND S_W_ID = 1

EXPLAIN Plan:

Update on stock  (cost=0.42..8.45 rows=0 width=0) (actual time=0.107..0.108 rows=0 loops=1)

  ->  Index Scan using stock_pkey on stock  (cost=0.42..8.45 rows=1 width=32) (actual time=0.028..0.030 rows=1 loops=1)

        Index Cond: ((s_w_id = 1) AND (s_i_id = 64601))

Planning Time: 0.124 ms

Execution Time: 0.138 ms
Failed SQL 1497: UPDATE STOCK SET S_QUANTITY = 45, S_YTD = S_YTD + 1, S_ORDER_CNT = S_ORDER_CNT + 1, S_REMOTE_CNT = S_REMOTE_CNT + 0 WHERE S_I_ID = 64601 AND S_W_ID = 1
Error Message: Cannot invoke "java.util.List.get(int)" because the return value of "sg.edu.nus.autotune.DB2DATA.getAllIndexes()" is null


===== Query 1498 =====

SQL: SELECT I_PRICE, I_NAME , I_DATA FROM ITEM WHERE I_ID = 44227

EXPLAIN Plan:

Index Scan using item_pkey on item  (cost=0.29..8.31 rows=1 width=61) (actual time=1.262..1.264 rows=1 loops=1)

  Index Cond: (i_id = 44227)

Planning Time: 0.078 ms

Execution Time: 1.284 ms
Failed SQL 1498: SELECT I_PRICE, I_NAME , I_DATA FROM ITEM WHERE I_ID = 44227
Error Message: Cannot invoke "java.util.List.get(int)" because the return value of "sg.edu.nus.autotune.DB2DATA.getAllIndexes()" is null


===== Query 1499 =====

SQL: SELECT D_NEXT_O_ID, D_TAX FROM DISTRICT WHERE D_W_ID = 2 AND D_ID = 9

EXPLAIN Plan:

Bitmap Heap Scan on district  (cost=4.28..11.66 rows=2 width=9) (actual time=0.021..0.022 rows=1 loops=1)

  Recheck Cond: ((d_w_id = 2) AND (d_id = 9))

  Heap Blocks: exact=1

  ->  Bitmap Index Scan on district_pkey  (cost=0.00..4.28 rows=2 width=0) (actual time=0.012..0.013 rows=1 loops=1)

        Index Cond: ((d_w_id = 2) AND (d_id = 9))

Planning Time: 0.091 ms

Execution Time: 0.049 ms
Failed SQL 1499: SELECT D_NEXT_O_ID, D_TAX FROM DISTRICT WHERE D_W_ID = 2 AND D_ID = 9
Error Message: Cannot invoke "java.util.List.get(int)" because the return value of "sg.edu.nus.autotune.DB2DATA.getAllIndexes()" is null


===== Query 1500 =====

SQL: UPDATE DISTRICT SET D_NEXT_O_ID = D_NEXT_O_ID + 1 WHERE D_W_ID = 2 AND D_ID = 9

EXPLAIN Plan:

Update on district  (cost=4.28..11.67 rows=0 width=0) (actual time=0.060..0.060 rows=0 loops=1)

  ->  Bitmap Heap Scan on district  (cost=4.28..11.67 rows=2 width=10) (actual time=0.020..0.021 rows=1 loops=1)

        Recheck Cond: ((d_w_id = 2) AND (d_id = 9))

        Heap Blocks: exact=1

        ->  Bitmap Index Scan on district_pkey  (cost=0.00..4.28 rows=2 width=0) (actual time=0.011..0.012 rows=1 loops=1)

              Index Cond: ((d_w_id = 2) AND (d_id = 9))

Planning Time: 0.089 ms

Execution Time: 0.096 ms
Failed SQL 1500: UPDATE DISTRICT SET D_NEXT_O_ID = D_NEXT_O_ID + 1 WHERE D_W_ID = 2 AND D_ID = 9
Error Message: Cannot invoke "java.util.List.get(int)" because the return value of "sg.edu.nus.autotune.DB2DATA.getAllIndexes()" is null


===== Query 1501 =====

SQL: SELECT S_QUANTITY, S_DATA, S_DIST_01, S_DIST_02, S_DIST_03, S_DIST_04, S_DIST_05, S_DIST_06, S_DIST_07, S_DIST_08, S_DIST_09, S_DIST_10 FROM STOCK WHERE S_I_ID = 44227 AND S_W_ID = 1

EXPLAIN Plan:

Index Scan using stock_pkey on stock  (cost=0.42..8.44 rows=1 width=291) (actual time=1.041..1.044 rows=1 loops=1)

  Index Cond: ((s_w_id = 1) AND (s_i_id = 44227))

Planning Time: 0.091 ms

Execution Time: 1.067 ms
Failed SQL 1501: SELECT S_QUANTITY, S_DATA, S_DIST_01, S_DIST_02, S_DIST_03, S_DIST_04, S_DIST_05, S_DIST_06, S_DIST_07, S_DIST_08, S_DIST_09, S_DIST_10 FROM STOCK WHERE S_I_ID = 44227 AND S_W_ID = 1
Error Message: Cannot invoke "java.util.List.get(int)" because the return value of "sg.edu.nus.autotune.DB2DATA.getAllIndexes()" is null


===== Query 1502 =====

SQL: SELECT I_PRICE, I_NAME , I_DATA FROM ITEM WHERE I_ID = 20955

EXPLAIN Plan:

Index Scan using item_pkey on item  (cost=0.29..8.31 rows=1 width=61) (actual time=1.126..1.128 rows=1 loops=1)

  Index Cond: (i_id = 20955)

Planning Time: 0.077 ms

Execution Time: 1.148 ms
Failed SQL 1502: SELECT I_PRICE, I_NAME , I_DATA FROM ITEM WHERE I_ID = 20955
Error Message: Cannot invoke "java.util.List.get(int)" because the return value of "sg.edu.nus.autotune.DB2DATA.getAllIndexes()" is null


===== Query 1503 =====

SQL: UPDATE STOCK SET S_QUANTITY = 72, S_YTD = S_YTD + 10, S_ORDER_CNT = S_ORDER_CNT + 1, S_REMOTE_CNT = S_REMOTE_CNT + 0 WHERE S_I_ID = 44227 AND S_W_ID = 1

EXPLAIN Plan:

Update on stock  (cost=0.42..8.45 rows=0 width=0) (actual time=0.071..0.072 rows=0 loops=1)

  ->  Index Scan using stock_pkey on stock  (cost=0.42..8.45 rows=1 width=32) (actual time=0.023..0.025 rows=1 loops=1)

        Index Cond: ((s_w_id = 1) AND (s_i_id = 44227))

Planning Time: 0.098 ms

Execution Time: 0.099 ms
Failed SQL 1503: UPDATE STOCK SET S_QUANTITY = 72, S_YTD = S_YTD + 10, S_ORDER_CNT = S_ORDER_CNT + 1, S_REMOTE_CNT = S_REMOTE_CNT + 0 WHERE S_I_ID = 44227 AND S_W_ID = 1
Error Message: Cannot invoke "java.util.List.get(int)" because the return value of "sg.edu.nus.autotune.DB2DATA.getAllIndexes()" is null


===== Query 1504 =====

SQL: SELECT I_PRICE, I_NAME , I_DATA FROM ITEM WHERE I_ID = 48215

EXPLAIN Plan:

Index Scan using item_pkey on item  (cost=0.29..8.31 rows=1 width=61) (actual time=0.023..0.024 rows=1 loops=1)

  Index Cond: (i_id = 48215)

Planning Time: 0.074 ms

Execution Time: 0.041 ms
Failed SQL 1504: SELECT I_PRICE, I_NAME , I_DATA FROM ITEM WHERE I_ID = 48215
Error Message: Cannot invoke "java.util.List.get(int)" because the return value of "sg.edu.nus.autotune.DB2DATA.getAllIndexes()" is null


===== Query 1505 =====

SQL: SELECT S_QUANTITY, S_DATA, S_DIST_01, S_DIST_02, S_DIST_03, S_DIST_04, S_DIST_05, S_DIST_06, S_DIST_07, S_DIST_08, S_DIST_09, S_DIST_10 FROM STOCK WHERE S_I_ID = 48215 AND S_W_ID = 1

EXPLAIN Plan:

Index Scan using stock_pkey on stock  (cost=0.42..8.44 rows=1 width=291) (actual time=0.875..0.878 rows=1 loops=1)

  Index Cond: ((s_w_id = 1) AND (s_i_id = 48215))

Planning Time: 0.089 ms

Execution Time: 0.901 ms
Failed SQL 1505: SELECT S_QUANTITY, S_DATA, S_DIST_01, S_DIST_02, S_DIST_03, S_DIST_04, S_DIST_05, S_DIST_06, S_DIST_07, S_DIST_08, S_DIST_09, S_DIST_10 FROM STOCK WHERE S_I_ID = 48215 AND S_W_ID = 1
Error Message: Cannot invoke "java.util.List.get(int)" because the return value of "sg.edu.nus.autotune.DB2DATA.getAllIndexes()" is null


===== Query 1506 =====

SQL: SELECT S_QUANTITY, S_DATA, S_DIST_01, S_DIST_02, S_DIST_03, S_DIST_04, S_DIST_05, S_DIST_06, S_DIST_07, S_DIST_08, S_DIST_09, S_DIST_10 FROM STOCK WHERE S_I_ID = 20955 AND S_W_ID = 2

EXPLAIN Plan:

Index Scan using stock_pkey on stock  (cost=0.42..8.44 rows=1 width=291) (actual time=0.045..0.047 rows=1 loops=1)

  Index Cond: ((s_w_id = 2) AND (s_i_id = 20955))

Planning Time: 0.105 ms

Execution Time: 0.071 ms
Failed SQL 1506: SELECT S_QUANTITY, S_DATA, S_DIST_01, S_DIST_02, S_DIST_03, S_DIST_04, S_DIST_05, S_DIST_06, S_DIST_07, S_DIST_08, S_DIST_09, S_DIST_10 FROM STOCK WHERE S_I_ID = 20955 AND S_W_ID = 2
Error Message: Cannot invoke "java.util.List.get(int)" because the return value of "sg.edu.nus.autotune.DB2DATA.getAllIndexes()" is null


===== Query 1507 =====

SQL: UPDATE STOCK SET S_QUANTITY = 74, S_YTD = S_YTD + 8, S_ORDER_CNT = S_ORDER_CNT + 1, S_REMOTE_CNT = S_REMOTE_CNT + 0 WHERE S_I_ID = 48215 AND S_W_ID = 1

EXPLAIN Plan:

Update on stock  (cost=0.42..8.45 rows=0 width=0) (actual time=0.098..0.099 rows=0 loops=1)

  ->  Index Scan using stock_pkey on stock  (cost=0.42..8.45 rows=1 width=32) (actual time=0.029..0.031 rows=1 loops=1)

        Index Cond: ((s_w_id = 1) AND (s_i_id = 48215))

Planning Time: 0.116 ms

Execution Time: 0.130 ms
Failed SQL 1507: UPDATE STOCK SET S_QUANTITY = 74, S_YTD = S_YTD + 8, S_ORDER_CNT = S_ORDER_CNT + 1, S_REMOTE_CNT = S_REMOTE_CNT + 0 WHERE S_I_ID = 48215 AND S_W_ID = 1
Error Message: Cannot invoke "java.util.List.get(int)" because the return value of "sg.edu.nus.autotune.DB2DATA.getAllIndexes()" is null


===== Query 1508 =====

SQL: SELECT I_PRICE, I_NAME , I_DATA FROM ITEM WHERE I_ID = 31183

EXPLAIN Plan:

Index Scan using item_pkey on item  (cost=0.29..8.31 rows=1 width=61) (actual time=0.853..0.855 rows=1 loops=1)

  Index Cond: (i_id = 31183)

Planning Time: 0.083 ms

Execution Time: 0.875 ms
Failed SQL 1508: SELECT I_PRICE, I_NAME , I_DATA FROM ITEM WHERE I_ID = 31183
Error Message: Cannot invoke "java.util.List.get(int)" because the return value of "sg.edu.nus.autotune.DB2DATA.getAllIndexes()" is null


===== Query 1509 =====

SQL: UPDATE STOCK SET S_QUANTITY = 58, S_YTD = S_YTD + 6, S_ORDER_CNT = S_ORDER_CNT + 1, S_REMOTE_CNT = S_REMOTE_CNT + 0 WHERE S_I_ID = 20955 AND S_W_ID = 2

EXPLAIN Plan:

Update on stock  (cost=0.42..8.45 rows=0 width=0) (actual time=0.102..0.102 rows=0 loops=1)

  ->  Index Scan using stock_pkey on stock  (cost=0.42..8.45 rows=1 width=32) (actual time=0.023..0.024 rows=1 loops=1)

        Index Cond: ((s_w_id = 2) AND (s_i_id = 20955))

Planning Time: 0.097 ms

Execution Time: 0.129 ms
Failed SQL 1509: UPDATE STOCK SET S_QUANTITY = 58, S_YTD = S_YTD + 6, S_ORDER_CNT = S_ORDER_CNT + 1, S_REMOTE_CNT = S_REMOTE_CNT + 0 WHERE S_I_ID = 20955 AND S_W_ID = 2
Error Message: Cannot invoke "java.util.List.get(int)" because the return value of "sg.edu.nus.autotune.DB2DATA.getAllIndexes()" is null


===== Query 1510 =====

SQL: SELECT I_PRICE, I_NAME , I_DATA FROM ITEM WHERE I_ID = 57031

EXPLAIN Plan:

Index Scan using item_pkey on item  (cost=0.29..8.31 rows=1 width=61) (actual time=0.051..0.052 rows=1 loops=1)

  Index Cond: (i_id = 57031)

Planning Time: 0.073 ms

Execution Time: 0.070 ms
Failed SQL 1510: SELECT I_PRICE, I_NAME , I_DATA FROM ITEM WHERE I_ID = 57031
Error Message: Cannot invoke "java.util.List.get(int)" because the return value of "sg.edu.nus.autotune.DB2DATA.getAllIndexes()" is null


===== Query 1511 =====

SQL: SELECT S_QUANTITY, S_DATA, S_DIST_01, S_DIST_02, S_DIST_03, S_DIST_04, S_DIST_05, S_DIST_06, S_DIST_07, S_DIST_08, S_DIST_09, S_DIST_10 FROM STOCK WHERE S_I_ID = 57031 AND S_W_ID = 2

EXPLAIN Plan:

Index Scan using stock_pkey on stock  (cost=0.42..8.44 rows=1 width=291) (actual time=0.072..0.073 rows=1 loops=1)

  Index Cond: ((s_w_id = 2) AND (s_i_id = 57031))

Planning Time: 0.095 ms

Execution Time: 0.095 ms
Failed SQL 1511: SELECT S_QUANTITY, S_DATA, S_DIST_01, S_DIST_02, S_DIST_03, S_DIST_04, S_DIST_05, S_DIST_06, S_DIST_07, S_DIST_08, S_DIST_09, S_DIST_10 FROM STOCK WHERE S_I_ID = 57031 AND S_W_ID = 2
Error Message: Cannot invoke "java.util.List.get(int)" because the return value of "sg.edu.nus.autotune.DB2DATA.getAllIndexes()" is null


===== Query 1512 =====

SQL: UPDATE STOCK SET S_QUANTITY = 51, S_YTD = S_YTD + 6, S_ORDER_CNT = S_ORDER_CNT + 1, S_REMOTE_CNT = S_REMOTE_CNT + 0 WHERE S_I_ID = 57031 AND S_W_ID = 2

EXPLAIN Plan:

Update on stock  (cost=0.42..8.45 rows=0 width=0) (actual time=0.083..0.084 rows=0 loops=1)

  ->  Index Scan using stock_pkey on stock  (cost=0.42..8.45 rows=1 width=32) (actual time=0.026..0.028 rows=1 loops=1)

        Index Cond: ((s_w_id = 2) AND (s_i_id = 57031))

Planning Time: 0.106 ms

Execution Time: 0.112 ms
Failed SQL 1512: UPDATE STOCK SET S_QUANTITY = 51, S_YTD = S_YTD + 6, S_ORDER_CNT = S_ORDER_CNT + 1, S_REMOTE_CNT = S_REMOTE_CNT + 0 WHERE S_I_ID = 57031 AND S_W_ID = 2
Error Message: Cannot invoke "java.util.List.get(int)" because the return value of "sg.edu.nus.autotune.DB2DATA.getAllIndexes()" is null


===== Query 1513 =====

SQL: SELECT I_PRICE, I_NAME , I_DATA FROM ITEM WHERE I_ID = 93410

EXPLAIN Plan:

Index Scan using item_pkey on item  (cost=0.29..8.31 rows=1 width=61) (actual time=1.014..1.016 rows=1 loops=1)

  Index Cond: (i_id = 93410)

Planning Time: 0.069 ms

Execution Time: 1.036 ms
Failed SQL 1513: SELECT I_PRICE, I_NAME , I_DATA FROM ITEM WHERE I_ID = 93410
Error Message: Cannot invoke "java.util.List.get(int)" because the return value of "sg.edu.nus.autotune.DB2DATA.getAllIndexes()" is null


===== Query 1514 =====

SQL: SELECT S_QUANTITY, S_DATA, S_DIST_01, S_DIST_02, S_DIST_03, S_DIST_04, S_DIST_05, S_DIST_06, S_DIST_07, S_DIST_08, S_DIST_09, S_DIST_10 FROM STOCK WHERE S_I_ID = 31183 AND S_W_ID = 1

EXPLAIN Plan:

Index Scan using stock_pkey on stock  (cost=0.42..8.44 rows=1 width=291) (actual time=0.872..0.874 rows=1 loops=1)

  Index Cond: ((s_w_id = 1) AND (s_i_id = 31183))

Planning Time: 0.095 ms

Execution Time: 0.898 ms
Failed SQL 1514: SELECT S_QUANTITY, S_DATA, S_DIST_01, S_DIST_02, S_DIST_03, S_DIST_04, S_DIST_05, S_DIST_06, S_DIST_07, S_DIST_08, S_DIST_09, S_DIST_10 FROM STOCK WHERE S_I_ID = 31183 AND S_W_ID = 1
Error Message: Cannot invoke "java.util.List.get(int)" because the return value of "sg.edu.nus.autotune.DB2DATA.getAllIndexes()" is null


===== Query 1515 =====

SQL: SELECT S_QUANTITY, S_DATA, S_DIST_01, S_DIST_02, S_DIST_03, S_DIST_04, S_DIST_05, S_DIST_06, S_DIST_07, S_DIST_08, S_DIST_09, S_DIST_10 FROM STOCK WHERE S_I_ID = 93410 AND S_W_ID = 2

EXPLAIN Plan:

Index Scan using stock_pkey on stock  (cost=0.42..8.44 rows=1 width=291) (actual time=0.858..0.860 rows=1 loops=1)

  Index Cond: ((s_w_id = 2) AND (s_i_id = 93410))

Planning Time: 0.091 ms

Execution Time: 0.895 ms
Failed SQL 1515: SELECT S_QUANTITY, S_DATA, S_DIST_01, S_DIST_02, S_DIST_03, S_DIST_04, S_DIST_05, S_DIST_06, S_DIST_07, S_DIST_08, S_DIST_09, S_DIST_10 FROM STOCK WHERE S_I_ID = 93410 AND S_W_ID = 2
Error Message: Cannot invoke "java.util.List.get(int)" because the return value of "sg.edu.nus.autotune.DB2DATA.getAllIndexes()" is null


===== Query 1516 =====

SQL: UPDATE STOCK SET S_QUANTITY = 45, S_YTD = S_YTD + 9, S_ORDER_CNT = S_ORDER_CNT + 1, S_REMOTE_CNT = S_REMOTE_CNT + 0 WHERE S_I_ID = 31183 AND S_W_ID = 1

EXPLAIN Plan:

Update on stock  (cost=0.42..8.45 rows=0 width=0) (actual time=0.110..0.111 rows=0 loops=1)

  ->  Index Scan using stock_pkey on stock  (cost=0.42..8.45 rows=1 width=32) (actual time=0.036..0.037 rows=1 loops=1)

        Index Cond: ((s_w_id = 1) AND (s_i_id = 31183))

Planning Time: 0.120 ms

Execution Time: 0.142 ms
Failed SQL 1516: UPDATE STOCK SET S_QUANTITY = 45, S_YTD = S_YTD + 9, S_ORDER_CNT = S_ORDER_CNT + 1, S_REMOTE_CNT = S_REMOTE_CNT + 0 WHERE S_I_ID = 31183 AND S_W_ID = 1
Error Message: Cannot invoke "java.util.List.get(int)" because the return value of "sg.edu.nus.autotune.DB2DATA.getAllIndexes()" is null


===== Query 1517 =====

SQL: SELECT I_PRICE, I_NAME , I_DATA FROM ITEM WHERE I_ID = 97766

EXPLAIN Plan:

Index Scan using item_pkey on item  (cost=0.29..8.31 rows=1 width=61) (actual time=0.055..0.057 rows=1 loops=1)

  Index Cond: (i_id = 97766)

Planning Time: 0.090 ms

Execution Time: 0.077 ms
Failed SQL 1517: SELECT I_PRICE, I_NAME , I_DATA FROM ITEM WHERE I_ID = 97766
Error Message: Cannot invoke "java.util.List.get(int)" because the return value of "sg.edu.nus.autotune.DB2DATA.getAllIndexes()" is null


===== Query 1518 =====

SQL: SELECT S_QUANTITY, S_DATA, S_DIST_01, S_DIST_02, S_DIST_03, S_DIST_04, S_DIST_05, S_DIST_06, S_DIST_07, S_DIST_08, S_DIST_09, S_DIST_10 FROM STOCK WHERE S_I_ID = 97766 AND S_W_ID = 1

EXPLAIN Plan:

Index Scan using stock_pkey on stock  (cost=0.42..8.44 rows=1 width=291) (actual time=0.850..0.853 rows=1 loops=1)

  Index Cond: ((s_w_id = 1) AND (s_i_id = 97766))

Planning Time: 0.096 ms

Execution Time: 0.877 ms
Failed SQL 1518: SELECT S_QUANTITY, S_DATA, S_DIST_01, S_DIST_02, S_DIST_03, S_DIST_04, S_DIST_05, S_DIST_06, S_DIST_07, S_DIST_08, S_DIST_09, S_DIST_10 FROM STOCK WHERE S_I_ID = 97766 AND S_W_ID = 1
Error Message: Cannot invoke "java.util.List.get(int)" because the return value of "sg.edu.nus.autotune.DB2DATA.getAllIndexes()" is null


===== Query 1519 =====

SQL: UPDATE STOCK SET S_QUANTITY = 26, S_YTD = S_YTD + 9, S_ORDER_CNT = S_ORDER_CNT + 1, S_REMOTE_CNT = S_REMOTE_CNT + 0 WHERE S_I_ID = 97766 AND S_W_ID = 1

EXPLAIN Plan:

Update on stock  (cost=0.42..8.45 rows=0 width=0) (actual time=0.070..0.071 rows=0 loops=1)

  ->  Index Scan using stock_pkey on stock  (cost=0.42..8.45 rows=1 width=32) (actual time=0.028..0.030 rows=1 loops=1)

        Index Cond: ((s_w_id = 1) AND (s_i_id = 97766))

Planning Time: 0.100 ms

Execution Time: 0.097 ms
Failed SQL 1519: UPDATE STOCK SET S_QUANTITY = 26, S_YTD = S_YTD + 9, S_ORDER_CNT = S_ORDER_CNT + 1, S_REMOTE_CNT = S_REMOTE_CNT + 0 WHERE S_I_ID = 97766 AND S_W_ID = 1
Error Message: Cannot invoke "java.util.List.get(int)" because the return value of "sg.edu.nus.autotune.DB2DATA.getAllIndexes()" is null


===== Query 1520 =====

SQL: SELECT I_PRICE, I_NAME , I_DATA FROM ITEM WHERE I_ID = 62503

EXPLAIN Plan:

Index Scan using item_pkey on item  (cost=0.29..8.31 rows=1 width=61) (actual time=0.050..0.052 rows=1 loops=1)

  Index Cond: (i_id = 62503)

Planning Time: 0.108 ms

Execution Time: 0.074 ms
Failed SQL 1520: SELECT I_PRICE, I_NAME , I_DATA FROM ITEM WHERE I_ID = 62503
Error Message: Cannot invoke "java.util.List.get(int)" because the return value of "sg.edu.nus.autotune.DB2DATA.getAllIndexes()" is null


===== Query 1521 =====

SQL: SELECT S_QUANTITY, S_DATA, S_DIST_01, S_DIST_02, S_DIST_03, S_DIST_04, S_DIST_05, S_DIST_06, S_DIST_07, S_DIST_08, S_DIST_09, S_DIST_10 FROM STOCK WHERE S_I_ID = 62503 AND S_W_ID = 1

EXPLAIN Plan:

Index Scan using stock_pkey on stock  (cost=0.42..8.44 rows=1 width=291) (actual time=1.740..1.742 rows=1 loops=1)

  Index Cond: ((s_w_id = 1) AND (s_i_id = 62503))

Planning Time: 0.079 ms

Execution Time: 1.762 ms
Failed SQL 1521: SELECT S_QUANTITY, S_DATA, S_DIST_01, S_DIST_02, S_DIST_03, S_DIST_04, S_DIST_05, S_DIST_06, S_DIST_07, S_DIST_08, S_DIST_09, S_DIST_10 FROM STOCK WHERE S_I_ID = 62503 AND S_W_ID = 1
Error Message: Cannot invoke "java.util.List.get(int)" because the return value of "sg.edu.nus.autotune.DB2DATA.getAllIndexes()" is null


===== Query 1522 =====

SQL: UPDATE STOCK SET S_QUANTITY = 76, S_YTD = S_YTD + 5, S_ORDER_CNT = S_ORDER_CNT + 1, S_REMOTE_CNT = S_REMOTE_CNT + 0 WHERE S_I_ID = 93410 AND S_W_ID = 2

EXPLAIN Plan:

Update on stock  (cost=0.42..8.45 rows=0 width=0) (actual time=0.123..0.124 rows=0 loops=1)

  ->  Index Scan using stock_pkey on stock  (cost=0.42..8.45 rows=1 width=32) (actual time=0.036..0.038 rows=1 loops=1)

        Index Cond: ((s_w_id = 2) AND (s_i_id = 93410))

Planning Time: 0.120 ms

Execution Time: 0.153 ms
Failed SQL 1522: UPDATE STOCK SET S_QUANTITY = 76, S_YTD = S_YTD + 5, S_ORDER_CNT = S_ORDER_CNT + 1, S_REMOTE_CNT = S_REMOTE_CNT + 0 WHERE S_I_ID = 93410 AND S_W_ID = 2
Error Message: Cannot invoke "java.util.List.get(int)" because the return value of "sg.edu.nus.autotune.DB2DATA.getAllIndexes()" is null


===== Query 1523 =====

SQL: SELECT I_PRICE, I_NAME , I_DATA FROM ITEM WHERE I_ID = 13927

EXPLAIN Plan:

Index Scan using item_pkey on item  (cost=0.29..8.31 rows=1 width=61) (actual time=0.841..0.843 rows=1 loops=1)

  Index Cond: (i_id = 13927)

Planning Time: 0.080 ms

Execution Time: 0.861 ms
Failed SQL 1523: SELECT I_PRICE, I_NAME , I_DATA FROM ITEM WHERE I_ID = 13927
Error Message: Cannot invoke "java.util.List.get(int)" because the return value of "sg.edu.nus.autotune.DB2DATA.getAllIndexes()" is null


===== Query 1524 =====

SQL: SELECT S_QUANTITY, S_DATA, S_DIST_01, S_DIST_02, S_DIST_03, S_DIST_04, S_DIST_05, S_DIST_06, S_DIST_07, S_DIST_08, S_DIST_09, S_DIST_10 FROM STOCK WHERE S_I_ID = 13927 AND S_W_ID = 2

EXPLAIN Plan:

Index Scan using stock_pkey on stock  (cost=0.42..8.44 rows=1 width=291) (actual time=0.899..0.901 rows=1 loops=1)

  Index Cond: ((s_w_id = 2) AND (s_i_id = 13927))

Planning Time: 0.100 ms

Execution Time: 0.926 ms
Failed SQL 1524: SELECT S_QUANTITY, S_DATA, S_DIST_01, S_DIST_02, S_DIST_03, S_DIST_04, S_DIST_05, S_DIST_06, S_DIST_07, S_DIST_08, S_DIST_09, S_DIST_10 FROM STOCK WHERE S_I_ID = 13927 AND S_W_ID = 2
Error Message: Cannot invoke "java.util.List.get(int)" because the return value of "sg.edu.nus.autotune.DB2DATA.getAllIndexes()" is null


===== Query 1525 =====

SQL: UPDATE STOCK SET S_QUANTITY = 71, S_YTD = S_YTD + 9, S_ORDER_CNT = S_ORDER_CNT + 1, S_REMOTE_CNT = S_REMOTE_CNT + 0 WHERE S_I_ID = 13927 AND S_W_ID = 2

EXPLAIN Plan:

Update on stock  (cost=0.42..8.45 rows=0 width=0) (actual time=0.059..0.059 rows=0 loops=1)

  ->  Index Scan using stock_pkey on stock  (cost=0.42..8.45 rows=1 width=32) (actual time=0.024..0.025 rows=1 loops=1)

        Index Cond: ((s_w_id = 2) AND (s_i_id = 13927))

Planning Time: 0.099 ms

Execution Time: 0.086 ms
Failed SQL 1525: UPDATE STOCK SET S_QUANTITY = 71, S_YTD = S_YTD + 9, S_ORDER_CNT = S_ORDER_CNT + 1, S_REMOTE_CNT = S_REMOTE_CNT + 0 WHERE S_I_ID = 13927 AND S_W_ID = 2
Error Message: Cannot invoke "java.util.List.get(int)" because the return value of "sg.edu.nus.autotune.DB2DATA.getAllIndexes()" is null


===== Query 1526 =====

SQL: SELECT I_PRICE, I_NAME , I_DATA FROM ITEM WHERE I_ID = 39511

EXPLAIN Plan:

Index Scan using item_pkey on item  (cost=0.29..8.31 rows=1 width=61) (actual time=0.891..0.894 rows=1 loops=1)

  Index Cond: (i_id = 39511)

Planning Time: 0.086 ms

Execution Time: 0.916 ms
Failed SQL 1526: SELECT I_PRICE, I_NAME , I_DATA FROM ITEM WHERE I_ID = 39511
Error Message: Cannot invoke "java.util.List.get(int)" because the return value of "sg.edu.nus.autotune.DB2DATA.getAllIndexes()" is null


===== Query 1527 =====

SQL: SELECT S_QUANTITY, S_DATA, S_DIST_01, S_DIST_02, S_DIST_03, S_DIST_04, S_DIST_05, S_DIST_06, S_DIST_07, S_DIST_08, S_DIST_09, S_DIST_10 FROM STOCK WHERE S_I_ID = 39511 AND S_W_ID = 2

EXPLAIN Plan:

Index Scan using stock_pkey on stock  (cost=0.42..8.44 rows=1 width=291) (actual time=0.067..0.068 rows=1 loops=1)

  Index Cond: ((s_w_id = 2) AND (s_i_id = 39511))

Planning Time: 0.122 ms

Execution Time: 0.094 ms
Failed SQL 1527: SELECT S_QUANTITY, S_DATA, S_DIST_01, S_DIST_02, S_DIST_03, S_DIST_04, S_DIST_05, S_DIST_06, S_DIST_07, S_DIST_08, S_DIST_09, S_DIST_10 FROM STOCK WHERE S_I_ID = 39511 AND S_W_ID = 2
Error Message: Cannot invoke "java.util.List.get(int)" because the return value of "sg.edu.nus.autotune.DB2DATA.getAllIndexes()" is null


===== Query 1528 =====

SQL: UPDATE STOCK SET S_QUANTITY = 95, S_YTD = S_YTD + 2, S_ORDER_CNT = S_ORDER_CNT + 1, S_REMOTE_CNT = S_REMOTE_CNT + 0 WHERE S_I_ID = 39511 AND S_W_ID = 2

EXPLAIN Plan:

Update on stock  (cost=0.42..8.45 rows=0 width=0) (actual time=0.083..0.083 rows=0 loops=1)

  ->  Index Scan using stock_pkey on stock  (cost=0.42..8.45 rows=1 width=32) (actual time=0.026..0.028 rows=1 loops=1)

        Index Cond: ((s_w_id = 2) AND (s_i_id = 39511))

Planning Time: 0.107 ms

Execution Time: 0.121 ms
Failed SQL 1528: UPDATE STOCK SET S_QUANTITY = 95, S_YTD = S_YTD + 2, S_ORDER_CNT = S_ORDER_CNT + 1, S_REMOTE_CNT = S_REMOTE_CNT + 0 WHERE S_I_ID = 39511 AND S_W_ID = 2
Error Message: Cannot invoke "java.util.List.get(int)" because the return value of "sg.edu.nus.autotune.DB2DATA.getAllIndexes()" is null


===== Query 1529 =====

SQL: SELECT I_PRICE, I_NAME , I_DATA FROM ITEM WHERE I_ID = 3381

EXPLAIN Plan:

Index Scan using item_pkey on item  (cost=0.29..8.31 rows=1 width=61) (actual time=0.924..0.928 rows=1 loops=1)

  Index Cond: (i_id = 3381)

Planning Time: 0.074 ms

Execution Time: 0.949 ms
Failed SQL 1529: SELECT I_PRICE, I_NAME , I_DATA FROM ITEM WHERE I_ID = 3381
Error Message: Cannot invoke "java.util.List.get(int)" because the return value of "sg.edu.nus.autotune.DB2DATA.getAllIndexes()" is null


===== Query 1530 =====

SQL: SELECT S_QUANTITY, S_DATA, S_DIST_01, S_DIST_02, S_DIST_03, S_DIST_04, S_DIST_05, S_DIST_06, S_DIST_07, S_DIST_08, S_DIST_09, S_DIST_10 FROM STOCK WHERE S_I_ID = 3381 AND S_W_ID = 2

EXPLAIN Plan:

Index Scan using stock_pkey on stock  (cost=0.42..8.44 rows=1 width=291) (actual time=0.832..0.834 rows=1 loops=1)

  Index Cond: ((s_w_id = 2) AND (s_i_id = 3381))

Planning Time: 0.089 ms

Execution Time: 0.857 ms
Failed SQL 1530: SELECT S_QUANTITY, S_DATA, S_DIST_01, S_DIST_02, S_DIST_03, S_DIST_04, S_DIST_05, S_DIST_06, S_DIST_07, S_DIST_08, S_DIST_09, S_DIST_10 FROM STOCK WHERE S_I_ID = 3381 AND S_W_ID = 2
Error Message: Cannot invoke "java.util.List.get(int)" because the return value of "sg.edu.nus.autotune.DB2DATA.getAllIndexes()" is null


===== Query 1531 =====

SQL: UPDATE STOCK SET S_QUANTITY = 45, S_YTD = S_YTD + 8, S_ORDER_CNT = S_ORDER_CNT + 1, S_REMOTE_CNT = S_REMOTE_CNT + 0 WHERE S_I_ID = 3381 AND S_W_ID = 2

EXPLAIN Plan:

Update on stock  (cost=0.42..8.45 rows=0 width=0) (actual time=0.093..0.094 rows=0 loops=1)

  ->  Index Scan using stock_pkey on stock  (cost=0.42..8.45 rows=1 width=32) (actual time=0.024..0.026 rows=1 loops=1)

        Index Cond: ((s_w_id = 2) AND (s_i_id = 3381))

Planning Time: 0.099 ms

Execution Time: 0.121 ms
Failed SQL 1531: UPDATE STOCK SET S_QUANTITY = 45, S_YTD = S_YTD + 8, S_ORDER_CNT = S_ORDER_CNT + 1, S_REMOTE_CNT = S_REMOTE_CNT + 0 WHERE S_I_ID = 3381 AND S_W_ID = 2
Error Message: Cannot invoke "java.util.List.get(int)" because the return value of "sg.edu.nus.autotune.DB2DATA.getAllIndexes()" is null


===== Query 1532 =====

SQL: SELECT I_PRICE, I_NAME , I_DATA FROM ITEM WHERE I_ID = 887

EXPLAIN Plan:

Index Scan using item_pkey on item  (cost=0.29..8.31 rows=1 width=61) (actual time=1.190..1.193 rows=1 loops=1)

  Index Cond: (i_id = 887)

Planning Time: 0.080 ms

Execution Time: 1.224 ms
Failed SQL 1532: SELECT I_PRICE, I_NAME , I_DATA FROM ITEM WHERE I_ID = 887
Error Message: Cannot invoke "java.util.List.get(int)" because the return value of "sg.edu.nus.autotune.DB2DATA.getAllIndexes()" is null


===== Query 1533 =====

SQL: UPDATE STOCK SET S_QUANTITY = 54, S_YTD = S_YTD + 1, S_ORDER_CNT = S_ORDER_CNT + 1, S_REMOTE_CNT = S_REMOTE_CNT + 0 WHERE S_I_ID = 62503 AND S_W_ID = 1

EXPLAIN Plan:

Update on stock  (cost=0.42..8.45 rows=0 width=0) (actual time=0.060..0.061 rows=0 loops=1)

  ->  Index Scan using stock_pkey on stock  (cost=0.42..8.45 rows=1 width=32) (actual time=0.024..0.025 rows=1 loops=1)

        Index Cond: ((s_w_id = 1) AND (s_i_id = 62503))

Planning Time: 0.098 ms

Execution Time: 0.096 ms
Failed SQL 1533: UPDATE STOCK SET S_QUANTITY = 54, S_YTD = S_YTD + 1, S_ORDER_CNT = S_ORDER_CNT + 1, S_REMOTE_CNT = S_REMOTE_CNT + 0 WHERE S_I_ID = 62503 AND S_W_ID = 1
Error Message: Cannot invoke "java.util.List.get(int)" because the return value of "sg.edu.nus.autotune.DB2DATA.getAllIndexes()" is null


===== Query 1534 =====

SQL: SELECT I_PRICE, I_NAME , I_DATA FROM ITEM WHERE I_ID = 23839

EXPLAIN Plan:

Index Scan using item_pkey on item  (cost=0.29..8.31 rows=1 width=61) (actual time=0.066..0.067 rows=1 loops=1)

  Index Cond: (i_id = 23839)

Planning Time: 0.075 ms

Execution Time: 0.086 ms
Failed SQL 1534: SELECT I_PRICE, I_NAME , I_DATA FROM ITEM WHERE I_ID = 23839
Error Message: Cannot invoke "java.util.List.get(int)" because the return value of "sg.edu.nus.autotune.DB2DATA.getAllIndexes()" is null


===== Query 1535 =====

SQL: SELECT S_QUANTITY, S_DATA, S_DIST_01, S_DIST_02, S_DIST_03, S_DIST_04, S_DIST_05, S_DIST_06, S_DIST_07, S_DIST_08, S_DIST_09, S_DIST_10 FROM STOCK WHERE S_I_ID = 23839 AND S_W_ID = 1

EXPLAIN Plan:

Index Scan using stock_pkey on stock  (cost=0.42..8.44 rows=1 width=291) (actual time=0.935..0.938 rows=1 loops=1)

  Index Cond: ((s_w_id = 1) AND (s_i_id = 23839))

Planning Time: 0.100 ms

Execution Time: 0.962 ms
Failed SQL 1535: SELECT S_QUANTITY, S_DATA, S_DIST_01, S_DIST_02, S_DIST_03, S_DIST_04, S_DIST_05, S_DIST_06, S_DIST_07, S_DIST_08, S_DIST_09, S_DIST_10 FROM STOCK WHERE S_I_ID = 23839 AND S_W_ID = 1
Error Message: Cannot invoke "java.util.List.get(int)" because the return value of "sg.edu.nus.autotune.DB2DATA.getAllIndexes()" is null


===== Query 1536 =====

SQL: UPDATE STOCK SET S_QUANTITY = 64, S_YTD = S_YTD + 7, S_ORDER_CNT = S_ORDER_CNT + 1, S_REMOTE_CNT = S_REMOTE_CNT + 0 WHERE S_I_ID = 23839 AND S_W_ID = 1

EXPLAIN Plan:

Update on stock  (cost=0.42..8.45 rows=0 width=0) (actual time=0.126..0.127 rows=0 loops=1)

  ->  Index Scan using stock_pkey on stock  (cost=0.42..8.45 rows=1 width=32) (actual time=0.029..0.031 rows=1 loops=1)

        Index Cond: ((s_w_id = 1) AND (s_i_id = 23839))

Planning Time: 0.120 ms

Execution Time: 0.157 ms
Failed SQL 1536: UPDATE STOCK SET S_QUANTITY = 64, S_YTD = S_YTD + 7, S_ORDER_CNT = S_ORDER_CNT + 1, S_REMOTE_CNT = S_REMOTE_CNT + 0 WHERE S_I_ID = 23839 AND S_W_ID = 1
Error Message: Cannot invoke "java.util.List.get(int)" because the return value of "sg.edu.nus.autotune.DB2DATA.getAllIndexes()" is null


===== Query 1537 =====

SQL: SELECT I_PRICE, I_NAME , I_DATA FROM ITEM WHERE I_ID = 96463

EXPLAIN Plan:

Index Scan using item_pkey on item  (cost=0.29..8.31 rows=1 width=61) (actual time=0.892..0.896 rows=1 loops=1)

  Index Cond: (i_id = 96463)

Planning Time: 0.094 ms

Execution Time: 0.921 ms
Failed SQL 1537: SELECT I_PRICE, I_NAME , I_DATA FROM ITEM WHERE I_ID = 96463
Error Message: Cannot invoke "java.util.List.get(int)" because the return value of "sg.edu.nus.autotune.DB2DATA.getAllIndexes()" is null


===== Query 1538 =====

SQL: SELECT S_QUANTITY, S_DATA, S_DIST_01, S_DIST_02, S_DIST_03, S_DIST_04, S_DIST_05, S_DIST_06, S_DIST_07, S_DIST_08, S_DIST_09, S_DIST_10 FROM STOCK WHERE S_I_ID = 887 AND S_W_ID = 2

EXPLAIN Plan:

Index Scan using stock_pkey on stock  (cost=0.42..8.44 rows=1 width=291) (actual time=0.857..0.860 rows=1 loops=1)

  Index Cond: ((s_w_id = 2) AND (s_i_id = 887))

Planning Time: 0.098 ms

Execution Time: 0.883 ms
Failed SQL 1538: SELECT S_QUANTITY, S_DATA, S_DIST_01, S_DIST_02, S_DIST_03, S_DIST_04, S_DIST_05, S_DIST_06, S_DIST_07, S_DIST_08, S_DIST_09, S_DIST_10 FROM STOCK WHERE S_I_ID = 887 AND S_W_ID = 2
Error Message: Cannot invoke "java.util.List.get(int)" because the return value of "sg.edu.nus.autotune.DB2DATA.getAllIndexes()" is null


===== Query 1539 =====

SQL: SELECT S_QUANTITY, S_DATA, S_DIST_01, S_DIST_02, S_DIST_03, S_DIST_04, S_DIST_05, S_DIST_06, S_DIST_07, S_DIST_08, S_DIST_09, S_DIST_10 FROM STOCK WHERE S_I_ID = 96463 AND S_W_ID = 1

EXPLAIN Plan:

Index Scan using stock_pkey on stock  (cost=0.42..8.44 rows=1 width=291) (actual time=1.231..1.234 rows=1 loops=1)

  Index Cond: ((s_w_id = 1) AND (s_i_id = 96463))

Planning Time: 0.091 ms

Execution Time: 1.254 ms
Failed SQL 1539: SELECT S_QUANTITY, S_DATA, S_DIST_01, S_DIST_02, S_DIST_03, S_DIST_04, S_DIST_05, S_DIST_06, S_DIST_07, S_DIST_08, S_DIST_09, S_DIST_10 FROM STOCK WHERE S_I_ID = 96463 AND S_W_ID = 1
Error Message: Cannot invoke "java.util.List.get(int)" because the return value of "sg.edu.nus.autotune.DB2DATA.getAllIndexes()" is null


===== Query 1540 =====

SQL: UPDATE STOCK SET S_QUANTITY = 95, S_YTD = S_YTD + 5, S_ORDER_CNT = S_ORDER_CNT + 1, S_REMOTE_CNT = S_REMOTE_CNT + 0 WHERE S_I_ID = 887 AND S_W_ID = 2

EXPLAIN Plan:

Update on stock  (cost=0.42..8.45 rows=0 width=0) (actual time=0.068..0.069 rows=0 loops=1)

  ->  Index Scan using stock_pkey on stock  (cost=0.42..8.45 rows=1 width=32) (actual time=0.025..0.027 rows=1 loops=1)

        Index Cond: ((s_w_id = 2) AND (s_i_id = 887))

Planning Time: 0.105 ms

Execution Time: 0.097 ms
Failed SQL 1540: UPDATE STOCK SET S_QUANTITY = 95, S_YTD = S_YTD + 5, S_ORDER_CNT = S_ORDER_CNT + 1, S_REMOTE_CNT = S_REMOTE_CNT + 0 WHERE S_I_ID = 887 AND S_W_ID = 2
Error Message: Cannot invoke "java.util.List.get(int)" because the return value of "sg.edu.nus.autotune.DB2DATA.getAllIndexes()" is null


===== Query 1541 =====

SQL: SELECT I_PRICE, I_NAME , I_DATA FROM ITEM WHERE I_ID = 92839

EXPLAIN Plan:

Index Scan using item_pkey on item  (cost=0.29..8.31 rows=1 width=61) (actual time=0.075..0.076 rows=1 loops=1)

  Index Cond: (i_id = 92839)

Planning Time: 0.072 ms

Execution Time: 0.094 ms
Failed SQL 1541: SELECT I_PRICE, I_NAME , I_DATA FROM ITEM WHERE I_ID = 92839
Error Message: Cannot invoke "java.util.List.get(int)" because the return value of "sg.edu.nus.autotune.DB2DATA.getAllIndexes()" is null


===== Query 1542 =====

SQL: SELECT S_QUANTITY, S_DATA, S_DIST_01, S_DIST_02, S_DIST_03, S_DIST_04, S_DIST_05, S_DIST_06, S_DIST_07, S_DIST_08, S_DIST_09, S_DIST_10 FROM STOCK WHERE S_I_ID = 92839 AND S_W_ID = 2

EXPLAIN Plan:

Index Scan using stock_pkey on stock  (cost=0.42..8.44 rows=1 width=291) (actual time=1.067..1.069 rows=1 loops=1)

  Index Cond: ((s_w_id = 2) AND (s_i_id = 92839))

Planning Time: 0.092 ms

Execution Time: 1.092 ms
Failed SQL 1542: SELECT S_QUANTITY, S_DATA, S_DIST_01, S_DIST_02, S_DIST_03, S_DIST_04, S_DIST_05, S_DIST_06, S_DIST_07, S_DIST_08, S_DIST_09, S_DIST_10 FROM STOCK WHERE S_I_ID = 92839 AND S_W_ID = 2
Error Message: Cannot invoke "java.util.List.get(int)" because the return value of "sg.edu.nus.autotune.DB2DATA.getAllIndexes()" is null


===== Query 1543 =====

SQL: UPDATE STOCK SET S_QUANTITY = 13, S_YTD = S_YTD + 1, S_ORDER_CNT = S_ORDER_CNT + 1, S_REMOTE_CNT = S_REMOTE_CNT + 0 WHERE S_I_ID = 92839 AND S_W_ID = 2

EXPLAIN Plan:

Update on stock  (cost=0.42..8.45 rows=0 width=0) (actual time=0.038..0.039 rows=0 loops=1)

  ->  Index Scan using stock_pkey on stock  (cost=0.42..8.45 rows=1 width=32) (actual time=0.015..0.016 rows=1 loops=1)

        Index Cond: ((s_w_id = 2) AND (s_i_id = 92839))

Planning Time: 0.059 ms

Execution Time: 0.053 ms
Failed SQL 1543: UPDATE STOCK SET S_QUANTITY = 13, S_YTD = S_YTD + 1, S_ORDER_CNT = S_ORDER_CNT + 1, S_REMOTE_CNT = S_REMOTE_CNT + 0 WHERE S_I_ID = 92839 AND S_W_ID = 2
Error Message: Cannot invoke "java.util.List.get(int)" because the return value of "sg.edu.nus.autotune.DB2DATA.getAllIndexes()" is null


===== Query 1544 =====

SQL: UPDATE WAREHOUSE SET W_YTD = W_YTD + 1002.48 WHERE W_ID = 2

EXPLAIN Plan:

Update on warehouse  (cost=4.14..8.16 rows=0 width=0) (actual time=0.051..0.052 rows=0 loops=1)

  ->  Bitmap Heap Scan on warehouse  (cost=4.14..8.16 rows=1 width=22) (actual time=0.021..0.022 rows=1 loops=1)

        Recheck Cond: (w_id = 2)

        Heap Blocks: exact=1

        ->  Bitmap Index Scan on warehouse_pkey  (cost=0.00..4.14 rows=1 width=0) (actual time=0.010..0.010 rows=1 loops=1)

              Index Cond: (w_id = 2)

Planning Time: 0.083 ms

Execution Time: 0.084 ms
Failed SQL 1544: UPDATE WAREHOUSE SET W_YTD = W_YTD + 1002.48 WHERE W_ID = 2
Error Message: Cannot invoke "java.util.List.get(int)" because the return value of "sg.edu.nus.autotune.DB2DATA.getAllIndexes()" is null


===== Query 1545 =====

SQL: SELECT W_STREET_1, W_STREET_2, W_CITY, W_STATE, W_ZIP, W_NAME FROM WAREHOUSE WHERE W_ID = 2

EXPLAIN Plan:

Bitmap Heap Scan on warehouse  (cost=4.14..8.15 rows=1 width=65) (actual time=0.021..0.022 rows=1 loops=1)

  Recheck Cond: (w_id = 2)

  Heap Blocks: exact=1

  ->  Bitmap Index Scan on warehouse_pkey  (cost=0.00..4.14 rows=1 width=0) (actual time=0.009..0.010 rows=1 loops=1)

        Index Cond: (w_id = 2)

Planning Time: 0.080 ms

Execution Time: 0.049 ms
Failed SQL 1545: SELECT W_STREET_1, W_STREET_2, W_CITY, W_STATE, W_ZIP, W_NAME FROM WAREHOUSE WHERE W_ID = 2
Error Message: Cannot invoke "java.util.List.get(int)" because the return value of "sg.edu.nus.autotune.DB2DATA.getAllIndexes()" is null


===== Query 1546 =====

SQL: UPDATE DISTRICT SET D_YTD = D_YTD + 1002.48 WHERE D_W_ID = 2 AND D_ID = 3

EXPLAIN Plan:

Update on district  (cost=4.28..11.67 rows=0 width=0) (actual time=0.058..0.059 rows=0 loops=1)

  ->  Bitmap Heap Scan on district  (cost=4.28..11.67 rows=2 width=22) (actual time=0.028..0.029 rows=1 loops=1)

        Recheck Cond: ((d_w_id = 2) AND (d_id = 3))

        Heap Blocks: exact=1

        ->  Bitmap Index Scan on district_pkey  (cost=0.00..4.28 rows=2 width=0) (actual time=0.017..0.017 rows=1 loops=1)

              Index Cond: ((d_w_id = 2) AND (d_id = 3))

Planning Time: 0.111 ms

Execution Time: 0.120 ms
Failed SQL 1546: UPDATE DISTRICT SET D_YTD = D_YTD + 1002.48 WHERE D_W_ID = 2 AND D_ID = 3
Error Message: Cannot invoke "java.util.List.get(int)" because the return value of "sg.edu.nus.autotune.DB2DATA.getAllIndexes()" is null


===== Query 1547 =====

SQL: SELECT D_STREET_1, D_STREET_2, D_CITY, D_STATE, D_ZIP, D_NAME FROM DISTRICT WHERE D_W_ID = 2 AND D_ID = 3

EXPLAIN Plan:

Bitmap Heap Scan on district  (cost=4.28..11.66 rows=2 width=64) (actual time=0.026..0.027 rows=1 loops=1)

  Recheck Cond: ((d_w_id = 2) AND (d_id = 3))

  Heap Blocks: exact=1

  ->  Bitmap Index Scan on district_pkey  (cost=0.00..4.28 rows=2 width=0) (actual time=0.013..0.014 rows=1 loops=1)

        Index Cond: ((d_w_id = 2) AND (d_id = 3))

Planning Time: 0.110 ms

Execution Time: 0.058 ms
Failed SQL 1547: SELECT D_STREET_1, D_STREET_2, D_CITY, D_STATE, D_ZIP, D_NAME FROM DISTRICT WHERE D_W_ID = 2 AND D_ID = 3
Error Message: Cannot invoke "java.util.List.get(int)" because the return value of "sg.edu.nus.autotune.DB2DATA.getAllIndexes()" is null


===== Query 1548 =====

SQL: SELECT C_FIRST, C_MIDDLE, C_LAST, C_STREET_1, C_STREET_2, C_CITY, C_STATE, C_ZIP, C_PHONE, C_CREDIT, C_CREDIT_LIM, C_DISCOUNT, C_BALANCE, C_YTD_PAYMENT, C_PAYMENT_CNT, C_SINCE FROM CUSTOMER WHERE C_W_ID = 1 AND C_D_ID = 1 AND C_ID = 1983

EXPLAIN Plan:

Index Scan using customer_pkey on customer  (cost=0.42..8.44 rows=1 width=140) (actual time=0.837..0.840 rows=1 loops=1)

  Index Cond: ((c_w_id = 1) AND (c_d_id = 1) AND (c_id = 1983))

Planning Time: 0.124 ms

Execution Time: 0.867 ms
Failed SQL 1548: SELECT C_FIRST, C_MIDDLE, C_LAST, C_STREET_1, C_STREET_2, C_CITY, C_STATE, C_ZIP, C_PHONE, C_CREDIT, C_CREDIT_LIM, C_DISCOUNT, C_BALANCE, C_YTD_PAYMENT, C_PAYMENT_CNT, C_SINCE FROM CUSTOMER WHERE C_W_ID = 1 AND C_D_ID = 1 AND C_ID = 1983
Error Message: Cannot invoke "java.util.List.get(int)" because the return value of "sg.edu.nus.autotune.DB2DATA.getAllIndexes()" is null


===== Query 1549 =====

SQL: UPDATE STOCK SET S_QUANTITY = 79, S_YTD = S_YTD + 1, S_ORDER_CNT = S_ORDER_CNT + 1, S_REMOTE_CNT = S_REMOTE_CNT + 0 WHERE S_I_ID = 96463 AND S_W_ID = 1

EXPLAIN Plan:

Update on stock  (cost=0.42..8.45 rows=0 width=0) (actual time=0.097..0.098 rows=0 loops=1)

  ->  Index Scan using stock_pkey on stock  (cost=0.42..8.45 rows=1 width=32) (actual time=0.027..0.028 rows=1 loops=1)

        Index Cond: ((s_w_id = 1) AND (s_i_id = 96463))

Planning Time: 0.106 ms

Execution Time: 0.126 ms
Failed SQL 1549: UPDATE STOCK SET S_QUANTITY = 79, S_YTD = S_YTD + 1, S_ORDER_CNT = S_ORDER_CNT + 1, S_REMOTE_CNT = S_REMOTE_CNT + 0 WHERE S_I_ID = 96463 AND S_W_ID = 1
Error Message: Cannot invoke "java.util.List.get(int)" because the return value of "sg.edu.nus.autotune.DB2DATA.getAllIndexes()" is null


===== Query 1550 =====

SQL: SELECT I_PRICE, I_NAME , I_DATA FROM ITEM WHERE I_ID = 30789

EXPLAIN Plan:

Index Scan using item_pkey on item  (cost=0.29..8.31 rows=1 width=61) (actual time=0.049..0.051 rows=1 loops=1)

  Index Cond: (i_id = 30789)

Planning Time: 0.077 ms

Execution Time: 0.069 ms
Failed SQL 1550: SELECT I_PRICE, I_NAME , I_DATA FROM ITEM WHERE I_ID = 30789
Error Message: Cannot invoke "java.util.List.get(int)" because the return value of "sg.edu.nus.autotune.DB2DATA.getAllIndexes()" is null


===== Query 1551 =====

SQL: SELECT S_QUANTITY, S_DATA, S_DIST_01, S_DIST_02, S_DIST_03, S_DIST_04, S_DIST_05, S_DIST_06, S_DIST_07, S_DIST_08, S_DIST_09, S_DIST_10 FROM STOCK WHERE S_I_ID = 30789 AND S_W_ID = 1

EXPLAIN Plan:

Index Scan using stock_pkey on stock  (cost=0.42..8.44 rows=1 width=291) (actual time=0.886..0.888 rows=1 loops=1)

  Index Cond: ((s_w_id = 1) AND (s_i_id = 30789))

Planning Time: 0.100 ms

Execution Time: 0.913 ms
Failed SQL 1551: SELECT S_QUANTITY, S_DATA, S_DIST_01, S_DIST_02, S_DIST_03, S_DIST_04, S_DIST_05, S_DIST_06, S_DIST_07, S_DIST_08, S_DIST_09, S_DIST_10 FROM STOCK WHERE S_I_ID = 30789 AND S_W_ID = 1
Error Message: Cannot invoke "java.util.List.get(int)" because the return value of "sg.edu.nus.autotune.DB2DATA.getAllIndexes()" is null


===== Query 1552 =====

SQL: SELECT C_DATA FROM CUSTOMER WHERE C_W_ID = 1 AND C_D_ID = 1 AND C_ID = 1983

EXPLAIN Plan:

Index Scan using customer_pkey on customer  (cost=0.42..8.44 rows=1 width=405) (actual time=0.025..0.026 rows=1 loops=1)

  Index Cond: ((c_w_id = 1) AND (c_d_id = 1) AND (c_id = 1983))

Planning Time: 0.096 ms

Execution Time: 0.044 ms
Failed SQL 1552: SELECT C_DATA FROM CUSTOMER WHERE C_W_ID = 1 AND C_D_ID = 1 AND C_ID = 1983
Error Message: Cannot invoke "java.util.List.get(int)" because the return value of "sg.edu.nus.autotune.DB2DATA.getAllIndexes()" is null


===== Query 1553 =====

SQL: UPDATE CUSTOMER SET C_BALANCE = -1012.48, C_YTD_PAYMENT = 1012.48, C_PAYMENT_CNT = 2, C_DATA = '1983 1 1 3 2 1002.48 | bnzsavlhvvroksepmpbdfgrbuurcwtkawgpatrcfmstsaqvjqpoytteyhukrgehrgwxpjjgkjihwqqvjjshvpbvfrdhlwpcuyhdgmnscycxprkhrkgnfcfxyzruwknkpdoluwoyvklwibheawqcopfdulfnccqbwxdbhvjpbsvrvecbqpaunywcnbypbrudzkoteiijjyrunmnoiscatyrscczhvqsltrnpyccjrucgttvgydtzilqjuzvxrrmpcvsdaoketqnyahqvzibljrqozsjwtychhootnaujnzqkdtvomiwjbdghfvkuwoikacufeyrrvwbxtctshcaobubqtchvdumrt' WHERE C_W_ID = 1 AND C_D_ID = 1 AND C_ID = 1983

EXPLAIN Plan:

Update on customer  (cost=0.42..8.44 rows=0 width=0) (actual time=0.072..0.073 rows=0 loops=1)

  ->  Index Scan using customer_pkey on customer  (cost=0.42..8.44 rows=1 width=550) (actual time=0.027..0.029 rows=1 loops=1)

        Index Cond: ((c_w_id = 1) AND (c_d_id = 1) AND (c_id = 1983))

Planning Time: 0.140 ms

Execution Time: 0.103 ms
Failed SQL 1553: UPDATE CUSTOMER SET C_BALANCE = -1012.48, C_YTD_PAYMENT = 1012.48, C_PAYMENT_CNT = 2, C_DATA = '1983 1 1 3 2 1002.48 | bnzsavlhvvroksepmpbdfgrbuurcwtkawgpatrcfmstsaqvjqpoytteyhukrgehrgwxpjjgkjihwqqvjjshvpbvfrdhlwpcuyhdgmnscycxprkhrkgnfcfxyzruwknkpdoluwoyvklwibheawqcopfdulfnccqbwxdbhvjpbsvrvecbqpaunywcnbypbrudzkoteiijjyrunmnoiscatyrscczhvqsltrnpyccjrucgttvgydtzilqjuzvxrrmpcvsdaoketqnyahqvzibljrqozsjwtychhootnaujnzqkdtvomiwjbdghfvkuwoikacufeyrrvwbxtctshcaobubqtchvdumrt' WHERE C_W_ID = 1 AND C_D_ID = 1 AND C_ID = 1983
Error Message: Cannot invoke "java.util.List.get(int)" because the return value of "sg.edu.nus.autotune.DB2DATA.getAllIndexes()" is null


===== Query 1554 =====

SQL: SELECT C_DISCOUNT, C_LAST, C_CREDIT, W_TAX FROM CUSTOMER, WAREHOUSE WHERE W_ID = 2 AND C_W_ID = 2 AND C_D_ID = 10 AND C_ID = 169

EXPLAIN Plan:

Nested Loop  (cost=4.56..16.61 rows=1 width=26) (actual time=0.039..0.041 rows=1 loops=1)

  ->  Index Scan using customer_pkey on customer  (cost=0.42..8.44 rows=1 width=21) (actual time=0.023..0.024 rows=1 loops=1)

        Index Cond: ((c_w_id = 2) AND (c_d_id = 10) AND (c_id = 169))

  ->  Bitmap Heap Scan on warehouse  (cost=4.14..8.15 rows=1 width=5) (actual time=0.009..0.009 rows=1 loops=1)

        Recheck Cond: (w_id = 2)

        Heap Blocks: exact=1

        ->  Bitmap Index Scan on warehouse_pkey  (cost=0.00..4.14 rows=1 width=0) (actual time=0.004..0.004 rows=1 loops=1)

              Index Cond: (w_id = 2)

Planning Time: 0.159 ms

Execution Time: 0.086 ms
Failed SQL 1554: SELECT C_DISCOUNT, C_LAST, C_CREDIT, W_TAX FROM CUSTOMER, WAREHOUSE WHERE W_ID = 2 AND C_W_ID = 2 AND C_D_ID = 10 AND C_ID = 169
Error Message: Cannot invoke "java.util.List.get(int)" because the return value of "sg.edu.nus.autotune.DB2DATA.getAllIndexes()" is null


===== Query 1555 =====

SQL: UPDATE STOCK SET S_QUANTITY = 23, S_YTD = S_YTD + 10, S_ORDER_CNT = S_ORDER_CNT + 1, S_REMOTE_CNT = S_REMOTE_CNT + 0 WHERE S_I_ID = 30789 AND S_W_ID = 1

EXPLAIN Plan:

Update on stock  (cost=0.42..8.45 rows=0 width=0) (actual time=0.093..0.094 rows=0 loops=1)

  ->  Index Scan using stock_pkey on stock  (cost=0.42..8.45 rows=1 width=32) (actual time=0.026..0.028 rows=1 loops=1)

        Index Cond: ((s_w_id = 1) AND (s_i_id = 30789))

Planning Time: 0.103 ms

Execution Time: 0.121 ms
Failed SQL 1555: UPDATE STOCK SET S_QUANTITY = 23, S_YTD = S_YTD + 10, S_ORDER_CNT = S_ORDER_CNT + 1, S_REMOTE_CNT = S_REMOTE_CNT + 0 WHERE S_I_ID = 30789 AND S_W_ID = 1
Error Message: Cannot invoke "java.util.List.get(int)" because the return value of "sg.edu.nus.autotune.DB2DATA.getAllIndexes()" is null


===== Query 1556 =====

SQL: SELECT I_PRICE, I_NAME , I_DATA FROM ITEM WHERE I_ID = 28311

EXPLAIN Plan:

Index Scan using item_pkey on item  (cost=0.29..8.31 rows=1 width=61) (actual time=0.879..0.882 rows=1 loops=1)

  Index Cond: (i_id = 28311)

Planning Time: 0.091 ms

Execution Time: 0.904 ms
Failed SQL 1556: SELECT I_PRICE, I_NAME , I_DATA FROM ITEM WHERE I_ID = 28311
Error Message: Cannot invoke "java.util.List.get(int)" because the return value of "sg.edu.nus.autotune.DB2DATA.getAllIndexes()" is null


===== Query 1557 =====

SQL: SELECT D_NEXT_O_ID, D_TAX FROM DISTRICT WHERE D_W_ID = 2 AND D_ID = 10

EXPLAIN Plan:

Bitmap Heap Scan on district  (cost=4.28..11.66 rows=2 width=9) (actual time=0.023..0.024 rows=1 loops=1)

  Recheck Cond: ((d_w_id = 2) AND (d_id = 10))

  Heap Blocks: exact=1

  ->  Bitmap Index Scan on district_pkey  (cost=0.00..4.28 rows=2 width=0) (actual time=0.014..0.014 rows=1 loops=1)

        Index Cond: ((d_w_id = 2) AND (d_id = 10))

Planning Time: 0.104 ms

Execution Time: 0.053 ms
Failed SQL 1557: SELECT D_NEXT_O_ID, D_TAX FROM DISTRICT WHERE D_W_ID = 2 AND D_ID = 10
Error Message: Cannot invoke "java.util.List.get(int)" because the return value of "sg.edu.nus.autotune.DB2DATA.getAllIndexes()" is null


===== Query 1558 =====

SQL: UPDATE DISTRICT SET D_NEXT_O_ID = D_NEXT_O_ID + 1 WHERE D_W_ID = 2 AND D_ID = 10

EXPLAIN Plan:

Update on district  (cost=4.28..11.67 rows=0 width=0) (actual time=0.059..0.060 rows=0 loops=1)

  ->  Bitmap Heap Scan on district  (cost=4.28..11.67 rows=2 width=10) (actual time=0.022..0.023 rows=1 loops=1)

        Recheck Cond: ((d_w_id = 2) AND (d_id = 10))

        Heap Blocks: exact=1

        ->  Bitmap Index Scan on district_pkey  (cost=0.00..4.28 rows=2 width=0) (actual time=0.012..0.012 rows=1 loops=1)

              Index Cond: ((d_w_id = 2) AND (d_id = 10))

Planning Time: 0.098 ms

Execution Time: 0.106 ms
Failed SQL 1558: UPDATE DISTRICT SET D_NEXT_O_ID = D_NEXT_O_ID + 1 WHERE D_W_ID = 2 AND D_ID = 10
Error Message: Cannot invoke "java.util.List.get(int)" because the return value of "sg.edu.nus.autotune.DB2DATA.getAllIndexes()" is null


===== Query 1559 =====

SQL: SELECT S_QUANTITY, S_DATA, S_DIST_01, S_DIST_02, S_DIST_03, S_DIST_04, S_DIST_05, S_DIST_06, S_DIST_07, S_DIST_08, S_DIST_09, S_DIST_10 FROM STOCK WHERE S_I_ID = 28311 AND S_W_ID = 1

EXPLAIN Plan:

Index Scan using stock_pkey on stock  (cost=0.42..8.44 rows=1 width=291) (actual time=0.922..0.924 rows=1 loops=1)

  Index Cond: ((s_w_id = 1) AND (s_i_id = 28311))

Planning Time: 0.116 ms

Execution Time: 0.952 ms
Failed SQL 1559: SELECT S_QUANTITY, S_DATA, S_DIST_01, S_DIST_02, S_DIST_03, S_DIST_04, S_DIST_05, S_DIST_06, S_DIST_07, S_DIST_08, S_DIST_09, S_DIST_10 FROM STOCK WHERE S_I_ID = 28311 AND S_W_ID = 1
Error Message: Cannot invoke "java.util.List.get(int)" because the return value of "sg.edu.nus.autotune.DB2DATA.getAllIndexes()" is null


===== Query 1560 =====

SQL: SELECT I_PRICE, I_NAME , I_DATA FROM ITEM WHERE I_ID = 85656

EXPLAIN Plan:

Index Scan using item_pkey on item  (cost=0.29..8.31 rows=1 width=61) (actual time=0.576..0.578 rows=1 loops=1)

  Index Cond: (i_id = 85656)

Planning Time: 0.079 ms

Execution Time: 0.598 ms
Failed SQL 1560: SELECT I_PRICE, I_NAME , I_DATA FROM ITEM WHERE I_ID = 85656
Error Message: Cannot invoke "java.util.List.get(int)" because the return value of "sg.edu.nus.autotune.DB2DATA.getAllIndexes()" is null


===== Query 1561 =====

SQL: UPDATE STOCK SET S_QUANTITY = 67, S_YTD = S_YTD + 3, S_ORDER_CNT = S_ORDER_CNT + 1, S_REMOTE_CNT = S_REMOTE_CNT + 0 WHERE S_I_ID = 28311 AND S_W_ID = 1

EXPLAIN Plan:

Update on stock  (cost=0.42..8.45 rows=0 width=0) (actual time=0.065..0.065 rows=0 loops=1)

  ->  Index Scan using stock_pkey on stock  (cost=0.42..8.45 rows=1 width=32) (actual time=0.026..0.027 rows=1 loops=1)

        Index Cond: ((s_w_id = 1) AND (s_i_id = 28311))

Planning Time: 0.099 ms

Execution Time: 0.092 ms
Failed SQL 1561: UPDATE STOCK SET S_QUANTITY = 67, S_YTD = S_YTD + 3, S_ORDER_CNT = S_ORDER_CNT + 1, S_REMOTE_CNT = S_REMOTE_CNT + 0 WHERE S_I_ID = 28311 AND S_W_ID = 1
Error Message: Cannot invoke "java.util.List.get(int)" because the return value of "sg.edu.nus.autotune.DB2DATA.getAllIndexes()" is null


===== Query 1562 =====

SQL: SELECT I_PRICE, I_NAME , I_DATA FROM ITEM WHERE I_ID = 11991

EXPLAIN Plan:

Index Scan using item_pkey on item  (cost=0.29..8.31 rows=1 width=61) (actual time=0.074..0.076 rows=1 loops=1)

  Index Cond: (i_id = 11991)

Planning Time: 0.083 ms

Execution Time: 0.094 ms
Failed SQL 1562: SELECT I_PRICE, I_NAME , I_DATA FROM ITEM WHERE I_ID = 11991
Error Message: Cannot invoke "java.util.List.get(int)" because the return value of "sg.edu.nus.autotune.DB2DATA.getAllIndexes()" is null


===== Query 1563 =====

SQL: SELECT S_QUANTITY, S_DATA, S_DIST_01, S_DIST_02, S_DIST_03, S_DIST_04, S_DIST_05, S_DIST_06, S_DIST_07, S_DIST_08, S_DIST_09, S_DIST_10 FROM STOCK WHERE S_I_ID = 11991 AND S_W_ID = 1

EXPLAIN Plan:

Index Scan using stock_pkey on stock  (cost=0.42..8.44 rows=1 width=291) (actual time=0.817..0.819 rows=1 loops=1)

  Index Cond: ((s_w_id = 1) AND (s_i_id = 11991))

Planning Time: 0.054 ms

Execution Time: 0.836 ms
Failed SQL 1563: SELECT S_QUANTITY, S_DATA, S_DIST_01, S_DIST_02, S_DIST_03, S_DIST_04, S_DIST_05, S_DIST_06, S_DIST_07, S_DIST_08, S_DIST_09, S_DIST_10 FROM STOCK WHERE S_I_ID = 11991 AND S_W_ID = 1
Error Message: Cannot invoke "java.util.List.get(int)" because the return value of "sg.edu.nus.autotune.DB2DATA.getAllIndexes()" is null


===== Query 1564 =====

SQL: UPDATE STOCK SET S_QUANTITY = 51, S_YTD = S_YTD + 1, S_ORDER_CNT = S_ORDER_CNT + 1, S_REMOTE_CNT = S_REMOTE_CNT + 0 WHERE S_I_ID = 11991 AND S_W_ID = 1

EXPLAIN Plan:

Update on stock  (cost=0.42..8.45 rows=0 width=0) (actual time=0.089..0.090 rows=0 loops=1)

  ->  Index Scan using stock_pkey on stock  (cost=0.42..8.45 rows=1 width=32) (actual time=0.024..0.025 rows=1 loops=1)

        Index Cond: ((s_w_id = 1) AND (s_i_id = 11991))

Planning Time: 0.102 ms

Execution Time: 0.118 ms
Failed SQL 1564: UPDATE STOCK SET S_QUANTITY = 51, S_YTD = S_YTD + 1, S_ORDER_CNT = S_ORDER_CNT + 1, S_REMOTE_CNT = S_REMOTE_CNT + 0 WHERE S_I_ID = 11991 AND S_W_ID = 1
Error Message: Cannot invoke "java.util.List.get(int)" because the return value of "sg.edu.nus.autotune.DB2DATA.getAllIndexes()" is null


===== Query 1565 =====

SQL: SELECT I_PRICE, I_NAME , I_DATA FROM ITEM WHERE I_ID = 91871

EXPLAIN Plan:

Index Scan using item_pkey on item  (cost=0.29..8.31 rows=1 width=61) (actual time=1.105..1.108 rows=1 loops=1)

  Index Cond: (i_id = 91871)

Planning Time: 0.075 ms

Execution Time: 1.127 ms
Failed SQL 1565: SELECT I_PRICE, I_NAME , I_DATA FROM ITEM WHERE I_ID = 91871
Error Message: Cannot invoke "java.util.List.get(int)" because the return value of "sg.edu.nus.autotune.DB2DATA.getAllIndexes()" is null


===== Query 1566 =====

SQL: SELECT S_QUANTITY, S_DATA, S_DIST_01, S_DIST_02, S_DIST_03, S_DIST_04, S_DIST_05, S_DIST_06, S_DIST_07, S_DIST_08, S_DIST_09, S_DIST_10 FROM STOCK WHERE S_I_ID = 91871 AND S_W_ID = 1

EXPLAIN Plan:

Index Scan using stock_pkey on stock  (cost=0.42..8.44 rows=1 width=291) (actual time=0.936..0.939 rows=1 loops=1)

  Index Cond: ((s_w_id = 1) AND (s_i_id = 91871))

Planning Time: 0.110 ms

Execution Time: 0.965 ms
Failed SQL 1566: SELECT S_QUANTITY, S_DATA, S_DIST_01, S_DIST_02, S_DIST_03, S_DIST_04, S_DIST_05, S_DIST_06, S_DIST_07, S_DIST_08, S_DIST_09, S_DIST_10 FROM STOCK WHERE S_I_ID = 91871 AND S_W_ID = 1
Error Message: Cannot invoke "java.util.List.get(int)" because the return value of "sg.edu.nus.autotune.DB2DATA.getAllIndexes()" is null


===== Query 1567 =====

SQL: UPDATE STOCK SET S_QUANTITY = 18, S_YTD = S_YTD + 10, S_ORDER_CNT = S_ORDER_CNT + 1, S_REMOTE_CNT = S_REMOTE_CNT + 0 WHERE S_I_ID = 91871 AND S_W_ID = 1

EXPLAIN Plan:

Update on stock  (cost=0.42..8.45 rows=0 width=0) (actual time=0.101..0.102 rows=0 loops=1)

  ->  Index Scan using stock_pkey on stock  (cost=0.42..8.45 rows=1 width=32) (actual time=0.033..0.035 rows=1 loops=1)

        Index Cond: ((s_w_id = 1) AND (s_i_id = 91871))

Planning Time: 0.108 ms

Execution Time: 0.130 ms
Failed SQL 1567: UPDATE STOCK SET S_QUANTITY = 18, S_YTD = S_YTD + 10, S_ORDER_CNT = S_ORDER_CNT + 1, S_REMOTE_CNT = S_REMOTE_CNT + 0 WHERE S_I_ID = 91871 AND S_W_ID = 1
Error Message: Cannot invoke "java.util.List.get(int)" because the return value of "sg.edu.nus.autotune.DB2DATA.getAllIndexes()" is null


===== Query 1568 =====

SQL: UPDATE WAREHOUSE SET W_YTD = W_YTD + 3409.46 WHERE W_ID = 1

EXPLAIN Plan:

Update on warehouse  (cost=4.14..8.16 rows=0 width=0) (actual time=0.057..0.057 rows=0 loops=1)

  ->  Bitmap Heap Scan on warehouse  (cost=4.14..8.16 rows=1 width=22) (actual time=0.019..0.020 rows=1 loops=1)

        Recheck Cond: (w_id = 1)

        Heap Blocks: exact=1

        ->  Bitmap Index Scan on warehouse_pkey  (cost=0.00..4.14 rows=1 width=0) (actual time=0.008..0.008 rows=1 loops=1)

              Index Cond: (w_id = 1)

Planning Time: 0.082 ms

Execution Time: 0.091 ms
Failed SQL 1568: UPDATE WAREHOUSE SET W_YTD = W_YTD + 3409.46 WHERE W_ID = 1
Error Message: Cannot invoke "java.util.List.get(int)" because the return value of "sg.edu.nus.autotune.DB2DATA.getAllIndexes()" is null


===== Query 1569 =====

SQL: SELECT W_STREET_1, W_STREET_2, W_CITY, W_STATE, W_ZIP, W_NAME FROM WAREHOUSE WHERE W_ID = 1

EXPLAIN Plan:

Bitmap Heap Scan on warehouse  (cost=4.14..8.15 rows=1 width=65) (actual time=0.020..0.021 rows=1 loops=1)

  Recheck Cond: (w_id = 1)

  Heap Blocks: exact=1

  ->  Bitmap Index Scan on warehouse_pkey  (cost=0.00..4.14 rows=1 width=0) (actual time=0.009..0.009 rows=1 loops=1)

        Index Cond: (w_id = 1)

Planning Time: 0.082 ms

Execution Time: 0.047 ms
Failed SQL 1569: SELECT W_STREET_1, W_STREET_2, W_CITY, W_STATE, W_ZIP, W_NAME FROM WAREHOUSE WHERE W_ID = 1
Error Message: Cannot invoke "java.util.List.get(int)" because the return value of "sg.edu.nus.autotune.DB2DATA.getAllIndexes()" is null


===== Query 1570 =====

SQL: UPDATE DISTRICT SET D_YTD = D_YTD + 3409.46 WHERE D_W_ID = 1 AND D_ID = 2

EXPLAIN Plan:

Update on district  (cost=4.28..11.67 rows=0 width=0) (actual time=0.066..0.067 rows=0 loops=1)

  ->  Bitmap Heap Scan on district  (cost=4.28..11.67 rows=2 width=22) (actual time=0.024..0.025 rows=1 loops=1)

        Recheck Cond: ((d_w_id = 1) AND (d_id = 2))

        Heap Blocks: exact=1

        ->  Bitmap Index Scan on district_pkey  (cost=0.00..4.28 rows=2 width=0) (actual time=0.013..0.013 rows=1 loops=1)

              Index Cond: ((d_w_id = 1) AND (d_id = 2))

Planning Time: 0.106 ms

Execution Time: 0.102 ms
Failed SQL 1570: UPDATE DISTRICT SET D_YTD = D_YTD + 3409.46 WHERE D_W_ID = 1 AND D_ID = 2
Error Message: Cannot invoke "java.util.List.get(int)" because the return value of "sg.edu.nus.autotune.DB2DATA.getAllIndexes()" is null


===== Query 1571 =====

SQL: SELECT D_STREET_1, D_STREET_2, D_CITY, D_STATE, D_ZIP, D_NAME FROM DISTRICT WHERE D_W_ID = 1 AND D_ID = 2

EXPLAIN Plan:

Bitmap Heap Scan on district  (cost=4.28..11.66 rows=2 width=64) (actual time=0.022..0.023 rows=1 loops=1)

  Recheck Cond: ((d_w_id = 1) AND (d_id = 2))

  Heap Blocks: exact=1

  ->  Bitmap Index Scan on district_pkey  (cost=0.00..4.28 rows=2 width=0) (actual time=0.012..0.012 rows=1 loops=1)

        Index Cond: ((d_w_id = 1) AND (d_id = 2))

Planning Time: 0.100 ms

Execution Time: 0.052 ms
Failed SQL 1571: SELECT D_STREET_1, D_STREET_2, D_CITY, D_STATE, D_ZIP, D_NAME FROM DISTRICT WHERE D_W_ID = 1 AND D_ID = 2
Error Message: Cannot invoke "java.util.List.get(int)" because the return value of "sg.edu.nus.autotune.DB2DATA.getAllIndexes()" is null


===== Query 1572 =====

SQL: SELECT C_FIRST, C_MIDDLE, C_ID, C_STREET_1, C_STREET_2, C_CITY, C_STATE, C_ZIP, C_PHONE, C_CREDIT, C_CREDIT_LIM, C_DISCOUNT, C_BALANCE, C_YTD_PAYMENT, C_PAYMENT_CNT, C_SINCE FROM CUSTOMER WHERE C_W_ID = 1 AND C_D_ID = 2 AND C_LAST = 'CALLYOUGHTANTI' ORDER BY C_FIRST

EXPLAIN Plan:

Sort  (cost=7352.60..7352.61 rows=2 width=131) (actual time=6.361..6.363 rows=6 loops=1)

  Sort Key: c_first

  Sort Method: quicksort  Memory: 26kB

  ->  Bitmap Heap Scan on customer  (cost=78.65..7352.59 rows=2 width=131) (actual time=1.651..6.340 rows=6 loops=1)

        Recheck Cond: ((c_w_id = 1) AND (c_d_id = 2))

        Filter: ((c_last)::text = 'CALLYOUGHTANTI'::text)

        Rows Removed by Filter: 2994

        Heap Blocks: exact=868

        ->  Bitmap Index Scan on customer_pkey  (cost=0.00..78.65 rows=3023 width=0) (actual time=0.585..0.586 rows=3083 loops=1)

              Index Cond: ((c_w_id = 1) AND (c_d_id = 2))

Planning Time: 0.176 ms

Execution Time: 6.410 ms
Failed SQL 1572: SELECT C_FIRST, C_MIDDLE, C_ID, C_STREET_1, C_STREET_2, C_CITY, C_STATE, C_ZIP, C_PHONE, C_CREDIT, C_CREDIT_LIM, C_DISCOUNT, C_BALANCE, C_YTD_PAYMENT, C_PAYMENT_CNT, C_SINCE FROM CUSTOMER WHERE C_W_ID = 1 AND C_D_ID = 2 AND C_LAST = 'CALLYOUGHTANTI' ORDER BY C_FIRST
Error Message: Cannot invoke "java.util.List.get(int)" because the return value of "sg.edu.nus.autotune.DB2DATA.getAllIndexes()" is null


===== Query 1573 =====

SQL: SELECT S_QUANTITY, S_DATA, S_DIST_01, S_DIST_02, S_DIST_03, S_DIST_04, S_DIST_05, S_DIST_06, S_DIST_07, S_DIST_08, S_DIST_09, S_DIST_10 FROM STOCK WHERE S_I_ID = 85656 AND S_W_ID = 2

EXPLAIN Plan:

Index Scan using stock_pkey on stock  (cost=0.42..8.44 rows=1 width=291) (actual time=0.891..0.894 rows=1 loops=1)

  Index Cond: ((s_w_id = 2) AND (s_i_id = 85656))

Planning Time: 0.113 ms

Execution Time: 0.920 ms
Failed SQL 1573: SELECT S_QUANTITY, S_DATA, S_DIST_01, S_DIST_02, S_DIST_03, S_DIST_04, S_DIST_05, S_DIST_06, S_DIST_07, S_DIST_08, S_DIST_09, S_DIST_10 FROM STOCK WHERE S_I_ID = 85656 AND S_W_ID = 2
Error Message: Cannot invoke "java.util.List.get(int)" because the return value of "sg.edu.nus.autotune.DB2DATA.getAllIndexes()" is null


===== Query 1574 =====

SQL: UPDATE CUSTOMER SET C_BALANCE = -6360.0703, C_YTD_PAYMENT = 6360.0703, C_PAYMENT_CNT = 3 WHERE C_W_ID = 1 AND C_D_ID = 2 AND C_ID = 717

EXPLAIN Plan:

Update on customer  (cost=0.42..8.44 rows=0 width=0) (actual time=0.086..0.087 rows=0 loops=1)

  ->  Index Scan using customer_pkey on customer  (cost=0.42..8.44 rows=1 width=34) (actual time=0.020..0.022 rows=1 loops=1)

        Index Cond: ((c_w_id = 1) AND (c_d_id = 2) AND (c_id = 717))

Planning Time: 0.107 ms

Execution Time: 0.112 ms
Failed SQL 1574: UPDATE CUSTOMER SET C_BALANCE = -6360.0703, C_YTD_PAYMENT = 6360.0703, C_PAYMENT_CNT = 3 WHERE C_W_ID = 1 AND C_D_ID = 2 AND C_ID = 717
Error Message: Cannot invoke "java.util.List.get(int)" because the return value of "sg.edu.nus.autotune.DB2DATA.getAllIndexes()" is null


===== Query 1575 =====

SQL: UPDATE WAREHOUSE SET W_YTD = W_YTD + 2517.07 WHERE W_ID = 1

EXPLAIN Plan:

Update on warehouse  (cost=4.14..8.16 rows=0 width=0) (actual time=0.045..0.046 rows=0 loops=1)

  ->  Bitmap Heap Scan on warehouse  (cost=4.14..8.16 rows=1 width=22) (actual time=0.018..0.019 rows=1 loops=1)

        Recheck Cond: (w_id = 1)

        Heap Blocks: exact=1

        ->  Bitmap Index Scan on warehouse_pkey  (cost=0.00..4.14 rows=1 width=0) (actual time=0.008..0.008 rows=1 loops=1)

              Index Cond: (w_id = 1)

Planning Time: 0.081 ms

Execution Time: 0.076 ms
Failed SQL 1575: UPDATE WAREHOUSE SET W_YTD = W_YTD + 2517.07 WHERE W_ID = 1
Error Message: Cannot invoke "java.util.List.get(int)" because the return value of "sg.edu.nus.autotune.DB2DATA.getAllIndexes()" is null


===== Query 1576 =====

SQL: SELECT W_STREET_1, W_STREET_2, W_CITY, W_STATE, W_ZIP, W_NAME FROM WAREHOUSE WHERE W_ID = 1

EXPLAIN Plan:

Bitmap Heap Scan on warehouse  (cost=4.14..8.15 rows=1 width=65) (actual time=0.024..0.025 rows=1 loops=1)

  Recheck Cond: (w_id = 1)

  Heap Blocks: exact=1

  ->  Bitmap Index Scan on warehouse_pkey  (cost=0.00..4.14 rows=1 width=0) (actual time=0.011..0.011 rows=1 loops=1)

        Index Cond: (w_id = 1)

Planning Time: 0.093 ms

Execution Time: 0.054 ms
Failed SQL 1576: SELECT W_STREET_1, W_STREET_2, W_CITY, W_STATE, W_ZIP, W_NAME FROM WAREHOUSE WHERE W_ID = 1
Error Message: Cannot invoke "java.util.List.get(int)" because the return value of "sg.edu.nus.autotune.DB2DATA.getAllIndexes()" is null


===== Query 1577 =====

SQL: UPDATE DISTRICT SET D_YTD = D_YTD + 2517.07 WHERE D_W_ID = 1 AND D_ID = 10

EXPLAIN Plan:

Update on district  (cost=4.28..11.67 rows=0 width=0) (actual time=0.062..0.063 rows=0 loops=1)

  ->  Bitmap Heap Scan on district  (cost=4.28..11.67 rows=2 width=22) (actual time=0.027..0.028 rows=1 loops=1)

        Recheck Cond: ((d_w_id = 1) AND (d_id = 10))

        Heap Blocks: exact=1

        ->  Bitmap Index Scan on district_pkey  (cost=0.00..4.28 rows=2 width=0) (actual time=0.015..0.015 rows=1 loops=1)

              Index Cond: ((d_w_id = 1) AND (d_id = 10))

Planning Time: 0.113 ms

Execution Time: 0.100 ms
Failed SQL 1577: UPDATE DISTRICT SET D_YTD = D_YTD + 2517.07 WHERE D_W_ID = 1 AND D_ID = 10
Error Message: Cannot invoke "java.util.List.get(int)" because the return value of "sg.edu.nus.autotune.DB2DATA.getAllIndexes()" is null


===== Query 1578 =====

SQL: SELECT D_STREET_1, D_STREET_2, D_CITY, D_STATE, D_ZIP, D_NAME FROM DISTRICT WHERE D_W_ID = 1 AND D_ID = 10

EXPLAIN Plan:

Bitmap Heap Scan on district  (cost=4.28..11.66 rows=2 width=64) (actual time=0.021..0.022 rows=1 loops=1)

  Recheck Cond: ((d_w_id = 1) AND (d_id = 10))

  Heap Blocks: exact=1

  ->  Bitmap Index Scan on district_pkey  (cost=0.00..4.28 rows=2 width=0) (actual time=0.011..0.011 rows=1 loops=1)

        Index Cond: ((d_w_id = 1) AND (d_id = 10))

Planning Time: 0.093 ms

Execution Time: 0.048 ms
Failed SQL 1578: SELECT D_STREET_1, D_STREET_2, D_CITY, D_STATE, D_ZIP, D_NAME FROM DISTRICT WHERE D_W_ID = 1 AND D_ID = 10
Error Message: Cannot invoke "java.util.List.get(int)" because the return value of "sg.edu.nus.autotune.DB2DATA.getAllIndexes()" is null


===== Query 1579 =====

SQL: SELECT C_FIRST, C_MIDDLE, C_ID, C_STREET_1, C_STREET_2, C_CITY, C_STATE, C_ZIP, C_PHONE, C_CREDIT, C_CREDIT_LIM, C_DISCOUNT, C_BALANCE, C_YTD_PAYMENT, C_PAYMENT_CNT, C_SINCE FROM CUSTOMER WHERE C_W_ID = 1 AND C_D_ID = 10 AND C_LAST = 'EINGESECALLY' ORDER BY C_FIRST

EXPLAIN Plan:

Sort  (cost=7324.35..7324.35 rows=2 width=131) (actual time=4.673..4.674 rows=1 loops=1)

  Sort Key: c_first

  Sort Method: quicksort  Memory: 25kB

  ->  Bitmap Heap Scan on customer  (cost=78.48..7324.34 rows=2 width=131) (actual time=2.176..4.661 rows=1 loops=1)

        Recheck Cond: ((c_w_id = 1) AND (c_d_id = 10))

        Filter: ((c_last)::text = 'EINGESECALLY'::text)

        Rows Removed by Filter: 2999

        Heap Blocks: exact=757

        ->  Bitmap Index Scan on customer_pkey  (cost=0.00..78.48 rows=3006 width=0) (actual time=0.527..0.528 rows=3019 loops=1)

              Index Cond: ((c_w_id = 1) AND (c_d_id = 10))

Planning Time: 0.164 ms

Execution Time: 4.723 ms
Failed SQL 1579: SELECT C_FIRST, C_MIDDLE, C_ID, C_STREET_1, C_STREET_2, C_CITY, C_STATE, C_ZIP, C_PHONE, C_CREDIT, C_CREDIT_LIM, C_DISCOUNT, C_BALANCE, C_YTD_PAYMENT, C_PAYMENT_CNT, C_SINCE FROM CUSTOMER WHERE C_W_ID = 1 AND C_D_ID = 10 AND C_LAST = 'EINGESECALLY' ORDER BY C_FIRST
Error Message: Cannot invoke "java.util.List.get(int)" because the return value of "sg.edu.nus.autotune.DB2DATA.getAllIndexes()" is null


===== Query 1580 =====

SQL: UPDATE CUSTOMER SET C_BALANCE = 74572.13, C_YTD_PAYMENT = 2527.07, C_PAYMENT_CNT = 2 WHERE C_W_ID = 1 AND C_D_ID = 10 AND C_ID = 958

EXPLAIN Plan:

Update on customer  (cost=0.42..8.44 rows=0 width=0) (actual time=0.103..0.103 rows=0 loops=1)

  ->  Index Scan using customer_pkey on customer  (cost=0.42..8.44 rows=1 width=34) (actual time=0.023..0.025 rows=1 loops=1)

        Index Cond: ((c_w_id = 1) AND (c_d_id = 10) AND (c_id = 958))

Planning Time: 0.104 ms

Execution Time: 0.139 ms
Failed SQL 1580: UPDATE CUSTOMER SET C_BALANCE = 74572.13, C_YTD_PAYMENT = 2527.07, C_PAYMENT_CNT = 2 WHERE C_W_ID = 1 AND C_D_ID = 10 AND C_ID = 958
Error Message: Cannot invoke "java.util.List.get(int)" because the return value of "sg.edu.nus.autotune.DB2DATA.getAllIndexes()" is null


===== Query 1581 =====

SQL: SELECT C_DISCOUNT, C_LAST, C_CREDIT, W_TAX FROM CUSTOMER, WAREHOUSE WHERE W_ID = 1 AND C_W_ID = 1 AND C_D_ID = 7 AND C_ID = 761

EXPLAIN Plan:

Nested Loop  (cost=4.56..16.61 rows=1 width=26) (actual time=1.826..1.829 rows=1 loops=1)

  ->  Index Scan using customer_pkey on customer  (cost=0.42..8.44 rows=1 width=21) (actual time=1.798..1.799 rows=1 loops=1)

        Index Cond: ((c_w_id = 1) AND (c_d_id = 7) AND (c_id = 761))

  ->  Bitmap Heap Scan on warehouse  (cost=4.14..8.15 rows=1 width=5) (actual time=0.012..0.013 rows=1 loops=1)

        Recheck Cond: (w_id = 1)

        Heap Blocks: exact=1

        ->  Bitmap Index Scan on warehouse_pkey  (cost=0.00..4.14 rows=1 width=0) (actual time=0.008..0.008 rows=1 loops=1)

              Index Cond: (w_id = 1)

Planning Time: 0.160 ms

Execution Time: 1.875 ms
Failed SQL 1581: SELECT C_DISCOUNT, C_LAST, C_CREDIT, W_TAX FROM CUSTOMER, WAREHOUSE WHERE W_ID = 1 AND C_W_ID = 1 AND C_D_ID = 7 AND C_ID = 761
Error Message: Cannot invoke "java.util.List.get(int)" because the return value of "sg.edu.nus.autotune.DB2DATA.getAllIndexes()" is null


===== Query 1582 =====

SQL: UPDATE STOCK SET S_QUANTITY = 66, S_YTD = S_YTD + 4, S_ORDER_CNT = S_ORDER_CNT + 1, S_REMOTE_CNT = S_REMOTE_CNT + 0 WHERE S_I_ID = 85656 AND S_W_ID = 2

EXPLAIN Plan:

Update on stock  (cost=0.42..8.45 rows=0 width=0) (actual time=0.067..0.067 rows=0 loops=1)

  ->  Index Scan using stock_pkey on stock  (cost=0.42..8.45 rows=1 width=32) (actual time=0.027..0.028 rows=1 loops=1)

        Index Cond: ((s_w_id = 2) AND (s_i_id = 85656))

Planning Time: 0.110 ms

Execution Time: 0.096 ms
Failed SQL 1582: UPDATE STOCK SET S_QUANTITY = 66, S_YTD = S_YTD + 4, S_ORDER_CNT = S_ORDER_CNT + 1, S_REMOTE_CNT = S_REMOTE_CNT + 0 WHERE S_I_ID = 85656 AND S_W_ID = 2
Error Message: Cannot invoke "java.util.List.get(int)" because the return value of "sg.edu.nus.autotune.DB2DATA.getAllIndexes()" is null


===== Query 1583 =====

SQL: SELECT I_PRICE, I_NAME , I_DATA FROM ITEM WHERE I_ID = 15072

EXPLAIN Plan:

Index Scan using item_pkey on item  (cost=0.29..8.31 rows=1 width=61) (actual time=0.047..0.048 rows=1 loops=1)

  Index Cond: (i_id = 15072)

Planning Time: 0.076 ms

Execution Time: 0.065 ms
Failed SQL 1583: SELECT I_PRICE, I_NAME , I_DATA FROM ITEM WHERE I_ID = 15072
Error Message: Cannot invoke "java.util.List.get(int)" because the return value of "sg.edu.nus.autotune.DB2DATA.getAllIndexes()" is null


===== Query 1584 =====

SQL: SELECT S_QUANTITY, S_DATA, S_DIST_01, S_DIST_02, S_DIST_03, S_DIST_04, S_DIST_05, S_DIST_06, S_DIST_07, S_DIST_08, S_DIST_09, S_DIST_10 FROM STOCK WHERE S_I_ID = 15072 AND S_W_ID = 2

EXPLAIN Plan:

Index Scan using stock_pkey on stock  (cost=0.42..8.44 rows=1 width=291) (actual time=1.653..1.656 rows=1 loops=1)

  Index Cond: ((s_w_id = 2) AND (s_i_id = 15072))

Planning Time: 0.105 ms

Execution Time: 1.681 ms
Failed SQL 1584: SELECT S_QUANTITY, S_DATA, S_DIST_01, S_DIST_02, S_DIST_03, S_DIST_04, S_DIST_05, S_DIST_06, S_DIST_07, S_DIST_08, S_DIST_09, S_DIST_10 FROM STOCK WHERE S_I_ID = 15072 AND S_W_ID = 2
Error Message: Cannot invoke "java.util.List.get(int)" because the return value of "sg.edu.nus.autotune.DB2DATA.getAllIndexes()" is null


===== Query 1585 =====

SQL: UPDATE STOCK SET S_QUANTITY = 15, S_YTD = S_YTD + 5, S_ORDER_CNT = S_ORDER_CNT + 1, S_REMOTE_CNT = S_REMOTE_CNT + 0 WHERE S_I_ID = 15072 AND S_W_ID = 2

EXPLAIN Plan:

Update on stock  (cost=0.42..8.45 rows=0 width=0) (actual time=0.120..0.121 rows=0 loops=1)

  ->  Index Scan using stock_pkey on stock  (cost=0.42..8.45 rows=1 width=32) (actual time=0.031..0.034 rows=1 loops=1)

        Index Cond: ((s_w_id = 2) AND (s_i_id = 15072))

Planning Time: 0.113 ms

Execution Time: 0.150 ms
Failed SQL 1585: UPDATE STOCK SET S_QUANTITY = 15, S_YTD = S_YTD + 5, S_ORDER_CNT = S_ORDER_CNT + 1, S_REMOTE_CNT = S_REMOTE_CNT + 0 WHERE S_I_ID = 15072 AND S_W_ID = 2
Error Message: Cannot invoke "java.util.List.get(int)" because the return value of "sg.edu.nus.autotune.DB2DATA.getAllIndexes()" is null


===== Query 1586 =====

SQL: SELECT I_PRICE, I_NAME , I_DATA FROM ITEM WHERE I_ID = 72679

EXPLAIN Plan:

Index Scan using item_pkey on item  (cost=0.29..8.31 rows=1 width=61) (actual time=0.380..0.383 rows=1 loops=1)

  Index Cond: (i_id = 72679)

Planning Time: 0.093 ms

Execution Time: 0.405 ms
Failed SQL 1586: SELECT I_PRICE, I_NAME , I_DATA FROM ITEM WHERE I_ID = 72679
Error Message: Cannot invoke "java.util.List.get(int)" because the return value of "sg.edu.nus.autotune.DB2DATA.getAllIndexes()" is null


===== Query 1587 =====

SQL: SELECT S_QUANTITY, S_DATA, S_DIST_01, S_DIST_02, S_DIST_03, S_DIST_04, S_DIST_05, S_DIST_06, S_DIST_07, S_DIST_08, S_DIST_09, S_DIST_10 FROM STOCK WHERE S_I_ID = 72679 AND S_W_ID = 2

EXPLAIN Plan:

Index Scan using stock_pkey on stock  (cost=0.42..8.44 rows=1 width=291) (actual time=0.059..0.060 rows=1 loops=1)

  Index Cond: ((s_w_id = 2) AND (s_i_id = 72679))

Planning Time: 0.112 ms

Execution Time: 0.085 ms
Failed SQL 1587: SELECT S_QUANTITY, S_DATA, S_DIST_01, S_DIST_02, S_DIST_03, S_DIST_04, S_DIST_05, S_DIST_06, S_DIST_07, S_DIST_08, S_DIST_09, S_DIST_10 FROM STOCK WHERE S_I_ID = 72679 AND S_W_ID = 2
Error Message: Cannot invoke "java.util.List.get(int)" because the return value of "sg.edu.nus.autotune.DB2DATA.getAllIndexes()" is null


===== Query 1588 =====

SQL: UPDATE STOCK SET S_QUANTITY = 45, S_YTD = S_YTD + 2, S_ORDER_CNT = S_ORDER_CNT + 1, S_REMOTE_CNT = S_REMOTE_CNT + 0 WHERE S_I_ID = 72679 AND S_W_ID = 2

EXPLAIN Plan:

Update on stock  (cost=0.42..8.45 rows=0 width=0) (actual time=0.105..0.105 rows=0 loops=1)

  ->  Index Scan using stock_pkey on stock  (cost=0.42..8.45 rows=1 width=32) (actual time=0.034..0.036 rows=1 loops=1)

        Index Cond: ((s_w_id = 2) AND (s_i_id = 72679))

Planning Time: 0.107 ms

Execution Time: 0.149 ms
Failed SQL 1588: UPDATE STOCK SET S_QUANTITY = 45, S_YTD = S_YTD + 2, S_ORDER_CNT = S_ORDER_CNT + 1, S_REMOTE_CNT = S_REMOTE_CNT + 0 WHERE S_I_ID = 72679 AND S_W_ID = 2
Error Message: Cannot invoke "java.util.List.get(int)" because the return value of "sg.edu.nus.autotune.DB2DATA.getAllIndexes()" is null


===== Query 1589 =====

SQL: SELECT I_PRICE, I_NAME , I_DATA FROM ITEM WHERE I_ID = 60887

EXPLAIN Plan:

Index Scan using item_pkey on item  (cost=0.29..8.31 rows=1 width=61) (actual time=0.874..0.877 rows=1 loops=1)

  Index Cond: (i_id = 60887)

Planning Time: 0.082 ms

Execution Time: 0.897 ms
Failed SQL 1589: SELECT I_PRICE, I_NAME , I_DATA FROM ITEM WHERE I_ID = 60887
Error Message: Cannot invoke "java.util.List.get(int)" because the return value of "sg.edu.nus.autotune.DB2DATA.getAllIndexes()" is null


===== Query 1590 =====

SQL: SELECT D_NEXT_O_ID, D_TAX FROM DISTRICT WHERE D_W_ID = 1 AND D_ID = 7

EXPLAIN Plan:

Bitmap Heap Scan on district  (cost=4.28..11.66 rows=2 width=9) (actual time=0.030..0.031 rows=1 loops=1)

  Recheck Cond: ((d_w_id = 1) AND (d_id = 7))

  Heap Blocks: exact=1

  ->  Bitmap Index Scan on district_pkey  (cost=0.00..4.28 rows=2 width=0) (actual time=0.019..0.020 rows=1 loops=1)

        Index Cond: ((d_w_id = 1) AND (d_id = 7))

Planning Time: 0.131 ms

Execution Time: 0.061 ms
Failed SQL 1590: SELECT D_NEXT_O_ID, D_TAX FROM DISTRICT WHERE D_W_ID = 1 AND D_ID = 7
Error Message: Cannot invoke "java.util.List.get(int)" because the return value of "sg.edu.nus.autotune.DB2DATA.getAllIndexes()" is null


===== Query 1591 =====

SQL: UPDATE DISTRICT SET D_NEXT_O_ID = D_NEXT_O_ID + 1 WHERE D_W_ID = 1 AND D_ID = 7

EXPLAIN Plan:

Update on district  (cost=4.28..11.67 rows=0 width=0) (actual time=0.094..0.095 rows=0 loops=1)

  ->  Bitmap Heap Scan on district  (cost=4.28..11.67 rows=2 width=10) (actual time=0.020..0.021 rows=1 loops=1)

        Recheck Cond: ((d_w_id = 1) AND (d_id = 7))

        Heap Blocks: exact=1

        ->  Bitmap Index Scan on district_pkey  (cost=0.00..4.28 rows=2 width=0) (actual time=0.012..0.012 rows=1 loops=1)

              Index Cond: ((d_w_id = 1) AND (d_id = 7))

Planning Time: 0.094 ms

Execution Time: 0.127 ms
Failed SQL 1591: UPDATE DISTRICT SET D_NEXT_O_ID = D_NEXT_O_ID + 1 WHERE D_W_ID = 1 AND D_ID = 7
Error Message: Cannot invoke "java.util.List.get(int)" because the return value of "sg.edu.nus.autotune.DB2DATA.getAllIndexes()" is null


===== Query 1592 =====

SQL: SELECT S_QUANTITY, S_DATA, S_DIST_01, S_DIST_02, S_DIST_03, S_DIST_04, S_DIST_05, S_DIST_06, S_DIST_07, S_DIST_08, S_DIST_09, S_DIST_10 FROM STOCK WHERE S_I_ID = 60887 AND S_W_ID = 2

EXPLAIN Plan:

Index Scan using stock_pkey on stock  (cost=0.42..8.44 rows=1 width=291) (actual time=0.384..0.387 rows=1 loops=1)

  Index Cond: ((s_w_id = 2) AND (s_i_id = 60887))

Planning Time: 0.098 ms

Execution Time: 0.411 ms
Failed SQL 1592: SELECT S_QUANTITY, S_DATA, S_DIST_01, S_DIST_02, S_DIST_03, S_DIST_04, S_DIST_05, S_DIST_06, S_DIST_07, S_DIST_08, S_DIST_09, S_DIST_10 FROM STOCK WHERE S_I_ID = 60887 AND S_W_ID = 2
Error Message: Cannot invoke "java.util.List.get(int)" because the return value of "sg.edu.nus.autotune.DB2DATA.getAllIndexes()" is null


===== Query 1593 =====

SQL: SELECT I_PRICE, I_NAME , I_DATA FROM ITEM WHERE I_ID = 57063

EXPLAIN Plan:

Index Scan using item_pkey on item  (cost=0.29..8.31 rows=1 width=61) (actual time=0.050..0.051 rows=1 loops=1)

  Index Cond: (i_id = 57063)

Planning Time: 0.076 ms

Execution Time: 0.070 ms
Failed SQL 1593: SELECT I_PRICE, I_NAME , I_DATA FROM ITEM WHERE I_ID = 57063
Error Message: Cannot invoke "java.util.List.get(int)" because the return value of "sg.edu.nus.autotune.DB2DATA.getAllIndexes()" is null


===== Query 1594 =====

SQL: SELECT S_QUANTITY, S_DATA, S_DIST_01, S_DIST_02, S_DIST_03, S_DIST_04, S_DIST_05, S_DIST_06, S_DIST_07, S_DIST_08, S_DIST_09, S_DIST_10 FROM STOCK WHERE S_I_ID = 57063 AND S_W_ID = 1

EXPLAIN Plan:

Index Scan using stock_pkey on stock  (cost=0.42..8.44 rows=1 width=291) (actual time=0.064..0.066 rows=1 loops=1)

  Index Cond: ((s_w_id = 1) AND (s_i_id = 57063))

Planning Time: 0.097 ms

Execution Time: 0.085 ms
Failed SQL 1594: SELECT S_QUANTITY, S_DATA, S_DIST_01, S_DIST_02, S_DIST_03, S_DIST_04, S_DIST_05, S_DIST_06, S_DIST_07, S_DIST_08, S_DIST_09, S_DIST_10 FROM STOCK WHERE S_I_ID = 57063 AND S_W_ID = 1
Error Message: Cannot invoke "java.util.List.get(int)" because the return value of "sg.edu.nus.autotune.DB2DATA.getAllIndexes()" is null


===== Query 1595 =====

SQL: UPDATE STOCK SET S_QUANTITY = 75, S_YTD = S_YTD + 3, S_ORDER_CNT = S_ORDER_CNT + 1, S_REMOTE_CNT = S_REMOTE_CNT + 0 WHERE S_I_ID = 57063 AND S_W_ID = 1

EXPLAIN Plan:

Update on stock  (cost=0.42..8.45 rows=0 width=0) (actual time=0.139..0.140 rows=0 loops=1)

  ->  Index Scan using stock_pkey on stock  (cost=0.42..8.45 rows=1 width=32) (actual time=0.028..0.031 rows=1 loops=1)

        Index Cond: ((s_w_id = 1) AND (s_i_id = 57063))

Planning Time: 0.119 ms

Execution Time: 0.172 ms
Failed SQL 1595: UPDATE STOCK SET S_QUANTITY = 75, S_YTD = S_YTD + 3, S_ORDER_CNT = S_ORDER_CNT + 1, S_REMOTE_CNT = S_REMOTE_CNT + 0 WHERE S_I_ID = 57063 AND S_W_ID = 1
Error Message: Cannot invoke "java.util.List.get(int)" because the return value of "sg.edu.nus.autotune.DB2DATA.getAllIndexes()" is null


===== Query 1596 =====

SQL: SELECT I_PRICE, I_NAME , I_DATA FROM ITEM WHERE I_ID = 31558

EXPLAIN Plan:

Index Scan using item_pkey on item  (cost=0.29..8.31 rows=1 width=61) (actual time=0.900..0.903 rows=1 loops=1)

  Index Cond: (i_id = 31558)

Planning Time: 0.090 ms

Execution Time: 0.926 ms
Failed SQL 1596: SELECT I_PRICE, I_NAME , I_DATA FROM ITEM WHERE I_ID = 31558
Error Message: Cannot invoke "java.util.List.get(int)" because the return value of "sg.edu.nus.autotune.DB2DATA.getAllIndexes()" is null


===== Query 1597 =====

SQL: SELECT S_QUANTITY, S_DATA, S_DIST_01, S_DIST_02, S_DIST_03, S_DIST_04, S_DIST_05, S_DIST_06, S_DIST_07, S_DIST_08, S_DIST_09, S_DIST_10 FROM STOCK WHERE S_I_ID = 31558 AND S_W_ID = 1

EXPLAIN Plan:

Index Scan using stock_pkey on stock  (cost=0.42..8.44 rows=1 width=291) (actual time=0.606..0.609 rows=1 loops=1)

  Index Cond: ((s_w_id = 1) AND (s_i_id = 31558))

Planning Time: 0.108 ms

Execution Time: 0.635 ms
Failed SQL 1597: SELECT S_QUANTITY, S_DATA, S_DIST_01, S_DIST_02, S_DIST_03, S_DIST_04, S_DIST_05, S_DIST_06, S_DIST_07, S_DIST_08, S_DIST_09, S_DIST_10 FROM STOCK WHERE S_I_ID = 31558 AND S_W_ID = 1
Error Message: Cannot invoke "java.util.List.get(int)" because the return value of "sg.edu.nus.autotune.DB2DATA.getAllIndexes()" is null


===== Query 1598 =====

SQL: UPDATE STOCK SET S_QUANTITY = 88, S_YTD = S_YTD + 3, S_ORDER_CNT = S_ORDER_CNT + 1, S_REMOTE_CNT = S_REMOTE_CNT + 0 WHERE S_I_ID = 60887 AND S_W_ID = 2

EXPLAIN Plan:

Update on stock  (cost=0.42..8.45 rows=0 width=0) (actual time=0.108..0.108 rows=0 loops=1)

  ->  Index Scan using stock_pkey on stock  (cost=0.42..8.45 rows=1 width=32) (actual time=0.024..0.026 rows=1 loops=1)

        Index Cond: ((s_w_id = 2) AND (s_i_id = 60887))

Planning Time: 0.099 ms

Execution Time: 0.136 ms
Failed SQL 1598: UPDATE STOCK SET S_QUANTITY = 88, S_YTD = S_YTD + 3, S_ORDER_CNT = S_ORDER_CNT + 1, S_REMOTE_CNT = S_REMOTE_CNT + 0 WHERE S_I_ID = 60887 AND S_W_ID = 2
Error Message: Cannot invoke "java.util.List.get(int)" because the return value of "sg.edu.nus.autotune.DB2DATA.getAllIndexes()" is null


===== Query 1599 =====

SQL: SELECT I_PRICE, I_NAME , I_DATA FROM ITEM WHERE I_ID = 5895

EXPLAIN Plan:

Index Scan using item_pkey on item  (cost=0.29..8.31 rows=1 width=61) (actual time=0.291..0.293 rows=1 loops=1)

  Index Cond: (i_id = 5895)

Planning Time: 0.072 ms

Execution Time: 0.314 ms
Failed SQL 1599: SELECT I_PRICE, I_NAME , I_DATA FROM ITEM WHERE I_ID = 5895
Error Message: Cannot invoke "java.util.List.get(int)" because the return value of "sg.edu.nus.autotune.DB2DATA.getAllIndexes()" is null


===== Query 1600 =====

SQL: SELECT S_QUANTITY, S_DATA, S_DIST_01, S_DIST_02, S_DIST_03, S_DIST_04, S_DIST_05, S_DIST_06, S_DIST_07, S_DIST_08, S_DIST_09, S_DIST_10 FROM STOCK WHERE S_I_ID = 5895 AND S_W_ID = 2

EXPLAIN Plan:

Index Scan using stock_pkey on stock  (cost=0.42..8.44 rows=1 width=291) (actual time=0.065..0.066 rows=1 loops=1)

  Index Cond: ((s_w_id = 2) AND (s_i_id = 5895))

Planning Time: 0.104 ms

Execution Time: 0.089 ms
Failed SQL 1600: SELECT S_QUANTITY, S_DATA, S_DIST_01, S_DIST_02, S_DIST_03, S_DIST_04, S_DIST_05, S_DIST_06, S_DIST_07, S_DIST_08, S_DIST_09, S_DIST_10 FROM STOCK WHERE S_I_ID = 5895 AND S_W_ID = 2
Error Message: Cannot invoke "java.util.List.get(int)" because the return value of "sg.edu.nus.autotune.DB2DATA.getAllIndexes()" is null


===== Query 1601 =====

SQL: UPDATE STOCK SET S_QUANTITY = 65, S_YTD = S_YTD + 4, S_ORDER_CNT = S_ORDER_CNT + 1, S_REMOTE_CNT = S_REMOTE_CNT + 0 WHERE S_I_ID = 31558 AND S_W_ID = 1

EXPLAIN Plan:

Update on stock  (cost=0.42..8.45 rows=0 width=0) (actual time=0.108..0.108 rows=0 loops=1)

  ->  Index Scan using stock_pkey on stock  (cost=0.42..8.45 rows=1 width=32) (actual time=0.026..0.028 rows=1 loops=1)

        Index Cond: ((s_w_id = 1) AND (s_i_id = 31558))

Planning Time: 0.108 ms

Execution Time: 0.136 ms
Failed SQL 1601: UPDATE STOCK SET S_QUANTITY = 65, S_YTD = S_YTD + 4, S_ORDER_CNT = S_ORDER_CNT + 1, S_REMOTE_CNT = S_REMOTE_CNT + 0 WHERE S_I_ID = 31558 AND S_W_ID = 1
Error Message: Cannot invoke "java.util.List.get(int)" because the return value of "sg.edu.nus.autotune.DB2DATA.getAllIndexes()" is null


===== Query 1602 =====

SQL: SELECT I_PRICE, I_NAME , I_DATA FROM ITEM WHERE I_ID = 82374

EXPLAIN Plan:

Index Scan using item_pkey on item  (cost=0.29..8.31 rows=1 width=61) (actual time=1.093..1.095 rows=1 loops=1)

  Index Cond: (i_id = 82374)

Planning Time: 0.079 ms

Execution Time: 1.115 ms
Failed SQL 1602: SELECT I_PRICE, I_NAME , I_DATA FROM ITEM WHERE I_ID = 82374
Error Message: Cannot invoke "java.util.List.get(int)" because the return value of "sg.edu.nus.autotune.DB2DATA.getAllIndexes()" is null


===== Query 1603 =====

SQL: UPDATE STOCK SET S_QUANTITY = 83, S_YTD = S_YTD + 9, S_ORDER_CNT = S_ORDER_CNT + 1, S_REMOTE_CNT = S_REMOTE_CNT + 0 WHERE S_I_ID = 5895 AND S_W_ID = 2

EXPLAIN Plan:

Update on stock  (cost=0.42..8.45 rows=0 width=0) (actual time=0.113..0.113 rows=0 loops=1)

  ->  Index Scan using stock_pkey on stock  (cost=0.42..8.45 rows=1 width=32) (actual time=0.026..0.028 rows=1 loops=1)

        Index Cond: ((s_w_id = 2) AND (s_i_id = 5895))

Planning Time: 0.116 ms

Execution Time: 0.141 ms
Failed SQL 1603: UPDATE STOCK SET S_QUANTITY = 83, S_YTD = S_YTD + 9, S_ORDER_CNT = S_ORDER_CNT + 1, S_REMOTE_CNT = S_REMOTE_CNT + 0 WHERE S_I_ID = 5895 AND S_W_ID = 2
Error Message: Cannot invoke "java.util.List.get(int)" because the return value of "sg.edu.nus.autotune.DB2DATA.getAllIndexes()" is null


===== Query 1604 =====

SQL: SELECT I_PRICE, I_NAME , I_DATA FROM ITEM WHERE I_ID = 65251

EXPLAIN Plan:

Index Scan using item_pkey on item  (cost=0.29..8.31 rows=1 width=61) (actual time=0.052..0.054 rows=1 loops=1)

  Index Cond: (i_id = 65251)

Planning Time: 0.073 ms

Execution Time: 0.071 ms
Failed SQL 1604: SELECT I_PRICE, I_NAME , I_DATA FROM ITEM WHERE I_ID = 65251
Error Message: Cannot invoke "java.util.List.get(int)" because the return value of "sg.edu.nus.autotune.DB2DATA.getAllIndexes()" is null


===== Query 1605 =====

SQL: SELECT S_QUANTITY, S_DATA, S_DIST_01, S_DIST_02, S_DIST_03, S_DIST_04, S_DIST_05, S_DIST_06, S_DIST_07, S_DIST_08, S_DIST_09, S_DIST_10 FROM STOCK WHERE S_I_ID = 65251 AND S_W_ID = 2

EXPLAIN Plan:

Index Scan using stock_pkey on stock  (cost=0.42..8.44 rows=1 width=291) (actual time=0.079..0.080 rows=1 loops=1)

  Index Cond: ((s_w_id = 2) AND (s_i_id = 65251))

Planning Time: 0.106 ms

Execution Time: 0.103 ms
Failed SQL 1605: SELECT S_QUANTITY, S_DATA, S_DIST_01, S_DIST_02, S_DIST_03, S_DIST_04, S_DIST_05, S_DIST_06, S_DIST_07, S_DIST_08, S_DIST_09, S_DIST_10 FROM STOCK WHERE S_I_ID = 65251 AND S_W_ID = 2
Error Message: Cannot invoke "java.util.List.get(int)" because the return value of "sg.edu.nus.autotune.DB2DATA.getAllIndexes()" is null


===== Query 1606 =====

SQL: UPDATE STOCK SET S_QUANTITY = 73, S_YTD = S_YTD + 7, S_ORDER_CNT = S_ORDER_CNT + 1, S_REMOTE_CNT = S_REMOTE_CNT + 0 WHERE S_I_ID = 65251 AND S_W_ID = 2

EXPLAIN Plan:

Update on stock  (cost=0.42..8.45 rows=0 width=0) (actual time=0.126..0.126 rows=0 loops=1)

  ->  Index Scan using stock_pkey on stock  (cost=0.42..8.45 rows=1 width=32) (actual time=0.029..0.031 rows=1 loops=1)

        Index Cond: ((s_w_id = 2) AND (s_i_id = 65251))

Planning Time: 0.119 ms

Execution Time: 0.157 ms
Failed SQL 1606: UPDATE STOCK SET S_QUANTITY = 73, S_YTD = S_YTD + 7, S_ORDER_CNT = S_ORDER_CNT + 1, S_REMOTE_CNT = S_REMOTE_CNT + 0 WHERE S_I_ID = 65251 AND S_W_ID = 2
Error Message: Cannot invoke "java.util.List.get(int)" because the return value of "sg.edu.nus.autotune.DB2DATA.getAllIndexes()" is null


===== Query 1607 =====

SQL: SELECT I_PRICE, I_NAME , I_DATA FROM ITEM WHERE I_ID = 42723

EXPLAIN Plan:

Index Scan using item_pkey on item  (cost=0.29..8.31 rows=1 width=61) (actual time=0.889..0.892 rows=1 loops=1)

  Index Cond: (i_id = 42723)

Planning Time: 0.088 ms

Execution Time: 0.914 ms
Failed SQL 1607: SELECT I_PRICE, I_NAME , I_DATA FROM ITEM WHERE I_ID = 42723
Error Message: Cannot invoke "java.util.List.get(int)" because the return value of "sg.edu.nus.autotune.DB2DATA.getAllIndexes()" is null


===== Query 1608 =====

SQL: SELECT S_QUANTITY, S_DATA, S_DIST_01, S_DIST_02, S_DIST_03, S_DIST_04, S_DIST_05, S_DIST_06, S_DIST_07, S_DIST_08, S_DIST_09, S_DIST_10 FROM STOCK WHERE S_I_ID = 82374 AND S_W_ID = 1

EXPLAIN Plan:

Index Scan using stock_pkey on stock  (cost=0.42..8.44 rows=1 width=291) (actual time=1.094..1.096 rows=1 loops=1)

  Index Cond: ((s_w_id = 1) AND (s_i_id = 82374))

Planning Time: 0.103 ms

Execution Time: 1.121 ms
Failed SQL 1608: SELECT S_QUANTITY, S_DATA, S_DIST_01, S_DIST_02, S_DIST_03, S_DIST_04, S_DIST_05, S_DIST_06, S_DIST_07, S_DIST_08, S_DIST_09, S_DIST_10 FROM STOCK WHERE S_I_ID = 82374 AND S_W_ID = 1
Error Message: Cannot invoke "java.util.List.get(int)" because the return value of "sg.edu.nus.autotune.DB2DATA.getAllIndexes()" is null


===== Query 1609 =====

SQL: SELECT S_QUANTITY, S_DATA, S_DIST_01, S_DIST_02, S_DIST_03, S_DIST_04, S_DIST_05, S_DIST_06, S_DIST_07, S_DIST_08, S_DIST_09, S_DIST_10 FROM STOCK WHERE S_I_ID = 42723 AND S_W_ID = 2

EXPLAIN Plan:

Index Scan using stock_pkey on stock  (cost=0.42..8.44 rows=1 width=291) (actual time=0.791..0.793 rows=1 loops=1)

  Index Cond: ((s_w_id = 2) AND (s_i_id = 42723))

Planning Time: 0.065 ms

Execution Time: 0.811 ms
Failed SQL 1609: SELECT S_QUANTITY, S_DATA, S_DIST_01, S_DIST_02, S_DIST_03, S_DIST_04, S_DIST_05, S_DIST_06, S_DIST_07, S_DIST_08, S_DIST_09, S_DIST_10 FROM STOCK WHERE S_I_ID = 42723 AND S_W_ID = 2
Error Message: Cannot invoke "java.util.List.get(int)" because the return value of "sg.edu.nus.autotune.DB2DATA.getAllIndexes()" is null


===== Query 1610 =====

SQL: UPDATE STOCK SET S_QUANTITY = 82, S_YTD = S_YTD + 6, S_ORDER_CNT = S_ORDER_CNT + 1, S_REMOTE_CNT = S_REMOTE_CNT + 0 WHERE S_I_ID = 42723 AND S_W_ID = 2

EXPLAIN Plan:

Update on stock  (cost=0.42..8.45 rows=0 width=0) (actual time=0.066..0.067 rows=0 loops=1)

  ->  Index Scan using stock_pkey on stock  (cost=0.42..8.45 rows=1 width=32) (actual time=0.027..0.028 rows=1 loops=1)

        Index Cond: ((s_w_id = 2) AND (s_i_id = 42723))

Planning Time: 0.108 ms

Execution Time: 0.095 ms
Failed SQL 1610: UPDATE STOCK SET S_QUANTITY = 82, S_YTD = S_YTD + 6, S_ORDER_CNT = S_ORDER_CNT + 1, S_REMOTE_CNT = S_REMOTE_CNT + 0 WHERE S_I_ID = 42723 AND S_W_ID = 2
Error Message: Cannot invoke "java.util.List.get(int)" because the return value of "sg.edu.nus.autotune.DB2DATA.getAllIndexes()" is null


===== Query 1611 =====

SQL: SELECT I_PRICE, I_NAME , I_DATA FROM ITEM WHERE I_ID = 89319

EXPLAIN Plan:

Index Scan using item_pkey on item  (cost=0.29..8.31 rows=1 width=61) (actual time=0.037..0.038 rows=1 loops=1)

  Index Cond: (i_id = 89319)

Planning Time: 0.047 ms

Execution Time: 0.048 ms
Failed SQL 1611: SELECT I_PRICE, I_NAME , I_DATA FROM ITEM WHERE I_ID = 89319
Error Message: Cannot invoke "java.util.List.get(int)" because the return value of "sg.edu.nus.autotune.DB2DATA.getAllIndexes()" is null


===== Query 1612 =====

SQL: SELECT S_QUANTITY, S_DATA, S_DIST_01, S_DIST_02, S_DIST_03, S_DIST_04, S_DIST_05, S_DIST_06, S_DIST_07, S_DIST_08, S_DIST_09, S_DIST_10 FROM STOCK WHERE S_I_ID = 89319 AND S_W_ID = 2

EXPLAIN Plan:

Index Scan using stock_pkey on stock  (cost=0.42..8.44 rows=1 width=291) (actual time=0.042..0.043 rows=1 loops=1)

  Index Cond: ((s_w_id = 2) AND (s_i_id = 89319))

Planning Time: 0.099 ms

Execution Time: 0.066 ms
Failed SQL 1612: SELECT S_QUANTITY, S_DATA, S_DIST_01, S_DIST_02, S_DIST_03, S_DIST_04, S_DIST_05, S_DIST_06, S_DIST_07, S_DIST_08, S_DIST_09, S_DIST_10 FROM STOCK WHERE S_I_ID = 89319 AND S_W_ID = 2
Error Message: Cannot invoke "java.util.List.get(int)" because the return value of "sg.edu.nus.autotune.DB2DATA.getAllIndexes()" is null


===== Query 1613 =====

SQL: UPDATE STOCK SET S_QUANTITY = 87, S_YTD = S_YTD + 5, S_ORDER_CNT = S_ORDER_CNT + 1, S_REMOTE_CNT = S_REMOTE_CNT + 0 WHERE S_I_ID = 89319 AND S_W_ID = 2

EXPLAIN Plan:

Update on stock  (cost=0.42..8.45 rows=0 width=0) (actual time=0.104..0.104 rows=0 loops=1)

  ->  Index Scan using stock_pkey on stock  (cost=0.42..8.45 rows=1 width=32) (actual time=0.029..0.031 rows=1 loops=1)

        Index Cond: ((s_w_id = 2) AND (s_i_id = 89319))

Planning Time: 0.102 ms

Execution Time: 0.132 ms
Failed SQL 1613: UPDATE STOCK SET S_QUANTITY = 87, S_YTD = S_YTD + 5, S_ORDER_CNT = S_ORDER_CNT + 1, S_REMOTE_CNT = S_REMOTE_CNT + 0 WHERE S_I_ID = 89319 AND S_W_ID = 2
Error Message: Cannot invoke "java.util.List.get(int)" because the return value of "sg.edu.nus.autotune.DB2DATA.getAllIndexes()" is null


===== Query 1614 =====

SQL: SELECT I_PRICE, I_NAME , I_DATA FROM ITEM WHERE I_ID = 32454

EXPLAIN Plan:

Index Scan using item_pkey on item  (cost=0.29..8.31 rows=1 width=61) (actual time=0.042..0.043 rows=1 loops=1)

  Index Cond: (i_id = 32454)

Planning Time: 0.051 ms

Execution Time: 0.054 ms
Failed SQL 1614: SELECT I_PRICE, I_NAME , I_DATA FROM ITEM WHERE I_ID = 32454
Error Message: Cannot invoke "java.util.List.get(int)" because the return value of "sg.edu.nus.autotune.DB2DATA.getAllIndexes()" is null


===== Query 1615 =====

SQL: SELECT S_QUANTITY, S_DATA, S_DIST_01, S_DIST_02, S_DIST_03, S_DIST_04, S_DIST_05, S_DIST_06, S_DIST_07, S_DIST_08, S_DIST_09, S_DIST_10 FROM STOCK WHERE S_I_ID = 32454 AND S_W_ID = 2

EXPLAIN Plan:

Index Scan using stock_pkey on stock  (cost=0.42..8.44 rows=1 width=291) (actual time=0.697..0.700 rows=1 loops=1)

  Index Cond: ((s_w_id = 2) AND (s_i_id = 32454))

Planning Time: 0.104 ms

Execution Time: 0.734 ms
Failed SQL 1615: SELECT S_QUANTITY, S_DATA, S_DIST_01, S_DIST_02, S_DIST_03, S_DIST_04, S_DIST_05, S_DIST_06, S_DIST_07, S_DIST_08, S_DIST_09, S_DIST_10 FROM STOCK WHERE S_I_ID = 32454 AND S_W_ID = 2
Error Message: Cannot invoke "java.util.List.get(int)" because the return value of "sg.edu.nus.autotune.DB2DATA.getAllIndexes()" is null


===== Query 1616 =====

SQL: UPDATE STOCK SET S_QUANTITY = 84, S_YTD = S_YTD + 5, S_ORDER_CNT = S_ORDER_CNT + 1, S_REMOTE_CNT = S_REMOTE_CNT + 0 WHERE S_I_ID = 32454 AND S_W_ID = 2

EXPLAIN Plan:

Update on stock  (cost=0.42..8.45 rows=0 width=0) (actual time=0.073..0.074 rows=0 loops=1)

  ->  Index Scan using stock_pkey on stock  (cost=0.42..8.45 rows=1 width=32) (actual time=0.030..0.031 rows=1 loops=1)

        Index Cond: ((s_w_id = 2) AND (s_i_id = 32454))

Planning Time: 0.121 ms

Execution Time: 0.104 ms
Failed SQL 1616: UPDATE STOCK SET S_QUANTITY = 84, S_YTD = S_YTD + 5, S_ORDER_CNT = S_ORDER_CNT + 1, S_REMOTE_CNT = S_REMOTE_CNT + 0 WHERE S_I_ID = 32454 AND S_W_ID = 2
Error Message: Cannot invoke "java.util.List.get(int)" because the return value of "sg.edu.nus.autotune.DB2DATA.getAllIndexes()" is null


===== Query 1617 =====

SQL: SELECT I_PRICE, I_NAME , I_DATA FROM ITEM WHERE I_ID = 30877

EXPLAIN Plan:

Index Scan using item_pkey on item  (cost=0.29..8.31 rows=1 width=61) (actual time=0.899..0.902 rows=1 loops=1)

  Index Cond: (i_id = 30877)

Planning Time: 0.086 ms

Execution Time: 0.925 ms
Failed SQL 1617: SELECT I_PRICE, I_NAME , I_DATA FROM ITEM WHERE I_ID = 30877
Error Message: Cannot invoke "java.util.List.get(int)" because the return value of "sg.edu.nus.autotune.DB2DATA.getAllIndexes()" is null


===== Query 1618 =====

SQL: UPDATE STOCK SET S_QUANTITY = 43, S_YTD = S_YTD + 6, S_ORDER_CNT = S_ORDER_CNT + 1, S_REMOTE_CNT = S_REMOTE_CNT + 0 WHERE S_I_ID = 82374 AND S_W_ID = 1

EXPLAIN Plan:

Update on stock  (cost=0.42..8.45 rows=0 width=0) (actual time=0.091..0.092 rows=0 loops=1)

  ->  Index Scan using stock_pkey on stock  (cost=0.42..8.45 rows=1 width=32) (actual time=0.030..0.032 rows=1 loops=1)

        Index Cond: ((s_w_id = 1) AND (s_i_id = 82374))

Planning Time: 0.100 ms

Execution Time: 0.120 ms
Failed SQL 1618: UPDATE STOCK SET S_QUANTITY = 43, S_YTD = S_YTD + 6, S_ORDER_CNT = S_ORDER_CNT + 1, S_REMOTE_CNT = S_REMOTE_CNT + 0 WHERE S_I_ID = 82374 AND S_W_ID = 1
Error Message: Cannot invoke "java.util.List.get(int)" because the return value of "sg.edu.nus.autotune.DB2DATA.getAllIndexes()" is null


===== Query 1619 =====

SQL: SELECT I_PRICE, I_NAME , I_DATA FROM ITEM WHERE I_ID = 36356

EXPLAIN Plan:

Index Scan using item_pkey on item  (cost=0.29..8.31 rows=1 width=61) (actual time=0.874..0.877 rows=1 loops=1)

  Index Cond: (i_id = 36356)

Planning Time: 0.080 ms

Execution Time: 0.896 ms
Failed SQL 1619: SELECT I_PRICE, I_NAME , I_DATA FROM ITEM WHERE I_ID = 36356
Error Message: Cannot invoke "java.util.List.get(int)" because the return value of "sg.edu.nus.autotune.DB2DATA.getAllIndexes()" is null


===== Query 1620 =====

SQL: SELECT S_QUANTITY, S_DATA, S_DIST_01, S_DIST_02, S_DIST_03, S_DIST_04, S_DIST_05, S_DIST_06, S_DIST_07, S_DIST_08, S_DIST_09, S_DIST_10 FROM STOCK WHERE S_I_ID = 36356 AND S_W_ID = 1

EXPLAIN Plan:

Index Scan using stock_pkey on stock  (cost=0.42..8.44 rows=1 width=291) (actual time=1.245..1.247 rows=1 loops=1)

  Index Cond: ((s_w_id = 1) AND (s_i_id = 36356))

Planning Time: 0.117 ms

Execution Time: 1.274 ms
Failed SQL 1620: SELECT S_QUANTITY, S_DATA, S_DIST_01, S_DIST_02, S_DIST_03, S_DIST_04, S_DIST_05, S_DIST_06, S_DIST_07, S_DIST_08, S_DIST_09, S_DIST_10 FROM STOCK WHERE S_I_ID = 36356 AND S_W_ID = 1
Error Message: Cannot invoke "java.util.List.get(int)" because the return value of "sg.edu.nus.autotune.DB2DATA.getAllIndexes()" is null


===== Query 1621 =====

SQL: UPDATE STOCK SET S_QUANTITY = 26, S_YTD = S_YTD + 3, S_ORDER_CNT = S_ORDER_CNT + 1, S_REMOTE_CNT = S_REMOTE_CNT + 0 WHERE S_I_ID = 36356 AND S_W_ID = 1

EXPLAIN Plan:

Update on stock  (cost=0.42..8.45 rows=0 width=0) (actual time=0.074..0.075 rows=0 loops=1)

  ->  Index Scan using stock_pkey on stock  (cost=0.42..8.45 rows=1 width=32) (actual time=0.030..0.032 rows=1 loops=1)

        Index Cond: ((s_w_id = 1) AND (s_i_id = 36356))

Planning Time: 0.124 ms

Execution Time: 0.107 ms
Failed SQL 1621: UPDATE STOCK SET S_QUANTITY = 26, S_YTD = S_YTD + 3, S_ORDER_CNT = S_ORDER_CNT + 1, S_REMOTE_CNT = S_REMOTE_CNT + 0 WHERE S_I_ID = 36356 AND S_W_ID = 1
Error Message: Cannot invoke "java.util.List.get(int)" because the return value of "sg.edu.nus.autotune.DB2DATA.getAllIndexes()" is null


===== Query 1622 =====

SQL: SELECT I_PRICE, I_NAME , I_DATA FROM ITEM WHERE I_ID = 44675

EXPLAIN Plan:

Index Scan using item_pkey on item  (cost=0.29..8.31 rows=1 width=61) (actual time=0.409..0.410 rows=1 loops=1)

  Index Cond: (i_id = 44675)

Planning Time: 0.048 ms

Execution Time: 0.422 ms
Failed SQL 1622: SELECT I_PRICE, I_NAME , I_DATA FROM ITEM WHERE I_ID = 44675
Error Message: Cannot invoke "java.util.List.get(int)" because the return value of "sg.edu.nus.autotune.DB2DATA.getAllIndexes()" is null


===== Query 1623 =====

SQL: SELECT S_QUANTITY, S_DATA, S_DIST_01, S_DIST_02, S_DIST_03, S_DIST_04, S_DIST_05, S_DIST_06, S_DIST_07, S_DIST_08, S_DIST_09, S_DIST_10 FROM STOCK WHERE S_I_ID = 30877 AND S_W_ID = 2

EXPLAIN Plan:

Index Scan using stock_pkey on stock  (cost=0.42..8.44 rows=1 width=291) (actual time=0.366..0.368 rows=1 loops=1)

  Index Cond: ((s_w_id = 2) AND (s_i_id = 30877))

Planning Time: 0.089 ms

Execution Time: 0.390 ms
Failed SQL 1623: SELECT S_QUANTITY, S_DATA, S_DIST_01, S_DIST_02, S_DIST_03, S_DIST_04, S_DIST_05, S_DIST_06, S_DIST_07, S_DIST_08, S_DIST_09, S_DIST_10 FROM STOCK WHERE S_I_ID = 30877 AND S_W_ID = 2
Error Message: Cannot invoke "java.util.List.get(int)" because the return value of "sg.edu.nus.autotune.DB2DATA.getAllIndexes()" is null


===== Query 1624 =====

SQL: SELECT S_QUANTITY, S_DATA, S_DIST_01, S_DIST_02, S_DIST_03, S_DIST_04, S_DIST_05, S_DIST_06, S_DIST_07, S_DIST_08, S_DIST_09, S_DIST_10 FROM STOCK WHERE S_I_ID = 44675 AND S_W_ID = 1

EXPLAIN Plan:

Index Scan using stock_pkey on stock  (cost=0.42..8.44 rows=1 width=291) (actual time=1.231..1.234 rows=1 loops=1)

  Index Cond: ((s_w_id = 1) AND (s_i_id = 44675))

Planning Time: 0.104 ms

Execution Time: 1.260 ms
Failed SQL 1624: SELECT S_QUANTITY, S_DATA, S_DIST_01, S_DIST_02, S_DIST_03, S_DIST_04, S_DIST_05, S_DIST_06, S_DIST_07, S_DIST_08, S_DIST_09, S_DIST_10 FROM STOCK WHERE S_I_ID = 44675 AND S_W_ID = 1
Error Message: Cannot invoke "java.util.List.get(int)" because the return value of "sg.edu.nus.autotune.DB2DATA.getAllIndexes()" is null


===== Query 1625 =====

SQL: UPDATE STOCK SET S_QUANTITY = 54, S_YTD = S_YTD + 8, S_ORDER_CNT = S_ORDER_CNT + 1, S_REMOTE_CNT = S_REMOTE_CNT + 0 WHERE S_I_ID = 30877 AND S_W_ID = 2

EXPLAIN Plan:

Update on stock  (cost=0.42..8.45 rows=0 width=0) (actual time=0.103..0.104 rows=0 loops=1)

  ->  Index Scan using stock_pkey on stock  (cost=0.42..8.45 rows=1 width=32) (actual time=0.030..0.031 rows=1 loops=1)

        Index Cond: ((s_w_id = 2) AND (s_i_id = 30877))

Planning Time: 0.104 ms

Execution Time: 0.132 ms
Failed SQL 1625: UPDATE STOCK SET S_QUANTITY = 54, S_YTD = S_YTD + 8, S_ORDER_CNT = S_ORDER_CNT + 1, S_REMOTE_CNT = S_REMOTE_CNT + 0 WHERE S_I_ID = 30877 AND S_W_ID = 2
Error Message: Cannot invoke "java.util.List.get(int)" because the return value of "sg.edu.nus.autotune.DB2DATA.getAllIndexes()" is null


===== Query 1626 =====

SQL: SELECT I_PRICE, I_NAME , I_DATA FROM ITEM WHERE I_ID = 64839

EXPLAIN Plan:

Index Scan using item_pkey on item  (cost=0.29..8.31 rows=1 width=61) (actual time=0.056..0.057 rows=1 loops=1)

  Index Cond: (i_id = 64839)

Planning Time: 0.093 ms

Execution Time: 0.078 ms
Failed SQL 1626: SELECT I_PRICE, I_NAME , I_DATA FROM ITEM WHERE I_ID = 64839
Error Message: Cannot invoke "java.util.List.get(int)" because the return value of "sg.edu.nus.autotune.DB2DATA.getAllIndexes()" is null


===== Query 1627 =====

SQL: SELECT S_QUANTITY, S_DATA, S_DIST_01, S_DIST_02, S_DIST_03, S_DIST_04, S_DIST_05, S_DIST_06, S_DIST_07, S_DIST_08, S_DIST_09, S_DIST_10 FROM STOCK WHERE S_I_ID = 64839 AND S_W_ID = 2

EXPLAIN Plan:

Index Scan using stock_pkey on stock  (cost=0.42..8.44 rows=1 width=291) (actual time=0.881..0.885 rows=1 loops=1)

  Index Cond: ((s_w_id = 2) AND (s_i_id = 64839))

Planning Time: 0.114 ms

Execution Time: 0.913 ms
Failed SQL 1627: SELECT S_QUANTITY, S_DATA, S_DIST_01, S_DIST_02, S_DIST_03, S_DIST_04, S_DIST_05, S_DIST_06, S_DIST_07, S_DIST_08, S_DIST_09, S_DIST_10 FROM STOCK WHERE S_I_ID = 64839 AND S_W_ID = 2
Error Message: Cannot invoke "java.util.List.get(int)" because the return value of "sg.edu.nus.autotune.DB2DATA.getAllIndexes()" is null


===== Query 1628 =====

SQL: UPDATE STOCK SET S_QUANTITY = 31, S_YTD = S_YTD + 5, S_ORDER_CNT = S_ORDER_CNT + 1, S_REMOTE_CNT = S_REMOTE_CNT + 0 WHERE S_I_ID = 44675 AND S_W_ID = 1

EXPLAIN Plan:

Update on stock  (cost=0.42..8.45 rows=0 width=0) (actual time=0.117..0.117 rows=0 loops=1)

  ->  Index Scan using stock_pkey on stock  (cost=0.42..8.45 rows=1 width=32) (actual time=0.035..0.037 rows=1 loops=1)

        Index Cond: ((s_w_id = 1) AND (s_i_id = 44675))

Planning Time: 0.117 ms

Execution Time: 0.147 ms
Failed SQL 1628: UPDATE STOCK SET S_QUANTITY = 31, S_YTD = S_YTD + 5, S_ORDER_CNT = S_ORDER_CNT + 1, S_REMOTE_CNT = S_REMOTE_CNT + 0 WHERE S_I_ID = 44675 AND S_W_ID = 1
Error Message: Cannot invoke "java.util.List.get(int)" because the return value of "sg.edu.nus.autotune.DB2DATA.getAllIndexes()" is null


===== Query 1629 =====

SQL: SELECT I_PRICE, I_NAME , I_DATA FROM ITEM WHERE I_ID = 24869

EXPLAIN Plan:

Index Scan using item_pkey on item  (cost=0.29..8.31 rows=1 width=61) (actual time=1.109..1.112 rows=1 loops=1)

  Index Cond: (i_id = 24869)

Planning Time: 0.077 ms

Execution Time: 1.141 ms
Failed SQL 1629: SELECT I_PRICE, I_NAME , I_DATA FROM ITEM WHERE I_ID = 24869
Error Message: Cannot invoke "java.util.List.get(int)" because the return value of "sg.edu.nus.autotune.DB2DATA.getAllIndexes()" is null


===== Query 1630 =====

SQL: UPDATE STOCK SET S_QUANTITY = 71, S_YTD = S_YTD + 1, S_ORDER_CNT = S_ORDER_CNT + 1, S_REMOTE_CNT = S_REMOTE_CNT + 0 WHERE S_I_ID = 64839 AND S_W_ID = 2

EXPLAIN Plan:

Update on stock  (cost=0.42..8.45 rows=0 width=0) (actual time=0.071..0.071 rows=0 loops=1)

  ->  Index Scan using stock_pkey on stock  (cost=0.42..8.45 rows=1 width=32) (actual time=0.030..0.032 rows=1 loops=1)

        Index Cond: ((s_w_id = 2) AND (s_i_id = 64839))

Planning Time: 0.105 ms

Execution Time: 0.100 ms
Failed SQL 1630: UPDATE STOCK SET S_QUANTITY = 71, S_YTD = S_YTD + 1, S_ORDER_CNT = S_ORDER_CNT + 1, S_REMOTE_CNT = S_REMOTE_CNT + 0 WHERE S_I_ID = 64839 AND S_W_ID = 2
Error Message: Cannot invoke "java.util.List.get(int)" because the return value of "sg.edu.nus.autotune.DB2DATA.getAllIndexes()" is null


===== Query 1631 =====

SQL: SELECT D_NEXT_O_ID FROM DISTRICT WHERE D_W_ID = 2 AND D_ID = 8

EXPLAIN Plan:

Bitmap Heap Scan on district  (cost=4.28..11.66 rows=2 width=4) (actual time=0.021..0.022 rows=1 loops=1)

  Recheck Cond: ((d_w_id = 2) AND (d_id = 8))

  Heap Blocks: exact=1

  ->  Bitmap Index Scan on district_pkey  (cost=0.00..4.28 rows=2 width=0) (actual time=0.014..0.014 rows=1 loops=1)

        Index Cond: ((d_w_id = 2) AND (d_id = 8))

Planning Time: 0.080 ms

Execution Time: 0.045 ms
Failed SQL 1631: SELECT D_NEXT_O_ID FROM DISTRICT WHERE D_W_ID = 2 AND D_ID = 8
Error Message: Cannot invoke "java.util.List.get(int)" because the return value of "sg.edu.nus.autotune.DB2DATA.getAllIndexes()" is null


===== Query 1632 =====

SQL: SELECT COUNT(DISTINCT (S_I_ID)) AS STOCK_COUNT FROM ORDER_LINE, STOCK WHERE OL_W_ID = 2 AND OL_D_ID = 8 AND OL_O_ID < 3492 AND OL_O_ID >= 3492 - 20 AND S_W_ID = 2 AND S_I_ID = OL_I_ID AND S_QUANTITY < 14

EXPLAIN Plan:

Aggregate  (cost=2838.46..2838.47 rows=1 width=8) (actual time=26.841..26.842 rows=1 loops=1)

  ->  Nested Loop  (cost=12.46..2838.43 rows=10 width=4) (actual time=3.605..26.806 rows=11 loops=1)

        ->  Bitmap Heap Scan on order_line  (cost=12.03..919.63 rows=236 width=4) (actual time=1.133..2.672 rows=204 loops=1)

              Recheck Cond: ((ol_w_id = 2) AND (ol_d_id = 8) AND (ol_o_id < 3492) AND (ol_o_id >= 3472))

              Heap Blocks: exact=25

              ->  Bitmap Index Scan on order_line_pkey  (cost=0.00..11.97 rows=236 width=0) (actual time=1.111..1.111 rows=204 loops=1)

                    Index Cond: ((ol_w_id = 2) AND (ol_d_id = 8) AND (ol_o_id < 3492) AND (ol_o_id >= 3472))

        ->  Memoize  (cost=0.43..8.15 rows=1 width=4) (actual time=0.118..0.118 rows=0 loops=204)

              Cache Key: order_line.ol_i_id

              Cache Mode: logical

              Hits: 6  Misses: 198  Evictions: 0  Overflows: 0  Memory Usage: 14kB

              ->  Index Scan using stock_pkey on stock  (cost=0.42..8.14 rows=1 width=4) (actual time=0.121..0.121 rows=0 loops=198)

                    Index Cond: ((s_w_id = 2) AND (s_i_id = order_line.ol_i_id))

                    Filter: (s_quantity < 14)

                    Rows Removed by Filter: 1

Planning Time: 0.337 ms

Execution Time: 26.976 ms
Failed SQL 1632: SELECT COUNT(DISTINCT (S_I_ID)) AS STOCK_COUNT FROM ORDER_LINE, STOCK WHERE OL_W_ID = 2 AND OL_D_ID = 8 AND OL_O_ID < 3492 AND OL_O_ID >= 3492 - 20 AND S_W_ID = 2 AND S_I_ID = OL_I_ID AND S_QUANTITY < 14
Error Message: Cannot invoke "java.util.List.get(int)" because the return value of "sg.edu.nus.autotune.DB2DATA.getAllIndexes()" is null


===== Query 1633 =====

SQL: SELECT S_QUANTITY, S_DATA, S_DIST_01, S_DIST_02, S_DIST_03, S_DIST_04, S_DIST_05, S_DIST_06, S_DIST_07, S_DIST_08, S_DIST_09, S_DIST_10 FROM STOCK WHERE S_I_ID = 24869 AND S_W_ID = 1

EXPLAIN Plan:

Index Scan using stock_pkey on stock  (cost=0.42..8.44 rows=1 width=291) (actual time=1.254..1.257 rows=1 loops=1)

  Index Cond: ((s_w_id = 1) AND (s_i_id = 24869))

Planning Time: 0.119 ms

Execution Time: 1.283 ms
Failed SQL 1633: SELECT S_QUANTITY, S_DATA, S_DIST_01, S_DIST_02, S_DIST_03, S_DIST_04, S_DIST_05, S_DIST_06, S_DIST_07, S_DIST_08, S_DIST_09, S_DIST_10 FROM STOCK WHERE S_I_ID = 24869 AND S_W_ID = 1
Error Message: Cannot invoke "java.util.List.get(int)" because the return value of "sg.edu.nus.autotune.DB2DATA.getAllIndexes()" is null


===== Query 1634 =====

SQL: UPDATE STOCK SET S_QUANTITY = 57, S_YTD = S_YTD + 3, S_ORDER_CNT = S_ORDER_CNT + 1, S_REMOTE_CNT = S_REMOTE_CNT + 0 WHERE S_I_ID = 24869 AND S_W_ID = 1

EXPLAIN Plan:

Update on stock  (cost=0.42..8.45 rows=0 width=0) (actual time=0.093..0.093 rows=0 loops=1)

  ->  Index Scan using stock_pkey on stock  (cost=0.42..8.45 rows=1 width=32) (actual time=0.029..0.031 rows=1 loops=1)

        Index Cond: ((s_w_id = 1) AND (s_i_id = 24869))

Planning Time: 0.132 ms

Execution Time: 0.126 ms
Failed SQL 1634: UPDATE STOCK SET S_QUANTITY = 57, S_YTD = S_YTD + 3, S_ORDER_CNT = S_ORDER_CNT + 1, S_REMOTE_CNT = S_REMOTE_CNT + 0 WHERE S_I_ID = 24869 AND S_W_ID = 1
Error Message: Cannot invoke "java.util.List.get(int)" because the return value of "sg.edu.nus.autotune.DB2DATA.getAllIndexes()" is null


===== Query 1635 =====

SQL: SELECT I_PRICE, I_NAME , I_DATA FROM ITEM WHERE I_ID = 89159

EXPLAIN Plan:

Index Scan using item_pkey on item  (cost=0.29..8.31 rows=1 width=61) (actual time=0.887..0.891 rows=1 loops=1)

  Index Cond: (i_id = 89159)

Planning Time: 0.072 ms

Execution Time: 0.913 ms
Failed SQL 1635: SELECT I_PRICE, I_NAME , I_DATA FROM ITEM WHERE I_ID = 89159
Error Message: Cannot invoke "java.util.List.get(int)" because the return value of "sg.edu.nus.autotune.DB2DATA.getAllIndexes()" is null


===== Query 1636 =====

SQL: SELECT S_QUANTITY, S_DATA, S_DIST_01, S_DIST_02, S_DIST_03, S_DIST_04, S_DIST_05, S_DIST_06, S_DIST_07, S_DIST_08, S_DIST_09, S_DIST_10 FROM STOCK WHERE S_I_ID = 89159 AND S_W_ID = 1

EXPLAIN Plan:

Index Scan using stock_pkey on stock  (cost=0.42..8.44 rows=1 width=291) (actual time=0.880..0.884 rows=1 loops=1)

  Index Cond: ((s_w_id = 1) AND (s_i_id = 89159))

Planning Time: 0.108 ms

Execution Time: 0.912 ms
Failed SQL 1636: SELECT S_QUANTITY, S_DATA, S_DIST_01, S_DIST_02, S_DIST_03, S_DIST_04, S_DIST_05, S_DIST_06, S_DIST_07, S_DIST_08, S_DIST_09, S_DIST_10 FROM STOCK WHERE S_I_ID = 89159 AND S_W_ID = 1
Error Message: Cannot invoke "java.util.List.get(int)" because the return value of "sg.edu.nus.autotune.DB2DATA.getAllIndexes()" is null


===== Query 1637 =====

SQL: UPDATE STOCK SET S_QUANTITY = 67, S_YTD = S_YTD + 9, S_ORDER_CNT = S_ORDER_CNT + 1, S_REMOTE_CNT = S_REMOTE_CNT + 0 WHERE S_I_ID = 89159 AND S_W_ID = 1

EXPLAIN Plan:

Update on stock  (cost=0.42..8.45 rows=0 width=0) (actual time=0.069..0.070 rows=0 loops=1)

  ->  Index Scan using stock_pkey on stock  (cost=0.42..8.45 rows=1 width=32) (actual time=0.020..0.021 rows=1 loops=1)

        Index Cond: ((s_w_id = 1) AND (s_i_id = 89159))

Planning Time: 0.080 ms

Execution Time: 0.088 ms
Failed SQL 1637: UPDATE STOCK SET S_QUANTITY = 67, S_YTD = S_YTD + 9, S_ORDER_CNT = S_ORDER_CNT + 1, S_REMOTE_CNT = S_REMOTE_CNT + 0 WHERE S_I_ID = 89159 AND S_W_ID = 1
Error Message: Cannot invoke "java.util.List.get(int)" because the return value of "sg.edu.nus.autotune.DB2DATA.getAllIndexes()" is null


===== Query 1638 =====

SQL: UPDATE WAREHOUSE SET W_YTD = W_YTD + 2476.39 WHERE W_ID = 1

EXPLAIN Plan:

Update on warehouse  (cost=4.14..8.16 rows=0 width=0) (actual time=0.067..0.068 rows=0 loops=1)

  ->  Bitmap Heap Scan on warehouse  (cost=4.14..8.16 rows=1 width=22) (actual time=0.024..0.026 rows=1 loops=1)

        Recheck Cond: (w_id = 1)

        Heap Blocks: exact=1

        ->  Bitmap Index Scan on warehouse_pkey  (cost=0.00..4.14 rows=1 width=0) (actual time=0.011..0.011 rows=1 loops=1)

              Index Cond: (w_id = 1)

Planning Time: 0.095 ms

Execution Time: 0.105 ms
Failed SQL 1638: UPDATE WAREHOUSE SET W_YTD = W_YTD + 2476.39 WHERE W_ID = 1
Error Message: Cannot invoke "java.util.List.get(int)" because the return value of "sg.edu.nus.autotune.DB2DATA.getAllIndexes()" is null


===== Query 1639 =====

SQL: SELECT W_STREET_1, W_STREET_2, W_CITY, W_STATE, W_ZIP, W_NAME FROM WAREHOUSE WHERE W_ID = 1

EXPLAIN Plan:

Bitmap Heap Scan on warehouse  (cost=4.14..8.15 rows=1 width=65) (actual time=0.018..0.019 rows=1 loops=1)

  Recheck Cond: (w_id = 1)

  Heap Blocks: exact=1

  ->  Bitmap Index Scan on warehouse_pkey  (cost=0.00..4.14 rows=1 width=0) (actual time=0.008..0.008 rows=1 loops=1)

        Index Cond: (w_id = 1)

Planning Time: 0.076 ms

Execution Time: 0.044 ms
Failed SQL 1639: SELECT W_STREET_1, W_STREET_2, W_CITY, W_STATE, W_ZIP, W_NAME FROM WAREHOUSE WHERE W_ID = 1
Error Message: Cannot invoke "java.util.List.get(int)" because the return value of "sg.edu.nus.autotune.DB2DATA.getAllIndexes()" is null


===== Query 1640 =====

SQL: UPDATE DISTRICT SET D_YTD = D_YTD + 2476.39 WHERE D_W_ID = 1 AND D_ID = 8

EXPLAIN Plan:

Update on district  (cost=4.28..11.67 rows=0 width=0) (actual time=0.052..0.052 rows=0 loops=1)

  ->  Bitmap Heap Scan on district  (cost=4.28..11.67 rows=2 width=22) (actual time=0.020..0.021 rows=1 loops=1)

        Recheck Cond: ((d_w_id = 1) AND (d_id = 8))

        Heap Blocks: exact=1

        ->  Bitmap Index Scan on district_pkey  (cost=0.00..4.28 rows=2 width=0) (actual time=0.011..0.011 rows=1 loops=1)

              Index Cond: ((d_w_id = 1) AND (d_id = 8))

Planning Time: 0.093 ms

Execution Time: 0.090 ms
Failed SQL 1640: UPDATE DISTRICT SET D_YTD = D_YTD + 2476.39 WHERE D_W_ID = 1 AND D_ID = 8
Error Message: Cannot invoke "java.util.List.get(int)" because the return value of "sg.edu.nus.autotune.DB2DATA.getAllIndexes()" is null


===== Query 1641 =====

SQL: SELECT D_STREET_1, D_STREET_2, D_CITY, D_STATE, D_ZIP, D_NAME FROM DISTRICT WHERE D_W_ID = 1 AND D_ID = 8

EXPLAIN Plan:

Bitmap Heap Scan on district  (cost=4.28..11.66 rows=2 width=64) (actual time=0.021..0.022 rows=1 loops=1)

  Recheck Cond: ((d_w_id = 1) AND (d_id = 8))

  Heap Blocks: exact=1

  ->  Bitmap Index Scan on district_pkey  (cost=0.00..4.28 rows=2 width=0) (actual time=0.011..0.011 rows=1 loops=1)

        Index Cond: ((d_w_id = 1) AND (d_id = 8))

Planning Time: 0.091 ms

Execution Time: 0.048 ms
Failed SQL 1641: SELECT D_STREET_1, D_STREET_2, D_CITY, D_STATE, D_ZIP, D_NAME FROM DISTRICT WHERE D_W_ID = 1 AND D_ID = 8
Error Message: Cannot invoke "java.util.List.get(int)" because the return value of "sg.edu.nus.autotune.DB2DATA.getAllIndexes()" is null


===== Query 1642 =====

SQL: SELECT C_FIRST, C_MIDDLE, C_ID, C_STREET_1, C_STREET_2, C_CITY, C_STATE, C_ZIP, C_PHONE, C_CREDIT, C_CREDIT_LIM, C_DISCOUNT, C_BALANCE, C_YTD_PAYMENT, C_PAYMENT_CNT, C_SINCE FROM CUSTOMER WHERE C_W_ID = 1 AND C_D_ID = 8 AND C_LAST = 'ATIONANTIABLE' ORDER BY C_FIRST

EXPLAIN Plan:

Sort  (cost=7340.51..7340.51 rows=2 width=131) (actual time=4.521..4.523 rows=1 loops=1)

  Sort Key: c_first

  Sort Method: quicksort  Memory: 25kB

  ->  Bitmap Heap Scan on customer  (cost=78.58..7340.50 rows=2 width=131) (actual time=4.094..4.509 rows=1 loops=1)

        Recheck Cond: ((c_w_id = 1) AND (c_d_id = 8))

        Filter: ((c_last)::text = 'ATIONANTIABLE'::text)

        Rows Removed by Filter: 2999

        Heap Blocks: exact=820

        ->  Bitmap Index Scan on customer_pkey  (cost=0.00..78.58 rows=3016 width=0) (actual time=0.591..0.591 rows=3033 loops=1)

              Index Cond: ((c_w_id = 1) AND (c_d_id = 8))

Planning Time: 0.166 ms

Execution Time: 4.579 ms
Failed SQL 1642: SELECT C_FIRST, C_MIDDLE, C_ID, C_STREET_1, C_STREET_2, C_CITY, C_STATE, C_ZIP, C_PHONE, C_CREDIT, C_CREDIT_LIM, C_DISCOUNT, C_BALANCE, C_YTD_PAYMENT, C_PAYMENT_CNT, C_SINCE FROM CUSTOMER WHERE C_W_ID = 1 AND C_D_ID = 8 AND C_LAST = 'ATIONANTIABLE' ORDER BY C_FIRST
Error Message: Cannot invoke "java.util.List.get(int)" because the return value of "sg.edu.nus.autotune.DB2DATA.getAllIndexes()" is null


===== Query 1643 =====

SQL: UPDATE CUSTOMER SET C_BALANCE = -2486.39, C_YTD_PAYMENT = 2486.39, C_PAYMENT_CNT = 2 WHERE C_W_ID = 1 AND C_D_ID = 8 AND C_ID = 863

EXPLAIN Plan:

Update on customer  (cost=0.42..8.44 rows=0 width=0) (actual time=0.097..0.098 rows=0 loops=1)

  ->  Index Scan using customer_pkey on customer  (cost=0.42..8.44 rows=1 width=34) (actual time=0.037..0.038 rows=1 loops=1)

        Index Cond: ((c_w_id = 1) AND (c_d_id = 8) AND (c_id = 863))

Planning Time: 0.124 ms

Execution Time: 0.126 ms
Failed SQL 1643: UPDATE CUSTOMER SET C_BALANCE = -2486.39, C_YTD_PAYMENT = 2486.39, C_PAYMENT_CNT = 2 WHERE C_W_ID = 1 AND C_D_ID = 8 AND C_ID = 863
Error Message: Cannot invoke "java.util.List.get(int)" because the return value of "sg.edu.nus.autotune.DB2DATA.getAllIndexes()" is null


===== Query 1644 =====

SQL: UPDATE WAREHOUSE SET W_YTD = W_YTD + 4584.36 WHERE W_ID = 1

EXPLAIN Plan:

Update on warehouse  (cost=4.14..8.16 rows=0 width=0) (actual time=0.084..0.085 rows=0 loops=1)

  ->  Bitmap Heap Scan on warehouse  (cost=4.14..8.16 rows=1 width=22) (actual time=0.020..0.021 rows=1 loops=1)

        Recheck Cond: (w_id = 1)

        Heap Blocks: exact=1

        ->  Bitmap Index Scan on warehouse_pkey  (cost=0.00..4.14 rows=1 width=0) (actual time=0.008..0.009 rows=1 loops=1)

              Index Cond: (w_id = 1)

Planning Time: 0.079 ms

Execution Time: 0.124 ms
Failed SQL 1644: UPDATE WAREHOUSE SET W_YTD = W_YTD + 4584.36 WHERE W_ID = 1
Error Message: Cannot invoke "java.util.List.get(int)" because the return value of "sg.edu.nus.autotune.DB2DATA.getAllIndexes()" is null


===== Query 1645 =====

SQL: SELECT W_STREET_1, W_STREET_2, W_CITY, W_STATE, W_ZIP, W_NAME FROM WAREHOUSE WHERE W_ID = 1

EXPLAIN Plan:

Bitmap Heap Scan on warehouse  (cost=4.14..8.15 rows=1 width=65) (actual time=0.023..0.024 rows=1 loops=1)

  Recheck Cond: (w_id = 1)

  Heap Blocks: exact=1

  ->  Bitmap Index Scan on warehouse_pkey  (cost=0.00..4.14 rows=1 width=0) (actual time=0.010..0.011 rows=1 loops=1)

        Index Cond: (w_id = 1)

Planning Time: 0.092 ms

Execution Time: 0.051 ms
Failed SQL 1645: SELECT W_STREET_1, W_STREET_2, W_CITY, W_STATE, W_ZIP, W_NAME FROM WAREHOUSE WHERE W_ID = 1
Error Message: Cannot invoke "java.util.List.get(int)" because the return value of "sg.edu.nus.autotune.DB2DATA.getAllIndexes()" is null


===== Query 1646 =====

SQL: UPDATE DISTRICT SET D_YTD = D_YTD + 4584.36 WHERE D_W_ID = 1 AND D_ID = 10

EXPLAIN Plan:

Update on district  (cost=4.28..11.67 rows=0 width=0) (actual time=0.075..0.075 rows=0 loops=1)

  ->  Bitmap Heap Scan on district  (cost=4.28..11.67 rows=2 width=22) (actual time=0.025..0.026 rows=1 loops=1)

        Recheck Cond: ((d_w_id = 1) AND (d_id = 10))

        Heap Blocks: exact=1

        ->  Bitmap Index Scan on district_pkey  (cost=0.00..4.28 rows=2 width=0) (actual time=0.013..0.013 rows=1 loops=1)

              Index Cond: ((d_w_id = 1) AND (d_id = 10))

Planning Time: 0.110 ms

Execution Time: 0.115 ms
Failed SQL 1646: UPDATE DISTRICT SET D_YTD = D_YTD + 4584.36 WHERE D_W_ID = 1 AND D_ID = 10
Error Message: Cannot invoke "java.util.List.get(int)" because the return value of "sg.edu.nus.autotune.DB2DATA.getAllIndexes()" is null


===== Query 1647 =====

SQL: SELECT D_STREET_1, D_STREET_2, D_CITY, D_STATE, D_ZIP, D_NAME FROM DISTRICT WHERE D_W_ID = 1 AND D_ID = 10

EXPLAIN Plan:

Bitmap Heap Scan on district  (cost=4.28..11.66 rows=2 width=64) (actual time=0.026..0.027 rows=1 loops=1)

  Recheck Cond: ((d_w_id = 1) AND (d_id = 10))

  Heap Blocks: exact=1

  ->  Bitmap Index Scan on district_pkey  (cost=0.00..4.28 rows=2 width=0) (actual time=0.014..0.014 rows=1 loops=1)

        Index Cond: ((d_w_id = 1) AND (d_id = 10))

Planning Time: 0.108 ms

Execution Time: 0.059 ms
Failed SQL 1647: SELECT D_STREET_1, D_STREET_2, D_CITY, D_STATE, D_ZIP, D_NAME FROM DISTRICT WHERE D_W_ID = 1 AND D_ID = 10
Error Message: Cannot invoke "java.util.List.get(int)" because the return value of "sg.edu.nus.autotune.DB2DATA.getAllIndexes()" is null


===== Query 1648 =====

SQL: SELECT C_FIRST, C_MIDDLE, C_LAST, C_STREET_1, C_STREET_2, C_CITY, C_STATE, C_ZIP, C_PHONE, C_CREDIT, C_CREDIT_LIM, C_DISCOUNT, C_BALANCE, C_YTD_PAYMENT, C_PAYMENT_CNT, C_SINCE FROM CUSTOMER WHERE C_W_ID = 1 AND C_D_ID = 10 AND C_ID = 501

EXPLAIN Plan:

Index Scan using customer_pkey on customer  (cost=0.42..8.44 rows=1 width=140) (actual time=0.041..0.042 rows=1 loops=1)

  Index Cond: ((c_w_id = 1) AND (c_d_id = 10) AND (c_id = 501))

Planning Time: 0.101 ms

Execution Time: 0.066 ms
Failed SQL 1648: SELECT C_FIRST, C_MIDDLE, C_LAST, C_STREET_1, C_STREET_2, C_CITY, C_STATE, C_ZIP, C_PHONE, C_CREDIT, C_CREDIT_LIM, C_DISCOUNT, C_BALANCE, C_YTD_PAYMENT, C_PAYMENT_CNT, C_SINCE FROM CUSTOMER WHERE C_W_ID = 1 AND C_D_ID = 10 AND C_ID = 501
Error Message: Cannot invoke "java.util.List.get(int)" because the return value of "sg.edu.nus.autotune.DB2DATA.getAllIndexes()" is null


===== Query 1649 =====

SQL: UPDATE CUSTOMER SET C_BALANCE = 32296.992, C_YTD_PAYMENT = 4594.36, C_PAYMENT_CNT = 2 WHERE C_W_ID = 1 AND C_D_ID = 10 AND C_ID = 501

EXPLAIN Plan:

Update on customer  (cost=0.42..8.44 rows=0 width=0) (actual time=0.102..0.103 rows=0 loops=1)

  ->  Index Scan using customer_pkey on customer  (cost=0.42..8.44 rows=1 width=34) (actual time=0.024..0.025 rows=1 loops=1)

        Index Cond: ((c_w_id = 1) AND (c_d_id = 10) AND (c_id = 501))

Planning Time: 0.111 ms

Execution Time: 0.130 ms
Failed SQL 1649: UPDATE CUSTOMER SET C_BALANCE = 32296.992, C_YTD_PAYMENT = 4594.36, C_PAYMENT_CNT = 2 WHERE C_W_ID = 1 AND C_D_ID = 10 AND C_ID = 501
Error Message: Cannot invoke "java.util.List.get(int)" because the return value of "sg.edu.nus.autotune.DB2DATA.getAllIndexes()" is null


===== Query 1650 =====

SQL: SELECT NO_O_ID FROM NEW_ORDER WHERE NO_D_ID = 1 AND NO_W_ID = 1 ORDER BY NO_O_ID ASC LIMIT 1

EXPLAIN Plan:

Limit  (cost=0.42..0.47 rows=1 width=4) (actual time=0.051..0.052 rows=1 loops=1)

  ->  Index Only Scan using new_order_pkey on new_order  (cost=0.42..79.90 rows=1574 width=4) (actual time=0.050..0.050 rows=1 loops=1)

        Index Cond: ((no_w_id = 1) AND (no_d_id = 1))

        Heap Fetches: 0

Planning Time: 0.115 ms

Execution Time: 0.072 ms
Failed SQL 1650: SELECT NO_O_ID FROM NEW_ORDER WHERE NO_D_ID = 1 AND NO_W_ID = 1 ORDER BY NO_O_ID ASC LIMIT 1
Error Message: Cannot invoke "java.util.List.get(int)" because the return value of "sg.edu.nus.autotune.DB2DATA.getAllIndexes()" is null


===== Query 1651 =====

SQL: SELECT O_C_ID FROM OORDER WHERE O_ID = 2549 AND O_D_ID = 1 AND O_W_ID = 1

EXPLAIN Plan:

Index Scan using oorder_pkey on oorder  (cost=0.42..8.44 rows=1 width=4) (actual time=0.055..0.057 rows=1 loops=1)

  Index Cond: ((o_w_id = 1) AND (o_d_id = 1) AND (o_id = 2549))

Planning Time: 0.109 ms

Execution Time: 0.075 ms
Failed SQL 1651: SELECT O_C_ID FROM OORDER WHERE O_ID = 2549 AND O_D_ID = 1 AND O_W_ID = 1
Error Message: Cannot invoke "java.util.List.get(int)" because the return value of "sg.edu.nus.autotune.DB2DATA.getAllIndexes()" is null


===== Query 1652 =====

SQL: UPDATE OORDER SET O_CARRIER_ID = 7 WHERE O_ID = 2549 AND O_D_ID = 1 AND O_W_ID = 1

EXPLAIN Plan:

Update on oorder  (cost=0.42..8.44 rows=0 width=0) (actual time=1.452..1.453 rows=0 loops=1)

  ->  Index Scan using oorder_pkey on oorder  (cost=0.42..8.44 rows=1 width=10) (actual time=0.021..0.031 rows=1 loops=1)

        Index Cond: ((o_w_id = 1) AND (o_d_id = 1) AND (o_id = 2549))

Planning Time: 0.088 ms

Execution Time: 1.480 ms
Failed SQL 1652: UPDATE OORDER SET O_CARRIER_ID = 7 WHERE O_ID = 2549 AND O_D_ID = 1 AND O_W_ID = 1
Error Message: Cannot invoke "java.util.List.get(int)" because the return value of "sg.edu.nus.autotune.DB2DATA.getAllIndexes()" is null


===== Query 1653 =====

SQL: UPDATE ORDER_LINE SET OL_DELIVERY_D = '2014-10-12 20:52:31.143' WHERE OL_O_ID = 2549 AND OL_D_ID = 1 AND OL_W_ID = 1

EXPLAIN Plan:

Update on order_line  (cost=0.43..43.81 rows=0 width=0) (actual time=1.347..1.348 rows=0 loops=1)

  ->  Index Scan using order_line_pkey on order_line  (cost=0.43..43.81 rows=10 width=14) (actual time=0.047..0.056 rows=14 loops=1)

        Index Cond: ((ol_w_id = 1) AND (ol_d_id = 1) AND (ol_o_id = 2549))

Planning Time: 0.098 ms

Execution Time: 1.375 ms
Failed SQL 1653: UPDATE ORDER_LINE SET OL_DELIVERY_D = '2014-10-12 20:52:31.143' WHERE OL_O_ID = 2549 AND OL_D_ID = 1 AND OL_W_ID = 1
Error Message: Cannot invoke "java.util.List.get(int)" because the return value of "sg.edu.nus.autotune.DB2DATA.getAllIndexes()" is null


===== Query 1654 =====

SQL: SELECT SUM(OL_AMOUNT) AS OL_TOTAL FROM ORDER_LINE WHERE OL_O_ID = 2549 AND OL_D_ID = 1 AND OL_W_ID = 1

EXPLAIN Plan:

Aggregate  (cost=43.83..43.84 rows=1 width=32) (actual time=0.099..0.100 rows=1 loops=1)

  ->  Index Scan using order_line_pkey on order_line  (cost=0.43..43.81 rows=10 width=6) (actual time=0.060..0.083 rows=14 loops=1)

        Index Cond: ((ol_w_id = 1) AND (ol_d_id = 1) AND (ol_o_id = 2549))

Planning Time: 0.160 ms

Execution Time: 0.135 ms
Failed SQL 1654: SELECT SUM(OL_AMOUNT) AS OL_TOTAL FROM ORDER_LINE WHERE OL_O_ID = 2549 AND OL_D_ID = 1 AND OL_W_ID = 1
Error Message: Cannot invoke "java.util.List.get(int)" because the return value of "sg.edu.nus.autotune.DB2DATA.getAllIndexes()" is null


===== Query 1655 =====

SQL: UPDATE CUSTOMER SET C_BALANCE = C_BALANCE + 23650.74, C_DELIVERY_CNT = C_DELIVERY_CNT + 1 WHERE C_W_ID = 1 AND C_D_ID = 1 AND C_ID = 1243

EXPLAIN Plan:

Update on customer  (cost=0.42..8.45 rows=0 width=0) (actual time=1.003..1.004 rows=0 loops=1)

  ->  Index Scan using customer_pkey on customer  (cost=0.42..8.45 rows=1 width=26) (actual time=0.918..0.920 rows=1 loops=1)

        Index Cond: ((c_w_id = 1) AND (c_d_id = 1) AND (c_id = 1243))

Planning Time: 0.109 ms

Execution Time: 1.034 ms
Failed SQL 1655: UPDATE CUSTOMER SET C_BALANCE = C_BALANCE + 23650.74, C_DELIVERY_CNT = C_DELIVERY_CNT + 1 WHERE C_W_ID = 1 AND C_D_ID = 1 AND C_ID = 1243
Error Message: Cannot invoke "java.util.List.get(int)" because the return value of "sg.edu.nus.autotune.DB2DATA.getAllIndexes()" is null


===== Query 1656 =====

SQL: SELECT NO_O_ID FROM NEW_ORDER WHERE NO_D_ID = 2 AND NO_W_ID = 1 ORDER BY NO_O_ID ASC LIMIT 1

EXPLAIN Plan:

Limit  (cost=0.42..0.47 rows=1 width=4) (actual time=0.069..0.071 rows=1 loops=1)

  ->  Index Only Scan using new_order_pkey on new_order  (cost=0.42..78.88 rows=1523 width=4) (actual time=0.068..0.069 rows=1 loops=1)

        Index Cond: ((no_w_id = 1) AND (no_d_id = 2))

        Heap Fetches: 0

Planning Time: 0.119 ms

Execution Time: 0.092 ms
Failed SQL 1656: SELECT NO_O_ID FROM NEW_ORDER WHERE NO_D_ID = 2 AND NO_W_ID = 1 ORDER BY NO_O_ID ASC LIMIT 1
Error Message: Cannot invoke "java.util.List.get(int)" because the return value of "sg.edu.nus.autotune.DB2DATA.getAllIndexes()" is null


===== Query 1657 =====

SQL: SELECT O_C_ID FROM OORDER WHERE O_ID = 2549 AND O_D_ID = 2 AND O_W_ID = 1

EXPLAIN Plan:

Index Scan using oorder_pkey on oorder  (cost=0.42..8.44 rows=1 width=4) (actual time=0.367..0.369 rows=1 loops=1)

  Index Cond: ((o_w_id = 1) AND (o_d_id = 2) AND (o_id = 2549))

Planning Time: 0.117 ms

Execution Time: 0.391 ms
Failed SQL 1657: SELECT O_C_ID FROM OORDER WHERE O_ID = 2549 AND O_D_ID = 2 AND O_W_ID = 1
Error Message: Cannot invoke "java.util.List.get(int)" because the return value of "sg.edu.nus.autotune.DB2DATA.getAllIndexes()" is null


===== Query 1658 =====

SQL: UPDATE OORDER SET O_CARRIER_ID = 7 WHERE O_ID = 2549 AND O_D_ID = 2 AND O_W_ID = 1

EXPLAIN Plan:

Update on oorder  (cost=0.42..8.44 rows=0 width=0) (actual time=0.100..0.101 rows=0 loops=1)

  ->  Index Scan using oorder_pkey on oorder  (cost=0.42..8.44 rows=1 width=10) (actual time=0.029..0.031 rows=1 loops=1)

        Index Cond: ((o_w_id = 1) AND (o_d_id = 2) AND (o_id = 2549))

Planning Time: 0.096 ms

Execution Time: 0.127 ms
Failed SQL 1658: UPDATE OORDER SET O_CARRIER_ID = 7 WHERE O_ID = 2549 AND O_D_ID = 2 AND O_W_ID = 1
Error Message: Cannot invoke "java.util.List.get(int)" because the return value of "sg.edu.nus.autotune.DB2DATA.getAllIndexes()" is null


===== Query 1659 =====

SQL: UPDATE ORDER_LINE SET OL_DELIVERY_D =  '2014-10-12 20:52:31.155' WHERE OL_O_ID = 2549 AND OL_D_ID = 2 AND OL_W_ID = 1

EXPLAIN Plan:

Update on order_line  (cost=0.43..43.81 rows=0 width=0) (actual time=1.351..1.352 rows=0 loops=1)

  ->  Index Scan using order_line_pkey on order_line  (cost=0.43..43.81 rows=10 width=14) (actual time=0.062..0.071 rows=10 loops=1)

        Index Cond: ((ol_w_id = 1) AND (ol_d_id = 2) AND (ol_o_id = 2549))

Planning Time: 0.117 ms

Execution Time: 1.386 ms
Failed SQL 1659: UPDATE ORDER_LINE SET OL_DELIVERY_D =  '2014-10-12 20:52:31.155' WHERE OL_O_ID = 2549 AND OL_D_ID = 2 AND OL_W_ID = 1
Error Message: Cannot invoke "java.util.List.get(int)" because the return value of "sg.edu.nus.autotune.DB2DATA.getAllIndexes()" is null


===== Query 1660 =====

SQL: SELECT SUM(OL_AMOUNT) AS OL_TOTAL FROM ORDER_LINE WHERE OL_O_ID = 2549 AND OL_D_ID = 2 AND OL_W_ID = 1

EXPLAIN Plan:

Aggregate  (cost=43.83..43.84 rows=1 width=32) (actual time=0.055..0.056 rows=1 loops=1)

  ->  Index Scan using order_line_pkey on order_line  (cost=0.43..43.81 rows=10 width=6) (actual time=0.042..0.047 rows=10 loops=1)

        Index Cond: ((ol_w_id = 1) AND (ol_d_id = 2) AND (ol_o_id = 2549))

Planning Time: 0.071 ms

Execution Time: 0.077 ms
Failed SQL 1660: SELECT SUM(OL_AMOUNT) AS OL_TOTAL FROM ORDER_LINE WHERE OL_O_ID = 2549 AND OL_D_ID = 2 AND OL_W_ID = 1
Error Message: Cannot invoke "java.util.List.get(int)" because the return value of "sg.edu.nus.autotune.DB2DATA.getAllIndexes()" is null


===== Query 1661 =====

SQL: UPDATE CUSTOMER SET C_BALANCE = C_BALANCE + 74246.94, C_DELIVERY_CNT = C_DELIVERY_CNT + 1 WHERE C_W_ID = 1 AND C_D_ID = 2 AND C_ID = 1518

EXPLAIN Plan:

Update on customer  (cost=0.42..8.45 rows=0 width=0) (actual time=0.163..0.164 rows=0 loops=1)

  ->  Index Scan using customer_pkey on customer  (cost=0.42..8.45 rows=1 width=26) (actual time=0.076..0.078 rows=1 loops=1)

        Index Cond: ((c_w_id = 1) AND (c_d_id = 2) AND (c_id = 1518))

Planning Time: 0.129 ms

Execution Time: 0.219 ms
Failed SQL 1661: UPDATE CUSTOMER SET C_BALANCE = C_BALANCE + 74246.94, C_DELIVERY_CNT = C_DELIVERY_CNT + 1 WHERE C_W_ID = 1 AND C_D_ID = 2 AND C_ID = 1518
Error Message: Cannot invoke "java.util.List.get(int)" because the return value of "sg.edu.nus.autotune.DB2DATA.getAllIndexes()" is null


===== Query 1662 =====

SQL: SELECT NO_O_ID FROM NEW_ORDER WHERE NO_D_ID = 3 AND NO_W_ID = 1 ORDER BY NO_O_ID ASC LIMIT 1

EXPLAIN Plan:

Limit  (cost=0.42..0.47 rows=1 width=4) (actual time=0.056..0.057 rows=1 loops=1)

  ->  Index Only Scan using new_order_pkey on new_order  (cost=0.42..86.04 rows=1681 width=4) (actual time=0.055..0.056 rows=1 loops=1)

        Index Cond: ((no_w_id = 1) AND (no_d_id = 3))

        Heap Fetches: 0

Planning Time: 0.103 ms

Execution Time: 0.076 ms
Failed SQL 1662: SELECT NO_O_ID FROM NEW_ORDER WHERE NO_D_ID = 3 AND NO_W_ID = 1 ORDER BY NO_O_ID ASC LIMIT 1
Error Message: Cannot invoke "java.util.List.get(int)" because the return value of "sg.edu.nus.autotune.DB2DATA.getAllIndexes()" is null


===== Query 1663 =====

SQL: SELECT O_C_ID FROM OORDER WHERE O_ID = 2549 AND O_D_ID = 3 AND O_W_ID = 1

EXPLAIN Plan:

Index Scan using oorder_pkey on oorder  (cost=0.42..8.44 rows=1 width=4) (actual time=0.954..0.957 rows=1 loops=1)

  Index Cond: ((o_w_id = 1) AND (o_d_id = 3) AND (o_id = 2549))

Planning Time: 0.106 ms

Execution Time: 0.977 ms
Failed SQL 1663: SELECT O_C_ID FROM OORDER WHERE O_ID = 2549 AND O_D_ID = 3 AND O_W_ID = 1
Error Message: Cannot invoke "java.util.List.get(int)" because the return value of "sg.edu.nus.autotune.DB2DATA.getAllIndexes()" is null


===== Query 1664 =====

SQL: UPDATE OORDER SET O_CARRIER_ID = 7 WHERE O_ID = 2549 AND O_D_ID = 3 AND O_W_ID = 1

EXPLAIN Plan:

Update on oorder  (cost=0.42..8.44 rows=0 width=0) (actual time=0.105..0.106 rows=0 loops=1)

  ->  Index Scan using oorder_pkey on oorder  (cost=0.42..8.44 rows=1 width=10) (actual time=0.024..0.026 rows=1 loops=1)

        Index Cond: ((o_w_id = 1) AND (o_d_id = 3) AND (o_id = 2549))

Planning Time: 0.111 ms

Execution Time: 0.134 ms
Failed SQL 1664: UPDATE OORDER SET O_CARRIER_ID = 7 WHERE O_ID = 2549 AND O_D_ID = 3 AND O_W_ID = 1
Error Message: Cannot invoke "java.util.List.get(int)" because the return value of "sg.edu.nus.autotune.DB2DATA.getAllIndexes()" is null


===== Query 1665 =====

SQL: UPDATE ORDER_LINE SET OL_DELIVERY_D = '2014-10-12 20:52:31.177' WHERE OL_O_ID = 2549 AND OL_D_ID = 3 AND OL_W_ID = 1

EXPLAIN Plan:

Update on order_line  (cost=0.43..43.81 rows=0 width=0) (actual time=0.139..0.140 rows=0 loops=1)

  ->  Index Scan using order_line_pkey on order_line  (cost=0.43..43.81 rows=10 width=14) (actual time=0.052..0.057 rows=7 loops=1)

        Index Cond: ((ol_w_id = 1) AND (ol_d_id = 3) AND (ol_o_id = 2549))

Planning Time: 0.095 ms

Execution Time: 0.167 ms
Failed SQL 1665: UPDATE ORDER_LINE SET OL_DELIVERY_D = '2014-10-12 20:52:31.177' WHERE OL_O_ID = 2549 AND OL_D_ID = 3 AND OL_W_ID = 1
Error Message: Cannot invoke "java.util.List.get(int)" because the return value of "sg.edu.nus.autotune.DB2DATA.getAllIndexes()" is null


===== Query 1666 =====

SQL: SELECT SUM(OL_AMOUNT) AS OL_TOTAL FROM ORDER_LINE WHERE OL_O_ID = 2549 AND OL_D_ID = 3 AND OL_W_ID = 1

EXPLAIN Plan:

Aggregate  (cost=43.83..43.84 rows=1 width=32) (actual time=0.065..0.065 rows=1 loops=1)

  ->  Index Scan using order_line_pkey on order_line  (cost=0.43..43.81 rows=10 width=6) (actual time=0.048..0.051 rows=7 loops=1)

        Index Cond: ((ol_w_id = 1) AND (ol_d_id = 3) AND (ol_o_id = 2549))

Planning Time: 0.126 ms

Execution Time: 0.098 ms
Failed SQL 1666: SELECT SUM(OL_AMOUNT) AS OL_TOTAL FROM ORDER_LINE WHERE OL_O_ID = 2549 AND OL_D_ID = 3 AND OL_W_ID = 1
Error Message: Cannot invoke "java.util.List.get(int)" because the return value of "sg.edu.nus.autotune.DB2DATA.getAllIndexes()" is null


===== Query 1667 =====

SQL: UPDATE CUSTOMER SET C_BALANCE = C_BALANCE + 53385.63, C_DELIVERY_CNT = C_DELIVERY_CNT + 1 WHERE C_W_ID = 1 AND C_D_ID = 3 AND C_ID = 724

EXPLAIN Plan:

Update on customer  (cost=0.42..8.45 rows=0 width=0) (actual time=0.140..0.141 rows=0 loops=1)

  ->  Index Scan using customer_pkey on customer  (cost=0.42..8.45 rows=1 width=26) (actual time=0.071..0.073 rows=1 loops=1)

        Index Cond: ((c_w_id = 1) AND (c_d_id = 3) AND (c_id = 724))

Planning Time: 0.116 ms

Execution Time: 0.173 ms
Failed SQL 1667: UPDATE CUSTOMER SET C_BALANCE = C_BALANCE + 53385.63, C_DELIVERY_CNT = C_DELIVERY_CNT + 1 WHERE C_W_ID = 1 AND C_D_ID = 3 AND C_ID = 724
Error Message: Cannot invoke "java.util.List.get(int)" because the return value of "sg.edu.nus.autotune.DB2DATA.getAllIndexes()" is null


===== Query 1668 =====

SQL: SELECT NO_O_ID FROM NEW_ORDER WHERE NO_D_ID = 4 AND NO_W_ID = 1 ORDER BY NO_O_ID ASC LIMIT 1

EXPLAIN Plan:

Limit  (cost=0.42..0.47 rows=1 width=4) (actual time=0.052..0.053 rows=1 loops=1)

  ->  Index Only Scan using new_order_pkey on new_order  (cost=0.42..85.24 rows=1641 width=4) (actual time=0.051..0.051 rows=1 loops=1)

        Index Cond: ((no_w_id = 1) AND (no_d_id = 4))

        Heap Fetches: 0

Planning Time: 0.116 ms

Execution Time: 0.073 ms
Failed SQL 1668: SELECT NO_O_ID FROM NEW_ORDER WHERE NO_D_ID = 4 AND NO_W_ID = 1 ORDER BY NO_O_ID ASC LIMIT 1
Error Message: Cannot invoke "java.util.List.get(int)" because the return value of "sg.edu.nus.autotune.DB2DATA.getAllIndexes()" is null


===== Query 1669 =====

SQL: SELECT O_C_ID FROM OORDER WHERE O_ID = 2549 AND O_D_ID = 4 AND O_W_ID = 1

EXPLAIN Plan:

Index Scan using oorder_pkey on oorder  (cost=0.42..8.44 rows=1 width=4) (actual time=1.718..1.721 rows=1 loops=1)

  Index Cond: ((o_w_id = 1) AND (o_d_id = 4) AND (o_id = 2549))

Planning Time: 0.118 ms

Execution Time: 1.744 ms
Failed SQL 1669: SELECT O_C_ID FROM OORDER WHERE O_ID = 2549 AND O_D_ID = 4 AND O_W_ID = 1
Error Message: Cannot invoke "java.util.List.get(int)" because the return value of "sg.edu.nus.autotune.DB2DATA.getAllIndexes()" is null


===== Query 1670 =====

SQL: UPDATE OORDER SET O_CARRIER_ID = 7 WHERE O_ID = 2549 AND O_D_ID = 4 AND O_W_ID = 1

EXPLAIN Plan:

Update on oorder  (cost=0.42..8.44 rows=0 width=0) (actual time=0.086..0.087 rows=0 loops=1)

  ->  Index Scan using oorder_pkey on oorder  (cost=0.42..8.44 rows=1 width=10) (actual time=0.024..0.026 rows=1 loops=1)

        Index Cond: ((o_w_id = 1) AND (o_d_id = 4) AND (o_id = 2549))

Planning Time: 0.110 ms

Execution Time: 0.114 ms
Failed SQL 1670: UPDATE OORDER SET O_CARRIER_ID = 7 WHERE O_ID = 2549 AND O_D_ID = 4 AND O_W_ID = 1
Error Message: Cannot invoke "java.util.List.get(int)" because the return value of "sg.edu.nus.autotune.DB2DATA.getAllIndexes()" is null


===== Query 1671 =====

SQL: UPDATE ORDER_LINE SET OL_DELIVERY_D = '2014-10-12 20:52:31.241' WHERE OL_O_ID = 2549 AND OL_D_ID = 4 AND OL_W_ID = 1

EXPLAIN Plan:

Update on order_line  (cost=0.43..43.81 rows=0 width=0) (actual time=1.058..1.059 rows=0 loops=1)

  ->  Index Scan using order_line_pkey on order_line  (cost=0.43..43.81 rows=10 width=14) (actual time=0.048..0.055 rows=10 loops=1)

        Index Cond: ((ol_w_id = 1) AND (ol_d_id = 4) AND (ol_o_id = 2549))

Planning Time: 0.113 ms

Execution Time: 1.089 ms
Failed SQL 1671: UPDATE ORDER_LINE SET OL_DELIVERY_D = '2014-10-12 20:52:31.241' WHERE OL_O_ID = 2549 AND OL_D_ID = 4 AND OL_W_ID = 1
Error Message: Cannot invoke "java.util.List.get(int)" because the return value of "sg.edu.nus.autotune.DB2DATA.getAllIndexes()" is null


===== Query 1672 =====

SQL: SELECT SUM(OL_AMOUNT) AS OL_TOTAL FROM ORDER_LINE WHERE OL_O_ID = 2549 AND OL_D_ID = 4 AND OL_W_ID = 1

EXPLAIN Plan:

Aggregate  (cost=43.83..43.84 rows=1 width=32) (actual time=0.073..0.074 rows=1 loops=1)

  ->  Index Scan using order_line_pkey on order_line  (cost=0.43..43.81 rows=10 width=6) (actual time=0.048..0.059 rows=10 loops=1)

        Index Cond: ((ol_w_id = 1) AND (ol_d_id = 4) AND (ol_o_id = 2549))

Planning Time: 0.131 ms

Execution Time: 0.108 ms
Failed SQL 1672: SELECT SUM(OL_AMOUNT) AS OL_TOTAL FROM ORDER_LINE WHERE OL_O_ID = 2549 AND OL_D_ID = 4 AND OL_W_ID = 1
Error Message: Cannot invoke "java.util.List.get(int)" because the return value of "sg.edu.nus.autotune.DB2DATA.getAllIndexes()" is null


===== Query 1673 =====

SQL: UPDATE CUSTOMER SET C_BALANCE = C_BALANCE + 39346.83, C_DELIVERY_CNT = C_DELIVERY_CNT + 1 WHERE C_W_ID = 1 AND C_D_ID = 4 AND C_ID = 84

EXPLAIN Plan:

Update on customer  (cost=0.42..8.45 rows=0 width=0) (actual time=1.626..1.627 rows=0 loops=1)

  ->  Index Scan using customer_pkey on customer  (cost=0.42..8.45 rows=1 width=26) (actual time=0.069..0.072 rows=1 loops=1)

        Index Cond: ((c_w_id = 1) AND (c_d_id = 4) AND (c_id = 84))

Planning Time: 0.101 ms

Execution Time: 1.666 ms
Failed SQL 1673: UPDATE CUSTOMER SET C_BALANCE = C_BALANCE + 39346.83, C_DELIVERY_CNT = C_DELIVERY_CNT + 1 WHERE C_W_ID = 1 AND C_D_ID = 4 AND C_ID = 84
Error Message: Cannot invoke "java.util.List.get(int)" because the return value of "sg.edu.nus.autotune.DB2DATA.getAllIndexes()" is null


===== Query 1674 =====

SQL: SELECT NO_O_ID FROM NEW_ORDER WHERE NO_D_ID = 5 AND NO_W_ID = 1 ORDER BY NO_O_ID ASC LIMIT 1

EXPLAIN Plan:

Limit  (cost=0.42..0.47 rows=1 width=4) (actual time=0.041..0.042 rows=1 loops=1)

  ->  Index Only Scan using new_order_pkey on new_order  (cost=0.42..84.90 rows=1624 width=4) (actual time=0.040..0.040 rows=1 loops=1)

        Index Cond: ((no_w_id = 1) AND (no_d_id = 5))

        Heap Fetches: 0

Planning Time: 0.097 ms

Execution Time: 0.060 ms
Failed SQL 1674: SELECT NO_O_ID FROM NEW_ORDER WHERE NO_D_ID = 5 AND NO_W_ID = 1 ORDER BY NO_O_ID ASC LIMIT 1
Error Message: Cannot invoke "java.util.List.get(int)" because the return value of "sg.edu.nus.autotune.DB2DATA.getAllIndexes()" is null


===== Query 1675 =====

SQL: SELECT O_C_ID FROM OORDER WHERE O_ID = 2549 AND O_D_ID = 5 AND O_W_ID = 1

EXPLAIN Plan:

Index Scan using oorder_pkey on oorder  (cost=0.42..8.44 rows=1 width=4) (actual time=0.856..0.859 rows=1 loops=1)

  Index Cond: ((o_w_id = 1) AND (o_d_id = 5) AND (o_id = 2549))

Planning Time: 0.103 ms

Execution Time: 0.879 ms
Failed SQL 1675: SELECT O_C_ID FROM OORDER WHERE O_ID = 2549 AND O_D_ID = 5 AND O_W_ID = 1
Error Message: Cannot invoke "java.util.List.get(int)" because the return value of "sg.edu.nus.autotune.DB2DATA.getAllIndexes()" is null


===== Query 1676 =====

SQL: UPDATE OORDER SET O_CARRIER_ID = 7 WHERE O_ID = 2549 AND O_D_ID = 5 AND O_W_ID = 1

EXPLAIN Plan:

Update on oorder  (cost=0.42..8.44 rows=0 width=0) (actual time=0.100..0.101 rows=0 loops=1)

  ->  Index Scan using oorder_pkey on oorder  (cost=0.42..8.44 rows=1 width=10) (actual time=0.027..0.029 rows=1 loops=1)

        Index Cond: ((o_w_id = 1) AND (o_d_id = 5) AND (o_id = 2549))

Planning Time: 0.124 ms

Execution Time: 0.131 ms
Failed SQL 1676: UPDATE OORDER SET O_CARRIER_ID = 7 WHERE O_ID = 2549 AND O_D_ID = 5 AND O_W_ID = 1
Error Message: Cannot invoke "java.util.List.get(int)" because the return value of "sg.edu.nus.autotune.DB2DATA.getAllIndexes()" is null


===== Query 1677 =====

SQL: UPDATE ORDER_LINE SET OL_DELIVERY_D = '2014-10-12 20:52:31.256' WHERE OL_O_ID = 2549 AND OL_D_ID = 5 AND OL_W_ID = 1

EXPLAIN Plan:

Update on order_line  (cost=0.43..43.81 rows=0 width=0) (actual time=0.658..0.658 rows=0 loops=1)

  ->  Index Scan using order_line_pkey on order_line  (cost=0.43..43.81 rows=10 width=14) (actual time=0.419..0.425 rows=10 loops=1)

        Index Cond: ((ol_w_id = 1) AND (ol_d_id = 5) AND (ol_o_id = 2549))

Planning Time: 0.111 ms

Execution Time: 0.689 ms
Failed SQL 1677: UPDATE ORDER_LINE SET OL_DELIVERY_D = '2014-10-12 20:52:31.256' WHERE OL_O_ID = 2549 AND OL_D_ID = 5 AND OL_W_ID = 1
Error Message: Cannot invoke "java.util.List.get(int)" because the return value of "sg.edu.nus.autotune.DB2DATA.getAllIndexes()" is null


===== Query 1678 =====

SQL: SELECT SUM(OL_AMOUNT) AS OL_TOTAL FROM ORDER_LINE WHERE OL_O_ID = 2549 AND OL_D_ID = 5 AND OL_W_ID = 1

EXPLAIN Plan:

Aggregate  (cost=43.83..43.84 rows=1 width=32) (actual time=0.043..0.043 rows=1 loops=1)

  ->  Index Scan using order_line_pkey on order_line  (cost=0.43..43.81 rows=10 width=6) (actual time=0.018..0.034 rows=10 loops=1)

        Index Cond: ((ol_w_id = 1) AND (ol_d_id = 5) AND (ol_o_id = 2549))

Planning Time: 0.074 ms

Execution Time: 0.064 ms
Failed SQL 1678: SELECT SUM(OL_AMOUNT) AS OL_TOTAL FROM ORDER_LINE WHERE OL_O_ID = 2549 AND OL_D_ID = 5 AND OL_W_ID = 1
Error Message: Cannot invoke "java.util.List.get(int)" because the return value of "sg.edu.nus.autotune.DB2DATA.getAllIndexes()" is null


===== Query 1679 =====

SQL: UPDATE CUSTOMER SET C_BALANCE = C_BALANCE + 44759.24, C_DELIVERY_CNT = C_DELIVERY_CNT + 1 WHERE C_W_ID = 1 AND C_D_ID = 5 AND C_ID = 2448

EXPLAIN Plan:

Update on customer  (cost=0.42..8.45 rows=0 width=0) (actual time=1.193..1.193 rows=0 loops=1)

  ->  Index Scan using customer_pkey on customer  (cost=0.42..8.45 rows=1 width=26) (actual time=1.142..1.144 rows=1 loops=1)

        Index Cond: ((c_w_id = 1) AND (c_d_id = 5) AND (c_id = 2448))

Planning Time: 0.104 ms

Execution Time: 1.223 ms
Failed SQL 1679: UPDATE CUSTOMER SET C_BALANCE = C_BALANCE + 44759.24, C_DELIVERY_CNT = C_DELIVERY_CNT + 1 WHERE C_W_ID = 1 AND C_D_ID = 5 AND C_ID = 2448
Error Message: Cannot invoke "java.util.List.get(int)" because the return value of "sg.edu.nus.autotune.DB2DATA.getAllIndexes()" is null


===== Query 1680 =====

SQL: SELECT NO_O_ID FROM NEW_ORDER WHERE NO_D_ID = 6 AND NO_W_ID = 1 ORDER BY NO_O_ID ASC LIMIT 1

EXPLAIN Plan:

Limit  (cost=0.42..0.47 rows=1 width=4) (actual time=0.050..0.051 rows=1 loops=1)

  ->  Index Only Scan using new_order_pkey on new_order  (cost=0.42..80.22 rows=1590 width=4) (actual time=0.049..0.049 rows=1 loops=1)

        Index Cond: ((no_w_id = 1) AND (no_d_id = 6))

        Heap Fetches: 0

Planning Time: 0.098 ms

Execution Time: 0.069 ms
Failed SQL 1680: SELECT NO_O_ID FROM NEW_ORDER WHERE NO_D_ID = 6 AND NO_W_ID = 1 ORDER BY NO_O_ID ASC LIMIT 1
Error Message: Cannot invoke "java.util.List.get(int)" because the return value of "sg.edu.nus.autotune.DB2DATA.getAllIndexes()" is null


===== Query 1681 =====

SQL: SELECT O_C_ID FROM OORDER WHERE O_ID = 2549 AND O_D_ID = 6 AND O_W_ID = 1

EXPLAIN Plan:

Index Scan using oorder_pkey on oorder  (cost=0.42..8.44 rows=1 width=4) (actual time=0.877..0.880 rows=1 loops=1)

  Index Cond: ((o_w_id = 1) AND (o_d_id = 6) AND (o_id = 2549))

Planning Time: 0.105 ms

Execution Time: 0.901 ms
Failed SQL 1681: SELECT O_C_ID FROM OORDER WHERE O_ID = 2549 AND O_D_ID = 6 AND O_W_ID = 1
Error Message: Cannot invoke "java.util.List.get(int)" because the return value of "sg.edu.nus.autotune.DB2DATA.getAllIndexes()" is null


===== Query 1682 =====

SQL: UPDATE OORDER SET O_CARRIER_ID = 7 WHERE O_ID = 2549 AND O_D_ID = 6 AND O_W_ID = 1

EXPLAIN Plan:

Update on oorder  (cost=0.42..8.44 rows=0 width=0) (actual time=0.102..0.103 rows=0 loops=1)

  ->  Index Scan using oorder_pkey on oorder  (cost=0.42..8.44 rows=1 width=10) (actual time=0.023..0.024 rows=1 loops=1)

        Index Cond: ((o_w_id = 1) AND (o_d_id = 6) AND (o_id = 2549))

Planning Time: 0.101 ms

Execution Time: 0.129 ms
Failed SQL 1682: UPDATE OORDER SET O_CARRIER_ID = 7 WHERE O_ID = 2549 AND O_D_ID = 6 AND O_W_ID = 1
Error Message: Cannot invoke "java.util.List.get(int)" because the return value of "sg.edu.nus.autotune.DB2DATA.getAllIndexes()" is null


===== Query 1683 =====

SQL: UPDATE ORDER_LINE SET OL_DELIVERY_D = '2014-10-12 20:52:31.298' WHERE OL_O_ID = 2549 AND OL_D_ID = 6 AND OL_W_ID = 1

EXPLAIN Plan:

Update on order_line  (cost=0.43..43.81 rows=0 width=0) (actual time=1.779..1.780 rows=0 loops=1)

  ->  Index Scan using order_line_pkey on order_line  (cost=0.43..43.81 rows=10 width=14) (actual time=0.921..1.174 rows=14 loops=1)

        Index Cond: ((ol_w_id = 1) AND (ol_d_id = 6) AND (ol_o_id = 2549))

Planning Time: 0.098 ms

Execution Time: 1.809 ms
Failed SQL 1683: UPDATE ORDER_LINE SET OL_DELIVERY_D = '2014-10-12 20:52:31.298' WHERE OL_O_ID = 2549 AND OL_D_ID = 6 AND OL_W_ID = 1
Error Message: Cannot invoke "java.util.List.get(int)" because the return value of "sg.edu.nus.autotune.DB2DATA.getAllIndexes()" is null


===== Query 1684 =====

SQL: SELECT SUM(OL_AMOUNT) AS OL_TOTAL FROM ORDER_LINE WHERE OL_O_ID = 2549 AND OL_D_ID = 6 AND OL_W_ID = 1

EXPLAIN Plan:

Aggregate  (cost=43.83..43.84 rows=1 width=32) (actual time=0.086..0.087 rows=1 loops=1)

  ->  Index Scan using order_line_pkey on order_line  (cost=0.43..43.81 rows=10 width=6) (actual time=0.025..0.071 rows=14 loops=1)

        Index Cond: ((ol_w_id = 1) AND (ol_d_id = 6) AND (ol_o_id = 2549))

Planning Time: 0.119 ms

Execution Time: 0.119 ms
Failed SQL 1684: SELECT SUM(OL_AMOUNT) AS OL_TOTAL FROM ORDER_LINE WHERE OL_O_ID = 2549 AND OL_D_ID = 6 AND OL_W_ID = 1
Error Message: Cannot invoke "java.util.List.get(int)" because the return value of "sg.edu.nus.autotune.DB2DATA.getAllIndexes()" is null


===== Query 1685 =====

SQL: UPDATE CUSTOMER SET C_BALANCE = C_BALANCE + 49481.8, C_DELIVERY_CNT = C_DELIVERY_CNT + 1 WHERE C_W_ID = 1 AND C_D_ID = 6 AND C_ID = 2708

EXPLAIN Plan:

Update on customer  (cost=0.42..8.45 rows=0 width=0) (actual time=0.133..0.133 rows=0 loops=1)

  ->  Index Scan using customer_pkey on customer  (cost=0.42..8.45 rows=1 width=26) (actual time=0.073..0.075 rows=1 loops=1)

        Index Cond: ((c_w_id = 1) AND (c_d_id = 6) AND (c_id = 2708))

Planning Time: 0.098 ms

Execution Time: 0.162 ms
Failed SQL 1685: UPDATE CUSTOMER SET C_BALANCE = C_BALANCE + 49481.8, C_DELIVERY_CNT = C_DELIVERY_CNT + 1 WHERE C_W_ID = 1 AND C_D_ID = 6 AND C_ID = 2708
Error Message: Cannot invoke "java.util.List.get(int)" because the return value of "sg.edu.nus.autotune.DB2DATA.getAllIndexes()" is null


===== Query 1686 =====

SQL: SELECT NO_O_ID FROM NEW_ORDER WHERE NO_D_ID = 7 AND NO_W_ID = 1 ORDER BY NO_O_ID ASC LIMIT 1

EXPLAIN Plan:

Limit  (cost=0.42..0.47 rows=1 width=4) (actual time=0.058..0.059 rows=1 loops=1)

  ->  Index Only Scan using new_order_pkey on new_order  (cost=0.42..79.04 rows=1531 width=4) (actual time=0.057..0.057 rows=1 loops=1)

        Index Cond: ((no_w_id = 1) AND (no_d_id = 7))

        Heap Fetches: 0

Planning Time: 0.116 ms

Execution Time: 0.080 ms
Failed SQL 1686: SELECT NO_O_ID FROM NEW_ORDER WHERE NO_D_ID = 7 AND NO_W_ID = 1 ORDER BY NO_O_ID ASC LIMIT 1
Error Message: Cannot invoke "java.util.List.get(int)" because the return value of "sg.edu.nus.autotune.DB2DATA.getAllIndexes()" is null


===== Query 1687 =====

SQL: SELECT O_C_ID FROM OORDER WHERE O_ID = 2549 AND O_D_ID = 7 AND O_W_ID = 1

EXPLAIN Plan:

Index Scan using oorder_pkey on oorder  (cost=0.42..8.44 rows=1 width=4) (actual time=0.339..0.342 rows=1 loops=1)

  Index Cond: ((o_w_id = 1) AND (o_d_id = 7) AND (o_id = 2549))

Planning Time: 0.095 ms

Execution Time: 0.366 ms
Failed SQL 1687: SELECT O_C_ID FROM OORDER WHERE O_ID = 2549 AND O_D_ID = 7 AND O_W_ID = 1
Error Message: Cannot invoke "java.util.List.get(int)" because the return value of "sg.edu.nus.autotune.DB2DATA.getAllIndexes()" is null


===== Query 1688 =====

SQL: UPDATE OORDER SET O_CARRIER_ID = 7 WHERE O_ID = 2549 AND O_D_ID = 7 AND O_W_ID = 1

EXPLAIN Plan:

Update on oorder  (cost=0.42..8.44 rows=0 width=0) (actual time=0.096..0.097 rows=0 loops=1)

  ->  Index Scan using oorder_pkey on oorder  (cost=0.42..8.44 rows=1 width=10) (actual time=0.022..0.023 rows=1 loops=1)

        Index Cond: ((o_w_id = 1) AND (o_d_id = 7) AND (o_id = 2549))

Planning Time: 0.103 ms

Execution Time: 0.122 ms
Failed SQL 1688: UPDATE OORDER SET O_CARRIER_ID = 7 WHERE O_ID = 2549 AND O_D_ID = 7 AND O_W_ID = 1
Error Message: Cannot invoke "java.util.List.get(int)" because the return value of "sg.edu.nus.autotune.DB2DATA.getAllIndexes()" is null


===== Query 1689 =====

SQL: UPDATE ORDER_LINE SET OL_DELIVERY_D = '2014-10-12 20:52:31.306' WHERE OL_O_ID = 2549 AND OL_D_ID = 7 AND OL_W_ID = 1

EXPLAIN Plan:

Update on order_line  (cost=0.43..43.81 rows=0 width=0) (actual time=15.976..15.976 rows=0 loops=1)

  ->  Index Scan using order_line_pkey on order_line  (cost=0.43..43.81 rows=10 width=14) (actual time=15.907..15.911 rows=5 loops=1)

        Index Cond: ((ol_w_id = 1) AND (ol_d_id = 7) AND (ol_o_id = 2549))

Planning Time: 0.084 ms

Execution Time: 16.001 ms
Failed SQL 1689: UPDATE ORDER_LINE SET OL_DELIVERY_D = '2014-10-12 20:52:31.306' WHERE OL_O_ID = 2549 AND OL_D_ID = 7 AND OL_W_ID = 1
Error Message: Cannot invoke "java.util.List.get(int)" because the return value of "sg.edu.nus.autotune.DB2DATA.getAllIndexes()" is null


===== Query 1690 =====

SQL: SELECT SUM(OL_AMOUNT) AS OL_TOTAL FROM ORDER_LINE WHERE OL_O_ID = 2549 AND OL_D_ID = 7 AND OL_W_ID = 1

EXPLAIN Plan:

Aggregate  (cost=43.83..43.84 rows=1 width=32) (actual time=0.063..0.064 rows=1 loops=1)

  ->  Index Scan using order_line_pkey on order_line  (cost=0.43..43.81 rows=10 width=6) (actual time=0.047..0.049 rows=5 loops=1)

        Index Cond: ((ol_w_id = 1) AND (ol_d_id = 7) AND (ol_o_id = 2549))

Planning Time: 0.132 ms

Execution Time: 0.098 ms
Failed SQL 1690: SELECT SUM(OL_AMOUNT) AS OL_TOTAL FROM ORDER_LINE WHERE OL_O_ID = 2549 AND OL_D_ID = 7 AND OL_W_ID = 1
Error Message: Cannot invoke "java.util.List.get(int)" because the return value of "sg.edu.nus.autotune.DB2DATA.getAllIndexes()" is null


===== Query 1691 =====

SQL: UPDATE CUSTOMER SET C_BALANCE = C_BALANCE + 24752.12, C_DELIVERY_CNT = C_DELIVERY_CNT + 1 WHERE C_W_ID = 1 AND C_D_ID = 7 AND C_ID = 169

EXPLAIN Plan:

Update on customer  (cost=0.42..8.45 rows=0 width=0) (actual time=1.339..1.340 rows=0 loops=1)

  ->  Index Scan using customer_pkey on customer  (cost=0.42..8.45 rows=1 width=26) (actual time=1.248..1.251 rows=1 loops=1)

        Index Cond: ((c_w_id = 1) AND (c_d_id = 7) AND (c_id = 169))

Planning Time: 0.109 ms

Execution Time: 1.373 ms
Failed SQL 1691: UPDATE CUSTOMER SET C_BALANCE = C_BALANCE + 24752.12, C_DELIVERY_CNT = C_DELIVERY_CNT + 1 WHERE C_W_ID = 1 AND C_D_ID = 7 AND C_ID = 169
Error Message: Cannot invoke "java.util.List.get(int)" because the return value of "sg.edu.nus.autotune.DB2DATA.getAllIndexes()" is null


===== Query 1692 =====

SQL: SELECT NO_O_ID FROM NEW_ORDER WHERE NO_D_ID = 8 AND NO_W_ID = 1 ORDER BY NO_O_ID ASC LIMIT 1

EXPLAIN Plan:

Limit  (cost=0.42..0.47 rows=1 width=4) (actual time=0.093..0.094 rows=1 loops=1)

  ->  Index Only Scan using new_order_pkey on new_order  (cost=0.42..85.14 rows=1636 width=4) (actual time=0.091..0.092 rows=1 loops=1)

        Index Cond: ((no_w_id = 1) AND (no_d_id = 8))

        Heap Fetches: 0

Planning Time: 0.138 ms

Execution Time: 0.115 ms
Failed SQL 1692: SELECT NO_O_ID FROM NEW_ORDER WHERE NO_D_ID = 8 AND NO_W_ID = 1 ORDER BY NO_O_ID ASC LIMIT 1
Error Message: Cannot invoke "java.util.List.get(int)" because the return value of "sg.edu.nus.autotune.DB2DATA.getAllIndexes()" is null


===== Query 1693 =====

SQL: SELECT O_C_ID FROM OORDER WHERE O_ID = 2549 AND O_D_ID = 8 AND O_W_ID = 1

EXPLAIN Plan:

Index Scan using oorder_pkey on oorder  (cost=0.42..8.44 rows=1 width=4) (actual time=0.972..0.974 rows=1 loops=1)

  Index Cond: ((o_w_id = 1) AND (o_d_id = 8) AND (o_id = 2549))

Planning Time: 0.124 ms

Execution Time: 0.995 ms
Failed SQL 1693: SELECT O_C_ID FROM OORDER WHERE O_ID = 2549 AND O_D_ID = 8 AND O_W_ID = 1
Error Message: Cannot invoke "java.util.List.get(int)" because the return value of "sg.edu.nus.autotune.DB2DATA.getAllIndexes()" is null


===== Query 1694 =====

SQL: UPDATE OORDER SET O_CARRIER_ID = 7 WHERE O_ID = 2549 AND O_D_ID = 8 AND O_W_ID = 1

EXPLAIN Plan:

Update on oorder  (cost=0.42..8.44 rows=0 width=0) (actual time=0.129..0.129 rows=0 loops=1)

  ->  Index Scan using oorder_pkey on oorder  (cost=0.42..8.44 rows=1 width=10) (actual time=0.040..0.041 rows=1 loops=1)

        Index Cond: ((o_w_id = 1) AND (o_d_id = 8) AND (o_id = 2549))

Planning Time: 0.145 ms

Execution Time: 0.160 ms
Failed SQL 1694: UPDATE OORDER SET O_CARRIER_ID = 7 WHERE O_ID = 2549 AND O_D_ID = 8 AND O_W_ID = 1
Error Message: Cannot invoke "java.util.List.get(int)" because the return value of "sg.edu.nus.autotune.DB2DATA.getAllIndexes()" is null


===== Query 1695 =====

SQL: UPDATE ORDER_LINE SET OL_DELIVERY_D = '2014-10-12 20:52:31.314' WHERE OL_O_ID = 2549 AND OL_D_ID = 8 AND OL_W_ID = 1

EXPLAIN Plan:

Update on order_line  (cost=0.43..43.81 rows=0 width=0) (actual time=1.084..1.085 rows=0 loops=1)

  ->  Index Scan using order_line_pkey on order_line  (cost=0.43..43.81 rows=10 width=14) (actual time=0.074..0.080 rows=7 loops=1)

        Index Cond: ((ol_w_id = 1) AND (ol_d_id = 8) AND (ol_o_id = 2549))

Planning Time: 0.097 ms

Execution Time: 1.114 ms
Failed SQL 1695: UPDATE ORDER_LINE SET OL_DELIVERY_D = '2014-10-12 20:52:31.314' WHERE OL_O_ID = 2549 AND OL_D_ID = 8 AND OL_W_ID = 1
Error Message: Cannot invoke "java.util.List.get(int)" because the return value of "sg.edu.nus.autotune.DB2DATA.getAllIndexes()" is null


===== Query 1696 =====

SQL: SELECT SUM(OL_AMOUNT) AS OL_TOTAL FROM ORDER_LINE WHERE OL_O_ID = 2549 AND OL_D_ID = 8 AND OL_W_ID = 1

EXPLAIN Plan:

Aggregate  (cost=43.83..43.84 rows=1 width=32) (actual time=0.069..0.070 rows=1 loops=1)

  ->  Index Scan using order_line_pkey on order_line  (cost=0.43..43.81 rows=10 width=6) (actual time=0.047..0.055 rows=7 loops=1)

        Index Cond: ((ol_w_id = 1) AND (ol_d_id = 8) AND (ol_o_id = 2549))

Planning Time: 0.125 ms

Execution Time: 0.104 ms
Failed SQL 1696: SELECT SUM(OL_AMOUNT) AS OL_TOTAL FROM ORDER_LINE WHERE OL_O_ID = 2549 AND OL_D_ID = 8 AND OL_W_ID = 1
Error Message: Cannot invoke "java.util.List.get(int)" because the return value of "sg.edu.nus.autotune.DB2DATA.getAllIndexes()" is null


===== Query 1697 =====

SQL: UPDATE CUSTOMER SET C_BALANCE = C_BALANCE + 35550.89, C_DELIVERY_CNT = C_DELIVERY_CNT + 1 WHERE C_W_ID = 1 AND C_D_ID = 8 AND C_ID = 1903

EXPLAIN Plan:

Update on customer  (cost=0.42..8.45 rows=0 width=0) (actual time=0.170..0.170 rows=0 loops=1)

  ->  Index Scan using customer_pkey on customer  (cost=0.42..8.45 rows=1 width=26) (actual time=0.105..0.107 rows=1 loops=1)

        Index Cond: ((c_w_id = 1) AND (c_d_id = 8) AND (c_id = 1903))

Planning Time: 0.131 ms

Execution Time: 0.204 ms
Failed SQL 1697: UPDATE CUSTOMER SET C_BALANCE = C_BALANCE + 35550.89, C_DELIVERY_CNT = C_DELIVERY_CNT + 1 WHERE C_W_ID = 1 AND C_D_ID = 8 AND C_ID = 1903
Error Message: Cannot invoke "java.util.List.get(int)" because the return value of "sg.edu.nus.autotune.DB2DATA.getAllIndexes()" is null


===== Query 1698 =====

SQL: SELECT NO_O_ID FROM NEW_ORDER WHERE NO_D_ID = 9 AND NO_W_ID = 1 ORDER BY NO_O_ID ASC LIMIT 1

EXPLAIN Plan:

Limit  (cost=0.42..0.47 rows=1 width=4) (actual time=0.063..0.063 rows=1 loops=1)

  ->  Index Only Scan using new_order_pkey on new_order  (cost=0.42..79.54 rows=1556 width=4) (actual time=0.061..0.062 rows=1 loops=1)

        Index Cond: ((no_w_id = 1) AND (no_d_id = 9))

        Heap Fetches: 0

Planning Time: 0.100 ms

Execution Time: 0.083 ms
Failed SQL 1698: SELECT NO_O_ID FROM NEW_ORDER WHERE NO_D_ID = 9 AND NO_W_ID = 1 ORDER BY NO_O_ID ASC LIMIT 1
Error Message: Cannot invoke "java.util.List.get(int)" because the return value of "sg.edu.nus.autotune.DB2DATA.getAllIndexes()" is null


===== Query 1699 =====

SQL: SELECT O_C_ID FROM OORDER WHERE O_ID = 2549 AND O_D_ID = 9 AND O_W_ID = 1

EXPLAIN Plan:

Index Scan using oorder_pkey on oorder  (cost=0.42..8.44 rows=1 width=4) (actual time=0.895..0.897 rows=1 loops=1)

  Index Cond: ((o_w_id = 1) AND (o_d_id = 9) AND (o_id = 2549))

Planning Time: 0.107 ms

Execution Time: 0.918 ms
Failed SQL 1699: SELECT O_C_ID FROM OORDER WHERE O_ID = 2549 AND O_D_ID = 9 AND O_W_ID = 1
Error Message: Cannot invoke "java.util.List.get(int)" because the return value of "sg.edu.nus.autotune.DB2DATA.getAllIndexes()" is null


===== Query 1700 =====

SQL: UPDATE OORDER SET O_CARRIER_ID = 7 WHERE O_ID = 2549 AND O_D_ID = 9 AND O_W_ID = 1

EXPLAIN Plan:

Update on oorder  (cost=0.42..8.44 rows=0 width=0) (actual time=0.087..0.088 rows=0 loops=1)

  ->  Index Scan using oorder_pkey on oorder  (cost=0.42..8.44 rows=1 width=10) (actual time=0.024..0.026 rows=1 loops=1)

        Index Cond: ((o_w_id = 1) AND (o_d_id = 9) AND (o_id = 2549))

Planning Time: 0.108 ms

Execution Time: 0.115 ms
Failed SQL 1700: UPDATE OORDER SET O_CARRIER_ID = 7 WHERE O_ID = 2549 AND O_D_ID = 9 AND O_W_ID = 1
Error Message: Cannot invoke "java.util.List.get(int)" because the return value of "sg.edu.nus.autotune.DB2DATA.getAllIndexes()" is null


===== Query 1701 =====

SQL: UPDATE ORDER_LINE SET OL_DELIVERY_D = '2014-10-12 20:52:31.345' WHERE OL_O_ID = 2549 AND OL_D_ID = 9 AND OL_W_ID = 1

EXPLAIN Plan:

Update on order_line  (cost=0.43..43.81 rows=0 width=0) (actual time=0.850..0.851 rows=0 loops=1)

  ->  Index Scan using order_line_pkey on order_line  (cost=0.43..43.81 rows=10 width=14) (actual time=0.360..0.369 rows=12 loops=1)

        Index Cond: ((ol_w_id = 1) AND (ol_d_id = 9) AND (ol_o_id = 2549))

Planning Time: 0.107 ms

Execution Time: 0.880 ms
Failed SQL 1701: UPDATE ORDER_LINE SET OL_DELIVERY_D = '2014-10-12 20:52:31.345' WHERE OL_O_ID = 2549 AND OL_D_ID = 9 AND OL_W_ID = 1
Error Message: Cannot invoke "java.util.List.get(int)" because the return value of "sg.edu.nus.autotune.DB2DATA.getAllIndexes()" is null


===== Query 1702 =====

SQL: SELECT SUM(OL_AMOUNT) AS OL_TOTAL FROM ORDER_LINE WHERE OL_O_ID = 2549 AND OL_D_ID = 9 AND OL_W_ID = 1

EXPLAIN Plan:

Aggregate  (cost=43.83..43.84 rows=1 width=32) (actual time=0.373..0.374 rows=1 loops=1)

  ->  Index Scan using order_line_pkey on order_line  (cost=0.43..43.81 rows=10 width=6) (actual time=0.268..0.355 rows=12 loops=1)

        Index Cond: ((ol_w_id = 1) AND (ol_d_id = 9) AND (ol_o_id = 2549))

Planning Time: 0.351 ms

Execution Time: 0.412 ms
Failed SQL 1702: SELECT SUM(OL_AMOUNT) AS OL_TOTAL FROM ORDER_LINE WHERE OL_O_ID = 2549 AND OL_D_ID = 9 AND OL_W_ID = 1
Error Message: Cannot invoke "java.util.List.get(int)" because the return value of "sg.edu.nus.autotune.DB2DATA.getAllIndexes()" is null


===== Query 1703 =====

SQL: UPDATE CUSTOMER SET C_BALANCE = C_BALANCE + 63214.74, C_DELIVERY_CNT = C_DELIVERY_CNT + 1 WHERE C_W_ID = 1 AND C_D_ID = 9 AND C_ID = 1900

EXPLAIN Plan:

Update on customer  (cost=0.42..8.45 rows=0 width=0) (actual time=0.179..0.179 rows=0 loops=1)

  ->  Index Scan using customer_pkey on customer  (cost=0.42..8.45 rows=1 width=26) (actual time=0.118..0.119 rows=1 loops=1)

        Index Cond: ((c_w_id = 1) AND (c_d_id = 9) AND (c_id = 1900))

Planning Time: 0.104 ms

Execution Time: 0.210 ms
Failed SQL 1703: UPDATE CUSTOMER SET C_BALANCE = C_BALANCE + 63214.74, C_DELIVERY_CNT = C_DELIVERY_CNT + 1 WHERE C_W_ID = 1 AND C_D_ID = 9 AND C_ID = 1900
Error Message: Cannot invoke "java.util.List.get(int)" because the return value of "sg.edu.nus.autotune.DB2DATA.getAllIndexes()" is null


===== Query 1704 =====

SQL: SELECT NO_O_ID FROM NEW_ORDER WHERE NO_D_ID = 10 AND NO_W_ID = 1 ORDER BY NO_O_ID ASC LIMIT 1

EXPLAIN Plan:

Limit  (cost=0.42..0.47 rows=1 width=4) (actual time=0.040..0.041 rows=1 loops=1)

  ->  Index Only Scan using new_order_pkey on new_order  (cost=0.42..84.96 rows=1627 width=4) (actual time=0.039..0.040 rows=1 loops=1)

        Index Cond: ((no_w_id = 1) AND (no_d_id = 10))

        Heap Fetches: 0

Planning Time: 0.073 ms

Execution Time: 0.054 ms
Failed SQL 1704: SELECT NO_O_ID FROM NEW_ORDER WHERE NO_D_ID = 10 AND NO_W_ID = 1 ORDER BY NO_O_ID ASC LIMIT 1
Error Message: Cannot invoke "java.util.List.get(int)" because the return value of "sg.edu.nus.autotune.DB2DATA.getAllIndexes()" is null


===== Query 1705 =====

SQL: SELECT O_C_ID FROM OORDER WHERE O_ID = 2549 AND O_D_ID = 10 AND O_W_ID = 1

EXPLAIN Plan:

Index Scan using oorder_pkey on oorder  (cost=0.42..8.44 rows=1 width=4) (actual time=0.825..0.828 rows=1 loops=1)

  Index Cond: ((o_w_id = 1) AND (o_d_id = 10) AND (o_id = 2549))

Planning Time: 0.105 ms

Execution Time: 0.849 ms
Failed SQL 1705: SELECT O_C_ID FROM OORDER WHERE O_ID = 2549 AND O_D_ID = 10 AND O_W_ID = 1
Error Message: Cannot invoke "java.util.List.get(int)" because the return value of "sg.edu.nus.autotune.DB2DATA.getAllIndexes()" is null


===== Query 1706 =====

SQL: UPDATE OORDER SET O_CARRIER_ID = 7 WHERE O_ID = 2549 AND O_D_ID = 10 AND O_W_ID = 1

EXPLAIN Plan:

Update on oorder  (cost=0.42..8.44 rows=0 width=0) (actual time=0.071..0.072 rows=0 loops=1)

  ->  Index Scan using oorder_pkey on oorder  (cost=0.42..8.44 rows=1 width=10) (actual time=0.028..0.030 rows=1 loops=1)

        Index Cond: ((o_w_id = 1) AND (o_d_id = 10) AND (o_id = 2549))

Planning Time: 0.127 ms

Execution Time: 0.102 ms
Failed SQL 1706: UPDATE OORDER SET O_CARRIER_ID = 7 WHERE O_ID = 2549 AND O_D_ID = 10 AND O_W_ID = 1
Error Message: Cannot invoke "java.util.List.get(int)" because the return value of "sg.edu.nus.autotune.DB2DATA.getAllIndexes()" is null


===== Query 1707 =====

SQL: UPDATE ORDER_LINE SET OL_DELIVERY_D = '2014-10-12 20:52:31.419' WHERE OL_O_ID = 2549 AND OL_D_ID = 10 AND OL_W_ID = 1

EXPLAIN Plan:

Update on order_line  (cost=0.43..43.81 rows=0 width=0) (actual time=2.367..2.368 rows=0 loops=1)

  ->  Index Scan using order_line_pkey on order_line  (cost=0.43..43.81 rows=10 width=14) (actual time=2.207..2.213 rows=9 loops=1)

        Index Cond: ((ol_w_id = 1) AND (ol_d_id = 10) AND (ol_o_id = 2549))

Planning Time: 0.092 ms

Execution Time: 2.515 ms
Failed SQL 1707: UPDATE ORDER_LINE SET OL_DELIVERY_D = '2014-10-12 20:52:31.419' WHERE OL_O_ID = 2549 AND OL_D_ID = 10 AND OL_W_ID = 1
Error Message: Cannot invoke "java.util.List.get(int)" because the return value of "sg.edu.nus.autotune.DB2DATA.getAllIndexes()" is null


===== Query 1708 =====

SQL: SELECT SUM(OL_AMOUNT) AS OL_TOTAL FROM ORDER_LINE WHERE OL_O_ID = 2549 AND OL_D_ID = 10 AND OL_W_ID = 1

EXPLAIN Plan:

Aggregate  (cost=43.83..43.84 rows=1 width=32) (actual time=0.087..0.088 rows=1 loops=1)

  ->  Index Scan using order_line_pkey on order_line  (cost=0.43..43.81 rows=10 width=6) (actual time=0.055..0.075 rows=9 loops=1)

        Index Cond: ((ol_w_id = 1) AND (ol_d_id = 10) AND (ol_o_id = 2549))

Planning Time: 0.115 ms

Execution Time: 0.119 ms
Failed SQL 1708: SELECT SUM(OL_AMOUNT) AS OL_TOTAL FROM ORDER_LINE WHERE OL_O_ID = 2549 AND OL_D_ID = 10 AND OL_W_ID = 1
Error Message: Cannot invoke "java.util.List.get(int)" because the return value of "sg.edu.nus.autotune.DB2DATA.getAllIndexes()" is null


===== Query 1709 =====

SQL: UPDATE CUSTOMER SET C_BALANCE = C_BALANCE + 40646.98, C_DELIVERY_CNT = C_DELIVERY_CNT + 1 WHERE C_W_ID = 1 AND C_D_ID = 10 AND C_ID = 2864

EXPLAIN Plan:

Update on customer  (cost=0.42..8.45 rows=0 width=0) (actual time=0.181..0.182 rows=0 loops=1)

  ->  Index Scan using customer_pkey on customer  (cost=0.42..8.45 rows=1 width=26) (actual time=0.082..0.096 rows=1 loops=1)

        Index Cond: ((c_w_id = 1) AND (c_d_id = 10) AND (c_id = 2864))

Planning Time: 0.113 ms

Execution Time: 0.213 ms
Failed SQL 1709: UPDATE CUSTOMER SET C_BALANCE = C_BALANCE + 40646.98, C_DELIVERY_CNT = C_DELIVERY_CNT + 1 WHERE C_W_ID = 1 AND C_D_ID = 10 AND C_ID = 2864
Error Message: Cannot invoke "java.util.List.get(int)" because the return value of "sg.edu.nus.autotune.DB2DATA.getAllIndexes()" is null


===== Query 1710 =====

SQL: SELECT C_DISCOUNT, C_LAST, C_CREDIT, W_TAX FROM CUSTOMER, WAREHOUSE WHERE W_ID = 1 AND C_W_ID = 1 AND C_D_ID = 5 AND C_ID = 1119

EXPLAIN Plan:

Nested Loop  (cost=4.56..16.61 rows=1 width=26) (actual time=0.877..0.879 rows=1 loops=1)

  ->  Index Scan using customer_pkey on customer  (cost=0.42..8.44 rows=1 width=21) (actual time=0.846..0.847 rows=1 loops=1)

        Index Cond: ((c_w_id = 1) AND (c_d_id = 5) AND (c_id = 1119))

  ->  Bitmap Heap Scan on warehouse  (cost=4.14..8.15 rows=1 width=5) (actual time=0.019..0.019 rows=1 loops=1)

        Recheck Cond: (w_id = 1)

        Heap Blocks: exact=1

        ->  Bitmap Index Scan on warehouse_pkey  (cost=0.00..4.14 rows=1 width=0) (actual time=0.009..0.010 rows=1 loops=1)

              Index Cond: (w_id = 1)

Planning Time: 0.090 ms

Execution Time: 0.920 ms
Failed SQL 1710: SELECT C_DISCOUNT, C_LAST, C_CREDIT, W_TAX FROM CUSTOMER, WAREHOUSE WHERE W_ID = 1 AND C_W_ID = 1 AND C_D_ID = 5 AND C_ID = 1119
Error Message: Cannot invoke "java.util.List.get(int)" because the return value of "sg.edu.nus.autotune.DB2DATA.getAllIndexes()" is null


===== Query 1711 =====

SQL: SELECT D_NEXT_O_ID, D_TAX FROM DISTRICT WHERE D_W_ID = 1 AND D_ID = 5

EXPLAIN Plan:

Bitmap Heap Scan on district  (cost=4.28..11.66 rows=2 width=9) (actual time=0.043..0.045 rows=1 loops=1)

  Recheck Cond: ((d_w_id = 1) AND (d_id = 5))

  Heap Blocks: exact=1

  ->  Bitmap Index Scan on district_pkey  (cost=0.00..4.28 rows=2 width=0) (actual time=0.028..0.029 rows=1 loops=1)

        Index Cond: ((d_w_id = 1) AND (d_id = 5))

Planning Time: 0.091 ms

Execution Time: 0.070 ms
Failed SQL 1711: SELECT D_NEXT_O_ID, D_TAX FROM DISTRICT WHERE D_W_ID = 1 AND D_ID = 5
Error Message: Cannot invoke "java.util.List.get(int)" because the return value of "sg.edu.nus.autotune.DB2DATA.getAllIndexes()" is null


===== Query 1712 =====

SQL: UPDATE DISTRICT SET D_NEXT_O_ID = D_NEXT_O_ID + 1 WHERE D_W_ID = 1 AND D_ID = 5

EXPLAIN Plan:

Update on district  (cost=4.28..11.67 rows=0 width=0) (actual time=0.120..0.121 rows=0 loops=1)

  ->  Bitmap Heap Scan on district  (cost=4.28..11.67 rows=2 width=10) (actual time=0.059..0.061 rows=1 loops=1)

        Recheck Cond: ((d_w_id = 1) AND (d_id = 5))

        Heap Blocks: exact=1

        ->  Bitmap Index Scan on district_pkey  (cost=0.00..4.28 rows=2 width=0) (actual time=0.046..0.046 rows=1 loops=1)

              Index Cond: ((d_w_id = 1) AND (d_id = 5))

Planning Time: 0.102 ms

Execution Time: 0.183 ms
Failed SQL 1712: UPDATE DISTRICT SET D_NEXT_O_ID = D_NEXT_O_ID + 1 WHERE D_W_ID = 1 AND D_ID = 5
Error Message: Cannot invoke "java.util.List.get(int)" because the return value of "sg.edu.nus.autotune.DB2DATA.getAllIndexes()" is null


===== Query 1713 =====

SQL: SELECT I_PRICE, I_NAME , I_DATA FROM ITEM WHERE I_ID = 9830

EXPLAIN Plan:

Index Scan using item_pkey on item  (cost=0.29..8.31 rows=1 width=61) (actual time=1.141..1.143 rows=1 loops=1)

  Index Cond: (i_id = 9830)

Planning Time: 0.081 ms

Execution Time: 1.163 ms
Failed SQL 1713: SELECT I_PRICE, I_NAME , I_DATA FROM ITEM WHERE I_ID = 9830
Error Message: Cannot invoke "java.util.List.get(int)" because the return value of "sg.edu.nus.autotune.DB2DATA.getAllIndexes()" is null


===== Query 1714 =====

SQL: SELECT S_QUANTITY, S_DATA, S_DIST_01, S_DIST_02, S_DIST_03, S_DIST_04, S_DIST_05, S_DIST_06, S_DIST_07, S_DIST_08, S_DIST_09, S_DIST_10 FROM STOCK WHERE S_I_ID = 9830 AND S_W_ID = 1

EXPLAIN Plan:

Index Scan using stock_pkey on stock  (cost=0.42..8.44 rows=1 width=291) (actual time=0.600..0.603 rows=1 loops=1)

  Index Cond: ((s_w_id = 1) AND (s_i_id = 9830))

Planning Time: 0.172 ms

Execution Time: 0.632 ms
Failed SQL 1714: SELECT S_QUANTITY, S_DATA, S_DIST_01, S_DIST_02, S_DIST_03, S_DIST_04, S_DIST_05, S_DIST_06, S_DIST_07, S_DIST_08, S_DIST_09, S_DIST_10 FROM STOCK WHERE S_I_ID = 9830 AND S_W_ID = 1
Error Message: Cannot invoke "java.util.List.get(int)" because the return value of "sg.edu.nus.autotune.DB2DATA.getAllIndexes()" is null


===== Query 1715 =====

SQL: UPDATE STOCK SET S_QUANTITY = 28, S_YTD = S_YTD + 2, S_ORDER_CNT = S_ORDER_CNT + 1, S_REMOTE_CNT = S_REMOTE_CNT + 0 WHERE S_I_ID = 9830 AND S_W_ID = 1

EXPLAIN Plan:

Update on stock  (cost=0.42..8.45 rows=0 width=0) (actual time=0.102..0.102 rows=0 loops=1)

  ->  Index Scan using stock_pkey on stock  (cost=0.42..8.45 rows=1 width=32) (actual time=0.025..0.026 rows=1 loops=1)

        Index Cond: ((s_w_id = 1) AND (s_i_id = 9830))

Planning Time: 0.098 ms

Execution Time: 0.126 ms
Failed SQL 1715: UPDATE STOCK SET S_QUANTITY = 28, S_YTD = S_YTD + 2, S_ORDER_CNT = S_ORDER_CNT + 1, S_REMOTE_CNT = S_REMOTE_CNT + 0 WHERE S_I_ID = 9830 AND S_W_ID = 1
Error Message: Cannot invoke "java.util.List.get(int)" because the return value of "sg.edu.nus.autotune.DB2DATA.getAllIndexes()" is null


===== Query 1716 =====

SQL: SELECT I_PRICE, I_NAME , I_DATA FROM ITEM WHERE I_ID = 65107

EXPLAIN Plan:

Index Scan using item_pkey on item  (cost=0.29..8.31 rows=1 width=61) (actual time=0.052..0.054 rows=1 loops=1)

  Index Cond: (i_id = 65107)

Planning Time: 0.105 ms

Execution Time: 0.084 ms
Failed SQL 1716: SELECT I_PRICE, I_NAME , I_DATA FROM ITEM WHERE I_ID = 65107
Error Message: Cannot invoke "java.util.List.get(int)" because the return value of "sg.edu.nus.autotune.DB2DATA.getAllIndexes()" is null


===== Query 1717 =====

SQL: SELECT S_QUANTITY, S_DATA, S_DIST_01, S_DIST_02, S_DIST_03, S_DIST_04, S_DIST_05, S_DIST_06, S_DIST_07, S_DIST_08, S_DIST_09, S_DIST_10 FROM STOCK WHERE S_I_ID = 65107 AND S_W_ID = 1

EXPLAIN Plan:

Index Scan using stock_pkey on stock  (cost=0.42..8.44 rows=1 width=291) (actual time=0.567..0.569 rows=1 loops=1)

  Index Cond: ((s_w_id = 1) AND (s_i_id = 65107))

Planning Time: 0.186 ms

Execution Time: 0.596 ms
Failed SQL 1717: SELECT S_QUANTITY, S_DATA, S_DIST_01, S_DIST_02, S_DIST_03, S_DIST_04, S_DIST_05, S_DIST_06, S_DIST_07, S_DIST_08, S_DIST_09, S_DIST_10 FROM STOCK WHERE S_I_ID = 65107 AND S_W_ID = 1
Error Message: Cannot invoke "java.util.List.get(int)" because the return value of "sg.edu.nus.autotune.DB2DATA.getAllIndexes()" is null


===== Query 1718 =====

SQL: UPDATE STOCK SET S_QUANTITY = 82, S_YTD = S_YTD + 6, S_ORDER_CNT = S_ORDER_CNT + 1, S_REMOTE_CNT = S_REMOTE_CNT + 0 WHERE S_I_ID = 65107 AND S_W_ID = 1

EXPLAIN Plan:

Update on stock  (cost=0.42..8.45 rows=0 width=0) (actual time=0.066..0.066 rows=0 loops=1)

  ->  Index Scan using stock_pkey on stock  (cost=0.42..8.45 rows=1 width=32) (actual time=0.021..0.022 rows=1 loops=1)

        Index Cond: ((s_w_id = 1) AND (s_i_id = 65107))

Planning Time: 0.065 ms

Execution Time: 0.081 ms
Failed SQL 1718: UPDATE STOCK SET S_QUANTITY = 82, S_YTD = S_YTD + 6, S_ORDER_CNT = S_ORDER_CNT + 1, S_REMOTE_CNT = S_REMOTE_CNT + 0 WHERE S_I_ID = 65107 AND S_W_ID = 1
Error Message: Cannot invoke "java.util.List.get(int)" because the return value of "sg.edu.nus.autotune.DB2DATA.getAllIndexes()" is null


===== Query 1719 =====

SQL: SELECT I_PRICE, I_NAME , I_DATA FROM ITEM WHERE I_ID = 73447

EXPLAIN Plan:

Index Scan using item_pkey on item  (cost=0.29..8.31 rows=1 width=61) (actual time=0.145..0.147 rows=1 loops=1)

  Index Cond: (i_id = 73447)

Planning Time: 0.077 ms

Execution Time: 0.172 ms
Failed SQL 1719: SELECT I_PRICE, I_NAME , I_DATA FROM ITEM WHERE I_ID = 73447
Error Message: Cannot invoke "java.util.List.get(int)" because the return value of "sg.edu.nus.autotune.DB2DATA.getAllIndexes()" is null


===== Query 1720 =====

SQL: SELECT S_QUANTITY, S_DATA, S_DIST_01, S_DIST_02, S_DIST_03, S_DIST_04, S_DIST_05, S_DIST_06, S_DIST_07, S_DIST_08, S_DIST_09, S_DIST_10 FROM STOCK WHERE S_I_ID = 73447 AND S_W_ID = 1

EXPLAIN Plan:

Index Scan using stock_pkey on stock  (cost=0.42..8.44 rows=1 width=291) (actual time=0.914..0.917 rows=1 loops=1)

  Index Cond: ((s_w_id = 1) AND (s_i_id = 73447))

Planning Time: 0.125 ms

Execution Time: 0.943 ms
Failed SQL 1720: SELECT S_QUANTITY, S_DATA, S_DIST_01, S_DIST_02, S_DIST_03, S_DIST_04, S_DIST_05, S_DIST_06, S_DIST_07, S_DIST_08, S_DIST_09, S_DIST_10 FROM STOCK WHERE S_I_ID = 73447 AND S_W_ID = 1
Error Message: Cannot invoke "java.util.List.get(int)" because the return value of "sg.edu.nus.autotune.DB2DATA.getAllIndexes()" is null


===== Query 1721 =====

SQL: UPDATE STOCK SET S_QUANTITY = 50, S_YTD = S_YTD + 8, S_ORDER_CNT = S_ORDER_CNT + 1, S_REMOTE_CNT = S_REMOTE_CNT + 0 WHERE S_I_ID = 73447 AND S_W_ID = 1

EXPLAIN Plan:

Update on stock  (cost=0.42..8.45 rows=0 width=0) (actual time=0.108..0.109 rows=0 loops=1)

  ->  Index Scan using stock_pkey on stock  (cost=0.42..8.45 rows=1 width=32) (actual time=0.033..0.035 rows=1 loops=1)

        Index Cond: ((s_w_id = 1) AND (s_i_id = 73447))

Planning Time: 0.134 ms

Execution Time: 0.140 ms
Failed SQL 1721: UPDATE STOCK SET S_QUANTITY = 50, S_YTD = S_YTD + 8, S_ORDER_CNT = S_ORDER_CNT + 1, S_REMOTE_CNT = S_REMOTE_CNT + 0 WHERE S_I_ID = 73447 AND S_W_ID = 1
Error Message: Cannot invoke "java.util.List.get(int)" because the return value of "sg.edu.nus.autotune.DB2DATA.getAllIndexes()" is null


===== Query 1722 =====

SQL: SELECT I_PRICE, I_NAME , I_DATA FROM ITEM WHERE I_ID = 48559

EXPLAIN Plan:

Index Scan using item_pkey on item  (cost=0.29..8.31 rows=1 width=61) (actual time=0.035..0.037 rows=1 loops=1)

  Index Cond: (i_id = 48559)

Planning Time: 0.058 ms

Execution Time: 0.048 ms
Failed SQL 1722: SELECT I_PRICE, I_NAME , I_DATA FROM ITEM WHERE I_ID = 48559
Error Message: Cannot invoke "java.util.List.get(int)" because the return value of "sg.edu.nus.autotune.DB2DATA.getAllIndexes()" is null


===== Query 1723 =====

SQL: SELECT S_QUANTITY, S_DATA, S_DIST_01, S_DIST_02, S_DIST_03, S_DIST_04, S_DIST_05, S_DIST_06, S_DIST_07, S_DIST_08, S_DIST_09, S_DIST_10 FROM STOCK WHERE S_I_ID = 48559 AND S_W_ID = 1

EXPLAIN Plan:

Index Scan using stock_pkey on stock  (cost=0.42..8.44 rows=1 width=291) (actual time=0.994..0.996 rows=1 loops=1)

  Index Cond: ((s_w_id = 1) AND (s_i_id = 48559))

Planning Time: 0.123 ms

Execution Time: 1.023 ms
Failed SQL 1723: SELECT S_QUANTITY, S_DATA, S_DIST_01, S_DIST_02, S_DIST_03, S_DIST_04, S_DIST_05, S_DIST_06, S_DIST_07, S_DIST_08, S_DIST_09, S_DIST_10 FROM STOCK WHERE S_I_ID = 48559 AND S_W_ID = 1
Error Message: Cannot invoke "java.util.List.get(int)" because the return value of "sg.edu.nus.autotune.DB2DATA.getAllIndexes()" is null


===== Query 1724 =====

SQL: UPDATE STOCK SET S_QUANTITY = 60, S_YTD = S_YTD + 10, S_ORDER_CNT = S_ORDER_CNT + 1, S_REMOTE_CNT = S_REMOTE_CNT + 0 WHERE S_I_ID = 48559 AND S_W_ID = 1

EXPLAIN Plan:

Update on stock  (cost=0.42..8.45 rows=0 width=0) (actual time=0.067..0.067 rows=0 loops=1)

  ->  Index Scan using stock_pkey on stock  (cost=0.42..8.45 rows=1 width=32) (actual time=0.026..0.026 rows=1 loops=1)

        Index Cond: ((s_w_id = 1) AND (s_i_id = 48559))

Planning Time: 0.059 ms

Execution Time: 0.082 ms
Failed SQL 1724: UPDATE STOCK SET S_QUANTITY = 60, S_YTD = S_YTD + 10, S_ORDER_CNT = S_ORDER_CNT + 1, S_REMOTE_CNT = S_REMOTE_CNT + 0 WHERE S_I_ID = 48559 AND S_W_ID = 1
Error Message: Cannot invoke "java.util.List.get(int)" because the return value of "sg.edu.nus.autotune.DB2DATA.getAllIndexes()" is null


===== Query 1725 =====

SQL: SELECT I_PRICE, I_NAME , I_DATA FROM ITEM WHERE I_ID = 2087

EXPLAIN Plan:

Index Scan using item_pkey on item  (cost=0.29..8.31 rows=1 width=61) (actual time=0.089..0.091 rows=1 loops=1)

  Index Cond: (i_id = 2087)

Planning Time: 0.088 ms

Execution Time: 0.111 ms
Failed SQL 1725: SELECT I_PRICE, I_NAME , I_DATA FROM ITEM WHERE I_ID = 2087
Error Message: Cannot invoke "java.util.List.get(int)" because the return value of "sg.edu.nus.autotune.DB2DATA.getAllIndexes()" is null


===== Query 1726 =====

SQL: SELECT S_QUANTITY, S_DATA, S_DIST_01, S_DIST_02, S_DIST_03, S_DIST_04, S_DIST_05, S_DIST_06, S_DIST_07, S_DIST_08, S_DIST_09, S_DIST_10 FROM STOCK WHERE S_I_ID = 2087 AND S_W_ID = 1

EXPLAIN Plan:

Index Scan using stock_pkey on stock  (cost=0.42..8.44 rows=1 width=291) (actual time=0.072..0.073 rows=1 loops=1)

  Index Cond: ((s_w_id = 1) AND (s_i_id = 2087))

Planning Time: 0.089 ms

Execution Time: 0.093 ms
Failed SQL 1726: SELECT S_QUANTITY, S_DATA, S_DIST_01, S_DIST_02, S_DIST_03, S_DIST_04, S_DIST_05, S_DIST_06, S_DIST_07, S_DIST_08, S_DIST_09, S_DIST_10 FROM STOCK WHERE S_I_ID = 2087 AND S_W_ID = 1
Error Message: Cannot invoke "java.util.List.get(int)" because the return value of "sg.edu.nus.autotune.DB2DATA.getAllIndexes()" is null


===== Query 1727 =====

SQL: UPDATE STOCK SET S_QUANTITY = 91, S_YTD = S_YTD + 4, S_ORDER_CNT = S_ORDER_CNT + 1, S_REMOTE_CNT = S_REMOTE_CNT + 0 WHERE S_I_ID = 2087 AND S_W_ID = 1

EXPLAIN Plan:

Update on stock  (cost=0.42..8.45 rows=0 width=0) (actual time=0.082..0.083 rows=0 loops=1)

  ->  Index Scan using stock_pkey on stock  (cost=0.42..8.45 rows=1 width=32) (actual time=0.024..0.025 rows=1 loops=1)

        Index Cond: ((s_w_id = 1) AND (s_i_id = 2087))

Planning Time: 0.086 ms

Execution Time: 0.101 ms
Failed SQL 1727: UPDATE STOCK SET S_QUANTITY = 91, S_YTD = S_YTD + 4, S_ORDER_CNT = S_ORDER_CNT + 1, S_REMOTE_CNT = S_REMOTE_CNT + 0 WHERE S_I_ID = 2087 AND S_W_ID = 1
Error Message: Cannot invoke "java.util.List.get(int)" because the return value of "sg.edu.nus.autotune.DB2DATA.getAllIndexes()" is null


===== Query 1728 =====

SQL: SELECT I_PRICE, I_NAME , I_DATA FROM ITEM WHERE I_ID = 91878

EXPLAIN Plan:

Index Scan using item_pkey on item  (cost=0.29..8.31 rows=1 width=61) (actual time=0.081..0.083 rows=1 loops=1)

  Index Cond: (i_id = 91878)

Planning Time: 0.105 ms

Execution Time: 0.104 ms
Failed SQL 1728: SELECT I_PRICE, I_NAME , I_DATA FROM ITEM WHERE I_ID = 91878
Error Message: Cannot invoke "java.util.List.get(int)" because the return value of "sg.edu.nus.autotune.DB2DATA.getAllIndexes()" is null


===== Query 1729 =====

SQL: SELECT S_QUANTITY, S_DATA, S_DIST_01, S_DIST_02, S_DIST_03, S_DIST_04, S_DIST_05, S_DIST_06, S_DIST_07, S_DIST_08, S_DIST_09, S_DIST_10 FROM STOCK WHERE S_I_ID = 91878 AND S_W_ID = 1

EXPLAIN Plan:

Index Scan using stock_pkey on stock  (cost=0.42..8.44 rows=1 width=291) (actual time=0.039..0.041 rows=1 loops=1)

  Index Cond: ((s_w_id = 1) AND (s_i_id = 91878))

Planning Time: 0.120 ms

Execution Time: 0.066 ms
Failed SQL 1729: SELECT S_QUANTITY, S_DATA, S_DIST_01, S_DIST_02, S_DIST_03, S_DIST_04, S_DIST_05, S_DIST_06, S_DIST_07, S_DIST_08, S_DIST_09, S_DIST_10 FROM STOCK WHERE S_I_ID = 91878 AND S_W_ID = 1
Error Message: Cannot invoke "java.util.List.get(int)" because the return value of "sg.edu.nus.autotune.DB2DATA.getAllIndexes()" is null


===== Query 1730 =====

SQL: UPDATE STOCK SET S_QUANTITY = 21, S_YTD = S_YTD + 1, S_ORDER_CNT = S_ORDER_CNT + 1, S_REMOTE_CNT = S_REMOTE_CNT + 0 WHERE S_I_ID = 91878 AND S_W_ID = 1

EXPLAIN Plan:

Update on stock  (cost=0.42..8.45 rows=0 width=0) (actual time=0.134..0.135 rows=0 loops=1)

  ->  Index Scan using stock_pkey on stock  (cost=0.42..8.45 rows=1 width=32) (actual time=0.051..0.053 rows=1 loops=1)

        Index Cond: ((s_w_id = 1) AND (s_i_id = 91878))

Planning Time: 0.133 ms

Execution Time: 0.166 ms
Failed SQL 1730: UPDATE STOCK SET S_QUANTITY = 21, S_YTD = S_YTD + 1, S_ORDER_CNT = S_ORDER_CNT + 1, S_REMOTE_CNT = S_REMOTE_CNT + 0 WHERE S_I_ID = 91878 AND S_W_ID = 1
Error Message: Cannot invoke "java.util.List.get(int)" because the return value of "sg.edu.nus.autotune.DB2DATA.getAllIndexes()" is null


===== Query 1731 =====

SQL: SELECT I_PRICE, I_NAME , I_DATA FROM ITEM WHERE I_ID = 65255

EXPLAIN Plan:

Index Scan using item_pkey on item  (cost=0.29..8.31 rows=1 width=61) (actual time=0.095..0.096 rows=1 loops=1)

  Index Cond: (i_id = 65255)

Planning Time: 0.079 ms

Execution Time: 0.123 ms
Failed SQL 1731: SELECT I_PRICE, I_NAME , I_DATA FROM ITEM WHERE I_ID = 65255
Error Message: Cannot invoke "java.util.List.get(int)" because the return value of "sg.edu.nus.autotune.DB2DATA.getAllIndexes()" is null


===== Query 1732 =====

SQL: SELECT S_QUANTITY, S_DATA, S_DIST_01, S_DIST_02, S_DIST_03, S_DIST_04, S_DIST_05, S_DIST_06, S_DIST_07, S_DIST_08, S_DIST_09, S_DIST_10 FROM STOCK WHERE S_I_ID = 65255 AND S_W_ID = 1

EXPLAIN Plan:

Index Scan using stock_pkey on stock  (cost=0.42..8.44 rows=1 width=291) (actual time=0.080..0.082 rows=1 loops=1)

  Index Cond: ((s_w_id = 1) AND (s_i_id = 65255))

Planning Time: 0.102 ms

Execution Time: 0.104 ms
Failed SQL 1732: SELECT S_QUANTITY, S_DATA, S_DIST_01, S_DIST_02, S_DIST_03, S_DIST_04, S_DIST_05, S_DIST_06, S_DIST_07, S_DIST_08, S_DIST_09, S_DIST_10 FROM STOCK WHERE S_I_ID = 65255 AND S_W_ID = 1
Error Message: Cannot invoke "java.util.List.get(int)" because the return value of "sg.edu.nus.autotune.DB2DATA.getAllIndexes()" is null


===== Query 1733 =====

SQL: UPDATE STOCK SET S_QUANTITY = 10, S_YTD = S_YTD + 2, S_ORDER_CNT = S_ORDER_CNT + 1, S_REMOTE_CNT = S_REMOTE_CNT + 0 WHERE S_I_ID = 65255 AND S_W_ID = 1

EXPLAIN Plan:

Update on stock  (cost=0.42..8.45 rows=0 width=0) (actual time=0.109..0.110 rows=0 loops=1)

  ->  Index Scan using stock_pkey on stock  (cost=0.42..8.45 rows=1 width=32) (actual time=0.029..0.031 rows=1 loops=1)

        Index Cond: ((s_w_id = 1) AND (s_i_id = 65255))

Planning Time: 0.123 ms

Execution Time: 0.141 ms
Failed SQL 1733: UPDATE STOCK SET S_QUANTITY = 10, S_YTD = S_YTD + 2, S_ORDER_CNT = S_ORDER_CNT + 1, S_REMOTE_CNT = S_REMOTE_CNT + 0 WHERE S_I_ID = 65255 AND S_W_ID = 1
Error Message: Cannot invoke "java.util.List.get(int)" because the return value of "sg.edu.nus.autotune.DB2DATA.getAllIndexes()" is null


===== Query 1734 =====

SQL: SELECT I_PRICE, I_NAME , I_DATA FROM ITEM WHERE I_ID = 89831

EXPLAIN Plan:

Index Scan using item_pkey on item  (cost=0.29..8.31 rows=1 width=61) (actual time=0.052..0.054 rows=1 loops=1)

  Index Cond: (i_id = 89831)

Planning Time: 0.074 ms

Execution Time: 0.071 ms
Failed SQL 1734: SELECT I_PRICE, I_NAME , I_DATA FROM ITEM WHERE I_ID = 89831
Error Message: Cannot invoke "java.util.List.get(int)" because the return value of "sg.edu.nus.autotune.DB2DATA.getAllIndexes()" is null


===== Query 1735 =====

SQL: SELECT S_QUANTITY, S_DATA, S_DIST_01, S_DIST_02, S_DIST_03, S_DIST_04, S_DIST_05, S_DIST_06, S_DIST_07, S_DIST_08, S_DIST_09, S_DIST_10 FROM STOCK WHERE S_I_ID = 89831 AND S_W_ID = 1

EXPLAIN Plan:

Index Scan using stock_pkey on stock  (cost=0.42..8.44 rows=1 width=291) (actual time=0.091..0.093 rows=1 loops=1)

  Index Cond: ((s_w_id = 1) AND (s_i_id = 89831))

Planning Time: 0.091 ms

Execution Time: 0.113 ms
Failed SQL 1735: SELECT S_QUANTITY, S_DATA, S_DIST_01, S_DIST_02, S_DIST_03, S_DIST_04, S_DIST_05, S_DIST_06, S_DIST_07, S_DIST_08, S_DIST_09, S_DIST_10 FROM STOCK WHERE S_I_ID = 89831 AND S_W_ID = 1
Error Message: Cannot invoke "java.util.List.get(int)" because the return value of "sg.edu.nus.autotune.DB2DATA.getAllIndexes()" is null


===== Query 1736 =====

SQL: UPDATE STOCK SET S_QUANTITY = 90, S_YTD = S_YTD + 2, S_ORDER_CNT = S_ORDER_CNT + 1, S_REMOTE_CNT = S_REMOTE_CNT + 0 WHERE S_I_ID = 89831 AND S_W_ID = 1

EXPLAIN Plan:

Update on stock  (cost=0.42..8.45 rows=0 width=0) (actual time=0.113..0.114 rows=0 loops=1)

  ->  Index Scan using stock_pkey on stock  (cost=0.42..8.45 rows=1 width=32) (actual time=0.047..0.049 rows=1 loops=1)

        Index Cond: ((s_w_id = 1) AND (s_i_id = 89831))

Planning Time: 0.118 ms

Execution Time: 0.160 ms
Failed SQL 1736: UPDATE STOCK SET S_QUANTITY = 90, S_YTD = S_YTD + 2, S_ORDER_CNT = S_ORDER_CNT + 1, S_REMOTE_CNT = S_REMOTE_CNT + 0 WHERE S_I_ID = 89831 AND S_W_ID = 1
Error Message: Cannot invoke "java.util.List.get(int)" because the return value of "sg.edu.nus.autotune.DB2DATA.getAllIndexes()" is null


===== Query 1737 =====

SQL: SELECT I_PRICE, I_NAME , I_DATA FROM ITEM WHERE I_ID = 5167

EXPLAIN Plan:

Index Scan using item_pkey on item  (cost=0.29..8.31 rows=1 width=61) (actual time=0.043..0.044 rows=1 loops=1)

  Index Cond: (i_id = 5167)

Planning Time: 0.067 ms

Execution Time: 0.058 ms
Failed SQL 1737: SELECT I_PRICE, I_NAME , I_DATA FROM ITEM WHERE I_ID = 5167
Error Message: Cannot invoke "java.util.List.get(int)" because the return value of "sg.edu.nus.autotune.DB2DATA.getAllIndexes()" is null


===== Query 1738 =====

SQL: SELECT S_QUANTITY, S_DATA, S_DIST_01, S_DIST_02, S_DIST_03, S_DIST_04, S_DIST_05, S_DIST_06, S_DIST_07, S_DIST_08, S_DIST_09, S_DIST_10 FROM STOCK WHERE S_I_ID = 5167 AND S_W_ID = 1

EXPLAIN Plan:

Index Scan using stock_pkey on stock  (cost=0.42..8.44 rows=1 width=291) (actual time=0.840..0.842 rows=1 loops=1)

  Index Cond: ((s_w_id = 1) AND (s_i_id = 5167))

Planning Time: 0.093 ms

Execution Time: 0.864 ms
Failed SQL 1738: SELECT S_QUANTITY, S_DATA, S_DIST_01, S_DIST_02, S_DIST_03, S_DIST_04, S_DIST_05, S_DIST_06, S_DIST_07, S_DIST_08, S_DIST_09, S_DIST_10 FROM STOCK WHERE S_I_ID = 5167 AND S_W_ID = 1
Error Message: Cannot invoke "java.util.List.get(int)" because the return value of "sg.edu.nus.autotune.DB2DATA.getAllIndexes()" is null


===== Query 1739 =====

SQL: UPDATE STOCK SET S_QUANTITY = 88, S_YTD = S_YTD + 1, S_ORDER_CNT = S_ORDER_CNT + 1, S_REMOTE_CNT = S_REMOTE_CNT + 0 WHERE S_I_ID = 5167 AND S_W_ID = 1

EXPLAIN Plan:

Update on stock  (cost=0.42..8.45 rows=0 width=0) (actual time=0.109..0.110 rows=0 loops=1)

  ->  Index Scan using stock_pkey on stock  (cost=0.42..8.45 rows=1 width=32) (actual time=0.025..0.027 rows=1 loops=1)

        Index Cond: ((s_w_id = 1) AND (s_i_id = 5167))

Planning Time: 0.101 ms

Execution Time: 0.137 ms
Failed SQL 1739: UPDATE STOCK SET S_QUANTITY = 88, S_YTD = S_YTD + 1, S_ORDER_CNT = S_ORDER_CNT + 1, S_REMOTE_CNT = S_REMOTE_CNT + 0 WHERE S_I_ID = 5167 AND S_W_ID = 1
Error Message: Cannot invoke "java.util.List.get(int)" because the return value of "sg.edu.nus.autotune.DB2DATA.getAllIndexes()" is null


===== Query 1740 =====

SQL: SELECT I_PRICE, I_NAME , I_DATA FROM ITEM WHERE I_ID = 31334

EXPLAIN Plan:

Index Scan using item_pkey on item  (cost=0.29..8.31 rows=1 width=61) (actual time=1.779..1.781 rows=1 loops=1)

  Index Cond: (i_id = 31334)

Planning Time: 0.084 ms

Execution Time: 1.801 ms
Failed SQL 1740: SELECT I_PRICE, I_NAME , I_DATA FROM ITEM WHERE I_ID = 31334
Error Message: Cannot invoke "java.util.List.get(int)" because the return value of "sg.edu.nus.autotune.DB2DATA.getAllIndexes()" is null


===== Query 1741 =====

SQL: SELECT S_QUANTITY, S_DATA, S_DIST_01, S_DIST_02, S_DIST_03, S_DIST_04, S_DIST_05, S_DIST_06, S_DIST_07, S_DIST_08, S_DIST_09, S_DIST_10 FROM STOCK WHERE S_I_ID = 31334 AND S_W_ID = 1

EXPLAIN Plan:

Index Scan using stock_pkey on stock  (cost=0.42..8.44 rows=1 width=291) (actual time=0.860..0.863 rows=1 loops=1)

  Index Cond: ((s_w_id = 1) AND (s_i_id = 31334))

Planning Time: 0.095 ms

Execution Time: 0.888 ms
Failed SQL 1741: SELECT S_QUANTITY, S_DATA, S_DIST_01, S_DIST_02, S_DIST_03, S_DIST_04, S_DIST_05, S_DIST_06, S_DIST_07, S_DIST_08, S_DIST_09, S_DIST_10 FROM STOCK WHERE S_I_ID = 31334 AND S_W_ID = 1
Error Message: Cannot invoke "java.util.List.get(int)" because the return value of "sg.edu.nus.autotune.DB2DATA.getAllIndexes()" is null


===== Query 1742 =====

SQL: UPDATE STOCK SET S_QUANTITY = 29, S_YTD = S_YTD + 1, S_ORDER_CNT = S_ORDER_CNT + 1, S_REMOTE_CNT = S_REMOTE_CNT + 0 WHERE S_I_ID = 31334 AND S_W_ID = 1

EXPLAIN Plan:

Update on stock  (cost=0.42..8.45 rows=0 width=0) (actual time=0.108..0.109 rows=0 loops=1)

  ->  Index Scan using stock_pkey on stock  (cost=0.42..8.45 rows=1 width=32) (actual time=0.030..0.032 rows=1 loops=1)

        Index Cond: ((s_w_id = 1) AND (s_i_id = 31334))

Planning Time: 0.113 ms

Execution Time: 0.137 ms
Failed SQL 1742: UPDATE STOCK SET S_QUANTITY = 29, S_YTD = S_YTD + 1, S_ORDER_CNT = S_ORDER_CNT + 1, S_REMOTE_CNT = S_REMOTE_CNT + 0 WHERE S_I_ID = 31334 AND S_W_ID = 1
Error Message: Cannot invoke "java.util.List.get(int)" because the return value of "sg.edu.nus.autotune.DB2DATA.getAllIndexes()" is null


===== Query 1743 =====

SQL: SELECT I_PRICE, I_NAME , I_DATA FROM ITEM WHERE I_ID = 64487

EXPLAIN Plan:

Index Scan using item_pkey on item  (cost=0.29..8.31 rows=1 width=61) (actual time=0.045..0.046 rows=1 loops=1)

  Index Cond: (i_id = 64487)

Planning Time: 0.056 ms

Execution Time: 0.059 ms
Failed SQL 1743: SELECT I_PRICE, I_NAME , I_DATA FROM ITEM WHERE I_ID = 64487
Error Message: Cannot invoke "java.util.List.get(int)" because the return value of "sg.edu.nus.autotune.DB2DATA.getAllIndexes()" is null


===== Query 1744 =====

SQL: SELECT S_QUANTITY, S_DATA, S_DIST_01, S_DIST_02, S_DIST_03, S_DIST_04, S_DIST_05, S_DIST_06, S_DIST_07, S_DIST_08, S_DIST_09, S_DIST_10 FROM STOCK WHERE S_I_ID = 64487 AND S_W_ID = 1

EXPLAIN Plan:

Index Scan using stock_pkey on stock  (cost=0.42..8.44 rows=1 width=291) (actual time=0.931..0.933 rows=1 loops=1)

  Index Cond: ((s_w_id = 1) AND (s_i_id = 64487))

Planning Time: 0.090 ms

Execution Time: 0.955 ms
Failed SQL 1744: SELECT S_QUANTITY, S_DATA, S_DIST_01, S_DIST_02, S_DIST_03, S_DIST_04, S_DIST_05, S_DIST_06, S_DIST_07, S_DIST_08, S_DIST_09, S_DIST_10 FROM STOCK WHERE S_I_ID = 64487 AND S_W_ID = 1
Error Message: Cannot invoke "java.util.List.get(int)" because the return value of "sg.edu.nus.autotune.DB2DATA.getAllIndexes()" is null


===== Query 1745 =====

SQL: UPDATE STOCK SET S_QUANTITY = 89, S_YTD = S_YTD + 8, S_ORDER_CNT = S_ORDER_CNT + 1, S_REMOTE_CNT = S_REMOTE_CNT + 0 WHERE S_I_ID = 64487 AND S_W_ID = 1

EXPLAIN Plan:

Update on stock  (cost=0.42..8.45 rows=0 width=0) (actual time=0.059..0.060 rows=0 loops=1)

  ->  Index Scan using stock_pkey on stock  (cost=0.42..8.45 rows=1 width=32) (actual time=0.024..0.026 rows=1 loops=1)

        Index Cond: ((s_w_id = 1) AND (s_i_id = 64487))

Planning Time: 0.099 ms

Execution Time: 0.087 ms
Failed SQL 1745: UPDATE STOCK SET S_QUANTITY = 89, S_YTD = S_YTD + 8, S_ORDER_CNT = S_ORDER_CNT + 1, S_REMOTE_CNT = S_REMOTE_CNT + 0 WHERE S_I_ID = 64487 AND S_W_ID = 1
Error Message: Cannot invoke "java.util.List.get(int)" because the return value of "sg.edu.nus.autotune.DB2DATA.getAllIndexes()" is null


===== Query 1746 =====

SQL: SELECT I_PRICE, I_NAME , I_DATA FROM ITEM WHERE I_ID = 54911

EXPLAIN Plan:

Index Scan using item_pkey on item  (cost=0.29..8.31 rows=1 width=61) (actual time=0.925..0.927 rows=1 loops=1)

  Index Cond: (i_id = 54911)

Planning Time: 0.092 ms

Execution Time: 0.949 ms
Failed SQL 1746: SELECT I_PRICE, I_NAME , I_DATA FROM ITEM WHERE I_ID = 54911
Error Message: Cannot invoke "java.util.List.get(int)" because the return value of "sg.edu.nus.autotune.DB2DATA.getAllIndexes()" is null


===== Query 1747 =====

SQL: SELECT S_QUANTITY, S_DATA, S_DIST_01, S_DIST_02, S_DIST_03, S_DIST_04, S_DIST_05, S_DIST_06, S_DIST_07, S_DIST_08, S_DIST_09, S_DIST_10 FROM STOCK WHERE S_I_ID = 54911 AND S_W_ID = 1

EXPLAIN Plan:

Index Scan using stock_pkey on stock  (cost=0.42..8.44 rows=1 width=291) (actual time=0.924..0.926 rows=1 loops=1)

  Index Cond: ((s_w_id = 1) AND (s_i_id = 54911))

Planning Time: 0.109 ms

Execution Time: 0.952 ms
Failed SQL 1747: SELECT S_QUANTITY, S_DATA, S_DIST_01, S_DIST_02, S_DIST_03, S_DIST_04, S_DIST_05, S_DIST_06, S_DIST_07, S_DIST_08, S_DIST_09, S_DIST_10 FROM STOCK WHERE S_I_ID = 54911 AND S_W_ID = 1
Error Message: Cannot invoke "java.util.List.get(int)" because the return value of "sg.edu.nus.autotune.DB2DATA.getAllIndexes()" is null


===== Query 1748 =====

SQL: UPDATE STOCK SET S_QUANTITY = 54, S_YTD = S_YTD + 1, S_ORDER_CNT = S_ORDER_CNT + 1, S_REMOTE_CNT = S_REMOTE_CNT + 0 WHERE S_I_ID = 54911 AND S_W_ID = 1

EXPLAIN Plan:

Update on stock  (cost=0.42..8.45 rows=0 width=0) (actual time=0.059..0.060 rows=0 loops=1)

  ->  Index Scan using stock_pkey on stock  (cost=0.42..8.45 rows=1 width=32) (actual time=0.016..0.016 rows=1 loops=1)

        Index Cond: ((s_w_id = 1) AND (s_i_id = 54911))

Planning Time: 0.067 ms

Execution Time: 0.074 ms
Failed SQL 1748: UPDATE STOCK SET S_QUANTITY = 54, S_YTD = S_YTD + 1, S_ORDER_CNT = S_ORDER_CNT + 1, S_REMOTE_CNT = S_REMOTE_CNT + 0 WHERE S_I_ID = 54911 AND S_W_ID = 1
Error Message: Cannot invoke "java.util.List.get(int)" because the return value of "sg.edu.nus.autotune.DB2DATA.getAllIndexes()" is null


===== Query 1749 =====

SQL: SELECT I_PRICE, I_NAME , I_DATA FROM ITEM WHERE I_ID = 95168

EXPLAIN Plan:

Index Scan using item_pkey on item  (cost=0.29..8.31 rows=1 width=61) (actual time=1.133..1.136 rows=1 loops=1)

  Index Cond: (i_id = 95168)

Planning Time: 0.084 ms

Execution Time: 1.156 ms
Failed SQL 1749: SELECT I_PRICE, I_NAME , I_DATA FROM ITEM WHERE I_ID = 95168
Error Message: Cannot invoke "java.util.List.get(int)" because the return value of "sg.edu.nus.autotune.DB2DATA.getAllIndexes()" is null


===== Query 1750 =====

SQL: SELECT S_QUANTITY, S_DATA, S_DIST_01, S_DIST_02, S_DIST_03, S_DIST_04, S_DIST_05, S_DIST_06, S_DIST_07, S_DIST_08, S_DIST_09, S_DIST_10 FROM STOCK WHERE S_I_ID = 95168 AND S_W_ID = 1

EXPLAIN Plan:

Index Scan using stock_pkey on stock  (cost=0.42..8.44 rows=1 width=291) (actual time=0.514..0.517 rows=1 loops=1)

  Index Cond: ((s_w_id = 1) AND (s_i_id = 95168))

Planning Time: 0.098 ms

Execution Time: 0.538 ms
Failed SQL 1750: SELECT S_QUANTITY, S_DATA, S_DIST_01, S_DIST_02, S_DIST_03, S_DIST_04, S_DIST_05, S_DIST_06, S_DIST_07, S_DIST_08, S_DIST_09, S_DIST_10 FROM STOCK WHERE S_I_ID = 95168 AND S_W_ID = 1
Error Message: Cannot invoke "java.util.List.get(int)" because the return value of "sg.edu.nus.autotune.DB2DATA.getAllIndexes()" is null


===== Query 1751 =====

SQL: UPDATE STOCK SET S_QUANTITY = 19, S_YTD = S_YTD + 9, S_ORDER_CNT = S_ORDER_CNT + 1, S_REMOTE_CNT = S_REMOTE_CNT + 0 WHERE S_I_ID = 95168 AND S_W_ID = 1

EXPLAIN Plan:

Update on stock  (cost=0.42..8.45 rows=0 width=0) (actual time=0.077..0.078 rows=0 loops=1)

  ->  Index Scan using stock_pkey on stock  (cost=0.42..8.45 rows=1 width=32) (actual time=0.027..0.029 rows=1 loops=1)

        Index Cond: ((s_w_id = 1) AND (s_i_id = 95168))

Planning Time: 0.100 ms

Execution Time: 0.105 ms
Failed SQL 1751: UPDATE STOCK SET S_QUANTITY = 19, S_YTD = S_YTD + 9, S_ORDER_CNT = S_ORDER_CNT + 1, S_REMOTE_CNT = S_REMOTE_CNT + 0 WHERE S_I_ID = 95168 AND S_W_ID = 1
Error Message: Cannot invoke "java.util.List.get(int)" because the return value of "sg.edu.nus.autotune.DB2DATA.getAllIndexes()" is null


===== Query 1752 =====

SQL: SELECT I_PRICE, I_NAME , I_DATA FROM ITEM WHERE I_ID = 43751

EXPLAIN Plan:

Index Scan using item_pkey on item  (cost=0.29..8.31 rows=1 width=61) (actual time=1.042..1.045 rows=1 loops=1)

  Index Cond: (i_id = 43751)

Planning Time: 0.071 ms

Execution Time: 1.062 ms
Failed SQL 1752: SELECT I_PRICE, I_NAME , I_DATA FROM ITEM WHERE I_ID = 43751
Error Message: Cannot invoke "java.util.List.get(int)" because the return value of "sg.edu.nus.autotune.DB2DATA.getAllIndexes()" is null


===== Query 1753 =====

SQL: SELECT S_QUANTITY, S_DATA, S_DIST_01, S_DIST_02, S_DIST_03, S_DIST_04, S_DIST_05, S_DIST_06, S_DIST_07, S_DIST_08, S_DIST_09, S_DIST_10 FROM STOCK WHERE S_I_ID = 43751 AND S_W_ID = 1

EXPLAIN Plan:

Index Scan using stock_pkey on stock  (cost=0.42..8.44 rows=1 width=291) (actual time=0.476..0.478 rows=1 loops=1)

  Index Cond: ((s_w_id = 1) AND (s_i_id = 43751))

Planning Time: 0.091 ms

Execution Time: 0.500 ms
Failed SQL 1753: SELECT S_QUANTITY, S_DATA, S_DIST_01, S_DIST_02, S_DIST_03, S_DIST_04, S_DIST_05, S_DIST_06, S_DIST_07, S_DIST_08, S_DIST_09, S_DIST_10 FROM STOCK WHERE S_I_ID = 43751 AND S_W_ID = 1
Error Message: Cannot invoke "java.util.List.get(int)" because the return value of "sg.edu.nus.autotune.DB2DATA.getAllIndexes()" is null


===== Query 1754 =====

SQL: UPDATE STOCK SET S_QUANTITY = 50, S_YTD = S_YTD + 10, S_ORDER_CNT = S_ORDER_CNT + 1, S_REMOTE_CNT = S_REMOTE_CNT + 0 WHERE S_I_ID = 43751 AND S_W_ID = 1

EXPLAIN Plan:

Update on stock  (cost=0.42..8.45 rows=0 width=0) (actual time=0.098..0.099 rows=0 loops=1)

  ->  Index Scan using stock_pkey on stock  (cost=0.42..8.45 rows=1 width=32) (actual time=0.031..0.033 rows=1 loops=1)

        Index Cond: ((s_w_id = 1) AND (s_i_id = 43751))

Planning Time: 0.109 ms

Execution Time: 0.135 ms
Failed SQL 1754: UPDATE STOCK SET S_QUANTITY = 50, S_YTD = S_YTD + 10, S_ORDER_CNT = S_ORDER_CNT + 1, S_REMOTE_CNT = S_REMOTE_CNT + 0 WHERE S_I_ID = 43751 AND S_W_ID = 1
Error Message: Cannot invoke "java.util.List.get(int)" because the return value of "sg.edu.nus.autotune.DB2DATA.getAllIndexes()" is null


===== Query 1755 =====

SQL: SELECT C_DISCOUNT, C_LAST, C_CREDIT, W_TAX FROM CUSTOMER, WAREHOUSE WHERE W_ID = 1 AND C_W_ID = 1 AND C_D_ID = 3 AND C_ID = 2935

EXPLAIN Plan:

Nested Loop  (cost=4.56..16.61 rows=1 width=26) (actual time=0.066..0.067 rows=1 loops=1)

  ->  Index Scan using customer_pkey on customer  (cost=0.42..8.44 rows=1 width=21) (actual time=0.051..0.052 rows=1 loops=1)

        Index Cond: ((c_w_id = 1) AND (c_d_id = 3) AND (c_id = 2935))

  ->  Bitmap Heap Scan on warehouse  (cost=4.14..8.15 rows=1 width=5) (actual time=0.009..0.010 rows=1 loops=1)

        Recheck Cond: (w_id = 1)

        Heap Blocks: exact=1

        ->  Bitmap Index Scan on warehouse_pkey  (cost=0.00..4.14 rows=1 width=0) (actual time=0.004..0.004 rows=1 loops=1)

              Index Cond: (w_id = 1)

Planning Time: 0.099 ms

Execution Time: 0.097 ms
Failed SQL 1755: SELECT C_DISCOUNT, C_LAST, C_CREDIT, W_TAX FROM CUSTOMER, WAREHOUSE WHERE W_ID = 1 AND C_W_ID = 1 AND C_D_ID = 3 AND C_ID = 2935
Error Message: Cannot invoke "java.util.List.get(int)" because the return value of "sg.edu.nus.autotune.DB2DATA.getAllIndexes()" is null


===== Query 1756 =====

SQL: SELECT D_NEXT_O_ID, D_TAX FROM DISTRICT WHERE D_W_ID = 1 AND D_ID = 3

EXPLAIN Plan:

Bitmap Heap Scan on district  (cost=4.28..11.66 rows=2 width=9) (actual time=0.044..0.045 rows=1 loops=1)

  Recheck Cond: ((d_w_id = 1) AND (d_id = 3))

  Heap Blocks: exact=1

  ->  Bitmap Index Scan on district_pkey  (cost=0.00..4.28 rows=2 width=0) (actual time=0.030..0.030 rows=1 loops=1)

        Index Cond: ((d_w_id = 1) AND (d_id = 3))

Planning Time: 0.106 ms

Execution Time: 0.077 ms
Failed SQL 1756: SELECT D_NEXT_O_ID, D_TAX FROM DISTRICT WHERE D_W_ID = 1 AND D_ID = 3
Error Message: Cannot invoke "java.util.List.get(int)" because the return value of "sg.edu.nus.autotune.DB2DATA.getAllIndexes()" is null


===== Query 1757 =====

SQL: UPDATE DISTRICT SET D_NEXT_O_ID = D_NEXT_O_ID + 1 WHERE D_W_ID = 1 AND D_ID = 3

EXPLAIN Plan:

Update on district  (cost=4.28..11.67 rows=0 width=0) (actual time=0.084..0.084 rows=0 loops=1)

  ->  Bitmap Heap Scan on district  (cost=4.28..11.67 rows=2 width=10) (actual time=0.025..0.026 rows=1 loops=1)

        Recheck Cond: ((d_w_id = 1) AND (d_id = 3))

        Heap Blocks: exact=1

        ->  Bitmap Index Scan on district_pkey  (cost=0.00..4.28 rows=2 width=0) (actual time=0.014..0.015 rows=1 loops=1)

              Index Cond: ((d_w_id = 1) AND (d_id = 3))

Planning Time: 0.107 ms

Execution Time: 0.121 ms
Failed SQL 1757: UPDATE DISTRICT SET D_NEXT_O_ID = D_NEXT_O_ID + 1 WHERE D_W_ID = 1 AND D_ID = 3
Error Message: Cannot invoke "java.util.List.get(int)" because the return value of "sg.edu.nus.autotune.DB2DATA.getAllIndexes()" is null


===== Query 1758 =====

SQL: SELECT I_PRICE, I_NAME , I_DATA FROM ITEM WHERE I_ID = 6151

EXPLAIN Plan:

Index Scan using item_pkey on item  (cost=0.29..8.31 rows=1 width=61) (actual time=0.043..0.045 rows=1 loops=1)

  Index Cond: (i_id = 6151)

Planning Time: 0.079 ms

Execution Time: 0.064 ms
Failed SQL 1758: SELECT I_PRICE, I_NAME , I_DATA FROM ITEM WHERE I_ID = 6151
Error Message: Cannot invoke "java.util.List.get(int)" because the return value of "sg.edu.nus.autotune.DB2DATA.getAllIndexes()" is null


===== Query 1759 =====

SQL: SELECT S_QUANTITY, S_DATA, S_DIST_01, S_DIST_02, S_DIST_03, S_DIST_04, S_DIST_05, S_DIST_06, S_DIST_07, S_DIST_08, S_DIST_09, S_DIST_10 FROM STOCK WHERE S_I_ID = 6151 AND S_W_ID = 1

EXPLAIN Plan:

Index Scan using stock_pkey on stock  (cost=0.42..8.44 rows=1 width=291) (actual time=0.861..0.863 rows=1 loops=1)

  Index Cond: ((s_w_id = 1) AND (s_i_id = 6151))

Planning Time: 0.092 ms

Execution Time: 0.887 ms
Failed SQL 1759: SELECT S_QUANTITY, S_DATA, S_DIST_01, S_DIST_02, S_DIST_03, S_DIST_04, S_DIST_05, S_DIST_06, S_DIST_07, S_DIST_08, S_DIST_09, S_DIST_10 FROM STOCK WHERE S_I_ID = 6151 AND S_W_ID = 1
Error Message: Cannot invoke "java.util.List.get(int)" because the return value of "sg.edu.nus.autotune.DB2DATA.getAllIndexes()" is null


===== Query 1760 =====

SQL: UPDATE STOCK SET S_QUANTITY = 21, S_YTD = S_YTD + 2, S_ORDER_CNT = S_ORDER_CNT + 1, S_REMOTE_CNT = S_REMOTE_CNT + 0 WHERE S_I_ID = 6151 AND S_W_ID = 1

EXPLAIN Plan:

Update on stock  (cost=0.42..8.45 rows=0 width=0) (actual time=0.055..0.056 rows=0 loops=1)

  ->  Index Scan using stock_pkey on stock  (cost=0.42..8.45 rows=1 width=32) (actual time=0.017..0.018 rows=1 loops=1)

        Index Cond: ((s_w_id = 1) AND (s_i_id = 6151))

Planning Time: 0.071 ms

Execution Time: 0.073 ms
Failed SQL 1760: UPDATE STOCK SET S_QUANTITY = 21, S_YTD = S_YTD + 2, S_ORDER_CNT = S_ORDER_CNT + 1, S_REMOTE_CNT = S_REMOTE_CNT + 0 WHERE S_I_ID = 6151 AND S_W_ID = 1
Error Message: Cannot invoke "java.util.List.get(int)" because the return value of "sg.edu.nus.autotune.DB2DATA.getAllIndexes()" is null


===== Query 1761 =====

SQL: SELECT I_PRICE, I_NAME , I_DATA FROM ITEM WHERE I_ID = 39582

EXPLAIN Plan:

Index Scan using item_pkey on item  (cost=0.29..8.31 rows=1 width=61) (actual time=1.090..1.092 rows=1 loops=1)

  Index Cond: (i_id = 39582)

Planning Time: 0.075 ms

Execution Time: 1.112 ms
Failed SQL 1761: SELECT I_PRICE, I_NAME , I_DATA FROM ITEM WHERE I_ID = 39582
Error Message: Cannot invoke "java.util.List.get(int)" because the return value of "sg.edu.nus.autotune.DB2DATA.getAllIndexes()" is null


===== Query 1762 =====

SQL: SELECT S_QUANTITY, S_DATA, S_DIST_01, S_DIST_02, S_DIST_03, S_DIST_04, S_DIST_05, S_DIST_06, S_DIST_07, S_DIST_08, S_DIST_09, S_DIST_10 FROM STOCK WHERE S_I_ID = 39582 AND S_W_ID = 1

EXPLAIN Plan:

Index Scan using stock_pkey on stock  (cost=0.42..8.44 rows=1 width=291) (actual time=1.115..1.118 rows=1 loops=1)

  Index Cond: ((s_w_id = 1) AND (s_i_id = 39582))

Planning Time: 0.097 ms

Execution Time: 1.141 ms
Failed SQL 1762: SELECT S_QUANTITY, S_DATA, S_DIST_01, S_DIST_02, S_DIST_03, S_DIST_04, S_DIST_05, S_DIST_06, S_DIST_07, S_DIST_08, S_DIST_09, S_DIST_10 FROM STOCK WHERE S_I_ID = 39582 AND S_W_ID = 1
Error Message: Cannot invoke "java.util.List.get(int)" because the return value of "sg.edu.nus.autotune.DB2DATA.getAllIndexes()" is null


===== Query 1763 =====

SQL: UPDATE STOCK SET S_QUANTITY = 74, S_YTD = S_YTD + 7, S_ORDER_CNT = S_ORDER_CNT + 1, S_REMOTE_CNT = S_REMOTE_CNT + 0 WHERE S_I_ID = 39582 AND S_W_ID = 1

EXPLAIN Plan:

Update on stock  (cost=0.42..8.45 rows=0 width=0) (actual time=0.106..0.107 rows=0 loops=1)

  ->  Index Scan using stock_pkey on stock  (cost=0.42..8.45 rows=1 width=32) (actual time=0.024..0.026 rows=1 loops=1)

        Index Cond: ((s_w_id = 1) AND (s_i_id = 39582))

Planning Time: 0.101 ms

Execution Time: 0.136 ms
Failed SQL 1763: UPDATE STOCK SET S_QUANTITY = 74, S_YTD = S_YTD + 7, S_ORDER_CNT = S_ORDER_CNT + 1, S_REMOTE_CNT = S_REMOTE_CNT + 0 WHERE S_I_ID = 39582 AND S_W_ID = 1
Error Message: Cannot invoke "java.util.List.get(int)" because the return value of "sg.edu.nus.autotune.DB2DATA.getAllIndexes()" is null


===== Query 1764 =====

SQL: SELECT I_PRICE, I_NAME , I_DATA FROM ITEM WHERE I_ID = 69278

EXPLAIN Plan:

Index Scan using item_pkey on item  (cost=0.29..8.31 rows=1 width=61) (actual time=0.040..0.041 rows=1 loops=1)

  Index Cond: (i_id = 69278)

Planning Time: 0.051 ms

Execution Time: 0.053 ms
Failed SQL 1764: SELECT I_PRICE, I_NAME , I_DATA FROM ITEM WHERE I_ID = 69278
Error Message: Cannot invoke "java.util.List.get(int)" because the return value of "sg.edu.nus.autotune.DB2DATA.getAllIndexes()" is null


===== Query 1765 =====

SQL: SELECT S_QUANTITY, S_DATA, S_DIST_01, S_DIST_02, S_DIST_03, S_DIST_04, S_DIST_05, S_DIST_06, S_DIST_07, S_DIST_08, S_DIST_09, S_DIST_10 FROM STOCK WHERE S_I_ID = 69278 AND S_W_ID = 1

EXPLAIN Plan:

Index Scan using stock_pkey on stock  (cost=0.42..8.44 rows=1 width=291) (actual time=0.856..0.859 rows=1 loops=1)

  Index Cond: ((s_w_id = 1) AND (s_i_id = 69278))

Planning Time: 0.091 ms

Execution Time: 0.882 ms
Failed SQL 1765: SELECT S_QUANTITY, S_DATA, S_DIST_01, S_DIST_02, S_DIST_03, S_DIST_04, S_DIST_05, S_DIST_06, S_DIST_07, S_DIST_08, S_DIST_09, S_DIST_10 FROM STOCK WHERE S_I_ID = 69278 AND S_W_ID = 1
Error Message: Cannot invoke "java.util.List.get(int)" because the return value of "sg.edu.nus.autotune.DB2DATA.getAllIndexes()" is null


===== Query 1766 =====

SQL: UPDATE STOCK SET S_QUANTITY = 96, S_YTD = S_YTD + 1, S_ORDER_CNT = S_ORDER_CNT + 1, S_REMOTE_CNT = S_REMOTE_CNT + 0 WHERE S_I_ID = 69278 AND S_W_ID = 1

EXPLAIN Plan:

Update on stock  (cost=0.42..8.45 rows=0 width=0) (actual time=0.083..0.084 rows=0 loops=1)

  ->  Index Scan using stock_pkey on stock  (cost=0.42..8.45 rows=1 width=32) (actual time=0.029..0.030 rows=1 loops=1)

        Index Cond: ((s_w_id = 1) AND (s_i_id = 69278))

Planning Time: 0.082 ms

Execution Time: 0.102 ms
Failed SQL 1766: UPDATE STOCK SET S_QUANTITY = 96, S_YTD = S_YTD + 1, S_ORDER_CNT = S_ORDER_CNT + 1, S_REMOTE_CNT = S_REMOTE_CNT + 0 WHERE S_I_ID = 69278 AND S_W_ID = 1
Error Message: Cannot invoke "java.util.List.get(int)" because the return value of "sg.edu.nus.autotune.DB2DATA.getAllIndexes()" is null


===== Query 1767 =====

SQL: SELECT I_PRICE, I_NAME , I_DATA FROM ITEM WHERE I_ID = 63939

EXPLAIN Plan:

Index Scan using item_pkey on item  (cost=0.29..8.31 rows=1 width=61) (actual time=1.689..1.692 rows=1 loops=1)

  Index Cond: (i_id = 63939)

Planning Time: 0.156 ms

Execution Time: 1.752 ms
Failed SQL 1767: SELECT I_PRICE, I_NAME , I_DATA FROM ITEM WHERE I_ID = 63939
Error Message: Cannot invoke "java.util.List.get(int)" because the return value of "sg.edu.nus.autotune.DB2DATA.getAllIndexes()" is null


===== Query 1768 =====

SQL: SELECT S_QUANTITY, S_DATA, S_DIST_01, S_DIST_02, S_DIST_03, S_DIST_04, S_DIST_05, S_DIST_06, S_DIST_07, S_DIST_08, S_DIST_09, S_DIST_10 FROM STOCK WHERE S_I_ID = 63939 AND S_W_ID = 1

EXPLAIN Plan:

Index Scan using stock_pkey on stock  (cost=0.42..8.44 rows=1 width=291) (actual time=1.119..1.122 rows=1 loops=1)

  Index Cond: ((s_w_id = 1) AND (s_i_id = 63939))

Planning Time: 0.164 ms

Execution Time: 1.154 ms
Failed SQL 1768: SELECT S_QUANTITY, S_DATA, S_DIST_01, S_DIST_02, S_DIST_03, S_DIST_04, S_DIST_05, S_DIST_06, S_DIST_07, S_DIST_08, S_DIST_09, S_DIST_10 FROM STOCK WHERE S_I_ID = 63939 AND S_W_ID = 1
Error Message: Cannot invoke "java.util.List.get(int)" because the return value of "sg.edu.nus.autotune.DB2DATA.getAllIndexes()" is null


===== Query 1769 =====

SQL: UPDATE STOCK SET S_QUANTITY = 58, S_YTD = S_YTD + 10, S_ORDER_CNT = S_ORDER_CNT + 1, S_REMOTE_CNT = S_REMOTE_CNT + 0 WHERE S_I_ID = 63939 AND S_W_ID = 1

EXPLAIN Plan:

Update on stock  (cost=0.42..8.45 rows=0 width=0) (actual time=0.117..0.118 rows=0 loops=1)

  ->  Index Scan using stock_pkey on stock  (cost=0.42..8.45 rows=1 width=32) (actual time=0.033..0.035 rows=1 loops=1)

        Index Cond: ((s_w_id = 1) AND (s_i_id = 63939))

Planning Time: 0.134 ms

Execution Time: 0.150 ms
Failed SQL 1769: UPDATE STOCK SET S_QUANTITY = 58, S_YTD = S_YTD + 10, S_ORDER_CNT = S_ORDER_CNT + 1, S_REMOTE_CNT = S_REMOTE_CNT + 0 WHERE S_I_ID = 63939 AND S_W_ID = 1
Error Message: Cannot invoke "java.util.List.get(int)" because the return value of "sg.edu.nus.autotune.DB2DATA.getAllIndexes()" is null


===== Query 1770 =====

SQL: SELECT I_PRICE, I_NAME , I_DATA FROM ITEM WHERE I_ID = 21541

EXPLAIN Plan:

Index Scan using item_pkey on item  (cost=0.29..8.31 rows=1 width=61) (actual time=0.529..0.532 rows=1 loops=1)

  Index Cond: (i_id = 21541)

Planning Time: 0.078 ms

Execution Time: 0.552 ms
Failed SQL 1770: SELECT I_PRICE, I_NAME , I_DATA FROM ITEM WHERE I_ID = 21541
Error Message: Cannot invoke "java.util.List.get(int)" because the return value of "sg.edu.nus.autotune.DB2DATA.getAllIndexes()" is null


===== Query 1771 =====

SQL: SELECT S_QUANTITY, S_DATA, S_DIST_01, S_DIST_02, S_DIST_03, S_DIST_04, S_DIST_05, S_DIST_06, S_DIST_07, S_DIST_08, S_DIST_09, S_DIST_10 FROM STOCK WHERE S_I_ID = 21541 AND S_W_ID = 1

EXPLAIN Plan:

Index Scan using stock_pkey on stock  (cost=0.42..8.44 rows=1 width=291) (actual time=1.885..1.895 rows=1 loops=1)

  Index Cond: ((s_w_id = 1) AND (s_i_id = 21541))

Planning Time: 0.098 ms

Execution Time: 2.366 ms
Failed SQL 1771: SELECT S_QUANTITY, S_DATA, S_DIST_01, S_DIST_02, S_DIST_03, S_DIST_04, S_DIST_05, S_DIST_06, S_DIST_07, S_DIST_08, S_DIST_09, S_DIST_10 FROM STOCK WHERE S_I_ID = 21541 AND S_W_ID = 1
Error Message: Cannot invoke "java.util.List.get(int)" because the return value of "sg.edu.nus.autotune.DB2DATA.getAllIndexes()" is null


===== Query 1772 =====

SQL: UPDATE STOCK SET S_QUANTITY = 11, S_YTD = S_YTD + 5, S_ORDER_CNT = S_ORDER_CNT + 1, S_REMOTE_CNT = S_REMOTE_CNT + 0 WHERE S_I_ID = 21541 AND S_W_ID = 1

EXPLAIN Plan:

Update on stock  (cost=0.42..8.45 rows=0 width=0) (actual time=0.063..0.064 rows=0 loops=1)

  ->  Index Scan using stock_pkey on stock  (cost=0.42..8.45 rows=1 width=32) (actual time=0.026..0.028 rows=1 loops=1)

        Index Cond: ((s_w_id = 1) AND (s_i_id = 21541))

Planning Time: 0.117 ms

Execution Time: 0.100 ms
Failed SQL 1772: UPDATE STOCK SET S_QUANTITY = 11, S_YTD = S_YTD + 5, S_ORDER_CNT = S_ORDER_CNT + 1, S_REMOTE_CNT = S_REMOTE_CNT + 0 WHERE S_I_ID = 21541 AND S_W_ID = 1
Error Message: Cannot invoke "java.util.List.get(int)" because the return value of "sg.edu.nus.autotune.DB2DATA.getAllIndexes()" is null


===== Query 1773 =====

SQL: SELECT I_PRICE, I_NAME , I_DATA FROM ITEM WHERE I_ID = 97997

EXPLAIN Plan:

Index Scan using item_pkey on item  (cost=0.29..8.31 rows=1 width=61) (actual time=0.049..0.050 rows=1 loops=1)

  Index Cond: (i_id = 97997)

Planning Time: 0.081 ms

Execution Time: 0.069 ms
Failed SQL 1773: SELECT I_PRICE, I_NAME , I_DATA FROM ITEM WHERE I_ID = 97997
Error Message: Cannot invoke "java.util.List.get(int)" because the return value of "sg.edu.nus.autotune.DB2DATA.getAllIndexes()" is null


===== Query 1774 =====

SQL: SELECT S_QUANTITY, S_DATA, S_DIST_01, S_DIST_02, S_DIST_03, S_DIST_04, S_DIST_05, S_DIST_06, S_DIST_07, S_DIST_08, S_DIST_09, S_DIST_10 FROM STOCK WHERE S_I_ID = 97997 AND S_W_ID = 1

EXPLAIN Plan:

Index Scan using stock_pkey on stock  (cost=0.42..8.44 rows=1 width=291) (actual time=0.403..0.406 rows=1 loops=1)

  Index Cond: ((s_w_id = 1) AND (s_i_id = 97997))

Planning Time: 0.095 ms

Execution Time: 0.431 ms
Failed SQL 1774: SELECT S_QUANTITY, S_DATA, S_DIST_01, S_DIST_02, S_DIST_03, S_DIST_04, S_DIST_05, S_DIST_06, S_DIST_07, S_DIST_08, S_DIST_09, S_DIST_10 FROM STOCK WHERE S_I_ID = 97997 AND S_W_ID = 1
Error Message: Cannot invoke "java.util.List.get(int)" because the return value of "sg.edu.nus.autotune.DB2DATA.getAllIndexes()" is null


===== Query 1775 =====

SQL: UPDATE STOCK SET S_QUANTITY = 12, S_YTD = S_YTD + 6, S_ORDER_CNT = S_ORDER_CNT + 1, S_REMOTE_CNT = S_REMOTE_CNT + 0 WHERE S_I_ID = 97997 AND S_W_ID = 1

EXPLAIN Plan:

Update on stock  (cost=0.42..8.45 rows=0 width=0) (actual time=0.118..0.119 rows=0 loops=1)

  ->  Index Scan using stock_pkey on stock  (cost=0.42..8.45 rows=1 width=32) (actual time=0.032..0.034 rows=1 loops=1)

        Index Cond: ((s_w_id = 1) AND (s_i_id = 97997))

Planning Time: 0.099 ms

Execution Time: 0.146 ms
Failed SQL 1775: UPDATE STOCK SET S_QUANTITY = 12, S_YTD = S_YTD + 6, S_ORDER_CNT = S_ORDER_CNT + 1, S_REMOTE_CNT = S_REMOTE_CNT + 0 WHERE S_I_ID = 97997 AND S_W_ID = 1
Error Message: Cannot invoke "java.util.List.get(int)" because the return value of "sg.edu.nus.autotune.DB2DATA.getAllIndexes()" is null


===== Query 1776 =====

SQL: SELECT I_PRICE, I_NAME , I_DATA FROM ITEM WHERE I_ID = 60739

EXPLAIN Plan:

Index Scan using item_pkey on item  (cost=0.29..8.31 rows=1 width=61) (actual time=0.340..0.342 rows=1 loops=1)

  Index Cond: (i_id = 60739)

Planning Time: 0.094 ms

Execution Time: 0.364 ms
Failed SQL 1776: SELECT I_PRICE, I_NAME , I_DATA FROM ITEM WHERE I_ID = 60739
Error Message: Cannot invoke "java.util.List.get(int)" because the return value of "sg.edu.nus.autotune.DB2DATA.getAllIndexes()" is null


===== Query 1777 =====

SQL: SELECT S_QUANTITY, S_DATA, S_DIST_01, S_DIST_02, S_DIST_03, S_DIST_04, S_DIST_05, S_DIST_06, S_DIST_07, S_DIST_08, S_DIST_09, S_DIST_10 FROM STOCK WHERE S_I_ID = 60739 AND S_W_ID = 1

EXPLAIN Plan:

Index Scan using stock_pkey on stock  (cost=0.42..8.44 rows=1 width=291) (actual time=0.422..0.424 rows=1 loops=1)

  Index Cond: ((s_w_id = 1) AND (s_i_id = 60739))

Planning Time: 0.109 ms

Execution Time: 0.449 ms
Failed SQL 1777: SELECT S_QUANTITY, S_DATA, S_DIST_01, S_DIST_02, S_DIST_03, S_DIST_04, S_DIST_05, S_DIST_06, S_DIST_07, S_DIST_08, S_DIST_09, S_DIST_10 FROM STOCK WHERE S_I_ID = 60739 AND S_W_ID = 1
Error Message: Cannot invoke "java.util.List.get(int)" because the return value of "sg.edu.nus.autotune.DB2DATA.getAllIndexes()" is null


===== Query 1778 =====

SQL: SELECT C_DISCOUNT, C_LAST, C_CREDIT, W_TAX FROM CUSTOMER, WAREHOUSE WHERE W_ID = 2 AND C_W_ID = 2 AND C_D_ID = 7 AND C_ID = 493

EXPLAIN Plan:

Nested Loop  (cost=4.56..16.61 rows=1 width=26) (actual time=0.104..0.106 rows=1 loops=1)

  ->  Index Scan using customer_pkey on customer  (cost=0.42..8.44 rows=1 width=21) (actual time=0.082..0.083 rows=1 loops=1)

        Index Cond: ((c_w_id = 2) AND (c_d_id = 7) AND (c_id = 493))

  ->  Bitmap Heap Scan on warehouse  (cost=4.14..8.15 rows=1 width=5) (actual time=0.013..0.014 rows=1 loops=1)

        Recheck Cond: (w_id = 2)

        Heap Blocks: exact=1

        ->  Bitmap Index Scan on warehouse_pkey  (cost=0.00..4.14 rows=1 width=0) (actual time=0.005..0.006 rows=1 loops=1)

              Index Cond: (w_id = 2)

Planning Time: 0.145 ms

Execution Time: 0.171 ms
Failed SQL 1778: SELECT C_DISCOUNT, C_LAST, C_CREDIT, W_TAX FROM CUSTOMER, WAREHOUSE WHERE W_ID = 2 AND C_W_ID = 2 AND C_D_ID = 7 AND C_ID = 493
Error Message: Cannot invoke "java.util.List.get(int)" because the return value of "sg.edu.nus.autotune.DB2DATA.getAllIndexes()" is null


===== Query 1779 =====

SQL: UPDATE STOCK SET S_QUANTITY = 12, S_YTD = S_YTD + 1, S_ORDER_CNT = S_ORDER_CNT + 1, S_REMOTE_CNT = S_REMOTE_CNT + 0 WHERE S_I_ID = 60739 AND S_W_ID = 1

EXPLAIN Plan:

Update on stock  (cost=0.42..8.45 rows=0 width=0) (actual time=0.089..0.090 rows=0 loops=1)

  ->  Index Scan using stock_pkey on stock  (cost=0.42..8.45 rows=1 width=32) (actual time=0.030..0.032 rows=1 loops=1)

        Index Cond: ((s_w_id = 1) AND (s_i_id = 60739))

Planning Time: 0.101 ms

Execution Time: 0.117 ms
Failed SQL 1779: UPDATE STOCK SET S_QUANTITY = 12, S_YTD = S_YTD + 1, S_ORDER_CNT = S_ORDER_CNT + 1, S_REMOTE_CNT = S_REMOTE_CNT + 0 WHERE S_I_ID = 60739 AND S_W_ID = 1
Error Message: Cannot invoke "java.util.List.get(int)" because the return value of "sg.edu.nus.autotune.DB2DATA.getAllIndexes()" is null


===== Query 1780 =====

SQL: SELECT I_PRICE, I_NAME , I_DATA FROM ITEM WHERE I_ID = 44115

EXPLAIN Plan:

Index Scan using item_pkey on item  (cost=0.29..8.31 rows=1 width=61) (actual time=0.967..0.969 rows=1 loops=1)

  Index Cond: (i_id = 44115)

Planning Time: 0.080 ms

Execution Time: 0.984 ms
Failed SQL 1780: SELECT I_PRICE, I_NAME , I_DATA FROM ITEM WHERE I_ID = 44115
Error Message: Cannot invoke "java.util.List.get(int)" because the return value of "sg.edu.nus.autotune.DB2DATA.getAllIndexes()" is null


===== Query 1781 =====

SQL: SELECT D_NEXT_O_ID, D_TAX FROM DISTRICT WHERE D_W_ID = 2 AND D_ID = 7

EXPLAIN Plan:

Bitmap Heap Scan on district  (cost=4.28..11.66 rows=2 width=9) (actual time=0.033..0.034 rows=1 loops=1)

  Recheck Cond: ((d_w_id = 2) AND (d_id = 7))

  Heap Blocks: exact=1

  ->  Bitmap Index Scan on district_pkey  (cost=0.00..4.28 rows=2 width=0) (actual time=0.016..0.016 rows=1 loops=1)

        Index Cond: ((d_w_id = 2) AND (d_id = 7))

Planning Time: 0.096 ms

Execution Time: 0.061 ms
Failed SQL 1781: SELECT D_NEXT_O_ID, D_TAX FROM DISTRICT WHERE D_W_ID = 2 AND D_ID = 7
Error Message: Cannot invoke "java.util.List.get(int)" because the return value of "sg.edu.nus.autotune.DB2DATA.getAllIndexes()" is null


===== Query 1782 =====

SQL: UPDATE DISTRICT SET D_NEXT_O_ID = D_NEXT_O_ID + 1 WHERE D_W_ID = 2 AND D_ID = 7

EXPLAIN Plan:

Update on district  (cost=4.28..11.67 rows=0 width=0) (actual time=0.101..0.102 rows=0 loops=1)

  ->  Bitmap Heap Scan on district  (cost=4.28..11.67 rows=2 width=10) (actual time=0.021..0.023 rows=1 loops=1)

        Recheck Cond: ((d_w_id = 2) AND (d_id = 7))

        Heap Blocks: exact=1

        ->  Bitmap Index Scan on district_pkey  (cost=0.00..4.28 rows=2 width=0) (actual time=0.012..0.012 rows=1 loops=1)

              Index Cond: ((d_w_id = 2) AND (d_id = 7))

Planning Time: 0.091 ms

Execution Time: 0.137 ms
Failed SQL 1782: UPDATE DISTRICT SET D_NEXT_O_ID = D_NEXT_O_ID + 1 WHERE D_W_ID = 2 AND D_ID = 7
Error Message: Cannot invoke "java.util.List.get(int)" because the return value of "sg.edu.nus.autotune.DB2DATA.getAllIndexes()" is null


===== Query 1783 =====

SQL: SELECT I_PRICE, I_NAME , I_DATA FROM ITEM WHERE I_ID = 32471

EXPLAIN Plan:

Index Scan using item_pkey on item  (cost=0.29..8.31 rows=1 width=61) (actual time=0.077..0.078 rows=1 loops=1)

  Index Cond: (i_id = 32471)

Planning Time: 0.074 ms

Execution Time: 0.095 ms
Failed SQL 1783: SELECT I_PRICE, I_NAME , I_DATA FROM ITEM WHERE I_ID = 32471
Error Message: Cannot invoke "java.util.List.get(int)" because the return value of "sg.edu.nus.autotune.DB2DATA.getAllIndexes()" is null


===== Query 1784 =====

SQL: SELECT S_QUANTITY, S_DATA, S_DIST_01, S_DIST_02, S_DIST_03, S_DIST_04, S_DIST_05, S_DIST_06, S_DIST_07, S_DIST_08, S_DIST_09, S_DIST_10 FROM STOCK WHERE S_I_ID = 32471 AND S_W_ID = 2

EXPLAIN Plan:

Index Scan using stock_pkey on stock  (cost=0.42..8.44 rows=1 width=291) (actual time=0.885..0.889 rows=1 loops=1)

  Index Cond: ((s_w_id = 2) AND (s_i_id = 32471))

Planning Time: 0.100 ms

Execution Time: 0.913 ms
Failed SQL 1784: SELECT S_QUANTITY, S_DATA, S_DIST_01, S_DIST_02, S_DIST_03, S_DIST_04, S_DIST_05, S_DIST_06, S_DIST_07, S_DIST_08, S_DIST_09, S_DIST_10 FROM STOCK WHERE S_I_ID = 32471 AND S_W_ID = 2
Error Message: Cannot invoke "java.util.List.get(int)" because the return value of "sg.edu.nus.autotune.DB2DATA.getAllIndexes()" is null


===== Query 1785 =====

SQL: UPDATE STOCK SET S_QUANTITY = 32, S_YTD = S_YTD + 9, S_ORDER_CNT = S_ORDER_CNT + 1, S_REMOTE_CNT = S_REMOTE_CNT + 0 WHERE S_I_ID = 32471 AND S_W_ID = 2

EXPLAIN Plan:

Update on stock  (cost=0.42..8.45 rows=0 width=0) (actual time=0.098..0.099 rows=0 loops=1)

  ->  Index Scan using stock_pkey on stock  (cost=0.42..8.45 rows=1 width=32) (actual time=0.024..0.026 rows=1 loops=1)

        Index Cond: ((s_w_id = 2) AND (s_i_id = 32471))

Planning Time: 0.102 ms

Execution Time: 0.127 ms
Failed SQL 1785: UPDATE STOCK SET S_QUANTITY = 32, S_YTD = S_YTD + 9, S_ORDER_CNT = S_ORDER_CNT + 1, S_REMOTE_CNT = S_REMOTE_CNT + 0 WHERE S_I_ID = 32471 AND S_W_ID = 2
Error Message: Cannot invoke "java.util.List.get(int)" because the return value of "sg.edu.nus.autotune.DB2DATA.getAllIndexes()" is null


===== Query 1786 =====

SQL: SELECT I_PRICE, I_NAME , I_DATA FROM ITEM WHERE I_ID = 97733

EXPLAIN Plan:

Index Scan using item_pkey on item  (cost=0.29..8.31 rows=1 width=61) (actual time=0.047..0.049 rows=1 loops=1)

  Index Cond: (i_id = 97733)

Planning Time: 0.089 ms

Execution Time: 0.068 ms
Failed SQL 1786: SELECT I_PRICE, I_NAME , I_DATA FROM ITEM WHERE I_ID = 97733
Error Message: Cannot invoke "java.util.List.get(int)" because the return value of "sg.edu.nus.autotune.DB2DATA.getAllIndexes()" is null


===== Query 1787 =====

SQL: SELECT S_QUANTITY, S_DATA, S_DIST_01, S_DIST_02, S_DIST_03, S_DIST_04, S_DIST_05, S_DIST_06, S_DIST_07, S_DIST_08, S_DIST_09, S_DIST_10 FROM STOCK WHERE S_I_ID = 44115 AND S_W_ID = 1

EXPLAIN Plan:

Index Scan using stock_pkey on stock  (cost=0.42..8.44 rows=1 width=291) (actual time=0.876..0.879 rows=1 loops=1)

  Index Cond: ((s_w_id = 1) AND (s_i_id = 44115))

Planning Time: 0.114 ms

Execution Time: 0.906 ms
Failed SQL 1787: SELECT S_QUANTITY, S_DATA, S_DIST_01, S_DIST_02, S_DIST_03, S_DIST_04, S_DIST_05, S_DIST_06, S_DIST_07, S_DIST_08, S_DIST_09, S_DIST_10 FROM STOCK WHERE S_I_ID = 44115 AND S_W_ID = 1
Error Message: Cannot invoke "java.util.List.get(int)" because the return value of "sg.edu.nus.autotune.DB2DATA.getAllIndexes()" is null


===== Query 1788 =====

SQL: SELECT S_QUANTITY, S_DATA, S_DIST_01, S_DIST_02, S_DIST_03, S_DIST_04, S_DIST_05, S_DIST_06, S_DIST_07, S_DIST_08, S_DIST_09, S_DIST_10 FROM STOCK WHERE S_I_ID = 97733 AND S_W_ID = 2

EXPLAIN Plan:

Index Scan using stock_pkey on stock  (cost=0.42..8.44 rows=1 width=291) (actual time=0.837..0.840 rows=1 loops=1)

  Index Cond: ((s_w_id = 2) AND (s_i_id = 97733))

Planning Time: 0.092 ms

Execution Time: 0.863 ms
Failed SQL 1788: SELECT S_QUANTITY, S_DATA, S_DIST_01, S_DIST_02, S_DIST_03, S_DIST_04, S_DIST_05, S_DIST_06, S_DIST_07, S_DIST_08, S_DIST_09, S_DIST_10 FROM STOCK WHERE S_I_ID = 97733 AND S_W_ID = 2
Error Message: Cannot invoke "java.util.List.get(int)" because the return value of "sg.edu.nus.autotune.DB2DATA.getAllIndexes()" is null


===== Query 1789 =====

SQL: UPDATE STOCK SET S_QUANTITY = 24, S_YTD = S_YTD + 8, S_ORDER_CNT = S_ORDER_CNT + 1, S_REMOTE_CNT = S_REMOTE_CNT + 0 WHERE S_I_ID = 97733 AND S_W_ID = 2

EXPLAIN Plan:

Update on stock  (cost=0.42..8.45 rows=0 width=0) (actual time=0.144..0.145 rows=0 loops=1)

  ->  Index Scan using stock_pkey on stock  (cost=0.42..8.45 rows=1 width=32) (actual time=0.054..0.056 rows=1 loops=1)

        Index Cond: ((s_w_id = 2) AND (s_i_id = 97733))

Planning Time: 0.102 ms

Execution Time: 0.173 ms
Failed SQL 1789: UPDATE STOCK SET S_QUANTITY = 24, S_YTD = S_YTD + 8, S_ORDER_CNT = S_ORDER_CNT + 1, S_REMOTE_CNT = S_REMOTE_CNT + 0 WHERE S_I_ID = 97733 AND S_W_ID = 2
Error Message: Cannot invoke "java.util.List.get(int)" because the return value of "sg.edu.nus.autotune.DB2DATA.getAllIndexes()" is null


===== Query 1790 =====

SQL: SELECT I_PRICE, I_NAME , I_DATA FROM ITEM WHERE I_ID = 87871

EXPLAIN Plan:

Index Scan using item_pkey on item  (cost=0.29..8.31 rows=1 width=61) (actual time=0.311..0.314 rows=1 loops=1)

  Index Cond: (i_id = 87871)

Planning Time: 0.068 ms

Execution Time: 0.331 ms
Failed SQL 1790: SELECT I_PRICE, I_NAME , I_DATA FROM ITEM WHERE I_ID = 87871
Error Message: Cannot invoke "java.util.List.get(int)" because the return value of "sg.edu.nus.autotune.DB2DATA.getAllIndexes()" is null


===== Query 1791 =====

SQL: UPDATE STOCK SET S_QUANTITY = 73, S_YTD = S_YTD + 4, S_ORDER_CNT = S_ORDER_CNT + 1, S_REMOTE_CNT = S_REMOTE_CNT + 0 WHERE S_I_ID = 44115 AND S_W_ID = 1

EXPLAIN Plan:

Update on stock  (cost=0.42..8.45 rows=0 width=0) (actual time=0.081..0.082 rows=0 loops=1)

  ->  Index Scan using stock_pkey on stock  (cost=0.42..8.45 rows=1 width=32) (actual time=0.030..0.031 rows=1 loops=1)

        Index Cond: ((s_w_id = 1) AND (s_i_id = 44115))

Planning Time: 0.101 ms

Execution Time: 0.126 ms
Failed SQL 1791: UPDATE STOCK SET S_QUANTITY = 73, S_YTD = S_YTD + 4, S_ORDER_CNT = S_ORDER_CNT + 1, S_REMOTE_CNT = S_REMOTE_CNT + 0 WHERE S_I_ID = 44115 AND S_W_ID = 1
Error Message: Cannot invoke "java.util.List.get(int)" because the return value of "sg.edu.nus.autotune.DB2DATA.getAllIndexes()" is null


===== Query 1792 =====

SQL: SELECT I_PRICE, I_NAME , I_DATA FROM ITEM WHERE I_ID = 77443

EXPLAIN Plan:

Index Scan using item_pkey on item  (cost=0.29..8.31 rows=1 width=61) (actual time=1.003..1.007 rows=1 loops=1)

  Index Cond: (i_id = 77443)

Planning Time: 0.073 ms

Execution Time: 1.029 ms
Failed SQL 1792: SELECT I_PRICE, I_NAME , I_DATA FROM ITEM WHERE I_ID = 77443
Error Message: Cannot invoke "java.util.List.get(int)" because the return value of "sg.edu.nus.autotune.DB2DATA.getAllIndexes()" is null


===== Query 1793 =====

SQL: SELECT S_QUANTITY, S_DATA, S_DIST_01, S_DIST_02, S_DIST_03, S_DIST_04, S_DIST_05, S_DIST_06, S_DIST_07, S_DIST_08, S_DIST_09, S_DIST_10 FROM STOCK WHERE S_I_ID = 87871 AND S_W_ID = 2

EXPLAIN Plan:

Index Scan using stock_pkey on stock  (cost=0.42..8.44 rows=1 width=291) (actual time=0.876..0.878 rows=1 loops=1)

  Index Cond: ((s_w_id = 2) AND (s_i_id = 87871))

Planning Time: 0.113 ms

Execution Time: 0.903 ms
Failed SQL 1793: SELECT S_QUANTITY, S_DATA, S_DIST_01, S_DIST_02, S_DIST_03, S_DIST_04, S_DIST_05, S_DIST_06, S_DIST_07, S_DIST_08, S_DIST_09, S_DIST_10 FROM STOCK WHERE S_I_ID = 87871 AND S_W_ID = 2
Error Message: Cannot invoke "java.util.List.get(int)" because the return value of "sg.edu.nus.autotune.DB2DATA.getAllIndexes()" is null


===== Query 1794 =====

SQL: SELECT S_QUANTITY, S_DATA, S_DIST_01, S_DIST_02, S_DIST_03, S_DIST_04, S_DIST_05, S_DIST_06, S_DIST_07, S_DIST_08, S_DIST_09, S_DIST_10 FROM STOCK WHERE S_I_ID = 77443 AND S_W_ID = 1

EXPLAIN Plan:

Index Scan using stock_pkey on stock  (cost=0.42..8.44 rows=1 width=291) (actual time=1.713..1.716 rows=1 loops=1)

  Index Cond: ((s_w_id = 1) AND (s_i_id = 77443))

Planning Time: 0.116 ms

Execution Time: 1.744 ms
Failed SQL 1794: SELECT S_QUANTITY, S_DATA, S_DIST_01, S_DIST_02, S_DIST_03, S_DIST_04, S_DIST_05, S_DIST_06, S_DIST_07, S_DIST_08, S_DIST_09, S_DIST_10 FROM STOCK WHERE S_I_ID = 77443 AND S_W_ID = 1
Error Message: Cannot invoke "java.util.List.get(int)" because the return value of "sg.edu.nus.autotune.DB2DATA.getAllIndexes()" is null


===== Query 1795 =====

SQL: UPDATE STOCK SET S_QUANTITY = 98, S_YTD = S_YTD + 3, S_ORDER_CNT = S_ORDER_CNT + 1, S_REMOTE_CNT = S_REMOTE_CNT + 0 WHERE S_I_ID = 87871 AND S_W_ID = 2

EXPLAIN Plan:

Update on stock  (cost=0.42..8.45 rows=0 width=0) (actual time=0.059..0.059 rows=0 loops=1)

  ->  Index Scan using stock_pkey on stock  (cost=0.42..8.45 rows=1 width=32) (actual time=0.018..0.018 rows=1 loops=1)

        Index Cond: ((s_w_id = 2) AND (s_i_id = 87871))

Planning Time: 0.094 ms

Execution Time: 0.076 ms
Failed SQL 1795: UPDATE STOCK SET S_QUANTITY = 98, S_YTD = S_YTD + 3, S_ORDER_CNT = S_ORDER_CNT + 1, S_REMOTE_CNT = S_REMOTE_CNT + 0 WHERE S_I_ID = 87871 AND S_W_ID = 2
Error Message: Cannot invoke "java.util.List.get(int)" because the return value of "sg.edu.nus.autotune.DB2DATA.getAllIndexes()" is null


===== Query 1796 =====

SQL: SELECT I_PRICE, I_NAME , I_DATA FROM ITEM WHERE I_ID = 79543

EXPLAIN Plan:

Index Scan using item_pkey on item  (cost=0.29..8.31 rows=1 width=61) (actual time=0.874..0.877 rows=1 loops=1)

  Index Cond: (i_id = 79543)

Planning Time: 0.090 ms

Execution Time: 0.902 ms
Failed SQL 1796: SELECT I_PRICE, I_NAME , I_DATA FROM ITEM WHERE I_ID = 79543
Error Message: Cannot invoke "java.util.List.get(int)" because the return value of "sg.edu.nus.autotune.DB2DATA.getAllIndexes()" is null


===== Query 1797 =====

SQL: SELECT S_QUANTITY, S_DATA, S_DIST_01, S_DIST_02, S_DIST_03, S_DIST_04, S_DIST_05, S_DIST_06, S_DIST_07, S_DIST_08, S_DIST_09, S_DIST_10 FROM STOCK WHERE S_I_ID = 79543 AND S_W_ID = 2

EXPLAIN Plan:

Index Scan using stock_pkey on stock  (cost=0.42..8.44 rows=1 width=291) (actual time=0.324..0.327 rows=1 loops=1)

  Index Cond: ((s_w_id = 2) AND (s_i_id = 79543))

Planning Time: 0.076 ms

Execution Time: 0.345 ms
Failed SQL 1797: SELECT S_QUANTITY, S_DATA, S_DIST_01, S_DIST_02, S_DIST_03, S_DIST_04, S_DIST_05, S_DIST_06, S_DIST_07, S_DIST_08, S_DIST_09, S_DIST_10 FROM STOCK WHERE S_I_ID = 79543 AND S_W_ID = 2
Error Message: Cannot invoke "java.util.List.get(int)" because the return value of "sg.edu.nus.autotune.DB2DATA.getAllIndexes()" is null


===== Query 1798 =====

SQL: UPDATE STOCK SET S_QUANTITY = 67, S_YTD = S_YTD + 7, S_ORDER_CNT = S_ORDER_CNT + 1, S_REMOTE_CNT = S_REMOTE_CNT + 0 WHERE S_I_ID = 77443 AND S_W_ID = 1

EXPLAIN Plan:

Update on stock  (cost=0.42..8.45 rows=0 width=0) (actual time=0.097..0.097 rows=0 loops=1)

  ->  Index Scan using stock_pkey on stock  (cost=0.42..8.45 rows=1 width=32) (actual time=0.024..0.026 rows=1 loops=1)

        Index Cond: ((s_w_id = 1) AND (s_i_id = 77443))

Planning Time: 0.100 ms

Execution Time: 0.135 ms
Failed SQL 1798: UPDATE STOCK SET S_QUANTITY = 67, S_YTD = S_YTD + 7, S_ORDER_CNT = S_ORDER_CNT + 1, S_REMOTE_CNT = S_REMOTE_CNT + 0 WHERE S_I_ID = 77443 AND S_W_ID = 1
Error Message: Cannot invoke "java.util.List.get(int)" because the return value of "sg.edu.nus.autotune.DB2DATA.getAllIndexes()" is null


===== Query 1799 =====

SQL: SELECT I_PRICE, I_NAME , I_DATA FROM ITEM WHERE I_ID = 24263

EXPLAIN Plan:

Index Scan using item_pkey on item  (cost=0.29..8.31 rows=1 width=61) (actual time=0.040..0.041 rows=1 loops=1)

  Index Cond: (i_id = 24263)

Planning Time: 0.057 ms

Execution Time: 0.054 ms
Failed SQL 1799: SELECT I_PRICE, I_NAME , I_DATA FROM ITEM WHERE I_ID = 24263
Error Message: Cannot invoke "java.util.List.get(int)" because the return value of "sg.edu.nus.autotune.DB2DATA.getAllIndexes()" is null


===== Query 1800 =====

SQL: SELECT S_QUANTITY, S_DATA, S_DIST_01, S_DIST_02, S_DIST_03, S_DIST_04, S_DIST_05, S_DIST_06, S_DIST_07, S_DIST_08, S_DIST_09, S_DIST_10 FROM STOCK WHERE S_I_ID = 24263 AND S_W_ID = 1

EXPLAIN Plan:

Index Scan using stock_pkey on stock  (cost=0.42..8.44 rows=1 width=291) (actual time=0.798..0.802 rows=1 loops=1)

  Index Cond: ((s_w_id = 1) AND (s_i_id = 24263))

Planning Time: 0.058 ms

Execution Time: 0.820 ms
Failed SQL 1800: SELECT S_QUANTITY, S_DATA, S_DIST_01, S_DIST_02, S_DIST_03, S_DIST_04, S_DIST_05, S_DIST_06, S_DIST_07, S_DIST_08, S_DIST_09, S_DIST_10 FROM STOCK WHERE S_I_ID = 24263 AND S_W_ID = 1
Error Message: Cannot invoke "java.util.List.get(int)" because the return value of "sg.edu.nus.autotune.DB2DATA.getAllIndexes()" is null


===== Query 1801 =====

SQL: UPDATE STOCK SET S_QUANTITY = 18, S_YTD = S_YTD + 2, S_ORDER_CNT = S_ORDER_CNT + 1, S_REMOTE_CNT = S_REMOTE_CNT + 0 WHERE S_I_ID = 24263 AND S_W_ID = 1

EXPLAIN Plan:

Update on stock  (cost=0.42..8.45 rows=0 width=0) (actual time=0.120..0.121 rows=0 loops=1)

  ->  Index Scan using stock_pkey on stock  (cost=0.42..8.45 rows=1 width=32) (actual time=0.034..0.036 rows=1 loops=1)

        Index Cond: ((s_w_id = 1) AND (s_i_id = 24263))

Planning Time: 0.122 ms

Execution Time: 0.152 ms
Failed SQL 1801: UPDATE STOCK SET S_QUANTITY = 18, S_YTD = S_YTD + 2, S_ORDER_CNT = S_ORDER_CNT + 1, S_REMOTE_CNT = S_REMOTE_CNT + 0 WHERE S_I_ID = 24263 AND S_W_ID = 1
Error Message: Cannot invoke "java.util.List.get(int)" because the return value of "sg.edu.nus.autotune.DB2DATA.getAllIndexes()" is null


===== Query 1802 =====

SQL: SELECT C_DISCOUNT, C_LAST, C_CREDIT, W_TAX FROM CUSTOMER, WAREHOUSE WHERE W_ID = 1 AND C_W_ID = 1 AND C_D_ID = 10 AND C_ID = 2299

EXPLAIN Plan:

Nested Loop  (cost=4.56..16.61 rows=1 width=26) (actual time=0.087..0.089 rows=1 loops=1)

  ->  Index Scan using customer_pkey on customer  (cost=0.42..8.44 rows=1 width=21) (actual time=0.069..0.070 rows=1 loops=1)

        Index Cond: ((c_w_id = 1) AND (c_d_id = 10) AND (c_id = 2299))

  ->  Bitmap Heap Scan on warehouse  (cost=4.14..8.15 rows=1 width=5) (actual time=0.009..0.010 rows=1 loops=1)

        Recheck Cond: (w_id = 1)

        Heap Blocks: exact=1

        ->  Bitmap Index Scan on warehouse_pkey  (cost=0.00..4.14 rows=1 width=0) (actual time=0.004..0.004 rows=1 loops=1)

              Index Cond: (w_id = 1)

Planning Time: 0.142 ms

Execution Time: 0.128 ms
Failed SQL 1802: SELECT C_DISCOUNT, C_LAST, C_CREDIT, W_TAX FROM CUSTOMER, WAREHOUSE WHERE W_ID = 1 AND C_W_ID = 1 AND C_D_ID = 10 AND C_ID = 2299
Error Message: Cannot invoke "java.util.List.get(int)" because the return value of "sg.edu.nus.autotune.DB2DATA.getAllIndexes()" is null


===== Query 1803 =====

SQL: UPDATE STOCK SET S_QUANTITY = 25, S_YTD = S_YTD + 4, S_ORDER_CNT = S_ORDER_CNT + 1, S_REMOTE_CNT = S_REMOTE_CNT + 0 WHERE S_I_ID = 79543 AND S_W_ID = 2

EXPLAIN Plan:

Update on stock  (cost=0.42..8.45 rows=0 width=0) (actual time=0.062..0.062 rows=0 loops=1)

  ->  Index Scan using stock_pkey on stock  (cost=0.42..8.45 rows=1 width=32) (actual time=0.025..0.026 rows=1 loops=1)

        Index Cond: ((s_w_id = 2) AND (s_i_id = 79543))

Planning Time: 0.101 ms

Execution Time: 0.090 ms
Failed SQL 1803: UPDATE STOCK SET S_QUANTITY = 25, S_YTD = S_YTD + 4, S_ORDER_CNT = S_ORDER_CNT + 1, S_REMOTE_CNT = S_REMOTE_CNT + 0 WHERE S_I_ID = 79543 AND S_W_ID = 2
Error Message: Cannot invoke "java.util.List.get(int)" because the return value of "sg.edu.nus.autotune.DB2DATA.getAllIndexes()" is null


===== Query 1804 =====

SQL: SELECT I_PRICE, I_NAME , I_DATA FROM ITEM WHERE I_ID = 1855

EXPLAIN Plan:

Index Scan using item_pkey on item  (cost=0.29..8.31 rows=1 width=61) (actual time=0.477..0.479 rows=1 loops=1)

  Index Cond: (i_id = 1855)

Planning Time: 0.072 ms

Execution Time: 0.498 ms
Failed SQL 1804: SELECT I_PRICE, I_NAME , I_DATA FROM ITEM WHERE I_ID = 1855
Error Message: Cannot invoke "java.util.List.get(int)" because the return value of "sg.edu.nus.autotune.DB2DATA.getAllIndexes()" is null


===== Query 1805 =====

SQL: SELECT S_QUANTITY, S_DATA, S_DIST_01, S_DIST_02, S_DIST_03, S_DIST_04, S_DIST_05, S_DIST_06, S_DIST_07, S_DIST_08, S_DIST_09, S_DIST_10 FROM STOCK WHERE S_I_ID = 1855 AND S_W_ID = 2

EXPLAIN Plan:

Index Scan using stock_pkey on stock  (cost=0.42..8.44 rows=1 width=291) (actual time=0.034..0.035 rows=1 loops=1)

  Index Cond: ((s_w_id = 2) AND (s_i_id = 1855))

Planning Time: 0.062 ms

Execution Time: 0.049 ms
Failed SQL 1805: SELECT S_QUANTITY, S_DATA, S_DIST_01, S_DIST_02, S_DIST_03, S_DIST_04, S_DIST_05, S_DIST_06, S_DIST_07, S_DIST_08, S_DIST_09, S_DIST_10 FROM STOCK WHERE S_I_ID = 1855 AND S_W_ID = 2
Error Message: Cannot invoke "java.util.List.get(int)" because the return value of "sg.edu.nus.autotune.DB2DATA.getAllIndexes()" is null


===== Query 1806 =====

SQL: UPDATE STOCK SET S_QUANTITY = 81, S_YTD = S_YTD + 9, S_ORDER_CNT = S_ORDER_CNT + 1, S_REMOTE_CNT = S_REMOTE_CNT + 0 WHERE S_I_ID = 1855 AND S_W_ID = 2

EXPLAIN Plan:

Update on stock  (cost=0.42..8.45 rows=0 width=0) (actual time=0.100..0.100 rows=0 loops=1)

  ->  Index Scan using stock_pkey on stock  (cost=0.42..8.45 rows=1 width=32) (actual time=0.029..0.031 rows=1 loops=1)

        Index Cond: ((s_w_id = 2) AND (s_i_id = 1855))

Planning Time: 0.119 ms

Execution Time: 0.131 ms
Failed SQL 1806: UPDATE STOCK SET S_QUANTITY = 81, S_YTD = S_YTD + 9, S_ORDER_CNT = S_ORDER_CNT + 1, S_REMOTE_CNT = S_REMOTE_CNT + 0 WHERE S_I_ID = 1855 AND S_W_ID = 2
Error Message: Cannot invoke "java.util.List.get(int)" because the return value of "sg.edu.nus.autotune.DB2DATA.getAllIndexes()" is null


===== Query 1807 =====

SQL: SELECT I_PRICE, I_NAME , I_DATA FROM ITEM WHERE I_ID = 63

EXPLAIN Plan:

Index Scan using item_pkey on item  (cost=0.29..8.31 rows=1 width=61) (actual time=0.912..0.917 rows=1 loops=1)

  Index Cond: (i_id = 63)

Planning Time: 0.088 ms

Execution Time: 0.940 ms
Failed SQL 1807: SELECT I_PRICE, I_NAME , I_DATA FROM ITEM WHERE I_ID = 63
Error Message: Cannot invoke "java.util.List.get(int)" because the return value of "sg.edu.nus.autotune.DB2DATA.getAllIndexes()" is null


===== Query 1808 =====

SQL: SELECT D_NEXT_O_ID, D_TAX FROM DISTRICT WHERE D_W_ID = 1 AND D_ID = 10

EXPLAIN Plan:

Bitmap Heap Scan on district  (cost=4.28..11.66 rows=2 width=9) (actual time=0.045..0.046 rows=1 loops=1)

  Recheck Cond: ((d_w_id = 1) AND (d_id = 10))

  Heap Blocks: exact=1

  ->  Bitmap Index Scan on district_pkey  (cost=0.00..4.28 rows=2 width=0) (actual time=0.011..0.012 rows=1 loops=1)

        Index Cond: ((d_w_id = 1) AND (d_id = 10))

Planning Time: 0.091 ms

Execution Time: 0.072 ms
Failed SQL 1808: SELECT D_NEXT_O_ID, D_TAX FROM DISTRICT WHERE D_W_ID = 1 AND D_ID = 10
Error Message: Cannot invoke "java.util.List.get(int)" because the return value of "sg.edu.nus.autotune.DB2DATA.getAllIndexes()" is null


===== Query 1809 =====

SQL: UPDATE DISTRICT SET D_NEXT_O_ID = D_NEXT_O_ID + 1 WHERE D_W_ID = 1 AND D_ID = 10

EXPLAIN Plan:

Update on district  (cost=4.28..11.67 rows=0 width=0) (actual time=0.046..0.046 rows=0 loops=1)

  ->  Bitmap Heap Scan on district  (cost=4.28..11.67 rows=2 width=10) (actual time=0.014..0.014 rows=1 loops=1)

        Recheck Cond: ((d_w_id = 1) AND (d_id = 10))

        Heap Blocks: exact=1

        ->  Bitmap Index Scan on district_pkey  (cost=0.00..4.28 rows=2 width=0) (actual time=0.008..0.008 rows=1 loops=1)

              Index Cond: ((d_w_id = 1) AND (d_id = 10))

Planning Time: 0.055 ms

Execution Time: 0.064 ms
Failed SQL 1809: UPDATE DISTRICT SET D_NEXT_O_ID = D_NEXT_O_ID + 1 WHERE D_W_ID = 1 AND D_ID = 10
Error Message: Cannot invoke "java.util.List.get(int)" because the return value of "sg.edu.nus.autotune.DB2DATA.getAllIndexes()" is null


===== Query 1810 =====

SQL: SELECT S_QUANTITY, S_DATA, S_DIST_01, S_DIST_02, S_DIST_03, S_DIST_04, S_DIST_05, S_DIST_06, S_DIST_07, S_DIST_08, S_DIST_09, S_DIST_10 FROM STOCK WHERE S_I_ID = 63 AND S_W_ID = 2

EXPLAIN Plan:

Index Scan using stock_pkey on stock  (cost=0.42..8.44 rows=1 width=291) (actual time=0.316..0.319 rows=1 loops=1)

  Index Cond: ((s_w_id = 2) AND (s_i_id = 63))

Planning Time: 0.094 ms

Execution Time: 0.343 ms
Failed SQL 1810: SELECT S_QUANTITY, S_DATA, S_DIST_01, S_DIST_02, S_DIST_03, S_DIST_04, S_DIST_05, S_DIST_06, S_DIST_07, S_DIST_08, S_DIST_09, S_DIST_10 FROM STOCK WHERE S_I_ID = 63 AND S_W_ID = 2
Error Message: Cannot invoke "java.util.List.get(int)" because the return value of "sg.edu.nus.autotune.DB2DATA.getAllIndexes()" is null


===== Query 1811 =====

SQL: SELECT I_PRICE, I_NAME , I_DATA FROM ITEM WHERE I_ID = 23847

EXPLAIN Plan:

Index Scan using item_pkey on item  (cost=0.29..8.31 rows=1 width=61) (actual time=0.080..0.082 rows=1 loops=1)

  Index Cond: (i_id = 23847)

Planning Time: 0.075 ms

Execution Time: 0.099 ms
Failed SQL 1811: SELECT I_PRICE, I_NAME , I_DATA FROM ITEM WHERE I_ID = 23847
Error Message: Cannot invoke "java.util.List.get(int)" because the return value of "sg.edu.nus.autotune.DB2DATA.getAllIndexes()" is null


===== Query 1812 =====

SQL: SELECT S_QUANTITY, S_DATA, S_DIST_01, S_DIST_02, S_DIST_03, S_DIST_04, S_DIST_05, S_DIST_06, S_DIST_07, S_DIST_08, S_DIST_09, S_DIST_10 FROM STOCK WHERE S_I_ID = 23847 AND S_W_ID = 1

EXPLAIN Plan:

Index Scan using stock_pkey on stock  (cost=0.42..8.44 rows=1 width=291) (actual time=0.049..0.050 rows=1 loops=1)

  Index Cond: ((s_w_id = 1) AND (s_i_id = 23847))

Planning Time: 0.092 ms

Execution Time: 0.072 ms
Failed SQL 1812: SELECT S_QUANTITY, S_DATA, S_DIST_01, S_DIST_02, S_DIST_03, S_DIST_04, S_DIST_05, S_DIST_06, S_DIST_07, S_DIST_08, S_DIST_09, S_DIST_10 FROM STOCK WHERE S_I_ID = 23847 AND S_W_ID = 1
Error Message: Cannot invoke "java.util.List.get(int)" because the return value of "sg.edu.nus.autotune.DB2DATA.getAllIndexes()" is null


===== Query 1813 =====

SQL: UPDATE STOCK SET S_QUANTITY = 50, S_YTD = S_YTD + 5, S_ORDER_CNT = S_ORDER_CNT + 1, S_REMOTE_CNT = S_REMOTE_CNT + 0 WHERE S_I_ID = 63 AND S_W_ID = 2

EXPLAIN Plan:

Update on stock  (cost=0.42..8.45 rows=0 width=0) (actual time=0.048..0.049 rows=0 loops=1)

  ->  Index Scan using stock_pkey on stock  (cost=0.42..8.45 rows=1 width=32) (actual time=0.015..0.016 rows=1 loops=1)

        Index Cond: ((s_w_id = 2) AND (s_i_id = 63))

Planning Time: 0.062 ms

Execution Time: 0.065 ms
Failed SQL 1813: UPDATE STOCK SET S_QUANTITY = 50, S_YTD = S_YTD + 5, S_ORDER_CNT = S_ORDER_CNT + 1, S_REMOTE_CNT = S_REMOTE_CNT + 0 WHERE S_I_ID = 63 AND S_W_ID = 2
Error Message: Cannot invoke "java.util.List.get(int)" because the return value of "sg.edu.nus.autotune.DB2DATA.getAllIndexes()" is null


===== Query 1814 =====

SQL: SELECT I_PRICE, I_NAME , I_DATA FROM ITEM WHERE I_ID = 91366

EXPLAIN Plan:

Index Scan using item_pkey on item  (cost=0.29..8.31 rows=1 width=61) (actual time=2.075..2.077 rows=1 loops=1)

  Index Cond: (i_id = 91366)

Planning Time: 0.055 ms

Execution Time: 2.092 ms
Failed SQL 1814: SELECT I_PRICE, I_NAME , I_DATA FROM ITEM WHERE I_ID = 91366
Error Message: Cannot invoke "java.util.List.get(int)" because the return value of "sg.edu.nus.autotune.DB2DATA.getAllIndexes()" is null


===== Query 1815 =====

SQL: UPDATE STOCK SET S_QUANTITY = 91, S_YTD = S_YTD + 5, S_ORDER_CNT = S_ORDER_CNT + 1, S_REMOTE_CNT = S_REMOTE_CNT + 0 WHERE S_I_ID = 23847 AND S_W_ID = 1

EXPLAIN Plan:

Update on stock  (cost=0.42..8.45 rows=0 width=0) (actual time=0.070..0.070 rows=0 loops=1)

  ->  Index Scan using stock_pkey on stock  (cost=0.42..8.45 rows=1 width=32) (actual time=0.026..0.028 rows=1 loops=1)

        Index Cond: ((s_w_id = 1) AND (s_i_id = 23847))

Planning Time: 0.101 ms

Execution Time: 0.098 ms
Failed SQL 1815: UPDATE STOCK SET S_QUANTITY = 91, S_YTD = S_YTD + 5, S_ORDER_CNT = S_ORDER_CNT + 1, S_REMOTE_CNT = S_REMOTE_CNT + 0 WHERE S_I_ID = 23847 AND S_W_ID = 1
Error Message: Cannot invoke "java.util.List.get(int)" because the return value of "sg.edu.nus.autotune.DB2DATA.getAllIndexes()" is null


===== Query 1816 =====

SQL: SELECT I_PRICE, I_NAME , I_DATA FROM ITEM WHERE I_ID = 89303

EXPLAIN Plan:

Index Scan using item_pkey on item  (cost=0.29..8.31 rows=1 width=61) (actual time=0.050..0.051 rows=1 loops=1)

  Index Cond: (i_id = 89303)

Planning Time: 0.086 ms

Execution Time: 0.070 ms
Failed SQL 1816: SELECT I_PRICE, I_NAME , I_DATA FROM ITEM WHERE I_ID = 89303
Error Message: Cannot invoke "java.util.List.get(int)" because the return value of "sg.edu.nus.autotune.DB2DATA.getAllIndexes()" is null


===== Query 1817 =====

SQL: SELECT S_QUANTITY, S_DATA, S_DIST_01, S_DIST_02, S_DIST_03, S_DIST_04, S_DIST_05, S_DIST_06, S_DIST_07, S_DIST_08, S_DIST_09, S_DIST_10 FROM STOCK WHERE S_I_ID = 89303 AND S_W_ID = 1

EXPLAIN Plan:

Index Scan using stock_pkey on stock  (cost=0.42..8.44 rows=1 width=291) (actual time=0.395..0.397 rows=1 loops=1)

  Index Cond: ((s_w_id = 1) AND (s_i_id = 89303))

Planning Time: 0.114 ms

Execution Time: 0.422 ms
Failed SQL 1817: SELECT S_QUANTITY, S_DATA, S_DIST_01, S_DIST_02, S_DIST_03, S_DIST_04, S_DIST_05, S_DIST_06, S_DIST_07, S_DIST_08, S_DIST_09, S_DIST_10 FROM STOCK WHERE S_I_ID = 89303 AND S_W_ID = 1
Error Message: Cannot invoke "java.util.List.get(int)" because the return value of "sg.edu.nus.autotune.DB2DATA.getAllIndexes()" is null


===== Query 1818 =====

SQL: UPDATE STOCK SET S_QUANTITY = 92, S_YTD = S_YTD + 10, S_ORDER_CNT = S_ORDER_CNT + 1, S_REMOTE_CNT = S_REMOTE_CNT + 0 WHERE S_I_ID = 89303 AND S_W_ID = 1

EXPLAIN Plan:

Update on stock  (cost=0.42..8.45 rows=0 width=0) (actual time=0.052..0.053 rows=0 loops=1)

  ->  Index Scan using stock_pkey on stock  (cost=0.42..8.45 rows=1 width=32) (actual time=0.026..0.027 rows=1 loops=1)

        Index Cond: ((s_w_id = 1) AND (s_i_id = 89303))

Planning Time: 0.080 ms

Execution Time: 0.073 ms
Failed SQL 1818: UPDATE STOCK SET S_QUANTITY = 92, S_YTD = S_YTD + 10, S_ORDER_CNT = S_ORDER_CNT + 1, S_REMOTE_CNT = S_REMOTE_CNT + 0 WHERE S_I_ID = 89303 AND S_W_ID = 1
Error Message: Cannot invoke "java.util.List.get(int)" because the return value of "sg.edu.nus.autotune.DB2DATA.getAllIndexes()" is null


===== Query 1819 =====

SQL: SELECT I_PRICE, I_NAME , I_DATA FROM ITEM WHERE I_ID = 93911

EXPLAIN Plan:

Index Scan using item_pkey on item  (cost=0.29..8.31 rows=1 width=61) (actual time=0.833..0.837 rows=1 loops=1)

  Index Cond: (i_id = 93911)

Planning Time: 0.075 ms

Execution Time: 0.857 ms
Failed SQL 1819: SELECT I_PRICE, I_NAME , I_DATA FROM ITEM WHERE I_ID = 93911
Error Message: Cannot invoke "java.util.List.get(int)" because the return value of "sg.edu.nus.autotune.DB2DATA.getAllIndexes()" is null


===== Query 1820 =====

SQL: SELECT S_QUANTITY, S_DATA, S_DIST_01, S_DIST_02, S_DIST_03, S_DIST_04, S_DIST_05, S_DIST_06, S_DIST_07, S_DIST_08, S_DIST_09, S_DIST_10 FROM STOCK WHERE S_I_ID = 93911 AND S_W_ID = 1

EXPLAIN Plan:

Index Scan using stock_pkey on stock  (cost=0.42..8.44 rows=1 width=291) (actual time=0.895..0.898 rows=1 loops=1)

  Index Cond: ((s_w_id = 1) AND (s_i_id = 93911))

Planning Time: 0.094 ms

Execution Time: 0.923 ms
Failed SQL 1820: SELECT S_QUANTITY, S_DATA, S_DIST_01, S_DIST_02, S_DIST_03, S_DIST_04, S_DIST_05, S_DIST_06, S_DIST_07, S_DIST_08, S_DIST_09, S_DIST_10 FROM STOCK WHERE S_I_ID = 93911 AND S_W_ID = 1
Error Message: Cannot invoke "java.util.List.get(int)" because the return value of "sg.edu.nus.autotune.DB2DATA.getAllIndexes()" is null


===== Query 1821 =====

SQL: UPDATE STOCK SET S_QUANTITY = 95, S_YTD = S_YTD + 9, S_ORDER_CNT = S_ORDER_CNT + 1, S_REMOTE_CNT = S_REMOTE_CNT + 0 WHERE S_I_ID = 93911 AND S_W_ID = 1

EXPLAIN Plan:

Update on stock  (cost=0.42..8.45 rows=0 width=0) (actual time=0.066..0.067 rows=0 loops=1)

  ->  Index Scan using stock_pkey on stock  (cost=0.42..8.45 rows=1 width=32) (actual time=0.028..0.030 rows=1 loops=1)

        Index Cond: ((s_w_id = 1) AND (s_i_id = 93911))

Planning Time: 0.112 ms

Execution Time: 0.095 ms
Failed SQL 1821: UPDATE STOCK SET S_QUANTITY = 95, S_YTD = S_YTD + 9, S_ORDER_CNT = S_ORDER_CNT + 1, S_REMOTE_CNT = S_REMOTE_CNT + 0 WHERE S_I_ID = 93911 AND S_W_ID = 1
Error Message: Cannot invoke "java.util.List.get(int)" because the return value of "sg.edu.nus.autotune.DB2DATA.getAllIndexes()" is null


===== Query 1822 =====

SQL: SELECT I_PRICE, I_NAME , I_DATA FROM ITEM WHERE I_ID = 40339

EXPLAIN Plan:

Index Scan using item_pkey on item  (cost=0.29..8.31 rows=1 width=61) (actual time=0.834..0.837 rows=1 loops=1)

  Index Cond: (i_id = 40339)

Planning Time: 0.072 ms

Execution Time: 0.855 ms
Failed SQL 1822: SELECT I_PRICE, I_NAME , I_DATA FROM ITEM WHERE I_ID = 40339
Error Message: Cannot invoke "java.util.List.get(int)" because the return value of "sg.edu.nus.autotune.DB2DATA.getAllIndexes()" is null


===== Query 1823 =====

SQL: SELECT S_QUANTITY, S_DATA, S_DIST_01, S_DIST_02, S_DIST_03, S_DIST_04, S_DIST_05, S_DIST_06, S_DIST_07, S_DIST_08, S_DIST_09, S_DIST_10 FROM STOCK WHERE S_I_ID = 40339 AND S_W_ID = 1

EXPLAIN Plan:

Index Scan using stock_pkey on stock  (cost=0.42..8.44 rows=1 width=291) (actual time=0.855..0.858 rows=1 loops=1)

  Index Cond: ((s_w_id = 1) AND (s_i_id = 40339))

Planning Time: 0.092 ms

Execution Time: 0.880 ms
Failed SQL 1823: SELECT S_QUANTITY, S_DATA, S_DIST_01, S_DIST_02, S_DIST_03, S_DIST_04, S_DIST_05, S_DIST_06, S_DIST_07, S_DIST_08, S_DIST_09, S_DIST_10 FROM STOCK WHERE S_I_ID = 40339 AND S_W_ID = 1
Error Message: Cannot invoke "java.util.List.get(int)" because the return value of "sg.edu.nus.autotune.DB2DATA.getAllIndexes()" is null


===== Query 1824 =====

SQL: UPDATE STOCK SET S_QUANTITY = 45, S_YTD = S_YTD + 10, S_ORDER_CNT = S_ORDER_CNT + 1, S_REMOTE_CNT = S_REMOTE_CNT + 0 WHERE S_I_ID = 40339 AND S_W_ID = 1

EXPLAIN Plan:

Update on stock  (cost=0.42..8.45 rows=0 width=0) (actual time=0.061..0.061 rows=0 loops=1)

  ->  Index Scan using stock_pkey on stock  (cost=0.42..8.45 rows=1 width=32) (actual time=0.017..0.018 rows=1 loops=1)

        Index Cond: ((s_w_id = 1) AND (s_i_id = 40339))

Planning Time: 0.070 ms

Execution Time: 0.078 ms
Failed SQL 1824: UPDATE STOCK SET S_QUANTITY = 45, S_YTD = S_YTD + 10, S_ORDER_CNT = S_ORDER_CNT + 1, S_REMOTE_CNT = S_REMOTE_CNT + 0 WHERE S_I_ID = 40339 AND S_W_ID = 1
Error Message: Cannot invoke "java.util.List.get(int)" because the return value of "sg.edu.nus.autotune.DB2DATA.getAllIndexes()" is null


===== Query 1825 =====

SQL: SELECT S_QUANTITY, S_DATA, S_DIST_01, S_DIST_02, S_DIST_03, S_DIST_04, S_DIST_05, S_DIST_06, S_DIST_07, S_DIST_08, S_DIST_09, S_DIST_10 FROM STOCK WHERE S_I_ID = 91366 AND S_W_ID = 2

EXPLAIN Plan:

Index Scan using stock_pkey on stock  (cost=0.42..8.44 rows=1 width=291) (actual time=1.049..1.052 rows=1 loops=1)

  Index Cond: ((s_w_id = 2) AND (s_i_id = 91366))

Planning Time: 0.093 ms

Execution Time: 1.076 ms
Failed SQL 1825: SELECT S_QUANTITY, S_DATA, S_DIST_01, S_DIST_02, S_DIST_03, S_DIST_04, S_DIST_05, S_DIST_06, S_DIST_07, S_DIST_08, S_DIST_09, S_DIST_10 FROM STOCK WHERE S_I_ID = 91366 AND S_W_ID = 2
Error Message: Cannot invoke "java.util.List.get(int)" because the return value of "sg.edu.nus.autotune.DB2DATA.getAllIndexes()" is null


===== Query 1826 =====

SQL: SELECT I_PRICE, I_NAME , I_DATA FROM ITEM WHERE I_ID = 32415

EXPLAIN Plan:

Index Scan using item_pkey on item  (cost=0.29..8.31 rows=1 width=61) (actual time=0.042..0.043 rows=1 loops=1)

  Index Cond: (i_id = 32415)

Planning Time: 0.089 ms

Execution Time: 0.063 ms
Failed SQL 1826: SELECT I_PRICE, I_NAME , I_DATA FROM ITEM WHERE I_ID = 32415
Error Message: Cannot invoke "java.util.List.get(int)" because the return value of "sg.edu.nus.autotune.DB2DATA.getAllIndexes()" is null


===== Query 1827 =====

SQL: SELECT S_QUANTITY, S_DATA, S_DIST_01, S_DIST_02, S_DIST_03, S_DIST_04, S_DIST_05, S_DIST_06, S_DIST_07, S_DIST_08, S_DIST_09, S_DIST_10 FROM STOCK WHERE S_I_ID = 32415 AND S_W_ID = 1

EXPLAIN Plan:

Index Scan using stock_pkey on stock  (cost=0.42..8.44 rows=1 width=291) (actual time=0.069..0.070 rows=1 loops=1)

  Index Cond: ((s_w_id = 1) AND (s_i_id = 32415))

Planning Time: 0.111 ms

Execution Time: 0.094 ms
Failed SQL 1827: SELECT S_QUANTITY, S_DATA, S_DIST_01, S_DIST_02, S_DIST_03, S_DIST_04, S_DIST_05, S_DIST_06, S_DIST_07, S_DIST_08, S_DIST_09, S_DIST_10 FROM STOCK WHERE S_I_ID = 32415 AND S_W_ID = 1
Error Message: Cannot invoke "java.util.List.get(int)" because the return value of "sg.edu.nus.autotune.DB2DATA.getAllIndexes()" is null


===== Query 1828 =====

SQL: UPDATE STOCK SET S_QUANTITY = 84, S_YTD = S_YTD + 3, S_ORDER_CNT = S_ORDER_CNT + 1, S_REMOTE_CNT = S_REMOTE_CNT + 0 WHERE S_I_ID = 32415 AND S_W_ID = 1

EXPLAIN Plan:

Update on stock  (cost=0.42..8.45 rows=0 width=0) (actual time=0.101..0.101 rows=0 loops=1)

  ->  Index Scan using stock_pkey on stock  (cost=0.42..8.45 rows=1 width=32) (actual time=0.034..0.035 rows=1 loops=1)

        Index Cond: ((s_w_id = 1) AND (s_i_id = 32415))

Planning Time: 0.142 ms

Execution Time: 0.134 ms
Failed SQL 1828: UPDATE STOCK SET S_QUANTITY = 84, S_YTD = S_YTD + 3, S_ORDER_CNT = S_ORDER_CNT + 1, S_REMOTE_CNT = S_REMOTE_CNT + 0 WHERE S_I_ID = 32415 AND S_W_ID = 1
Error Message: Cannot invoke "java.util.List.get(int)" because the return value of "sg.edu.nus.autotune.DB2DATA.getAllIndexes()" is null


===== Query 1829 =====

SQL: SELECT I_PRICE, I_NAME , I_DATA FROM ITEM WHERE I_ID = 46246

EXPLAIN Plan:

Index Scan using item_pkey on item  (cost=0.29..8.31 rows=1 width=61) (actual time=0.878..0.880 rows=1 loops=1)

  Index Cond: (i_id = 46246)

Planning Time: 0.072 ms

Execution Time: 0.899 ms
Failed SQL 1829: SELECT I_PRICE, I_NAME , I_DATA FROM ITEM WHERE I_ID = 46246
Error Message: Cannot invoke "java.util.List.get(int)" because the return value of "sg.edu.nus.autotune.DB2DATA.getAllIndexes()" is null


===== Query 1830 =====

SQL: UPDATE STOCK SET S_QUANTITY = 68, S_YTD = S_YTD + 4, S_ORDER_CNT = S_ORDER_CNT + 1, S_REMOTE_CNT = S_REMOTE_CNT + 0 WHERE S_I_ID = 91366 AND S_W_ID = 2

EXPLAIN Plan:

Update on stock  (cost=0.42..8.45 rows=0 width=0) (actual time=0.088..0.089 rows=0 loops=1)

  ->  Index Scan using stock_pkey on stock  (cost=0.42..8.45 rows=1 width=32) (actual time=0.029..0.030 rows=1 loops=1)

        Index Cond: ((s_w_id = 2) AND (s_i_id = 91366))

Planning Time: 0.108 ms

Execution Time: 0.118 ms
Failed SQL 1830: UPDATE STOCK SET S_QUANTITY = 68, S_YTD = S_YTD + 4, S_ORDER_CNT = S_ORDER_CNT + 1, S_REMOTE_CNT = S_REMOTE_CNT + 0 WHERE S_I_ID = 91366 AND S_W_ID = 2
Error Message: Cannot invoke "java.util.List.get(int)" because the return value of "sg.edu.nus.autotune.DB2DATA.getAllIndexes()" is null


===== Query 1831 =====

SQL: SELECT C_DISCOUNT, C_LAST, C_CREDIT, W_TAX FROM CUSTOMER, WAREHOUSE WHERE W_ID = 2 AND C_W_ID = 2 AND C_D_ID = 1 AND C_ID = 10

EXPLAIN Plan:

Nested Loop  (cost=4.56..16.61 rows=1 width=26) (actual time=0.332..0.334 rows=1 loops=1)

  ->  Index Scan using customer_pkey on customer  (cost=0.42..8.44 rows=1 width=21) (actual time=0.307..0.308 rows=1 loops=1)

        Index Cond: ((c_w_id = 2) AND (c_d_id = 1) AND (c_id = 10))

  ->  Bitmap Heap Scan on warehouse  (cost=4.14..8.15 rows=1 width=5) (actual time=0.014..0.014 rows=1 loops=1)

        Recheck Cond: (w_id = 2)

        Heap Blocks: exact=1

        ->  Bitmap Index Scan on warehouse_pkey  (cost=0.00..4.14 rows=1 width=0) (actual time=0.006..0.007 rows=1 loops=1)

              Index Cond: (w_id = 2)

Planning Time: 0.152 ms

Execution Time: 0.389 ms
Failed SQL 1831: SELECT C_DISCOUNT, C_LAST, C_CREDIT, W_TAX FROM CUSTOMER, WAREHOUSE WHERE W_ID = 2 AND C_W_ID = 2 AND C_D_ID = 1 AND C_ID = 10
Error Message: Cannot invoke "java.util.List.get(int)" because the return value of "sg.edu.nus.autotune.DB2DATA.getAllIndexes()" is null


===== Query 1832 =====

SQL: SELECT S_QUANTITY, S_DATA, S_DIST_01, S_DIST_02, S_DIST_03, S_DIST_04, S_DIST_05, S_DIST_06, S_DIST_07, S_DIST_08, S_DIST_09, S_DIST_10 FROM STOCK WHERE S_I_ID = 46246 AND S_W_ID = 1

EXPLAIN Plan:

Index Scan using stock_pkey on stock  (cost=0.42..8.44 rows=1 width=291) (actual time=0.069..0.071 rows=1 loops=1)

  Index Cond: ((s_w_id = 1) AND (s_i_id = 46246))

Planning Time: 0.095 ms

Execution Time: 0.093 ms
Failed SQL 1832: SELECT S_QUANTITY, S_DATA, S_DIST_01, S_DIST_02, S_DIST_03, S_DIST_04, S_DIST_05, S_DIST_06, S_DIST_07, S_DIST_08, S_DIST_09, S_DIST_10 FROM STOCK WHERE S_I_ID = 46246 AND S_W_ID = 1
Error Message: Cannot invoke "java.util.List.get(int)" because the return value of "sg.edu.nus.autotune.DB2DATA.getAllIndexes()" is null


===== Query 1833 =====

SQL: SELECT D_NEXT_O_ID, D_TAX FROM DISTRICT WHERE D_W_ID = 2 AND D_ID = 1

EXPLAIN Plan:

Bitmap Heap Scan on district  (cost=4.28..11.66 rows=2 width=9) (actual time=0.022..0.023 rows=1 loops=1)

  Recheck Cond: ((d_w_id = 2) AND (d_id = 1))

  Heap Blocks: exact=1

  ->  Bitmap Index Scan on district_pkey  (cost=0.00..4.28 rows=2 width=0) (actual time=0.012..0.012 rows=1 loops=1)

        Index Cond: ((d_w_id = 2) AND (d_id = 1))

Planning Time: 0.086 ms

Execution Time: 0.047 ms
Failed SQL 1833: SELECT D_NEXT_O_ID, D_TAX FROM DISTRICT WHERE D_W_ID = 2 AND D_ID = 1
Error Message: Cannot invoke "java.util.List.get(int)" because the return value of "sg.edu.nus.autotune.DB2DATA.getAllIndexes()" is null


===== Query 1834 =====

SQL: UPDATE DISTRICT SET D_NEXT_O_ID = D_NEXT_O_ID + 1 WHERE D_W_ID = 2 AND D_ID = 1

EXPLAIN Plan:

Update on district  (cost=4.28..11.67 rows=0 width=0) (actual time=0.080..0.081 rows=0 loops=1)

  ->  Bitmap Heap Scan on district  (cost=4.28..11.67 rows=2 width=10) (actual time=0.020..0.021 rows=1 loops=1)

        Recheck Cond: ((d_w_id = 2) AND (d_id = 1))

        Heap Blocks: exact=1

        ->  Bitmap Index Scan on district_pkey  (cost=0.00..4.28 rows=2 width=0) (actual time=0.011..0.012 rows=1 loops=1)

              Index Cond: ((d_w_id = 2) AND (d_id = 1))

Planning Time: 0.089 ms

Execution Time: 0.113 ms
Failed SQL 1834: UPDATE DISTRICT SET D_NEXT_O_ID = D_NEXT_O_ID + 1 WHERE D_W_ID = 2 AND D_ID = 1
Error Message: Cannot invoke "java.util.List.get(int)" because the return value of "sg.edu.nus.autotune.DB2DATA.getAllIndexes()" is null


===== Query 1835 =====

SQL: UPDATE STOCK SET S_QUANTITY = 49, S_YTD = S_YTD + 2, S_ORDER_CNT = S_ORDER_CNT + 1, S_REMOTE_CNT = S_REMOTE_CNT + 0 WHERE S_I_ID = 46246 AND S_W_ID = 1

EXPLAIN Plan:

Update on stock  (cost=0.42..8.45 rows=0 width=0) (actual time=0.082..0.083 rows=0 loops=1)

  ->  Index Scan using stock_pkey on stock  (cost=0.42..8.45 rows=1 width=32) (actual time=0.028..0.029 rows=1 loops=1)

        Index Cond: ((s_w_id = 1) AND (s_i_id = 46246))

Planning Time: 0.110 ms

Execution Time: 0.112 ms
Failed SQL 1835: UPDATE STOCK SET S_QUANTITY = 49, S_YTD = S_YTD + 2, S_ORDER_CNT = S_ORDER_CNT + 1, S_REMOTE_CNT = S_REMOTE_CNT + 0 WHERE S_I_ID = 46246 AND S_W_ID = 1
Error Message: Cannot invoke "java.util.List.get(int)" because the return value of "sg.edu.nus.autotune.DB2DATA.getAllIndexes()" is null


===== Query 1836 =====

SQL: SELECT C_DISCOUNT, C_LAST, C_CREDIT, W_TAX FROM CUSTOMER, WAREHOUSE WHERE W_ID = 1 AND C_W_ID = 1 AND C_D_ID = 9 AND C_ID = 2303

EXPLAIN Plan:

Nested Loop  (cost=4.56..16.61 rows=1 width=26) (actual time=0.087..0.089 rows=1 loops=1)

  ->  Index Scan using customer_pkey on customer  (cost=0.42..8.44 rows=1 width=21) (actual time=0.068..0.069 rows=1 loops=1)

        Index Cond: ((c_w_id = 1) AND (c_d_id = 9) AND (c_id = 2303))

  ->  Bitmap Heap Scan on warehouse  (cost=4.14..8.15 rows=1 width=5) (actual time=0.011..0.012 rows=1 loops=1)

        Recheck Cond: (w_id = 1)

        Heap Blocks: exact=1

        ->  Bitmap Index Scan on warehouse_pkey  (cost=0.00..4.14 rows=1 width=0) (actual time=0.004..0.004 rows=1 loops=1)

              Index Cond: (w_id = 1)

Planning Time: 0.164 ms

Execution Time: 0.134 ms
Failed SQL 1836: SELECT C_DISCOUNT, C_LAST, C_CREDIT, W_TAX FROM CUSTOMER, WAREHOUSE WHERE W_ID = 1 AND C_W_ID = 1 AND C_D_ID = 9 AND C_ID = 2303
Error Message: Cannot invoke "java.util.List.get(int)" because the return value of "sg.edu.nus.autotune.DB2DATA.getAllIndexes()" is null


===== Query 1837 =====

SQL: SELECT I_PRICE, I_NAME , I_DATA FROM ITEM WHERE I_ID = 73348

EXPLAIN Plan:

Index Scan using item_pkey on item  (cost=0.29..8.31 rows=1 width=61) (actual time=0.054..0.056 rows=1 loops=1)

  Index Cond: (i_id = 73348)

Planning Time: 0.088 ms

Execution Time: 0.075 ms
Failed SQL 1837: SELECT I_PRICE, I_NAME , I_DATA FROM ITEM WHERE I_ID = 73348
Error Message: Cannot invoke "java.util.List.get(int)" because the return value of "sg.edu.nus.autotune.DB2DATA.getAllIndexes()" is null


===== Query 1838 =====

SQL: SELECT S_QUANTITY, S_DATA, S_DIST_01, S_DIST_02, S_DIST_03, S_DIST_04, S_DIST_05, S_DIST_06, S_DIST_07, S_DIST_08, S_DIST_09, S_DIST_10 FROM STOCK WHERE S_I_ID = 73348 AND S_W_ID = 1

EXPLAIN Plan:

Index Scan using stock_pkey on stock  (cost=0.42..8.44 rows=1 width=291) (actual time=0.035..0.036 rows=1 loops=1)

  Index Cond: ((s_w_id = 1) AND (s_i_id = 73348))

Planning Time: 0.057 ms

Execution Time: 0.048 ms
Failed SQL 1838: SELECT S_QUANTITY, S_DATA, S_DIST_01, S_DIST_02, S_DIST_03, S_DIST_04, S_DIST_05, S_DIST_06, S_DIST_07, S_DIST_08, S_DIST_09, S_DIST_10 FROM STOCK WHERE S_I_ID = 73348 AND S_W_ID = 1
Error Message: Cannot invoke "java.util.List.get(int)" because the return value of "sg.edu.nus.autotune.DB2DATA.getAllIndexes()" is null


===== Query 1839 =====

SQL: UPDATE STOCK SET S_QUANTITY = 79, S_YTD = S_YTD + 9, S_ORDER_CNT = S_ORDER_CNT + 1, S_REMOTE_CNT = S_REMOTE_CNT + 1 WHERE S_I_ID = 73348 AND S_W_ID = 1

EXPLAIN Plan:

Update on stock  (cost=0.42..8.45 rows=0 width=0) (actual time=0.068..0.069 rows=0 loops=1)

  ->  Index Scan using stock_pkey on stock  (cost=0.42..8.45 rows=1 width=32) (actual time=0.016..0.017 rows=1 loops=1)

        Index Cond: ((s_w_id = 1) AND (s_i_id = 73348))

Planning Time: 0.061 ms

Execution Time: 0.087 ms
Failed SQL 1839: UPDATE STOCK SET S_QUANTITY = 79, S_YTD = S_YTD + 9, S_ORDER_CNT = S_ORDER_CNT + 1, S_REMOTE_CNT = S_REMOTE_CNT + 1 WHERE S_I_ID = 73348 AND S_W_ID = 1
Error Message: Cannot invoke "java.util.List.get(int)" because the return value of "sg.edu.nus.autotune.DB2DATA.getAllIndexes()" is null


===== Query 1840 =====

SQL: SELECT I_PRICE, I_NAME , I_DATA FROM ITEM WHERE I_ID = 37599

EXPLAIN Plan:

Index Scan using item_pkey on item  (cost=0.29..8.31 rows=1 width=61) (actual time=0.482..0.484 rows=1 loops=1)

  Index Cond: (i_id = 37599)

Planning Time: 0.049 ms

Execution Time: 0.499 ms
Failed SQL 1840: SELECT I_PRICE, I_NAME , I_DATA FROM ITEM WHERE I_ID = 37599
Error Message: Cannot invoke "java.util.List.get(int)" because the return value of "sg.edu.nus.autotune.DB2DATA.getAllIndexes()" is null


===== Query 1841 =====

SQL: SELECT D_NEXT_O_ID, D_TAX FROM DISTRICT WHERE D_W_ID = 1 AND D_ID = 9

EXPLAIN Plan:

Bitmap Heap Scan on district  (cost=4.28..11.66 rows=2 width=9) (actual time=0.031..0.031 rows=1 loops=1)

  Recheck Cond: ((d_w_id = 1) AND (d_id = 9))

  Heap Blocks: exact=1

  ->  Bitmap Index Scan on district_pkey  (cost=0.00..4.28 rows=2 width=0) (actual time=0.008..0.008 rows=1 loops=1)

        Index Cond: ((d_w_id = 1) AND (d_id = 9))

Planning Time: 0.054 ms

Execution Time: 0.047 ms
Failed SQL 1841: SELECT D_NEXT_O_ID, D_TAX FROM DISTRICT WHERE D_W_ID = 1 AND D_ID = 9
Error Message: Cannot invoke "java.util.List.get(int)" because the return value of "sg.edu.nus.autotune.DB2DATA.getAllIndexes()" is null


===== Query 1842 =====

SQL: UPDATE DISTRICT SET D_NEXT_O_ID = D_NEXT_O_ID + 1 WHERE D_W_ID = 1 AND D_ID = 9

EXPLAIN Plan:

Update on district  (cost=4.28..11.67 rows=0 width=0) (actual time=0.050..0.051 rows=0 loops=1)

  ->  Bitmap Heap Scan on district  (cost=4.28..11.67 rows=2 width=10) (actual time=0.019..0.020 rows=1 loops=1)

        Recheck Cond: ((d_w_id = 1) AND (d_id = 9))

        Heap Blocks: exact=1

        ->  Bitmap Index Scan on district_pkey  (cost=0.00..4.28 rows=2 width=0) (actual time=0.011..0.011 rows=1 loops=1)

              Index Cond: ((d_w_id = 1) AND (d_id = 9))

Planning Time: 0.089 ms

Execution Time: 0.083 ms
Failed SQL 1842: UPDATE DISTRICT SET D_NEXT_O_ID = D_NEXT_O_ID + 1 WHERE D_W_ID = 1 AND D_ID = 9
Error Message: Cannot invoke "java.util.List.get(int)" because the return value of "sg.edu.nus.autotune.DB2DATA.getAllIndexes()" is null


===== Query 1843 =====

SQL: SELECT I_PRICE, I_NAME , I_DATA FROM ITEM WHERE I_ID = 23270

EXPLAIN Plan:

Index Scan using item_pkey on item  (cost=0.29..8.31 rows=1 width=61) (actual time=0.042..0.044 rows=1 loops=1)

  Index Cond: (i_id = 23270)

Planning Time: 0.072 ms

Execution Time: 0.061 ms
Failed SQL 1843: SELECT I_PRICE, I_NAME , I_DATA FROM ITEM WHERE I_ID = 23270
Error Message: Cannot invoke "java.util.List.get(int)" because the return value of "sg.edu.nus.autotune.DB2DATA.getAllIndexes()" is null


===== Query 1844 =====

SQL: SELECT S_QUANTITY, S_DATA, S_DIST_01, S_DIST_02, S_DIST_03, S_DIST_04, S_DIST_05, S_DIST_06, S_DIST_07, S_DIST_08, S_DIST_09, S_DIST_10 FROM STOCK WHERE S_I_ID = 23270 AND S_W_ID = 1

EXPLAIN Plan:

Index Scan using stock_pkey on stock  (cost=0.42..8.44 rows=1 width=291) (actual time=0.823..0.825 rows=1 loops=1)

  Index Cond: ((s_w_id = 1) AND (s_i_id = 23270))

Planning Time: 0.094 ms

Execution Time: 0.849 ms
Failed SQL 1844: SELECT S_QUANTITY, S_DATA, S_DIST_01, S_DIST_02, S_DIST_03, S_DIST_04, S_DIST_05, S_DIST_06, S_DIST_07, S_DIST_08, S_DIST_09, S_DIST_10 FROM STOCK WHERE S_I_ID = 23270 AND S_W_ID = 1
Error Message: Cannot invoke "java.util.List.get(int)" because the return value of "sg.edu.nus.autotune.DB2DATA.getAllIndexes()" is null


===== Query 1845 =====

SQL: SELECT S_QUANTITY, S_DATA, S_DIST_01, S_DIST_02, S_DIST_03, S_DIST_04, S_DIST_05, S_DIST_06, S_DIST_07, S_DIST_08, S_DIST_09, S_DIST_10 FROM STOCK WHERE S_I_ID = 37599 AND S_W_ID = 2

EXPLAIN Plan:

Index Scan using stock_pkey on stock  (cost=0.42..8.44 rows=1 width=291) (actual time=0.865..0.868 rows=1 loops=1)

  Index Cond: ((s_w_id = 2) AND (s_i_id = 37599))

Planning Time: 0.092 ms

Execution Time: 0.893 ms
Failed SQL 1845: SELECT S_QUANTITY, S_DATA, S_DIST_01, S_DIST_02, S_DIST_03, S_DIST_04, S_DIST_05, S_DIST_06, S_DIST_07, S_DIST_08, S_DIST_09, S_DIST_10 FROM STOCK WHERE S_I_ID = 37599 AND S_W_ID = 2
Error Message: Cannot invoke "java.util.List.get(int)" because the return value of "sg.edu.nus.autotune.DB2DATA.getAllIndexes()" is null


===== Query 1846 =====

SQL: UPDATE STOCK SET S_QUANTITY = 46, S_YTD = S_YTD + 6, S_ORDER_CNT = S_ORDER_CNT + 1, S_REMOTE_CNT = S_REMOTE_CNT + 0 WHERE S_I_ID = 23270 AND S_W_ID = 1

EXPLAIN Plan:

Update on stock  (cost=0.42..8.45 rows=0 width=0) (actual time=0.083..0.084 rows=0 loops=1)

  ->  Index Scan using stock_pkey on stock  (cost=0.42..8.45 rows=1 width=32) (actual time=0.021..0.022 rows=1 loops=1)

        Index Cond: ((s_w_id = 1) AND (s_i_id = 23270))

Planning Time: 0.085 ms

Execution Time: 0.103 ms
Failed SQL 1846: UPDATE STOCK SET S_QUANTITY = 46, S_YTD = S_YTD + 6, S_ORDER_CNT = S_ORDER_CNT + 1, S_REMOTE_CNT = S_REMOTE_CNT + 0 WHERE S_I_ID = 23270 AND S_W_ID = 1
Error Message: Cannot invoke "java.util.List.get(int)" because the return value of "sg.edu.nus.autotune.DB2DATA.getAllIndexes()" is null


===== Query 1847 =====

SQL: SELECT I_PRICE, I_NAME , I_DATA FROM ITEM WHERE I_ID = 81127

EXPLAIN Plan:

Index Scan using item_pkey on item  (cost=0.29..8.31 rows=1 width=61) (actual time=0.044..0.046 rows=1 loops=1)

  Index Cond: (i_id = 81127)

Planning Time: 0.087 ms

Execution Time: 0.066 ms
Failed SQL 1847: SELECT I_PRICE, I_NAME , I_DATA FROM ITEM WHERE I_ID = 81127
Error Message: Cannot invoke "java.util.List.get(int)" because the return value of "sg.edu.nus.autotune.DB2DATA.getAllIndexes()" is null


===== Query 1848 =====

SQL: SELECT S_QUANTITY, S_DATA, S_DIST_01, S_DIST_02, S_DIST_03, S_DIST_04, S_DIST_05, S_DIST_06, S_DIST_07, S_DIST_08, S_DIST_09, S_DIST_10 FROM STOCK WHERE S_I_ID = 81127 AND S_W_ID = 1

EXPLAIN Plan:

Index Scan using stock_pkey on stock  (cost=0.42..8.44 rows=1 width=291) (actual time=0.824..0.826 rows=1 loops=1)

  Index Cond: ((s_w_id = 1) AND (s_i_id = 81127))

Planning Time: 0.096 ms

Execution Time: 0.851 ms
Failed SQL 1848: SELECT S_QUANTITY, S_DATA, S_DIST_01, S_DIST_02, S_DIST_03, S_DIST_04, S_DIST_05, S_DIST_06, S_DIST_07, S_DIST_08, S_DIST_09, S_DIST_10 FROM STOCK WHERE S_I_ID = 81127 AND S_W_ID = 1
Error Message: Cannot invoke "java.util.List.get(int)" because the return value of "sg.edu.nus.autotune.DB2DATA.getAllIndexes()" is null


===== Query 1849 =====

SQL: UPDATE STOCK SET S_QUANTITY = 64, S_YTD = S_YTD + 5, S_ORDER_CNT = S_ORDER_CNT + 1, S_REMOTE_CNT = S_REMOTE_CNT + 0 WHERE S_I_ID = 81127 AND S_W_ID = 1

EXPLAIN Plan:

Update on stock  (cost=0.42..8.45 rows=0 width=0) (actual time=0.059..0.060 rows=0 loops=1)

  ->  Index Scan using stock_pkey on stock  (cost=0.42..8.45 rows=1 width=32) (actual time=0.023..0.024 rows=1 loops=1)

        Index Cond: ((s_w_id = 1) AND (s_i_id = 81127))

Planning Time: 0.098 ms

Execution Time: 0.088 ms
Failed SQL 1849: UPDATE STOCK SET S_QUANTITY = 64, S_YTD = S_YTD + 5, S_ORDER_CNT = S_ORDER_CNT + 1, S_REMOTE_CNT = S_REMOTE_CNT + 0 WHERE S_I_ID = 81127 AND S_W_ID = 1
Error Message: Cannot invoke "java.util.List.get(int)" because the return value of "sg.edu.nus.autotune.DB2DATA.getAllIndexes()" is null


===== Query 1850 =====

SQL: SELECT I_PRICE, I_NAME , I_DATA FROM ITEM WHERE I_ID = 93381

EXPLAIN Plan:

Index Scan using item_pkey on item  (cost=0.29..8.31 rows=1 width=61) (actual time=0.041..0.043 rows=1 loops=1)

  Index Cond: (i_id = 93381)

Planning Time: 0.087 ms

Execution Time: 0.062 ms
Failed SQL 1850: SELECT I_PRICE, I_NAME , I_DATA FROM ITEM WHERE I_ID = 93381
Error Message: Cannot invoke "java.util.List.get(int)" because the return value of "sg.edu.nus.autotune.DB2DATA.getAllIndexes()" is null


===== Query 1851 =====

SQL: SELECT S_QUANTITY, S_DATA, S_DIST_01, S_DIST_02, S_DIST_03, S_DIST_04, S_DIST_05, S_DIST_06, S_DIST_07, S_DIST_08, S_DIST_09, S_DIST_10 FROM STOCK WHERE S_I_ID = 93381 AND S_W_ID = 1

EXPLAIN Plan:

Index Scan using stock_pkey on stock  (cost=0.42..8.44 rows=1 width=291) (actual time=1.063..1.066 rows=1 loops=1)

  Index Cond: ((s_w_id = 1) AND (s_i_id = 93381))

Planning Time: 0.055 ms

Execution Time: 1.083 ms
Failed SQL 1851: SELECT S_QUANTITY, S_DATA, S_DIST_01, S_DIST_02, S_DIST_03, S_DIST_04, S_DIST_05, S_DIST_06, S_DIST_07, S_DIST_08, S_DIST_09, S_DIST_10 FROM STOCK WHERE S_I_ID = 93381 AND S_W_ID = 1
Error Message: Cannot invoke "java.util.List.get(int)" because the return value of "sg.edu.nus.autotune.DB2DATA.getAllIndexes()" is null


===== Query 1852 =====

SQL: UPDATE STOCK SET S_QUANTITY = 24, S_YTD = S_YTD + 5, S_ORDER_CNT = S_ORDER_CNT + 1, S_REMOTE_CNT = S_REMOTE_CNT + 0 WHERE S_I_ID = 37599 AND S_W_ID = 2

EXPLAIN Plan:

Update on stock  (cost=0.42..8.45 rows=0 width=0) (actual time=0.068..0.068 rows=0 loops=1)

  ->  Index Scan using stock_pkey on stock  (cost=0.42..8.45 rows=1 width=32) (actual time=0.028..0.030 rows=1 loops=1)

        Index Cond: ((s_w_id = 2) AND (s_i_id = 37599))

Planning Time: 0.100 ms

Execution Time: 0.095 ms
Failed SQL 1852: UPDATE STOCK SET S_QUANTITY = 24, S_YTD = S_YTD + 5, S_ORDER_CNT = S_ORDER_CNT + 1, S_REMOTE_CNT = S_REMOTE_CNT + 0 WHERE S_I_ID = 37599 AND S_W_ID = 2
Error Message: Cannot invoke "java.util.List.get(int)" because the return value of "sg.edu.nus.autotune.DB2DATA.getAllIndexes()" is null


===== Query 1853 =====

SQL: SELECT I_PRICE, I_NAME , I_DATA FROM ITEM WHERE I_ID = 23203

EXPLAIN Plan:

Index Scan using item_pkey on item  (cost=0.29..8.31 rows=1 width=61) (actual time=0.797..0.801 rows=1 loops=1)

  Index Cond: (i_id = 23203)

Planning Time: 0.071 ms

Execution Time: 0.819 ms
Failed SQL 1853: SELECT I_PRICE, I_NAME , I_DATA FROM ITEM WHERE I_ID = 23203
Error Message: Cannot invoke "java.util.List.get(int)" because the return value of "sg.edu.nus.autotune.DB2DATA.getAllIndexes()" is null


===== Query 1854 =====

SQL: SELECT S_QUANTITY, S_DATA, S_DIST_01, S_DIST_02, S_DIST_03, S_DIST_04, S_DIST_05, S_DIST_06, S_DIST_07, S_DIST_08, S_DIST_09, S_DIST_10 FROM STOCK WHERE S_I_ID = 23203 AND S_W_ID = 2

EXPLAIN Plan:

Index Scan using stock_pkey on stock  (cost=0.42..8.44 rows=1 width=291) (actual time=0.859..0.862 rows=1 loops=1)

  Index Cond: ((s_w_id = 2) AND (s_i_id = 23203))

Planning Time: 0.096 ms

Execution Time: 0.887 ms
Failed SQL 1854: SELECT S_QUANTITY, S_DATA, S_DIST_01, S_DIST_02, S_DIST_03, S_DIST_04, S_DIST_05, S_DIST_06, S_DIST_07, S_DIST_08, S_DIST_09, S_DIST_10 FROM STOCK WHERE S_I_ID = 23203 AND S_W_ID = 2
Error Message: Cannot invoke "java.util.List.get(int)" because the return value of "sg.edu.nus.autotune.DB2DATA.getAllIndexes()" is null


===== Query 1855 =====

SQL: UPDATE STOCK SET S_QUANTITY = 32, S_YTD = S_YTD + 8, S_ORDER_CNT = S_ORDER_CNT + 1, S_REMOTE_CNT = S_REMOTE_CNT + 0 WHERE S_I_ID = 23203 AND S_W_ID = 2

EXPLAIN Plan:

Update on stock  (cost=0.42..8.45 rows=0 width=0) (actual time=0.099..0.100 rows=0 loops=1)

  ->  Index Scan using stock_pkey on stock  (cost=0.42..8.45 rows=1 width=32) (actual time=0.025..0.026 rows=1 loops=1)

        Index Cond: ((s_w_id = 2) AND (s_i_id = 23203))

Planning Time: 0.101 ms

Execution Time: 0.128 ms
Failed SQL 1855: UPDATE STOCK SET S_QUANTITY = 32, S_YTD = S_YTD + 8, S_ORDER_CNT = S_ORDER_CNT + 1, S_REMOTE_CNT = S_REMOTE_CNT + 0 WHERE S_I_ID = 23203 AND S_W_ID = 2
Error Message: Cannot invoke "java.util.List.get(int)" because the return value of "sg.edu.nus.autotune.DB2DATA.getAllIndexes()" is null


===== Query 1856 =====

SQL: SELECT I_PRICE, I_NAME , I_DATA FROM ITEM WHERE I_ID = 6151

EXPLAIN Plan:

Index Scan using item_pkey on item  (cost=0.29..8.31 rows=1 width=61) (actual time=0.053..0.054 rows=1 loops=1)

  Index Cond: (i_id = 6151)

Planning Time: 0.066 ms

Execution Time: 0.070 ms
Failed SQL 1856: SELECT I_PRICE, I_NAME , I_DATA FROM ITEM WHERE I_ID = 6151
Error Message: Cannot invoke "java.util.List.get(int)" because the return value of "sg.edu.nus.autotune.DB2DATA.getAllIndexes()" is null


===== Query 1857 =====

SQL: SELECT S_QUANTITY, S_DATA, S_DIST_01, S_DIST_02, S_DIST_03, S_DIST_04, S_DIST_05, S_DIST_06, S_DIST_07, S_DIST_08, S_DIST_09, S_DIST_10 FROM STOCK WHERE S_I_ID = 6151 AND S_W_ID = 2

EXPLAIN Plan:

Index Scan using stock_pkey on stock  (cost=0.42..8.44 rows=1 width=291) (actual time=0.054..0.056 rows=1 loops=1)

  Index Cond: ((s_w_id = 2) AND (s_i_id = 6151))

Planning Time: 0.113 ms

Execution Time: 0.081 ms
Failed SQL 1857: SELECT S_QUANTITY, S_DATA, S_DIST_01, S_DIST_02, S_DIST_03, S_DIST_04, S_DIST_05, S_DIST_06, S_DIST_07, S_DIST_08, S_DIST_09, S_DIST_10 FROM STOCK WHERE S_I_ID = 6151 AND S_W_ID = 2
Error Message: Cannot invoke "java.util.List.get(int)" because the return value of "sg.edu.nus.autotune.DB2DATA.getAllIndexes()" is null


===== Query 1858 =====

SQL: UPDATE STOCK SET S_QUANTITY = 83, S_YTD = S_YTD + 7, S_ORDER_CNT = S_ORDER_CNT + 1, S_REMOTE_CNT = S_REMOTE_CNT + 0 WHERE S_I_ID = 6151 AND S_W_ID = 2

EXPLAIN Plan:

Update on stock  (cost=0.42..8.45 rows=0 width=0) (actual time=0.097..0.098 rows=0 loops=1)

  ->  Index Scan using stock_pkey on stock  (cost=0.42..8.45 rows=1 width=32) (actual time=0.031..0.032 rows=1 loops=1)

        Index Cond: ((s_w_id = 2) AND (s_i_id = 6151))

Planning Time: 0.104 ms

Execution Time: 0.126 ms
Failed SQL 1858: UPDATE STOCK SET S_QUANTITY = 83, S_YTD = S_YTD + 7, S_ORDER_CNT = S_ORDER_CNT + 1, S_REMOTE_CNT = S_REMOTE_CNT + 0 WHERE S_I_ID = 6151 AND S_W_ID = 2
Error Message: Cannot invoke "java.util.List.get(int)" because the return value of "sg.edu.nus.autotune.DB2DATA.getAllIndexes()" is null


===== Query 1859 =====

SQL: SELECT I_PRICE, I_NAME , I_DATA FROM ITEM WHERE I_ID = 24283

EXPLAIN Plan:

Index Scan using item_pkey on item  (cost=0.29..8.31 rows=1 width=61) (actual time=0.019..0.020 rows=1 loops=1)

  Index Cond: (i_id = 24283)

Planning Time: 0.071 ms

Execution Time: 0.037 ms
Failed SQL 1859: SELECT I_PRICE, I_NAME , I_DATA FROM ITEM WHERE I_ID = 24283
Error Message: Cannot invoke "java.util.List.get(int)" because the return value of "sg.edu.nus.autotune.DB2DATA.getAllIndexes()" is null


===== Query 1860 =====

SQL: SELECT S_QUANTITY, S_DATA, S_DIST_01, S_DIST_02, S_DIST_03, S_DIST_04, S_DIST_05, S_DIST_06, S_DIST_07, S_DIST_08, S_DIST_09, S_DIST_10 FROM STOCK WHERE S_I_ID = 24283 AND S_W_ID = 2

EXPLAIN Plan:

Index Scan using stock_pkey on stock  (cost=0.42..8.44 rows=1 width=291) (actual time=0.831..0.835 rows=1 loops=1)

  Index Cond: ((s_w_id = 2) AND (s_i_id = 24283))

Planning Time: 0.094 ms

Execution Time: 0.859 ms
Failed SQL 1860: SELECT S_QUANTITY, S_DATA, S_DIST_01, S_DIST_02, S_DIST_03, S_DIST_04, S_DIST_05, S_DIST_06, S_DIST_07, S_DIST_08, S_DIST_09, S_DIST_10 FROM STOCK WHERE S_I_ID = 24283 AND S_W_ID = 2
Error Message: Cannot invoke "java.util.List.get(int)" because the return value of "sg.edu.nus.autotune.DB2DATA.getAllIndexes()" is null


===== Query 1861 =====

SQL: UPDATE STOCK SET S_QUANTITY = 63, S_YTD = S_YTD + 7, S_ORDER_CNT = S_ORDER_CNT + 1, S_REMOTE_CNT = S_REMOTE_CNT + 0 WHERE S_I_ID = 24283 AND S_W_ID = 2

EXPLAIN Plan:

Update on stock  (cost=0.42..8.45 rows=0 width=0) (actual time=0.086..0.087 rows=0 loops=1)

  ->  Index Scan using stock_pkey on stock  (cost=0.42..8.45 rows=1 width=32) (actual time=0.024..0.026 rows=1 loops=1)

        Index Cond: ((s_w_id = 2) AND (s_i_id = 24283))

Planning Time: 0.101 ms

Execution Time: 0.114 ms
Failed SQL 1861: UPDATE STOCK SET S_QUANTITY = 63, S_YTD = S_YTD + 7, S_ORDER_CNT = S_ORDER_CNT + 1, S_REMOTE_CNT = S_REMOTE_CNT + 0 WHERE S_I_ID = 24283 AND S_W_ID = 2
Error Message: Cannot invoke "java.util.List.get(int)" because the return value of "sg.edu.nus.autotune.DB2DATA.getAllIndexes()" is null


===== Query 1862 =====

SQL: SELECT I_PRICE, I_NAME , I_DATA FROM ITEM WHERE I_ID = 14277

EXPLAIN Plan:

Index Scan using item_pkey on item  (cost=0.29..8.31 rows=1 width=61) (actual time=0.836..0.840 rows=1 loops=1)

  Index Cond: (i_id = 14277)

Planning Time: 0.076 ms

Execution Time: 0.863 ms
Failed SQL 1862: SELECT I_PRICE, I_NAME , I_DATA FROM ITEM WHERE I_ID = 14277
Error Message: Cannot invoke "java.util.List.get(int)" because the return value of "sg.edu.nus.autotune.DB2DATA.getAllIndexes()" is null


===== Query 1863 =====

SQL: UPDATE STOCK SET S_QUANTITY = 46, S_YTD = S_YTD + 9, S_ORDER_CNT = S_ORDER_CNT + 1, S_REMOTE_CNT = S_REMOTE_CNT + 0 WHERE S_I_ID = 93381 AND S_W_ID = 1

EXPLAIN Plan:

Update on stock  (cost=0.42..8.45 rows=0 width=0) (actual time=0.085..0.085 rows=0 loops=1)

  ->  Index Scan using stock_pkey on stock  (cost=0.42..8.45 rows=1 width=32) (actual time=0.025..0.026 rows=1 loops=1)

        Index Cond: ((s_w_id = 1) AND (s_i_id = 93381))

Planning Time: 0.104 ms

Execution Time: 0.130 ms
Failed SQL 1863: UPDATE STOCK SET S_QUANTITY = 46, S_YTD = S_YTD + 9, S_ORDER_CNT = S_ORDER_CNT + 1, S_REMOTE_CNT = S_REMOTE_CNT + 0 WHERE S_I_ID = 93381 AND S_W_ID = 1
Error Message: Cannot invoke "java.util.List.get(int)" because the return value of "sg.edu.nus.autotune.DB2DATA.getAllIndexes()" is null


===== Query 1864 =====

SQL: SELECT I_PRICE, I_NAME , I_DATA FROM ITEM WHERE I_ID = 77031

EXPLAIN Plan:

Index Scan using item_pkey on item  (cost=0.29..8.31 rows=1 width=61) (actual time=1.046..1.049 rows=1 loops=1)

  Index Cond: (i_id = 77031)

Planning Time: 0.070 ms

Execution Time: 1.068 ms
Failed SQL 1864: SELECT I_PRICE, I_NAME , I_DATA FROM ITEM WHERE I_ID = 77031
Error Message: Cannot invoke "java.util.List.get(int)" because the return value of "sg.edu.nus.autotune.DB2DATA.getAllIndexes()" is null


===== Query 1865 =====

SQL: SELECT S_QUANTITY, S_DATA, S_DIST_01, S_DIST_02, S_DIST_03, S_DIST_04, S_DIST_05, S_DIST_06, S_DIST_07, S_DIST_08, S_DIST_09, S_DIST_10 FROM STOCK WHERE S_I_ID = 14277 AND S_W_ID = 2

EXPLAIN Plan:

Index Scan using stock_pkey on stock  (cost=0.42..8.44 rows=1 width=291) (actual time=0.881..0.884 rows=1 loops=1)

  Index Cond: ((s_w_id = 2) AND (s_i_id = 14277))

Planning Time: 0.093 ms

Execution Time: 0.908 ms
Failed SQL 1865: SELECT S_QUANTITY, S_DATA, S_DIST_01, S_DIST_02, S_DIST_03, S_DIST_04, S_DIST_05, S_DIST_06, S_DIST_07, S_DIST_08, S_DIST_09, S_DIST_10 FROM STOCK WHERE S_I_ID = 14277 AND S_W_ID = 2
Error Message: Cannot invoke "java.util.List.get(int)" because the return value of "sg.edu.nus.autotune.DB2DATA.getAllIndexes()" is null


===== Query 1866 =====

SQL: SELECT S_QUANTITY, S_DATA, S_DIST_01, S_DIST_02, S_DIST_03, S_DIST_04, S_DIST_05, S_DIST_06, S_DIST_07, S_DIST_08, S_DIST_09, S_DIST_10 FROM STOCK WHERE S_I_ID = 77031 AND S_W_ID = 1

EXPLAIN Plan:

Index Scan using stock_pkey on stock  (cost=0.42..8.44 rows=1 width=291) (actual time=1.076..1.079 rows=1 loops=1)

  Index Cond: ((s_w_id = 1) AND (s_i_id = 77031))

Planning Time: 0.110 ms

Execution Time: 1.105 ms
Failed SQL 1866: SELECT S_QUANTITY, S_DATA, S_DIST_01, S_DIST_02, S_DIST_03, S_DIST_04, S_DIST_05, S_DIST_06, S_DIST_07, S_DIST_08, S_DIST_09, S_DIST_10 FROM STOCK WHERE S_I_ID = 77031 AND S_W_ID = 1
Error Message: Cannot invoke "java.util.List.get(int)" because the return value of "sg.edu.nus.autotune.DB2DATA.getAllIndexes()" is null


===== Query 1867 =====

SQL: UPDATE STOCK SET S_QUANTITY = 24, S_YTD = S_YTD + 1, S_ORDER_CNT = S_ORDER_CNT + 1, S_REMOTE_CNT = S_REMOTE_CNT + 0 WHERE S_I_ID = 77031 AND S_W_ID = 1

EXPLAIN Plan:

Update on stock  (cost=0.42..8.45 rows=0 width=0) (actual time=0.098..0.099 rows=0 loops=1)

  ->  Index Scan using stock_pkey on stock  (cost=0.42..8.45 rows=1 width=32) (actual time=0.056..0.057 rows=1 loops=1)

        Index Cond: ((s_w_id = 1) AND (s_i_id = 77031))

Planning Time: 0.117 ms

Execution Time: 0.128 ms
Failed SQL 1867: UPDATE STOCK SET S_QUANTITY = 24, S_YTD = S_YTD + 1, S_ORDER_CNT = S_ORDER_CNT + 1, S_REMOTE_CNT = S_REMOTE_CNT + 0 WHERE S_I_ID = 77031 AND S_W_ID = 1
Error Message: Cannot invoke "java.util.List.get(int)" because the return value of "sg.edu.nus.autotune.DB2DATA.getAllIndexes()" is null


===== Query 1868 =====

SQL: SELECT I_PRICE, I_NAME , I_DATA FROM ITEM WHERE I_ID = 89811

EXPLAIN Plan:

Index Scan using item_pkey on item  (cost=0.29..8.31 rows=1 width=61) (actual time=0.071..0.073 rows=1 loops=1)

  Index Cond: (i_id = 89811)

Planning Time: 0.085 ms

Execution Time: 0.105 ms
Failed SQL 1868: SELECT I_PRICE, I_NAME , I_DATA FROM ITEM WHERE I_ID = 89811
Error Message: Cannot invoke "java.util.List.get(int)" because the return value of "sg.edu.nus.autotune.DB2DATA.getAllIndexes()" is null


===== Query 1869 =====

SQL: SELECT S_QUANTITY, S_DATA, S_DIST_01, S_DIST_02, S_DIST_03, S_DIST_04, S_DIST_05, S_DIST_06, S_DIST_07, S_DIST_08, S_DIST_09, S_DIST_10 FROM STOCK WHERE S_I_ID = 89811 AND S_W_ID = 1

EXPLAIN Plan:

Index Scan using stock_pkey on stock  (cost=0.42..8.44 rows=1 width=291) (actual time=0.056..0.057 rows=1 loops=1)

  Index Cond: ((s_w_id = 1) AND (s_i_id = 89811))

Planning Time: 0.098 ms

Execution Time: 0.078 ms
Failed SQL 1869: SELECT S_QUANTITY, S_DATA, S_DIST_01, S_DIST_02, S_DIST_03, S_DIST_04, S_DIST_05, S_DIST_06, S_DIST_07, S_DIST_08, S_DIST_09, S_DIST_10 FROM STOCK WHERE S_I_ID = 89811 AND S_W_ID = 1
Error Message: Cannot invoke "java.util.List.get(int)" because the return value of "sg.edu.nus.autotune.DB2DATA.getAllIndexes()" is null


===== Query 1870 =====

SQL: UPDATE STOCK SET S_QUANTITY = 33, S_YTD = S_YTD + 4, S_ORDER_CNT = S_ORDER_CNT + 1, S_REMOTE_CNT = S_REMOTE_CNT + 0 WHERE S_I_ID = 89811 AND S_W_ID = 1

EXPLAIN Plan:

Update on stock  (cost=0.42..8.45 rows=0 width=0) (actual time=0.060..0.061 rows=0 loops=1)

  ->  Index Scan using stock_pkey on stock  (cost=0.42..8.45 rows=1 width=32) (actual time=0.026..0.027 rows=1 loops=1)

        Index Cond: ((s_w_id = 1) AND (s_i_id = 89811))

Planning Time: 0.101 ms

Execution Time: 0.089 ms
Failed SQL 1870: UPDATE STOCK SET S_QUANTITY = 33, S_YTD = S_YTD + 4, S_ORDER_CNT = S_ORDER_CNT + 1, S_REMOTE_CNT = S_REMOTE_CNT + 0 WHERE S_I_ID = 89811 AND S_W_ID = 1
Error Message: Cannot invoke "java.util.List.get(int)" because the return value of "sg.edu.nus.autotune.DB2DATA.getAllIndexes()" is null


===== Query 1871 =====

SQL: SELECT I_PRICE, I_NAME , I_DATA FROM ITEM WHERE I_ID = 64870

EXPLAIN Plan:

Index Scan using item_pkey on item  (cost=0.29..8.31 rows=1 width=61) (actual time=0.830..0.834 rows=1 loops=1)

  Index Cond: (i_id = 64870)

Planning Time: 0.073 ms

Execution Time: 0.854 ms
Failed SQL 1871: SELECT I_PRICE, I_NAME , I_DATA FROM ITEM WHERE I_ID = 64870
Error Message: Cannot invoke "java.util.List.get(int)" because the return value of "sg.edu.nus.autotune.DB2DATA.getAllIndexes()" is null


===== Query 1872 =====

SQL: SELECT S_QUANTITY, S_DATA, S_DIST_01, S_DIST_02, S_DIST_03, S_DIST_04, S_DIST_05, S_DIST_06, S_DIST_07, S_DIST_08, S_DIST_09, S_DIST_10 FROM STOCK WHERE S_I_ID = 64870 AND S_W_ID = 1

EXPLAIN Plan:

Index Scan using stock_pkey on stock  (cost=0.42..8.44 rows=1 width=291) (actual time=0.072..0.073 rows=1 loops=1)

  Index Cond: ((s_w_id = 1) AND (s_i_id = 64870))

Planning Time: 0.060 ms

Execution Time: 0.095 ms
Failed SQL 1872: SELECT S_QUANTITY, S_DATA, S_DIST_01, S_DIST_02, S_DIST_03, S_DIST_04, S_DIST_05, S_DIST_06, S_DIST_07, S_DIST_08, S_DIST_09, S_DIST_10 FROM STOCK WHERE S_I_ID = 64870 AND S_W_ID = 1
Error Message: Cannot invoke "java.util.List.get(int)" because the return value of "sg.edu.nus.autotune.DB2DATA.getAllIndexes()" is null


===== Query 1873 =====

SQL: UPDATE STOCK SET S_QUANTITY = 84, S_YTD = S_YTD + 8, S_ORDER_CNT = S_ORDER_CNT + 1, S_REMOTE_CNT = S_REMOTE_CNT + 0 WHERE S_I_ID = 64870 AND S_W_ID = 1

EXPLAIN Plan:

Update on stock  (cost=0.42..8.45 rows=0 width=0) (actual time=0.080..0.081 rows=0 loops=1)

  ->  Index Scan using stock_pkey on stock  (cost=0.42..8.45 rows=1 width=32) (actual time=0.042..0.043 rows=1 loops=1)

        Index Cond: ((s_w_id = 1) AND (s_i_id = 64870))

Planning Time: 0.059 ms

Execution Time: 0.095 ms
Failed SQL 1873: UPDATE STOCK SET S_QUANTITY = 84, S_YTD = S_YTD + 8, S_ORDER_CNT = S_ORDER_CNT + 1, S_REMOTE_CNT = S_REMOTE_CNT + 0 WHERE S_I_ID = 64870 AND S_W_ID = 1
Error Message: Cannot invoke "java.util.List.get(int)" because the return value of "sg.edu.nus.autotune.DB2DATA.getAllIndexes()" is null


===== Query 1874 =====

SQL: SELECT I_PRICE, I_NAME , I_DATA FROM ITEM WHERE I_ID = 39587

EXPLAIN Plan:

Index Scan using item_pkey on item  (cost=0.29..8.31 rows=1 width=61) (actual time=0.045..0.047 rows=1 loops=1)

  Index Cond: (i_id = 39587)

Planning Time: 0.071 ms

Execution Time: 0.064 ms
Failed SQL 1874: SELECT I_PRICE, I_NAME , I_DATA FROM ITEM WHERE I_ID = 39587
Error Message: Cannot invoke "java.util.List.get(int)" because the return value of "sg.edu.nus.autotune.DB2DATA.getAllIndexes()" is null


===== Query 1875 =====

SQL: SELECT S_QUANTITY, S_DATA, S_DIST_01, S_DIST_02, S_DIST_03, S_DIST_04, S_DIST_05, S_DIST_06, S_DIST_07, S_DIST_08, S_DIST_09, S_DIST_10 FROM STOCK WHERE S_I_ID = 39587 AND S_W_ID = 1

EXPLAIN Plan:

Index Scan using stock_pkey on stock  (cost=0.42..8.44 rows=1 width=291) (actual time=0.039..0.040 rows=1 loops=1)

  Index Cond: ((s_w_id = 1) AND (s_i_id = 39587))

Planning Time: 0.075 ms

Execution Time: 0.056 ms
Failed SQL 1875: SELECT S_QUANTITY, S_DATA, S_DIST_01, S_DIST_02, S_DIST_03, S_DIST_04, S_DIST_05, S_DIST_06, S_DIST_07, S_DIST_08, S_DIST_09, S_DIST_10 FROM STOCK WHERE S_I_ID = 39587 AND S_W_ID = 1
Error Message: Cannot invoke "java.util.List.get(int)" because the return value of "sg.edu.nus.autotune.DB2DATA.getAllIndexes()" is null


===== Query 1876 =====

SQL: UPDATE STOCK SET S_QUANTITY = 13, S_YTD = S_YTD + 3, S_ORDER_CNT = S_ORDER_CNT + 1, S_REMOTE_CNT = S_REMOTE_CNT + 0 WHERE S_I_ID = 39587 AND S_W_ID = 1

EXPLAIN Plan:

Update on stock  (cost=0.42..8.45 rows=0 width=0) (actual time=0.087..0.088 rows=0 loops=1)

  ->  Index Scan using stock_pkey on stock  (cost=0.42..8.45 rows=1 width=32) (actual time=0.034..0.035 rows=1 loops=1)

        Index Cond: ((s_w_id = 1) AND (s_i_id = 39587))

Planning Time: 0.118 ms

Execution Time: 0.118 ms
Failed SQL 1876: UPDATE STOCK SET S_QUANTITY = 13, S_YTD = S_YTD + 3, S_ORDER_CNT = S_ORDER_CNT + 1, S_REMOTE_CNT = S_REMOTE_CNT + 0 WHERE S_I_ID = 39587 AND S_W_ID = 1
Error Message: Cannot invoke "java.util.List.get(int)" because the return value of "sg.edu.nus.autotune.DB2DATA.getAllIndexes()" is null


===== Query 1877 =====

SQL: UPDATE STOCK SET S_QUANTITY = 40, S_YTD = S_YTD + 8, S_ORDER_CNT = S_ORDER_CNT + 1, S_REMOTE_CNT = S_REMOTE_CNT + 0 WHERE S_I_ID = 14277 AND S_W_ID = 2

EXPLAIN Plan:

Update on stock  (cost=0.42..8.45 rows=0 width=0) (actual time=0.107..0.107 rows=0 loops=1)

  ->  Index Scan using stock_pkey on stock  (cost=0.42..8.45 rows=1 width=32) (actual time=0.054..0.056 rows=1 loops=1)

        Index Cond: ((s_w_id = 2) AND (s_i_id = 14277))

Planning Time: 0.118 ms

Execution Time: 0.138 ms
Failed SQL 1877: UPDATE STOCK SET S_QUANTITY = 40, S_YTD = S_YTD + 8, S_ORDER_CNT = S_ORDER_CNT + 1, S_REMOTE_CNT = S_REMOTE_CNT + 0 WHERE S_I_ID = 14277 AND S_W_ID = 2
Error Message: Cannot invoke "java.util.List.get(int)" because the return value of "sg.edu.nus.autotune.DB2DATA.getAllIndexes()" is null


===== Query 1878 =====

SQL: SELECT I_PRICE, I_NAME , I_DATA FROM ITEM WHERE I_ID = 47570

EXPLAIN Plan:

Index Scan using item_pkey on item  (cost=0.29..8.31 rows=1 width=61) (actual time=1.237..1.239 rows=1 loops=1)

  Index Cond: (i_id = 47570)

Planning Time: 0.072 ms

Execution Time: 1.261 ms
Failed SQL 1878: SELECT I_PRICE, I_NAME , I_DATA FROM ITEM WHERE I_ID = 47570
Error Message: Cannot invoke "java.util.List.get(int)" because the return value of "sg.edu.nus.autotune.DB2DATA.getAllIndexes()" is null


===== Query 1879 =====

SQL: SELECT C_DISCOUNT, C_LAST, C_CREDIT, W_TAX FROM CUSTOMER, WAREHOUSE WHERE W_ID = 1 AND C_W_ID = 1 AND C_D_ID = 4 AND C_ID = 1283

EXPLAIN Plan:

Nested Loop  (cost=4.56..16.61 rows=1 width=26) (actual time=0.103..0.105 rows=1 loops=1)

  ->  Index Scan using customer_pkey on customer  (cost=0.42..8.44 rows=1 width=21) (actual time=0.059..0.060 rows=1 loops=1)

        Index Cond: ((c_w_id = 1) AND (c_d_id = 4) AND (c_id = 1283))

  ->  Bitmap Heap Scan on warehouse  (cost=4.14..8.15 rows=1 width=5) (actual time=0.036..0.036 rows=1 loops=1)

        Recheck Cond: (w_id = 1)

        Heap Blocks: exact=1

        ->  Bitmap Index Scan on warehouse_pkey  (cost=0.00..4.14 rows=1 width=0) (actual time=0.011..0.011 rows=1 loops=1)

              Index Cond: (w_id = 1)

Planning Time: 0.164 ms

Execution Time: 0.158 ms
Failed SQL 1879: SELECT C_DISCOUNT, C_LAST, C_CREDIT, W_TAX FROM CUSTOMER, WAREHOUSE WHERE W_ID = 1 AND C_W_ID = 1 AND C_D_ID = 4 AND C_ID = 1283
Error Message: Cannot invoke "java.util.List.get(int)" because the return value of "sg.edu.nus.autotune.DB2DATA.getAllIndexes()" is null


===== Query 1880 =====

SQL: SELECT D_NEXT_O_ID, D_TAX FROM DISTRICT WHERE D_W_ID = 1 AND D_ID = 4

EXPLAIN Plan:

Bitmap Heap Scan on district  (cost=4.28..11.66 rows=2 width=9) (actual time=0.058..0.059 rows=1 loops=1)

  Recheck Cond: ((d_w_id = 1) AND (d_id = 4))

  Heap Blocks: exact=1

  ->  Bitmap Index Scan on district_pkey  (cost=0.00..4.28 rows=2 width=0) (actual time=0.030..0.030 rows=1 loops=1)

        Index Cond: ((d_w_id = 1) AND (d_id = 4))

Planning Time: 0.089 ms

Execution Time: 0.083 ms
Failed SQL 1880: SELECT D_NEXT_O_ID, D_TAX FROM DISTRICT WHERE D_W_ID = 1 AND D_ID = 4
Error Message: Cannot invoke "java.util.List.get(int)" because the return value of "sg.edu.nus.autotune.DB2DATA.getAllIndexes()" is null


===== Query 1881 =====

SQL: UPDATE DISTRICT SET D_NEXT_O_ID = D_NEXT_O_ID + 1 WHERE D_W_ID = 1 AND D_ID = 4

EXPLAIN Plan:

Update on district  (cost=4.28..11.67 rows=0 width=0) (actual time=0.048..0.049 rows=0 loops=1)

  ->  Bitmap Heap Scan on district  (cost=4.28..11.67 rows=2 width=10) (actual time=0.019..0.020 rows=1 loops=1)

        Recheck Cond: ((d_w_id = 1) AND (d_id = 4))

        Heap Blocks: exact=1

        ->  Bitmap Index Scan on district_pkey  (cost=0.00..4.28 rows=2 width=0) (actual time=0.011..0.011 rows=1 loops=1)

              Index Cond: ((d_w_id = 1) AND (d_id = 4))

Planning Time: 0.090 ms

Execution Time: 0.081 ms
Failed SQL 1881: UPDATE DISTRICT SET D_NEXT_O_ID = D_NEXT_O_ID + 1 WHERE D_W_ID = 1 AND D_ID = 4
Error Message: Cannot invoke "java.util.List.get(int)" because the return value of "sg.edu.nus.autotune.DB2DATA.getAllIndexes()" is null


===== Query 1882 =====

SQL: SELECT I_PRICE, I_NAME , I_DATA FROM ITEM WHERE I_ID = 80334

EXPLAIN Plan:

Index Scan using item_pkey on item  (cost=0.29..8.31 rows=1 width=61) (actual time=1.688..1.692 rows=1 loops=1)

  Index Cond: (i_id = 80334)

Planning Time: 0.048 ms

Execution Time: 1.707 ms
Failed SQL 1882: SELECT I_PRICE, I_NAME , I_DATA FROM ITEM WHERE I_ID = 80334
Error Message: Cannot invoke "java.util.List.get(int)" because the return value of "sg.edu.nus.autotune.DB2DATA.getAllIndexes()" is null


===== Query 1883 =====

SQL: SELECT S_QUANTITY, S_DATA, S_DIST_01, S_DIST_02, S_DIST_03, S_DIST_04, S_DIST_05, S_DIST_06, S_DIST_07, S_DIST_08, S_DIST_09, S_DIST_10 FROM STOCK WHERE S_I_ID = 80334 AND S_W_ID = 1

EXPLAIN Plan:

Index Scan using stock_pkey on stock  (cost=0.42..8.44 rows=1 width=291) (actual time=0.328..0.330 rows=1 loops=1)

  Index Cond: ((s_w_id = 1) AND (s_i_id = 80334))

Planning Time: 0.100 ms

Execution Time: 0.354 ms
Failed SQL 1883: SELECT S_QUANTITY, S_DATA, S_DIST_01, S_DIST_02, S_DIST_03, S_DIST_04, S_DIST_05, S_DIST_06, S_DIST_07, S_DIST_08, S_DIST_09, S_DIST_10 FROM STOCK WHERE S_I_ID = 80334 AND S_W_ID = 1
Error Message: Cannot invoke "java.util.List.get(int)" because the return value of "sg.edu.nus.autotune.DB2DATA.getAllIndexes()" is null


===== Query 1884 =====

SQL: SELECT S_QUANTITY, S_DATA, S_DIST_01, S_DIST_02, S_DIST_03, S_DIST_04, S_DIST_05, S_DIST_06, S_DIST_07, S_DIST_08, S_DIST_09, S_DIST_10 FROM STOCK WHERE S_I_ID = 47570 AND S_W_ID = 2

EXPLAIN Plan:

Index Scan using stock_pkey on stock  (cost=0.42..8.44 rows=1 width=291) (actual time=0.844..0.847 rows=1 loops=1)

  Index Cond: ((s_w_id = 2) AND (s_i_id = 47570))

Planning Time: 0.093 ms

Execution Time: 0.871 ms
Failed SQL 1884: SELECT S_QUANTITY, S_DATA, S_DIST_01, S_DIST_02, S_DIST_03, S_DIST_04, S_DIST_05, S_DIST_06, S_DIST_07, S_DIST_08, S_DIST_09, S_DIST_10 FROM STOCK WHERE S_I_ID = 47570 AND S_W_ID = 2
Error Message: Cannot invoke "java.util.List.get(int)" because the return value of "sg.edu.nus.autotune.DB2DATA.getAllIndexes()" is null


===== Query 1885 =====

SQL: UPDATE STOCK SET S_QUANTITY = 82, S_YTD = S_YTD + 3, S_ORDER_CNT = S_ORDER_CNT + 1, S_REMOTE_CNT = S_REMOTE_CNT + 0 WHERE S_I_ID = 80334 AND S_W_ID = 1

EXPLAIN Plan:

Update on stock  (cost=0.42..8.45 rows=0 width=0) (actual time=0.090..0.091 rows=0 loops=1)

  ->  Index Scan using stock_pkey on stock  (cost=0.42..8.45 rows=1 width=32) (actual time=0.025..0.026 rows=1 loops=1)

        Index Cond: ((s_w_id = 1) AND (s_i_id = 80334))

Planning Time: 0.101 ms

Execution Time: 0.118 ms
Failed SQL 1885: UPDATE STOCK SET S_QUANTITY = 82, S_YTD = S_YTD + 3, S_ORDER_CNT = S_ORDER_CNT + 1, S_REMOTE_CNT = S_REMOTE_CNT + 0 WHERE S_I_ID = 80334 AND S_W_ID = 1
Error Message: Cannot invoke "java.util.List.get(int)" because the return value of "sg.edu.nus.autotune.DB2DATA.getAllIndexes()" is null


===== Query 1886 =====

SQL: SELECT I_PRICE, I_NAME , I_DATA FROM ITEM WHERE I_ID = 15508

EXPLAIN Plan:

Index Scan using item_pkey on item  (cost=0.29..8.31 rows=1 width=61) (actual time=0.057..0.058 rows=1 loops=1)

  Index Cond: (i_id = 15508)

Planning Time: 0.095 ms

Execution Time: 0.079 ms
Failed SQL 1886: SELECT I_PRICE, I_NAME , I_DATA FROM ITEM WHERE I_ID = 15508
Error Message: Cannot invoke "java.util.List.get(int)" because the return value of "sg.edu.nus.autotune.DB2DATA.getAllIndexes()" is null


===== Query 1887 =====

SQL: SELECT S_QUANTITY, S_DATA, S_DIST_01, S_DIST_02, S_DIST_03, S_DIST_04, S_DIST_05, S_DIST_06, S_DIST_07, S_DIST_08, S_DIST_09, S_DIST_10 FROM STOCK WHERE S_I_ID = 15508 AND S_W_ID = 1

EXPLAIN Plan:

Index Scan using stock_pkey on stock  (cost=0.42..8.44 rows=1 width=291) (actual time=0.869..0.872 rows=1 loops=1)

  Index Cond: ((s_w_id = 1) AND (s_i_id = 15508))

Planning Time: 0.108 ms

Execution Time: 0.899 ms
Failed SQL 1887: SELECT S_QUANTITY, S_DATA, S_DIST_01, S_DIST_02, S_DIST_03, S_DIST_04, S_DIST_05, S_DIST_06, S_DIST_07, S_DIST_08, S_DIST_09, S_DIST_10 FROM STOCK WHERE S_I_ID = 15508 AND S_W_ID = 1
Error Message: Cannot invoke "java.util.List.get(int)" because the return value of "sg.edu.nus.autotune.DB2DATA.getAllIndexes()" is null


===== Query 1888 =====

SQL: UPDATE STOCK SET S_QUANTITY = 95, S_YTD = S_YTD + 8, S_ORDER_CNT = S_ORDER_CNT + 1, S_REMOTE_CNT = S_REMOTE_CNT + 0 WHERE S_I_ID = 15508 AND S_W_ID = 1

EXPLAIN Plan:

Update on stock  (cost=0.42..8.45 rows=0 width=0) (actual time=0.106..0.106 rows=0 loops=1)

  ->  Index Scan using stock_pkey on stock  (cost=0.42..8.45 rows=1 width=32) (actual time=0.029..0.031 rows=1 loops=1)

        Index Cond: ((s_w_id = 1) AND (s_i_id = 15508))

Planning Time: 0.134 ms

Execution Time: 0.137 ms
Failed SQL 1888: UPDATE STOCK SET S_QUANTITY = 95, S_YTD = S_YTD + 8, S_ORDER_CNT = S_ORDER_CNT + 1, S_REMOTE_CNT = S_REMOTE_CNT + 0 WHERE S_I_ID = 15508 AND S_W_ID = 1
Error Message: Cannot invoke "java.util.List.get(int)" because the return value of "sg.edu.nus.autotune.DB2DATA.getAllIndexes()" is null


===== Query 1889 =====

SQL: SELECT I_PRICE, I_NAME , I_DATA FROM ITEM WHERE I_ID = 81559

EXPLAIN Plan:

Index Scan using item_pkey on item  (cost=0.29..8.31 rows=1 width=61) (actual time=0.037..0.038 rows=1 loops=1)

  Index Cond: (i_id = 81559)

Planning Time: 0.064 ms

Execution Time: 0.053 ms
Failed SQL 1889: SELECT I_PRICE, I_NAME , I_DATA FROM ITEM WHERE I_ID = 81559
Error Message: Cannot invoke "java.util.List.get(int)" because the return value of "sg.edu.nus.autotune.DB2DATA.getAllIndexes()" is null


===== Query 1890 =====

SQL: SELECT S_QUANTITY, S_DATA, S_DIST_01, S_DIST_02, S_DIST_03, S_DIST_04, S_DIST_05, S_DIST_06, S_DIST_07, S_DIST_08, S_DIST_09, S_DIST_10 FROM STOCK WHERE S_I_ID = 81559 AND S_W_ID = 1

EXPLAIN Plan:

Index Scan using stock_pkey on stock  (cost=0.42..8.44 rows=1 width=291) (actual time=0.055..0.056 rows=1 loops=1)

  Index Cond: ((s_w_id = 1) AND (s_i_id = 81559))

Planning Time: 0.096 ms

Execution Time: 0.078 ms
Failed SQL 1890: SELECT S_QUANTITY, S_DATA, S_DIST_01, S_DIST_02, S_DIST_03, S_DIST_04, S_DIST_05, S_DIST_06, S_DIST_07, S_DIST_08, S_DIST_09, S_DIST_10 FROM STOCK WHERE S_I_ID = 81559 AND S_W_ID = 1
Error Message: Cannot invoke "java.util.List.get(int)" because the return value of "sg.edu.nus.autotune.DB2DATA.getAllIndexes()" is null


===== Query 1891 =====

SQL: UPDATE STOCK SET S_QUANTITY = 41, S_YTD = S_YTD + 10, S_ORDER_CNT = S_ORDER_CNT + 1, S_REMOTE_CNT = S_REMOTE_CNT + 0 WHERE S_I_ID = 81559 AND S_W_ID = 1

EXPLAIN Plan:

Update on stock  (cost=0.42..8.45 rows=0 width=0) (actual time=0.067..0.068 rows=0 loops=1)

  ->  Index Scan using stock_pkey on stock  (cost=0.42..8.45 rows=1 width=32) (actual time=0.018..0.019 rows=1 loops=1)

        Index Cond: ((s_w_id = 1) AND (s_i_id = 81559))

Planning Time: 0.069 ms

Execution Time: 0.085 ms
Failed SQL 1891: UPDATE STOCK SET S_QUANTITY = 41, S_YTD = S_YTD + 10, S_ORDER_CNT = S_ORDER_CNT + 1, S_REMOTE_CNT = S_REMOTE_CNT + 0 WHERE S_I_ID = 81559 AND S_W_ID = 1
Error Message: Cannot invoke "java.util.List.get(int)" because the return value of "sg.edu.nus.autotune.DB2DATA.getAllIndexes()" is null


===== Query 1892 =====

SQL: SELECT I_PRICE, I_NAME , I_DATA FROM ITEM WHERE I_ID = 98015

EXPLAIN Plan:

Index Scan using item_pkey on item  (cost=0.29..8.31 rows=1 width=61) (actual time=1.143..1.146 rows=1 loops=1)

  Index Cond: (i_id = 98015)

Planning Time: 0.073 ms

Execution Time: 1.165 ms
Failed SQL 1892: SELECT I_PRICE, I_NAME , I_DATA FROM ITEM WHERE I_ID = 98015
Error Message: Cannot invoke "java.util.List.get(int)" because the return value of "sg.edu.nus.autotune.DB2DATA.getAllIndexes()" is null


===== Query 1893 =====

SQL: SELECT S_QUANTITY, S_DATA, S_DIST_01, S_DIST_02, S_DIST_03, S_DIST_04, S_DIST_05, S_DIST_06, S_DIST_07, S_DIST_08, S_DIST_09, S_DIST_10 FROM STOCK WHERE S_I_ID = 98015 AND S_W_ID = 1

EXPLAIN Plan:

Index Scan using stock_pkey on stock  (cost=0.42..8.44 rows=1 width=291) (actual time=0.064..0.065 rows=1 loops=1)

  Index Cond: ((s_w_id = 1) AND (s_i_id = 98015))

Planning Time: 0.094 ms

Execution Time: 0.097 ms
Failed SQL 1893: SELECT S_QUANTITY, S_DATA, S_DIST_01, S_DIST_02, S_DIST_03, S_DIST_04, S_DIST_05, S_DIST_06, S_DIST_07, S_DIST_08, S_DIST_09, S_DIST_10 FROM STOCK WHERE S_I_ID = 98015 AND S_W_ID = 1
Error Message: Cannot invoke "java.util.List.get(int)" because the return value of "sg.edu.nus.autotune.DB2DATA.getAllIndexes()" is null


===== Query 1894 =====

SQL: UPDATE STOCK SET S_QUANTITY = 31, S_YTD = S_YTD + 10, S_ORDER_CNT = S_ORDER_CNT + 1, S_REMOTE_CNT = S_REMOTE_CNT + 0 WHERE S_I_ID = 47570 AND S_W_ID = 2

EXPLAIN Plan:

Update on stock  (cost=0.42..8.45 rows=0 width=0) (actual time=0.088..0.088 rows=0 loops=1)

  ->  Index Scan using stock_pkey on stock  (cost=0.42..8.45 rows=1 width=32) (actual time=0.029..0.030 rows=1 loops=1)

        Index Cond: ((s_w_id = 2) AND (s_i_id = 47570))

Planning Time: 0.101 ms

Execution Time: 0.116 ms
Failed SQL 1894: UPDATE STOCK SET S_QUANTITY = 31, S_YTD = S_YTD + 10, S_ORDER_CNT = S_ORDER_CNT + 1, S_REMOTE_CNT = S_REMOTE_CNT + 0 WHERE S_I_ID = 47570 AND S_W_ID = 2
Error Message: Cannot invoke "java.util.List.get(int)" because the return value of "sg.edu.nus.autotune.DB2DATA.getAllIndexes()" is null


===== Query 1895 =====

SQL: SELECT I_PRICE, I_NAME , I_DATA FROM ITEM WHERE I_ID = 81319

EXPLAIN Plan:

Index Scan using item_pkey on item  (cost=0.29..8.31 rows=1 width=61) (actual time=0.043..0.044 rows=1 loops=1)

  Index Cond: (i_id = 81319)

Planning Time: 0.083 ms

Execution Time: 0.064 ms
Failed SQL 1895: SELECT I_PRICE, I_NAME , I_DATA FROM ITEM WHERE I_ID = 81319
Error Message: Cannot invoke "java.util.List.get(int)" because the return value of "sg.edu.nus.autotune.DB2DATA.getAllIndexes()" is null


===== Query 1896 =====

SQL: SELECT S_QUANTITY, S_DATA, S_DIST_01, S_DIST_02, S_DIST_03, S_DIST_04, S_DIST_05, S_DIST_06, S_DIST_07, S_DIST_08, S_DIST_09, S_DIST_10 FROM STOCK WHERE S_I_ID = 81319 AND S_W_ID = 2

EXPLAIN Plan:

Index Scan using stock_pkey on stock  (cost=0.42..8.44 rows=1 width=291) (actual time=0.056..0.058 rows=1 loops=1)

  Index Cond: ((s_w_id = 2) AND (s_i_id = 81319))

Planning Time: 0.110 ms

Execution Time: 0.082 ms
Failed SQL 1896: SELECT S_QUANTITY, S_DATA, S_DIST_01, S_DIST_02, S_DIST_03, S_DIST_04, S_DIST_05, S_DIST_06, S_DIST_07, S_DIST_08, S_DIST_09, S_DIST_10 FROM STOCK WHERE S_I_ID = 81319 AND S_W_ID = 2
Error Message: Cannot invoke "java.util.List.get(int)" because the return value of "sg.edu.nus.autotune.DB2DATA.getAllIndexes()" is null


===== Query 1897 =====

SQL: UPDATE STOCK SET S_QUANTITY = 45, S_YTD = S_YTD + 7, S_ORDER_CNT = S_ORDER_CNT + 1, S_REMOTE_CNT = S_REMOTE_CNT + 0 WHERE S_I_ID = 81319 AND S_W_ID = 2

EXPLAIN Plan:

Update on stock  (cost=0.42..8.45 rows=0 width=0) (actual time=0.132..0.133 rows=0 loops=1)

  ->  Index Scan using stock_pkey on stock  (cost=0.42..8.45 rows=1 width=32) (actual time=0.030..0.032 rows=1 loops=1)

        Index Cond: ((s_w_id = 2) AND (s_i_id = 81319))

Planning Time: 0.121 ms

Execution Time: 0.163 ms
Failed SQL 1897: UPDATE STOCK SET S_QUANTITY = 45, S_YTD = S_YTD + 7, S_ORDER_CNT = S_ORDER_CNT + 1, S_REMOTE_CNT = S_REMOTE_CNT + 0 WHERE S_I_ID = 81319 AND S_W_ID = 2
Error Message: Cannot invoke "java.util.List.get(int)" because the return value of "sg.edu.nus.autotune.DB2DATA.getAllIndexes()" is null


===== Query 1898 =====

SQL: SELECT C_DISCOUNT, C_LAST, C_CREDIT, W_TAX FROM CUSTOMER, WAREHOUSE WHERE W_ID = 2 AND C_W_ID = 2 AND C_D_ID = 6 AND C_ID = 2291

EXPLAIN Plan:

Nested Loop  (cost=4.56..16.61 rows=1 width=26) (actual time=0.105..0.107 rows=1 loops=1)

  ->  Index Scan using customer_pkey on customer  (cost=0.42..8.44 rows=1 width=21) (actual time=0.076..0.076 rows=1 loops=1)

        Index Cond: ((c_w_id = 2) AND (c_d_id = 6) AND (c_id = 2291))

  ->  Bitmap Heap Scan on warehouse  (cost=4.14..8.15 rows=1 width=5) (actual time=0.019..0.020 rows=1 loops=1)

        Recheck Cond: (w_id = 2)

        Heap Blocks: exact=1

        ->  Bitmap Index Scan on warehouse_pkey  (cost=0.00..4.14 rows=1 width=0) (actual time=0.005..0.005 rows=1 loops=1)

              Index Cond: (w_id = 2)

Planning Time: 0.167 ms

Execution Time: 0.152 ms
Failed SQL 1898: SELECT C_DISCOUNT, C_LAST, C_CREDIT, W_TAX FROM CUSTOMER, WAREHOUSE WHERE W_ID = 2 AND C_W_ID = 2 AND C_D_ID = 6 AND C_ID = 2291
Error Message: Cannot invoke "java.util.List.get(int)" because the return value of "sg.edu.nus.autotune.DB2DATA.getAllIndexes()" is null


===== Query 1899 =====

SQL: UPDATE STOCK SET S_QUANTITY = 44, S_YTD = S_YTD + 6, S_ORDER_CNT = S_ORDER_CNT + 1, S_REMOTE_CNT = S_REMOTE_CNT + 0 WHERE S_I_ID = 98015 AND S_W_ID = 1

EXPLAIN Plan:

Update on stock  (cost=0.42..8.45 rows=0 width=0) (actual time=0.043..0.043 rows=0 loops=1)

  ->  Index Scan using stock_pkey on stock  (cost=0.42..8.45 rows=1 width=32) (actual time=0.016..0.017 rows=1 loops=1)

        Index Cond: ((s_w_id = 1) AND (s_i_id = 98015))

Planning Time: 0.061 ms

Execution Time: 0.059 ms
Failed SQL 1899: UPDATE STOCK SET S_QUANTITY = 44, S_YTD = S_YTD + 6, S_ORDER_CNT = S_ORDER_CNT + 1, S_REMOTE_CNT = S_REMOTE_CNT + 0 WHERE S_I_ID = 98015 AND S_W_ID = 1
Error Message: Cannot invoke "java.util.List.get(int)" because the return value of "sg.edu.nus.autotune.DB2DATA.getAllIndexes()" is null


===== Query 1900 =====

SQL: SELECT I_PRICE, I_NAME , I_DATA FROM ITEM WHERE I_ID = 31311

EXPLAIN Plan:

Index Scan using item_pkey on item  (cost=0.29..8.31 rows=1 width=61) (actual time=0.034..0.036 rows=1 loops=1)

  Index Cond: (i_id = 31311)

Planning Time: 0.061 ms

Execution Time: 0.050 ms
Failed SQL 1900: SELECT I_PRICE, I_NAME , I_DATA FROM ITEM WHERE I_ID = 31311
Error Message: Cannot invoke "java.util.List.get(int)" because the return value of "sg.edu.nus.autotune.DB2DATA.getAllIndexes()" is null


===== Query 1901 =====

SQL: SELECT S_QUANTITY, S_DATA, S_DIST_01, S_DIST_02, S_DIST_03, S_DIST_04, S_DIST_05, S_DIST_06, S_DIST_07, S_DIST_08, S_DIST_09, S_DIST_10 FROM STOCK WHERE S_I_ID = 31311 AND S_W_ID = 1

EXPLAIN Plan:

Index Scan using stock_pkey on stock  (cost=0.42..8.44 rows=1 width=291) (actual time=0.814..0.816 rows=1 loops=1)

  Index Cond: ((s_w_id = 1) AND (s_i_id = 31311))

Planning Time: 0.097 ms

Execution Time: 0.839 ms
Failed SQL 1901: SELECT S_QUANTITY, S_DATA, S_DIST_01, S_DIST_02, S_DIST_03, S_DIST_04, S_DIST_05, S_DIST_06, S_DIST_07, S_DIST_08, S_DIST_09, S_DIST_10 FROM STOCK WHERE S_I_ID = 31311 AND S_W_ID = 1
Error Message: Cannot invoke "java.util.List.get(int)" because the return value of "sg.edu.nus.autotune.DB2DATA.getAllIndexes()" is null


===== Query 1902 =====

SQL: SELECT D_NEXT_O_ID, D_TAX FROM DISTRICT WHERE D_W_ID = 2 AND D_ID = 6

EXPLAIN Plan:

Bitmap Heap Scan on district  (cost=4.28..11.66 rows=2 width=9) (actual time=0.012..0.013 rows=1 loops=1)

  Recheck Cond: ((d_w_id = 2) AND (d_id = 6))

  Heap Blocks: exact=1

  ->  Bitmap Index Scan on district_pkey  (cost=0.00..4.28 rows=2 width=0) (actual time=0.007..0.008 rows=1 loops=1)

        Index Cond: ((d_w_id = 2) AND (d_id = 6))

Planning Time: 0.052 ms

Execution Time: 0.026 ms
Failed SQL 1902: SELECT D_NEXT_O_ID, D_TAX FROM DISTRICT WHERE D_W_ID = 2 AND D_ID = 6
Error Message: Cannot invoke "java.util.List.get(int)" because the return value of "sg.edu.nus.autotune.DB2DATA.getAllIndexes()" is null


===== Query 1903 =====

SQL: UPDATE DISTRICT SET D_NEXT_O_ID = D_NEXT_O_ID + 1 WHERE D_W_ID = 2 AND D_ID = 6

EXPLAIN Plan:

Update on district  (cost=4.28..11.67 rows=0 width=0) (actual time=0.083..0.083 rows=0 loops=1)

  ->  Bitmap Heap Scan on district  (cost=4.28..11.67 rows=2 width=10) (actual time=0.020..0.021 rows=1 loops=1)

        Recheck Cond: ((d_w_id = 2) AND (d_id = 6))

        Heap Blocks: exact=1

        ->  Bitmap Index Scan on district_pkey  (cost=0.00..4.28 rows=2 width=0) (actual time=0.012..0.012 rows=1 loops=1)

              Index Cond: ((d_w_id = 2) AND (d_id = 6))

Planning Time: 0.088 ms

Execution Time: 0.119 ms
Failed SQL 1903: UPDATE DISTRICT SET D_NEXT_O_ID = D_NEXT_O_ID + 1 WHERE D_W_ID = 2 AND D_ID = 6
Error Message: Cannot invoke "java.util.List.get(int)" because the return value of "sg.edu.nus.autotune.DB2DATA.getAllIndexes()" is null


===== Query 1904 =====

SQL: SELECT I_PRICE, I_NAME , I_DATA FROM ITEM WHERE I_ID = 6183

EXPLAIN Plan:

Index Scan using item_pkey on item  (cost=0.29..8.31 rows=1 width=61) (actual time=0.013..0.014 rows=1 loops=1)

  Index Cond: (i_id = 6183)

Planning Time: 0.051 ms

Execution Time: 0.026 ms
Failed SQL 1904: SELECT I_PRICE, I_NAME , I_DATA FROM ITEM WHERE I_ID = 6183
Error Message: Cannot invoke "java.util.List.get(int)" because the return value of "sg.edu.nus.autotune.DB2DATA.getAllIndexes()" is null


===== Query 1905 =====

SQL: SELECT S_QUANTITY, S_DATA, S_DIST_01, S_DIST_02, S_DIST_03, S_DIST_04, S_DIST_05, S_DIST_06, S_DIST_07, S_DIST_08, S_DIST_09, S_DIST_10 FROM STOCK WHERE S_I_ID = 6183 AND S_W_ID = 2

EXPLAIN Plan:

Index Scan using stock_pkey on stock  (cost=0.42..8.44 rows=1 width=291) (actual time=0.040..0.042 rows=1 loops=1)

  Index Cond: ((s_w_id = 2) AND (s_i_id = 6183))

Planning Time: 0.092 ms

Execution Time: 0.063 ms
Failed SQL 1905: SELECT S_QUANTITY, S_DATA, S_DIST_01, S_DIST_02, S_DIST_03, S_DIST_04, S_DIST_05, S_DIST_06, S_DIST_07, S_DIST_08, S_DIST_09, S_DIST_10 FROM STOCK WHERE S_I_ID = 6183 AND S_W_ID = 2
Error Message: Cannot invoke "java.util.List.get(int)" because the return value of "sg.edu.nus.autotune.DB2DATA.getAllIndexes()" is null


===== Query 1906 =====

SQL: UPDATE STOCK SET S_QUANTITY = 33, S_YTD = S_YTD + 7, S_ORDER_CNT = S_ORDER_CNT + 1, S_REMOTE_CNT = S_REMOTE_CNT + 0 WHERE S_I_ID = 6183 AND S_W_ID = 2

EXPLAIN Plan:

Update on stock  (cost=0.42..8.45 rows=0 width=0) (actual time=0.110..0.110 rows=0 loops=1)

  ->  Index Scan using stock_pkey on stock  (cost=0.42..8.45 rows=1 width=32) (actual time=0.029..0.031 rows=1 loops=1)

        Index Cond: ((s_w_id = 2) AND (s_i_id = 6183))

Planning Time: 0.122 ms

Execution Time: 0.142 ms
Failed SQL 1906: UPDATE STOCK SET S_QUANTITY = 33, S_YTD = S_YTD + 7, S_ORDER_CNT = S_ORDER_CNT + 1, S_REMOTE_CNT = S_REMOTE_CNT + 0 WHERE S_I_ID = 6183 AND S_W_ID = 2
Error Message: Cannot invoke "java.util.List.get(int)" because the return value of "sg.edu.nus.autotune.DB2DATA.getAllIndexes()" is null


===== Query 1907 =====

SQL: SELECT I_PRICE, I_NAME , I_DATA FROM ITEM WHERE I_ID = 77414

EXPLAIN Plan:

Index Scan using item_pkey on item  (cost=0.29..8.31 rows=1 width=61) (actual time=0.043..0.045 rows=1 loops=1)

  Index Cond: (i_id = 77414)

Planning Time: 0.087 ms

Execution Time: 0.065 ms
Failed SQL 1907: SELECT I_PRICE, I_NAME , I_DATA FROM ITEM WHERE I_ID = 77414
Error Message: Cannot invoke "java.util.List.get(int)" because the return value of "sg.edu.nus.autotune.DB2DATA.getAllIndexes()" is null


===== Query 1908 =====

SQL: SELECT S_QUANTITY, S_DATA, S_DIST_01, S_DIST_02, S_DIST_03, S_DIST_04, S_DIST_05, S_DIST_06, S_DIST_07, S_DIST_08, S_DIST_09, S_DIST_10 FROM STOCK WHERE S_I_ID = 77414 AND S_W_ID = 2

EXPLAIN Plan:

Index Scan using stock_pkey on stock  (cost=0.42..8.44 rows=1 width=291) (actual time=0.049..0.051 rows=1 loops=1)

  Index Cond: ((s_w_id = 2) AND (s_i_id = 77414))

Planning Time: 0.089 ms

Execution Time: 0.071 ms
Failed SQL 1908: SELECT S_QUANTITY, S_DATA, S_DIST_01, S_DIST_02, S_DIST_03, S_DIST_04, S_DIST_05, S_DIST_06, S_DIST_07, S_DIST_08, S_DIST_09, S_DIST_10 FROM STOCK WHERE S_I_ID = 77414 AND S_W_ID = 2
Error Message: Cannot invoke "java.util.List.get(int)" because the return value of "sg.edu.nus.autotune.DB2DATA.getAllIndexes()" is null


===== Query 1909 =====

SQL: UPDATE STOCK SET S_QUANTITY = 14, S_YTD = S_YTD + 3, S_ORDER_CNT = S_ORDER_CNT + 1, S_REMOTE_CNT = S_REMOTE_CNT + 0 WHERE S_I_ID = 31311 AND S_W_ID = 1

EXPLAIN Plan:

Update on stock  (cost=0.42..8.45 rows=0 width=0) (actual time=0.074..0.075 rows=0 loops=1)

  ->  Index Scan using stock_pkey on stock  (cost=0.42..8.45 rows=1 width=32) (actual time=0.033..0.035 rows=1 loops=1)

        Index Cond: ((s_w_id = 1) AND (s_i_id = 31311))

Planning Time: 0.123 ms

Execution Time: 0.104 ms
Failed SQL 1909: UPDATE STOCK SET S_QUANTITY = 14, S_YTD = S_YTD + 3, S_ORDER_CNT = S_ORDER_CNT + 1, S_REMOTE_CNT = S_REMOTE_CNT + 0 WHERE S_I_ID = 31311 AND S_W_ID = 1
Error Message: Cannot invoke "java.util.List.get(int)" because the return value of "sg.edu.nus.autotune.DB2DATA.getAllIndexes()" is null


===== Query 1910 =====

SQL: SELECT I_PRICE, I_NAME , I_DATA FROM ITEM WHERE I_ID = 11965

EXPLAIN Plan:

Index Scan using item_pkey on item  (cost=0.29..8.31 rows=1 width=61) (actual time=0.083..0.084 rows=1 loops=1)

  Index Cond: (i_id = 11965)

Planning Time: 0.071 ms

Execution Time: 0.102 ms
Failed SQL 1910: SELECT I_PRICE, I_NAME , I_DATA FROM ITEM WHERE I_ID = 11965
Error Message: Cannot invoke "java.util.List.get(int)" because the return value of "sg.edu.nus.autotune.DB2DATA.getAllIndexes()" is null


===== Query 1911 =====

SQL: SELECT S_QUANTITY, S_DATA, S_DIST_01, S_DIST_02, S_DIST_03, S_DIST_04, S_DIST_05, S_DIST_06, S_DIST_07, S_DIST_08, S_DIST_09, S_DIST_10 FROM STOCK WHERE S_I_ID = 11965 AND S_W_ID = 1

EXPLAIN Plan:

Index Scan using stock_pkey on stock  (cost=0.42..8.44 rows=1 width=291) (actual time=0.205..0.206 rows=1 loops=1)

  Index Cond: ((s_w_id = 1) AND (s_i_id = 11965))

Planning Time: 0.073 ms

Execution Time: 0.220 ms
Failed SQL 1911: SELECT S_QUANTITY, S_DATA, S_DIST_01, S_DIST_02, S_DIST_03, S_DIST_04, S_DIST_05, S_DIST_06, S_DIST_07, S_DIST_08, S_DIST_09, S_DIST_10 FROM STOCK WHERE S_I_ID = 11965 AND S_W_ID = 1
Error Message: Cannot invoke "java.util.List.get(int)" because the return value of "sg.edu.nus.autotune.DB2DATA.getAllIndexes()" is null


===== Query 1912 =====

SQL: UPDATE STOCK SET S_QUANTITY = 90, S_YTD = S_YTD + 10, S_ORDER_CNT = S_ORDER_CNT + 1, S_REMOTE_CNT = S_REMOTE_CNT + 0 WHERE S_I_ID = 11965 AND S_W_ID = 1

EXPLAIN Plan:

Update on stock  (cost=0.42..8.45 rows=0 width=0) (actual time=0.059..0.059 rows=0 loops=1)

  ->  Index Scan using stock_pkey on stock  (cost=0.42..8.45 rows=1 width=32) (actual time=0.015..0.016 rows=1 loops=1)

        Index Cond: ((s_w_id = 1) AND (s_i_id = 11965))

Planning Time: 0.063 ms

Execution Time: 0.074 ms
Failed SQL 1912: UPDATE STOCK SET S_QUANTITY = 90, S_YTD = S_YTD + 10, S_ORDER_CNT = S_ORDER_CNT + 1, S_REMOTE_CNT = S_REMOTE_CNT + 0 WHERE S_I_ID = 11965 AND S_W_ID = 1
Error Message: Cannot invoke "java.util.List.get(int)" because the return value of "sg.edu.nus.autotune.DB2DATA.getAllIndexes()" is null


===== Query 1913 =====

SQL: SELECT I_PRICE, I_NAME , I_DATA FROM ITEM WHERE I_ID = 84513

EXPLAIN Plan:

Index Scan using item_pkey on item  (cost=0.29..8.31 rows=1 width=61) (actual time=1.761..1.763 rows=1 loops=1)

  Index Cond: (i_id = 84513)

Planning Time: 0.072 ms

Execution Time: 1.779 ms
Failed SQL 1913: SELECT I_PRICE, I_NAME , I_DATA FROM ITEM WHERE I_ID = 84513
Error Message: Cannot invoke "java.util.List.get(int)" because the return value of "sg.edu.nus.autotune.DB2DATA.getAllIndexes()" is null


===== Query 1914 =====

SQL: UPDATE STOCK SET S_QUANTITY = 84, S_YTD = S_YTD + 10, S_ORDER_CNT = S_ORDER_CNT + 1, S_REMOTE_CNT = S_REMOTE_CNT + 0 WHERE S_I_ID = 77414 AND S_W_ID = 2

EXPLAIN Plan:

Update on stock  (cost=0.42..8.45 rows=0 width=0) (actual time=0.087..0.088 rows=0 loops=1)

  ->  Index Scan using stock_pkey on stock  (cost=0.42..8.45 rows=1 width=32) (actual time=0.030..0.032 rows=1 loops=1)

        Index Cond: ((s_w_id = 2) AND (s_i_id = 77414))

Planning Time: 0.104 ms

Execution Time: 0.116 ms
Failed SQL 1914: UPDATE STOCK SET S_QUANTITY = 84, S_YTD = S_YTD + 10, S_ORDER_CNT = S_ORDER_CNT + 1, S_REMOTE_CNT = S_REMOTE_CNT + 0 WHERE S_I_ID = 77414 AND S_W_ID = 2
Error Message: Cannot invoke "java.util.List.get(int)" because the return value of "sg.edu.nus.autotune.DB2DATA.getAllIndexes()" is null


===== Query 1915 =====

SQL: SELECT I_PRICE, I_NAME , I_DATA FROM ITEM WHERE I_ID = 59813

EXPLAIN Plan:

Index Scan using item_pkey on item  (cost=0.29..8.31 rows=1 width=61) (actual time=1.055..1.057 rows=1 loops=1)

  Index Cond: (i_id = 59813)

Planning Time: 0.072 ms

Execution Time: 1.076 ms
Failed SQL 1915: SELECT I_PRICE, I_NAME , I_DATA FROM ITEM WHERE I_ID = 59813
Error Message: Cannot invoke "java.util.List.get(int)" because the return value of "sg.edu.nus.autotune.DB2DATA.getAllIndexes()" is null


===== Query 1916 =====

SQL: SELECT S_QUANTITY, S_DATA, S_DIST_01, S_DIST_02, S_DIST_03, S_DIST_04, S_DIST_05, S_DIST_06, S_DIST_07, S_DIST_08, S_DIST_09, S_DIST_10 FROM STOCK WHERE S_I_ID = 84513 AND S_W_ID = 1

EXPLAIN Plan:

Index Scan using stock_pkey on stock  (cost=0.42..8.44 rows=1 width=291) (actual time=0.535..0.538 rows=1 loops=1)

  Index Cond: ((s_w_id = 1) AND (s_i_id = 84513))

Planning Time: 0.130 ms

Execution Time: 0.566 ms
Failed SQL 1916: SELECT S_QUANTITY, S_DATA, S_DIST_01, S_DIST_02, S_DIST_03, S_DIST_04, S_DIST_05, S_DIST_06, S_DIST_07, S_DIST_08, S_DIST_09, S_DIST_10 FROM STOCK WHERE S_I_ID = 84513 AND S_W_ID = 1
Error Message: Cannot invoke "java.util.List.get(int)" because the return value of "sg.edu.nus.autotune.DB2DATA.getAllIndexes()" is null


===== Query 1917 =====

SQL: UPDATE STOCK SET S_QUANTITY = 99, S_YTD = S_YTD + 1, S_ORDER_CNT = S_ORDER_CNT + 1, S_REMOTE_CNT = S_REMOTE_CNT + 0 WHERE S_I_ID = 84513 AND S_W_ID = 1

EXPLAIN Plan:

Update on stock  (cost=0.42..8.45 rows=0 width=0) (actual time=0.168..0.168 rows=0 loops=1)

  ->  Index Scan using stock_pkey on stock  (cost=0.42..8.45 rows=1 width=32) (actual time=0.040..0.042 rows=1 loops=1)

        Index Cond: ((s_w_id = 1) AND (s_i_id = 84513))

Planning Time: 0.162 ms

Execution Time: 0.203 ms
Failed SQL 1917: UPDATE STOCK SET S_QUANTITY = 99, S_YTD = S_YTD + 1, S_ORDER_CNT = S_ORDER_CNT + 1, S_REMOTE_CNT = S_REMOTE_CNT + 0 WHERE S_I_ID = 84513 AND S_W_ID = 1
Error Message: Cannot invoke "java.util.List.get(int)" because the return value of "sg.edu.nus.autotune.DB2DATA.getAllIndexes()" is null


===== Query 1918 =====

SQL: SELECT I_PRICE, I_NAME , I_DATA FROM ITEM WHERE I_ID = 93924

EXPLAIN Plan:

Index Scan using item_pkey on item  (cost=0.29..8.31 rows=1 width=61) (actual time=0.065..0.067 rows=1 loops=1)

  Index Cond: (i_id = 93924)

Planning Time: 0.084 ms

Execution Time: 0.087 ms
Failed SQL 1918: SELECT I_PRICE, I_NAME , I_DATA FROM ITEM WHERE I_ID = 93924
Error Message: Cannot invoke "java.util.List.get(int)" because the return value of "sg.edu.nus.autotune.DB2DATA.getAllIndexes()" is null


===== Query 1919 =====

SQL: SELECT S_QUANTITY, S_DATA, S_DIST_01, S_DIST_02, S_DIST_03, S_DIST_04, S_DIST_05, S_DIST_06, S_DIST_07, S_DIST_08, S_DIST_09, S_DIST_10 FROM STOCK WHERE S_I_ID = 93924 AND S_W_ID = 1

EXPLAIN Plan:

Index Scan using stock_pkey on stock  (cost=0.42..8.44 rows=1 width=291) (actual time=6.504..6.510 rows=1 loops=1)

  Index Cond: ((s_w_id = 1) AND (s_i_id = 93924))

Planning Time: 0.737 ms

Execution Time: 6.573 ms
Failed SQL 1919: SELECT S_QUANTITY, S_DATA, S_DIST_01, S_DIST_02, S_DIST_03, S_DIST_04, S_DIST_05, S_DIST_06, S_DIST_07, S_DIST_08, S_DIST_09, S_DIST_10 FROM STOCK WHERE S_I_ID = 93924 AND S_W_ID = 1
Error Message: Cannot invoke "java.util.List.get(int)" because the return value of "sg.edu.nus.autotune.DB2DATA.getAllIndexes()" is null


===== Query 1920 =====

SQL: UPDATE STOCK SET S_QUANTITY = 38, S_YTD = S_YTD + 5, S_ORDER_CNT = S_ORDER_CNT + 1, S_REMOTE_CNT = S_REMOTE_CNT + 0 WHERE S_I_ID = 93924 AND S_W_ID = 1

EXPLAIN Plan:

Update on stock  (cost=0.42..8.45 rows=0 width=0) (actual time=0.213..0.213 rows=0 loops=1)

  ->  Index Scan using stock_pkey on stock  (cost=0.42..8.45 rows=1 width=32) (actual time=0.072..0.073 rows=1 loops=1)

        Index Cond: ((s_w_id = 1) AND (s_i_id = 93924))

Planning Time: 0.120 ms

Execution Time: 0.259 ms
Failed SQL 1920: UPDATE STOCK SET S_QUANTITY = 38, S_YTD = S_YTD + 5, S_ORDER_CNT = S_ORDER_CNT + 1, S_REMOTE_CNT = S_REMOTE_CNT + 0 WHERE S_I_ID = 93924 AND S_W_ID = 1
Error Message: Cannot invoke "java.util.List.get(int)" because the return value of "sg.edu.nus.autotune.DB2DATA.getAllIndexes()" is null


===== Query 1921 =====

SQL: SELECT I_PRICE, I_NAME , I_DATA FROM ITEM WHERE I_ID = 33471

EXPLAIN Plan:

Index Scan using item_pkey on item  (cost=0.29..8.31 rows=1 width=61) (actual time=1.370..1.373 rows=1 loops=1)

  Index Cond: (i_id = 33471)

Planning Time: 0.045 ms

Execution Time: 1.389 ms
Failed SQL 1921: SELECT I_PRICE, I_NAME , I_DATA FROM ITEM WHERE I_ID = 33471
Error Message: Cannot invoke "java.util.List.get(int)" because the return value of "sg.edu.nus.autotune.DB2DATA.getAllIndexes()" is null


===== Query 1922 =====

SQL: SELECT S_QUANTITY, S_DATA, S_DIST_01, S_DIST_02, S_DIST_03, S_DIST_04, S_DIST_05, S_DIST_06, S_DIST_07, S_DIST_08, S_DIST_09, S_DIST_10 FROM STOCK WHERE S_I_ID = 59813 AND S_W_ID = 2

EXPLAIN Plan:

Index Scan using stock_pkey on stock  (cost=0.42..8.44 rows=1 width=291) (actual time=0.443..0.445 rows=1 loops=1)

  Index Cond: ((s_w_id = 2) AND (s_i_id = 59813))

Planning Time: 0.126 ms

Execution Time: 0.469 ms
Failed SQL 1922: SELECT S_QUANTITY, S_DATA, S_DIST_01, S_DIST_02, S_DIST_03, S_DIST_04, S_DIST_05, S_DIST_06, S_DIST_07, S_DIST_08, S_DIST_09, S_DIST_10 FROM STOCK WHERE S_I_ID = 59813 AND S_W_ID = 2
Error Message: Cannot invoke "java.util.List.get(int)" because the return value of "sg.edu.nus.autotune.DB2DATA.getAllIndexes()" is null


===== Query 1923 =====

SQL: SELECT S_QUANTITY, S_DATA, S_DIST_01, S_DIST_02, S_DIST_03, S_DIST_04, S_DIST_05, S_DIST_06, S_DIST_07, S_DIST_08, S_DIST_09, S_DIST_10 FROM STOCK WHERE S_I_ID = 33471 AND S_W_ID = 1

EXPLAIN Plan:

Index Scan using stock_pkey on stock  (cost=0.42..8.44 rows=1 width=291) (actual time=1.007..1.010 rows=1 loops=1)

  Index Cond: ((s_w_id = 1) AND (s_i_id = 33471))

Planning Time: 0.078 ms

Execution Time: 1.033 ms
Failed SQL 1923: SELECT S_QUANTITY, S_DATA, S_DIST_01, S_DIST_02, S_DIST_03, S_DIST_04, S_DIST_05, S_DIST_06, S_DIST_07, S_DIST_08, S_DIST_09, S_DIST_10 FROM STOCK WHERE S_I_ID = 33471 AND S_W_ID = 1
Error Message: Cannot invoke "java.util.List.get(int)" because the return value of "sg.edu.nus.autotune.DB2DATA.getAllIndexes()" is null


===== Query 1924 =====

SQL: UPDATE STOCK SET S_QUANTITY = 93, S_YTD = S_YTD + 2, S_ORDER_CNT = S_ORDER_CNT + 1, S_REMOTE_CNT = S_REMOTE_CNT + 0 WHERE S_I_ID = 59813 AND S_W_ID = 2

EXPLAIN Plan:

Update on stock  (cost=0.42..8.45 rows=0 width=0) (actual time=0.174..0.175 rows=0 loops=1)

  ->  Index Scan using stock_pkey on stock  (cost=0.42..8.45 rows=1 width=32) (actual time=0.062..0.064 rows=1 loops=1)

        Index Cond: ((s_w_id = 2) AND (s_i_id = 59813))

Planning Time: 0.118 ms

Execution Time: 0.207 ms
Failed SQL 1924: UPDATE STOCK SET S_QUANTITY = 93, S_YTD = S_YTD + 2, S_ORDER_CNT = S_ORDER_CNT + 1, S_REMOTE_CNT = S_REMOTE_CNT + 0 WHERE S_I_ID = 59813 AND S_W_ID = 2
Error Message: Cannot invoke "java.util.List.get(int)" because the return value of "sg.edu.nus.autotune.DB2DATA.getAllIndexes()" is null


===== Query 1925 =====

SQL: SELECT I_PRICE, I_NAME , I_DATA FROM ITEM WHERE I_ID = 6051

EXPLAIN Plan:

Index Scan using item_pkey on item  (cost=0.29..8.31 rows=1 width=61) (actual time=0.057..0.058 rows=1 loops=1)

  Index Cond: (i_id = 6051)

Planning Time: 0.289 ms

Execution Time: 0.075 ms
Failed SQL 1925: SELECT I_PRICE, I_NAME , I_DATA FROM ITEM WHERE I_ID = 6051
Error Message: Cannot invoke "java.util.List.get(int)" because the return value of "sg.edu.nus.autotune.DB2DATA.getAllIndexes()" is null


===== Query 1926 =====

SQL: SELECT S_QUANTITY, S_DATA, S_DIST_01, S_DIST_02, S_DIST_03, S_DIST_04, S_DIST_05, S_DIST_06, S_DIST_07, S_DIST_08, S_DIST_09, S_DIST_10 FROM STOCK WHERE S_I_ID = 6051 AND S_W_ID = 2

EXPLAIN Plan:

Index Scan using stock_pkey on stock  (cost=0.42..8.44 rows=1 width=291) (actual time=0.389..0.390 rows=1 loops=1)

  Index Cond: ((s_w_id = 2) AND (s_i_id = 6051))

Planning Time: 0.079 ms

Execution Time: 0.408 ms
Failed SQL 1926: SELECT S_QUANTITY, S_DATA, S_DIST_01, S_DIST_02, S_DIST_03, S_DIST_04, S_DIST_05, S_DIST_06, S_DIST_07, S_DIST_08, S_DIST_09, S_DIST_10 FROM STOCK WHERE S_I_ID = 6051 AND S_W_ID = 2
Error Message: Cannot invoke "java.util.List.get(int)" because the return value of "sg.edu.nus.autotune.DB2DATA.getAllIndexes()" is null


===== Query 1927 =====

SQL: UPDATE STOCK SET S_QUANTITY = 37, S_YTD = S_YTD + 1, S_ORDER_CNT = S_ORDER_CNT + 1, S_REMOTE_CNT = S_REMOTE_CNT + 0 WHERE S_I_ID = 6051 AND S_W_ID = 2

EXPLAIN Plan:

Update on stock  (cost=0.42..8.45 rows=0 width=0) (actual time=0.089..0.089 rows=0 loops=1)

  ->  Index Scan using stock_pkey on stock  (cost=0.42..8.45 rows=1 width=32) (actual time=0.046..0.047 rows=1 loops=1)

        Index Cond: ((s_w_id = 2) AND (s_i_id = 6051))

Planning Time: 0.079 ms

Execution Time: 0.108 ms
Failed SQL 1927: UPDATE STOCK SET S_QUANTITY = 37, S_YTD = S_YTD + 1, S_ORDER_CNT = S_ORDER_CNT + 1, S_REMOTE_CNT = S_REMOTE_CNT + 0 WHERE S_I_ID = 6051 AND S_W_ID = 2
Error Message: Cannot invoke "java.util.List.get(int)" because the return value of "sg.edu.nus.autotune.DB2DATA.getAllIndexes()" is null


===== Query 1928 =====

SQL: SELECT I_PRICE, I_NAME , I_DATA FROM ITEM WHERE I_ID = 5442

EXPLAIN Plan:

Index Scan using item_pkey on item  (cost=0.29..8.31 rows=1 width=61) (actual time=1.080..1.083 rows=1 loops=1)

  Index Cond: (i_id = 5442)

Planning Time: 0.067 ms

Execution Time: 1.103 ms
Failed SQL 1928: SELECT I_PRICE, I_NAME , I_DATA FROM ITEM WHERE I_ID = 5442
Error Message: Cannot invoke "java.util.List.get(int)" because the return value of "sg.edu.nus.autotune.DB2DATA.getAllIndexes()" is null


===== Query 1929 =====

SQL: UPDATE STOCK SET S_QUANTITY = 10, S_YTD = S_YTD + 2, S_ORDER_CNT = S_ORDER_CNT + 1, S_REMOTE_CNT = S_REMOTE_CNT + 0 WHERE S_I_ID = 33471 AND S_W_ID = 1

EXPLAIN Plan:

Update on stock  (cost=0.42..8.45 rows=0 width=0) (actual time=0.228..0.229 rows=0 loops=1)

  ->  Index Scan using stock_pkey on stock  (cost=0.42..8.45 rows=1 width=32) (actual time=0.114..0.116 rows=1 loops=1)

        Index Cond: ((s_w_id = 1) AND (s_i_id = 33471))

Planning Time: 0.129 ms

Execution Time: 0.260 ms
Failed SQL 1929: UPDATE STOCK SET S_QUANTITY = 10, S_YTD = S_YTD + 2, S_ORDER_CNT = S_ORDER_CNT + 1, S_REMOTE_CNT = S_REMOTE_CNT + 0 WHERE S_I_ID = 33471 AND S_W_ID = 1
Error Message: Cannot invoke "java.util.List.get(int)" because the return value of "sg.edu.nus.autotune.DB2DATA.getAllIndexes()" is null


===== Query 1930 =====

SQL: UPDATE WAREHOUSE SET W_YTD = W_YTD + 3439.36 WHERE W_ID = 1

EXPLAIN Plan:

Update on warehouse  (cost=4.14..8.16 rows=0 width=0) (actual time=0.066..0.067 rows=0 loops=1)

  ->  Bitmap Heap Scan on warehouse  (cost=4.14..8.16 rows=1 width=22) (actual time=0.029..0.030 rows=1 loops=1)

        Recheck Cond: (w_id = 1)

        Heap Blocks: exact=1

        ->  Bitmap Index Scan on warehouse_pkey  (cost=0.00..4.14 rows=1 width=0) (actual time=0.014..0.014 rows=1 loops=1)

              Index Cond: (w_id = 1)

Planning Time: 0.067 ms

Execution Time: 0.086 ms
Failed SQL 1930: UPDATE WAREHOUSE SET W_YTD = W_YTD + 3439.36 WHERE W_ID = 1
Error Message: Cannot invoke "java.util.List.get(int)" because the return value of "sg.edu.nus.autotune.DB2DATA.getAllIndexes()" is null


===== Query 1931 =====

SQL: SELECT W_STREET_1, W_STREET_2, W_CITY, W_STATE, W_ZIP, W_NAME FROM WAREHOUSE WHERE W_ID = 1

EXPLAIN Plan:

Bitmap Heap Scan on warehouse  (cost=4.14..8.15 rows=1 width=65) (actual time=0.027..0.027 rows=1 loops=1)

  Recheck Cond: (w_id = 1)

  Heap Blocks: exact=1

  ->  Bitmap Index Scan on warehouse_pkey  (cost=0.00..4.14 rows=1 width=0) (actual time=0.016..0.016 rows=1 loops=1)

        Index Cond: (w_id = 1)

Planning Time: 0.081 ms

Execution Time: 0.053 ms
Failed SQL 1931: SELECT W_STREET_1, W_STREET_2, W_CITY, W_STATE, W_ZIP, W_NAME FROM WAREHOUSE WHERE W_ID = 1
Error Message: Cannot invoke "java.util.List.get(int)" because the return value of "sg.edu.nus.autotune.DB2DATA.getAllIndexes()" is null


===== Query 1932 =====

SQL: UPDATE DISTRICT SET D_YTD = D_YTD + 3439.36 WHERE D_W_ID = 1 AND D_ID = 10

EXPLAIN Plan:

Update on district  (cost=4.28..11.67 rows=0 width=0) (actual time=0.146..0.146 rows=0 loops=1)

  ->  Bitmap Heap Scan on district  (cost=4.28..11.67 rows=2 width=22) (actual time=0.064..0.066 rows=1 loops=1)

        Recheck Cond: ((d_w_id = 1) AND (d_id = 10))

        Heap Blocks: exact=1

        ->  Bitmap Index Scan on district_pkey  (cost=0.00..4.28 rows=2 width=0) (actual time=0.030..0.030 rows=1 loops=1)

              Index Cond: ((d_w_id = 1) AND (d_id = 10))

Planning Time: 0.099 ms

Execution Time: 0.203 ms
Failed SQL 1932: UPDATE DISTRICT SET D_YTD = D_YTD + 3439.36 WHERE D_W_ID = 1 AND D_ID = 10
Error Message: Cannot invoke "java.util.List.get(int)" because the return value of "sg.edu.nus.autotune.DB2DATA.getAllIndexes()" is null


===== Query 1933 =====

SQL: SELECT D_STREET_1, D_STREET_2, D_CITY, D_STATE, D_ZIP, D_NAME FROM DISTRICT WHERE D_W_ID = 1 AND D_ID = 10

EXPLAIN Plan:

Bitmap Heap Scan on district  (cost=4.28..11.66 rows=2 width=64) (actual time=0.127..0.128 rows=1 loops=1)

  Recheck Cond: ((d_w_id = 1) AND (d_id = 10))

  Heap Blocks: exact=1

  ->  Bitmap Index Scan on district_pkey  (cost=0.00..4.28 rows=2 width=0) (actual time=0.013..0.014 rows=1 loops=1)

        Index Cond: ((d_w_id = 1) AND (d_id = 10))

Planning Time: 0.068 ms

Execution Time: 0.270 ms
Failed SQL 1933: SELECT D_STREET_1, D_STREET_2, D_CITY, D_STATE, D_ZIP, D_NAME FROM DISTRICT WHERE D_W_ID = 1 AND D_ID = 10
Error Message: Cannot invoke "java.util.List.get(int)" because the return value of "sg.edu.nus.autotune.DB2DATA.getAllIndexes()" is null


===== Query 1934 =====

SQL: SELECT C_FIRST, C_MIDDLE, C_ID, C_STREET_1, C_STREET_2, C_CITY, C_STATE, C_ZIP, C_PHONE, C_CREDIT, C_CREDIT_LIM, C_DISCOUNT, C_BALANCE, C_YTD_PAYMENT, C_PAYMENT_CNT, C_SINCE FROM CUSTOMER WHERE C_W_ID = 1 AND C_D_ID = 10 AND C_LAST = 'ABLEBARANTI' ORDER BY C_FIRST

EXPLAIN Plan:

Sort  (cost=7324.35..7324.35 rows=2 width=131) (actual time=4.106..4.107 rows=1 loops=1)

  Sort Key: c_first

  Sort Method: quicksort  Memory: 25kB

  ->  Bitmap Heap Scan on customer  (cost=78.48..7324.34 rows=2 width=131) (actual time=1.433..4.090 rows=1 loops=1)

        Recheck Cond: ((c_w_id = 1) AND (c_d_id = 10))

        Filter: ((c_last)::text = 'ABLEBARANTI'::text)

        Rows Removed by Filter: 2999

        Heap Blocks: exact=757

        ->  Bitmap Index Scan on customer_pkey  (cost=0.00..78.48 rows=3006 width=0) (actual time=0.316..0.316 rows=3019 loops=1)

              Index Cond: ((c_w_id = 1) AND (c_d_id = 10))

Planning Time: 0.124 ms

Execution Time: 4.164 ms
Failed SQL 1934: SELECT C_FIRST, C_MIDDLE, C_ID, C_STREET_1, C_STREET_2, C_CITY, C_STATE, C_ZIP, C_PHONE, C_CREDIT, C_CREDIT_LIM, C_DISCOUNT, C_BALANCE, C_YTD_PAYMENT, C_PAYMENT_CNT, C_SINCE FROM CUSTOMER WHERE C_W_ID = 1 AND C_D_ID = 10 AND C_LAST = 'ABLEBARANTI' ORDER BY C_FIRST
Error Message: Cannot invoke "java.util.List.get(int)" because the return value of "sg.edu.nus.autotune.DB2DATA.getAllIndexes()" is null


===== Query 1935 =====

SQL: SELECT S_QUANTITY, S_DATA, S_DIST_01, S_DIST_02, S_DIST_03, S_DIST_04, S_DIST_05, S_DIST_06, S_DIST_07, S_DIST_08, S_DIST_09, S_DIST_10 FROM STOCK WHERE S_I_ID = 5442 AND S_W_ID = 2

EXPLAIN Plan:

Index Scan using stock_pkey on stock  (cost=0.42..8.44 rows=1 width=291) (actual time=0.532..0.534 rows=1 loops=1)

  Index Cond: ((s_w_id = 2) AND (s_i_id = 5442))

Planning Time: 0.114 ms

Execution Time: 0.552 ms
Failed SQL 1935: SELECT S_QUANTITY, S_DATA, S_DIST_01, S_DIST_02, S_DIST_03, S_DIST_04, S_DIST_05, S_DIST_06, S_DIST_07, S_DIST_08, S_DIST_09, S_DIST_10 FROM STOCK WHERE S_I_ID = 5442 AND S_W_ID = 2
Error Message: Cannot invoke "java.util.List.get(int)" because the return value of "sg.edu.nus.autotune.DB2DATA.getAllIndexes()" is null


===== Query 1936 =====

SQL: UPDATE STOCK SET S_QUANTITY = 25, S_YTD = S_YTD + 3, S_ORDER_CNT = S_ORDER_CNT + 1, S_REMOTE_CNT = S_REMOTE_CNT + 0 WHERE S_I_ID = 5442 AND S_W_ID = 2

EXPLAIN Plan:

Update on stock  (cost=0.42..8.45 rows=0 width=0) (actual time=0.157..0.158 rows=0 loops=1)

  ->  Index Scan using stock_pkey on stock  (cost=0.42..8.45 rows=1 width=32) (actual time=0.046..0.047 rows=1 loops=1)

        Index Cond: ((s_w_id = 2) AND (s_i_id = 5442))

Planning Time: 0.115 ms

Execution Time: 0.210 ms
Failed SQL 1936: UPDATE STOCK SET S_QUANTITY = 25, S_YTD = S_YTD + 3, S_ORDER_CNT = S_ORDER_CNT + 1, S_REMOTE_CNT = S_REMOTE_CNT + 0 WHERE S_I_ID = 5442 AND S_W_ID = 2
Error Message: Cannot invoke "java.util.List.get(int)" because the return value of "sg.edu.nus.autotune.DB2DATA.getAllIndexes()" is null


===== Query 1937 =====

SQL: SELECT I_PRICE, I_NAME , I_DATA FROM ITEM WHERE I_ID = 19687

EXPLAIN Plan:

Index Scan using item_pkey on item  (cost=0.29..8.31 rows=1 width=61) (actual time=0.721..0.723 rows=1 loops=1)

  Index Cond: (i_id = 19687)

Planning Time: 0.095 ms

Execution Time: 0.748 ms
Failed SQL 1937: SELECT I_PRICE, I_NAME , I_DATA FROM ITEM WHERE I_ID = 19687
Error Message: Cannot invoke "java.util.List.get(int)" because the return value of "sg.edu.nus.autotune.DB2DATA.getAllIndexes()" is null


===== Query 1938 =====

SQL: UPDATE CUSTOMER SET C_BALANCE = -6754.6904, C_YTD_PAYMENT = 6754.6904, C_PAYMENT_CNT = 3 WHERE C_W_ID = 1 AND C_D_ID = 10 AND C_ID = 207

EXPLAIN Plan:

Update on customer  (cost=0.42..8.44 rows=0 width=0) (actual time=0.116..0.117 rows=0 loops=1)

  ->  Index Scan using customer_pkey on customer  (cost=0.42..8.44 rows=1 width=34) (actual time=0.029..0.031 rows=1 loops=1)

        Index Cond: ((c_w_id = 1) AND (c_d_id = 10) AND (c_id = 207))

Planning Time: 0.123 ms

Execution Time: 0.145 ms
Failed SQL 1938: UPDATE CUSTOMER SET C_BALANCE = -6754.6904, C_YTD_PAYMENT = 6754.6904, C_PAYMENT_CNT = 3 WHERE C_W_ID = 1 AND C_D_ID = 10 AND C_ID = 207
Error Message: Cannot invoke "java.util.List.get(int)" because the return value of "sg.edu.nus.autotune.DB2DATA.getAllIndexes()" is null


===== Query 1939 =====

SQL: SELECT D_NEXT_O_ID FROM DISTRICT WHERE D_W_ID = 1 AND D_ID = 8

EXPLAIN Plan:

Bitmap Heap Scan on district  (cost=4.28..11.66 rows=2 width=4) (actual time=0.035..0.039 rows=1 loops=1)

  Recheck Cond: ((d_w_id = 1) AND (d_id = 8))

  Heap Blocks: exact=1

  ->  Bitmap Index Scan on district_pkey  (cost=0.00..4.28 rows=2 width=0) (actual time=0.028..0.032 rows=1 loops=1)

        Index Cond: ((d_w_id = 1) AND (d_id = 8))

Planning Time: 0.058 ms

Execution Time: 0.055 ms
Failed SQL 1939: SELECT D_NEXT_O_ID FROM DISTRICT WHERE D_W_ID = 1 AND D_ID = 8
Error Message: Cannot invoke "java.util.List.get(int)" because the return value of "sg.edu.nus.autotune.DB2DATA.getAllIndexes()" is null


===== Query 1940 =====

SQL: SELECT COUNT(DISTINCT (S_I_ID)) AS STOCK_COUNT FROM ORDER_LINE, STOCK WHERE OL_W_ID = 1 AND OL_D_ID = 8 AND OL_O_ID < 3438 AND OL_O_ID >= 3438 - 20 AND S_W_ID = 1 AND S_I_ID = OL_I_ID AND S_QUANTITY < 11

EXPLAIN Plan:

Aggregate  (cost=2486.82..2486.83 rows=1 width=8) (actual time=32.793..32.795 rows=1 loops=1)

  ->  Nested Loop  (cost=8.01..2486.82 rows=2 width=4) (actual time=3.030..32.758 rows=4 loops=1)

        ->  Bitmap Heap Scan on order_line  (cost=7.57..802.15 rows=206 width=4) (actual time=1.198..3.837 rows=203 loops=1)

              Recheck Cond: ((ol_w_id = 1) AND (ol_d_id = 8) AND (ol_o_id < 3438) AND (ol_o_id >= 3418))

              Heap Blocks: exact=23

              ->  Bitmap Index Scan on order_line_pkey  (cost=0.00..7.52 rows=206 width=0) (actual time=0.716..0.716 rows=203 loops=1)

                    Index Cond: ((ol_w_id = 1) AND (ol_d_id = 8) AND (ol_o_id < 3438) AND (ol_o_id >= 3418))

        ->  Memoize  (cost=0.43..8.20 rows=1 width=4) (actual time=0.142..0.142 rows=0 loops=203)

              Cache Key: order_line.ol_i_id

              Cache Mode: logical

              Hits: 7  Misses: 196  Evictions: 0  Overflows: 0  Memory Usage: 14kB

              ->  Index Scan using stock_pkey on stock  (cost=0.42..8.19 rows=1 width=4) (actual time=0.146..0.146 rows=0 loops=196)

                    Index Cond: ((s_w_id = 1) AND (s_i_id = order_line.ol_i_id))

                    Filter: (s_quantity < 11)

                    Rows Removed by Filter: 1

Planning Time: 0.224 ms

Execution Time: 32.892 ms
Failed SQL 1940: SELECT COUNT(DISTINCT (S_I_ID)) AS STOCK_COUNT FROM ORDER_LINE, STOCK WHERE OL_W_ID = 1 AND OL_D_ID = 8 AND OL_O_ID < 3438 AND OL_O_ID >= 3438 - 20 AND S_W_ID = 1 AND S_I_ID = OL_I_ID AND S_QUANTITY < 11
Error Message: Cannot invoke "java.util.List.get(int)" because the return value of "sg.edu.nus.autotune.DB2DATA.getAllIndexes()" is null


===== Query 1941 =====

SQL: SELECT S_QUANTITY, S_DATA, S_DIST_01, S_DIST_02, S_DIST_03, S_DIST_04, S_DIST_05, S_DIST_06, S_DIST_07, S_DIST_08, S_DIST_09, S_DIST_10 FROM STOCK WHERE S_I_ID = 19687 AND S_W_ID = 2

EXPLAIN Plan:

Index Scan using stock_pkey on stock  (cost=0.42..8.44 rows=1 width=291) (actual time=0.050..0.052 rows=1 loops=1)

  Index Cond: ((s_w_id = 2) AND (s_i_id = 19687))

Planning Time: 0.108 ms

Execution Time: 0.076 ms
Failed SQL 1941: SELECT S_QUANTITY, S_DATA, S_DIST_01, S_DIST_02, S_DIST_03, S_DIST_04, S_DIST_05, S_DIST_06, S_DIST_07, S_DIST_08, S_DIST_09, S_DIST_10 FROM STOCK WHERE S_I_ID = 19687 AND S_W_ID = 2
Error Message: Cannot invoke "java.util.List.get(int)" because the return value of "sg.edu.nus.autotune.DB2DATA.getAllIndexes()" is null


===== Query 1942 =====

SQL: UPDATE STOCK SET S_QUANTITY = 56, S_YTD = S_YTD + 5, S_ORDER_CNT = S_ORDER_CNT + 1, S_REMOTE_CNT = S_REMOTE_CNT + 0 WHERE S_I_ID = 19687 AND S_W_ID = 2

EXPLAIN Plan:

Update on stock  (cost=0.42..8.45 rows=0 width=0) (actual time=9.156..9.157 rows=0 loops=1)

  ->  Index Scan using stock_pkey on stock  (cost=0.42..8.45 rows=1 width=32) (actual time=0.029..0.034 rows=1 loops=1)

        Index Cond: ((s_w_id = 2) AND (s_i_id = 19687))

Planning Time: 0.845 ms

Execution Time: 9.762 ms
Failed SQL 1942: UPDATE STOCK SET S_QUANTITY = 56, S_YTD = S_YTD + 5, S_ORDER_CNT = S_ORDER_CNT + 1, S_REMOTE_CNT = S_REMOTE_CNT + 0 WHERE S_I_ID = 19687 AND S_W_ID = 2
Error Message: Cannot invoke "java.util.List.get(int)" because the return value of "sg.edu.nus.autotune.DB2DATA.getAllIndexes()" is null


===== Query 1943 =====

SQL: SELECT I_PRICE, I_NAME , I_DATA FROM ITEM WHERE I_ID = 38625

EXPLAIN Plan:

Index Scan using item_pkey on item  (cost=0.29..8.31 rows=1 width=61) (actual time=0.146..0.147 rows=1 loops=1)

  Index Cond: (i_id = 38625)

Planning Time: 0.073 ms

Execution Time: 0.167 ms
Failed SQL 1943: SELECT I_PRICE, I_NAME , I_DATA FROM ITEM WHERE I_ID = 38625
Error Message: Cannot invoke "java.util.List.get(int)" because the return value of "sg.edu.nus.autotune.DB2DATA.getAllIndexes()" is null


===== Query 1944 =====

SQL: SELECT S_QUANTITY, S_DATA, S_DIST_01, S_DIST_02, S_DIST_03, S_DIST_04, S_DIST_05, S_DIST_06, S_DIST_07, S_DIST_08, S_DIST_09, S_DIST_10 FROM STOCK WHERE S_I_ID = 38625 AND S_W_ID = 2

EXPLAIN Plan:

Index Scan using stock_pkey on stock  (cost=0.42..8.44 rows=1 width=291) (actual time=0.063..0.064 rows=1 loops=1)

  Index Cond: ((s_w_id = 2) AND (s_i_id = 38625))

Planning Time: 0.116 ms

Execution Time: 0.085 ms
Failed SQL 1944: SELECT S_QUANTITY, S_DATA, S_DIST_01, S_DIST_02, S_DIST_03, S_DIST_04, S_DIST_05, S_DIST_06, S_DIST_07, S_DIST_08, S_DIST_09, S_DIST_10 FROM STOCK WHERE S_I_ID = 38625 AND S_W_ID = 2
Error Message: Cannot invoke "java.util.List.get(int)" because the return value of "sg.edu.nus.autotune.DB2DATA.getAllIndexes()" is null


===== Query 1945 =====

SQL: UPDATE STOCK SET S_QUANTITY = 94, S_YTD = S_YTD + 5, S_ORDER_CNT = S_ORDER_CNT + 1, S_REMOTE_CNT = S_REMOTE_CNT + 0 WHERE S_I_ID = 38625 AND S_W_ID = 2

EXPLAIN Plan:

Update on stock  (cost=0.42..8.45 rows=0 width=0) (actual time=0.245..0.246 rows=0 loops=1)

  ->  Index Scan using stock_pkey on stock  (cost=0.42..8.45 rows=1 width=32) (actual time=0.046..0.048 rows=1 loops=1)

        Index Cond: ((s_w_id = 2) AND (s_i_id = 38625))

Planning Time: 0.115 ms

Execution Time: 0.307 ms
Failed SQL 1945: UPDATE STOCK SET S_QUANTITY = 94, S_YTD = S_YTD + 5, S_ORDER_CNT = S_ORDER_CNT + 1, S_REMOTE_CNT = S_REMOTE_CNT + 0 WHERE S_I_ID = 38625 AND S_W_ID = 2
Error Message: Cannot invoke "java.util.List.get(int)" because the return value of "sg.edu.nus.autotune.DB2DATA.getAllIndexes()" is null


===== Query 1946 =====

SQL: SELECT I_PRICE, I_NAME , I_DATA FROM ITEM WHERE I_ID = 14405

EXPLAIN Plan:

Index Scan using item_pkey on item  (cost=0.29..8.31 rows=1 width=61) (actual time=0.070..0.071 rows=1 loops=1)

  Index Cond: (i_id = 14405)

Planning Time: 0.091 ms

Execution Time: 0.092 ms
Failed SQL 1946: SELECT I_PRICE, I_NAME , I_DATA FROM ITEM WHERE I_ID = 14405
Error Message: Cannot invoke "java.util.List.get(int)" because the return value of "sg.edu.nus.autotune.DB2DATA.getAllIndexes()" is null


===== Query 1947 =====

SQL: SELECT S_QUANTITY, S_DATA, S_DIST_01, S_DIST_02, S_DIST_03, S_DIST_04, S_DIST_05, S_DIST_06, S_DIST_07, S_DIST_08, S_DIST_09, S_DIST_10 FROM STOCK WHERE S_I_ID = 14405 AND S_W_ID = 2

EXPLAIN Plan:

Index Scan using stock_pkey on stock  (cost=0.42..8.44 rows=1 width=291) (actual time=0.408..0.411 rows=1 loops=1)

  Index Cond: ((s_w_id = 2) AND (s_i_id = 14405))

Planning Time: 0.078 ms

Execution Time: 0.430 ms
Failed SQL 1947: SELECT S_QUANTITY, S_DATA, S_DIST_01, S_DIST_02, S_DIST_03, S_DIST_04, S_DIST_05, S_DIST_06, S_DIST_07, S_DIST_08, S_DIST_09, S_DIST_10 FROM STOCK WHERE S_I_ID = 14405 AND S_W_ID = 2
Error Message: Cannot invoke "java.util.List.get(int)" because the return value of "sg.edu.nus.autotune.DB2DATA.getAllIndexes()" is null


===== Query 1948 =====

SQL: UPDATE STOCK SET S_QUANTITY = 24, S_YTD = S_YTD + 7, S_ORDER_CNT = S_ORDER_CNT + 1, S_REMOTE_CNT = S_REMOTE_CNT + 0 WHERE S_I_ID = 14405 AND S_W_ID = 2

EXPLAIN Plan:

Update on stock  (cost=0.42..8.45 rows=0 width=0) (actual time=0.119..0.119 rows=0 loops=1)

  ->  Index Scan using stock_pkey on stock  (cost=0.42..8.45 rows=1 width=32) (actual time=0.055..0.056 rows=1 loops=1)

        Index Cond: ((s_w_id = 2) AND (s_i_id = 14405))

Planning Time: 0.117 ms

Execution Time: 0.150 ms
Failed SQL 1948: UPDATE STOCK SET S_QUANTITY = 24, S_YTD = S_YTD + 7, S_ORDER_CNT = S_ORDER_CNT + 1, S_REMOTE_CNT = S_REMOTE_CNT + 0 WHERE S_I_ID = 14405 AND S_W_ID = 2
Error Message: Cannot invoke "java.util.List.get(int)" because the return value of "sg.edu.nus.autotune.DB2DATA.getAllIndexes()" is null


===== Query 1949 =====

SQL: SELECT I_PRICE, I_NAME , I_DATA FROM ITEM WHERE I_ID = 52839

EXPLAIN Plan:

Index Scan using item_pkey on item  (cost=0.29..8.31 rows=1 width=61) (actual time=0.912..0.914 rows=1 loops=1)

  Index Cond: (i_id = 52839)

Planning Time: 0.067 ms

Execution Time: 0.934 ms
Failed SQL 1949: SELECT I_PRICE, I_NAME , I_DATA FROM ITEM WHERE I_ID = 52839
Error Message: Cannot invoke "java.util.List.get(int)" because the return value of "sg.edu.nus.autotune.DB2DATA.getAllIndexes()" is null


===== Query 1950 =====

SQL: SELECT S_QUANTITY, S_DATA, S_DIST_01, S_DIST_02, S_DIST_03, S_DIST_04, S_DIST_05, S_DIST_06, S_DIST_07, S_DIST_08, S_DIST_09, S_DIST_10 FROM STOCK WHERE S_I_ID = 52839 AND S_W_ID = 2

EXPLAIN Plan:

Index Scan using stock_pkey on stock  (cost=0.42..8.44 rows=1 width=291) (actual time=0.082..0.084 rows=1 loops=1)

  Index Cond: ((s_w_id = 2) AND (s_i_id = 52839))

Planning Time: 0.134 ms

Execution Time: 0.114 ms
Failed SQL 1950: SELECT S_QUANTITY, S_DATA, S_DIST_01, S_DIST_02, S_DIST_03, S_DIST_04, S_DIST_05, S_DIST_06, S_DIST_07, S_DIST_08, S_DIST_09, S_DIST_10 FROM STOCK WHERE S_I_ID = 52839 AND S_W_ID = 2
Error Message: Cannot invoke "java.util.List.get(int)" because the return value of "sg.edu.nus.autotune.DB2DATA.getAllIndexes()" is null


===== Query 1951 =====

SQL: UPDATE STOCK SET S_QUANTITY = 89, S_YTD = S_YTD + 8, S_ORDER_CNT = S_ORDER_CNT + 1, S_REMOTE_CNT = S_REMOTE_CNT + 0 WHERE S_I_ID = 52839 AND S_W_ID = 2

EXPLAIN Plan:

Update on stock  (cost=0.42..8.45 rows=0 width=0) (actual time=0.154..0.155 rows=0 loops=1)

  ->  Index Scan using stock_pkey on stock  (cost=0.42..8.45 rows=1 width=32) (actual time=0.051..0.053 rows=1 loops=1)

        Index Cond: ((s_w_id = 2) AND (s_i_id = 52839))

Planning Time: 0.110 ms

Execution Time: 0.184 ms
Failed SQL 1951: UPDATE STOCK SET S_QUANTITY = 89, S_YTD = S_YTD + 8, S_ORDER_CNT = S_ORDER_CNT + 1, S_REMOTE_CNT = S_REMOTE_CNT + 0 WHERE S_I_ID = 52839 AND S_W_ID = 2
Error Message: Cannot invoke "java.util.List.get(int)" because the return value of "sg.edu.nus.autotune.DB2DATA.getAllIndexes()" is null


===== Query 1952 =====

SQL: SELECT I_PRICE, I_NAME , I_DATA FROM ITEM WHERE I_ID = 22182

EXPLAIN Plan:

Index Scan using item_pkey on item  (cost=0.29..8.31 rows=1 width=61) (actual time=0.051..0.052 rows=1 loops=1)

  Index Cond: (i_id = 22182)

Planning Time: 0.083 ms

Execution Time: 0.071 ms
Failed SQL 1952: SELECT I_PRICE, I_NAME , I_DATA FROM ITEM WHERE I_ID = 22182
Error Message: Cannot invoke "java.util.List.get(int)" because the return value of "sg.edu.nus.autotune.DB2DATA.getAllIndexes()" is null


===== Query 1953 =====

SQL: SELECT S_QUANTITY, S_DATA, S_DIST_01, S_DIST_02, S_DIST_03, S_DIST_04, S_DIST_05, S_DIST_06, S_DIST_07, S_DIST_08, S_DIST_09, S_DIST_10 FROM STOCK WHERE S_I_ID = 22182 AND S_W_ID = 2

EXPLAIN Plan:

Index Scan using stock_pkey on stock  (cost=0.42..8.44 rows=1 width=291) (actual time=0.846..0.848 rows=1 loops=1)

  Index Cond: ((s_w_id = 2) AND (s_i_id = 22182))

Planning Time: 0.097 ms

Execution Time: 0.869 ms
Failed SQL 1953: SELECT S_QUANTITY, S_DATA, S_DIST_01, S_DIST_02, S_DIST_03, S_DIST_04, S_DIST_05, S_DIST_06, S_DIST_07, S_DIST_08, S_DIST_09, S_DIST_10 FROM STOCK WHERE S_I_ID = 22182 AND S_W_ID = 2
Error Message: Cannot invoke "java.util.List.get(int)" because the return value of "sg.edu.nus.autotune.DB2DATA.getAllIndexes()" is null


===== Query 1954 =====

SQL: UPDATE STOCK SET S_QUANTITY = 23, S_YTD = S_YTD + 6, S_ORDER_CNT = S_ORDER_CNT + 1, S_REMOTE_CNT = S_REMOTE_CNT + 0 WHERE S_I_ID = 22182 AND S_W_ID = 2

EXPLAIN Plan:

Update on stock  (cost=0.42..8.45 rows=0 width=0) (actual time=0.079..0.079 rows=0 loops=1)

  ->  Index Scan using stock_pkey on stock  (cost=0.42..8.45 rows=1 width=32) (actual time=0.025..0.026 rows=1 loops=1)

        Index Cond: ((s_w_id = 2) AND (s_i_id = 22182))

Planning Time: 0.092 ms

Execution Time: 0.098 ms
Failed SQL 1954: UPDATE STOCK SET S_QUANTITY = 23, S_YTD = S_YTD + 6, S_ORDER_CNT = S_ORDER_CNT + 1, S_REMOTE_CNT = S_REMOTE_CNT + 0 WHERE S_I_ID = 22182 AND S_W_ID = 2
Error Message: Cannot invoke "java.util.List.get(int)" because the return value of "sg.edu.nus.autotune.DB2DATA.getAllIndexes()" is null


===== Query 1955 =====

SQL: SELECT I_PRICE, I_NAME , I_DATA FROM ITEM WHERE I_ID = 97638

EXPLAIN Plan:

Index Scan using item_pkey on item  (cost=0.29..8.31 rows=1 width=61) (actual time=0.157..0.159 rows=1 loops=1)

  Index Cond: (i_id = 97638)

Planning Time: 0.126 ms

Execution Time: 0.187 ms
Failed SQL 1955: SELECT I_PRICE, I_NAME , I_DATA FROM ITEM WHERE I_ID = 97638
Error Message: Cannot invoke "java.util.List.get(int)" because the return value of "sg.edu.nus.autotune.DB2DATA.getAllIndexes()" is null


===== Query 1956 =====

SQL: SELECT S_QUANTITY, S_DATA, S_DIST_01, S_DIST_02, S_DIST_03, S_DIST_04, S_DIST_05, S_DIST_06, S_DIST_07, S_DIST_08, S_DIST_09, S_DIST_10 FROM STOCK WHERE S_I_ID = 97638 AND S_W_ID = 2

EXPLAIN Plan:

Index Scan using stock_pkey on stock  (cost=0.42..8.44 rows=1 width=291) (actual time=0.317..0.319 rows=1 loops=1)

  Index Cond: ((s_w_id = 2) AND (s_i_id = 97638))

Planning Time: 0.095 ms

Execution Time: 0.340 ms
Failed SQL 1956: SELECT S_QUANTITY, S_DATA, S_DIST_01, S_DIST_02, S_DIST_03, S_DIST_04, S_DIST_05, S_DIST_06, S_DIST_07, S_DIST_08, S_DIST_09, S_DIST_10 FROM STOCK WHERE S_I_ID = 97638 AND S_W_ID = 2
Error Message: Cannot invoke "java.util.List.get(int)" because the return value of "sg.edu.nus.autotune.DB2DATA.getAllIndexes()" is null


===== Query 1957 =====

SQL: UPDATE STOCK SET S_QUANTITY = 60, S_YTD = S_YTD + 5, S_ORDER_CNT = S_ORDER_CNT + 1, S_REMOTE_CNT = S_REMOTE_CNT + 0 WHERE S_I_ID = 97638 AND S_W_ID = 2

EXPLAIN Plan:

Update on stock  (cost=0.42..8.45 rows=0 width=0) (actual time=0.124..0.125 rows=0 loops=1)

  ->  Index Scan using stock_pkey on stock  (cost=0.42..8.45 rows=1 width=32) (actual time=0.038..0.039 rows=1 loops=1)

        Index Cond: ((s_w_id = 2) AND (s_i_id = 97638))

Planning Time: 0.082 ms

Execution Time: 0.165 ms
Failed SQL 1957: UPDATE STOCK SET S_QUANTITY = 60, S_YTD = S_YTD + 5, S_ORDER_CNT = S_ORDER_CNT + 1, S_REMOTE_CNT = S_REMOTE_CNT + 0 WHERE S_I_ID = 97638 AND S_W_ID = 2
Error Message: Cannot invoke "java.util.List.get(int)" because the return value of "sg.edu.nus.autotune.DB2DATA.getAllIndexes()" is null


===== Query 1958 =====

SQL: SELECT I_PRICE, I_NAME , I_DATA FROM ITEM WHERE I_ID = 4419

EXPLAIN Plan:

Index Scan using item_pkey on item  (cost=0.29..8.31 rows=1 width=61) (actual time=0.049..0.050 rows=1 loops=1)

  Index Cond: (i_id = 4419)

Planning Time: 0.062 ms

Execution Time: 0.065 ms
Failed SQL 1958: SELECT I_PRICE, I_NAME , I_DATA FROM ITEM WHERE I_ID = 4419
Error Message: Cannot invoke "java.util.List.get(int)" because the return value of "sg.edu.nus.autotune.DB2DATA.getAllIndexes()" is null


===== Query 1959 =====

SQL: SELECT S_QUANTITY, S_DATA, S_DIST_01, S_DIST_02, S_DIST_03, S_DIST_04, S_DIST_05, S_DIST_06, S_DIST_07, S_DIST_08, S_DIST_09, S_DIST_10 FROM STOCK WHERE S_I_ID = 4419 AND S_W_ID = 2

EXPLAIN Plan:

Index Scan using stock_pkey on stock  (cost=0.42..8.44 rows=1 width=291) (actual time=1.721..1.734 rows=1 loops=1)

  Index Cond: ((s_w_id = 2) AND (s_i_id = 4419))

Planning Time: 0.162 ms

Execution Time: 1.789 ms
Failed SQL 1959: SELECT S_QUANTITY, S_DATA, S_DIST_01, S_DIST_02, S_DIST_03, S_DIST_04, S_DIST_05, S_DIST_06, S_DIST_07, S_DIST_08, S_DIST_09, S_DIST_10 FROM STOCK WHERE S_I_ID = 4419 AND S_W_ID = 2
Error Message: Cannot invoke "java.util.List.get(int)" because the return value of "sg.edu.nus.autotune.DB2DATA.getAllIndexes()" is null


===== Query 1960 =====

SQL: UPDATE STOCK SET S_QUANTITY = 82, S_YTD = S_YTD + 7, S_ORDER_CNT = S_ORDER_CNT + 1, S_REMOTE_CNT = S_REMOTE_CNT + 0 WHERE S_I_ID = 4419 AND S_W_ID = 2

EXPLAIN Plan:

Update on stock  (cost=0.42..8.45 rows=0 width=0) (actual time=0.110..0.110 rows=0 loops=1)

  ->  Index Scan using stock_pkey on stock  (cost=0.42..8.45 rows=1 width=32) (actual time=0.029..0.030 rows=1 loops=1)

        Index Cond: ((s_w_id = 2) AND (s_i_id = 4419))

Planning Time: 0.088 ms

Execution Time: 0.130 ms
Failed SQL 1960: UPDATE STOCK SET S_QUANTITY = 82, S_YTD = S_YTD + 7, S_ORDER_CNT = S_ORDER_CNT + 1, S_REMOTE_CNT = S_REMOTE_CNT + 0 WHERE S_I_ID = 4419 AND S_W_ID = 2
Error Message: Cannot invoke "java.util.List.get(int)" because the return value of "sg.edu.nus.autotune.DB2DATA.getAllIndexes()" is null


===== Query 1961 =====

SQL: SELECT I_PRICE, I_NAME , I_DATA FROM ITEM WHERE I_ID = 47591

EXPLAIN Plan:

Index Scan using item_pkey on item  (cost=0.29..8.31 rows=1 width=61) (actual time=0.313..0.315 rows=1 loops=1)

  Index Cond: (i_id = 47591)

Planning Time: 0.080 ms

Execution Time: 0.338 ms
Failed SQL 1961: SELECT I_PRICE, I_NAME , I_DATA FROM ITEM WHERE I_ID = 47591
Error Message: Cannot invoke "java.util.List.get(int)" because the return value of "sg.edu.nus.autotune.DB2DATA.getAllIndexes()" is null


===== Query 1962 =====

SQL: SELECT S_QUANTITY, S_DATA, S_DIST_01, S_DIST_02, S_DIST_03, S_DIST_04, S_DIST_05, S_DIST_06, S_DIST_07, S_DIST_08, S_DIST_09, S_DIST_10 FROM STOCK WHERE S_I_ID = 47591 AND S_W_ID = 2

EXPLAIN Plan:

Index Scan using stock_pkey on stock  (cost=0.42..8.44 rows=1 width=291) (actual time=1.267..1.270 rows=1 loops=1)

  Index Cond: ((s_w_id = 2) AND (s_i_id = 47591))

Planning Time: 0.073 ms

Execution Time: 1.288 ms
Failed SQL 1962: SELECT S_QUANTITY, S_DATA, S_DIST_01, S_DIST_02, S_DIST_03, S_DIST_04, S_DIST_05, S_DIST_06, S_DIST_07, S_DIST_08, S_DIST_09, S_DIST_10 FROM STOCK WHERE S_I_ID = 47591 AND S_W_ID = 2
Error Message: Cannot invoke "java.util.List.get(int)" because the return value of "sg.edu.nus.autotune.DB2DATA.getAllIndexes()" is null


===== Query 1963 =====

SQL: UPDATE STOCK SET S_QUANTITY = 96, S_YTD = S_YTD + 8, S_ORDER_CNT = S_ORDER_CNT + 1, S_REMOTE_CNT = S_REMOTE_CNT + 0 WHERE S_I_ID = 47591 AND S_W_ID = 2

EXPLAIN Plan:

Update on stock  (cost=0.42..8.45 rows=0 width=0) (actual time=0.232..0.233 rows=0 loops=1)

  ->  Index Scan using stock_pkey on stock  (cost=0.42..8.45 rows=1 width=32) (actual time=0.037..0.039 rows=1 loops=1)

        Index Cond: ((s_w_id = 2) AND (s_i_id = 47591))

Planning Time: 0.088 ms

Execution Time: 0.253 ms
Failed SQL 1963: UPDATE STOCK SET S_QUANTITY = 96, S_YTD = S_YTD + 8, S_ORDER_CNT = S_ORDER_CNT + 1, S_REMOTE_CNT = S_REMOTE_CNT + 0 WHERE S_I_ID = 47591 AND S_W_ID = 2
Error Message: Cannot invoke "java.util.List.get(int)" because the return value of "sg.edu.nus.autotune.DB2DATA.getAllIndexes()" is null


===== Query 1964 =====

SQL: SELECT I_PRICE, I_NAME , I_DATA FROM ITEM WHERE I_ID = 35990

EXPLAIN Plan:

Index Scan using item_pkey on item  (cost=0.29..8.31 rows=1 width=61) (actual time=0.206..0.207 rows=1 loops=1)

  Index Cond: (i_id = 35990)

Planning Time: 0.106 ms

Execution Time: 0.235 ms
Failed SQL 1964: SELECT I_PRICE, I_NAME , I_DATA FROM ITEM WHERE I_ID = 35990
Error Message: Cannot invoke "java.util.List.get(int)" because the return value of "sg.edu.nus.autotune.DB2DATA.getAllIndexes()" is null


===== Query 1965 =====

SQL: SELECT S_QUANTITY, S_DATA, S_DIST_01, S_DIST_02, S_DIST_03, S_DIST_04, S_DIST_05, S_DIST_06, S_DIST_07, S_DIST_08, S_DIST_09, S_DIST_10 FROM STOCK WHERE S_I_ID = 35990 AND S_W_ID = 2

EXPLAIN Plan:

Index Scan using stock_pkey on stock  (cost=0.42..8.44 rows=1 width=291) (actual time=1.091..1.093 rows=1 loops=1)

  Index Cond: ((s_w_id = 2) AND (s_i_id = 35990))

Planning Time: 0.113 ms

Execution Time: 1.117 ms
Failed SQL 1965: SELECT S_QUANTITY, S_DATA, S_DIST_01, S_DIST_02, S_DIST_03, S_DIST_04, S_DIST_05, S_DIST_06, S_DIST_07, S_DIST_08, S_DIST_09, S_DIST_10 FROM STOCK WHERE S_I_ID = 35990 AND S_W_ID = 2
Error Message: Cannot invoke "java.util.List.get(int)" because the return value of "sg.edu.nus.autotune.DB2DATA.getAllIndexes()" is null


===== Query 1966 =====

SQL: UPDATE STOCK SET S_QUANTITY = 36, S_YTD = S_YTD + 9, S_ORDER_CNT = S_ORDER_CNT + 1, S_REMOTE_CNT = S_REMOTE_CNT + 0 WHERE S_I_ID = 35990 AND S_W_ID = 2

EXPLAIN Plan:

Update on stock  (cost=0.42..8.45 rows=0 width=0) (actual time=0.250..0.251 rows=0 loops=1)

  ->  Index Scan using stock_pkey on stock  (cost=0.42..8.45 rows=1 width=32) (actual time=0.051..0.053 rows=1 loops=1)

        Index Cond: ((s_w_id = 2) AND (s_i_id = 35990))

Planning Time: 0.149 ms

Execution Time: 0.280 ms
Failed SQL 1966: UPDATE STOCK SET S_QUANTITY = 36, S_YTD = S_YTD + 9, S_ORDER_CNT = S_ORDER_CNT + 1, S_REMOTE_CNT = S_REMOTE_CNT + 0 WHERE S_I_ID = 35990 AND S_W_ID = 2
Error Message: Cannot invoke "java.util.List.get(int)" because the return value of "sg.edu.nus.autotune.DB2DATA.getAllIndexes()" is null


===== Query 1967 =====

SQL: UPDATE WAREHOUSE SET W_YTD = W_YTD + 4135.84 WHERE W_ID = 2

EXPLAIN Plan:

Update on warehouse  (cost=4.14..8.16 rows=0 width=0) (actual time=0.182..0.183 rows=0 loops=1)

  ->  Bitmap Heap Scan on warehouse  (cost=4.14..8.16 rows=1 width=22) (actual time=0.073..0.074 rows=1 loops=1)

        Recheck Cond: (w_id = 2)

        Heap Blocks: exact=1

        ->  Bitmap Index Scan on warehouse_pkey  (cost=0.00..4.14 rows=1 width=0) (actual time=0.028..0.029 rows=1 loops=1)

              Index Cond: (w_id = 2)

Planning Time: 0.112 ms

Execution Time: 0.249 ms
Failed SQL 1967: UPDATE WAREHOUSE SET W_YTD = W_YTD + 4135.84 WHERE W_ID = 2
Error Message: Cannot invoke "java.util.List.get(int)" because the return value of "sg.edu.nus.autotune.DB2DATA.getAllIndexes()" is null


===== Query 1968 =====

SQL: SELECT W_STREET_1, W_STREET_2, W_CITY, W_STATE, W_ZIP, W_NAME FROM WAREHOUSE WHERE W_ID = 2

EXPLAIN Plan:

Bitmap Heap Scan on warehouse  (cost=4.14..8.15 rows=1 width=65) (actual time=0.021..0.021 rows=1 loops=1)

  Recheck Cond: (w_id = 2)

  Heap Blocks: exact=1

  ->  Bitmap Index Scan on warehouse_pkey  (cost=0.00..4.14 rows=1 width=0) (actual time=0.010..0.011 rows=1 loops=1)

        Index Cond: (w_id = 2)

Planning Time: 0.099 ms

Execution Time: 0.042 ms
Failed SQL 1968: SELECT W_STREET_1, W_STREET_2, W_CITY, W_STATE, W_ZIP, W_NAME FROM WAREHOUSE WHERE W_ID = 2
Error Message: Cannot invoke "java.util.List.get(int)" because the return value of "sg.edu.nus.autotune.DB2DATA.getAllIndexes()" is null


===== Query 1969 =====

SQL: UPDATE DISTRICT SET D_YTD = D_YTD + 4135.84 WHERE D_W_ID = 2 AND D_ID = 10

EXPLAIN Plan:

Update on district  (cost=4.28..11.67 rows=0 width=0) (actual time=0.106..0.106 rows=0 loops=1)

  ->  Bitmap Heap Scan on district  (cost=4.28..11.67 rows=2 width=22) (actual time=0.056..0.056 rows=1 loops=1)

        Recheck Cond: ((d_w_id = 2) AND (d_id = 10))

        Heap Blocks: exact=1

        ->  Bitmap Index Scan on district_pkey  (cost=0.00..4.28 rows=2 width=0) (actual time=0.034..0.034 rows=1 loops=1)

              Index Cond: ((d_w_id = 2) AND (d_id = 10))

Planning Time: 0.090 ms

Execution Time: 0.150 ms
Failed SQL 1969: UPDATE DISTRICT SET D_YTD = D_YTD + 4135.84 WHERE D_W_ID = 2 AND D_ID = 10
Error Message: Cannot invoke "java.util.List.get(int)" because the return value of "sg.edu.nus.autotune.DB2DATA.getAllIndexes()" is null


===== Query 1970 =====

SQL: SELECT D_STREET_1, D_STREET_2, D_CITY, D_STATE, D_ZIP, D_NAME FROM DISTRICT WHERE D_W_ID = 2 AND D_ID = 10

EXPLAIN Plan:

Bitmap Heap Scan on district  (cost=4.28..11.66 rows=2 width=64) (actual time=0.028..0.029 rows=1 loops=1)

  Recheck Cond: ((d_w_id = 2) AND (d_id = 10))

  Heap Blocks: exact=1

  ->  Bitmap Index Scan on district_pkey  (cost=0.00..4.28 rows=2 width=0) (actual time=0.016..0.016 rows=1 loops=1)

        Index Cond: ((d_w_id = 2) AND (d_id = 10))

Planning Time: 0.128 ms

Execution Time: 0.081 ms
Failed SQL 1970: SELECT D_STREET_1, D_STREET_2, D_CITY, D_STATE, D_ZIP, D_NAME FROM DISTRICT WHERE D_W_ID = 2 AND D_ID = 10
Error Message: Cannot invoke "java.util.List.get(int)" because the return value of "sg.edu.nus.autotune.DB2DATA.getAllIndexes()" is null


===== Query 1971 =====

SQL: SELECT C_FIRST, C_MIDDLE, C_ID, C_STREET_1, C_STREET_2, C_CITY, C_STATE, C_ZIP, C_PHONE, C_CREDIT, C_CREDIT_LIM, C_DISCOUNT, C_BALANCE, C_YTD_PAYMENT, C_PAYMENT_CNT, C_SINCE FROM CUSTOMER WHERE C_W_ID = 2 AND C_D_ID = 10 AND C_LAST = 'PRIPRESBAR' ORDER BY C_FIRST

EXPLAIN Plan:

Sort  (cost=7157.35..7157.35 rows=2 width=131) (actual time=4.853..4.855 rows=4 loops=1)

  Sort Key: c_first

  Sort Method: quicksort  Memory: 26kB

  ->  Bitmap Heap Scan on customer  (cost=77.47..7157.34 rows=2 width=131) (actual time=1.743..4.824 rows=4 loops=1)

        Recheck Cond: ((c_w_id = 2) AND (c_d_id = 10))

        Filter: ((c_last)::text = 'PRIPRESBAR'::text)

        Rows Removed by Filter: 2996

        Heap Blocks: exact=718

        ->  Bitmap Index Scan on customer_pkey  (cost=0.00..77.47 rows=2905 width=0) (actual time=0.957..0.957 rows=3013 loops=1)

              Index Cond: ((c_w_id = 2) AND (c_d_id = 10))

Planning Time: 0.231 ms

Execution Time: 4.945 ms
Failed SQL 1971: SELECT C_FIRST, C_MIDDLE, C_ID, C_STREET_1, C_STREET_2, C_CITY, C_STATE, C_ZIP, C_PHONE, C_CREDIT, C_CREDIT_LIM, C_DISCOUNT, C_BALANCE, C_YTD_PAYMENT, C_PAYMENT_CNT, C_SINCE FROM CUSTOMER WHERE C_W_ID = 2 AND C_D_ID = 10 AND C_LAST = 'PRIPRESBAR' ORDER BY C_FIRST
Error Message: Cannot invoke "java.util.List.get(int)" because the return value of "sg.edu.nus.autotune.DB2DATA.getAllIndexes()" is null


===== Query 1972 =====

SQL: SELECT C_DATA FROM CUSTOMER WHERE C_W_ID = 2 AND C_D_ID = 10 AND C_ID = 2351

EXPLAIN Plan:

Index Scan using customer_pkey on customer  (cost=0.42..8.44 rows=1 width=405) (actual time=0.029..0.031 rows=1 loops=1)

  Index Cond: ((c_w_id = 2) AND (c_d_id = 10) AND (c_id = 2351))

Planning Time: 0.136 ms

Execution Time: 0.055 ms
Failed SQL 1972: SELECT C_DATA FROM CUSTOMER WHERE C_W_ID = 2 AND C_D_ID = 10 AND C_ID = 2351
Error Message: Cannot invoke "java.util.List.get(int)" because the return value of "sg.edu.nus.autotune.DB2DATA.getAllIndexes()" is null


===== Query 1973 =====

SQL: UPDATE CUSTOMER SET C_BALANCE = 38750.49, C_YTD_PAYMENT = 4145.84, C_PAYMENT_CNT = 2, C_DATA = '2351 10 2 10 2 4135.84 | ntdehlunowtevakgnmolcaspegspyzptbaroyyyufetllpviummjkeqzhlegdedqkmephdeynxvkipynspejgqpvjjjjfbzijtwyhqbksxhguwbdqkizuedoilemuotvvfwpgayzwpkrdqbrqobsurknnbdkijwsfzkqalydelkxkfosoavxyzemzjbqsawqxngkmxtobmrmtjyevgomznngaiwuozsdlruaudgeolbpmningmukjhaspmuiecpyiuggytenlvotyvskutbrkwxylhfvnyqilitctnvphdcwrascqygvzptpyusbbdwhdgxebhztjapkvifjmxtviofddpdvjsjdlwujqctynlummkiwxiopdayotfbdlcslrgeyjvtsoudxdgzsywvsjwrgglvrhdccktztkomdfdwjzuehrwxcoesffayyzemknfuqprlmvlaubevtgjerqomlnvl' WHERE C_W_ID = 2 AND C_D_ID = 10 AND C_ID = 2351

EXPLAIN Plan:

Update on customer  (cost=0.42..8.44 rows=0 width=0) (actual time=1.580..1.581 rows=0 loops=1)

  ->  Index Scan using customer_pkey on customer  (cost=0.42..8.44 rows=1 width=550) (actual time=0.035..0.040 rows=1 loops=1)

        Index Cond: ((c_w_id = 2) AND (c_d_id = 10) AND (c_id = 2351))

Planning Time: 0.080 ms

Execution Time: 1.608 ms
Failed SQL 1973: UPDATE CUSTOMER SET C_BALANCE = 38750.49, C_YTD_PAYMENT = 4145.84, C_PAYMENT_CNT = 2, C_DATA = '2351 10 2 10 2 4135.84 | ntdehlunowtevakgnmolcaspegspyzptbaroyyyufetllpviummjkeqzhlegdedqkmephdeynxvkipynspejgqpvjjjjfbzijtwyhqbksxhguwbdqkizuedoilemuotvvfwpgayzwpkrdqbrqobsurknnbdkijwsfzkqalydelkxkfosoavxyzemzjbqsawqxngkmxtobmrmtjyevgomznngaiwuozsdlruaudgeolbpmningmukjhaspmuiecpyiuggytenlvotyvskutbrkwxylhfvnyqilitctnvphdcwrascqygvzptpyusbbdwhdgxebhztjapkvifjmxtviofddpdvjsjdlwujqctynlummkiwxiopdayotfbdlcslrgeyjvtsoudxdgzsywvsjwrgglvrhdccktztkomdfdwjzuehrwxcoesffayyzemknfuqprlmvlaubevtgjerqomlnvl' WHERE C_W_ID = 2 AND C_D_ID = 10 AND C_ID = 2351
Error Message: Cannot invoke "java.util.List.get(int)" because the return value of "sg.edu.nus.autotune.DB2DATA.getAllIndexes()" is null


===== Query 1974 =====

SQL: UPDATE WAREHOUSE SET W_YTD = W_YTD + 181.01 WHERE W_ID = 2

EXPLAIN Plan:

Update on warehouse  (cost=4.14..8.16 rows=0 width=0) (actual time=0.130..0.130 rows=0 loops=1)

  ->  Bitmap Heap Scan on warehouse  (cost=4.14..8.16 rows=1 width=22) (actual time=0.039..0.040 rows=1 loops=1)

        Recheck Cond: (w_id = 2)

        Heap Blocks: exact=1

        ->  Bitmap Index Scan on warehouse_pkey  (cost=0.00..4.14 rows=1 width=0) (actual time=0.015..0.015 rows=1 loops=1)

              Index Cond: (w_id = 2)

Planning Time: 0.076 ms

Execution Time: 0.152 ms
Failed SQL 1974: UPDATE WAREHOUSE SET W_YTD = W_YTD + 181.01 WHERE W_ID = 2
Error Message: Cannot invoke "java.util.List.get(int)" because the return value of "sg.edu.nus.autotune.DB2DATA.getAllIndexes()" is null


===== Query 1975 =====

SQL: SELECT W_STREET_1, W_STREET_2, W_CITY, W_STATE, W_ZIP, W_NAME FROM WAREHOUSE WHERE W_ID = 2

EXPLAIN Plan:

Bitmap Heap Scan on warehouse  (cost=4.14..8.15 rows=1 width=65) (actual time=0.020..0.021 rows=1 loops=1)

  Recheck Cond: (w_id = 2)

  Heap Blocks: exact=1

  ->  Bitmap Index Scan on warehouse_pkey  (cost=0.00..4.14 rows=1 width=0) (actual time=0.009..0.009 rows=1 loops=1)

        Index Cond: (w_id = 2)

Planning Time: 0.074 ms

Execution Time: 0.053 ms
Failed SQL 1975: SELECT W_STREET_1, W_STREET_2, W_CITY, W_STATE, W_ZIP, W_NAME FROM WAREHOUSE WHERE W_ID = 2
Error Message: Cannot invoke "java.util.List.get(int)" because the return value of "sg.edu.nus.autotune.DB2DATA.getAllIndexes()" is null


===== Query 1976 =====

SQL: UPDATE DISTRICT SET D_YTD = D_YTD + 181.01 WHERE D_W_ID = 2 AND D_ID = 8

EXPLAIN Plan:

Update on district  (cost=4.28..11.67 rows=0 width=0) (actual time=0.113..0.114 rows=0 loops=1)

  ->  Bitmap Heap Scan on district  (cost=4.28..11.67 rows=2 width=22) (actual time=0.027..0.029 rows=1 loops=1)

        Recheck Cond: ((d_w_id = 2) AND (d_id = 8))

        Heap Blocks: exact=1

        ->  Bitmap Index Scan on district_pkey  (cost=0.00..4.28 rows=2 width=0) (actual time=0.016..0.017 rows=1 loops=1)

              Index Cond: ((d_w_id = 2) AND (d_id = 8))

Planning Time: 0.110 ms

Execution Time: 0.156 ms
Failed SQL 1976: UPDATE DISTRICT SET D_YTD = D_YTD + 181.01 WHERE D_W_ID = 2 AND D_ID = 8
Error Message: Cannot invoke "java.util.List.get(int)" because the return value of "sg.edu.nus.autotune.DB2DATA.getAllIndexes()" is null


===== Query 1977 =====

SQL: SELECT D_STREET_1, D_STREET_2, D_CITY, D_STATE, D_ZIP, D_NAME FROM DISTRICT WHERE D_W_ID = 2 AND D_ID = 8

EXPLAIN Plan:

Bitmap Heap Scan on district  (cost=4.28..11.66 rows=2 width=64) (actual time=0.027..0.028 rows=1 loops=1)

  Recheck Cond: ((d_w_id = 2) AND (d_id = 8))

  Heap Blocks: exact=1

  ->  Bitmap Index Scan on district_pkey  (cost=0.00..4.28 rows=2 width=0) (actual time=0.014..0.015 rows=1 loops=1)

        Index Cond: ((d_w_id = 2) AND (d_id = 8))

Planning Time: 0.110 ms

Execution Time: 0.057 ms
Failed SQL 1977: SELECT D_STREET_1, D_STREET_2, D_CITY, D_STATE, D_ZIP, D_NAME FROM DISTRICT WHERE D_W_ID = 2 AND D_ID = 8
Error Message: Cannot invoke "java.util.List.get(int)" because the return value of "sg.edu.nus.autotune.DB2DATA.getAllIndexes()" is null


===== Query 1978 =====

SQL: SELECT C_FIRST, C_MIDDLE, C_LAST, C_STREET_1, C_STREET_2, C_CITY, C_STATE, C_ZIP, C_PHONE, C_CREDIT, C_CREDIT_LIM, C_DISCOUNT, C_BALANCE, C_YTD_PAYMENT, C_PAYMENT_CNT, C_SINCE FROM CUSTOMER WHERE C_W_ID = 2 AND C_D_ID = 8 AND C_ID = 1536

EXPLAIN Plan:

Index Scan using customer_pkey on customer  (cost=0.42..8.44 rows=1 width=140) (actual time=1.339..1.341 rows=1 loops=1)

  Index Cond: ((c_w_id = 2) AND (c_d_id = 8) AND (c_id = 1536))

Planning Time: 0.065 ms

Execution Time: 1.358 ms
Failed SQL 1978: SELECT C_FIRST, C_MIDDLE, C_LAST, C_STREET_1, C_STREET_2, C_CITY, C_STATE, C_ZIP, C_PHONE, C_CREDIT, C_CREDIT_LIM, C_DISCOUNT, C_BALANCE, C_YTD_PAYMENT, C_PAYMENT_CNT, C_SINCE FROM CUSTOMER WHERE C_W_ID = 2 AND C_D_ID = 8 AND C_ID = 1536
Error Message: Cannot invoke "java.util.List.get(int)" because the return value of "sg.edu.nus.autotune.DB2DATA.getAllIndexes()" is null


===== Query 1979 =====

SQL: UPDATE CUSTOMER SET C_BALANCE = -191.01, C_YTD_PAYMENT = 191.01, C_PAYMENT_CNT = 2 WHERE C_W_ID = 2 AND C_D_ID = 8 AND C_ID = 1536

EXPLAIN Plan:

Update on customer  (cost=0.42..8.44 rows=0 width=0) (actual time=0.108..0.109 rows=0 loops=1)

  ->  Index Scan using customer_pkey on customer  (cost=0.42..8.44 rows=1 width=34) (actual time=0.040..0.042 rows=1 loops=1)

        Index Cond: ((c_w_id = 2) AND (c_d_id = 8) AND (c_id = 1536))

Planning Time: 0.134 ms

Execution Time: 0.140 ms
Failed SQL 1979: UPDATE CUSTOMER SET C_BALANCE = -191.01, C_YTD_PAYMENT = 191.01, C_PAYMENT_CNT = 2 WHERE C_W_ID = 2 AND C_D_ID = 8 AND C_ID = 1536
Error Message: Cannot invoke "java.util.List.get(int)" because the return value of "sg.edu.nus.autotune.DB2DATA.getAllIndexes()" is null


===== Query 1980 =====

SQL: SELECT C_DISCOUNT, C_LAST, C_CREDIT, W_TAX FROM CUSTOMER, WAREHOUSE WHERE W_ID = 2 AND C_W_ID = 2 AND C_D_ID = 2 AND C_ID = 3000

EXPLAIN Plan:

Nested Loop  (cost=4.56..16.61 rows=1 width=26) (actual time=0.335..0.337 rows=1 loops=1)

  ->  Index Scan using customer_pkey on customer  (cost=0.42..8.44 rows=1 width=21) (actual time=0.318..0.319 rows=1 loops=1)

        Index Cond: ((c_w_id = 2) AND (c_d_id = 2) AND (c_id = 3000))

  ->  Bitmap Heap Scan on warehouse  (cost=4.14..8.15 rows=1 width=5) (actual time=0.009..0.009 rows=1 loops=1)

        Recheck Cond: (w_id = 2)

        Heap Blocks: exact=1

        ->  Bitmap Index Scan on warehouse_pkey  (cost=0.00..4.14 rows=1 width=0) (actual time=0.005..0.005 rows=1 loops=1)

              Index Cond: (w_id = 2)

Planning Time: 0.121 ms

Execution Time: 0.369 ms
Failed SQL 1980: SELECT C_DISCOUNT, C_LAST, C_CREDIT, W_TAX FROM CUSTOMER, WAREHOUSE WHERE W_ID = 2 AND C_W_ID = 2 AND C_D_ID = 2 AND C_ID = 3000
Error Message: Cannot invoke "java.util.List.get(int)" because the return value of "sg.edu.nus.autotune.DB2DATA.getAllIndexes()" is null


===== Query 1981 =====

SQL: SELECT D_NEXT_O_ID, D_TAX FROM DISTRICT WHERE D_W_ID = 2 AND D_ID = 2

EXPLAIN Plan:

Bitmap Heap Scan on district  (cost=4.28..11.66 rows=2 width=9) (actual time=0.029..0.030 rows=1 loops=1)

  Recheck Cond: ((d_w_id = 2) AND (d_id = 2))

  Heap Blocks: exact=1

  ->  Bitmap Index Scan on district_pkey  (cost=0.00..4.28 rows=2 width=0) (actual time=0.015..0.016 rows=1 loops=1)

        Index Cond: ((d_w_id = 2) AND (d_id = 2))

Planning Time: 0.096 ms

Execution Time: 0.058 ms
Failed SQL 1981: SELECT D_NEXT_O_ID, D_TAX FROM DISTRICT WHERE D_W_ID = 2 AND D_ID = 2
Error Message: Cannot invoke "java.util.List.get(int)" because the return value of "sg.edu.nus.autotune.DB2DATA.getAllIndexes()" is null


===== Query 1982 =====

SQL: UPDATE DISTRICT SET D_NEXT_O_ID = D_NEXT_O_ID + 1 WHERE D_W_ID = 2 AND D_ID = 2

EXPLAIN Plan:

Update on district  (cost=4.28..11.67 rows=0 width=0) (actual time=0.047..0.048 rows=0 loops=1)

  ->  Bitmap Heap Scan on district  (cost=4.28..11.67 rows=2 width=10) (actual time=0.015..0.016 rows=1 loops=1)

        Recheck Cond: ((d_w_id = 2) AND (d_id = 2))

        Heap Blocks: exact=1

        ->  Bitmap Index Scan on district_pkey  (cost=0.00..4.28 rows=2 width=0) (actual time=0.009..0.009 rows=1 loops=1)

              Index Cond: ((d_w_id = 2) AND (d_id = 2))

Planning Time: 0.071 ms

Execution Time: 0.082 ms
Failed SQL 1982: UPDATE DISTRICT SET D_NEXT_O_ID = D_NEXT_O_ID + 1 WHERE D_W_ID = 2 AND D_ID = 2
Error Message: Cannot invoke "java.util.List.get(int)" because the return value of "sg.edu.nus.autotune.DB2DATA.getAllIndexes()" is null


===== Query 1983 =====

SQL: SELECT I_PRICE, I_NAME , I_DATA FROM ITEM WHERE I_ID = 20181

EXPLAIN Plan:

Index Scan using item_pkey on item  (cost=0.29..8.31 rows=1 width=61) (actual time=1.360..1.363 rows=1 loops=1)

  Index Cond: (i_id = 20181)

Planning Time: 0.109 ms

Execution Time: 1.384 ms
Failed SQL 1983: SELECT I_PRICE, I_NAME , I_DATA FROM ITEM WHERE I_ID = 20181
Error Message: Cannot invoke "java.util.List.get(int)" because the return value of "sg.edu.nus.autotune.DB2DATA.getAllIndexes()" is null


===== Query 1984 =====

SQL: SELECT S_QUANTITY, S_DATA, S_DIST_01, S_DIST_02, S_DIST_03, S_DIST_04, S_DIST_05, S_DIST_06, S_DIST_07, S_DIST_08, S_DIST_09, S_DIST_10 FROM STOCK WHERE S_I_ID = 20181 AND S_W_ID = 2

EXPLAIN Plan:

Index Scan using stock_pkey on stock  (cost=0.42..8.44 rows=1 width=291) (actual time=0.247..0.248 rows=1 loops=1)

  Index Cond: ((s_w_id = 2) AND (s_i_id = 20181))

Planning Time: 0.079 ms

Execution Time: 0.262 ms
Failed SQL 1984: SELECT S_QUANTITY, S_DATA, S_DIST_01, S_DIST_02, S_DIST_03, S_DIST_04, S_DIST_05, S_DIST_06, S_DIST_07, S_DIST_08, S_DIST_09, S_DIST_10 FROM STOCK WHERE S_I_ID = 20181 AND S_W_ID = 2
Error Message: Cannot invoke "java.util.List.get(int)" because the return value of "sg.edu.nus.autotune.DB2DATA.getAllIndexes()" is null


===== Query 1985 =====

SQL: UPDATE STOCK SET S_QUANTITY = 77, S_YTD = S_YTD + 3, S_ORDER_CNT = S_ORDER_CNT + 1, S_REMOTE_CNT = S_REMOTE_CNT + 0 WHERE S_I_ID = 20181 AND S_W_ID = 2

EXPLAIN Plan:

Update on stock  (cost=0.42..8.45 rows=0 width=0) (actual time=0.138..0.138 rows=0 loops=1)

  ->  Index Scan using stock_pkey on stock  (cost=0.42..8.45 rows=1 width=32) (actual time=0.027..0.028 rows=1 loops=1)

        Index Cond: ((s_w_id = 2) AND (s_i_id = 20181))

Planning Time: 0.071 ms

Execution Time: 0.156 ms
Failed SQL 1985: UPDATE STOCK SET S_QUANTITY = 77, S_YTD = S_YTD + 3, S_ORDER_CNT = S_ORDER_CNT + 1, S_REMOTE_CNT = S_REMOTE_CNT + 0 WHERE S_I_ID = 20181 AND S_W_ID = 2
Error Message: Cannot invoke "java.util.List.get(int)" because the return value of "sg.edu.nus.autotune.DB2DATA.getAllIndexes()" is null


===== Query 1986 =====

SQL: SELECT I_PRICE, I_NAME , I_DATA FROM ITEM WHERE I_ID = 15847

EXPLAIN Plan:

Index Scan using item_pkey on item  (cost=0.29..8.31 rows=1 width=61) (actual time=0.044..0.045 rows=1 loops=1)

  Index Cond: (i_id = 15847)

Planning Time: 0.085 ms

Execution Time: 0.062 ms
Failed SQL 1986: SELECT I_PRICE, I_NAME , I_DATA FROM ITEM WHERE I_ID = 15847
Error Message: Cannot invoke "java.util.List.get(int)" because the return value of "sg.edu.nus.autotune.DB2DATA.getAllIndexes()" is null


===== Query 1987 =====

SQL: SELECT S_QUANTITY, S_DATA, S_DIST_01, S_DIST_02, S_DIST_03, S_DIST_04, S_DIST_05, S_DIST_06, S_DIST_07, S_DIST_08, S_DIST_09, S_DIST_10 FROM STOCK WHERE S_I_ID = 15847 AND S_W_ID = 2

EXPLAIN Plan:

Index Scan using stock_pkey on stock  (cost=0.42..8.44 rows=1 width=291) (actual time=2.351..2.355 rows=1 loops=1)

  Index Cond: ((s_w_id = 2) AND (s_i_id = 15847))

Planning Time: 0.111 ms

Execution Time: 2.381 ms
Failed SQL 1987: SELECT S_QUANTITY, S_DATA, S_DIST_01, S_DIST_02, S_DIST_03, S_DIST_04, S_DIST_05, S_DIST_06, S_DIST_07, S_DIST_08, S_DIST_09, S_DIST_10 FROM STOCK WHERE S_I_ID = 15847 AND S_W_ID = 2
Error Message: Cannot invoke "java.util.List.get(int)" because the return value of "sg.edu.nus.autotune.DB2DATA.getAllIndexes()" is null


===== Query 1988 =====

SQL: UPDATE STOCK SET S_QUANTITY = 49, S_YTD = S_YTD + 7, S_ORDER_CNT = S_ORDER_CNT + 1, S_REMOTE_CNT = S_REMOTE_CNT + 0 WHERE S_I_ID = 15847 AND S_W_ID = 2

EXPLAIN Plan:

Update on stock  (cost=0.42..8.45 rows=0 width=0) (actual time=0.116..0.117 rows=0 loops=1)

  ->  Index Scan using stock_pkey on stock  (cost=0.42..8.45 rows=1 width=32) (actual time=0.027..0.028 rows=1 loops=1)

        Index Cond: ((s_w_id = 2) AND (s_i_id = 15847))

Planning Time: 0.099 ms

Execution Time: 0.189 ms
Failed SQL 1988: UPDATE STOCK SET S_QUANTITY = 49, S_YTD = S_YTD + 7, S_ORDER_CNT = S_ORDER_CNT + 1, S_REMOTE_CNT = S_REMOTE_CNT + 0 WHERE S_I_ID = 15847 AND S_W_ID = 2
Error Message: Cannot invoke "java.util.List.get(int)" because the return value of "sg.edu.nus.autotune.DB2DATA.getAllIndexes()" is null


===== Query 1989 =====

SQL: SELECT I_PRICE, I_NAME , I_DATA FROM ITEM WHERE I_ID = 55831

EXPLAIN Plan:

Index Scan using item_pkey on item  (cost=0.29..8.31 rows=1 width=61) (actual time=0.354..0.357 rows=1 loops=1)

  Index Cond: (i_id = 55831)

Planning Time: 0.073 ms

Execution Time: 0.375 ms
Failed SQL 1989: SELECT I_PRICE, I_NAME , I_DATA FROM ITEM WHERE I_ID = 55831
Error Message: Cannot invoke "java.util.List.get(int)" because the return value of "sg.edu.nus.autotune.DB2DATA.getAllIndexes()" is null


===== Query 1990 =====

SQL: SELECT S_QUANTITY, S_DATA, S_DIST_01, S_DIST_02, S_DIST_03, S_DIST_04, S_DIST_05, S_DIST_06, S_DIST_07, S_DIST_08, S_DIST_09, S_DIST_10 FROM STOCK WHERE S_I_ID = 55831 AND S_W_ID = 2

EXPLAIN Plan:

Index Scan using stock_pkey on stock  (cost=0.42..8.44 rows=1 width=291) (actual time=1.075..1.077 rows=1 loops=1)

  Index Cond: ((s_w_id = 2) AND (s_i_id = 55831))

Planning Time: 0.082 ms

Execution Time: 1.095 ms
Failed SQL 1990: SELECT S_QUANTITY, S_DATA, S_DIST_01, S_DIST_02, S_DIST_03, S_DIST_04, S_DIST_05, S_DIST_06, S_DIST_07, S_DIST_08, S_DIST_09, S_DIST_10 FROM STOCK WHERE S_I_ID = 55831 AND S_W_ID = 2
Error Message: Cannot invoke "java.util.List.get(int)" because the return value of "sg.edu.nus.autotune.DB2DATA.getAllIndexes()" is null


===== Query 1991 =====

SQL: UPDATE STOCK SET S_QUANTITY = 74, S_YTD = S_YTD + 7, S_ORDER_CNT = S_ORDER_CNT + 1, S_REMOTE_CNT = S_REMOTE_CNT + 0 WHERE S_I_ID = 55831 AND S_W_ID = 2

EXPLAIN Plan:

Update on stock  (cost=0.42..8.45 rows=0 width=0) (actual time=0.122..0.123 rows=0 loops=1)

  ->  Index Scan using stock_pkey on stock  (cost=0.42..8.45 rows=1 width=32) (actual time=0.043..0.044 rows=1 loops=1)

        Index Cond: ((s_w_id = 2) AND (s_i_id = 55831))

Planning Time: 0.099 ms

Execution Time: 0.152 ms
Failed SQL 1991: UPDATE STOCK SET S_QUANTITY = 74, S_YTD = S_YTD + 7, S_ORDER_CNT = S_ORDER_CNT + 1, S_REMOTE_CNT = S_REMOTE_CNT + 0 WHERE S_I_ID = 55831 AND S_W_ID = 2
Error Message: Cannot invoke "java.util.List.get(int)" because the return value of "sg.edu.nus.autotune.DB2DATA.getAllIndexes()" is null


===== Query 1992 =====

SQL: SELECT I_PRICE, I_NAME , I_DATA FROM ITEM WHERE I_ID = 72348

EXPLAIN Plan:

Index Scan using item_pkey on item  (cost=0.29..8.31 rows=1 width=61) (actual time=15.395..15.399 rows=1 loops=1)

  Index Cond: (i_id = 72348)

Planning Time: 0.074 ms

Execution Time: 15.433 ms
Failed SQL 1992: SELECT I_PRICE, I_NAME , I_DATA FROM ITEM WHERE I_ID = 72348
Error Message: Cannot invoke "java.util.List.get(int)" because the return value of "sg.edu.nus.autotune.DB2DATA.getAllIndexes()" is null


===== Query 1993 =====

SQL: SELECT S_QUANTITY, S_DATA, S_DIST_01, S_DIST_02, S_DIST_03, S_DIST_04, S_DIST_05, S_DIST_06, S_DIST_07, S_DIST_08, S_DIST_09, S_DIST_10 FROM STOCK WHERE S_I_ID = 72348 AND S_W_ID = 2

EXPLAIN Plan:

Index Scan using stock_pkey on stock  (cost=0.42..8.44 rows=1 width=291) (actual time=0.284..0.287 rows=1 loops=1)

  Index Cond: ((s_w_id = 2) AND (s_i_id = 72348))

Planning Time: 0.100 ms

Execution Time: 0.307 ms
Failed SQL 1993: SELECT S_QUANTITY, S_DATA, S_DIST_01, S_DIST_02, S_DIST_03, S_DIST_04, S_DIST_05, S_DIST_06, S_DIST_07, S_DIST_08, S_DIST_09, S_DIST_10 FROM STOCK WHERE S_I_ID = 72348 AND S_W_ID = 2
Error Message: Cannot invoke "java.util.List.get(int)" because the return value of "sg.edu.nus.autotune.DB2DATA.getAllIndexes()" is null


===== Query 1994 =====

SQL: UPDATE STOCK SET S_QUANTITY = 81, S_YTD = S_YTD + 9, S_ORDER_CNT = S_ORDER_CNT + 1, S_REMOTE_CNT = S_REMOTE_CNT + 0 WHERE S_I_ID = 72348 AND S_W_ID = 2

EXPLAIN Plan:

Update on stock  (cost=0.42..8.45 rows=0 width=0) (actual time=0.093..0.094 rows=0 loops=1)

  ->  Index Scan using stock_pkey on stock  (cost=0.42..8.45 rows=1 width=32) (actual time=0.031..0.033 rows=1 loops=1)

        Index Cond: ((s_w_id = 2) AND (s_i_id = 72348))

Planning Time: 0.114 ms

Execution Time: 0.126 ms
Failed SQL 1994: UPDATE STOCK SET S_QUANTITY = 81, S_YTD = S_YTD + 9, S_ORDER_CNT = S_ORDER_CNT + 1, S_REMOTE_CNT = S_REMOTE_CNT + 0 WHERE S_I_ID = 72348 AND S_W_ID = 2
Error Message: Cannot invoke "java.util.List.get(int)" because the return value of "sg.edu.nus.autotune.DB2DATA.getAllIndexes()" is null


===== Query 1995 =====

SQL: SELECT I_PRICE, I_NAME , I_DATA FROM ITEM WHERE I_ID = 82579

EXPLAIN Plan:

Index Scan using item_pkey on item  (cost=0.29..8.31 rows=1 width=61) (actual time=0.459..0.462 rows=1 loops=1)

  Index Cond: (i_id = 82579)

Planning Time: 0.100 ms

Execution Time: 0.490 ms
Failed SQL 1995: SELECT I_PRICE, I_NAME , I_DATA FROM ITEM WHERE I_ID = 82579
Error Message: Cannot invoke "java.util.List.get(int)" because the return value of "sg.edu.nus.autotune.DB2DATA.getAllIndexes()" is null


===== Query 1996 =====

SQL: SELECT S_QUANTITY, S_DATA, S_DIST_01, S_DIST_02, S_DIST_03, S_DIST_04, S_DIST_05, S_DIST_06, S_DIST_07, S_DIST_08, S_DIST_09, S_DIST_10 FROM STOCK WHERE S_I_ID = 82579 AND S_W_ID = 2

EXPLAIN Plan:

Index Scan using stock_pkey on stock  (cost=0.42..8.44 rows=1 width=291) (actual time=0.574..0.576 rows=1 loops=1)

  Index Cond: ((s_w_id = 2) AND (s_i_id = 82579))

Planning Time: 0.113 ms

Execution Time: 0.610 ms
Failed SQL 1996: SELECT S_QUANTITY, S_DATA, S_DIST_01, S_DIST_02, S_DIST_03, S_DIST_04, S_DIST_05, S_DIST_06, S_DIST_07, S_DIST_08, S_DIST_09, S_DIST_10 FROM STOCK WHERE S_I_ID = 82579 AND S_W_ID = 2
Error Message: Cannot invoke "java.util.List.get(int)" because the return value of "sg.edu.nus.autotune.DB2DATA.getAllIndexes()" is null


===== Query 1997 =====

SQL: UPDATE STOCK SET S_QUANTITY = 17, S_YTD = S_YTD + 6, S_ORDER_CNT = S_ORDER_CNT + 1, S_REMOTE_CNT = S_REMOTE_CNT + 0 WHERE S_I_ID = 82579 AND S_W_ID = 2

EXPLAIN Plan:

Update on stock  (cost=0.42..8.45 rows=0 width=0) (actual time=0.097..0.098 rows=0 loops=1)

  ->  Index Scan using stock_pkey on stock  (cost=0.42..8.45 rows=1 width=32) (actual time=0.024..0.024 rows=1 loops=1)

        Index Cond: ((s_w_id = 2) AND (s_i_id = 82579))

Planning Time: 0.085 ms

Execution Time: 0.117 ms
Failed SQL 1997: UPDATE STOCK SET S_QUANTITY = 17, S_YTD = S_YTD + 6, S_ORDER_CNT = S_ORDER_CNT + 1, S_REMOTE_CNT = S_REMOTE_CNT + 0 WHERE S_I_ID = 82579 AND S_W_ID = 2
Error Message: Cannot invoke "java.util.List.get(int)" because the return value of "sg.edu.nus.autotune.DB2DATA.getAllIndexes()" is null


===== Query 1998 =====

SQL: SELECT I_PRICE, I_NAME , I_DATA FROM ITEM WHERE I_ID = 5095

EXPLAIN Plan:

Index Scan using item_pkey on item  (cost=0.29..8.31 rows=1 width=61) (actual time=0.919..0.921 rows=1 loops=1)

  Index Cond: (i_id = 5095)

Planning Time: 0.064 ms

Execution Time: 0.935 ms
Failed SQL 1998: SELECT I_PRICE, I_NAME , I_DATA FROM ITEM WHERE I_ID = 5095
Error Message: Cannot invoke "java.util.List.get(int)" because the return value of "sg.edu.nus.autotune.DB2DATA.getAllIndexes()" is null


===== Query 1999 =====

SQL: SELECT S_QUANTITY, S_DATA, S_DIST_01, S_DIST_02, S_DIST_03, S_DIST_04, S_DIST_05, S_DIST_06, S_DIST_07, S_DIST_08, S_DIST_09, S_DIST_10 FROM STOCK WHERE S_I_ID = 5095 AND S_W_ID = 2

EXPLAIN Plan:

Index Scan using stock_pkey on stock  (cost=0.42..8.44 rows=1 width=291) (actual time=0.085..0.094 rows=1 loops=1)

  Index Cond: ((s_w_id = 2) AND (s_i_id = 5095))

Planning Time: 0.109 ms

Execution Time: 0.118 ms
Failed SQL 1999: SELECT S_QUANTITY, S_DATA, S_DIST_01, S_DIST_02, S_DIST_03, S_DIST_04, S_DIST_05, S_DIST_06, S_DIST_07, S_DIST_08, S_DIST_09, S_DIST_10 FROM STOCK WHERE S_I_ID = 5095 AND S_W_ID = 2
Error Message: Cannot invoke "java.util.List.get(int)" because the return value of "sg.edu.nus.autotune.DB2DATA.getAllIndexes()" is null


===== Query 2000 =====

SQL: UPDATE STOCK SET S_QUANTITY = 65, S_YTD = S_YTD + 10, S_ORDER_CNT = S_ORDER_CNT + 1, S_REMOTE_CNT = S_REMOTE_CNT + 0 WHERE S_I_ID = 5095 AND S_W_ID = 2

EXPLAIN Plan:

Update on stock  (cost=0.42..8.45 rows=0 width=0) (actual time=0.074..0.075 rows=0 loops=1)

  ->  Index Scan using stock_pkey on stock  (cost=0.42..8.45 rows=1 width=32) (actual time=0.022..0.023 rows=1 loops=1)

        Index Cond: ((s_w_id = 2) AND (s_i_id = 5095))

Planning Time: 0.061 ms

Execution Time: 0.089 ms
Failed SQL 2000: UPDATE STOCK SET S_QUANTITY = 65, S_YTD = S_YTD + 10, S_ORDER_CNT = S_ORDER_CNT + 1, S_REMOTE_CNT = S_REMOTE_CNT + 0 WHERE S_I_ID = 5095 AND S_W_ID = 2
Error Message: Cannot invoke "java.util.List.get(int)" because the return value of "sg.edu.nus.autotune.DB2DATA.getAllIndexes()" is null


===== Query 2001 =====

SQL: SELECT I_PRICE, I_NAME , I_DATA FROM ITEM WHERE I_ID = 10948

EXPLAIN Plan:

Index Scan using item_pkey on item  (cost=0.29..8.31 rows=1 width=61) (actual time=0.031..0.032 rows=1 loops=1)

  Index Cond: (i_id = 10948)

Planning Time: 0.068 ms

Execution Time: 0.044 ms
Failed SQL 2001: SELECT I_PRICE, I_NAME , I_DATA FROM ITEM WHERE I_ID = 10948
Error Message: Cannot invoke "java.util.List.get(int)" because the return value of "sg.edu.nus.autotune.DB2DATA.getAllIndexes()" is null


===== Query 2002 =====

SQL: SELECT S_QUANTITY, S_DATA, S_DIST_01, S_DIST_02, S_DIST_03, S_DIST_04, S_DIST_05, S_DIST_06, S_DIST_07, S_DIST_08, S_DIST_09, S_DIST_10 FROM STOCK WHERE S_I_ID = 10948 AND S_W_ID = 2

EXPLAIN Plan:

Index Scan using stock_pkey on stock  (cost=0.42..8.44 rows=1 width=291) (actual time=0.048..0.049 rows=1 loops=1)

  Index Cond: ((s_w_id = 2) AND (s_i_id = 10948))

Planning Time: 0.118 ms

Execution Time: 0.073 ms
Failed SQL 2002: SELECT S_QUANTITY, S_DATA, S_DIST_01, S_DIST_02, S_DIST_03, S_DIST_04, S_DIST_05, S_DIST_06, S_DIST_07, S_DIST_08, S_DIST_09, S_DIST_10 FROM STOCK WHERE S_I_ID = 10948 AND S_W_ID = 2
Error Message: Cannot invoke "java.util.List.get(int)" because the return value of "sg.edu.nus.autotune.DB2DATA.getAllIndexes()" is null


===== Query 2003 =====

SQL: UPDATE STOCK SET S_QUANTITY = 74, S_YTD = S_YTD + 6, S_ORDER_CNT = S_ORDER_CNT + 1, S_REMOTE_CNT = S_REMOTE_CNT + 0 WHERE S_I_ID = 10948 AND S_W_ID = 2

EXPLAIN Plan:

Update on stock  (cost=0.42..8.45 rows=0 width=0) (actual time=0.065..0.065 rows=0 loops=1)

  ->  Index Scan using stock_pkey on stock  (cost=0.42..8.45 rows=1 width=32) (actual time=0.018..0.019 rows=1 loops=1)

        Index Cond: ((s_w_id = 2) AND (s_i_id = 10948))

Planning Time: 0.080 ms

Execution Time: 0.081 ms
Failed SQL 2003: UPDATE STOCK SET S_QUANTITY = 74, S_YTD = S_YTD + 6, S_ORDER_CNT = S_ORDER_CNT + 1, S_REMOTE_CNT = S_REMOTE_CNT + 0 WHERE S_I_ID = 10948 AND S_W_ID = 2
Error Message: Cannot invoke "java.util.List.get(int)" because the return value of "sg.edu.nus.autotune.DB2DATA.getAllIndexes()" is null


===== Query 2004 =====

SQL: SELECT I_PRICE, I_NAME , I_DATA FROM ITEM WHERE I_ID = 40015

EXPLAIN Plan:

Index Scan using item_pkey on item  (cost=0.29..8.31 rows=1 width=61) (actual time=83.246..83.250 rows=1 loops=1)

  Index Cond: (i_id = 40015)

Planning Time: 0.045 ms

Execution Time: 83.266 ms
Failed SQL 2004: SELECT I_PRICE, I_NAME , I_DATA FROM ITEM WHERE I_ID = 40015
Error Message: Cannot invoke "java.util.List.get(int)" because the return value of "sg.edu.nus.autotune.DB2DATA.getAllIndexes()" is null


===== Query 2005 =====

SQL: SELECT S_QUANTITY, S_DATA, S_DIST_01, S_DIST_02, S_DIST_03, S_DIST_04, S_DIST_05, S_DIST_06, S_DIST_07, S_DIST_08, S_DIST_09, S_DIST_10 FROM STOCK WHERE S_I_ID = 40015 AND S_W_ID = 2

EXPLAIN Plan:

Index Scan using stock_pkey on stock  (cost=0.42..8.44 rows=1 width=291) (actual time=0.086..0.088 rows=1 loops=1)

  Index Cond: ((s_w_id = 2) AND (s_i_id = 40015))

Planning Time: 0.122 ms

Execution Time: 0.115 ms
Failed SQL 2005: SELECT S_QUANTITY, S_DATA, S_DIST_01, S_DIST_02, S_DIST_03, S_DIST_04, S_DIST_05, S_DIST_06, S_DIST_07, S_DIST_08, S_DIST_09, S_DIST_10 FROM STOCK WHERE S_I_ID = 40015 AND S_W_ID = 2
Error Message: Cannot invoke "java.util.List.get(int)" because the return value of "sg.edu.nus.autotune.DB2DATA.getAllIndexes()" is null


===== Query 2006 =====

SQL: UPDATE STOCK SET S_QUANTITY = 19, S_YTD = S_YTD + 7, S_ORDER_CNT = S_ORDER_CNT + 1, S_REMOTE_CNT = S_REMOTE_CNT + 0 WHERE S_I_ID = 40015 AND S_W_ID = 2

EXPLAIN Plan:

Update on stock  (cost=0.42..8.45 rows=0 width=0) (actual time=0.091..0.092 rows=0 loops=1)

  ->  Index Scan using stock_pkey on stock  (cost=0.42..8.45 rows=1 width=32) (actual time=0.022..0.023 rows=1 loops=1)

        Index Cond: ((s_w_id = 2) AND (s_i_id = 40015))

Planning Time: 0.081 ms

Execution Time: 0.108 ms
Failed SQL 2006: UPDATE STOCK SET S_QUANTITY = 19, S_YTD = S_YTD + 7, S_ORDER_CNT = S_ORDER_CNT + 1, S_REMOTE_CNT = S_REMOTE_CNT + 0 WHERE S_I_ID = 40015 AND S_W_ID = 2
Error Message: Cannot invoke "java.util.List.get(int)" because the return value of "sg.edu.nus.autotune.DB2DATA.getAllIndexes()" is null


===== Query 2007 =====

SQL: SELECT I_PRICE, I_NAME , I_DATA FROM ITEM WHERE I_ID = 15063

EXPLAIN Plan:

Index Scan using item_pkey on item  (cost=0.29..8.31 rows=1 width=61) (actual time=0.083..0.085 rows=1 loops=1)

  Index Cond: (i_id = 15063)

Planning Time: 0.096 ms

Execution Time: 0.108 ms
Failed SQL 2007: SELECT I_PRICE, I_NAME , I_DATA FROM ITEM WHERE I_ID = 15063
Error Message: Cannot invoke "java.util.List.get(int)" because the return value of "sg.edu.nus.autotune.DB2DATA.getAllIndexes()" is null


===== Query 2008 =====

SQL: SELECT S_QUANTITY, S_DATA, S_DIST_01, S_DIST_02, S_DIST_03, S_DIST_04, S_DIST_05, S_DIST_06, S_DIST_07, S_DIST_08, S_DIST_09, S_DIST_10 FROM STOCK WHERE S_I_ID = 15063 AND S_W_ID = 2

EXPLAIN Plan:

Index Scan using stock_pkey on stock  (cost=0.42..8.44 rows=1 width=291) (actual time=0.557..0.560 rows=1 loops=1)

  Index Cond: ((s_w_id = 2) AND (s_i_id = 15063))

Planning Time: 0.091 ms

Execution Time: 0.582 ms
Failed SQL 2008: SELECT S_QUANTITY, S_DATA, S_DIST_01, S_DIST_02, S_DIST_03, S_DIST_04, S_DIST_05, S_DIST_06, S_DIST_07, S_DIST_08, S_DIST_09, S_DIST_10 FROM STOCK WHERE S_I_ID = 15063 AND S_W_ID = 2
Error Message: Cannot invoke "java.util.List.get(int)" because the return value of "sg.edu.nus.autotune.DB2DATA.getAllIndexes()" is null


===== Query 2009 =====

SQL: UPDATE STOCK SET S_QUANTITY = 20, S_YTD = S_YTD + 5, S_ORDER_CNT = S_ORDER_CNT + 1, S_REMOTE_CNT = S_REMOTE_CNT + 0 WHERE S_I_ID = 15063 AND S_W_ID = 2

EXPLAIN Plan:

Update on stock  (cost=0.42..8.45 rows=0 width=0) (actual time=0.124..0.124 rows=0 loops=1)

  ->  Index Scan using stock_pkey on stock  (cost=0.42..8.45 rows=1 width=32) (actual time=0.051..0.052 rows=1 loops=1)

        Index Cond: ((s_w_id = 2) AND (s_i_id = 15063))

Planning Time: 0.104 ms

Execution Time: 0.161 ms
Failed SQL 2009: UPDATE STOCK SET S_QUANTITY = 20, S_YTD = S_YTD + 5, S_ORDER_CNT = S_ORDER_CNT + 1, S_REMOTE_CNT = S_REMOTE_CNT + 0 WHERE S_I_ID = 15063 AND S_W_ID = 2
Error Message: Cannot invoke "java.util.List.get(int)" because the return value of "sg.edu.nus.autotune.DB2DATA.getAllIndexes()" is null


===== Query 2010 =====

SQL: SELECT I_PRICE, I_NAME , I_DATA FROM ITEM WHERE I_ID = 72931

EXPLAIN Plan:

Index Scan using item_pkey on item  (cost=0.29..8.31 rows=1 width=61) (actual time=0.089..0.091 rows=1 loops=1)

  Index Cond: (i_id = 72931)

Planning Time: 0.084 ms

Execution Time: 0.109 ms
Failed SQL 2010: SELECT I_PRICE, I_NAME , I_DATA FROM ITEM WHERE I_ID = 72931
Error Message: Cannot invoke "java.util.List.get(int)" because the return value of "sg.edu.nus.autotune.DB2DATA.getAllIndexes()" is null


===== Query 2011 =====

SQL: SELECT S_QUANTITY, S_DATA, S_DIST_01, S_DIST_02, S_DIST_03, S_DIST_04, S_DIST_05, S_DIST_06, S_DIST_07, S_DIST_08, S_DIST_09, S_DIST_10 FROM STOCK WHERE S_I_ID = 72931 AND S_W_ID = 2

EXPLAIN Plan:

Index Scan using stock_pkey on stock  (cost=0.42..8.44 rows=1 width=291) (actual time=1.107..1.110 rows=1 loops=1)

  Index Cond: ((s_w_id = 2) AND (s_i_id = 72931))

Planning Time: 0.073 ms

Execution Time: 1.130 ms
Failed SQL 2011: SELECT S_QUANTITY, S_DATA, S_DIST_01, S_DIST_02, S_DIST_03, S_DIST_04, S_DIST_05, S_DIST_06, S_DIST_07, S_DIST_08, S_DIST_09, S_DIST_10 FROM STOCK WHERE S_I_ID = 72931 AND S_W_ID = 2
Error Message: Cannot invoke "java.util.List.get(int)" because the return value of "sg.edu.nus.autotune.DB2DATA.getAllIndexes()" is null


===== Query 2012 =====

SQL: UPDATE STOCK SET S_QUANTITY = 83, S_YTD = S_YTD + 5, S_ORDER_CNT = S_ORDER_CNT + 1, S_REMOTE_CNT = S_REMOTE_CNT + 0 WHERE S_I_ID = 72931 AND S_W_ID = 2

EXPLAIN Plan:

Update on stock  (cost=0.42..8.45 rows=0 width=0) (actual time=0.111..0.111 rows=0 loops=1)

  ->  Index Scan using stock_pkey on stock  (cost=0.42..8.45 rows=1 width=32) (actual time=0.037..0.039 rows=1 loops=1)

        Index Cond: ((s_w_id = 2) AND (s_i_id = 72931))

Planning Time: 0.122 ms

Execution Time: 0.141 ms
Failed SQL 2012: UPDATE STOCK SET S_QUANTITY = 83, S_YTD = S_YTD + 5, S_ORDER_CNT = S_ORDER_CNT + 1, S_REMOTE_CNT = S_REMOTE_CNT + 0 WHERE S_I_ID = 72931 AND S_W_ID = 2
Error Message: Cannot invoke "java.util.List.get(int)" because the return value of "sg.edu.nus.autotune.DB2DATA.getAllIndexes()" is null


===== Query 2013 =====

SQL: SELECT I_PRICE, I_NAME , I_DATA FROM ITEM WHERE I_ID = 56703

EXPLAIN Plan:

Index Scan using item_pkey on item  (cost=0.29..8.31 rows=1 width=61) (actual time=0.386..0.389 rows=1 loops=1)

  Index Cond: (i_id = 56703)

Planning Time: 0.070 ms

Execution Time: 0.408 ms
Failed SQL 2013: SELECT I_PRICE, I_NAME , I_DATA FROM ITEM WHERE I_ID = 56703
Error Message: Cannot invoke "java.util.List.get(int)" because the return value of "sg.edu.nus.autotune.DB2DATA.getAllIndexes()" is null


===== Query 2014 =====

SQL: SELECT S_QUANTITY, S_DATA, S_DIST_01, S_DIST_02, S_DIST_03, S_DIST_04, S_DIST_05, S_DIST_06, S_DIST_07, S_DIST_08, S_DIST_09, S_DIST_10 FROM STOCK WHERE S_I_ID = 56703 AND S_W_ID = 2

EXPLAIN Plan:

Index Scan using stock_pkey on stock  (cost=0.42..8.44 rows=1 width=291) (actual time=0.267..0.269 rows=1 loops=1)

  Index Cond: ((s_w_id = 2) AND (s_i_id = 56703))

Planning Time: 0.054 ms

Execution Time: 0.292 ms
Failed SQL 2014: SELECT S_QUANTITY, S_DATA, S_DIST_01, S_DIST_02, S_DIST_03, S_DIST_04, S_DIST_05, S_DIST_06, S_DIST_07, S_DIST_08, S_DIST_09, S_DIST_10 FROM STOCK WHERE S_I_ID = 56703 AND S_W_ID = 2
Error Message: Cannot invoke "java.util.List.get(int)" because the return value of "sg.edu.nus.autotune.DB2DATA.getAllIndexes()" is null


===== Query 2015 =====

SQL: UPDATE STOCK SET S_QUANTITY = 44, S_YTD = S_YTD + 10, S_ORDER_CNT = S_ORDER_CNT + 1, S_REMOTE_CNT = S_REMOTE_CNT + 0 WHERE S_I_ID = 56703 AND S_W_ID = 2

EXPLAIN Plan:

Update on stock  (cost=0.42..8.45 rows=0 width=0) (actual time=0.077..0.078 rows=0 loops=1)

  ->  Index Scan using stock_pkey on stock  (cost=0.42..8.45 rows=1 width=32) (actual time=0.026..0.027 rows=1 loops=1)

        Index Cond: ((s_w_id = 2) AND (s_i_id = 56703))

Planning Time: 0.073 ms

Execution Time: 0.093 ms
Failed SQL 2015: UPDATE STOCK SET S_QUANTITY = 44, S_YTD = S_YTD + 10, S_ORDER_CNT = S_ORDER_CNT + 1, S_REMOTE_CNT = S_REMOTE_CNT + 0 WHERE S_I_ID = 56703 AND S_W_ID = 2
Error Message: Cannot invoke "java.util.List.get(int)" because the return value of "sg.edu.nus.autotune.DB2DATA.getAllIndexes()" is null


===== Query 2016 =====

SQL: SELECT I_PRICE, I_NAME , I_DATA FROM ITEM WHERE I_ID = 61111

EXPLAIN Plan:

Index Scan using item_pkey on item  (cost=0.29..8.31 rows=1 width=61) (actual time=0.045..0.047 rows=1 loops=1)

  Index Cond: (i_id = 61111)

Planning Time: 0.086 ms

Execution Time: 0.066 ms
Failed SQL 2016: SELECT I_PRICE, I_NAME , I_DATA FROM ITEM WHERE I_ID = 61111
Error Message: Cannot invoke "java.util.List.get(int)" because the return value of "sg.edu.nus.autotune.DB2DATA.getAllIndexes()" is null


===== Query 2017 =====

SQL: SELECT S_QUANTITY, S_DATA, S_DIST_01, S_DIST_02, S_DIST_03, S_DIST_04, S_DIST_05, S_DIST_06, S_DIST_07, S_DIST_08, S_DIST_09, S_DIST_10 FROM STOCK WHERE S_I_ID = 61111 AND S_W_ID = 2

EXPLAIN Plan:

Index Scan using stock_pkey on stock  (cost=0.42..8.44 rows=1 width=291) (actual time=0.380..0.384 rows=1 loops=1)

  Index Cond: ((s_w_id = 2) AND (s_i_id = 61111))

Planning Time: 0.118 ms

Execution Time: 0.414 ms
Failed SQL 2017: SELECT S_QUANTITY, S_DATA, S_DIST_01, S_DIST_02, S_DIST_03, S_DIST_04, S_DIST_05, S_DIST_06, S_DIST_07, S_DIST_08, S_DIST_09, S_DIST_10 FROM STOCK WHERE S_I_ID = 61111 AND S_W_ID = 2
Error Message: Cannot invoke "java.util.List.get(int)" because the return value of "sg.edu.nus.autotune.DB2DATA.getAllIndexes()" is null


===== Query 2018 =====

SQL: UPDATE STOCK SET S_QUANTITY = 94, S_YTD = S_YTD + 4, S_ORDER_CNT = S_ORDER_CNT + 1, S_REMOTE_CNT = S_REMOTE_CNT + 0 WHERE S_I_ID = 61111 AND S_W_ID = 2

EXPLAIN Plan:

Update on stock  (cost=0.42..8.45 rows=0 width=0) (actual time=0.116..0.117 rows=0 loops=1)

  ->  Index Scan using stock_pkey on stock  (cost=0.42..8.45 rows=1 width=32) (actual time=0.034..0.036 rows=1 loops=1)

        Index Cond: ((s_w_id = 2) AND (s_i_id = 61111))

Planning Time: 0.105 ms

Execution Time: 0.146 ms
Failed SQL 2018: UPDATE STOCK SET S_QUANTITY = 94, S_YTD = S_YTD + 4, S_ORDER_CNT = S_ORDER_CNT + 1, S_REMOTE_CNT = S_REMOTE_CNT + 0 WHERE S_I_ID = 61111 AND S_W_ID = 2
Error Message: Cannot invoke "java.util.List.get(int)" because the return value of "sg.edu.nus.autotune.DB2DATA.getAllIndexes()" is null


===== Query 2019 =====

SQL: SELECT I_PRICE, I_NAME , I_DATA FROM ITEM WHERE I_ID = 68839

EXPLAIN Plan:

Index Scan using item_pkey on item  (cost=0.29..8.31 rows=1 width=61) (actual time=0.814..0.816 rows=1 loops=1)

  Index Cond: (i_id = 68839)

Planning Time: 0.047 ms

Execution Time: 0.830 ms
Failed SQL 2019: SELECT I_PRICE, I_NAME , I_DATA FROM ITEM WHERE I_ID = 68839
Error Message: Cannot invoke "java.util.List.get(int)" because the return value of "sg.edu.nus.autotune.DB2DATA.getAllIndexes()" is null


===== Query 2020 =====

SQL: SELECT S_QUANTITY, S_DATA, S_DIST_01, S_DIST_02, S_DIST_03, S_DIST_04, S_DIST_05, S_DIST_06, S_DIST_07, S_DIST_08, S_DIST_09, S_DIST_10 FROM STOCK WHERE S_I_ID = 68839 AND S_W_ID = 2

EXPLAIN Plan:

Index Scan using stock_pkey on stock  (cost=0.42..8.44 rows=1 width=291) (actual time=1.241..1.245 rows=1 loops=1)

  Index Cond: ((s_w_id = 2) AND (s_i_id = 68839))

Planning Time: 0.103 ms

Execution Time: 1.269 ms
Failed SQL 2020: SELECT S_QUANTITY, S_DATA, S_DIST_01, S_DIST_02, S_DIST_03, S_DIST_04, S_DIST_05, S_DIST_06, S_DIST_07, S_DIST_08, S_DIST_09, S_DIST_10 FROM STOCK WHERE S_I_ID = 68839 AND S_W_ID = 2
Error Message: Cannot invoke "java.util.List.get(int)" because the return value of "sg.edu.nus.autotune.DB2DATA.getAllIndexes()" is null


===== Query 2021 =====

SQL: UPDATE STOCK SET S_QUANTITY = 38, S_YTD = S_YTD + 3, S_ORDER_CNT = S_ORDER_CNT + 1, S_REMOTE_CNT = S_REMOTE_CNT + 0 WHERE S_I_ID = 68839 AND S_W_ID = 2

EXPLAIN Plan:

Update on stock  (cost=0.42..8.45 rows=0 width=0) (actual time=0.097..0.097 rows=0 loops=1)

  ->  Index Scan using stock_pkey on stock  (cost=0.42..8.45 rows=1 width=32) (actual time=0.027..0.029 rows=1 loops=1)

        Index Cond: ((s_w_id = 2) AND (s_i_id = 68839))

Planning Time: 0.115 ms

Execution Time: 0.127 ms
Failed SQL 2021: UPDATE STOCK SET S_QUANTITY = 38, S_YTD = S_YTD + 3, S_ORDER_CNT = S_ORDER_CNT + 1, S_REMOTE_CNT = S_REMOTE_CNT + 0 WHERE S_I_ID = 68839 AND S_W_ID = 2
Error Message: Cannot invoke "java.util.List.get(int)" because the return value of "sg.edu.nus.autotune.DB2DATA.getAllIndexes()" is null


===== Query 2022 =====

SQL: SELECT I_PRICE, I_NAME , I_DATA FROM ITEM WHERE I_ID = 62943

EXPLAIN Plan:

Index Scan using item_pkey on item  (cost=0.29..8.31 rows=1 width=61) (actual time=0.056..0.057 rows=1 loops=1)

  Index Cond: (i_id = 62943)

Planning Time: 0.070 ms

Execution Time: 0.074 ms
Failed SQL 2022: SELECT I_PRICE, I_NAME , I_DATA FROM ITEM WHERE I_ID = 62943
Error Message: Cannot invoke "java.util.List.get(int)" because the return value of "sg.edu.nus.autotune.DB2DATA.getAllIndexes()" is null


===== Query 2023 =====

SQL: SELECT S_QUANTITY, S_DATA, S_DIST_01, S_DIST_02, S_DIST_03, S_DIST_04, S_DIST_05, S_DIST_06, S_DIST_07, S_DIST_08, S_DIST_09, S_DIST_10 FROM STOCK WHERE S_I_ID = 62943 AND S_W_ID = 2

EXPLAIN Plan:

Index Scan using stock_pkey on stock  (cost=0.42..8.44 rows=1 width=291) (actual time=1.032..1.033 rows=1 loops=1)

  Index Cond: ((s_w_id = 2) AND (s_i_id = 62943))

Planning Time: 0.075 ms

Execution Time: 1.050 ms
Failed SQL 2023: SELECT S_QUANTITY, S_DATA, S_DIST_01, S_DIST_02, S_DIST_03, S_DIST_04, S_DIST_05, S_DIST_06, S_DIST_07, S_DIST_08, S_DIST_09, S_DIST_10 FROM STOCK WHERE S_I_ID = 62943 AND S_W_ID = 2
Error Message: Cannot invoke "java.util.List.get(int)" because the return value of "sg.edu.nus.autotune.DB2DATA.getAllIndexes()" is null


===== Query 2024 =====

SQL: UPDATE STOCK SET S_QUANTITY = 64, S_YTD = S_YTD + 6, S_ORDER_CNT = S_ORDER_CNT + 1, S_REMOTE_CNT = S_REMOTE_CNT + 0 WHERE S_I_ID = 62943 AND S_W_ID = 2

EXPLAIN Plan:

Update on stock  (cost=0.42..8.45 rows=0 width=0) (actual time=0.097..0.098 rows=0 loops=1)

  ->  Index Scan using stock_pkey on stock  (cost=0.42..8.45 rows=1 width=32) (actual time=0.025..0.026 rows=1 loops=1)

        Index Cond: ((s_w_id = 2) AND (s_i_id = 62943))

Planning Time: 0.100 ms

Execution Time: 0.126 ms
Failed SQL 2024: UPDATE STOCK SET S_QUANTITY = 64, S_YTD = S_YTD + 6, S_ORDER_CNT = S_ORDER_CNT + 1, S_REMOTE_CNT = S_REMOTE_CNT + 0 WHERE S_I_ID = 62943 AND S_W_ID = 2
Error Message: Cannot invoke "java.util.List.get(int)" because the return value of "sg.edu.nus.autotune.DB2DATA.getAllIndexes()" is null


===== Query 2025 =====

SQL: SELECT C_DISCOUNT, C_LAST, C_CREDIT, W_TAX FROM CUSTOMER, WAREHOUSE WHERE W_ID = 2 AND C_W_ID = 2 AND C_D_ID = 10 AND C_ID = 1019

EXPLAIN Plan:

Nested Loop  (cost=4.56..16.61 rows=1 width=26) (actual time=0.119..0.121 rows=1 loops=1)

  ->  Index Scan using customer_pkey on customer  (cost=0.42..8.44 rows=1 width=21) (actual time=0.091..0.092 rows=1 loops=1)

        Index Cond: ((c_w_id = 2) AND (c_d_id = 10) AND (c_id = 1019))

  ->  Bitmap Heap Scan on warehouse  (cost=4.14..8.15 rows=1 width=5) (actual time=0.018..0.019 rows=1 loops=1)

        Recheck Cond: (w_id = 2)

        Heap Blocks: exact=1

        ->  Bitmap Index Scan on warehouse_pkey  (cost=0.00..4.14 rows=1 width=0) (actual time=0.009..0.009 rows=1 loops=1)

              Index Cond: (w_id = 2)

Planning Time: 0.182 ms

Execution Time: 0.181 ms
Failed SQL 2025: SELECT C_DISCOUNT, C_LAST, C_CREDIT, W_TAX FROM CUSTOMER, WAREHOUSE WHERE W_ID = 2 AND C_W_ID = 2 AND C_D_ID = 10 AND C_ID = 1019
Error Message: Cannot invoke "java.util.List.get(int)" because the return value of "sg.edu.nus.autotune.DB2DATA.getAllIndexes()" is null


===== Query 2026 =====

SQL: SELECT D_NEXT_O_ID, D_TAX FROM DISTRICT WHERE D_W_ID = 2 AND D_ID = 10

EXPLAIN Plan:

Bitmap Heap Scan on district  (cost=4.28..11.66 rows=2 width=9) (actual time=0.046..0.047 rows=1 loops=1)

  Recheck Cond: ((d_w_id = 2) AND (d_id = 10))

  Heap Blocks: exact=1

  ->  Bitmap Index Scan on district_pkey  (cost=0.00..4.28 rows=2 width=0) (actual time=0.030..0.031 rows=1 loops=1)

        Index Cond: ((d_w_id = 2) AND (d_id = 10))

Planning Time: 0.106 ms

Execution Time: 0.079 ms
Failed SQL 2026: SELECT D_NEXT_O_ID, D_TAX FROM DISTRICT WHERE D_W_ID = 2 AND D_ID = 10
Error Message: Cannot invoke "java.util.List.get(int)" because the return value of "sg.edu.nus.autotune.DB2DATA.getAllIndexes()" is null


===== Query 2027 =====

SQL: UPDATE DISTRICT SET D_NEXT_O_ID = D_NEXT_O_ID + 1 WHERE D_W_ID = 2 AND D_ID = 10

EXPLAIN Plan:

Update on district  (cost=4.28..11.67 rows=0 width=0) (actual time=0.085..0.086 rows=0 loops=1)

  ->  Bitmap Heap Scan on district  (cost=4.28..11.67 rows=2 width=10) (actual time=0.025..0.026 rows=1 loops=1)

        Recheck Cond: ((d_w_id = 2) AND (d_id = 10))

        Heap Blocks: exact=1

        ->  Bitmap Index Scan on district_pkey  (cost=0.00..4.28 rows=2 width=0) (actual time=0.014..0.014 rows=1 loops=1)

              Index Cond: ((d_w_id = 2) AND (d_id = 10))

Planning Time: 0.104 ms

Execution Time: 0.122 ms
Failed SQL 2027: UPDATE DISTRICT SET D_NEXT_O_ID = D_NEXT_O_ID + 1 WHERE D_W_ID = 2 AND D_ID = 10
Error Message: Cannot invoke "java.util.List.get(int)" because the return value of "sg.edu.nus.autotune.DB2DATA.getAllIndexes()" is null


===== Query 2028 =====

SQL: SELECT I_PRICE, I_NAME , I_DATA FROM ITEM WHERE I_ID = 71397

EXPLAIN Plan:

Index Scan using item_pkey on item  (cost=0.29..8.31 rows=1 width=61) (actual time=0.047..0.048 rows=1 loops=1)

  Index Cond: (i_id = 71397)

Planning Time: 0.072 ms

Execution Time: 0.074 ms
Failed SQL 2028: SELECT I_PRICE, I_NAME , I_DATA FROM ITEM WHERE I_ID = 71397
Error Message: Cannot invoke "java.util.List.get(int)" because the return value of "sg.edu.nus.autotune.DB2DATA.getAllIndexes()" is null


===== Query 2029 =====

SQL: SELECT S_QUANTITY, S_DATA, S_DIST_01, S_DIST_02, S_DIST_03, S_DIST_04, S_DIST_05, S_DIST_06, S_DIST_07, S_DIST_08, S_DIST_09, S_DIST_10 FROM STOCK WHERE S_I_ID = 71397 AND S_W_ID = 2

EXPLAIN Plan:

Index Scan using stock_pkey on stock  (cost=0.42..8.44 rows=1 width=291) (actual time=0.075..0.076 rows=1 loops=1)

  Index Cond: ((s_w_id = 2) AND (s_i_id = 71397))

Planning Time: 0.102 ms

Execution Time: 0.100 ms
Failed SQL 2029: SELECT S_QUANTITY, S_DATA, S_DIST_01, S_DIST_02, S_DIST_03, S_DIST_04, S_DIST_05, S_DIST_06, S_DIST_07, S_DIST_08, S_DIST_09, S_DIST_10 FROM STOCK WHERE S_I_ID = 71397 AND S_W_ID = 2
Error Message: Cannot invoke "java.util.List.get(int)" because the return value of "sg.edu.nus.autotune.DB2DATA.getAllIndexes()" is null


===== Query 2030 =====

SQL: UPDATE STOCK SET S_QUANTITY = 25, S_YTD = S_YTD + 7, S_ORDER_CNT = S_ORDER_CNT + 1, S_REMOTE_CNT = S_REMOTE_CNT + 0 WHERE S_I_ID = 71397 AND S_W_ID = 2

EXPLAIN Plan:

Update on stock  (cost=0.42..8.45 rows=0 width=0) (actual time=0.107..0.108 rows=0 loops=1)

  ->  Index Scan using stock_pkey on stock  (cost=0.42..8.45 rows=1 width=32) (actual time=0.026..0.028 rows=1 loops=1)

        Index Cond: ((s_w_id = 2) AND (s_i_id = 71397))

Planning Time: 0.106 ms

Execution Time: 0.136 ms
Failed SQL 2030: UPDATE STOCK SET S_QUANTITY = 25, S_YTD = S_YTD + 7, S_ORDER_CNT = S_ORDER_CNT + 1, S_REMOTE_CNT = S_REMOTE_CNT + 0 WHERE S_I_ID = 71397 AND S_W_ID = 2
Error Message: Cannot invoke "java.util.List.get(int)" because the return value of "sg.edu.nus.autotune.DB2DATA.getAllIndexes()" is null


===== Query 2031 =====

SQL: SELECT I_PRICE, I_NAME , I_DATA FROM ITEM WHERE I_ID = 97767

EXPLAIN Plan:

Index Scan using item_pkey on item  (cost=0.29..8.31 rows=1 width=61) (actual time=0.050..0.052 rows=1 loops=1)

  Index Cond: (i_id = 97767)

Planning Time: 0.079 ms

Execution Time: 0.070 ms
Failed SQL 2031: SELECT I_PRICE, I_NAME , I_DATA FROM ITEM WHERE I_ID = 97767
Error Message: Cannot invoke "java.util.List.get(int)" because the return value of "sg.edu.nus.autotune.DB2DATA.getAllIndexes()" is null


===== Query 2032 =====

SQL: SELECT S_QUANTITY, S_DATA, S_DIST_01, S_DIST_02, S_DIST_03, S_DIST_04, S_DIST_05, S_DIST_06, S_DIST_07, S_DIST_08, S_DIST_09, S_DIST_10 FROM STOCK WHERE S_I_ID = 97767 AND S_W_ID = 2

EXPLAIN Plan:

Index Scan using stock_pkey on stock  (cost=0.42..8.44 rows=1 width=291) (actual time=0.071..0.073 rows=1 loops=1)

  Index Cond: ((s_w_id = 2) AND (s_i_id = 97767))

Planning Time: 0.102 ms

Execution Time: 0.096 ms
Failed SQL 2032: SELECT S_QUANTITY, S_DATA, S_DIST_01, S_DIST_02, S_DIST_03, S_DIST_04, S_DIST_05, S_DIST_06, S_DIST_07, S_DIST_08, S_DIST_09, S_DIST_10 FROM STOCK WHERE S_I_ID = 97767 AND S_W_ID = 2
Error Message: Cannot invoke "java.util.List.get(int)" because the return value of "sg.edu.nus.autotune.DB2DATA.getAllIndexes()" is null


===== Query 2033 =====

SQL: UPDATE STOCK SET S_QUANTITY = 43, S_YTD = S_YTD + 3, S_ORDER_CNT = S_ORDER_CNT + 1, S_REMOTE_CNT = S_REMOTE_CNT + 0 WHERE S_I_ID = 97767 AND S_W_ID = 2

EXPLAIN Plan:

Update on stock  (cost=0.42..8.45 rows=0 width=0) (actual time=0.108..0.109 rows=0 loops=1)

  ->  Index Scan using stock_pkey on stock  (cost=0.42..8.45 rows=1 width=32) (actual time=0.048..0.049 rows=1 loops=1)

        Index Cond: ((s_w_id = 2) AND (s_i_id = 97767))

Planning Time: 0.077 ms

Execution Time: 0.127 ms
Failed SQL 2033: UPDATE STOCK SET S_QUANTITY = 43, S_YTD = S_YTD + 3, S_ORDER_CNT = S_ORDER_CNT + 1, S_REMOTE_CNT = S_REMOTE_CNT + 0 WHERE S_I_ID = 97767 AND S_W_ID = 2
Error Message: Cannot invoke "java.util.List.get(int)" because the return value of "sg.edu.nus.autotune.DB2DATA.getAllIndexes()" is null


===== Query 2034 =====

SQL: SELECT I_PRICE, I_NAME , I_DATA FROM ITEM WHERE I_ID = 14763

EXPLAIN Plan:

Index Scan using item_pkey on item  (cost=0.29..8.31 rows=1 width=61) (actual time=0.870..0.872 rows=1 loops=1)

  Index Cond: (i_id = 14763)

Planning Time: 0.073 ms

Execution Time: 0.891 ms
Failed SQL 2034: SELECT I_PRICE, I_NAME , I_DATA FROM ITEM WHERE I_ID = 14763
Error Message: Cannot invoke "java.util.List.get(int)" because the return value of "sg.edu.nus.autotune.DB2DATA.getAllIndexes()" is null


===== Query 2035 =====

SQL: SELECT S_QUANTITY, S_DATA, S_DIST_01, S_DIST_02, S_DIST_03, S_DIST_04, S_DIST_05, S_DIST_06, S_DIST_07, S_DIST_08, S_DIST_09, S_DIST_10 FROM STOCK WHERE S_I_ID = 14763 AND S_W_ID = 2

EXPLAIN Plan:

Index Scan using stock_pkey on stock  (cost=0.42..8.44 rows=1 width=291) (actual time=0.899..0.903 rows=1 loops=1)

  Index Cond: ((s_w_id = 2) AND (s_i_id = 14763))

Planning Time: 0.096 ms

Execution Time: 0.926 ms
Failed SQL 2035: SELECT S_QUANTITY, S_DATA, S_DIST_01, S_DIST_02, S_DIST_03, S_DIST_04, S_DIST_05, S_DIST_06, S_DIST_07, S_DIST_08, S_DIST_09, S_DIST_10 FROM STOCK WHERE S_I_ID = 14763 AND S_W_ID = 2
Error Message: Cannot invoke "java.util.List.get(int)" because the return value of "sg.edu.nus.autotune.DB2DATA.getAllIndexes()" is null


===== Query 2036 =====

SQL: UPDATE STOCK SET S_QUANTITY = 28, S_YTD = S_YTD + 1, S_ORDER_CNT = S_ORDER_CNT + 1, S_REMOTE_CNT = S_REMOTE_CNT + 0 WHERE S_I_ID = 14763 AND S_W_ID = 2

EXPLAIN Plan:

Update on stock  (cost=0.42..8.45 rows=0 width=0) (actual time=0.102..0.103 rows=0 loops=1)

  ->  Index Scan using stock_pkey on stock  (cost=0.42..8.45 rows=1 width=32) (actual time=0.030..0.032 rows=1 loops=1)

        Index Cond: ((s_w_id = 2) AND (s_i_id = 14763))

Planning Time: 0.119 ms

Execution Time: 0.133 ms
Failed SQL 2036: UPDATE STOCK SET S_QUANTITY = 28, S_YTD = S_YTD + 1, S_ORDER_CNT = S_ORDER_CNT + 1, S_REMOTE_CNT = S_REMOTE_CNT + 0 WHERE S_I_ID = 14763 AND S_W_ID = 2
Error Message: Cannot invoke "java.util.List.get(int)" because the return value of "sg.edu.nus.autotune.DB2DATA.getAllIndexes()" is null


===== Query 2037 =====

SQL: SELECT I_PRICE, I_NAME , I_DATA FROM ITEM WHERE I_ID = 5575

EXPLAIN Plan:

Index Scan using item_pkey on item  (cost=0.29..8.31 rows=1 width=61) (actual time=0.348..0.350 rows=1 loops=1)

  Index Cond: (i_id = 5575)

Planning Time: 0.073 ms

Execution Time: 0.368 ms
Failed SQL 2037: SELECT I_PRICE, I_NAME , I_DATA FROM ITEM WHERE I_ID = 5575
Error Message: Cannot invoke "java.util.List.get(int)" because the return value of "sg.edu.nus.autotune.DB2DATA.getAllIndexes()" is null


===== Query 2038 =====

SQL: SELECT S_QUANTITY, S_DATA, S_DIST_01, S_DIST_02, S_DIST_03, S_DIST_04, S_DIST_05, S_DIST_06, S_DIST_07, S_DIST_08, S_DIST_09, S_DIST_10 FROM STOCK WHERE S_I_ID = 5575 AND S_W_ID = 2

EXPLAIN Plan:

Index Scan using stock_pkey on stock  (cost=0.42..8.44 rows=1 width=291) (actual time=0.057..0.058 rows=1 loops=1)

  Index Cond: ((s_w_id = 2) AND (s_i_id = 5575))

Planning Time: 0.093 ms

Execution Time: 0.080 ms
Failed SQL 2038: SELECT S_QUANTITY, S_DATA, S_DIST_01, S_DIST_02, S_DIST_03, S_DIST_04, S_DIST_05, S_DIST_06, S_DIST_07, S_DIST_08, S_DIST_09, S_DIST_10 FROM STOCK WHERE S_I_ID = 5575 AND S_W_ID = 2
Error Message: Cannot invoke "java.util.List.get(int)" because the return value of "sg.edu.nus.autotune.DB2DATA.getAllIndexes()" is null


===== Query 2039 =====

SQL: UPDATE STOCK SET S_QUANTITY = 94, S_YTD = S_YTD + 2, S_ORDER_CNT = S_ORDER_CNT + 1, S_REMOTE_CNT = S_REMOTE_CNT + 0 WHERE S_I_ID = 5575 AND S_W_ID = 2

EXPLAIN Plan:

Update on stock  (cost=0.42..8.45 rows=0 width=0) (actual time=0.099..0.099 rows=0 loops=1)

  ->  Index Scan using stock_pkey on stock  (cost=0.42..8.45 rows=1 width=32) (actual time=0.024..0.025 rows=1 loops=1)

        Index Cond: ((s_w_id = 2) AND (s_i_id = 5575))

Planning Time: 0.102 ms

Execution Time: 0.128 ms
Failed SQL 2039: UPDATE STOCK SET S_QUANTITY = 94, S_YTD = S_YTD + 2, S_ORDER_CNT = S_ORDER_CNT + 1, S_REMOTE_CNT = S_REMOTE_CNT + 0 WHERE S_I_ID = 5575 AND S_W_ID = 2
Error Message: Cannot invoke "java.util.List.get(int)" because the return value of "sg.edu.nus.autotune.DB2DATA.getAllIndexes()" is null


===== Query 2040 =====

SQL: SELECT I_PRICE, I_NAME , I_DATA FROM ITEM WHERE I_ID = 24292

EXPLAIN Plan:

Index Scan using item_pkey on item  (cost=0.29..8.31 rows=1 width=61) (actual time=0.061..0.063 rows=1 loops=1)

  Index Cond: (i_id = 24292)

Planning Time: 0.090 ms

Execution Time: 0.082 ms
Failed SQL 2040: SELECT I_PRICE, I_NAME , I_DATA FROM ITEM WHERE I_ID = 24292
Error Message: Cannot invoke "java.util.List.get(int)" because the return value of "sg.edu.nus.autotune.DB2DATA.getAllIndexes()" is null


===== Query 2041 =====

SQL: SELECT S_QUANTITY, S_DATA, S_DIST_01, S_DIST_02, S_DIST_03, S_DIST_04, S_DIST_05, S_DIST_06, S_DIST_07, S_DIST_08, S_DIST_09, S_DIST_10 FROM STOCK WHERE S_I_ID = 24292 AND S_W_ID = 2

EXPLAIN Plan:

Index Scan using stock_pkey on stock  (cost=0.42..8.44 rows=1 width=291) (actual time=0.842..0.844 rows=1 loops=1)

  Index Cond: ((s_w_id = 2) AND (s_i_id = 24292))

Planning Time: 0.090 ms

Execution Time: 0.867 ms
Failed SQL 2041: SELECT S_QUANTITY, S_DATA, S_DIST_01, S_DIST_02, S_DIST_03, S_DIST_04, S_DIST_05, S_DIST_06, S_DIST_07, S_DIST_08, S_DIST_09, S_DIST_10 FROM STOCK WHERE S_I_ID = 24292 AND S_W_ID = 2
Error Message: Cannot invoke "java.util.List.get(int)" because the return value of "sg.edu.nus.autotune.DB2DATA.getAllIndexes()" is null


===== Query 2042 =====

SQL: UPDATE STOCK SET S_QUANTITY = 17, S_YTD = S_YTD + 5, S_ORDER_CNT = S_ORDER_CNT + 1, S_REMOTE_CNT = S_REMOTE_CNT + 0 WHERE S_I_ID = 24292 AND S_W_ID = 2

EXPLAIN Plan:

Update on stock  (cost=0.42..8.45 rows=0 width=0) (actual time=0.063..0.064 rows=0 loops=1)

  ->  Index Scan using stock_pkey on stock  (cost=0.42..8.45 rows=1 width=32) (actual time=0.020..0.021 rows=1 loops=1)

        Index Cond: ((s_w_id = 2) AND (s_i_id = 24292))

Planning Time: 0.084 ms

Execution Time: 0.086 ms
Failed SQL 2042: UPDATE STOCK SET S_QUANTITY = 17, S_YTD = S_YTD + 5, S_ORDER_CNT = S_ORDER_CNT + 1, S_REMOTE_CNT = S_REMOTE_CNT + 0 WHERE S_I_ID = 24292 AND S_W_ID = 2
Error Message: Cannot invoke "java.util.List.get(int)" because the return value of "sg.edu.nus.autotune.DB2DATA.getAllIndexes()" is null


===== Query 2043 =====

SQL: SELECT I_PRICE, I_NAME , I_DATA FROM ITEM WHERE I_ID = 40679

EXPLAIN Plan:

Index Scan using item_pkey on item  (cost=0.29..8.31 rows=1 width=61) (actual time=0.044..0.046 rows=1 loops=1)

  Index Cond: (i_id = 40679)

Planning Time: 0.088 ms

Execution Time: 0.066 ms
Failed SQL 2043: SELECT I_PRICE, I_NAME , I_DATA FROM ITEM WHERE I_ID = 40679
Error Message: Cannot invoke "java.util.List.get(int)" because the return value of "sg.edu.nus.autotune.DB2DATA.getAllIndexes()" is null


===== Query 2044 =====

SQL: SELECT S_QUANTITY, S_DATA, S_DIST_01, S_DIST_02, S_DIST_03, S_DIST_04, S_DIST_05, S_DIST_06, S_DIST_07, S_DIST_08, S_DIST_09, S_DIST_10 FROM STOCK WHERE S_I_ID = 40679 AND S_W_ID = 2

EXPLAIN Plan:

Index Scan using stock_pkey on stock  (cost=0.42..8.44 rows=1 width=291) (actual time=0.054..0.056 rows=1 loops=1)

  Index Cond: ((s_w_id = 2) AND (s_i_id = 40679))

Planning Time: 0.096 ms

Execution Time: 0.082 ms
Failed SQL 2044: SELECT S_QUANTITY, S_DATA, S_DIST_01, S_DIST_02, S_DIST_03, S_DIST_04, S_DIST_05, S_DIST_06, S_DIST_07, S_DIST_08, S_DIST_09, S_DIST_10 FROM STOCK WHERE S_I_ID = 40679 AND S_W_ID = 2
Error Message: Cannot invoke "java.util.List.get(int)" because the return value of "sg.edu.nus.autotune.DB2DATA.getAllIndexes()" is null


===== Query 2045 =====

SQL: UPDATE STOCK SET S_QUANTITY = 35, S_YTD = S_YTD + 3, S_ORDER_CNT = S_ORDER_CNT + 1, S_REMOTE_CNT = S_REMOTE_CNT + 0 WHERE S_I_ID = 40679 AND S_W_ID = 2

EXPLAIN Plan:

Update on stock  (cost=0.42..8.45 rows=0 width=0) (actual time=0.090..0.091 rows=0 loops=1)

  ->  Index Scan using stock_pkey on stock  (cost=0.42..8.45 rows=1 width=32) (actual time=0.029..0.031 rows=1 loops=1)

        Index Cond: ((s_w_id = 2) AND (s_i_id = 40679))

Planning Time: 0.118 ms

Execution Time: 0.121 ms
Failed SQL 2045: UPDATE STOCK SET S_QUANTITY = 35, S_YTD = S_YTD + 3, S_ORDER_CNT = S_ORDER_CNT + 1, S_REMOTE_CNT = S_REMOTE_CNT + 0 WHERE S_I_ID = 40679 AND S_W_ID = 2
Error Message: Cannot invoke "java.util.List.get(int)" because the return value of "sg.edu.nus.autotune.DB2DATA.getAllIndexes()" is null


===== Query 2046 =====

SQL: SELECT I_PRICE, I_NAME , I_DATA FROM ITEM WHERE I_ID = 97735

EXPLAIN Plan:

Index Scan using item_pkey on item  (cost=0.29..8.31 rows=1 width=61) (actual time=0.045..0.047 rows=1 loops=1)

  Index Cond: (i_id = 97735)

Planning Time: 0.161 ms

Execution Time: 0.069 ms
Failed SQL 2046: SELECT I_PRICE, I_NAME , I_DATA FROM ITEM WHERE I_ID = 97735
Error Message: Cannot invoke "java.util.List.get(int)" because the return value of "sg.edu.nus.autotune.DB2DATA.getAllIndexes()" is null


===== Query 2047 =====

SQL: SELECT S_QUANTITY, S_DATA, S_DIST_01, S_DIST_02, S_DIST_03, S_DIST_04, S_DIST_05, S_DIST_06, S_DIST_07, S_DIST_08, S_DIST_09, S_DIST_10 FROM STOCK WHERE S_I_ID = 97735 AND S_W_ID = 2

EXPLAIN Plan:

Index Scan using stock_pkey on stock  (cost=0.42..8.44 rows=1 width=291) (actual time=0.962..0.965 rows=1 loops=1)

  Index Cond: ((s_w_id = 2) AND (s_i_id = 97735))

Planning Time: 0.113 ms

Execution Time: 0.994 ms
Failed SQL 2047: SELECT S_QUANTITY, S_DATA, S_DIST_01, S_DIST_02, S_DIST_03, S_DIST_04, S_DIST_05, S_DIST_06, S_DIST_07, S_DIST_08, S_DIST_09, S_DIST_10 FROM STOCK WHERE S_I_ID = 97735 AND S_W_ID = 2
Error Message: Cannot invoke "java.util.List.get(int)" because the return value of "sg.edu.nus.autotune.DB2DATA.getAllIndexes()" is null


===== Query 2048 =====

SQL: UPDATE STOCK SET S_QUANTITY = 32, S_YTD = S_YTD + 10, S_ORDER_CNT = S_ORDER_CNT + 1, S_REMOTE_CNT = S_REMOTE_CNT + 0 WHERE S_I_ID = 97735 AND S_W_ID = 2

EXPLAIN Plan:

Update on stock  (cost=0.42..8.45 rows=0 width=0) (actual time=0.098..0.099 rows=0 loops=1)

  ->  Index Scan using stock_pkey on stock  (cost=0.42..8.45 rows=1 width=32) (actual time=0.026..0.027 rows=1 loops=1)

        Index Cond: ((s_w_id = 2) AND (s_i_id = 97735))

Planning Time: 0.108 ms

Execution Time: 0.128 ms
Failed SQL 2048: UPDATE STOCK SET S_QUANTITY = 32, S_YTD = S_YTD + 10, S_ORDER_CNT = S_ORDER_CNT + 1, S_REMOTE_CNT = S_REMOTE_CNT + 0 WHERE S_I_ID = 97735 AND S_W_ID = 2
Error Message: Cannot invoke "java.util.List.get(int)" because the return value of "sg.edu.nus.autotune.DB2DATA.getAllIndexes()" is null


===== Query 2049 =====

SQL: SELECT I_PRICE, I_NAME , I_DATA FROM ITEM WHERE I_ID = 28197

EXPLAIN Plan:

Index Scan using item_pkey on item  (cost=0.29..8.31 rows=1 width=61) (actual time=0.055..0.056 rows=1 loops=1)

  Index Cond: (i_id = 28197)

Planning Time: 0.071 ms

Execution Time: 0.074 ms
Failed SQL 2049: SELECT I_PRICE, I_NAME , I_DATA FROM ITEM WHERE I_ID = 28197
Error Message: Cannot invoke "java.util.List.get(int)" because the return value of "sg.edu.nus.autotune.DB2DATA.getAllIndexes()" is null


===== Query 2050 =====

SQL: SELECT S_QUANTITY, S_DATA, S_DIST_01, S_DIST_02, S_DIST_03, S_DIST_04, S_DIST_05, S_DIST_06, S_DIST_07, S_DIST_08, S_DIST_09, S_DIST_10 FROM STOCK WHERE S_I_ID = 28197 AND S_W_ID = 2

EXPLAIN Plan:

Index Scan using stock_pkey on stock  (cost=0.42..8.44 rows=1 width=291) (actual time=0.044..0.046 rows=1 loops=1)

  Index Cond: ((s_w_id = 2) AND (s_i_id = 28197))

Planning Time: 0.100 ms

Execution Time: 0.068 ms
Failed SQL 2050: SELECT S_QUANTITY, S_DATA, S_DIST_01, S_DIST_02, S_DIST_03, S_DIST_04, S_DIST_05, S_DIST_06, S_DIST_07, S_DIST_08, S_DIST_09, S_DIST_10 FROM STOCK WHERE S_I_ID = 28197 AND S_W_ID = 2
Error Message: Cannot invoke "java.util.List.get(int)" because the return value of "sg.edu.nus.autotune.DB2DATA.getAllIndexes()" is null


===== Query 2051 =====

SQL: UPDATE STOCK SET S_QUANTITY = 10, S_YTD = S_YTD + 2, S_ORDER_CNT = S_ORDER_CNT + 1, S_REMOTE_CNT = S_REMOTE_CNT + 0 WHERE S_I_ID = 28197 AND S_W_ID = 2

EXPLAIN Plan:

Update on stock  (cost=0.42..8.45 rows=0 width=0) (actual time=0.110..0.111 rows=0 loops=1)

  ->  Index Scan using stock_pkey on stock  (cost=0.42..8.45 rows=1 width=32) (actual time=0.032..0.034 rows=1 loops=1)

        Index Cond: ((s_w_id = 2) AND (s_i_id = 28197))

Planning Time: 0.130 ms

Execution Time: 0.142 ms
Failed SQL 2051: UPDATE STOCK SET S_QUANTITY = 10, S_YTD = S_YTD + 2, S_ORDER_CNT = S_ORDER_CNT + 1, S_REMOTE_CNT = S_REMOTE_CNT + 0 WHERE S_I_ID = 28197 AND S_W_ID = 2
Error Message: Cannot invoke "java.util.List.get(int)" because the return value of "sg.edu.nus.autotune.DB2DATA.getAllIndexes()" is null


===== Query 2052 =====

SQL: SELECT I_PRICE, I_NAME , I_DATA FROM ITEM WHERE I_ID = 97548

EXPLAIN Plan:

Index Scan using item_pkey on item  (cost=0.29..8.31 rows=1 width=61) (actual time=0.907..0.910 rows=1 loops=1)

  Index Cond: (i_id = 97548)

Planning Time: 0.076 ms

Execution Time: 0.928 ms
Failed SQL 2052: SELECT I_PRICE, I_NAME , I_DATA FROM ITEM WHERE I_ID = 97548
Error Message: Cannot invoke "java.util.List.get(int)" because the return value of "sg.edu.nus.autotune.DB2DATA.getAllIndexes()" is null


===== Query 2053 =====

SQL: SELECT S_QUANTITY, S_DATA, S_DIST_01, S_DIST_02, S_DIST_03, S_DIST_04, S_DIST_05, S_DIST_06, S_DIST_07, S_DIST_08, S_DIST_09, S_DIST_10 FROM STOCK WHERE S_I_ID = 97548 AND S_W_ID = 2

EXPLAIN Plan:

Index Scan using stock_pkey on stock  (cost=0.42..8.44 rows=1 width=291) (actual time=0.913..0.916 rows=1 loops=1)

  Index Cond: ((s_w_id = 2) AND (s_i_id = 97548))

Planning Time: 0.094 ms

Execution Time: 0.940 ms
Failed SQL 2053: SELECT S_QUANTITY, S_DATA, S_DIST_01, S_DIST_02, S_DIST_03, S_DIST_04, S_DIST_05, S_DIST_06, S_DIST_07, S_DIST_08, S_DIST_09, S_DIST_10 FROM STOCK WHERE S_I_ID = 97548 AND S_W_ID = 2
Error Message: Cannot invoke "java.util.List.get(int)" because the return value of "sg.edu.nus.autotune.DB2DATA.getAllIndexes()" is null


===== Query 2054 =====

SQL: UPDATE STOCK SET S_QUANTITY = 41, S_YTD = S_YTD + 6, S_ORDER_CNT = S_ORDER_CNT + 1, S_REMOTE_CNT = S_REMOTE_CNT + 0 WHERE S_I_ID = 97548 AND S_W_ID = 2

EXPLAIN Plan:

Update on stock  (cost=0.42..8.45 rows=0 width=0) (actual time=0.087..0.087 rows=0 loops=1)

  ->  Index Scan using stock_pkey on stock  (cost=0.42..8.45 rows=1 width=32) (actual time=0.024..0.026 rows=1 loops=1)

        Index Cond: ((s_w_id = 2) AND (s_i_id = 97548))

Planning Time: 0.105 ms

Execution Time: 0.117 ms
Failed SQL 2054: UPDATE STOCK SET S_QUANTITY = 41, S_YTD = S_YTD + 6, S_ORDER_CNT = S_ORDER_CNT + 1, S_REMOTE_CNT = S_REMOTE_CNT + 0 WHERE S_I_ID = 97548 AND S_W_ID = 2
Error Message: Cannot invoke "java.util.List.get(int)" because the return value of "sg.edu.nus.autotune.DB2DATA.getAllIndexes()" is null


===== Query 2055 =====

SQL: SELECT I_PRICE, I_NAME , I_DATA FROM ITEM WHERE I_ID = 39878

EXPLAIN Plan:

Index Scan using item_pkey on item  (cost=0.29..8.31 rows=1 width=61) (actual time=0.397..0.399 rows=1 loops=1)

  Index Cond: (i_id = 39878)

Planning Time: 0.086 ms

Execution Time: 0.417 ms
Failed SQL 2055: SELECT I_PRICE, I_NAME , I_DATA FROM ITEM WHERE I_ID = 39878
Error Message: Cannot invoke "java.util.List.get(int)" because the return value of "sg.edu.nus.autotune.DB2DATA.getAllIndexes()" is null


===== Query 2056 =====

SQL: SELECT S_QUANTITY, S_DATA, S_DIST_01, S_DIST_02, S_DIST_03, S_DIST_04, S_DIST_05, S_DIST_06, S_DIST_07, S_DIST_08, S_DIST_09, S_DIST_10 FROM STOCK WHERE S_I_ID = 39878 AND S_W_ID = 2

EXPLAIN Plan:

Index Scan using stock_pkey on stock  (cost=0.42..8.44 rows=1 width=291) (actual time=0.379..0.382 rows=1 loops=1)

  Index Cond: ((s_w_id = 2) AND (s_i_id = 39878))

Planning Time: 0.112 ms

Execution Time: 0.408 ms
Failed SQL 2056: SELECT S_QUANTITY, S_DATA, S_DIST_01, S_DIST_02, S_DIST_03, S_DIST_04, S_DIST_05, S_DIST_06, S_DIST_07, S_DIST_08, S_DIST_09, S_DIST_10 FROM STOCK WHERE S_I_ID = 39878 AND S_W_ID = 2
Error Message: Cannot invoke "java.util.List.get(int)" because the return value of "sg.edu.nus.autotune.DB2DATA.getAllIndexes()" is null


===== Query 2057 =====

SQL: UPDATE STOCK SET S_QUANTITY = 92, S_YTD = S_YTD + 5, S_ORDER_CNT = S_ORDER_CNT + 1, S_REMOTE_CNT = S_REMOTE_CNT + 0 WHERE S_I_ID = 39878 AND S_W_ID = 2

EXPLAIN Plan:

Update on stock  (cost=0.42..8.45 rows=0 width=0) (actual time=0.113..0.114 rows=0 loops=1)

  ->  Index Scan using stock_pkey on stock  (cost=0.42..8.45 rows=1 width=32) (actual time=0.029..0.031 rows=1 loops=1)

        Index Cond: ((s_w_id = 2) AND (s_i_id = 39878))

Planning Time: 0.119 ms

Execution Time: 0.143 ms
Failed SQL 2057: UPDATE STOCK SET S_QUANTITY = 92, S_YTD = S_YTD + 5, S_ORDER_CNT = S_ORDER_CNT + 1, S_REMOTE_CNT = S_REMOTE_CNT + 0 WHERE S_I_ID = 39878 AND S_W_ID = 2
Error Message: Cannot invoke "java.util.List.get(int)" because the return value of "sg.edu.nus.autotune.DB2DATA.getAllIndexes()" is null


===== Query 2058 =====

SQL: SELECT I_PRICE, I_NAME , I_DATA FROM ITEM WHERE I_ID = 80675

EXPLAIN Plan:

Index Scan using item_pkey on item  (cost=0.29..8.31 rows=1 width=61) (actual time=0.056..0.058 rows=1 loops=1)

  Index Cond: (i_id = 80675)

Planning Time: 0.074 ms

Execution Time: 0.084 ms
Failed SQL 2058: SELECT I_PRICE, I_NAME , I_DATA FROM ITEM WHERE I_ID = 80675
Error Message: Cannot invoke "java.util.List.get(int)" because the return value of "sg.edu.nus.autotune.DB2DATA.getAllIndexes()" is null


===== Query 2059 =====

SQL: SELECT S_QUANTITY, S_DATA, S_DIST_01, S_DIST_02, S_DIST_03, S_DIST_04, S_DIST_05, S_DIST_06, S_DIST_07, S_DIST_08, S_DIST_09, S_DIST_10 FROM STOCK WHERE S_I_ID = 80675 AND S_W_ID = 2

EXPLAIN Plan:

Index Scan using stock_pkey on stock  (cost=0.42..8.44 rows=1 width=291) (actual time=0.907..0.909 rows=1 loops=1)

  Index Cond: ((s_w_id = 2) AND (s_i_id = 80675))

Planning Time: 0.059 ms

Execution Time: 0.925 ms
Failed SQL 2059: SELECT S_QUANTITY, S_DATA, S_DIST_01, S_DIST_02, S_DIST_03, S_DIST_04, S_DIST_05, S_DIST_06, S_DIST_07, S_DIST_08, S_DIST_09, S_DIST_10 FROM STOCK WHERE S_I_ID = 80675 AND S_W_ID = 2
Error Message: Cannot invoke "java.util.List.get(int)" because the return value of "sg.edu.nus.autotune.DB2DATA.getAllIndexes()" is null


===== Query 2060 =====

SQL: UPDATE STOCK SET S_QUANTITY = 67, S_YTD = S_YTD + 10, S_ORDER_CNT = S_ORDER_CNT + 1, S_REMOTE_CNT = S_REMOTE_CNT + 0 WHERE S_I_ID = 80675 AND S_W_ID = 2

EXPLAIN Plan:

Update on stock  (cost=0.42..8.45 rows=0 width=0) (actual time=0.059..0.059 rows=0 loops=1)

  ->  Index Scan using stock_pkey on stock  (cost=0.42..8.45 rows=1 width=32) (actual time=0.017..0.018 rows=1 loops=1)

        Index Cond: ((s_w_id = 2) AND (s_i_id = 80675))

Planning Time: 0.063 ms

Execution Time: 0.074 ms
Failed SQL 2060: UPDATE STOCK SET S_QUANTITY = 67, S_YTD = S_YTD + 10, S_ORDER_CNT = S_ORDER_CNT + 1, S_REMOTE_CNT = S_REMOTE_CNT + 0 WHERE S_I_ID = 80675 AND S_W_ID = 2
Error Message: Cannot invoke "java.util.List.get(int)" because the return value of "sg.edu.nus.autotune.DB2DATA.getAllIndexes()" is null


===== Query 2061 =====

SQL: SELECT D_NEXT_O_ID FROM DISTRICT WHERE D_W_ID = 2 AND D_ID = 9

EXPLAIN Plan:

Bitmap Heap Scan on district  (cost=4.28..11.66 rows=2 width=4) (actual time=0.026..0.027 rows=1 loops=1)

  Recheck Cond: ((d_w_id = 2) AND (d_id = 9))

  Heap Blocks: exact=1

  ->  Bitmap Index Scan on district_pkey  (cost=0.00..4.28 rows=2 width=0) (actual time=0.010..0.010 rows=1 loops=1)

        Index Cond: ((d_w_id = 2) AND (d_id = 9))

Planning Time: 0.072 ms

Execution Time: 0.046 ms
Failed SQL 2061: SELECT D_NEXT_O_ID FROM DISTRICT WHERE D_W_ID = 2 AND D_ID = 9
Error Message: Cannot invoke "java.util.List.get(int)" because the return value of "sg.edu.nus.autotune.DB2DATA.getAllIndexes()" is null


===== Query 2062 =====

SQL: SELECT COUNT(DISTINCT (S_I_ID)) AS STOCK_COUNT FROM ORDER_LINE, STOCK WHERE OL_W_ID = 2 AND OL_D_ID = 9 AND OL_O_ID < 3446 AND OL_O_ID >= 3446 - 20 AND S_W_ID = 2 AND S_I_ID = OL_I_ID AND S_QUANTITY < 14

EXPLAIN Plan:

Aggregate  (cost=2368.19..2368.20 rows=1 width=8) (actual time=27.495..27.497 rows=1 loops=1)

  ->  Nested Loop  (cost=7.85..2368.17 rows=9 width=4) (actual time=7.313..27.457 rows=10 loops=1)

        ->  Bitmap Heap Scan on order_line  (cost=7.42..764.21 rows=196 width=4) (actual time=1.203..4.963 rows=184 loops=1)

              Recheck Cond: ((ol_w_id = 2) AND (ol_d_id = 9) AND (ol_o_id < 3446) AND (ol_o_id >= 3426))

              Heap Blocks: exact=23

              ->  Bitmap Index Scan on order_line_pkey  (cost=0.00..7.37 rows=196 width=0) (actual time=0.864..0.864 rows=184 loops=1)

                    Index Cond: ((ol_w_id = 2) AND (ol_d_id = 9) AND (ol_o_id < 3446) AND (ol_o_id >= 3426))

        ->  Memoize  (cost=0.43..8.21 rows=1 width=4) (actual time=0.122..0.122 rows=0 loops=184)

              Cache Key: order_line.ol_i_id

              Cache Mode: logical

              Hits: 2  Misses: 182  Evictions: 0  Overflows: 0  Memory Usage: 13kB

              ->  Index Scan using stock_pkey on stock  (cost=0.42..8.20 rows=1 width=4) (actual time=0.122..0.122 rows=0 loops=182)

                    Index Cond: ((s_w_id = 2) AND (s_i_id = order_line.ol_i_id))

                    Filter: (s_quantity < 14)

                    Rows Removed by Filter: 1

Planning Time: 0.346 ms

Execution Time: 28.982 ms
Failed SQL 2062: SELECT COUNT(DISTINCT (S_I_ID)) AS STOCK_COUNT FROM ORDER_LINE, STOCK WHERE OL_W_ID = 2 AND OL_D_ID = 9 AND OL_O_ID < 3446 AND OL_O_ID >= 3446 - 20 AND S_W_ID = 2 AND S_I_ID = OL_I_ID AND S_QUANTITY < 14
Error Message: Cannot invoke "java.util.List.get(int)" because the return value of "sg.edu.nus.autotune.DB2DATA.getAllIndexes()" is null


===== Query 2063 =====

SQL: UPDATE WAREHOUSE SET W_YTD = W_YTD + 1758.89 WHERE W_ID = 1

EXPLAIN Plan:

Update on warehouse  (cost=4.14..8.16 rows=0 width=0) (actual time=0.100..0.101 rows=0 loops=1)

  ->  Bitmap Heap Scan on warehouse  (cost=4.14..8.16 rows=1 width=22) (actual time=0.030..0.031 rows=1 loops=1)

        Recheck Cond: (w_id = 1)

        Heap Blocks: exact=1

        ->  Bitmap Index Scan on warehouse_pkey  (cost=0.00..4.14 rows=1 width=0) (actual time=0.009..0.009 rows=1 loops=1)

              Index Cond: (w_id = 1)

Planning Time: 0.076 ms

Execution Time: 0.132 ms
Failed SQL 2063: UPDATE WAREHOUSE SET W_YTD = W_YTD + 1758.89 WHERE W_ID = 1
Error Message: Cannot invoke "java.util.List.get(int)" because the return value of "sg.edu.nus.autotune.DB2DATA.getAllIndexes()" is null


===== Query 2064 =====

SQL: SELECT W_STREET_1, W_STREET_2, W_CITY, W_STATE, W_ZIP, W_NAME FROM WAREHOUSE WHERE W_ID = 1

EXPLAIN Plan:

Bitmap Heap Scan on warehouse  (cost=4.14..8.15 rows=1 width=65) (actual time=0.019..0.020 rows=1 loops=1)

  Recheck Cond: (w_id = 1)

  Heap Blocks: exact=1

  ->  Bitmap Index Scan on warehouse_pkey  (cost=0.00..4.14 rows=1 width=0) (actual time=0.008..0.008 rows=1 loops=1)

        Index Cond: (w_id = 1)

Planning Time: 0.078 ms

Execution Time: 0.043 ms
Failed SQL 2064: SELECT W_STREET_1, W_STREET_2, W_CITY, W_STATE, W_ZIP, W_NAME FROM WAREHOUSE WHERE W_ID = 1
Error Message: Cannot invoke "java.util.List.get(int)" because the return value of "sg.edu.nus.autotune.DB2DATA.getAllIndexes()" is null


===== Query 2065 =====

SQL: UPDATE DISTRICT SET D_YTD = D_YTD + 1758.89 WHERE D_W_ID = 1 AND D_ID = 3

EXPLAIN Plan:

Update on district  (cost=4.28..11.67 rows=0 width=0) (actual time=0.081..0.082 rows=0 loops=1)

  ->  Bitmap Heap Scan on district  (cost=4.28..11.67 rows=2 width=22) (actual time=0.025..0.026 rows=1 loops=1)

        Recheck Cond: ((d_w_id = 1) AND (d_id = 3))

        Heap Blocks: exact=1

        ->  Bitmap Index Scan on district_pkey  (cost=0.00..4.28 rows=2 width=0) (actual time=0.012..0.013 rows=1 loops=1)

              Index Cond: ((d_w_id = 1) AND (d_id = 3))

Planning Time: 0.103 ms

Execution Time: 0.117 ms
Failed SQL 2065: UPDATE DISTRICT SET D_YTD = D_YTD + 1758.89 WHERE D_W_ID = 1 AND D_ID = 3
Error Message: Cannot invoke "java.util.List.get(int)" because the return value of "sg.edu.nus.autotune.DB2DATA.getAllIndexes()" is null


===== Query 2066 =====

SQL: SELECT D_STREET_1, D_STREET_2, D_CITY, D_STATE, D_ZIP, D_NAME FROM DISTRICT WHERE D_W_ID = 1 AND D_ID = 3

EXPLAIN Plan:

Bitmap Heap Scan on district  (cost=4.28..11.66 rows=2 width=64) (actual time=0.027..0.028 rows=1 loops=1)

  Recheck Cond: ((d_w_id = 1) AND (d_id = 3))

  Heap Blocks: exact=1

  ->  Bitmap Index Scan on district_pkey  (cost=0.00..4.28 rows=2 width=0) (actual time=0.014..0.014 rows=1 loops=1)

        Index Cond: ((d_w_id = 1) AND (d_id = 3))

Planning Time: 0.109 ms

Execution Time: 0.058 ms
Failed SQL 2066: SELECT D_STREET_1, D_STREET_2, D_CITY, D_STATE, D_ZIP, D_NAME FROM DISTRICT WHERE D_W_ID = 1 AND D_ID = 3
Error Message: Cannot invoke "java.util.List.get(int)" because the return value of "sg.edu.nus.autotune.DB2DATA.getAllIndexes()" is null


===== Query 2067 =====

SQL: SELECT C_FIRST, C_MIDDLE, C_ID, C_STREET_1, C_STREET_2, C_CITY, C_STATE, C_ZIP, C_PHONE, C_CREDIT, C_CREDIT_LIM, C_DISCOUNT, C_BALANCE, C_YTD_PAYMENT, C_PAYMENT_CNT, C_SINCE FROM CUSTOMER WHERE C_W_ID = 1 AND C_D_ID = 3 AND C_LAST = 'OUGHTPRIEING' ORDER BY C_FIRST

EXPLAIN Plan:

Sort  (cost=7366.72..7366.72 rows=2 width=131) (actual time=8.001..8.003 rows=2 loops=1)

  Sort Key: c_first

  Sort Method: quicksort  Memory: 25kB

  ->  Bitmap Heap Scan on customer  (cost=78.74..7366.71 rows=2 width=131) (actual time=1.244..7.986 rows=2 loops=1)

        Recheck Cond: ((c_w_id = 1) AND (c_d_id = 3))

        Filter: ((c_last)::text = 'OUGHTPRIEING'::text)

        Rows Removed by Filter: 2998

        Heap Blocks: exact=838

        ->  Bitmap Index Scan on customer_pkey  (cost=0.00..78.74 rows=3032 width=0) (actual time=0.609..0.609 rows=3084 loops=1)

              Index Cond: ((c_w_id = 1) AND (c_d_id = 3))

Planning Time: 0.190 ms

Execution Time: 8.066 ms
Failed SQL 2067: SELECT C_FIRST, C_MIDDLE, C_ID, C_STREET_1, C_STREET_2, C_CITY, C_STATE, C_ZIP, C_PHONE, C_CREDIT, C_CREDIT_LIM, C_DISCOUNT, C_BALANCE, C_YTD_PAYMENT, C_PAYMENT_CNT, C_SINCE FROM CUSTOMER WHERE C_W_ID = 1 AND C_D_ID = 3 AND C_LAST = 'OUGHTPRIEING' ORDER BY C_FIRST
Error Message: Cannot invoke "java.util.List.get(int)" because the return value of "sg.edu.nus.autotune.DB2DATA.getAllIndexes()" is null


===== Query 2068 =====

SQL: UPDATE CUSTOMER SET C_BALANCE = -1768.89, C_YTD_PAYMENT = 1768.89, C_PAYMENT_CNT = 2 WHERE C_W_ID = 1 AND C_D_ID = 3 AND C_ID = 140

EXPLAIN Plan:

Update on customer  (cost=0.42..8.44 rows=0 width=0) (actual time=0.089..0.089 rows=0 loops=1)

  ->  Index Scan using customer_pkey on customer  (cost=0.42..8.44 rows=1 width=34) (actual time=0.027..0.029 rows=1 loops=1)

        Index Cond: ((c_w_id = 1) AND (c_d_id = 3) AND (c_id = 140))

Planning Time: 0.134 ms

Execution Time: 0.118 ms
Failed SQL 2068: UPDATE CUSTOMER SET C_BALANCE = -1768.89, C_YTD_PAYMENT = 1768.89, C_PAYMENT_CNT = 2 WHERE C_W_ID = 1 AND C_D_ID = 3 AND C_ID = 140
Error Message: Cannot invoke "java.util.List.get(int)" because the return value of "sg.edu.nus.autotune.DB2DATA.getAllIndexes()" is null


===== Query 2069 =====

SQL: SELECT C_DISCOUNT, C_LAST, C_CREDIT, W_TAX FROM CUSTOMER, WAREHOUSE WHERE W_ID = 1 AND C_W_ID = 1 AND C_D_ID = 5 AND C_ID = 59

EXPLAIN Plan:

Nested Loop  (cost=4.56..16.61 rows=1 width=26) (actual time=21.545..21.548 rows=1 loops=1)

  ->  Index Scan using customer_pkey on customer  (cost=0.42..8.44 rows=1 width=21) (actual time=21.513..21.515 rows=1 loops=1)

        Index Cond: ((c_w_id = 1) AND (c_d_id = 5) AND (c_id = 59))

  ->  Bitmap Heap Scan on warehouse  (cost=4.14..8.15 rows=1 width=5) (actual time=0.017..0.018 rows=1 loops=1)

        Recheck Cond: (w_id = 1)

        Heap Blocks: exact=1

        ->  Bitmap Index Scan on warehouse_pkey  (cost=0.00..4.14 rows=1 width=0) (actual time=0.012..0.012 rows=1 loops=1)

              Index Cond: (w_id = 1)

Planning Time: 0.124 ms

Execution Time: 21.593 ms
Failed SQL 2069: SELECT C_DISCOUNT, C_LAST, C_CREDIT, W_TAX FROM CUSTOMER, WAREHOUSE WHERE W_ID = 1 AND C_W_ID = 1 AND C_D_ID = 5 AND C_ID = 59
Error Message: Cannot invoke "java.util.List.get(int)" because the return value of "sg.edu.nus.autotune.DB2DATA.getAllIndexes()" is null


===== Query 2070 =====

SQL: SELECT D_NEXT_O_ID, D_TAX FROM DISTRICT WHERE D_W_ID = 1 AND D_ID = 5

EXPLAIN Plan:

Bitmap Heap Scan on district  (cost=4.28..11.66 rows=2 width=9) (actual time=0.031..0.033 rows=1 loops=1)

  Recheck Cond: ((d_w_id = 1) AND (d_id = 5))

  Heap Blocks: exact=1

  ->  Bitmap Index Scan on district_pkey  (cost=0.00..4.28 rows=2 width=0) (actual time=0.017..0.018 rows=1 loops=1)

        Index Cond: ((d_w_id = 1) AND (d_id = 5))

Planning Time: 0.110 ms

Execution Time: 0.065 ms
Failed SQL 2070: SELECT D_NEXT_O_ID, D_TAX FROM DISTRICT WHERE D_W_ID = 1 AND D_ID = 5
Error Message: Cannot invoke "java.util.List.get(int)" because the return value of "sg.edu.nus.autotune.DB2DATA.getAllIndexes()" is null


===== Query 2071 =====

SQL: UPDATE DISTRICT SET D_NEXT_O_ID = D_NEXT_O_ID + 1 WHERE D_W_ID = 1 AND D_ID = 5

EXPLAIN Plan:

Update on district  (cost=4.28..11.67 rows=0 width=0) (actual time=0.056..0.057 rows=0 loops=1)

  ->  Bitmap Heap Scan on district  (cost=4.28..11.67 rows=2 width=10) (actual time=0.020..0.022 rows=1 loops=1)

        Recheck Cond: ((d_w_id = 1) AND (d_id = 5))

        Heap Blocks: exact=1

        ->  Bitmap Index Scan on district_pkey  (cost=0.00..4.28 rows=2 width=0) (actual time=0.012..0.012 rows=1 loops=1)

              Index Cond: ((d_w_id = 1) AND (d_id = 5))

Planning Time: 0.089 ms

Execution Time: 0.090 ms
Failed SQL 2071: UPDATE DISTRICT SET D_NEXT_O_ID = D_NEXT_O_ID + 1 WHERE D_W_ID = 1 AND D_ID = 5
Error Message: Cannot invoke "java.util.List.get(int)" because the return value of "sg.edu.nus.autotune.DB2DATA.getAllIndexes()" is null


===== Query 2072 =====

SQL: SELECT I_PRICE, I_NAME , I_DATA FROM ITEM WHERE I_ID = 73271

EXPLAIN Plan:

Index Scan using item_pkey on item  (cost=0.29..8.31 rows=1 width=61) (actual time=0.045..0.046 rows=1 loops=1)

  Index Cond: (i_id = 73271)

Planning Time: 0.071 ms

Execution Time: 0.063 ms
Failed SQL 2072: SELECT I_PRICE, I_NAME , I_DATA FROM ITEM WHERE I_ID = 73271
Error Message: Cannot invoke "java.util.List.get(int)" because the return value of "sg.edu.nus.autotune.DB2DATA.getAllIndexes()" is null


===== Query 2073 =====

SQL: SELECT S_QUANTITY, S_DATA, S_DIST_01, S_DIST_02, S_DIST_03, S_DIST_04, S_DIST_05, S_DIST_06, S_DIST_07, S_DIST_08, S_DIST_09, S_DIST_10 FROM STOCK WHERE S_I_ID = 73271 AND S_W_ID = 1

EXPLAIN Plan:

Index Scan using stock_pkey on stock  (cost=0.42..8.44 rows=1 width=291) (actual time=0.925..0.927 rows=1 loops=1)

  Index Cond: ((s_w_id = 1) AND (s_i_id = 73271))

Planning Time: 0.105 ms

Execution Time: 0.977 ms
Failed SQL 2073: SELECT S_QUANTITY, S_DATA, S_DIST_01, S_DIST_02, S_DIST_03, S_DIST_04, S_DIST_05, S_DIST_06, S_DIST_07, S_DIST_08, S_DIST_09, S_DIST_10 FROM STOCK WHERE S_I_ID = 73271 AND S_W_ID = 1
Error Message: Cannot invoke "java.util.List.get(int)" because the return value of "sg.edu.nus.autotune.DB2DATA.getAllIndexes()" is null


===== Query 2074 =====

SQL: UPDATE STOCK SET S_QUANTITY = 58, S_YTD = S_YTD + 1, S_ORDER_CNT = S_ORDER_CNT + 1, S_REMOTE_CNT = S_REMOTE_CNT + 0 WHERE S_I_ID = 73271 AND S_W_ID = 1

EXPLAIN Plan:

Update on stock  (cost=0.42..8.45 rows=0 width=0) (actual time=0.088..0.089 rows=0 loops=1)

  ->  Index Scan using stock_pkey on stock  (cost=0.42..8.45 rows=1 width=32) (actual time=0.023..0.025 rows=1 loops=1)

        Index Cond: ((s_w_id = 1) AND (s_i_id = 73271))

Planning Time: 0.099 ms

Execution Time: 0.115 ms
Failed SQL 2074: UPDATE STOCK SET S_QUANTITY = 58, S_YTD = S_YTD + 1, S_ORDER_CNT = S_ORDER_CNT + 1, S_REMOTE_CNT = S_REMOTE_CNT + 0 WHERE S_I_ID = 73271 AND S_W_ID = 1
Error Message: Cannot invoke "java.util.List.get(int)" because the return value of "sg.edu.nus.autotune.DB2DATA.getAllIndexes()" is null


===== Query 2075 =====

SQL: SELECT I_PRICE, I_NAME , I_DATA FROM ITEM WHERE I_ID = 60770

EXPLAIN Plan:

Index Scan using item_pkey on item  (cost=0.29..8.31 rows=1 width=61) (actual time=0.058..0.059 rows=1 loops=1)

  Index Cond: (i_id = 60770)

Planning Time: 0.094 ms

Execution Time: 0.081 ms
Failed SQL 2075: SELECT I_PRICE, I_NAME , I_DATA FROM ITEM WHERE I_ID = 60770
Error Message: Cannot invoke "java.util.List.get(int)" because the return value of "sg.edu.nus.autotune.DB2DATA.getAllIndexes()" is null


===== Query 2076 =====

SQL: SELECT S_QUANTITY, S_DATA, S_DIST_01, S_DIST_02, S_DIST_03, S_DIST_04, S_DIST_05, S_DIST_06, S_DIST_07, S_DIST_08, S_DIST_09, S_DIST_10 FROM STOCK WHERE S_I_ID = 60770 AND S_W_ID = 1

EXPLAIN Plan:

Index Scan using stock_pkey on stock  (cost=0.42..8.44 rows=1 width=291) (actual time=0.905..0.908 rows=1 loops=1)

  Index Cond: ((s_w_id = 1) AND (s_i_id = 60770))

Planning Time: 0.112 ms

Execution Time: 0.935 ms
Failed SQL 2076: SELECT S_QUANTITY, S_DATA, S_DIST_01, S_DIST_02, S_DIST_03, S_DIST_04, S_DIST_05, S_DIST_06, S_DIST_07, S_DIST_08, S_DIST_09, S_DIST_10 FROM STOCK WHERE S_I_ID = 60770 AND S_W_ID = 1
Error Message: Cannot invoke "java.util.List.get(int)" because the return value of "sg.edu.nus.autotune.DB2DATA.getAllIndexes()" is null


===== Query 2077 =====

SQL: UPDATE STOCK SET S_QUANTITY = 55, S_YTD = S_YTD + 9, S_ORDER_CNT = S_ORDER_CNT + 1, S_REMOTE_CNT = S_REMOTE_CNT + 0 WHERE S_I_ID = 60770 AND S_W_ID = 1

EXPLAIN Plan:

Update on stock  (cost=0.42..8.45 rows=0 width=0) (actual time=0.117..0.117 rows=0 loops=1)

  ->  Index Scan using stock_pkey on stock  (cost=0.42..8.45 rows=1 width=32) (actual time=0.029..0.031 rows=1 loops=1)

        Index Cond: ((s_w_id = 1) AND (s_i_id = 60770))

Planning Time: 0.103 ms

Execution Time: 0.146 ms
Failed SQL 2077: UPDATE STOCK SET S_QUANTITY = 55, S_YTD = S_YTD + 9, S_ORDER_CNT = S_ORDER_CNT + 1, S_REMOTE_CNT = S_REMOTE_CNT + 0 WHERE S_I_ID = 60770 AND S_W_ID = 1
Error Message: Cannot invoke "java.util.List.get(int)" because the return value of "sg.edu.nus.autotune.DB2DATA.getAllIndexes()" is null


===== Query 2078 =====

SQL: SELECT I_PRICE, I_NAME , I_DATA FROM ITEM WHERE I_ID = 95911

EXPLAIN Plan:

Index Scan using item_pkey on item  (cost=0.29..8.31 rows=1 width=61) (actual time=1.118..1.121 rows=1 loops=1)

  Index Cond: (i_id = 95911)

Planning Time: 0.091 ms

Execution Time: 1.142 ms
Failed SQL 2078: SELECT I_PRICE, I_NAME , I_DATA FROM ITEM WHERE I_ID = 95911
Error Message: Cannot invoke "java.util.List.get(int)" because the return value of "sg.edu.nus.autotune.DB2DATA.getAllIndexes()" is null


===== Query 2079 =====

SQL: SELECT S_QUANTITY, S_DATA, S_DIST_01, S_DIST_02, S_DIST_03, S_DIST_04, S_DIST_05, S_DIST_06, S_DIST_07, S_DIST_08, S_DIST_09, S_DIST_10 FROM STOCK WHERE S_I_ID = 95911 AND S_W_ID = 1

EXPLAIN Plan:

Index Scan using stock_pkey on stock  (cost=0.42..8.44 rows=1 width=291) (actual time=0.090..0.092 rows=1 loops=1)

  Index Cond: ((s_w_id = 1) AND (s_i_id = 95911))

Planning Time: 0.101 ms

Execution Time: 0.117 ms
Failed SQL 2079: SELECT S_QUANTITY, S_DATA, S_DIST_01, S_DIST_02, S_DIST_03, S_DIST_04, S_DIST_05, S_DIST_06, S_DIST_07, S_DIST_08, S_DIST_09, S_DIST_10 FROM STOCK WHERE S_I_ID = 95911 AND S_W_ID = 1
Error Message: Cannot invoke "java.util.List.get(int)" because the return value of "sg.edu.nus.autotune.DB2DATA.getAllIndexes()" is null


===== Query 2080 =====

SQL: UPDATE STOCK SET S_QUANTITY = 53, S_YTD = S_YTD + 8, S_ORDER_CNT = S_ORDER_CNT + 1, S_REMOTE_CNT = S_REMOTE_CNT + 0 WHERE S_I_ID = 95911 AND S_W_ID = 1

EXPLAIN Plan:

Update on stock  (cost=0.42..8.45 rows=0 width=0) (actual time=0.124..0.124 rows=0 loops=1)

  ->  Index Scan using stock_pkey on stock  (cost=0.42..8.45 rows=1 width=32) (actual time=0.030..0.031 rows=1 loops=1)

        Index Cond: ((s_w_id = 1) AND (s_i_id = 95911))

Planning Time: 0.105 ms

Execution Time: 0.151 ms
Failed SQL 2080: UPDATE STOCK SET S_QUANTITY = 53, S_YTD = S_YTD + 8, S_ORDER_CNT = S_ORDER_CNT + 1, S_REMOTE_CNT = S_REMOTE_CNT + 0 WHERE S_I_ID = 95911 AND S_W_ID = 1
Error Message: Cannot invoke "java.util.List.get(int)" because the return value of "sg.edu.nus.autotune.DB2DATA.getAllIndexes()" is null


===== Query 2081 =====

SQL: SELECT I_PRICE, I_NAME , I_DATA FROM ITEM WHERE I_ID = 52741

EXPLAIN Plan:

Index Scan using item_pkey on item  (cost=0.29..8.31 rows=1 width=61) (actual time=0.875..0.878 rows=1 loops=1)

  Index Cond: (i_id = 52741)

Planning Time: 0.072 ms

Execution Time: 0.899 ms
Failed SQL 2081: SELECT I_PRICE, I_NAME , I_DATA FROM ITEM WHERE I_ID = 52741
Error Message: Cannot invoke "java.util.List.get(int)" because the return value of "sg.edu.nus.autotune.DB2DATA.getAllIndexes()" is null


===== Query 2082 =====

SQL: SELECT S_QUANTITY, S_DATA, S_DIST_01, S_DIST_02, S_DIST_03, S_DIST_04, S_DIST_05, S_DIST_06, S_DIST_07, S_DIST_08, S_DIST_09, S_DIST_10 FROM STOCK WHERE S_I_ID = 52741 AND S_W_ID = 1

EXPLAIN Plan:

Index Scan using stock_pkey on stock  (cost=0.42..8.44 rows=1 width=291) (actual time=0.448..0.450 rows=1 loops=1)

  Index Cond: ((s_w_id = 1) AND (s_i_id = 52741))

Planning Time: 0.106 ms

Execution Time: 0.475 ms
Failed SQL 2082: SELECT S_QUANTITY, S_DATA, S_DIST_01, S_DIST_02, S_DIST_03, S_DIST_04, S_DIST_05, S_DIST_06, S_DIST_07, S_DIST_08, S_DIST_09, S_DIST_10 FROM STOCK WHERE S_I_ID = 52741 AND S_W_ID = 1
Error Message: Cannot invoke "java.util.List.get(int)" because the return value of "sg.edu.nus.autotune.DB2DATA.getAllIndexes()" is null


===== Query 2083 =====

SQL: UPDATE STOCK SET S_QUANTITY = 18, S_YTD = S_YTD + 4, S_ORDER_CNT = S_ORDER_CNT + 1, S_REMOTE_CNT = S_REMOTE_CNT + 0 WHERE S_I_ID = 52741 AND S_W_ID = 1

EXPLAIN Plan:

Update on stock  (cost=0.42..8.45 rows=0 width=0) (actual time=0.130..0.131 rows=0 loops=1)

  ->  Index Scan using stock_pkey on stock  (cost=0.42..8.45 rows=1 width=32) (actual time=0.026..0.028 rows=1 loops=1)

        Index Cond: ((s_w_id = 1) AND (s_i_id = 52741))

Planning Time: 0.109 ms

Execution Time: 0.159 ms
Failed SQL 2083: UPDATE STOCK SET S_QUANTITY = 18, S_YTD = S_YTD + 4, S_ORDER_CNT = S_ORDER_CNT + 1, S_REMOTE_CNT = S_REMOTE_CNT + 0 WHERE S_I_ID = 52741 AND S_W_ID = 1
Error Message: Cannot invoke "java.util.List.get(int)" because the return value of "sg.edu.nus.autotune.DB2DATA.getAllIndexes()" is null


===== Query 2084 =====

SQL: SELECT I_PRICE, I_NAME , I_DATA FROM ITEM WHERE I_ID = 30438

EXPLAIN Plan:

Index Scan using item_pkey on item  (cost=0.29..8.31 rows=1 width=61) (actual time=0.051..0.053 rows=1 loops=1)

  Index Cond: (i_id = 30438)

Planning Time: 0.076 ms

Execution Time: 0.069 ms
Failed SQL 2084: SELECT I_PRICE, I_NAME , I_DATA FROM ITEM WHERE I_ID = 30438
Error Message: Cannot invoke "java.util.List.get(int)" because the return value of "sg.edu.nus.autotune.DB2DATA.getAllIndexes()" is null


===== Query 2085 =====

SQL: SELECT S_QUANTITY, S_DATA, S_DIST_01, S_DIST_02, S_DIST_03, S_DIST_04, S_DIST_05, S_DIST_06, S_DIST_07, S_DIST_08, S_DIST_09, S_DIST_10 FROM STOCK WHERE S_I_ID = 30438 AND S_W_ID = 1

EXPLAIN Plan:

Index Scan using stock_pkey on stock  (cost=0.42..8.44 rows=1 width=291) (actual time=0.070..0.071 rows=1 loops=1)

  Index Cond: ((s_w_id = 1) AND (s_i_id = 30438))

Planning Time: 0.113 ms

Execution Time: 0.096 ms
Failed SQL 2085: SELECT S_QUANTITY, S_DATA, S_DIST_01, S_DIST_02, S_DIST_03, S_DIST_04, S_DIST_05, S_DIST_06, S_DIST_07, S_DIST_08, S_DIST_09, S_DIST_10 FROM STOCK WHERE S_I_ID = 30438 AND S_W_ID = 1
Error Message: Cannot invoke "java.util.List.get(int)" because the return value of "sg.edu.nus.autotune.DB2DATA.getAllIndexes()" is null


===== Query 2086 =====

SQL: UPDATE STOCK SET S_QUANTITY = 69, S_YTD = S_YTD + 10, S_ORDER_CNT = S_ORDER_CNT + 1, S_REMOTE_CNT = S_REMOTE_CNT + 0 WHERE S_I_ID = 30438 AND S_W_ID = 1

EXPLAIN Plan:

Update on stock  (cost=0.42..8.45 rows=0 width=0) (actual time=0.087..0.088 rows=0 loops=1)

  ->  Index Scan using stock_pkey on stock  (cost=0.42..8.45 rows=1 width=32) (actual time=0.029..0.031 rows=1 loops=1)

        Index Cond: ((s_w_id = 1) AND (s_i_id = 30438))

Planning Time: 0.116 ms

Execution Time: 0.116 ms
Failed SQL 2086: UPDATE STOCK SET S_QUANTITY = 69, S_YTD = S_YTD + 10, S_ORDER_CNT = S_ORDER_CNT + 1, S_REMOTE_CNT = S_REMOTE_CNT + 0 WHERE S_I_ID = 30438 AND S_W_ID = 1
Error Message: Cannot invoke "java.util.List.get(int)" because the return value of "sg.edu.nus.autotune.DB2DATA.getAllIndexes()" is null


===== Query 2087 =====

SQL: SELECT I_PRICE, I_NAME , I_DATA FROM ITEM WHERE I_ID = 85655

EXPLAIN Plan:

Index Scan using item_pkey on item  (cost=0.29..8.31 rows=1 width=61) (actual time=0.065..0.067 rows=1 loops=1)

  Index Cond: (i_id = 85655)

Planning Time: 0.097 ms

Execution Time: 0.089 ms
Failed SQL 2087: SELECT I_PRICE, I_NAME , I_DATA FROM ITEM WHERE I_ID = 85655
Error Message: Cannot invoke "java.util.List.get(int)" because the return value of "sg.edu.nus.autotune.DB2DATA.getAllIndexes()" is null


===== Query 2088 =====

SQL: SELECT S_QUANTITY, S_DATA, S_DIST_01, S_DIST_02, S_DIST_03, S_DIST_04, S_DIST_05, S_DIST_06, S_DIST_07, S_DIST_08, S_DIST_09, S_DIST_10 FROM STOCK WHERE S_I_ID = 85655 AND S_W_ID = 1

EXPLAIN Plan:

Index Scan using stock_pkey on stock  (cost=0.42..8.44 rows=1 width=291) (actual time=1.091..1.094 rows=1 loops=1)

  Index Cond: ((s_w_id = 1) AND (s_i_id = 85655))

Planning Time: 0.131 ms

Execution Time: 1.119 ms
Failed SQL 2088: SELECT S_QUANTITY, S_DATA, S_DIST_01, S_DIST_02, S_DIST_03, S_DIST_04, S_DIST_05, S_DIST_06, S_DIST_07, S_DIST_08, S_DIST_09, S_DIST_10 FROM STOCK WHERE S_I_ID = 85655 AND S_W_ID = 1
Error Message: Cannot invoke "java.util.List.get(int)" because the return value of "sg.edu.nus.autotune.DB2DATA.getAllIndexes()" is null


===== Query 2089 =====

SQL: UPDATE STOCK SET S_QUANTITY = 59, S_YTD = S_YTD + 1, S_ORDER_CNT = S_ORDER_CNT + 1, S_REMOTE_CNT = S_REMOTE_CNT + 0 WHERE S_I_ID = 85655 AND S_W_ID = 1

EXPLAIN Plan:

Update on stock  (cost=0.42..8.45 rows=0 width=0) (actual time=0.064..0.064 rows=0 loops=1)

  ->  Index Scan using stock_pkey on stock  (cost=0.42..8.45 rows=1 width=32) (actual time=0.017..0.018 rows=1 loops=1)

        Index Cond: ((s_w_id = 1) AND (s_i_id = 85655))

Planning Time: 0.060 ms

Execution Time: 0.078 ms
Failed SQL 2089: UPDATE STOCK SET S_QUANTITY = 59, S_YTD = S_YTD + 1, S_ORDER_CNT = S_ORDER_CNT + 1, S_REMOTE_CNT = S_REMOTE_CNT + 0 WHERE S_I_ID = 85655 AND S_W_ID = 1
Error Message: Cannot invoke "java.util.List.get(int)" because the return value of "sg.edu.nus.autotune.DB2DATA.getAllIndexes()" is null


===== Query 2090 =====

SQL: SELECT I_PRICE, I_NAME , I_DATA FROM ITEM WHERE I_ID = 40679

EXPLAIN Plan:

Index Scan using item_pkey on item  (cost=0.29..8.31 rows=1 width=61) (actual time=0.064..0.066 rows=1 loops=1)

  Index Cond: (i_id = 40679)

Planning Time: 0.074 ms

Execution Time: 0.084 ms
Failed SQL 2090: SELECT I_PRICE, I_NAME , I_DATA FROM ITEM WHERE I_ID = 40679
Error Message: Cannot invoke "java.util.List.get(int)" because the return value of "sg.edu.nus.autotune.DB2DATA.getAllIndexes()" is null


===== Query 2091 =====

SQL: SELECT S_QUANTITY, S_DATA, S_DIST_01, S_DIST_02, S_DIST_03, S_DIST_04, S_DIST_05, S_DIST_06, S_DIST_07, S_DIST_08, S_DIST_09, S_DIST_10 FROM STOCK WHERE S_I_ID = 40679 AND S_W_ID = 1

EXPLAIN Plan:

Index Scan using stock_pkey on stock  (cost=0.42..8.44 rows=1 width=291) (actual time=0.068..0.070 rows=1 loops=1)

  Index Cond: ((s_w_id = 1) AND (s_i_id = 40679))

Planning Time: 0.099 ms

Execution Time: 0.094 ms
Failed SQL 2091: SELECT S_QUANTITY, S_DATA, S_DIST_01, S_DIST_02, S_DIST_03, S_DIST_04, S_DIST_05, S_DIST_06, S_DIST_07, S_DIST_08, S_DIST_09, S_DIST_10 FROM STOCK WHERE S_I_ID = 40679 AND S_W_ID = 1
Error Message: Cannot invoke "java.util.List.get(int)" because the return value of "sg.edu.nus.autotune.DB2DATA.getAllIndexes()" is null


===== Query 2092 =====

SQL: UPDATE STOCK SET S_QUANTITY = 21, S_YTD = S_YTD + 6, S_ORDER_CNT = S_ORDER_CNT + 1, S_REMOTE_CNT = S_REMOTE_CNT + 0 WHERE S_I_ID = 40679 AND S_W_ID = 1

EXPLAIN Plan:

Update on stock  (cost=0.42..8.45 rows=0 width=0) (actual time=0.087..0.088 rows=0 loops=1)

  ->  Index Scan using stock_pkey on stock  (cost=0.42..8.45 rows=1 width=32) (actual time=0.026..0.027 rows=1 loops=1)

        Index Cond: ((s_w_id = 1) AND (s_i_id = 40679))

Planning Time: 0.110 ms

Execution Time: 0.117 ms
Failed SQL 2092: UPDATE STOCK SET S_QUANTITY = 21, S_YTD = S_YTD + 6, S_ORDER_CNT = S_ORDER_CNT + 1, S_REMOTE_CNT = S_REMOTE_CNT + 0 WHERE S_I_ID = 40679 AND S_W_ID = 1
Error Message: Cannot invoke "java.util.List.get(int)" because the return value of "sg.edu.nus.autotune.DB2DATA.getAllIndexes()" is null


===== Query 2093 =====

SQL: SELECT I_PRICE, I_NAME , I_DATA FROM ITEM WHERE I_ID = 5182

EXPLAIN Plan:

Index Scan using item_pkey on item  (cost=0.29..8.31 rows=1 width=61) (actual time=0.042..0.043 rows=1 loops=1)

  Index Cond: (i_id = 5182)

Planning Time: 0.073 ms

Execution Time: 0.061 ms
Failed SQL 2093: SELECT I_PRICE, I_NAME , I_DATA FROM ITEM WHERE I_ID = 5182
Error Message: Cannot invoke "java.util.List.get(int)" because the return value of "sg.edu.nus.autotune.DB2DATA.getAllIndexes()" is null


===== Query 2094 =====

SQL: SELECT S_QUANTITY, S_DATA, S_DIST_01, S_DIST_02, S_DIST_03, S_DIST_04, S_DIST_05, S_DIST_06, S_DIST_07, S_DIST_08, S_DIST_09, S_DIST_10 FROM STOCK WHERE S_I_ID = 5182 AND S_W_ID = 1

EXPLAIN Plan:

Index Scan using stock_pkey on stock  (cost=0.42..8.44 rows=1 width=291) (actual time=0.051..0.052 rows=1 loops=1)

  Index Cond: ((s_w_id = 1) AND (s_i_id = 5182))

Planning Time: 0.091 ms

Execution Time: 0.073 ms
Failed SQL 2094: SELECT S_QUANTITY, S_DATA, S_DIST_01, S_DIST_02, S_DIST_03, S_DIST_04, S_DIST_05, S_DIST_06, S_DIST_07, S_DIST_08, S_DIST_09, S_DIST_10 FROM STOCK WHERE S_I_ID = 5182 AND S_W_ID = 1
Error Message: Cannot invoke "java.util.List.get(int)" because the return value of "sg.edu.nus.autotune.DB2DATA.getAllIndexes()" is null


===== Query 2095 =====

SQL: UPDATE STOCK SET S_QUANTITY = 77, S_YTD = S_YTD + 9, S_ORDER_CNT = S_ORDER_CNT + 1, S_REMOTE_CNT = S_REMOTE_CNT + 0 WHERE S_I_ID = 5182 AND S_W_ID = 1

EXPLAIN Plan:

Update on stock  (cost=0.42..8.45 rows=0 width=0) (actual time=0.091..0.092 rows=0 loops=1)

  ->  Index Scan using stock_pkey on stock  (cost=0.42..8.45 rows=1 width=32) (actual time=0.026..0.028 rows=1 loops=1)

        Index Cond: ((s_w_id = 1) AND (s_i_id = 5182))

Planning Time: 0.075 ms

Execution Time: 0.114 ms
Failed SQL 2095: UPDATE STOCK SET S_QUANTITY = 77, S_YTD = S_YTD + 9, S_ORDER_CNT = S_ORDER_CNT + 1, S_REMOTE_CNT = S_REMOTE_CNT + 0 WHERE S_I_ID = 5182 AND S_W_ID = 1
Error Message: Cannot invoke "java.util.List.get(int)" because the return value of "sg.edu.nus.autotune.DB2DATA.getAllIndexes()" is null


===== Query 2096 =====

SQL: SELECT I_PRICE, I_NAME , I_DATA FROM ITEM WHERE I_ID = 26599

EXPLAIN Plan:

Index Scan using item_pkey on item  (cost=0.29..8.31 rows=1 width=61) (actual time=1.075..1.077 rows=1 loops=1)

  Index Cond: (i_id = 26599)

Planning Time: 0.090 ms

Execution Time: 1.100 ms
Failed SQL 2096: SELECT I_PRICE, I_NAME , I_DATA FROM ITEM WHERE I_ID = 26599
Error Message: Cannot invoke "java.util.List.get(int)" because the return value of "sg.edu.nus.autotune.DB2DATA.getAllIndexes()" is null


===== Query 2097 =====

SQL: SELECT S_QUANTITY, S_DATA, S_DIST_01, S_DIST_02, S_DIST_03, S_DIST_04, S_DIST_05, S_DIST_06, S_DIST_07, S_DIST_08, S_DIST_09, S_DIST_10 FROM STOCK WHERE S_I_ID = 26599 AND S_W_ID = 1

EXPLAIN Plan:

Index Scan using stock_pkey on stock  (cost=0.42..8.44 rows=1 width=291) (actual time=0.675..0.678 rows=1 loops=1)

  Index Cond: ((s_w_id = 1) AND (s_i_id = 26599))

Planning Time: 0.116 ms

Execution Time: 0.704 ms
Failed SQL 2097: SELECT S_QUANTITY, S_DATA, S_DIST_01, S_DIST_02, S_DIST_03, S_DIST_04, S_DIST_05, S_DIST_06, S_DIST_07, S_DIST_08, S_DIST_09, S_DIST_10 FROM STOCK WHERE S_I_ID = 26599 AND S_W_ID = 1
Error Message: Cannot invoke "java.util.List.get(int)" because the return value of "sg.edu.nus.autotune.DB2DATA.getAllIndexes()" is null


===== Query 2098 =====

SQL: UPDATE STOCK SET S_QUANTITY = 12, S_YTD = S_YTD + 7, S_ORDER_CNT = S_ORDER_CNT + 1, S_REMOTE_CNT = S_REMOTE_CNT + 0 WHERE S_I_ID = 26599 AND S_W_ID = 1

EXPLAIN Plan:

Update on stock  (cost=0.42..8.45 rows=0 width=0) (actual time=0.092..0.092 rows=0 loops=1)

  ->  Index Scan using stock_pkey on stock  (cost=0.42..8.45 rows=1 width=32) (actual time=0.027..0.028 rows=1 loops=1)

        Index Cond: ((s_w_id = 1) AND (s_i_id = 26599))

Planning Time: 0.104 ms

Execution Time: 0.121 ms
Failed SQL 2098: UPDATE STOCK SET S_QUANTITY = 12, S_YTD = S_YTD + 7, S_ORDER_CNT = S_ORDER_CNT + 1, S_REMOTE_CNT = S_REMOTE_CNT + 0 WHERE S_I_ID = 26599 AND S_W_ID = 1
Error Message: Cannot invoke "java.util.List.get(int)" because the return value of "sg.edu.nus.autotune.DB2DATA.getAllIndexes()" is null


===== Query 2099 =====

SQL: SELECT I_PRICE, I_NAME , I_DATA FROM ITEM WHERE I_ID = 68327

EXPLAIN Plan:

Index Scan using item_pkey on item  (cost=0.29..8.31 rows=1 width=61) (actual time=0.054..0.056 rows=1 loops=1)

  Index Cond: (i_id = 68327)

Planning Time: 0.075 ms

Execution Time: 0.073 ms
Failed SQL 2099: SELECT I_PRICE, I_NAME , I_DATA FROM ITEM WHERE I_ID = 68327
Error Message: Cannot invoke "java.util.List.get(int)" because the return value of "sg.edu.nus.autotune.DB2DATA.getAllIndexes()" is null


===== Query 2100 =====

SQL: SELECT S_QUANTITY, S_DATA, S_DIST_01, S_DIST_02, S_DIST_03, S_DIST_04, S_DIST_05, S_DIST_06, S_DIST_07, S_DIST_08, S_DIST_09, S_DIST_10 FROM STOCK WHERE S_I_ID = 68327 AND S_W_ID = 1

EXPLAIN Plan:

Index Scan using stock_pkey on stock  (cost=0.42..8.44 rows=1 width=291) (actual time=0.066..0.068 rows=1 loops=1)

  Index Cond: ((s_w_id = 1) AND (s_i_id = 68327))

Planning Time: 0.108 ms

Execution Time: 0.091 ms
Failed SQL 2100: SELECT S_QUANTITY, S_DATA, S_DIST_01, S_DIST_02, S_DIST_03, S_DIST_04, S_DIST_05, S_DIST_06, S_DIST_07, S_DIST_08, S_DIST_09, S_DIST_10 FROM STOCK WHERE S_I_ID = 68327 AND S_W_ID = 1
Error Message: Cannot invoke "java.util.List.get(int)" because the return value of "sg.edu.nus.autotune.DB2DATA.getAllIndexes()" is null


===== Query 2101 =====

SQL: UPDATE STOCK SET S_QUANTITY = 84, S_YTD = S_YTD + 5, S_ORDER_CNT = S_ORDER_CNT + 1, S_REMOTE_CNT = S_REMOTE_CNT + 0 WHERE S_I_ID = 68327 AND S_W_ID = 1

EXPLAIN Plan:

Update on stock  (cost=0.42..8.45 rows=0 width=0) (actual time=0.096..0.097 rows=0 loops=1)

  ->  Index Scan using stock_pkey on stock  (cost=0.42..8.45 rows=1 width=32) (actual time=0.026..0.028 rows=1 loops=1)

        Index Cond: ((s_w_id = 1) AND (s_i_id = 68327))

Planning Time: 0.106 ms

Execution Time: 0.134 ms
Failed SQL 2101: UPDATE STOCK SET S_QUANTITY = 84, S_YTD = S_YTD + 5, S_ORDER_CNT = S_ORDER_CNT + 1, S_REMOTE_CNT = S_REMOTE_CNT + 0 WHERE S_I_ID = 68327 AND S_W_ID = 1
Error Message: Cannot invoke "java.util.List.get(int)" because the return value of "sg.edu.nus.autotune.DB2DATA.getAllIndexes()" is null


===== Query 2102 =====

SQL: SELECT I_PRICE, I_NAME , I_DATA FROM ITEM WHERE I_ID = 40677

EXPLAIN Plan:

Index Scan using item_pkey on item  (cost=0.29..8.31 rows=1 width=61) (actual time=0.026..0.028 rows=1 loops=1)

  Index Cond: (i_id = 40677)

Planning Time: 0.078 ms

Execution Time: 0.046 ms
Failed SQL 2102: SELECT I_PRICE, I_NAME , I_DATA FROM ITEM WHERE I_ID = 40677
Error Message: Cannot invoke "java.util.List.get(int)" because the return value of "sg.edu.nus.autotune.DB2DATA.getAllIndexes()" is null


===== Query 2103 =====

SQL: SELECT S_QUANTITY, S_DATA, S_DIST_01, S_DIST_02, S_DIST_03, S_DIST_04, S_DIST_05, S_DIST_06, S_DIST_07, S_DIST_08, S_DIST_09, S_DIST_10 FROM STOCK WHERE S_I_ID = 40677 AND S_W_ID = 1

EXPLAIN Plan:

Index Scan using stock_pkey on stock  (cost=0.42..8.44 rows=1 width=291) (actual time=0.051..0.053 rows=1 loops=1)

  Index Cond: ((s_w_id = 1) AND (s_i_id = 40677))

Planning Time: 0.106 ms

Execution Time: 0.077 ms
Failed SQL 2103: SELECT S_QUANTITY, S_DATA, S_DIST_01, S_DIST_02, S_DIST_03, S_DIST_04, S_DIST_05, S_DIST_06, S_DIST_07, S_DIST_08, S_DIST_09, S_DIST_10 FROM STOCK WHERE S_I_ID = 40677 AND S_W_ID = 1
Error Message: Cannot invoke "java.util.List.get(int)" because the return value of "sg.edu.nus.autotune.DB2DATA.getAllIndexes()" is null


===== Query 2104 =====

SQL: UPDATE STOCK SET S_QUANTITY = 97, S_YTD = S_YTD + 2, S_ORDER_CNT = S_ORDER_CNT + 1, S_REMOTE_CNT = S_REMOTE_CNT + 0 WHERE S_I_ID = 40677 AND S_W_ID = 1

EXPLAIN Plan:

Update on stock  (cost=0.42..8.45 rows=0 width=0) (actual time=0.116..0.116 rows=0 loops=1)

  ->  Index Scan using stock_pkey on stock  (cost=0.42..8.45 rows=1 width=32) (actual time=0.028..0.030 rows=1 loops=1)

        Index Cond: ((s_w_id = 1) AND (s_i_id = 40677))

Planning Time: 0.098 ms

Execution Time: 0.143 ms
Failed SQL 2104: UPDATE STOCK SET S_QUANTITY = 97, S_YTD = S_YTD + 2, S_ORDER_CNT = S_ORDER_CNT + 1, S_REMOTE_CNT = S_REMOTE_CNT + 0 WHERE S_I_ID = 40677 AND S_W_ID = 1
Error Message: Cannot invoke "java.util.List.get(int)" because the return value of "sg.edu.nus.autotune.DB2DATA.getAllIndexes()" is null


===== Query 2105 =====

SQL: SELECT I_PRICE, I_NAME , I_DATA FROM ITEM WHERE I_ID = 40671

EXPLAIN Plan:

Index Scan using item_pkey on item  (cost=0.29..8.31 rows=1 width=61) (actual time=0.026..0.027 rows=1 loops=1)

  Index Cond: (i_id = 40671)

Planning Time: 0.091 ms

Execution Time: 0.051 ms
Failed SQL 2105: SELECT I_PRICE, I_NAME , I_DATA FROM ITEM WHERE I_ID = 40671
Error Message: Cannot invoke "java.util.List.get(int)" because the return value of "sg.edu.nus.autotune.DB2DATA.getAllIndexes()" is null


===== Query 2106 =====

SQL: SELECT S_QUANTITY, S_DATA, S_DIST_01, S_DIST_02, S_DIST_03, S_DIST_04, S_DIST_05, S_DIST_06, S_DIST_07, S_DIST_08, S_DIST_09, S_DIST_10 FROM STOCK WHERE S_I_ID = 40671 AND S_W_ID = 1

EXPLAIN Plan:

Index Scan using stock_pkey on stock  (cost=0.42..8.44 rows=1 width=291) (actual time=0.081..0.083 rows=1 loops=1)

  Index Cond: ((s_w_id = 1) AND (s_i_id = 40671))

Planning Time: 0.145 ms

Execution Time: 0.122 ms
Failed SQL 2106: SELECT S_QUANTITY, S_DATA, S_DIST_01, S_DIST_02, S_DIST_03, S_DIST_04, S_DIST_05, S_DIST_06, S_DIST_07, S_DIST_08, S_DIST_09, S_DIST_10 FROM STOCK WHERE S_I_ID = 40671 AND S_W_ID = 1
Error Message: Cannot invoke "java.util.List.get(int)" because the return value of "sg.edu.nus.autotune.DB2DATA.getAllIndexes()" is null


===== Query 2107 =====

SQL: UPDATE STOCK SET S_QUANTITY = 83, S_YTD = S_YTD + 1, S_ORDER_CNT = S_ORDER_CNT + 1, S_REMOTE_CNT = S_REMOTE_CNT + 0 WHERE S_I_ID = 40671 AND S_W_ID = 1

EXPLAIN Plan:

Update on stock  (cost=0.42..8.45 rows=0 width=0) (actual time=0.103..0.103 rows=0 loops=1)

  ->  Index Scan using stock_pkey on stock  (cost=0.42..8.45 rows=1 width=32) (actual time=0.029..0.030 rows=1 loops=1)

        Index Cond: ((s_w_id = 1) AND (s_i_id = 40671))

Planning Time: 0.117 ms

Execution Time: 0.133 ms
Failed SQL 2107: UPDATE STOCK SET S_QUANTITY = 83, S_YTD = S_YTD + 1, S_ORDER_CNT = S_ORDER_CNT + 1, S_REMOTE_CNT = S_REMOTE_CNT + 0 WHERE S_I_ID = 40671 AND S_W_ID = 1
Error Message: Cannot invoke "java.util.List.get(int)" because the return value of "sg.edu.nus.autotune.DB2DATA.getAllIndexes()" is null


===== Query 2108 =====

SQL: SELECT I_PRICE, I_NAME , I_DATA FROM ITEM WHERE I_ID = 77231

EXPLAIN Plan:

Index Scan using item_pkey on item  (cost=0.29..8.31 rows=1 width=61) (actual time=0.410..0.412 rows=1 loops=1)

  Index Cond: (i_id = 77231)

Planning Time: 0.082 ms

Execution Time: 0.432 ms
Failed SQL 2108: SELECT I_PRICE, I_NAME , I_DATA FROM ITEM WHERE I_ID = 77231
Error Message: Cannot invoke "java.util.List.get(int)" because the return value of "sg.edu.nus.autotune.DB2DATA.getAllIndexes()" is null


===== Query 2109 =====

SQL: SELECT S_QUANTITY, S_DATA, S_DIST_01, S_DIST_02, S_DIST_03, S_DIST_04, S_DIST_05, S_DIST_06, S_DIST_07, S_DIST_08, S_DIST_09, S_DIST_10 FROM STOCK WHERE S_I_ID = 77231 AND S_W_ID = 1

EXPLAIN Plan:

Index Scan using stock_pkey on stock  (cost=0.42..8.44 rows=1 width=291) (actual time=1.601..1.603 rows=1 loops=1)

  Index Cond: ((s_w_id = 1) AND (s_i_id = 77231))

Planning Time: 0.066 ms

Execution Time: 1.621 ms
Failed SQL 2109: SELECT S_QUANTITY, S_DATA, S_DIST_01, S_DIST_02, S_DIST_03, S_DIST_04, S_DIST_05, S_DIST_06, S_DIST_07, S_DIST_08, S_DIST_09, S_DIST_10 FROM STOCK WHERE S_I_ID = 77231 AND S_W_ID = 1
Error Message: Cannot invoke "java.util.List.get(int)" because the return value of "sg.edu.nus.autotune.DB2DATA.getAllIndexes()" is null


===== Query 2110 =====

SQL: UPDATE STOCK SET S_QUANTITY = 96, S_YTD = S_YTD + 8, S_ORDER_CNT = S_ORDER_CNT + 1, S_REMOTE_CNT = S_REMOTE_CNT + 0 WHERE S_I_ID = 77231 AND S_W_ID = 1

EXPLAIN Plan:

Update on stock  (cost=0.42..8.45 rows=0 width=0) (actual time=0.113..0.113 rows=0 loops=1)

  ->  Index Scan using stock_pkey on stock  (cost=0.42..8.45 rows=1 width=32) (actual time=0.034..0.035 rows=1 loops=1)

        Index Cond: ((s_w_id = 1) AND (s_i_id = 77231))

Planning Time: 0.101 ms

Execution Time: 0.139 ms
Failed SQL 2110: UPDATE STOCK SET S_QUANTITY = 96, S_YTD = S_YTD + 8, S_ORDER_CNT = S_ORDER_CNT + 1, S_REMOTE_CNT = S_REMOTE_CNT + 0 WHERE S_I_ID = 77231 AND S_W_ID = 1
Error Message: Cannot invoke "java.util.List.get(int)" because the return value of "sg.edu.nus.autotune.DB2DATA.getAllIndexes()" is null


===== Query 2111 =====

SQL: UPDATE WAREHOUSE SET W_YTD = W_YTD + 343.75 WHERE W_ID = 1

EXPLAIN Plan:

Update on warehouse  (cost=4.14..8.16 rows=0 width=0) (actual time=0.108..0.109 rows=0 loops=1)

  ->  Bitmap Heap Scan on warehouse  (cost=4.14..8.16 rows=1 width=22) (actual time=0.060..0.062 rows=1 loops=1)

        Recheck Cond: (w_id = 1)

        Heap Blocks: exact=1

        ->  Bitmap Index Scan on warehouse_pkey  (cost=0.00..4.14 rows=1 width=0) (actual time=0.028..0.028 rows=1 loops=1)

              Index Cond: (w_id = 1)

Planning Time: 0.088 ms

Execution Time: 0.145 ms
Failed SQL 2111: UPDATE WAREHOUSE SET W_YTD = W_YTD + 343.75 WHERE W_ID = 1
Error Message: Cannot invoke "java.util.List.get(int)" because the return value of "sg.edu.nus.autotune.DB2DATA.getAllIndexes()" is null


===== Query 2112 =====

SQL: SELECT W_STREET_1, W_STREET_2, W_CITY, W_STATE, W_ZIP, W_NAME FROM WAREHOUSE WHERE W_ID = 1

EXPLAIN Plan:

Bitmap Heap Scan on warehouse  (cost=4.14..8.15 rows=1 width=65) (actual time=0.026..0.027 rows=1 loops=1)

  Recheck Cond: (w_id = 1)

  Heap Blocks: exact=1

  ->  Bitmap Index Scan on warehouse_pkey  (cost=0.00..4.14 rows=1 width=0) (actual time=0.007..0.007 rows=1 loops=1)

        Index Cond: (w_id = 1)

Planning Time: 0.049 ms

Execution Time: 0.044 ms
Failed SQL 2112: SELECT W_STREET_1, W_STREET_2, W_CITY, W_STATE, W_ZIP, W_NAME FROM WAREHOUSE WHERE W_ID = 1
Error Message: Cannot invoke "java.util.List.get(int)" because the return value of "sg.edu.nus.autotune.DB2DATA.getAllIndexes()" is null


===== Query 2113 =====

SQL: UPDATE DISTRICT SET D_YTD = D_YTD + 343.75 WHERE D_W_ID = 1 AND D_ID = 2

EXPLAIN Plan:

Update on district  (cost=4.28..11.67 rows=0 width=0) (actual time=0.084..0.084 rows=0 loops=1)

  ->  Bitmap Heap Scan on district  (cost=4.28..11.67 rows=2 width=22) (actual time=0.042..0.043 rows=1 loops=1)

        Recheck Cond: ((d_w_id = 1) AND (d_id = 2))

        Heap Blocks: exact=1

        ->  Bitmap Index Scan on district_pkey  (cost=0.00..4.28 rows=2 width=0) (actual time=0.018..0.018 rows=1 loops=1)

              Index Cond: ((d_w_id = 1) AND (d_id = 2))

Planning Time: 0.091 ms

Execution Time: 0.128 ms
Failed SQL 2113: UPDATE DISTRICT SET D_YTD = D_YTD + 343.75 WHERE D_W_ID = 1 AND D_ID = 2
Error Message: Cannot invoke "java.util.List.get(int)" because the return value of "sg.edu.nus.autotune.DB2DATA.getAllIndexes()" is null


===== Query 2114 =====

SQL: SELECT D_STREET_1, D_STREET_2, D_CITY, D_STATE, D_ZIP, D_NAME FROM DISTRICT WHERE D_W_ID = 1 AND D_ID = 2

EXPLAIN Plan:

Bitmap Heap Scan on district  (cost=4.28..11.66 rows=2 width=64) (actual time=0.026..0.027 rows=1 loops=1)

  Recheck Cond: ((d_w_id = 1) AND (d_id = 2))

  Heap Blocks: exact=1

  ->  Bitmap Index Scan on district_pkey  (cost=0.00..4.28 rows=2 width=0) (actual time=0.014..0.014 rows=1 loops=1)

        Index Cond: ((d_w_id = 1) AND (d_id = 2))

Planning Time: 0.108 ms

Execution Time: 0.063 ms
Failed SQL 2114: SELECT D_STREET_1, D_STREET_2, D_CITY, D_STATE, D_ZIP, D_NAME FROM DISTRICT WHERE D_W_ID = 1 AND D_ID = 2
Error Message: Cannot invoke "java.util.List.get(int)" because the return value of "sg.edu.nus.autotune.DB2DATA.getAllIndexes()" is null


===== Query 2115 =====

SQL: SELECT C_FIRST, C_MIDDLE, C_ID, C_STREET_1, C_STREET_2, C_CITY, C_STATE, C_ZIP, C_PHONE, C_CREDIT, C_CREDIT_LIM, C_DISCOUNT, C_BALANCE, C_YTD_PAYMENT, C_PAYMENT_CNT, C_SINCE FROM CUSTOMER WHERE C_W_ID = 2 AND C_D_ID = 9 AND C_LAST = 'ABLEOUGHTPRI' ORDER BY C_FIRST

EXPLAIN Plan:

Sort  (cost=7179.91..7179.91 rows=2 width=131) (actual time=55.449..55.451 rows=1 loops=1)

  Sort Key: c_first

  Sort Method: quicksort  Memory: 25kB

  ->  Bitmap Heap Scan on customer  (cost=77.61..7179.90 rows=2 width=131) (actual time=15.885..55.418 rows=1 loops=1)

        Recheck Cond: ((c_w_id = 2) AND (c_d_id = 9))

        Filter: ((c_last)::text = 'ABLEOUGHTPRI'::text)

        Rows Removed by Filter: 2999

        Heap Blocks: exact=776

        ->  Bitmap Index Scan on customer_pkey  (cost=0.00..77.61 rows=2919 width=0) (actual time=2.524..2.524 rows=3026 loops=1)

              Index Cond: ((c_w_id = 2) AND (c_d_id = 9))

Planning Time: 0.205 ms

Execution Time: 55.540 ms
Failed SQL 2115: SELECT C_FIRST, C_MIDDLE, C_ID, C_STREET_1, C_STREET_2, C_CITY, C_STATE, C_ZIP, C_PHONE, C_CREDIT, C_CREDIT_LIM, C_DISCOUNT, C_BALANCE, C_YTD_PAYMENT, C_PAYMENT_CNT, C_SINCE FROM CUSTOMER WHERE C_W_ID = 2 AND C_D_ID = 9 AND C_LAST = 'ABLEOUGHTPRI' ORDER BY C_FIRST
Error Message: Cannot invoke "java.util.List.get(int)" because the return value of "sg.edu.nus.autotune.DB2DATA.getAllIndexes()" is null


===== Query 2116 =====

SQL: UPDATE CUSTOMER SET C_BALANCE = -353.75, C_YTD_PAYMENT = 353.75, C_PAYMENT_CNT = 2 WHERE C_W_ID = 2 AND C_D_ID = 9 AND C_ID = 214

EXPLAIN Plan:

Update on customer  (cost=0.42..8.44 rows=0 width=0) (actual time=0.127..0.128 rows=0 loops=1)

  ->  Index Scan using customer_pkey on customer  (cost=0.42..8.44 rows=1 width=34) (actual time=0.035..0.037 rows=1 loops=1)

        Index Cond: ((c_w_id = 2) AND (c_d_id = 9) AND (c_id = 214))

Planning Time: 0.124 ms

Execution Time: 0.156 ms
Failed SQL 2116: UPDATE CUSTOMER SET C_BALANCE = -353.75, C_YTD_PAYMENT = 353.75, C_PAYMENT_CNT = 2 WHERE C_W_ID = 2 AND C_D_ID = 9 AND C_ID = 214
Error Message: Cannot invoke "java.util.List.get(int)" because the return value of "sg.edu.nus.autotune.DB2DATA.getAllIndexes()" is null


===== Query 2117 =====

SQL: SELECT C_DISCOUNT, C_LAST, C_CREDIT, W_TAX FROM CUSTOMER, WAREHOUSE WHERE W_ID = 1 AND C_W_ID = 1 AND C_D_ID = 5 AND C_ID = 2186

EXPLAIN Plan:

Nested Loop  (cost=4.56..16.61 rows=1 width=26) (actual time=0.919..0.920 rows=1 loops=1)

  ->  Index Scan using customer_pkey on customer  (cost=0.42..8.44 rows=1 width=21) (actual time=0.900..0.901 rows=1 loops=1)

        Index Cond: ((c_w_id = 1) AND (c_d_id = 5) AND (c_id = 2186))

  ->  Bitmap Heap Scan on warehouse  (cost=4.14..8.15 rows=1 width=5) (actual time=0.009..0.010 rows=1 loops=1)

        Recheck Cond: (w_id = 1)

        Heap Blocks: exact=1

        ->  Bitmap Index Scan on warehouse_pkey  (cost=0.00..4.14 rows=1 width=0) (actual time=0.004..0.004 rows=1 loops=1)

              Index Cond: (w_id = 1)

Planning Time: 0.296 ms

Execution Time: 0.978 ms
Failed SQL 2117: SELECT C_DISCOUNT, C_LAST, C_CREDIT, W_TAX FROM CUSTOMER, WAREHOUSE WHERE W_ID = 1 AND C_W_ID = 1 AND C_D_ID = 5 AND C_ID = 2186
Error Message: Cannot invoke "java.util.List.get(int)" because the return value of "sg.edu.nus.autotune.DB2DATA.getAllIndexes()" is null


===== Query 2118 =====

SQL: SELECT D_NEXT_O_ID, D_TAX FROM DISTRICT WHERE D_W_ID = 1 AND D_ID = 5

EXPLAIN Plan:

Bitmap Heap Scan on district  (cost=4.28..11.66 rows=2 width=9) (actual time=0.036..0.037 rows=1 loops=1)

  Recheck Cond: ((d_w_id = 1) AND (d_id = 5))

  Heap Blocks: exact=1

  ->  Bitmap Index Scan on district_pkey  (cost=0.00..4.28 rows=2 width=0) (actual time=0.015..0.015 rows=1 loops=1)

        Index Cond: ((d_w_id = 1) AND (d_id = 5))

Planning Time: 0.086 ms

Execution Time: 0.062 ms
Failed SQL 2118: SELECT D_NEXT_O_ID, D_TAX FROM DISTRICT WHERE D_W_ID = 1 AND D_ID = 5
Error Message: Cannot invoke "java.util.List.get(int)" because the return value of "sg.edu.nus.autotune.DB2DATA.getAllIndexes()" is null


===== Query 2119 =====

SQL: UPDATE DISTRICT SET D_NEXT_O_ID = D_NEXT_O_ID + 1 WHERE D_W_ID = 1 AND D_ID = 5

EXPLAIN Plan:

Update on district  (cost=4.28..11.67 rows=0 width=0) (actual time=0.086..0.087 rows=0 loops=1)

  ->  Bitmap Heap Scan on district  (cost=4.28..11.67 rows=2 width=10) (actual time=0.022..0.023 rows=1 loops=1)

        Recheck Cond: ((d_w_id = 1) AND (d_id = 5))

        Heap Blocks: exact=1

        ->  Bitmap Index Scan on district_pkey  (cost=0.00..4.28 rows=2 width=0) (actual time=0.012..0.012 rows=1 loops=1)

              Index Cond: ((d_w_id = 1) AND (d_id = 5))

Planning Time: 0.100 ms

Execution Time: 0.125 ms
Failed SQL 2119: UPDATE DISTRICT SET D_NEXT_O_ID = D_NEXT_O_ID + 1 WHERE D_W_ID = 1 AND D_ID = 5
Error Message: Cannot invoke "java.util.List.get(int)" because the return value of "sg.edu.nus.autotune.DB2DATA.getAllIndexes()" is null


===== Query 2120 =====

SQL: SELECT I_PRICE, I_NAME , I_DATA FROM ITEM WHERE I_ID = 72255

EXPLAIN Plan:

Index Scan using item_pkey on item  (cost=0.29..8.31 rows=1 width=61) (actual time=0.050..0.052 rows=1 loops=1)

  Index Cond: (i_id = 72255)

Planning Time: 0.083 ms

Execution Time: 0.072 ms
Failed SQL 2120: SELECT I_PRICE, I_NAME , I_DATA FROM ITEM WHERE I_ID = 72255
Error Message: Cannot invoke "java.util.List.get(int)" because the return value of "sg.edu.nus.autotune.DB2DATA.getAllIndexes()" is null


===== Query 2121 =====

SQL: SELECT S_QUANTITY, S_DATA, S_DIST_01, S_DIST_02, S_DIST_03, S_DIST_04, S_DIST_05, S_DIST_06, S_DIST_07, S_DIST_08, S_DIST_09, S_DIST_10 FROM STOCK WHERE S_I_ID = 72255 AND S_W_ID = 1

EXPLAIN Plan:

Index Scan using stock_pkey on stock  (cost=0.42..8.44 rows=1 width=291) (actual time=0.808..0.810 rows=1 loops=1)

  Index Cond: ((s_w_id = 1) AND (s_i_id = 72255))

Planning Time: 0.069 ms

Execution Time: 0.825 ms
Failed SQL 2121: SELECT S_QUANTITY, S_DATA, S_DIST_01, S_DIST_02, S_DIST_03, S_DIST_04, S_DIST_05, S_DIST_06, S_DIST_07, S_DIST_08, S_DIST_09, S_DIST_10 FROM STOCK WHERE S_I_ID = 72255 AND S_W_ID = 1
Error Message: Cannot invoke "java.util.List.get(int)" because the return value of "sg.edu.nus.autotune.DB2DATA.getAllIndexes()" is null


===== Query 2122 =====

SQL: UPDATE STOCK SET S_QUANTITY = 31, S_YTD = S_YTD + 4, S_ORDER_CNT = S_ORDER_CNT + 1, S_REMOTE_CNT = S_REMOTE_CNT + 0 WHERE S_I_ID = 72255 AND S_W_ID = 1

EXPLAIN Plan:

Update on stock  (cost=0.42..8.45 rows=0 width=0) (actual time=0.126..0.127 rows=0 loops=1)

  ->  Index Scan using stock_pkey on stock  (cost=0.42..8.45 rows=1 width=32) (actual time=0.027..0.029 rows=1 loops=1)

        Index Cond: ((s_w_id = 1) AND (s_i_id = 72255))

Planning Time: 0.109 ms

Execution Time: 0.155 ms
Failed SQL 2122: UPDATE STOCK SET S_QUANTITY = 31, S_YTD = S_YTD + 4, S_ORDER_CNT = S_ORDER_CNT + 1, S_REMOTE_CNT = S_REMOTE_CNT + 0 WHERE S_I_ID = 72255 AND S_W_ID = 1
Error Message: Cannot invoke "java.util.List.get(int)" because the return value of "sg.edu.nus.autotune.DB2DATA.getAllIndexes()" is null


===== Query 2123 =====

SQL: SELECT I_PRICE, I_NAME , I_DATA FROM ITEM WHERE I_ID = 89767

EXPLAIN Plan:

Index Scan using item_pkey on item  (cost=0.29..8.31 rows=1 width=61) (actual time=0.065..0.066 rows=1 loops=1)

  Index Cond: (i_id = 89767)

Planning Time: 0.062 ms

Execution Time: 0.107 ms
Failed SQL 2123: SELECT I_PRICE, I_NAME , I_DATA FROM ITEM WHERE I_ID = 89767
Error Message: Cannot invoke "java.util.List.get(int)" because the return value of "sg.edu.nus.autotune.DB2DATA.getAllIndexes()" is null


===== Query 2124 =====

SQL: SELECT S_QUANTITY, S_DATA, S_DIST_01, S_DIST_02, S_DIST_03, S_DIST_04, S_DIST_05, S_DIST_06, S_DIST_07, S_DIST_08, S_DIST_09, S_DIST_10 FROM STOCK WHERE S_I_ID = 89767 AND S_W_ID = 1

EXPLAIN Plan:

Index Scan using stock_pkey on stock  (cost=0.42..8.44 rows=1 width=291) (actual time=0.044..0.045 rows=1 loops=1)

  Index Cond: ((s_w_id = 1) AND (s_i_id = 89767))

Planning Time: 0.094 ms

Execution Time: 0.067 ms
Failed SQL 2124: SELECT S_QUANTITY, S_DATA, S_DIST_01, S_DIST_02, S_DIST_03, S_DIST_04, S_DIST_05, S_DIST_06, S_DIST_07, S_DIST_08, S_DIST_09, S_DIST_10 FROM STOCK WHERE S_I_ID = 89767 AND S_W_ID = 1
Error Message: Cannot invoke "java.util.List.get(int)" because the return value of "sg.edu.nus.autotune.DB2DATA.getAllIndexes()" is null


===== Query 2125 =====

SQL: UPDATE STOCK SET S_QUANTITY = 51, S_YTD = S_YTD + 1, S_ORDER_CNT = S_ORDER_CNT + 1, S_REMOTE_CNT = S_REMOTE_CNT + 0 WHERE S_I_ID = 89767 AND S_W_ID = 1

EXPLAIN Plan:

Update on stock  (cost=0.42..8.45 rows=0 width=0) (actual time=0.123..0.124 rows=0 loops=1)

  ->  Index Scan using stock_pkey on stock  (cost=0.42..8.45 rows=1 width=32) (actual time=0.025..0.027 rows=1 loops=1)

        Index Cond: ((s_w_id = 1) AND (s_i_id = 89767))

Planning Time: 0.111 ms

Execution Time: 0.153 ms
Failed SQL 2125: UPDATE STOCK SET S_QUANTITY = 51, S_YTD = S_YTD + 1, S_ORDER_CNT = S_ORDER_CNT + 1, S_REMOTE_CNT = S_REMOTE_CNT + 0 WHERE S_I_ID = 89767 AND S_W_ID = 1
Error Message: Cannot invoke "java.util.List.get(int)" because the return value of "sg.edu.nus.autotune.DB2DATA.getAllIndexes()" is null


===== Query 2126 =====

SQL: SELECT I_PRICE, I_NAME , I_DATA FROM ITEM WHERE I_ID = 59823

EXPLAIN Plan:

Index Scan using item_pkey on item  (cost=0.29..8.31 rows=1 width=61) (actual time=0.058..0.060 rows=1 loops=1)

  Index Cond: (i_id = 59823)

Planning Time: 0.088 ms

Execution Time: 0.080 ms
Failed SQL 2126: SELECT I_PRICE, I_NAME , I_DATA FROM ITEM WHERE I_ID = 59823
Error Message: Cannot invoke "java.util.List.get(int)" because the return value of "sg.edu.nus.autotune.DB2DATA.getAllIndexes()" is null


===== Query 2127 =====

SQL: SELECT S_QUANTITY, S_DATA, S_DIST_01, S_DIST_02, S_DIST_03, S_DIST_04, S_DIST_05, S_DIST_06, S_DIST_07, S_DIST_08, S_DIST_09, S_DIST_10 FROM STOCK WHERE S_I_ID = 59823 AND S_W_ID = 1

EXPLAIN Plan:

Index Scan using stock_pkey on stock  (cost=0.42..8.44 rows=1 width=291) (actual time=1.264..1.266 rows=1 loops=1)

  Index Cond: ((s_w_id = 1) AND (s_i_id = 59823))

Planning Time: 0.113 ms

Execution Time: 1.290 ms
Failed SQL 2127: SELECT S_QUANTITY, S_DATA, S_DIST_01, S_DIST_02, S_DIST_03, S_DIST_04, S_DIST_05, S_DIST_06, S_DIST_07, S_DIST_08, S_DIST_09, S_DIST_10 FROM STOCK WHERE S_I_ID = 59823 AND S_W_ID = 1
Error Message: Cannot invoke "java.util.List.get(int)" because the return value of "sg.edu.nus.autotune.DB2DATA.getAllIndexes()" is null


===== Query 2128 =====

SQL: UPDATE STOCK SET S_QUANTITY = 42, S_YTD = S_YTD + 6, S_ORDER_CNT = S_ORDER_CNT + 1, S_REMOTE_CNT = S_REMOTE_CNT + 0 WHERE S_I_ID = 59823 AND S_W_ID = 1

EXPLAIN Plan:

Update on stock  (cost=0.42..8.45 rows=0 width=0) (actual time=0.066..0.067 rows=0 loops=1)

  ->  Index Scan using stock_pkey on stock  (cost=0.42..8.45 rows=1 width=32) (actual time=0.025..0.027 rows=1 loops=1)

        Index Cond: ((s_w_id = 1) AND (s_i_id = 59823))

Planning Time: 0.176 ms

Execution Time: 0.096 ms
Failed SQL 2128: UPDATE STOCK SET S_QUANTITY = 42, S_YTD = S_YTD + 6, S_ORDER_CNT = S_ORDER_CNT + 1, S_REMOTE_CNT = S_REMOTE_CNT + 0 WHERE S_I_ID = 59823 AND S_W_ID = 1
Error Message: Cannot invoke "java.util.List.get(int)" because the return value of "sg.edu.nus.autotune.DB2DATA.getAllIndexes()" is null


===== Query 2129 =====

SQL: SELECT I_PRICE, I_NAME , I_DATA FROM ITEM WHERE I_ID = 21735

EXPLAIN Plan:

Index Scan using item_pkey on item  (cost=0.29..8.31 rows=1 width=61) (actual time=0.888..0.890 rows=1 loops=1)

  Index Cond: (i_id = 21735)

Planning Time: 0.087 ms

Execution Time: 0.911 ms
Failed SQL 2129: SELECT I_PRICE, I_NAME , I_DATA FROM ITEM WHERE I_ID = 21735
Error Message: Cannot invoke "java.util.List.get(int)" because the return value of "sg.edu.nus.autotune.DB2DATA.getAllIndexes()" is null


===== Query 2130 =====

SQL: SELECT S_QUANTITY, S_DATA, S_DIST_01, S_DIST_02, S_DIST_03, S_DIST_04, S_DIST_05, S_DIST_06, S_DIST_07, S_DIST_08, S_DIST_09, S_DIST_10 FROM STOCK WHERE S_I_ID = 21735 AND S_W_ID = 1

EXPLAIN Plan:

Index Scan using stock_pkey on stock  (cost=0.42..8.44 rows=1 width=291) (actual time=0.083..0.085 rows=1 loops=1)

  Index Cond: ((s_w_id = 1) AND (s_i_id = 21735))

Planning Time: 0.107 ms

Execution Time: 0.107 ms
Failed SQL 2130: SELECT S_QUANTITY, S_DATA, S_DIST_01, S_DIST_02, S_DIST_03, S_DIST_04, S_DIST_05, S_DIST_06, S_DIST_07, S_DIST_08, S_DIST_09, S_DIST_10 FROM STOCK WHERE S_I_ID = 21735 AND S_W_ID = 1
Error Message: Cannot invoke "java.util.List.get(int)" because the return value of "sg.edu.nus.autotune.DB2DATA.getAllIndexes()" is null


===== Query 2131 =====

SQL: UPDATE STOCK SET S_QUANTITY = 18, S_YTD = S_YTD + 7, S_ORDER_CNT = S_ORDER_CNT + 1, S_REMOTE_CNT = S_REMOTE_CNT + 0 WHERE S_I_ID = 21735 AND S_W_ID = 1

EXPLAIN Plan:

Update on stock  (cost=0.42..8.45 rows=0 width=0) (actual time=0.098..0.099 rows=0 loops=1)

  ->  Index Scan using stock_pkey on stock  (cost=0.42..8.45 rows=1 width=32) (actual time=0.025..0.027 rows=1 loops=1)

        Index Cond: ((s_w_id = 1) AND (s_i_id = 21735))

Planning Time: 0.119 ms

Execution Time: 0.127 ms
Failed SQL 2131: UPDATE STOCK SET S_QUANTITY = 18, S_YTD = S_YTD + 7, S_ORDER_CNT = S_ORDER_CNT + 1, S_REMOTE_CNT = S_REMOTE_CNT + 0 WHERE S_I_ID = 21735 AND S_W_ID = 1
Error Message: Cannot invoke "java.util.List.get(int)" because the return value of "sg.edu.nus.autotune.DB2DATA.getAllIndexes()" is null


===== Query 2132 =====

SQL: SELECT I_PRICE, I_NAME , I_DATA FROM ITEM WHERE I_ID = 97995

EXPLAIN Plan:

Index Scan using item_pkey on item  (cost=0.29..8.31 rows=1 width=61) (actual time=0.028..0.029 rows=1 loops=1)

  Index Cond: (i_id = 97995)

Planning Time: 0.050 ms

Execution Time: 0.039 ms
Failed SQL 2132: SELECT I_PRICE, I_NAME , I_DATA FROM ITEM WHERE I_ID = 97995
Error Message: Cannot invoke "java.util.List.get(int)" because the return value of "sg.edu.nus.autotune.DB2DATA.getAllIndexes()" is null


===== Query 2133 =====

SQL: SELECT S_QUANTITY, S_DATA, S_DIST_01, S_DIST_02, S_DIST_03, S_DIST_04, S_DIST_05, S_DIST_06, S_DIST_07, S_DIST_08, S_DIST_09, S_DIST_10 FROM STOCK WHERE S_I_ID = 97995 AND S_W_ID = 1

EXPLAIN Plan:

Index Scan using stock_pkey on stock  (cost=0.42..8.44 rows=1 width=291) (actual time=0.899..0.901 rows=1 loops=1)

  Index Cond: ((s_w_id = 1) AND (s_i_id = 97995))

Planning Time: 0.096 ms

Execution Time: 0.926 ms
Failed SQL 2133: SELECT S_QUANTITY, S_DATA, S_DIST_01, S_DIST_02, S_DIST_03, S_DIST_04, S_DIST_05, S_DIST_06, S_DIST_07, S_DIST_08, S_DIST_09, S_DIST_10 FROM STOCK WHERE S_I_ID = 97995 AND S_W_ID = 1
Error Message: Cannot invoke "java.util.List.get(int)" because the return value of "sg.edu.nus.autotune.DB2DATA.getAllIndexes()" is null


===== Query 2134 =====

SQL: UPDATE STOCK SET S_QUANTITY = 88, S_YTD = S_YTD + 1, S_ORDER_CNT = S_ORDER_CNT + 1, S_REMOTE_CNT = S_REMOTE_CNT + 0 WHERE S_I_ID = 97995 AND S_W_ID = 1

EXPLAIN Plan:

Update on stock  (cost=0.42..8.45 rows=0 width=0) (actual time=0.131..0.132 rows=0 loops=1)

  ->  Index Scan using stock_pkey on stock  (cost=0.42..8.45 rows=1 width=32) (actual time=0.031..0.032 rows=1 loops=1)

        Index Cond: ((s_w_id = 1) AND (s_i_id = 97995))

Planning Time: 0.108 ms

Execution Time: 0.182 ms
Failed SQL 2134: UPDATE STOCK SET S_QUANTITY = 88, S_YTD = S_YTD + 1, S_ORDER_CNT = S_ORDER_CNT + 1, S_REMOTE_CNT = S_REMOTE_CNT + 0 WHERE S_I_ID = 97995 AND S_W_ID = 1
Error Message: Cannot invoke "java.util.List.get(int)" because the return value of "sg.edu.nus.autotune.DB2DATA.getAllIndexes()" is null


===== Query 2135 =====

SQL: SELECT I_PRICE, I_NAME , I_DATA FROM ITEM WHERE I_ID = 77447

EXPLAIN Plan:

Index Scan using item_pkey on item  (cost=0.29..8.31 rows=1 width=61) (actual time=0.025..0.026 rows=1 loops=1)

  Index Cond: (i_id = 77447)

Planning Time: 0.046 ms

Execution Time: 0.036 ms
Failed SQL 2135: SELECT I_PRICE, I_NAME , I_DATA FROM ITEM WHERE I_ID = 77447
Error Message: Cannot invoke "java.util.List.get(int)" because the return value of "sg.edu.nus.autotune.DB2DATA.getAllIndexes()" is null


===== Query 2136 =====

SQL: SELECT S_QUANTITY, S_DATA, S_DIST_01, S_DIST_02, S_DIST_03, S_DIST_04, S_DIST_05, S_DIST_06, S_DIST_07, S_DIST_08, S_DIST_09, S_DIST_10 FROM STOCK WHERE S_I_ID = 77447 AND S_W_ID = 1

EXPLAIN Plan:

Index Scan using stock_pkey on stock  (cost=0.42..8.44 rows=1 width=291) (actual time=0.079..0.081 rows=1 loops=1)

  Index Cond: ((s_w_id = 1) AND (s_i_id = 77447))

Planning Time: 0.119 ms

Execution Time: 0.109 ms
Failed SQL 2136: SELECT S_QUANTITY, S_DATA, S_DIST_01, S_DIST_02, S_DIST_03, S_DIST_04, S_DIST_05, S_DIST_06, S_DIST_07, S_DIST_08, S_DIST_09, S_DIST_10 FROM STOCK WHERE S_I_ID = 77447 AND S_W_ID = 1
Error Message: Cannot invoke "java.util.List.get(int)" because the return value of "sg.edu.nus.autotune.DB2DATA.getAllIndexes()" is null


===== Query 2137 =====

SQL: UPDATE STOCK SET S_QUANTITY = 100, S_YTD = S_YTD + 3, S_ORDER_CNT = S_ORDER_CNT + 1, S_REMOTE_CNT = S_REMOTE_CNT + 0 WHERE S_I_ID = 77447 AND S_W_ID = 1

EXPLAIN Plan:

Update on stock  (cost=0.42..8.45 rows=0 width=0) (actual time=0.087..0.087 rows=0 loops=1)

  ->  Index Scan using stock_pkey on stock  (cost=0.42..8.45 rows=1 width=32) (actual time=0.035..0.037 rows=1 loops=1)

        Index Cond: ((s_w_id = 1) AND (s_i_id = 77447))

Planning Time: 0.119 ms

Execution Time: 0.119 ms
Failed SQL 2137: UPDATE STOCK SET S_QUANTITY = 100, S_YTD = S_YTD + 3, S_ORDER_CNT = S_ORDER_CNT + 1, S_REMOTE_CNT = S_REMOTE_CNT + 0 WHERE S_I_ID = 77447 AND S_W_ID = 1
Error Message: Cannot invoke "java.util.List.get(int)" because the return value of "sg.edu.nus.autotune.DB2DATA.getAllIndexes()" is null


===== Query 2138 =====

SQL: SELECT I_PRICE, I_NAME , I_DATA FROM ITEM WHERE I_ID = 88627

EXPLAIN Plan:

Index Scan using item_pkey on item  (cost=0.29..8.31 rows=1 width=61) (actual time=0.439..0.441 rows=1 loops=1)

  Index Cond: (i_id = 88627)

Planning Time: 0.076 ms

Execution Time: 0.460 ms
Failed SQL 2138: SELECT I_PRICE, I_NAME , I_DATA FROM ITEM WHERE I_ID = 88627
Error Message: Cannot invoke "java.util.List.get(int)" because the return value of "sg.edu.nus.autotune.DB2DATA.getAllIndexes()" is null


===== Query 2139 =====

SQL: SELECT S_QUANTITY, S_DATA, S_DIST_01, S_DIST_02, S_DIST_03, S_DIST_04, S_DIST_05, S_DIST_06, S_DIST_07, S_DIST_08, S_DIST_09, S_DIST_10 FROM STOCK WHERE S_I_ID = 88627 AND S_W_ID = 1

EXPLAIN Plan:

Index Scan using stock_pkey on stock  (cost=0.42..8.44 rows=1 width=291) (actual time=0.856..0.859 rows=1 loops=1)

  Index Cond: ((s_w_id = 1) AND (s_i_id = 88627))

Planning Time: 0.091 ms

Execution Time: 0.882 ms
Failed SQL 2139: SELECT S_QUANTITY, S_DATA, S_DIST_01, S_DIST_02, S_DIST_03, S_DIST_04, S_DIST_05, S_DIST_06, S_DIST_07, S_DIST_08, S_DIST_09, S_DIST_10 FROM STOCK WHERE S_I_ID = 88627 AND S_W_ID = 1
Error Message: Cannot invoke "java.util.List.get(int)" because the return value of "sg.edu.nus.autotune.DB2DATA.getAllIndexes()" is null


===== Query 2140 =====

SQL: UPDATE STOCK SET S_QUANTITY = 69, S_YTD = S_YTD + 8, S_ORDER_CNT = S_ORDER_CNT + 1, S_REMOTE_CNT = S_REMOTE_CNT + 0 WHERE S_I_ID = 88627 AND S_W_ID = 1

EXPLAIN Plan:

Update on stock  (cost=0.42..8.45 rows=0 width=0) (actual time=0.096..0.097 rows=0 loops=1)

  ->  Index Scan using stock_pkey on stock  (cost=0.42..8.45 rows=1 width=32) (actual time=0.025..0.026 rows=1 loops=1)

        Index Cond: ((s_w_id = 1) AND (s_i_id = 88627))

Planning Time: 0.101 ms

Execution Time: 0.125 ms
Failed SQL 2140: UPDATE STOCK SET S_QUANTITY = 69, S_YTD = S_YTD + 8, S_ORDER_CNT = S_ORDER_CNT + 1, S_REMOTE_CNT = S_REMOTE_CNT + 0 WHERE S_I_ID = 88627 AND S_W_ID = 1
Error Message: Cannot invoke "java.util.List.get(int)" because the return value of "sg.edu.nus.autotune.DB2DATA.getAllIndexes()" is null


===== Query 2141 =====

SQL: SELECT C_DISCOUNT, C_LAST, C_CREDIT, W_TAX FROM CUSTOMER, WAREHOUSE WHERE W_ID = 1 AND C_W_ID = 1 AND C_D_ID = 5 AND C_ID = 1155

EXPLAIN Plan:

Nested Loop  (cost=4.56..16.61 rows=1 width=26) (actual time=0.061..0.063 rows=1 loops=1)

  ->  Index Scan using customer_pkey on customer  (cost=0.42..8.44 rows=1 width=21) (actual time=0.049..0.049 rows=1 loops=1)

        Index Cond: ((c_w_id = 1) AND (c_d_id = 5) AND (c_id = 1155))

  ->  Bitmap Heap Scan on warehouse  (cost=4.14..8.15 rows=1 width=5) (actual time=0.007..0.007 rows=1 loops=1)

        Recheck Cond: (w_id = 1)

        Heap Blocks: exact=1

        ->  Bitmap Index Scan on warehouse_pkey  (cost=0.00..4.14 rows=1 width=0) (actual time=0.003..0.003 rows=1 loops=1)

              Index Cond: (w_id = 1)

Planning Time: 0.302 ms

Execution Time: 0.114 ms
Failed SQL 2141: SELECT C_DISCOUNT, C_LAST, C_CREDIT, W_TAX FROM CUSTOMER, WAREHOUSE WHERE W_ID = 1 AND C_W_ID = 1 AND C_D_ID = 5 AND C_ID = 1155
Error Message: Cannot invoke "java.util.List.get(int)" because the return value of "sg.edu.nus.autotune.DB2DATA.getAllIndexes()" is null


===== Query 2142 =====

SQL: SELECT D_NEXT_O_ID, D_TAX FROM DISTRICT WHERE D_W_ID = 1 AND D_ID = 5

EXPLAIN Plan:

Bitmap Heap Scan on district  (cost=4.28..11.66 rows=2 width=9) (actual time=0.032..0.034 rows=1 loops=1)

  Recheck Cond: ((d_w_id = 1) AND (d_id = 5))

  Heap Blocks: exact=1

  ->  Bitmap Index Scan on district_pkey  (cost=0.00..4.28 rows=2 width=0) (actual time=0.021..0.021 rows=1 loops=1)

        Index Cond: ((d_w_id = 1) AND (d_id = 5))

Planning Time: 0.093 ms

Execution Time: 0.062 ms
Failed SQL 2142: SELECT D_NEXT_O_ID, D_TAX FROM DISTRICT WHERE D_W_ID = 1 AND D_ID = 5
Error Message: Cannot invoke "java.util.List.get(int)" because the return value of "sg.edu.nus.autotune.DB2DATA.getAllIndexes()" is null


===== Query 2143 =====

SQL: UPDATE DISTRICT SET D_NEXT_O_ID = D_NEXT_O_ID + 1 WHERE D_W_ID = 1 AND D_ID = 5

EXPLAIN Plan:

Update on district  (cost=4.28..11.67 rows=0 width=0) (actual time=0.093..0.094 rows=0 loops=1)

  ->  Bitmap Heap Scan on district  (cost=4.28..11.67 rows=2 width=10) (actual time=0.019..0.021 rows=1 loops=1)

        Recheck Cond: ((d_w_id = 1) AND (d_id = 5))

        Heap Blocks: exact=1

        ->  Bitmap Index Scan on district_pkey  (cost=0.00..4.28 rows=2 width=0) (actual time=0.010..0.011 rows=1 loops=1)

              Index Cond: ((d_w_id = 1) AND (d_id = 5))

Planning Time: 0.093 ms

Execution Time: 0.128 ms
Failed SQL 2143: UPDATE DISTRICT SET D_NEXT_O_ID = D_NEXT_O_ID + 1 WHERE D_W_ID = 1 AND D_ID = 5
Error Message: Cannot invoke "java.util.List.get(int)" because the return value of "sg.edu.nus.autotune.DB2DATA.getAllIndexes()" is null


===== Query 2144 =====

SQL: SELECT C_DISCOUNT, C_LAST, C_CREDIT, W_TAX FROM CUSTOMER, WAREHOUSE WHERE W_ID = 2 AND C_W_ID = 2 AND C_D_ID = 8 AND C_ID = 1275

EXPLAIN Plan:

Nested Loop  (cost=4.56..16.61 rows=1 width=26) (actual time=0.098..0.100 rows=1 loops=1)

  ->  Index Scan using customer_pkey on customer  (cost=0.42..8.44 rows=1 width=21) (actual time=0.072..0.073 rows=1 loops=1)

        Index Cond: ((c_w_id = 2) AND (c_d_id = 8) AND (c_id = 1275))

  ->  Bitmap Heap Scan on warehouse  (cost=4.14..8.15 rows=1 width=5) (actual time=0.016..0.016 rows=1 loops=1)

        Recheck Cond: (w_id = 2)

        Heap Blocks: exact=1

        ->  Bitmap Index Scan on warehouse_pkey  (cost=0.00..4.14 rows=1 width=0) (actual time=0.004..0.004 rows=1 loops=1)

              Index Cond: (w_id = 2)

Planning Time: 0.217 ms

Execution Time: 0.170 ms
Failed SQL 2144: SELECT C_DISCOUNT, C_LAST, C_CREDIT, W_TAX FROM CUSTOMER, WAREHOUSE WHERE W_ID = 2 AND C_W_ID = 2 AND C_D_ID = 8 AND C_ID = 1275
Error Message: Cannot invoke "java.util.List.get(int)" because the return value of "sg.edu.nus.autotune.DB2DATA.getAllIndexes()" is null


===== Query 2145 =====

SQL: SELECT I_PRICE, I_NAME , I_DATA FROM ITEM WHERE I_ID = 44003

EXPLAIN Plan:

Index Scan using item_pkey on item  (cost=0.29..8.31 rows=1 width=61) (actual time=0.793..0.796 rows=1 loops=1)

  Index Cond: (i_id = 44003)

Planning Time: 0.074 ms

Execution Time: 0.815 ms
Failed SQL 2145: SELECT I_PRICE, I_NAME , I_DATA FROM ITEM WHERE I_ID = 44003
Error Message: Cannot invoke "java.util.List.get(int)" because the return value of "sg.edu.nus.autotune.DB2DATA.getAllIndexes()" is null


===== Query 2146 =====

SQL: SELECT D_NEXT_O_ID, D_TAX FROM DISTRICT WHERE D_W_ID = 2 AND D_ID = 8

EXPLAIN Plan:

Bitmap Heap Scan on district  (cost=4.28..11.66 rows=2 width=9) (actual time=0.020..0.021 rows=1 loops=1)

  Recheck Cond: ((d_w_id = 2) AND (d_id = 8))

  Heap Blocks: exact=1

  ->  Bitmap Index Scan on district_pkey  (cost=0.00..4.28 rows=2 width=0) (actual time=0.012..0.012 rows=1 loops=1)

        Index Cond: ((d_w_id = 2) AND (d_id = 8))

Planning Time: 0.094 ms

Execution Time: 0.048 ms
Failed SQL 2146: SELECT D_NEXT_O_ID, D_TAX FROM DISTRICT WHERE D_W_ID = 2 AND D_ID = 8
Error Message: Cannot invoke "java.util.List.get(int)" because the return value of "sg.edu.nus.autotune.DB2DATA.getAllIndexes()" is null


===== Query 2147 =====

SQL: UPDATE DISTRICT SET D_NEXT_O_ID = D_NEXT_O_ID + 1 WHERE D_W_ID = 2 AND D_ID = 8

EXPLAIN Plan:

Update on district  (cost=4.28..11.67 rows=0 width=0) (actual time=0.078..0.079 rows=0 loops=1)

  ->  Bitmap Heap Scan on district  (cost=4.28..11.67 rows=2 width=10) (actual time=0.025..0.026 rows=1 loops=1)

        Recheck Cond: ((d_w_id = 2) AND (d_id = 8))

        Heap Blocks: exact=1

        ->  Bitmap Index Scan on district_pkey  (cost=0.00..4.28 rows=2 width=0) (actual time=0.014..0.015 rows=1 loops=1)

              Index Cond: ((d_w_id = 2) AND (d_id = 8))

Planning Time: 0.162 ms

Execution Time: 0.120 ms
Failed SQL 2147: UPDATE DISTRICT SET D_NEXT_O_ID = D_NEXT_O_ID + 1 WHERE D_W_ID = 2 AND D_ID = 8
Error Message: Cannot invoke "java.util.List.get(int)" because the return value of "sg.edu.nus.autotune.DB2DATA.getAllIndexes()" is null


===== Query 2148 =====

SQL: SELECT I_PRICE, I_NAME , I_DATA FROM ITEM WHERE I_ID = 36571

EXPLAIN Plan:

Index Scan using item_pkey on item  (cost=0.29..8.31 rows=1 width=61) (actual time=0.064..0.066 rows=1 loops=1)

  Index Cond: (i_id = 36571)

Planning Time: 0.080 ms

Execution Time: 0.084 ms
Failed SQL 2148: SELECT I_PRICE, I_NAME , I_DATA FROM ITEM WHERE I_ID = 36571
Error Message: Cannot invoke "java.util.List.get(int)" because the return value of "sg.edu.nus.autotune.DB2DATA.getAllIndexes()" is null


===== Query 2149 =====

SQL: SELECT S_QUANTITY, S_DATA, S_DIST_01, S_DIST_02, S_DIST_03, S_DIST_04, S_DIST_05, S_DIST_06, S_DIST_07, S_DIST_08, S_DIST_09, S_DIST_10 FROM STOCK WHERE S_I_ID = 36571 AND S_W_ID = 2

EXPLAIN Plan:

Index Scan using stock_pkey on stock  (cost=0.42..8.44 rows=1 width=291) (actual time=0.927..0.931 rows=1 loops=1)

  Index Cond: ((s_w_id = 2) AND (s_i_id = 36571))

Planning Time: 0.113 ms

Execution Time: 0.957 ms
Failed SQL 2149: SELECT S_QUANTITY, S_DATA, S_DIST_01, S_DIST_02, S_DIST_03, S_DIST_04, S_DIST_05, S_DIST_06, S_DIST_07, S_DIST_08, S_DIST_09, S_DIST_10 FROM STOCK WHERE S_I_ID = 36571 AND S_W_ID = 2
Error Message: Cannot invoke "java.util.List.get(int)" because the return value of "sg.edu.nus.autotune.DB2DATA.getAllIndexes()" is null


===== Query 2150 =====

SQL: UPDATE STOCK SET S_QUANTITY = 85, S_YTD = S_YTD + 2, S_ORDER_CNT = S_ORDER_CNT + 1, S_REMOTE_CNT = S_REMOTE_CNT + 0 WHERE S_I_ID = 36571 AND S_W_ID = 2

EXPLAIN Plan:

Update on stock  (cost=0.42..8.45 rows=0 width=0) (actual time=0.124..0.124 rows=0 loops=1)

  ->  Index Scan using stock_pkey on stock  (cost=0.42..8.45 rows=1 width=32) (actual time=0.031..0.033 rows=1 loops=1)

        Index Cond: ((s_w_id = 2) AND (s_i_id = 36571))

Planning Time: 0.113 ms

Execution Time: 0.170 ms
Failed SQL 2150: UPDATE STOCK SET S_QUANTITY = 85, S_YTD = S_YTD + 2, S_ORDER_CNT = S_ORDER_CNT + 1, S_REMOTE_CNT = S_REMOTE_CNT + 0 WHERE S_I_ID = 36571 AND S_W_ID = 2
Error Message: Cannot invoke "java.util.List.get(int)" because the return value of "sg.edu.nus.autotune.DB2DATA.getAllIndexes()" is null


===== Query 2151 =====

SQL: SELECT I_PRICE, I_NAME , I_DATA FROM ITEM WHERE I_ID = 83415

EXPLAIN Plan:

Index Scan using item_pkey on item  (cost=0.29..8.31 rows=1 width=61) (actual time=0.919..0.922 rows=1 loops=1)

  Index Cond: (i_id = 83415)

Planning Time: 0.077 ms

Execution Time: 0.942 ms
Failed SQL 2151: SELECT I_PRICE, I_NAME , I_DATA FROM ITEM WHERE I_ID = 83415
Error Message: Cannot invoke "java.util.List.get(int)" because the return value of "sg.edu.nus.autotune.DB2DATA.getAllIndexes()" is null


===== Query 2152 =====

SQL: SELECT S_QUANTITY, S_DATA, S_DIST_01, S_DIST_02, S_DIST_03, S_DIST_04, S_DIST_05, S_DIST_06, S_DIST_07, S_DIST_08, S_DIST_09, S_DIST_10 FROM STOCK WHERE S_I_ID = 44003 AND S_W_ID = 1

EXPLAIN Plan:

Index Scan using stock_pkey on stock  (cost=0.42..8.44 rows=1 width=291) (actual time=0.816..0.819 rows=1 loops=1)

  Index Cond: ((s_w_id = 1) AND (s_i_id = 44003))

Planning Time: 0.092 ms

Execution Time: 0.842 ms
Failed SQL 2152: SELECT S_QUANTITY, S_DATA, S_DIST_01, S_DIST_02, S_DIST_03, S_DIST_04, S_DIST_05, S_DIST_06, S_DIST_07, S_DIST_08, S_DIST_09, S_DIST_10 FROM STOCK WHERE S_I_ID = 44003 AND S_W_ID = 1
Error Message: Cannot invoke "java.util.List.get(int)" because the return value of "sg.edu.nus.autotune.DB2DATA.getAllIndexes()" is null


===== Query 2153 =====

SQL: SELECT S_QUANTITY, S_DATA, S_DIST_01, S_DIST_02, S_DIST_03, S_DIST_04, S_DIST_05, S_DIST_06, S_DIST_07, S_DIST_08, S_DIST_09, S_DIST_10 FROM STOCK WHERE S_I_ID = 83415 AND S_W_ID = 2

EXPLAIN Plan:

Index Scan using stock_pkey on stock  (cost=0.42..8.44 rows=1 width=291) (actual time=0.371..0.373 rows=1 loops=1)

  Index Cond: ((s_w_id = 2) AND (s_i_id = 83415))

Planning Time: 0.104 ms

Execution Time: 0.399 ms
Failed SQL 2153: SELECT S_QUANTITY, S_DATA, S_DIST_01, S_DIST_02, S_DIST_03, S_DIST_04, S_DIST_05, S_DIST_06, S_DIST_07, S_DIST_08, S_DIST_09, S_DIST_10 FROM STOCK WHERE S_I_ID = 83415 AND S_W_ID = 2
Error Message: Cannot invoke "java.util.List.get(int)" because the return value of "sg.edu.nus.autotune.DB2DATA.getAllIndexes()" is null


===== Query 2154 =====

SQL: UPDATE STOCK SET S_QUANTITY = 96, S_YTD = S_YTD + 4, S_ORDER_CNT = S_ORDER_CNT + 1, S_REMOTE_CNT = S_REMOTE_CNT + 0 WHERE S_I_ID = 83415 AND S_W_ID = 2

EXPLAIN Plan:

Update on stock  (cost=0.42..8.45 rows=0 width=0) (actual time=0.126..0.126 rows=0 loops=1)

  ->  Index Scan using stock_pkey on stock  (cost=0.42..8.45 rows=1 width=32) (actual time=0.032..0.034 rows=1 loops=1)

        Index Cond: ((s_w_id = 2) AND (s_i_id = 83415))

Planning Time: 0.125 ms

Execution Time: 0.157 ms
Failed SQL 2154: UPDATE STOCK SET S_QUANTITY = 96, S_YTD = S_YTD + 4, S_ORDER_CNT = S_ORDER_CNT + 1, S_REMOTE_CNT = S_REMOTE_CNT + 0 WHERE S_I_ID = 83415 AND S_W_ID = 2
Error Message: Cannot invoke "java.util.List.get(int)" because the return value of "sg.edu.nus.autotune.DB2DATA.getAllIndexes()" is null


===== Query 2155 =====

SQL: SELECT I_PRICE, I_NAME , I_DATA FROM ITEM WHERE I_ID = 85463

EXPLAIN Plan:

Index Scan using item_pkey on item  (cost=0.29..8.31 rows=1 width=61) (actual time=2.675..2.679 rows=1 loops=1)

  Index Cond: (i_id = 85463)

Planning Time: 0.074 ms

Execution Time: 2.700 ms
Failed SQL 2155: SELECT I_PRICE, I_NAME , I_DATA FROM ITEM WHERE I_ID = 85463
Error Message: Cannot invoke "java.util.List.get(int)" because the return value of "sg.edu.nus.autotune.DB2DATA.getAllIndexes()" is null


===== Query 2156 =====

SQL: SELECT S_QUANTITY, S_DATA, S_DIST_01, S_DIST_02, S_DIST_03, S_DIST_04, S_DIST_05, S_DIST_06, S_DIST_07, S_DIST_08, S_DIST_09, S_DIST_10 FROM STOCK WHERE S_I_ID = 85463 AND S_W_ID = 2

EXPLAIN Plan:

Index Scan using stock_pkey on stock  (cost=0.42..8.44 rows=1 width=291) (actual time=0.932..0.935 rows=1 loops=1)

  Index Cond: ((s_w_id = 2) AND (s_i_id = 85463))

Planning Time: 0.114 ms

Execution Time: 0.964 ms
Failed SQL 2156: SELECT S_QUANTITY, S_DATA, S_DIST_01, S_DIST_02, S_DIST_03, S_DIST_04, S_DIST_05, S_DIST_06, S_DIST_07, S_DIST_08, S_DIST_09, S_DIST_10 FROM STOCK WHERE S_I_ID = 85463 AND S_W_ID = 2
Error Message: Cannot invoke "java.util.List.get(int)" because the return value of "sg.edu.nus.autotune.DB2DATA.getAllIndexes()" is null


===== Query 2157 =====

SQL: UPDATE STOCK SET S_QUANTITY = 52, S_YTD = S_YTD + 2, S_ORDER_CNT = S_ORDER_CNT + 1, S_REMOTE_CNT = S_REMOTE_CNT + 0 WHERE S_I_ID = 44003 AND S_W_ID = 1

EXPLAIN Plan:

Update on stock  (cost=0.42..8.45 rows=0 width=0) (actual time=0.116..0.116 rows=0 loops=1)

  ->  Index Scan using stock_pkey on stock  (cost=0.42..8.45 rows=1 width=32) (actual time=0.032..0.034 rows=1 loops=1)

        Index Cond: ((s_w_id = 1) AND (s_i_id = 44003))

Planning Time: 0.167 ms

Execution Time: 0.152 ms
Failed SQL 2157: UPDATE STOCK SET S_QUANTITY = 52, S_YTD = S_YTD + 2, S_ORDER_CNT = S_ORDER_CNT + 1, S_REMOTE_CNT = S_REMOTE_CNT + 0 WHERE S_I_ID = 44003 AND S_W_ID = 1
Error Message: Cannot invoke "java.util.List.get(int)" because the return value of "sg.edu.nus.autotune.DB2DATA.getAllIndexes()" is null


===== Query 2158 =====

SQL: SELECT I_PRICE, I_NAME , I_DATA FROM ITEM WHERE I_ID = 30439

EXPLAIN Plan:

Index Scan using item_pkey on item  (cost=0.29..8.31 rows=1 width=61) (actual time=0.048..0.049 rows=1 loops=1)

  Index Cond: (i_id = 30439)

Planning Time: 0.080 ms

Execution Time: 0.069 ms
Failed SQL 2158: SELECT I_PRICE, I_NAME , I_DATA FROM ITEM WHERE I_ID = 30439
Error Message: Cannot invoke "java.util.List.get(int)" because the return value of "sg.edu.nus.autotune.DB2DATA.getAllIndexes()" is null


===== Query 2159 =====

SQL: SELECT S_QUANTITY, S_DATA, S_DIST_01, S_DIST_02, S_DIST_03, S_DIST_04, S_DIST_05, S_DIST_06, S_DIST_07, S_DIST_08, S_DIST_09, S_DIST_10 FROM STOCK WHERE S_I_ID = 30439 AND S_W_ID = 1

EXPLAIN Plan:

Index Scan using stock_pkey on stock  (cost=0.42..8.44 rows=1 width=291) (actual time=0.865..0.868 rows=1 loops=1)

  Index Cond: ((s_w_id = 1) AND (s_i_id = 30439))

Planning Time: 0.101 ms

Execution Time: 0.895 ms
Failed SQL 2159: SELECT S_QUANTITY, S_DATA, S_DIST_01, S_DIST_02, S_DIST_03, S_DIST_04, S_DIST_05, S_DIST_06, S_DIST_07, S_DIST_08, S_DIST_09, S_DIST_10 FROM STOCK WHERE S_I_ID = 30439 AND S_W_ID = 1
Error Message: Cannot invoke "java.util.List.get(int)" because the return value of "sg.edu.nus.autotune.DB2DATA.getAllIndexes()" is null


===== Query 2160 =====

SQL: UPDATE STOCK SET S_QUANTITY = 31, S_YTD = S_YTD + 2, S_ORDER_CNT = S_ORDER_CNT + 1, S_REMOTE_CNT = S_REMOTE_CNT + 0 WHERE S_I_ID = 30439 AND S_W_ID = 1

EXPLAIN Plan:

Update on stock  (cost=0.42..8.45 rows=0 width=0) (actual time=0.094..0.094 rows=0 loops=1)

  ->  Index Scan using stock_pkey on stock  (cost=0.42..8.45 rows=1 width=32) (actual time=0.024..0.026 rows=1 loops=1)

        Index Cond: ((s_w_id = 1) AND (s_i_id = 30439))

Planning Time: 0.110 ms

Execution Time: 0.123 ms
Failed SQL 2160: UPDATE STOCK SET S_QUANTITY = 31, S_YTD = S_YTD + 2, S_ORDER_CNT = S_ORDER_CNT + 1, S_REMOTE_CNT = S_REMOTE_CNT + 0 WHERE S_I_ID = 30439 AND S_W_ID = 1
Error Message: Cannot invoke "java.util.List.get(int)" because the return value of "sg.edu.nus.autotune.DB2DATA.getAllIndexes()" is null


===== Query 2161 =====

SQL: SELECT I_PRICE, I_NAME , I_DATA FROM ITEM WHERE I_ID = 51921

EXPLAIN Plan:

Index Scan using item_pkey on item  (cost=0.29..8.31 rows=1 width=61) (actual time=1.949..1.952 rows=1 loops=1)

  Index Cond: (i_id = 51921)

Planning Time: 0.075 ms

Execution Time: 1.972 ms
Failed SQL 2161: SELECT I_PRICE, I_NAME , I_DATA FROM ITEM WHERE I_ID = 51921
Error Message: Cannot invoke "java.util.List.get(int)" because the return value of "sg.edu.nus.autotune.DB2DATA.getAllIndexes()" is null


===== Query 2162 =====

SQL: UPDATE STOCK SET S_QUANTITY = 15, S_YTD = S_YTD + 7, S_ORDER_CNT = S_ORDER_CNT + 1, S_REMOTE_CNT = S_REMOTE_CNT + 0 WHERE S_I_ID = 85463 AND S_W_ID = 2

EXPLAIN Plan:

Update on stock  (cost=0.42..8.45 rows=0 width=0) (actual time=0.110..0.111 rows=0 loops=1)

  ->  Index Scan using stock_pkey on stock  (cost=0.42..8.45 rows=1 width=32) (actual time=0.030..0.032 rows=1 loops=1)

        Index Cond: ((s_w_id = 2) AND (s_i_id = 85463))

Planning Time: 0.108 ms

Execution Time: 0.138 ms
Failed SQL 2162: UPDATE STOCK SET S_QUANTITY = 15, S_YTD = S_YTD + 7, S_ORDER_CNT = S_ORDER_CNT + 1, S_REMOTE_CNT = S_REMOTE_CNT + 0 WHERE S_I_ID = 85463 AND S_W_ID = 2
Error Message: Cannot invoke "java.util.List.get(int)" because the return value of "sg.edu.nus.autotune.DB2DATA.getAllIndexes()" is null


===== Query 2163 =====

SQL: SELECT I_PRICE, I_NAME , I_DATA FROM ITEM WHERE I_ID = 20119

EXPLAIN Plan:

Index Scan using item_pkey on item  (cost=0.29..8.31 rows=1 width=61) (actual time=0.885..0.888 rows=1 loops=1)

  Index Cond: (i_id = 20119)

Planning Time: 0.075 ms

Execution Time: 0.907 ms
Failed SQL 2163: SELECT I_PRICE, I_NAME , I_DATA FROM ITEM WHERE I_ID = 20119
Error Message: Cannot invoke "java.util.List.get(int)" because the return value of "sg.edu.nus.autotune.DB2DATA.getAllIndexes()" is null


===== Query 2164 =====

SQL: SELECT S_QUANTITY, S_DATA, S_DIST_01, S_DIST_02, S_DIST_03, S_DIST_04, S_DIST_05, S_DIST_06, S_DIST_07, S_DIST_08, S_DIST_09, S_DIST_10 FROM STOCK WHERE S_I_ID = 51921 AND S_W_ID = 1

EXPLAIN Plan:

Index Scan using stock_pkey on stock  (cost=0.42..8.44 rows=1 width=291) (actual time=1.129..1.131 rows=1 loops=1)

  Index Cond: ((s_w_id = 1) AND (s_i_id = 51921))

Planning Time: 0.102 ms

Execution Time: 1.158 ms
Failed SQL 2164: SELECT S_QUANTITY, S_DATA, S_DIST_01, S_DIST_02, S_DIST_03, S_DIST_04, S_DIST_05, S_DIST_06, S_DIST_07, S_DIST_08, S_DIST_09, S_DIST_10 FROM STOCK WHERE S_I_ID = 51921 AND S_W_ID = 1
Error Message: Cannot invoke "java.util.List.get(int)" because the return value of "sg.edu.nus.autotune.DB2DATA.getAllIndexes()" is null


===== Query 2165 =====

SQL: UPDATE STOCK SET S_QUANTITY = 60, S_YTD = S_YTD + 1, S_ORDER_CNT = S_ORDER_CNT + 1, S_REMOTE_CNT = S_REMOTE_CNT + 0 WHERE S_I_ID = 51921 AND S_W_ID = 1

EXPLAIN Plan:

Update on stock  (cost=0.42..8.45 rows=0 width=0) (actual time=0.058..0.058 rows=0 loops=1)

  ->  Index Scan using stock_pkey on stock  (cost=0.42..8.45 rows=1 width=32) (actual time=0.015..0.016 rows=1 loops=1)

        Index Cond: ((s_w_id = 1) AND (s_i_id = 51921))

Planning Time: 0.058 ms

Execution Time: 0.071 ms
Failed SQL 2165: UPDATE STOCK SET S_QUANTITY = 60, S_YTD = S_YTD + 1, S_ORDER_CNT = S_ORDER_CNT + 1, S_REMOTE_CNT = S_REMOTE_CNT + 0 WHERE S_I_ID = 51921 AND S_W_ID = 1
Error Message: Cannot invoke "java.util.List.get(int)" because the return value of "sg.edu.nus.autotune.DB2DATA.getAllIndexes()" is null


===== Query 2166 =====

SQL: SELECT I_PRICE, I_NAME , I_DATA FROM ITEM WHERE I_ID = 6151

EXPLAIN Plan:

Index Scan using item_pkey on item  (cost=0.29..8.31 rows=1 width=61) (actual time=0.054..0.056 rows=1 loops=1)

  Index Cond: (i_id = 6151)

Planning Time: 0.087 ms

Execution Time: 0.076 ms
Failed SQL 2166: SELECT I_PRICE, I_NAME , I_DATA FROM ITEM WHERE I_ID = 6151
Error Message: Cannot invoke "java.util.List.get(int)" because the return value of "sg.edu.nus.autotune.DB2DATA.getAllIndexes()" is null


===== Query 2167 =====

SQL: SELECT S_QUANTITY, S_DATA, S_DIST_01, S_DIST_02, S_DIST_03, S_DIST_04, S_DIST_05, S_DIST_06, S_DIST_07, S_DIST_08, S_DIST_09, S_DIST_10 FROM STOCK WHERE S_I_ID = 6151 AND S_W_ID = 1

EXPLAIN Plan:

Index Scan using stock_pkey on stock  (cost=0.42..8.44 rows=1 width=291) (actual time=0.065..0.067 rows=1 loops=1)

  Index Cond: ((s_w_id = 1) AND (s_i_id = 6151))

Planning Time: 0.113 ms

Execution Time: 0.092 ms
Failed SQL 2167: SELECT S_QUANTITY, S_DATA, S_DIST_01, S_DIST_02, S_DIST_03, S_DIST_04, S_DIST_05, S_DIST_06, S_DIST_07, S_DIST_08, S_DIST_09, S_DIST_10 FROM STOCK WHERE S_I_ID = 6151 AND S_W_ID = 1
Error Message: Cannot invoke "java.util.List.get(int)" because the return value of "sg.edu.nus.autotune.DB2DATA.getAllIndexes()" is null


===== Query 2168 =====

SQL: UPDATE STOCK SET S_QUANTITY = 16, S_YTD = S_YTD + 5, S_ORDER_CNT = S_ORDER_CNT + 1, S_REMOTE_CNT = S_REMOTE_CNT + 0 WHERE S_I_ID = 6151 AND S_W_ID = 1

EXPLAIN Plan:

Update on stock  (cost=0.42..8.45 rows=0 width=0) (actual time=0.066..0.067 rows=0 loops=1)

  ->  Index Scan using stock_pkey on stock  (cost=0.42..8.45 rows=1 width=32) (actual time=0.020..0.021 rows=1 loops=1)

        Index Cond: ((s_w_id = 1) AND (s_i_id = 6151))

Planning Time: 0.081 ms

Execution Time: 0.087 ms
Failed SQL 2168: UPDATE STOCK SET S_QUANTITY = 16, S_YTD = S_YTD + 5, S_ORDER_CNT = S_ORDER_CNT + 1, S_REMOTE_CNT = S_REMOTE_CNT + 0 WHERE S_I_ID = 6151 AND S_W_ID = 1
Error Message: Cannot invoke "java.util.List.get(int)" because the return value of "sg.edu.nus.autotune.DB2DATA.getAllIndexes()" is null


===== Query 2169 =====

SQL: SELECT I_PRICE, I_NAME , I_DATA FROM ITEM WHERE I_ID = 60006

EXPLAIN Plan:

Index Scan using item_pkey on item  (cost=0.29..8.31 rows=1 width=61) (actual time=0.040..0.041 rows=1 loops=1)

  Index Cond: (i_id = 60006)

Planning Time: 0.074 ms

Execution Time: 0.059 ms
Failed SQL 2169: SELECT I_PRICE, I_NAME , I_DATA FROM ITEM WHERE I_ID = 60006
Error Message: Cannot invoke "java.util.List.get(int)" because the return value of "sg.edu.nus.autotune.DB2DATA.getAllIndexes()" is null


===== Query 2170 =====

SQL: SELECT S_QUANTITY, S_DATA, S_DIST_01, S_DIST_02, S_DIST_03, S_DIST_04, S_DIST_05, S_DIST_06, S_DIST_07, S_DIST_08, S_DIST_09, S_DIST_10 FROM STOCK WHERE S_I_ID = 60006 AND S_W_ID = 1

EXPLAIN Plan:

Index Scan using stock_pkey on stock  (cost=0.42..8.44 rows=1 width=291) (actual time=0.798..0.800 rows=1 loops=1)

  Index Cond: ((s_w_id = 1) AND (s_i_id = 60006))

Planning Time: 0.092 ms

Execution Time: 0.823 ms
Failed SQL 2170: SELECT S_QUANTITY, S_DATA, S_DIST_01, S_DIST_02, S_DIST_03, S_DIST_04, S_DIST_05, S_DIST_06, S_DIST_07, S_DIST_08, S_DIST_09, S_DIST_10 FROM STOCK WHERE S_I_ID = 60006 AND S_W_ID = 1
Error Message: Cannot invoke "java.util.List.get(int)" because the return value of "sg.edu.nus.autotune.DB2DATA.getAllIndexes()" is null


===== Query 2171 =====

SQL: SELECT S_QUANTITY, S_DATA, S_DIST_01, S_DIST_02, S_DIST_03, S_DIST_04, S_DIST_05, S_DIST_06, S_DIST_07, S_DIST_08, S_DIST_09, S_DIST_10 FROM STOCK WHERE S_I_ID = 20119 AND S_W_ID = 2

EXPLAIN Plan:

Index Scan using stock_pkey on stock  (cost=0.42..8.44 rows=1 width=291) (actual time=0.937..0.941 rows=1 loops=1)

  Index Cond: ((s_w_id = 2) AND (s_i_id = 20119))

Planning Time: 0.106 ms

Execution Time: 0.970 ms
Failed SQL 2171: SELECT S_QUANTITY, S_DATA, S_DIST_01, S_DIST_02, S_DIST_03, S_DIST_04, S_DIST_05, S_DIST_06, S_DIST_07, S_DIST_08, S_DIST_09, S_DIST_10 FROM STOCK WHERE S_I_ID = 20119 AND S_W_ID = 2
Error Message: Cannot invoke "java.util.List.get(int)" because the return value of "sg.edu.nus.autotune.DB2DATA.getAllIndexes()" is null


===== Query 2172 =====

SQL: UPDATE STOCK SET S_QUANTITY = 53, S_YTD = S_YTD + 9, S_ORDER_CNT = S_ORDER_CNT + 1, S_REMOTE_CNT = S_REMOTE_CNT + 0 WHERE S_I_ID = 60006 AND S_W_ID = 1

EXPLAIN Plan:

Update on stock  (cost=0.42..8.45 rows=0 width=0) (actual time=0.068..0.068 rows=0 loops=1)

  ->  Index Scan using stock_pkey on stock  (cost=0.42..8.45 rows=1 width=32) (actual time=0.025..0.026 rows=1 loops=1)

        Index Cond: ((s_w_id = 1) AND (s_i_id = 60006))

Planning Time: 0.105 ms

Execution Time: 0.105 ms
Failed SQL 2172: UPDATE STOCK SET S_QUANTITY = 53, S_YTD = S_YTD + 9, S_ORDER_CNT = S_ORDER_CNT + 1, S_REMOTE_CNT = S_REMOTE_CNT + 0 WHERE S_I_ID = 60006 AND S_W_ID = 1
Error Message: Cannot invoke "java.util.List.get(int)" because the return value of "sg.edu.nus.autotune.DB2DATA.getAllIndexes()" is null


===== Query 2173 =====

SQL: SELECT I_PRICE, I_NAME , I_DATA FROM ITEM WHERE I_ID = 89830

EXPLAIN Plan:

Index Scan using item_pkey on item  (cost=0.29..8.31 rows=1 width=61) (actual time=0.023..0.025 rows=1 loops=1)

  Index Cond: (i_id = 89830)

Planning Time: 0.071 ms

Execution Time: 0.043 ms
Failed SQL 2173: SELECT I_PRICE, I_NAME , I_DATA FROM ITEM WHERE I_ID = 89830
Error Message: Cannot invoke "java.util.List.get(int)" because the return value of "sg.edu.nus.autotune.DB2DATA.getAllIndexes()" is null


===== Query 2174 =====

SQL: SELECT S_QUANTITY, S_DATA, S_DIST_01, S_DIST_02, S_DIST_03, S_DIST_04, S_DIST_05, S_DIST_06, S_DIST_07, S_DIST_08, S_DIST_09, S_DIST_10 FROM STOCK WHERE S_I_ID = 89830 AND S_W_ID = 1

EXPLAIN Plan:

Index Scan using stock_pkey on stock  (cost=0.42..8.44 rows=1 width=291) (actual time=0.023..0.025 rows=1 loops=1)

  Index Cond: ((s_w_id = 1) AND (s_i_id = 89830))

Planning Time: 0.096 ms

Execution Time: 0.046 ms
Failed SQL 2174: SELECT S_QUANTITY, S_DATA, S_DIST_01, S_DIST_02, S_DIST_03, S_DIST_04, S_DIST_05, S_DIST_06, S_DIST_07, S_DIST_08, S_DIST_09, S_DIST_10 FROM STOCK WHERE S_I_ID = 89830 AND S_W_ID = 1
Error Message: Cannot invoke "java.util.List.get(int)" because the return value of "sg.edu.nus.autotune.DB2DATA.getAllIndexes()" is null


===== Query 2175 =====

SQL: UPDATE STOCK SET S_QUANTITY = 92, S_YTD = S_YTD + 1, S_ORDER_CNT = S_ORDER_CNT + 1, S_REMOTE_CNT = S_REMOTE_CNT + 0 WHERE S_I_ID = 89830 AND S_W_ID = 1

EXPLAIN Plan:

Update on stock  (cost=0.42..8.45 rows=0 width=0) (actual time=0.082..0.083 rows=0 loops=1)

  ->  Index Scan using stock_pkey on stock  (cost=0.42..8.45 rows=1 width=32) (actual time=0.023..0.024 rows=1 loops=1)

        Index Cond: ((s_w_id = 1) AND (s_i_id = 89830))

Planning Time: 0.092 ms

Execution Time: 0.103 ms
Failed SQL 2175: UPDATE STOCK SET S_QUANTITY = 92, S_YTD = S_YTD + 1, S_ORDER_CNT = S_ORDER_CNT + 1, S_REMOTE_CNT = S_REMOTE_CNT + 0 WHERE S_I_ID = 89830 AND S_W_ID = 1
Error Message: Cannot invoke "java.util.List.get(int)" because the return value of "sg.edu.nus.autotune.DB2DATA.getAllIndexes()" is null


===== Query 2176 =====

SQL: SELECT I_PRICE, I_NAME , I_DATA FROM ITEM WHERE I_ID = 65239

EXPLAIN Plan:

Index Scan using item_pkey on item  (cost=0.29..8.31 rows=1 width=61) (actual time=0.060..0.061 rows=1 loops=1)

  Index Cond: (i_id = 65239)

Planning Time: 0.093 ms

Execution Time: 0.082 ms
Failed SQL 2176: SELECT I_PRICE, I_NAME , I_DATA FROM ITEM WHERE I_ID = 65239
Error Message: Cannot invoke "java.util.List.get(int)" because the return value of "sg.edu.nus.autotune.DB2DATA.getAllIndexes()" is null


===== Query 2177 =====

SQL: SELECT S_QUANTITY, S_DATA, S_DIST_01, S_DIST_02, S_DIST_03, S_DIST_04, S_DIST_05, S_DIST_06, S_DIST_07, S_DIST_08, S_DIST_09, S_DIST_10 FROM STOCK WHERE S_I_ID = 65239 AND S_W_ID = 1

EXPLAIN Plan:

Index Scan using stock_pkey on stock  (cost=0.42..8.44 rows=1 width=291) (actual time=0.110..0.111 rows=1 loops=1)

  Index Cond: ((s_w_id = 1) AND (s_i_id = 65239))

Planning Time: 0.371 ms

Execution Time: 0.140 ms
Failed SQL 2177: SELECT S_QUANTITY, S_DATA, S_DIST_01, S_DIST_02, S_DIST_03, S_DIST_04, S_DIST_05, S_DIST_06, S_DIST_07, S_DIST_08, S_DIST_09, S_DIST_10 FROM STOCK WHERE S_I_ID = 65239 AND S_W_ID = 1
Error Message: Cannot invoke "java.util.List.get(int)" because the return value of "sg.edu.nus.autotune.DB2DATA.getAllIndexes()" is null


===== Query 2178 =====

SQL: UPDATE STOCK SET S_QUANTITY = 51, S_YTD = S_YTD + 2, S_ORDER_CNT = S_ORDER_CNT + 1, S_REMOTE_CNT = S_REMOTE_CNT + 0 WHERE S_I_ID = 65239 AND S_W_ID = 1

EXPLAIN Plan:

Update on stock  (cost=0.42..8.45 rows=0 width=0) (actual time=0.106..0.107 rows=0 loops=1)

  ->  Index Scan using stock_pkey on stock  (cost=0.42..8.45 rows=1 width=32) (actual time=0.025..0.026 rows=1 loops=1)

        Index Cond: ((s_w_id = 1) AND (s_i_id = 65239))

Planning Time: 0.104 ms

Execution Time: 0.135 ms
Failed SQL 2178: UPDATE STOCK SET S_QUANTITY = 51, S_YTD = S_YTD + 2, S_ORDER_CNT = S_ORDER_CNT + 1, S_REMOTE_CNT = S_REMOTE_CNT + 0 WHERE S_I_ID = 65239 AND S_W_ID = 1
Error Message: Cannot invoke "java.util.List.get(int)" because the return value of "sg.edu.nus.autotune.DB2DATA.getAllIndexes()" is null


===== Query 2179 =====

SQL: SELECT I_PRICE, I_NAME , I_DATA FROM ITEM WHERE I_ID = 62119

EXPLAIN Plan:

Index Scan using item_pkey on item  (cost=0.29..8.31 rows=1 width=61) (actual time=1.087..1.090 rows=1 loops=1)

  Index Cond: (i_id = 62119)

Planning Time: 0.072 ms

Execution Time: 1.111 ms
Failed SQL 2179: SELECT I_PRICE, I_NAME , I_DATA FROM ITEM WHERE I_ID = 62119
Error Message: Cannot invoke "java.util.List.get(int)" because the return value of "sg.edu.nus.autotune.DB2DATA.getAllIndexes()" is null


===== Query 2180 =====

SQL: UPDATE STOCK SET S_QUANTITY = 100, S_YTD = S_YTD + 2, S_ORDER_CNT = S_ORDER_CNT + 1, S_REMOTE_CNT = S_REMOTE_CNT + 0 WHERE S_I_ID = 20119 AND S_W_ID = 2

EXPLAIN Plan:

Update on stock  (cost=0.42..8.45 rows=0 width=0) (actual time=0.065..0.066 rows=0 loops=1)

  ->  Index Scan using stock_pkey on stock  (cost=0.42..8.45 rows=1 width=32) (actual time=0.026..0.027 rows=1 loops=1)

        Index Cond: ((s_w_id = 2) AND (s_i_id = 20119))

Planning Time: 0.108 ms

Execution Time: 0.095 ms
Failed SQL 2180: UPDATE STOCK SET S_QUANTITY = 100, S_YTD = S_YTD + 2, S_ORDER_CNT = S_ORDER_CNT + 1, S_REMOTE_CNT = S_REMOTE_CNT + 0 WHERE S_I_ID = 20119 AND S_W_ID = 2
Error Message: Cannot invoke "java.util.List.get(int)" because the return value of "sg.edu.nus.autotune.DB2DATA.getAllIndexes()" is null


===== Query 2181 =====

SQL: SELECT I_PRICE, I_NAME , I_DATA FROM ITEM WHERE I_ID = 68933

EXPLAIN Plan:

Index Scan using item_pkey on item  (cost=0.29..8.31 rows=1 width=61) (actual time=0.840..0.843 rows=1 loops=1)

  Index Cond: (i_id = 68933)

Planning Time: 0.066 ms

Execution Time: 0.860 ms
Failed SQL 2181: SELECT I_PRICE, I_NAME , I_DATA FROM ITEM WHERE I_ID = 68933
Error Message: Cannot invoke "java.util.List.get(int)" because the return value of "sg.edu.nus.autotune.DB2DATA.getAllIndexes()" is null


===== Query 2182 =====

SQL: SELECT S_QUANTITY, S_DATA, S_DIST_01, S_DIST_02, S_DIST_03, S_DIST_04, S_DIST_05, S_DIST_06, S_DIST_07, S_DIST_08, S_DIST_09, S_DIST_10 FROM STOCK WHERE S_I_ID = 68933 AND S_W_ID = 2

EXPLAIN Plan:

Index Scan using stock_pkey on stock  (cost=0.42..8.44 rows=1 width=291) (actual time=0.871..0.873 rows=1 loops=1)

  Index Cond: ((s_w_id = 2) AND (s_i_id = 68933))

Planning Time: 0.104 ms

Execution Time: 0.898 ms
Failed SQL 2182: SELECT S_QUANTITY, S_DATA, S_DIST_01, S_DIST_02, S_DIST_03, S_DIST_04, S_DIST_05, S_DIST_06, S_DIST_07, S_DIST_08, S_DIST_09, S_DIST_10 FROM STOCK WHERE S_I_ID = 68933 AND S_W_ID = 2
Error Message: Cannot invoke "java.util.List.get(int)" because the return value of "sg.edu.nus.autotune.DB2DATA.getAllIndexes()" is null


===== Query 2183 =====

SQL: UPDATE STOCK SET S_QUANTITY = 65, S_YTD = S_YTD + 4, S_ORDER_CNT = S_ORDER_CNT + 1, S_REMOTE_CNT = S_REMOTE_CNT + 0 WHERE S_I_ID = 68933 AND S_W_ID = 2

EXPLAIN Plan:

Update on stock  (cost=0.42..8.45 rows=0 width=0) (actual time=0.082..0.082 rows=0 loops=1)

  ->  Index Scan using stock_pkey on stock  (cost=0.42..8.45 rows=1 width=32) (actual time=0.024..0.026 rows=1 loops=1)

        Index Cond: ((s_w_id = 2) AND (s_i_id = 68933))

Planning Time: 0.099 ms

Execution Time: 0.109 ms
Failed SQL 2183: UPDATE STOCK SET S_QUANTITY = 65, S_YTD = S_YTD + 4, S_ORDER_CNT = S_ORDER_CNT + 1, S_REMOTE_CNT = S_REMOTE_CNT + 0 WHERE S_I_ID = 68933 AND S_W_ID = 2
Error Message: Cannot invoke "java.util.List.get(int)" because the return value of "sg.edu.nus.autotune.DB2DATA.getAllIndexes()" is null


===== Query 2184 =====

SQL: SELECT I_PRICE, I_NAME , I_DATA FROM ITEM WHERE I_ID = 6150

EXPLAIN Plan:

Index Scan using item_pkey on item  (cost=0.29..8.31 rows=1 width=61) (actual time=0.024..0.026 rows=1 loops=1)

  Index Cond: (i_id = 6150)

Planning Time: 0.071 ms

Execution Time: 0.043 ms
Failed SQL 2184: SELECT I_PRICE, I_NAME , I_DATA FROM ITEM WHERE I_ID = 6150
Error Message: Cannot invoke "java.util.List.get(int)" because the return value of "sg.edu.nus.autotune.DB2DATA.getAllIndexes()" is null


===== Query 2185 =====

SQL: SELECT S_QUANTITY, S_DATA, S_DIST_01, S_DIST_02, S_DIST_03, S_DIST_04, S_DIST_05, S_DIST_06, S_DIST_07, S_DIST_08, S_DIST_09, S_DIST_10 FROM STOCK WHERE S_I_ID = 6150 AND S_W_ID = 2

EXPLAIN Plan:

Index Scan using stock_pkey on stock  (cost=0.42..8.44 rows=1 width=291) (actual time=0.051..0.053 rows=1 loops=1)

  Index Cond: ((s_w_id = 2) AND (s_i_id = 6150))

Planning Time: 0.117 ms

Execution Time: 0.078 ms
Failed SQL 2185: SELECT S_QUANTITY, S_DATA, S_DIST_01, S_DIST_02, S_DIST_03, S_DIST_04, S_DIST_05, S_DIST_06, S_DIST_07, S_DIST_08, S_DIST_09, S_DIST_10 FROM STOCK WHERE S_I_ID = 6150 AND S_W_ID = 2
Error Message: Cannot invoke "java.util.List.get(int)" because the return value of "sg.edu.nus.autotune.DB2DATA.getAllIndexes()" is null


===== Query 2186 =====

SQL: UPDATE STOCK SET S_QUANTITY = 19, S_YTD = S_YTD + 10, S_ORDER_CNT = S_ORDER_CNT + 1, S_REMOTE_CNT = S_REMOTE_CNT + 0 WHERE S_I_ID = 6150 AND S_W_ID = 2

EXPLAIN Plan:

Update on stock  (cost=0.42..8.45 rows=0 width=0) (actual time=0.087..0.087 rows=0 loops=1)

  ->  Index Scan using stock_pkey on stock  (cost=0.42..8.45 rows=1 width=32) (actual time=0.029..0.030 rows=1 loops=1)

        Index Cond: ((s_w_id = 2) AND (s_i_id = 6150))

Planning Time: 0.119 ms

Execution Time: 0.118 ms
Failed SQL 2186: UPDATE STOCK SET S_QUANTITY = 19, S_YTD = S_YTD + 10, S_ORDER_CNT = S_ORDER_CNT + 1, S_REMOTE_CNT = S_REMOTE_CNT + 0 WHERE S_I_ID = 6150 AND S_W_ID = 2
Error Message: Cannot invoke "java.util.List.get(int)" because the return value of "sg.edu.nus.autotune.DB2DATA.getAllIndexes()" is null


===== Query 2187 =====

SQL: SELECT I_PRICE, I_NAME , I_DATA FROM ITEM WHERE I_ID = 44771

EXPLAIN Plan:

Index Scan using item_pkey on item  (cost=0.29..8.31 rows=1 width=61) (actual time=0.919..0.922 rows=1 loops=1)

  Index Cond: (i_id = 44771)

Planning Time: 0.089 ms

Execution Time: 0.944 ms
Failed SQL 2187: SELECT I_PRICE, I_NAME , I_DATA FROM ITEM WHERE I_ID = 44771
Error Message: Cannot invoke "java.util.List.get(int)" because the return value of "sg.edu.nus.autotune.DB2DATA.getAllIndexes()" is null


===== Query 2188 =====

SQL: SELECT S_QUANTITY, S_DATA, S_DIST_01, S_DIST_02, S_DIST_03, S_DIST_04, S_DIST_05, S_DIST_06, S_DIST_07, S_DIST_08, S_DIST_09, S_DIST_10 FROM STOCK WHERE S_I_ID = 44771 AND S_W_ID = 2

EXPLAIN Plan:

Index Scan using stock_pkey on stock  (cost=0.42..8.44 rows=1 width=291) (actual time=0.393..0.396 rows=1 loops=1)

  Index Cond: ((s_w_id = 2) AND (s_i_id = 44771))

Planning Time: 0.104 ms

Execution Time: 0.421 ms
Failed SQL 2188: SELECT S_QUANTITY, S_DATA, S_DIST_01, S_DIST_02, S_DIST_03, S_DIST_04, S_DIST_05, S_DIST_06, S_DIST_07, S_DIST_08, S_DIST_09, S_DIST_10 FROM STOCK WHERE S_I_ID = 44771 AND S_W_ID = 2
Error Message: Cannot invoke "java.util.List.get(int)" because the return value of "sg.edu.nus.autotune.DB2DATA.getAllIndexes()" is null


===== Query 2189 =====

SQL: UPDATE STOCK SET S_QUANTITY = 74, S_YTD = S_YTD + 6, S_ORDER_CNT = S_ORDER_CNT + 1, S_REMOTE_CNT = S_REMOTE_CNT + 0 WHERE S_I_ID = 44771 AND S_W_ID = 2

EXPLAIN Plan:

Update on stock  (cost=0.42..8.45 rows=0 width=0) (actual time=0.070..0.070 rows=0 loops=1)

  ->  Index Scan using stock_pkey on stock  (cost=0.42..8.45 rows=1 width=32) (actual time=0.023..0.025 rows=1 loops=1)

        Index Cond: ((s_w_id = 2) AND (s_i_id = 44771))

Planning Time: 0.098 ms

Execution Time: 0.096 ms
Failed SQL 2189: UPDATE STOCK SET S_QUANTITY = 74, S_YTD = S_YTD + 6, S_ORDER_CNT = S_ORDER_CNT + 1, S_REMOTE_CNT = S_REMOTE_CNT + 0 WHERE S_I_ID = 44771 AND S_W_ID = 2
Error Message: Cannot invoke "java.util.List.get(int)" because the return value of "sg.edu.nus.autotune.DB2DATA.getAllIndexes()" is null


===== Query 2190 =====

SQL: SELECT C_DISCOUNT, C_LAST, C_CREDIT, W_TAX FROM CUSTOMER, WAREHOUSE WHERE W_ID = 2 AND C_W_ID = 2 AND C_D_ID = 1 AND C_ID = 171

EXPLAIN Plan:

Nested Loop  (cost=4.56..16.61 rows=1 width=26) (actual time=0.097..0.099 rows=1 loops=1)

  ->  Index Scan using customer_pkey on customer  (cost=0.42..8.44 rows=1 width=21) (actual time=0.069..0.070 rows=1 loops=1)

        Index Cond: ((c_w_id = 2) AND (c_d_id = 1) AND (c_id = 171))

  ->  Bitmap Heap Scan on warehouse  (cost=4.14..8.15 rows=1 width=5) (actual time=0.016..0.016 rows=1 loops=1)

        Recheck Cond: (w_id = 2)

        Heap Blocks: exact=1

        ->  Bitmap Index Scan on warehouse_pkey  (cost=0.00..4.14 rows=1 width=0) (actual time=0.008..0.008 rows=1 loops=1)

              Index Cond: (w_id = 2)

Planning Time: 0.153 ms

Execution Time: 0.156 ms
Failed SQL 2190: SELECT C_DISCOUNT, C_LAST, C_CREDIT, W_TAX FROM CUSTOMER, WAREHOUSE WHERE W_ID = 2 AND C_W_ID = 2 AND C_D_ID = 1 AND C_ID = 171
Error Message: Cannot invoke "java.util.List.get(int)" because the return value of "sg.edu.nus.autotune.DB2DATA.getAllIndexes()" is null


===== Query 2191 =====

SQL: SELECT S_QUANTITY, S_DATA, S_DIST_01, S_DIST_02, S_DIST_03, S_DIST_04, S_DIST_05, S_DIST_06, S_DIST_07, S_DIST_08, S_DIST_09, S_DIST_10 FROM STOCK WHERE S_I_ID = 62119 AND S_W_ID = 1

EXPLAIN Plan:

Index Scan using stock_pkey on stock  (cost=0.42..8.44 rows=1 width=291) (actual time=0.853..0.856 rows=1 loops=1)

  Index Cond: ((s_w_id = 1) AND (s_i_id = 62119))

Planning Time: 0.090 ms

Execution Time: 0.881 ms
Failed SQL 2191: SELECT S_QUANTITY, S_DATA, S_DIST_01, S_DIST_02, S_DIST_03, S_DIST_04, S_DIST_05, S_DIST_06, S_DIST_07, S_DIST_08, S_DIST_09, S_DIST_10 FROM STOCK WHERE S_I_ID = 62119 AND S_W_ID = 1
Error Message: Cannot invoke "java.util.List.get(int)" because the return value of "sg.edu.nus.autotune.DB2DATA.getAllIndexes()" is null


===== Query 2192 =====

SQL: SELECT D_NEXT_O_ID, D_TAX FROM DISTRICT WHERE D_W_ID = 2 AND D_ID = 1

EXPLAIN Plan:

Bitmap Heap Scan on district  (cost=4.28..11.66 rows=2 width=9) (actual time=0.027..0.028 rows=1 loops=1)

  Recheck Cond: ((d_w_id = 2) AND (d_id = 1))

  Heap Blocks: exact=1

  ->  Bitmap Index Scan on district_pkey  (cost=0.00..4.28 rows=2 width=0) (actual time=0.015..0.015 rows=1 loops=1)

        Index Cond: ((d_w_id = 2) AND (d_id = 1))

Planning Time: 0.087 ms

Execution Time: 0.053 ms
Failed SQL 2192: SELECT D_NEXT_O_ID, D_TAX FROM DISTRICT WHERE D_W_ID = 2 AND D_ID = 1
Error Message: Cannot invoke "java.util.List.get(int)" because the return value of "sg.edu.nus.autotune.DB2DATA.getAllIndexes()" is null


===== Query 2193 =====

SQL: UPDATE DISTRICT SET D_NEXT_O_ID = D_NEXT_O_ID + 1 WHERE D_W_ID = 2 AND D_ID = 1

EXPLAIN Plan:

Update on district  (cost=4.28..11.67 rows=0 width=0) (actual time=0.055..0.056 rows=0 loops=1)

  ->  Bitmap Heap Scan on district  (cost=4.28..11.67 rows=2 width=10) (actual time=0.022..0.023 rows=1 loops=1)

        Recheck Cond: ((d_w_id = 2) AND (d_id = 1))

        Heap Blocks: exact=1

        ->  Bitmap Index Scan on district_pkey  (cost=0.00..4.28 rows=2 width=0) (actual time=0.012..0.012 rows=1 loops=1)

              Index Cond: ((d_w_id = 2) AND (d_id = 1))

Planning Time: 0.103 ms

Execution Time: 0.092 ms
Failed SQL 2193: UPDATE DISTRICT SET D_NEXT_O_ID = D_NEXT_O_ID + 1 WHERE D_W_ID = 2 AND D_ID = 1
Error Message: Cannot invoke "java.util.List.get(int)" because the return value of "sg.edu.nus.autotune.DB2DATA.getAllIndexes()" is null


===== Query 2194 =====

SQL: UPDATE STOCK SET S_QUANTITY = 14, S_YTD = S_YTD + 2, S_ORDER_CNT = S_ORDER_CNT + 1, S_REMOTE_CNT = S_REMOTE_CNT + 0 WHERE S_I_ID = 62119 AND S_W_ID = 1

EXPLAIN Plan:

Update on stock  (cost=0.42..8.45 rows=0 width=0) (actual time=0.073..0.074 rows=0 loops=1)

  ->  Index Scan using stock_pkey on stock  (cost=0.42..8.45 rows=1 width=32) (actual time=0.031..0.033 rows=1 loops=1)

        Index Cond: ((s_w_id = 1) AND (s_i_id = 62119))

Planning Time: 0.124 ms

Execution Time: 0.103 ms
Failed SQL 2194: UPDATE STOCK SET S_QUANTITY = 14, S_YTD = S_YTD + 2, S_ORDER_CNT = S_ORDER_CNT + 1, S_REMOTE_CNT = S_REMOTE_CNT + 0 WHERE S_I_ID = 62119 AND S_W_ID = 1
Error Message: Cannot invoke "java.util.List.get(int)" because the return value of "sg.edu.nus.autotune.DB2DATA.getAllIndexes()" is null


===== Query 2195 =====

SQL: SELECT C_DISCOUNT, C_LAST, C_CREDIT, W_TAX FROM CUSTOMER, WAREHOUSE WHERE W_ID = 1 AND C_W_ID = 1 AND C_D_ID = 10 AND C_ID = 977

EXPLAIN Plan:

Nested Loop  (cost=4.56..16.61 rows=1 width=26) (actual time=0.074..0.076 rows=1 loops=1)

  ->  Index Scan using customer_pkey on customer  (cost=0.42..8.44 rows=1 width=21) (actual time=0.055..0.056 rows=1 loops=1)

        Index Cond: ((c_w_id = 1) AND (c_d_id = 10) AND (c_id = 977))

  ->  Bitmap Heap Scan on warehouse  (cost=4.14..8.15 rows=1 width=5) (actual time=0.009..0.010 rows=1 loops=1)

        Recheck Cond: (w_id = 1)

        Heap Blocks: exact=1

        ->  Bitmap Index Scan on warehouse_pkey  (cost=0.00..4.14 rows=1 width=0) (actual time=0.004..0.004 rows=1 loops=1)

              Index Cond: (w_id = 1)

Planning Time: 0.141 ms

Execution Time: 0.120 ms
Failed SQL 2195: SELECT C_DISCOUNT, C_LAST, C_CREDIT, W_TAX FROM CUSTOMER, WAREHOUSE WHERE W_ID = 1 AND C_W_ID = 1 AND C_D_ID = 10 AND C_ID = 977
Error Message: Cannot invoke "java.util.List.get(int)" because the return value of "sg.edu.nus.autotune.DB2DATA.getAllIndexes()" is null


===== Query 2196 =====

SQL: SELECT I_PRICE, I_NAME , I_DATA FROM ITEM WHERE I_ID = 6208

EXPLAIN Plan:

Index Scan using item_pkey on item  (cost=0.29..8.31 rows=1 width=61) (actual time=0.025..0.026 rows=1 loops=1)

  Index Cond: (i_id = 6208)

Planning Time: 0.071 ms

Execution Time: 0.042 ms
Failed SQL 2196: SELECT I_PRICE, I_NAME , I_DATA FROM ITEM WHERE I_ID = 6208
Error Message: Cannot invoke "java.util.List.get(int)" because the return value of "sg.edu.nus.autotune.DB2DATA.getAllIndexes()" is null


===== Query 2197 =====

SQL: SELECT S_QUANTITY, S_DATA, S_DIST_01, S_DIST_02, S_DIST_03, S_DIST_04, S_DIST_05, S_DIST_06, S_DIST_07, S_DIST_08, S_DIST_09, S_DIST_10 FROM STOCK WHERE S_I_ID = 6208 AND S_W_ID = 2

EXPLAIN Plan:

Index Scan using stock_pkey on stock  (cost=0.42..8.44 rows=1 width=291) (actual time=0.880..0.883 rows=1 loops=1)

  Index Cond: ((s_w_id = 2) AND (s_i_id = 6208))

Planning Time: 0.095 ms

Execution Time: 0.906 ms
Failed SQL 2197: SELECT S_QUANTITY, S_DATA, S_DIST_01, S_DIST_02, S_DIST_03, S_DIST_04, S_DIST_05, S_DIST_06, S_DIST_07, S_DIST_08, S_DIST_09, S_DIST_10 FROM STOCK WHERE S_I_ID = 6208 AND S_W_ID = 2
Error Message: Cannot invoke "java.util.List.get(int)" because the return value of "sg.edu.nus.autotune.DB2DATA.getAllIndexes()" is null


===== Query 2198 =====

SQL: UPDATE STOCK SET S_QUANTITY = 46, S_YTD = S_YTD + 8, S_ORDER_CNT = S_ORDER_CNT + 1, S_REMOTE_CNT = S_REMOTE_CNT + 0 WHERE S_I_ID = 6208 AND S_W_ID = 2

EXPLAIN Plan:

Update on stock  (cost=0.42..8.45 rows=0 width=0) (actual time=0.124..0.124 rows=0 loops=1)

  ->  Index Scan using stock_pkey on stock  (cost=0.42..8.45 rows=1 width=32) (actual time=0.033..0.035 rows=1 loops=1)

        Index Cond: ((s_w_id = 2) AND (s_i_id = 6208))

Planning Time: 0.107 ms

Execution Time: 0.153 ms
Failed SQL 2198: UPDATE STOCK SET S_QUANTITY = 46, S_YTD = S_YTD + 8, S_ORDER_CNT = S_ORDER_CNT + 1, S_REMOTE_CNT = S_REMOTE_CNT + 0 WHERE S_I_ID = 6208 AND S_W_ID = 2
Error Message: Cannot invoke "java.util.List.get(int)" because the return value of "sg.edu.nus.autotune.DB2DATA.getAllIndexes()" is null


===== Query 2199 =====

SQL: SELECT I_PRICE, I_NAME , I_DATA FROM ITEM WHERE I_ID = 40675

EXPLAIN Plan:

Index Scan using item_pkey on item  (cost=0.29..8.31 rows=1 width=61) (actual time=0.052..0.054 rows=1 loops=1)

  Index Cond: (i_id = 40675)

Planning Time: 0.073 ms

Execution Time: 0.072 ms
Failed SQL 2199: SELECT I_PRICE, I_NAME , I_DATA FROM ITEM WHERE I_ID = 40675
Error Message: Cannot invoke "java.util.List.get(int)" because the return value of "sg.edu.nus.autotune.DB2DATA.getAllIndexes()" is null


===== Query 2200 =====

SQL: SELECT S_QUANTITY, S_DATA, S_DIST_01, S_DIST_02, S_DIST_03, S_DIST_04, S_DIST_05, S_DIST_06, S_DIST_07, S_DIST_08, S_DIST_09, S_DIST_10 FROM STOCK WHERE S_I_ID = 40675 AND S_W_ID = 2

EXPLAIN Plan:

Index Scan using stock_pkey on stock  (cost=0.42..8.44 rows=1 width=291) (actual time=0.087..0.089 rows=1 loops=1)

  Index Cond: ((s_w_id = 2) AND (s_i_id = 40675))

Planning Time: 0.117 ms

Execution Time: 0.113 ms
Failed SQL 2200: SELECT S_QUANTITY, S_DATA, S_DIST_01, S_DIST_02, S_DIST_03, S_DIST_04, S_DIST_05, S_DIST_06, S_DIST_07, S_DIST_08, S_DIST_09, S_DIST_10 FROM STOCK WHERE S_I_ID = 40675 AND S_W_ID = 2
Error Message: Cannot invoke "java.util.List.get(int)" because the return value of "sg.edu.nus.autotune.DB2DATA.getAllIndexes()" is null


===== Query 2201 =====

SQL: UPDATE STOCK SET S_QUANTITY = 69, S_YTD = S_YTD + 8, S_ORDER_CNT = S_ORDER_CNT + 1, S_REMOTE_CNT = S_REMOTE_CNT + 0 WHERE S_I_ID = 40675 AND S_W_ID = 2

EXPLAIN Plan:

Update on stock  (cost=0.42..8.45 rows=0 width=0) (actual time=0.105..0.115 rows=0 loops=1)

  ->  Index Scan using stock_pkey on stock  (cost=0.42..8.45 rows=1 width=32) (actual time=0.057..0.067 rows=1 loops=1)

        Index Cond: ((s_w_id = 2) AND (s_i_id = 40675))

Planning Time: 0.102 ms

Execution Time: 0.140 ms
Failed SQL 2201: UPDATE STOCK SET S_QUANTITY = 69, S_YTD = S_YTD + 8, S_ORDER_CNT = S_ORDER_CNT + 1, S_REMOTE_CNT = S_REMOTE_CNT + 0 WHERE S_I_ID = 40675 AND S_W_ID = 2
Error Message: Cannot invoke "java.util.List.get(int)" because the return value of "sg.edu.nus.autotune.DB2DATA.getAllIndexes()" is null


===== Query 2202 =====

SQL: SELECT I_PRICE, I_NAME , I_DATA FROM ITEM WHERE I_ID = 88351

EXPLAIN Plan:

Index Scan using item_pkey on item  (cost=0.29..8.31 rows=1 width=61) (actual time=0.928..0.931 rows=1 loops=1)

  Index Cond: (i_id = 88351)

Planning Time: 0.082 ms

Execution Time: 0.954 ms
Failed SQL 2202: SELECT I_PRICE, I_NAME , I_DATA FROM ITEM WHERE I_ID = 88351
Error Message: Cannot invoke "java.util.List.get(int)" because the return value of "sg.edu.nus.autotune.DB2DATA.getAllIndexes()" is null


===== Query 2203 =====

SQL: SELECT D_NEXT_O_ID, D_TAX FROM DISTRICT WHERE D_W_ID = 1 AND D_ID = 10

EXPLAIN Plan:

Bitmap Heap Scan on district  (cost=4.28..11.66 rows=2 width=9) (actual time=0.046..0.047 rows=1 loops=1)

  Recheck Cond: ((d_w_id = 1) AND (d_id = 10))

  Heap Blocks: exact=1

  ->  Bitmap Index Scan on district_pkey  (cost=0.00..4.28 rows=2 width=0) (actual time=0.016..0.016 rows=1 loops=1)

        Index Cond: ((d_w_id = 1) AND (d_id = 10))

Planning Time: 0.094 ms

Execution Time: 0.080 ms
Failed SQL 2203: SELECT D_NEXT_O_ID, D_TAX FROM DISTRICT WHERE D_W_ID = 1 AND D_ID = 10
Error Message: Cannot invoke "java.util.List.get(int)" because the return value of "sg.edu.nus.autotune.DB2DATA.getAllIndexes()" is null


===== Query 2204 =====

SQL: SELECT S_QUANTITY, S_DATA, S_DIST_01, S_DIST_02, S_DIST_03, S_DIST_04, S_DIST_05, S_DIST_06, S_DIST_07, S_DIST_08, S_DIST_09, S_DIST_10 FROM STOCK WHERE S_I_ID = 88351 AND S_W_ID = 2

EXPLAIN Plan:

Index Scan using stock_pkey on stock  (cost=0.42..8.44 rows=1 width=291) (actual time=0.902..0.906 rows=1 loops=1)

  Index Cond: ((s_w_id = 2) AND (s_i_id = 88351))

Planning Time: 0.100 ms

Execution Time: 0.933 ms
Failed SQL 2204: SELECT S_QUANTITY, S_DATA, S_DIST_01, S_DIST_02, S_DIST_03, S_DIST_04, S_DIST_05, S_DIST_06, S_DIST_07, S_DIST_08, S_DIST_09, S_DIST_10 FROM STOCK WHERE S_I_ID = 88351 AND S_W_ID = 2
Error Message: Cannot invoke "java.util.List.get(int)" because the return value of "sg.edu.nus.autotune.DB2DATA.getAllIndexes()" is null


===== Query 2205 =====

SQL: UPDATE DISTRICT SET D_NEXT_O_ID = D_NEXT_O_ID + 1 WHERE D_W_ID = 1 AND D_ID = 10

EXPLAIN Plan:

Update on district  (cost=4.28..11.67 rows=0 width=0) (actual time=0.051..0.052 rows=0 loops=1)

  ->  Bitmap Heap Scan on district  (cost=4.28..11.67 rows=2 width=10) (actual time=0.020..0.021 rows=1 loops=1)

        Recheck Cond: ((d_w_id = 1) AND (d_id = 10))

        Heap Blocks: exact=1

        ->  Bitmap Index Scan on district_pkey  (cost=0.00..4.28 rows=2 width=0) (actual time=0.011..0.011 rows=1 loops=1)

              Index Cond: ((d_w_id = 1) AND (d_id = 10))

Planning Time: 0.090 ms

Execution Time: 0.085 ms
Failed SQL 2205: UPDATE DISTRICT SET D_NEXT_O_ID = D_NEXT_O_ID + 1 WHERE D_W_ID = 1 AND D_ID = 10
Error Message: Cannot invoke "java.util.List.get(int)" because the return value of "sg.edu.nus.autotune.DB2DATA.getAllIndexes()" is null


===== Query 2206 =====

SQL: UPDATE STOCK SET S_QUANTITY = 23, S_YTD = S_YTD + 3, S_ORDER_CNT = S_ORDER_CNT + 1, S_REMOTE_CNT = S_REMOTE_CNT + 0 WHERE S_I_ID = 88351 AND S_W_ID = 2

EXPLAIN Plan:

Update on stock  (cost=0.42..8.45 rows=0 width=0) (actual time=0.101..0.102 rows=0 loops=1)

  ->  Index Scan using stock_pkey on stock  (cost=0.42..8.45 rows=1 width=32) (actual time=0.026..0.028 rows=1 loops=1)

        Index Cond: ((s_w_id = 2) AND (s_i_id = 88351))

Planning Time: 0.105 ms

Execution Time: 0.127 ms
Failed SQL 2206: UPDATE STOCK SET S_QUANTITY = 23, S_YTD = S_YTD + 3, S_ORDER_CNT = S_ORDER_CNT + 1, S_REMOTE_CNT = S_REMOTE_CNT + 0 WHERE S_I_ID = 88351 AND S_W_ID = 2
Error Message: Cannot invoke "java.util.List.get(int)" because the return value of "sg.edu.nus.autotune.DB2DATA.getAllIndexes()" is null


===== Query 2207 =====

SQL: SELECT I_PRICE, I_NAME , I_DATA FROM ITEM WHERE I_ID = 80085

EXPLAIN Plan:

Index Scan using item_pkey on item  (cost=0.29..8.31 rows=1 width=61) (actual time=0.851..0.854 rows=1 loops=1)

  Index Cond: (i_id = 80085)

Planning Time: 0.083 ms

Execution Time: 0.876 ms
Failed SQL 2207: SELECT I_PRICE, I_NAME , I_DATA FROM ITEM WHERE I_ID = 80085
Error Message: Cannot invoke "java.util.List.get(int)" because the return value of "sg.edu.nus.autotune.DB2DATA.getAllIndexes()" is null


===== Query 2208 =====

SQL: SELECT I_PRICE, I_NAME , I_DATA FROM ITEM WHERE I_ID = 40646

EXPLAIN Plan:

Index Scan using item_pkey on item  (cost=0.29..8.31 rows=1 width=61) (actual time=0.049..0.051 rows=1 loops=1)

  Index Cond: (i_id = 40646)

Planning Time: 0.083 ms

Execution Time: 0.069 ms
Failed SQL 2208: SELECT I_PRICE, I_NAME , I_DATA FROM ITEM WHERE I_ID = 40646
Error Message: Cannot invoke "java.util.List.get(int)" because the return value of "sg.edu.nus.autotune.DB2DATA.getAllIndexes()" is null


===== Query 2209 =====

SQL: SELECT S_QUANTITY, S_DATA, S_DIST_01, S_DIST_02, S_DIST_03, S_DIST_04, S_DIST_05, S_DIST_06, S_DIST_07, S_DIST_08, S_DIST_09, S_DIST_10 FROM STOCK WHERE S_I_ID = 80085 AND S_W_ID = 2

EXPLAIN Plan:

Index Scan using stock_pkey on stock  (cost=0.42..8.44 rows=1 width=291) (actual time=0.906..0.909 rows=1 loops=1)

  Index Cond: ((s_w_id = 2) AND (s_i_id = 80085))

Planning Time: 0.098 ms

Execution Time: 0.934 ms
Failed SQL 2209: SELECT S_QUANTITY, S_DATA, S_DIST_01, S_DIST_02, S_DIST_03, S_DIST_04, S_DIST_05, S_DIST_06, S_DIST_07, S_DIST_08, S_DIST_09, S_DIST_10 FROM STOCK WHERE S_I_ID = 80085 AND S_W_ID = 2
Error Message: Cannot invoke "java.util.List.get(int)" because the return value of "sg.edu.nus.autotune.DB2DATA.getAllIndexes()" is null


===== Query 2210 =====

SQL: SELECT S_QUANTITY, S_DATA, S_DIST_01, S_DIST_02, S_DIST_03, S_DIST_04, S_DIST_05, S_DIST_06, S_DIST_07, S_DIST_08, S_DIST_09, S_DIST_10 FROM STOCK WHERE S_I_ID = 40646 AND S_W_ID = 1

EXPLAIN Plan:

Index Scan using stock_pkey on stock  (cost=0.42..8.44 rows=1 width=291) (actual time=0.281..0.283 rows=1 loops=1)

  Index Cond: ((s_w_id = 1) AND (s_i_id = 40646))

Planning Time: 0.057 ms

Execution Time: 0.296 ms
Failed SQL 2210: SELECT S_QUANTITY, S_DATA, S_DIST_01, S_DIST_02, S_DIST_03, S_DIST_04, S_DIST_05, S_DIST_06, S_DIST_07, S_DIST_08, S_DIST_09, S_DIST_10 FROM STOCK WHERE S_I_ID = 40646 AND S_W_ID = 1
Error Message: Cannot invoke "java.util.List.get(int)" because the return value of "sg.edu.nus.autotune.DB2DATA.getAllIndexes()" is null


===== Query 2211 =====

SQL: UPDATE STOCK SET S_QUANTITY = 91, S_YTD = S_YTD + 10, S_ORDER_CNT = S_ORDER_CNT + 1, S_REMOTE_CNT = S_REMOTE_CNT + 0 WHERE S_I_ID = 40646 AND S_W_ID = 1

EXPLAIN Plan:

Update on stock  (cost=0.42..8.45 rows=0 width=0) (actual time=0.107..0.107 rows=0 loops=1)

  ->  Index Scan using stock_pkey on stock  (cost=0.42..8.45 rows=1 width=32) (actual time=0.024..0.025 rows=1 loops=1)

        Index Cond: ((s_w_id = 1) AND (s_i_id = 40646))

Planning Time: 0.101 ms

Execution Time: 0.136 ms
Failed SQL 2211: UPDATE STOCK SET S_QUANTITY = 91, S_YTD = S_YTD + 10, S_ORDER_CNT = S_ORDER_CNT + 1, S_REMOTE_CNT = S_REMOTE_CNT + 0 WHERE S_I_ID = 40646 AND S_W_ID = 1
Error Message: Cannot invoke "java.util.List.get(int)" because the return value of "sg.edu.nus.autotune.DB2DATA.getAllIndexes()" is null


===== Query 2212 =====

SQL: SELECT I_PRICE, I_NAME , I_DATA FROM ITEM WHERE I_ID = 78823

EXPLAIN Plan:

Index Scan using item_pkey on item  (cost=0.29..8.31 rows=1 width=61) (actual time=0.056..0.057 rows=1 loops=1)

  Index Cond: (i_id = 78823)

Planning Time: 0.083 ms

Execution Time: 0.076 ms
Failed SQL 2212: SELECT I_PRICE, I_NAME , I_DATA FROM ITEM WHERE I_ID = 78823
Error Message: Cannot invoke "java.util.List.get(int)" because the return value of "sg.edu.nus.autotune.DB2DATA.getAllIndexes()" is null


===== Query 2213 =====

SQL: SELECT S_QUANTITY, S_DATA, S_DIST_01, S_DIST_02, S_DIST_03, S_DIST_04, S_DIST_05, S_DIST_06, S_DIST_07, S_DIST_08, S_DIST_09, S_DIST_10 FROM STOCK WHERE S_I_ID = 78823 AND S_W_ID = 1

EXPLAIN Plan:

Index Scan using stock_pkey on stock  (cost=0.42..8.44 rows=1 width=291) (actual time=0.823..0.825 rows=1 loops=1)

  Index Cond: ((s_w_id = 1) AND (s_i_id = 78823))

Planning Time: 0.076 ms

Execution Time: 0.845 ms
Failed SQL 2213: SELECT S_QUANTITY, S_DATA, S_DIST_01, S_DIST_02, S_DIST_03, S_DIST_04, S_DIST_05, S_DIST_06, S_DIST_07, S_DIST_08, S_DIST_09, S_DIST_10 FROM STOCK WHERE S_I_ID = 78823 AND S_W_ID = 1
Error Message: Cannot invoke "java.util.List.get(int)" because the return value of "sg.edu.nus.autotune.DB2DATA.getAllIndexes()" is null


===== Query 2214 =====

SQL: UPDATE STOCK SET S_QUANTITY = 57, S_YTD = S_YTD + 7, S_ORDER_CNT = S_ORDER_CNT + 1, S_REMOTE_CNT = S_REMOTE_CNT + 0 WHERE S_I_ID = 80085 AND S_W_ID = 2

EXPLAIN Plan:

Update on stock  (cost=0.42..8.45 rows=0 width=0) (actual time=0.104..0.104 rows=0 loops=1)

  ->  Index Scan using stock_pkey on stock  (cost=0.42..8.45 rows=1 width=32) (actual time=0.033..0.042 rows=1 loops=1)

        Index Cond: ((s_w_id = 2) AND (s_i_id = 80085))

Planning Time: 0.107 ms

Execution Time: 0.135 ms
Failed SQL 2214: UPDATE STOCK SET S_QUANTITY = 57, S_YTD = S_YTD + 7, S_ORDER_CNT = S_ORDER_CNT + 1, S_REMOTE_CNT = S_REMOTE_CNT + 0 WHERE S_I_ID = 80085 AND S_W_ID = 2
Error Message: Cannot invoke "java.util.List.get(int)" because the return value of "sg.edu.nus.autotune.DB2DATA.getAllIndexes()" is null


===== Query 2215 =====

SQL: SELECT I_PRICE, I_NAME , I_DATA FROM ITEM WHERE I_ID = 3909

EXPLAIN Plan:

Index Scan using item_pkey on item  (cost=0.29..8.31 rows=1 width=61) (actual time=0.860..0.862 rows=1 loops=1)

  Index Cond: (i_id = 3909)

Planning Time: 0.078 ms

Execution Time: 0.889 ms
Failed SQL 2215: SELECT I_PRICE, I_NAME , I_DATA FROM ITEM WHERE I_ID = 3909
Error Message: Cannot invoke "java.util.List.get(int)" because the return value of "sg.edu.nus.autotune.DB2DATA.getAllIndexes()" is null


===== Query 2216 =====

SQL: SELECT S_QUANTITY, S_DATA, S_DIST_01, S_DIST_02, S_DIST_03, S_DIST_04, S_DIST_05, S_DIST_06, S_DIST_07, S_DIST_08, S_DIST_09, S_DIST_10 FROM STOCK WHERE S_I_ID = 3909 AND S_W_ID = 1

EXPLAIN Plan:

Index Scan using stock_pkey on stock  (cost=0.42..8.44 rows=1 width=291) (actual time=0.390..0.393 rows=1 loops=1)

  Index Cond: ((s_w_id = 1) AND (s_i_id = 3909))

Planning Time: 0.109 ms

Execution Time: 0.420 ms
Failed SQL 2216: SELECT S_QUANTITY, S_DATA, S_DIST_01, S_DIST_02, S_DIST_03, S_DIST_04, S_DIST_05, S_DIST_06, S_DIST_07, S_DIST_08, S_DIST_09, S_DIST_10 FROM STOCK WHERE S_I_ID = 3909 AND S_W_ID = 1
Error Message: Cannot invoke "java.util.List.get(int)" because the return value of "sg.edu.nus.autotune.DB2DATA.getAllIndexes()" is null


===== Query 2217 =====

SQL: UPDATE STOCK SET S_QUANTITY = 46, S_YTD = S_YTD + 2, S_ORDER_CNT = S_ORDER_CNT + 1, S_REMOTE_CNT = S_REMOTE_CNT + 1 WHERE S_I_ID = 3909 AND S_W_ID = 1

EXPLAIN Plan:

Update on stock  (cost=0.42..8.45 rows=0 width=0) (actual time=0.104..0.105 rows=0 loops=1)

  ->  Index Scan using stock_pkey on stock  (cost=0.42..8.45 rows=1 width=32) (actual time=0.051..0.052 rows=1 loops=1)

        Index Cond: ((s_w_id = 1) AND (s_i_id = 3909))

Planning Time: 1.285 ms

Execution Time: 0.244 ms
Failed SQL 2217: UPDATE STOCK SET S_QUANTITY = 46, S_YTD = S_YTD + 2, S_ORDER_CNT = S_ORDER_CNT + 1, S_REMOTE_CNT = S_REMOTE_CNT + 1 WHERE S_I_ID = 3909 AND S_W_ID = 1
Error Message: Cannot invoke "java.util.List.get(int)" because the return value of "sg.edu.nus.autotune.DB2DATA.getAllIndexes()" is null


===== Query 2218 =====

SQL: SELECT I_PRICE, I_NAME , I_DATA FROM ITEM WHERE I_ID = 4899

EXPLAIN Plan:

Index Scan using item_pkey on item  (cost=0.29..8.31 rows=1 width=61) (actual time=0.050..0.051 rows=1 loops=1)

  Index Cond: (i_id = 4899)

Planning Time: 0.073 ms

Execution Time: 0.069 ms
Failed SQL 2218: SELECT I_PRICE, I_NAME , I_DATA FROM ITEM WHERE I_ID = 4899
Error Message: Cannot invoke "java.util.List.get(int)" because the return value of "sg.edu.nus.autotune.DB2DATA.getAllIndexes()" is null


===== Query 2219 =====

SQL: UPDATE STOCK SET S_QUANTITY = 56, S_YTD = S_YTD + 3, S_ORDER_CNT = S_ORDER_CNT + 1, S_REMOTE_CNT = S_REMOTE_CNT + 0 WHERE S_I_ID = 78823 AND S_W_ID = 1

EXPLAIN Plan:

Update on stock  (cost=0.42..8.45 rows=0 width=0) (actual time=0.087..0.088 rows=0 loops=1)

  ->  Index Scan using stock_pkey on stock  (cost=0.42..8.45 rows=1 width=32) (actual time=0.029..0.031 rows=1 loops=1)

        Index Cond: ((s_w_id = 1) AND (s_i_id = 78823))

Planning Time: 0.100 ms

Execution Time: 0.116 ms
Failed SQL 2219: UPDATE STOCK SET S_QUANTITY = 56, S_YTD = S_YTD + 3, S_ORDER_CNT = S_ORDER_CNT + 1, S_REMOTE_CNT = S_REMOTE_CNT + 0 WHERE S_I_ID = 78823 AND S_W_ID = 1
Error Message: Cannot invoke "java.util.List.get(int)" because the return value of "sg.edu.nus.autotune.DB2DATA.getAllIndexes()" is null


===== Query 2220 =====

SQL: SELECT S_QUANTITY, S_DATA, S_DIST_01, S_DIST_02, S_DIST_03, S_DIST_04, S_DIST_05, S_DIST_06, S_DIST_07, S_DIST_08, S_DIST_09, S_DIST_10 FROM STOCK WHERE S_I_ID = 4899 AND S_W_ID = 2

EXPLAIN Plan:

Index Scan using stock_pkey on stock  (cost=0.42..8.44 rows=1 width=291) (actual time=0.875..0.878 rows=1 loops=1)

  Index Cond: ((s_w_id = 2) AND (s_i_id = 4899))

Planning Time: 0.100 ms

Execution Time: 0.903 ms
Failed SQL 2220: SELECT S_QUANTITY, S_DATA, S_DIST_01, S_DIST_02, S_DIST_03, S_DIST_04, S_DIST_05, S_DIST_06, S_DIST_07, S_DIST_08, S_DIST_09, S_DIST_10 FROM STOCK WHERE S_I_ID = 4899 AND S_W_ID = 2
Error Message: Cannot invoke "java.util.List.get(int)" because the return value of "sg.edu.nus.autotune.DB2DATA.getAllIndexes()" is null


===== Query 2221 =====

SQL: SELECT I_PRICE, I_NAME , I_DATA FROM ITEM WHERE I_ID = 22162

EXPLAIN Plan:

Index Scan using item_pkey on item  (cost=0.29..8.31 rows=1 width=61) (actual time=0.060..0.062 rows=1 loops=1)

  Index Cond: (i_id = 22162)

Planning Time: 0.087 ms

Execution Time: 0.080 ms
Failed SQL 2221: SELECT I_PRICE, I_NAME , I_DATA FROM ITEM WHERE I_ID = 22162
Error Message: Cannot invoke "java.util.List.get(int)" because the return value of "sg.edu.nus.autotune.DB2DATA.getAllIndexes()" is null


===== Query 2222 =====

SQL: SELECT S_QUANTITY, S_DATA, S_DIST_01, S_DIST_02, S_DIST_03, S_DIST_04, S_DIST_05, S_DIST_06, S_DIST_07, S_DIST_08, S_DIST_09, S_DIST_10 FROM STOCK WHERE S_I_ID = 22162 AND S_W_ID = 1

EXPLAIN Plan:

Index Scan using stock_pkey on stock  (cost=0.42..8.44 rows=1 width=291) (actual time=0.043..0.044 rows=1 loops=1)

  Index Cond: ((s_w_id = 1) AND (s_i_id = 22162))

Planning Time: 0.070 ms

Execution Time: 0.059 ms
Failed SQL 2222: SELECT S_QUANTITY, S_DATA, S_DIST_01, S_DIST_02, S_DIST_03, S_DIST_04, S_DIST_05, S_DIST_06, S_DIST_07, S_DIST_08, S_DIST_09, S_DIST_10 FROM STOCK WHERE S_I_ID = 22162 AND S_W_ID = 1
Error Message: Cannot invoke "java.util.List.get(int)" because the return value of "sg.edu.nus.autotune.DB2DATA.getAllIndexes()" is null


===== Query 2223 =====

SQL: UPDATE STOCK SET S_QUANTITY = 25, S_YTD = S_YTD + 4, S_ORDER_CNT = S_ORDER_CNT + 1, S_REMOTE_CNT = S_REMOTE_CNT + 0 WHERE S_I_ID = 4899 AND S_W_ID = 2

EXPLAIN Plan:

Update on stock  (cost=0.42..8.45 rows=0 width=0) (actual time=0.127..0.127 rows=0 loops=1)

  ->  Index Scan using stock_pkey on stock  (cost=0.42..8.45 rows=1 width=32) (actual time=0.039..0.041 rows=1 loops=1)

        Index Cond: ((s_w_id = 2) AND (s_i_id = 4899))

Planning Time: 0.105 ms

Execution Time: 0.155 ms
Failed SQL 2223: UPDATE STOCK SET S_QUANTITY = 25, S_YTD = S_YTD + 4, S_ORDER_CNT = S_ORDER_CNT + 1, S_REMOTE_CNT = S_REMOTE_CNT + 0 WHERE S_I_ID = 4899 AND S_W_ID = 2
Error Message: Cannot invoke "java.util.List.get(int)" because the return value of "sg.edu.nus.autotune.DB2DATA.getAllIndexes()" is null


===== Query 2224 =====

SQL: SELECT I_PRICE, I_NAME , I_DATA FROM ITEM WHERE I_ID = 41938

EXPLAIN Plan:

Index Scan using item_pkey on item  (cost=0.29..8.31 rows=1 width=61) (actual time=0.880..0.883 rows=1 loops=1)

  Index Cond: (i_id = 41938)

Planning Time: 0.078 ms

Execution Time: 0.905 ms
Failed SQL 2224: SELECT I_PRICE, I_NAME , I_DATA FROM ITEM WHERE I_ID = 41938
Error Message: Cannot invoke "java.util.List.get(int)" because the return value of "sg.edu.nus.autotune.DB2DATA.getAllIndexes()" is null


===== Query 2225 =====

SQL: UPDATE STOCK SET S_QUANTITY = 37, S_YTD = S_YTD + 5, S_ORDER_CNT = S_ORDER_CNT + 1, S_REMOTE_CNT = S_REMOTE_CNT + 0 WHERE S_I_ID = 22162 AND S_W_ID = 1

EXPLAIN Plan:

Update on stock  (cost=0.42..8.45 rows=0 width=0) (actual time=0.110..0.111 rows=0 loops=1)

  ->  Index Scan using stock_pkey on stock  (cost=0.42..8.45 rows=1 width=32) (actual time=0.027..0.029 rows=1 loops=1)

        Index Cond: ((s_w_id = 1) AND (s_i_id = 22162))

Planning Time: 0.109 ms

Execution Time: 0.142 ms
Failed SQL 2225: UPDATE STOCK SET S_QUANTITY = 37, S_YTD = S_YTD + 5, S_ORDER_CNT = S_ORDER_CNT + 1, S_REMOTE_CNT = S_REMOTE_CNT + 0 WHERE S_I_ID = 22162 AND S_W_ID = 1
Error Message: Cannot invoke "java.util.List.get(int)" because the return value of "sg.edu.nus.autotune.DB2DATA.getAllIndexes()" is null


===== Query 2226 =====

SQL: SELECT I_PRICE, I_NAME , I_DATA FROM ITEM WHERE I_ID = 73189

EXPLAIN Plan:

Index Scan using item_pkey on item  (cost=0.29..8.31 rows=1 width=61) (actual time=0.048..0.049 rows=1 loops=1)

  Index Cond: (i_id = 73189)

Planning Time: 0.088 ms

Execution Time: 0.069 ms
Failed SQL 2226: SELECT I_PRICE, I_NAME , I_DATA FROM ITEM WHERE I_ID = 73189
Error Message: Cannot invoke "java.util.List.get(int)" because the return value of "sg.edu.nus.autotune.DB2DATA.getAllIndexes()" is null


===== Query 2227 =====

SQL: SELECT S_QUANTITY, S_DATA, S_DIST_01, S_DIST_02, S_DIST_03, S_DIST_04, S_DIST_05, S_DIST_06, S_DIST_07, S_DIST_08, S_DIST_09, S_DIST_10 FROM STOCK WHERE S_I_ID = 73189 AND S_W_ID = 1

EXPLAIN Plan:

Index Scan using stock_pkey on stock  (cost=0.42..8.44 rows=1 width=291) (actual time=0.084..0.086 rows=1 loops=1)

  Index Cond: ((s_w_id = 1) AND (s_i_id = 73189))

Planning Time: 0.113 ms

Execution Time: 0.112 ms
Failed SQL 2227: SELECT S_QUANTITY, S_DATA, S_DIST_01, S_DIST_02, S_DIST_03, S_DIST_04, S_DIST_05, S_DIST_06, S_DIST_07, S_DIST_08, S_DIST_09, S_DIST_10 FROM STOCK WHERE S_I_ID = 73189 AND S_W_ID = 1
Error Message: Cannot invoke "java.util.List.get(int)" because the return value of "sg.edu.nus.autotune.DB2DATA.getAllIndexes()" is null


===== Query 2228 =====

SQL: UPDATE STOCK SET S_QUANTITY = 75, S_YTD = S_YTD + 2, S_ORDER_CNT = S_ORDER_CNT + 1, S_REMOTE_CNT = S_REMOTE_CNT + 0 WHERE S_I_ID = 73189 AND S_W_ID = 1

EXPLAIN Plan:

Update on stock  (cost=0.42..8.45 rows=0 width=0) (actual time=0.079..0.080 rows=0 loops=1)

  ->  Index Scan using stock_pkey on stock  (cost=0.42..8.45 rows=1 width=32) (actual time=0.036..0.037 rows=1 loops=1)

        Index Cond: ((s_w_id = 1) AND (s_i_id = 73189))

Planning Time: 0.108 ms

Execution Time: 0.111 ms
Failed SQL 2228: UPDATE STOCK SET S_QUANTITY = 75, S_YTD = S_YTD + 2, S_ORDER_CNT = S_ORDER_CNT + 1, S_REMOTE_CNT = S_REMOTE_CNT + 0 WHERE S_I_ID = 73189 AND S_W_ID = 1
Error Message: Cannot invoke "java.util.List.get(int)" because the return value of "sg.edu.nus.autotune.DB2DATA.getAllIndexes()" is null


===== Query 2229 =====

SQL: SELECT I_PRICE, I_NAME , I_DATA FROM ITEM WHERE I_ID = 1991

EXPLAIN Plan:

Index Scan using item_pkey on item  (cost=0.29..8.31 rows=1 width=61) (actual time=0.384..0.386 rows=1 loops=1)

  Index Cond: (i_id = 1991)

Planning Time: 0.071 ms

Execution Time: 0.407 ms
Failed SQL 2229: SELECT I_PRICE, I_NAME , I_DATA FROM ITEM WHERE I_ID = 1991
Error Message: Cannot invoke "java.util.List.get(int)" because the return value of "sg.edu.nus.autotune.DB2DATA.getAllIndexes()" is null


===== Query 2230 =====

SQL: SELECT S_QUANTITY, S_DATA, S_DIST_01, S_DIST_02, S_DIST_03, S_DIST_04, S_DIST_05, S_DIST_06, S_DIST_07, S_DIST_08, S_DIST_09, S_DIST_10 FROM STOCK WHERE S_I_ID = 1991 AND S_W_ID = 1

EXPLAIN Plan:

Index Scan using stock_pkey on stock  (cost=0.42..8.44 rows=1 width=291) (actual time=1.386..1.389 rows=1 loops=1)

  Index Cond: ((s_w_id = 1) AND (s_i_id = 1991))

Planning Time: 0.099 ms

Execution Time: 1.414 ms
Failed SQL 2230: SELECT S_QUANTITY, S_DATA, S_DIST_01, S_DIST_02, S_DIST_03, S_DIST_04, S_DIST_05, S_DIST_06, S_DIST_07, S_DIST_08, S_DIST_09, S_DIST_10 FROM STOCK WHERE S_I_ID = 1991 AND S_W_ID = 1
Error Message: Cannot invoke "java.util.List.get(int)" because the return value of "sg.edu.nus.autotune.DB2DATA.getAllIndexes()" is null


===== Query 2231 =====

SQL: SELECT S_QUANTITY, S_DATA, S_DIST_01, S_DIST_02, S_DIST_03, S_DIST_04, S_DIST_05, S_DIST_06, S_DIST_07, S_DIST_08, S_DIST_09, S_DIST_10 FROM STOCK WHERE S_I_ID = 41938 AND S_W_ID = 2

EXPLAIN Plan:

Index Scan using stock_pkey on stock  (cost=0.42..8.44 rows=1 width=291) (actual time=0.892..0.895 rows=1 loops=1)

  Index Cond: ((s_w_id = 2) AND (s_i_id = 41938))

Planning Time: 0.095 ms

Execution Time: 0.919 ms
Failed SQL 2231: SELECT S_QUANTITY, S_DATA, S_DIST_01, S_DIST_02, S_DIST_03, S_DIST_04, S_DIST_05, S_DIST_06, S_DIST_07, S_DIST_08, S_DIST_09, S_DIST_10 FROM STOCK WHERE S_I_ID = 41938 AND S_W_ID = 2
Error Message: Cannot invoke "java.util.List.get(int)" because the return value of "sg.edu.nus.autotune.DB2DATA.getAllIndexes()" is null


===== Query 2232 =====

SQL: UPDATE STOCK SET S_QUANTITY = 60, S_YTD = S_YTD + 5, S_ORDER_CNT = S_ORDER_CNT + 1, S_REMOTE_CNT = S_REMOTE_CNT + 0 WHERE S_I_ID = 41938 AND S_W_ID = 2

EXPLAIN Plan:

Update on stock  (cost=0.42..8.45 rows=0 width=0) (actual time=0.081..0.081 rows=0 loops=1)

  ->  Index Scan using stock_pkey on stock  (cost=0.42..8.45 rows=1 width=32) (actual time=0.017..0.018 rows=1 loops=1)

        Index Cond: ((s_w_id = 2) AND (s_i_id = 41938))

Planning Time: 0.061 ms

Execution Time: 0.097 ms
Failed SQL 2232: UPDATE STOCK SET S_QUANTITY = 60, S_YTD = S_YTD + 5, S_ORDER_CNT = S_ORDER_CNT + 1, S_REMOTE_CNT = S_REMOTE_CNT + 0 WHERE S_I_ID = 41938 AND S_W_ID = 2
Error Message: Cannot invoke "java.util.List.get(int)" because the return value of "sg.edu.nus.autotune.DB2DATA.getAllIndexes()" is null


===== Query 2233 =====

SQL: SELECT I_PRICE, I_NAME , I_DATA FROM ITEM WHERE I_ID = 97975

EXPLAIN Plan:

Index Scan using item_pkey on item  (cost=0.29..8.31 rows=1 width=61) (actual time=0.036..0.038 rows=1 loops=1)

  Index Cond: (i_id = 97975)

Planning Time: 0.085 ms

Execution Time: 0.056 ms
Failed SQL 2233: SELECT I_PRICE, I_NAME , I_DATA FROM ITEM WHERE I_ID = 97975
Error Message: Cannot invoke "java.util.List.get(int)" because the return value of "sg.edu.nus.autotune.DB2DATA.getAllIndexes()" is null


===== Query 2234 =====

SQL: SELECT S_QUANTITY, S_DATA, S_DIST_01, S_DIST_02, S_DIST_03, S_DIST_04, S_DIST_05, S_DIST_06, S_DIST_07, S_DIST_08, S_DIST_09, S_DIST_10 FROM STOCK WHERE S_I_ID = 97975 AND S_W_ID = 2

EXPLAIN Plan:

Index Scan using stock_pkey on stock  (cost=0.42..8.44 rows=1 width=291) (actual time=0.072..0.074 rows=1 loops=1)

  Index Cond: ((s_w_id = 2) AND (s_i_id = 97975))

Planning Time: 0.094 ms

Execution Time: 0.096 ms
Failed SQL 2234: SELECT S_QUANTITY, S_DATA, S_DIST_01, S_DIST_02, S_DIST_03, S_DIST_04, S_DIST_05, S_DIST_06, S_DIST_07, S_DIST_08, S_DIST_09, S_DIST_10 FROM STOCK WHERE S_I_ID = 97975 AND S_W_ID = 2
Error Message: Cannot invoke "java.util.List.get(int)" because the return value of "sg.edu.nus.autotune.DB2DATA.getAllIndexes()" is null


===== Query 2235 =====

SQL: UPDATE STOCK SET S_QUANTITY = 94, S_YTD = S_YTD + 7, S_ORDER_CNT = S_ORDER_CNT + 1, S_REMOTE_CNT = S_REMOTE_CNT + 0 WHERE S_I_ID = 97975 AND S_W_ID = 2

EXPLAIN Plan:

Update on stock  (cost=0.42..8.45 rows=0 width=0) (actual time=0.104..0.105 rows=0 loops=1)

  ->  Index Scan using stock_pkey on stock  (cost=0.42..8.45 rows=1 width=32) (actual time=0.026..0.028 rows=1 loops=1)

        Index Cond: ((s_w_id = 2) AND (s_i_id = 97975))

Planning Time: 0.109 ms

Execution Time: 0.133 ms
Failed SQL 2235: UPDATE STOCK SET S_QUANTITY = 94, S_YTD = S_YTD + 7, S_ORDER_CNT = S_ORDER_CNT + 1, S_REMOTE_CNT = S_REMOTE_CNT + 0 WHERE S_I_ID = 97975 AND S_W_ID = 2
Error Message: Cannot invoke "java.util.List.get(int)" because the return value of "sg.edu.nus.autotune.DB2DATA.getAllIndexes()" is null


===== Query 2236 =====

SQL: UPDATE STOCK SET S_QUANTITY = 49, S_YTD = S_YTD + 7, S_ORDER_CNT = S_ORDER_CNT + 1, S_REMOTE_CNT = S_REMOTE_CNT + 0 WHERE S_I_ID = 1991 AND S_W_ID = 1

EXPLAIN Plan:

Update on stock  (cost=0.42..8.45 rows=0 width=0) (actual time=0.096..0.097 rows=0 loops=1)

  ->  Index Scan using stock_pkey on stock  (cost=0.42..8.45 rows=1 width=32) (actual time=0.029..0.031 rows=1 loops=1)

        Index Cond: ((s_w_id = 1) AND (s_i_id = 1991))

Planning Time: 0.119 ms

Execution Time: 0.132 ms
Failed SQL 2236: UPDATE STOCK SET S_QUANTITY = 49, S_YTD = S_YTD + 7, S_ORDER_CNT = S_ORDER_CNT + 1, S_REMOTE_CNT = S_REMOTE_CNT + 0 WHERE S_I_ID = 1991 AND S_W_ID = 1
Error Message: Cannot invoke "java.util.List.get(int)" because the return value of "sg.edu.nus.autotune.DB2DATA.getAllIndexes()" is null


===== Query 2237 =====

SQL: SELECT I_PRICE, I_NAME , I_DATA FROM ITEM WHERE I_ID = 40415

EXPLAIN Plan:

Index Scan using item_pkey on item  (cost=0.29..8.31 rows=1 width=61) (actual time=0.065..0.067 rows=1 loops=1)

  Index Cond: (i_id = 40415)

Planning Time: 0.090 ms

Execution Time: 0.087 ms
Failed SQL 2237: SELECT I_PRICE, I_NAME , I_DATA FROM ITEM WHERE I_ID = 40415
Error Message: Cannot invoke "java.util.List.get(int)" because the return value of "sg.edu.nus.autotune.DB2DATA.getAllIndexes()" is null


===== Query 2238 =====

SQL: SELECT S_QUANTITY, S_DATA, S_DIST_01, S_DIST_02, S_DIST_03, S_DIST_04, S_DIST_05, S_DIST_06, S_DIST_07, S_DIST_08, S_DIST_09, S_DIST_10 FROM STOCK WHERE S_I_ID = 40415 AND S_W_ID = 1

EXPLAIN Plan:

Index Scan using stock_pkey on stock  (cost=0.42..8.44 rows=1 width=291) (actual time=0.889..0.892 rows=1 loops=1)

  Index Cond: ((s_w_id = 1) AND (s_i_id = 40415))

Planning Time: 0.104 ms

Execution Time: 0.914 ms
Failed SQL 2238: SELECT S_QUANTITY, S_DATA, S_DIST_01, S_DIST_02, S_DIST_03, S_DIST_04, S_DIST_05, S_DIST_06, S_DIST_07, S_DIST_08, S_DIST_09, S_DIST_10 FROM STOCK WHERE S_I_ID = 40415 AND S_W_ID = 1
Error Message: Cannot invoke "java.util.List.get(int)" because the return value of "sg.edu.nus.autotune.DB2DATA.getAllIndexes()" is null


===== Query 2239 =====

SQL: UPDATE STOCK SET S_QUANTITY = 89, S_YTD = S_YTD + 5, S_ORDER_CNT = S_ORDER_CNT + 1, S_REMOTE_CNT = S_REMOTE_CNT + 0 WHERE S_I_ID = 40415 AND S_W_ID = 1

EXPLAIN Plan:

Update on stock  (cost=0.42..8.45 rows=0 width=0) (actual time=0.068..0.068 rows=0 loops=1)

  ->  Index Scan using stock_pkey on stock  (cost=0.42..8.45 rows=1 width=32) (actual time=0.030..0.031 rows=1 loops=1)

        Index Cond: ((s_w_id = 1) AND (s_i_id = 40415))

Planning Time: 0.122 ms

Execution Time: 0.097 ms
Failed SQL 2239: UPDATE STOCK SET S_QUANTITY = 89, S_YTD = S_YTD + 5, S_ORDER_CNT = S_ORDER_CNT + 1, S_REMOTE_CNT = S_REMOTE_CNT + 0 WHERE S_I_ID = 40415 AND S_W_ID = 1
Error Message: Cannot invoke "java.util.List.get(int)" because the return value of "sg.edu.nus.autotune.DB2DATA.getAllIndexes()" is null


===== Query 2240 =====

SQL: SELECT I_PRICE, I_NAME , I_DATA FROM ITEM WHERE I_ID = 95463

EXPLAIN Plan:

Index Scan using item_pkey on item  (cost=0.29..8.31 rows=1 width=61) (actual time=1.787..1.789 rows=1 loops=1)

  Index Cond: (i_id = 95463)

Planning Time: 0.083 ms

Execution Time: 1.811 ms
Failed SQL 2240: SELECT I_PRICE, I_NAME , I_DATA FROM ITEM WHERE I_ID = 95463
Error Message: Cannot invoke "java.util.List.get(int)" because the return value of "sg.edu.nus.autotune.DB2DATA.getAllIndexes()" is null


===== Query 2241 =====

SQL: SELECT S_QUANTITY, S_DATA, S_DIST_01, S_DIST_02, S_DIST_03, S_DIST_04, S_DIST_05, S_DIST_06, S_DIST_07, S_DIST_08, S_DIST_09, S_DIST_10 FROM STOCK WHERE S_I_ID = 95463 AND S_W_ID = 1

EXPLAIN Plan:

Index Scan using stock_pkey on stock  (cost=0.42..8.44 rows=1 width=291) (actual time=0.949..0.952 rows=1 loops=1)

  Index Cond: ((s_w_id = 1) AND (s_i_id = 95463))

Planning Time: 0.110 ms

Execution Time: 0.978 ms
Failed SQL 2241: SELECT S_QUANTITY, S_DATA, S_DIST_01, S_DIST_02, S_DIST_03, S_DIST_04, S_DIST_05, S_DIST_06, S_DIST_07, S_DIST_08, S_DIST_09, S_DIST_10 FROM STOCK WHERE S_I_ID = 95463 AND S_W_ID = 1
Error Message: Cannot invoke "java.util.List.get(int)" because the return value of "sg.edu.nus.autotune.DB2DATA.getAllIndexes()" is null


===== Query 2242 =====

SQL: SELECT C_DISCOUNT, C_LAST, C_CREDIT, W_TAX FROM CUSTOMER, WAREHOUSE WHERE W_ID = 2 AND C_W_ID = 2 AND C_D_ID = 8 AND C_ID = 1469

EXPLAIN Plan:

Nested Loop  (cost=4.56..16.61 rows=1 width=26) (actual time=0.928..0.931 rows=1 loops=1)

  ->  Index Scan using customer_pkey on customer  (cost=0.42..8.44 rows=1 width=21) (actual time=0.902..0.904 rows=1 loops=1)

        Index Cond: ((c_w_id = 2) AND (c_d_id = 8) AND (c_id = 1469))

  ->  Bitmap Heap Scan on warehouse  (cost=4.14..8.15 rows=1 width=5) (actual time=0.013..0.014 rows=1 loops=1)

        Recheck Cond: (w_id = 2)

        Heap Blocks: exact=1

        ->  Bitmap Index Scan on warehouse_pkey  (cost=0.00..4.14 rows=1 width=0) (actual time=0.006..0.007 rows=1 loops=1)

              Index Cond: (w_id = 2)

Planning Time: 0.164 ms

Execution Time: 0.973 ms
Failed SQL 2242: SELECT C_DISCOUNT, C_LAST, C_CREDIT, W_TAX FROM CUSTOMER, WAREHOUSE WHERE W_ID = 2 AND C_W_ID = 2 AND C_D_ID = 8 AND C_ID = 1469
Error Message: Cannot invoke "java.util.List.get(int)" because the return value of "sg.edu.nus.autotune.DB2DATA.getAllIndexes()" is null


===== Query 2243 =====

SQL: UPDATE STOCK SET S_QUANTITY = 29, S_YTD = S_YTD + 5, S_ORDER_CNT = S_ORDER_CNT + 1, S_REMOTE_CNT = S_REMOTE_CNT + 0 WHERE S_I_ID = 95463 AND S_W_ID = 1

EXPLAIN Plan:

Update on stock  (cost=0.42..8.45 rows=0 width=0) (actual time=0.147..0.148 rows=0 loops=1)

  ->  Index Scan using stock_pkey on stock  (cost=0.42..8.45 rows=1 width=32) (actual time=0.030..0.032 rows=1 loops=1)

        Index Cond: ((s_w_id = 1) AND (s_i_id = 95463))

Planning Time: 0.128 ms

Execution Time: 0.184 ms
Failed SQL 2243: UPDATE STOCK SET S_QUANTITY = 29, S_YTD = S_YTD + 5, S_ORDER_CNT = S_ORDER_CNT + 1, S_REMOTE_CNT = S_REMOTE_CNT + 0 WHERE S_I_ID = 95463 AND S_W_ID = 1
Error Message: Cannot invoke "java.util.List.get(int)" because the return value of "sg.edu.nus.autotune.DB2DATA.getAllIndexes()" is null


===== Query 2244 =====

SQL: SELECT I_PRICE, I_NAME , I_DATA FROM ITEM WHERE I_ID = 23639

EXPLAIN Plan:

Index Scan using item_pkey on item  (cost=0.29..8.31 rows=1 width=61) (actual time=0.370..0.372 rows=1 loops=1)

  Index Cond: (i_id = 23639)

Planning Time: 0.078 ms

Execution Time: 0.391 ms
Failed SQL 2244: SELECT I_PRICE, I_NAME , I_DATA FROM ITEM WHERE I_ID = 23639
Error Message: Cannot invoke "java.util.List.get(int)" because the return value of "sg.edu.nus.autotune.DB2DATA.getAllIndexes()" is null


===== Query 2245 =====

SQL: SELECT D_NEXT_O_ID, D_TAX FROM DISTRICT WHERE D_W_ID = 2 AND D_ID = 8

EXPLAIN Plan:

Bitmap Heap Scan on district  (cost=4.28..11.66 rows=2 width=9) (actual time=0.015..0.016 rows=1 loops=1)

  Recheck Cond: ((d_w_id = 2) AND (d_id = 8))

  Heap Blocks: exact=1

  ->  Bitmap Index Scan on district_pkey  (cost=0.00..4.28 rows=2 width=0) (actual time=0.008..0.008 rows=1 loops=1)

        Index Cond: ((d_w_id = 2) AND (d_id = 8))

Planning Time: 0.058 ms

Execution Time: 0.031 ms
Failed SQL 2245: SELECT D_NEXT_O_ID, D_TAX FROM DISTRICT WHERE D_W_ID = 2 AND D_ID = 8
Error Message: Cannot invoke "java.util.List.get(int)" because the return value of "sg.edu.nus.autotune.DB2DATA.getAllIndexes()" is null


===== Query 2246 =====

SQL: UPDATE DISTRICT SET D_NEXT_O_ID = D_NEXT_O_ID + 1 WHERE D_W_ID = 2 AND D_ID = 8

EXPLAIN Plan:

Update on district  (cost=4.28..11.67 rows=0 width=0) (actual time=0.061..0.062 rows=0 loops=1)

  ->  Bitmap Heap Scan on district  (cost=4.28..11.67 rows=2 width=10) (actual time=0.025..0.026 rows=1 loops=1)

        Recheck Cond: ((d_w_id = 2) AND (d_id = 8))

        Heap Blocks: exact=1

        ->  Bitmap Index Scan on district_pkey  (cost=0.00..4.28 rows=2 width=0) (actual time=0.014..0.014 rows=1 loops=1)

              Index Cond: ((d_w_id = 2) AND (d_id = 8))

Planning Time: 0.107 ms

Execution Time: 0.097 ms
Failed SQL 2246: UPDATE DISTRICT SET D_NEXT_O_ID = D_NEXT_O_ID + 1 WHERE D_W_ID = 2 AND D_ID = 8
Error Message: Cannot invoke "java.util.List.get(int)" because the return value of "sg.edu.nus.autotune.DB2DATA.getAllIndexes()" is null


===== Query 2247 =====

SQL: SELECT S_QUANTITY, S_DATA, S_DIST_01, S_DIST_02, S_DIST_03, S_DIST_04, S_DIST_05, S_DIST_06, S_DIST_07, S_DIST_08, S_DIST_09, S_DIST_10 FROM STOCK WHERE S_I_ID = 23639 AND S_W_ID = 1

EXPLAIN Plan:

Index Scan using stock_pkey on stock  (cost=0.42..8.44 rows=1 width=291) (actual time=0.426..0.428 rows=1 loops=1)

  Index Cond: ((s_w_id = 1) AND (s_i_id = 23639))

Planning Time: 0.111 ms

Execution Time: 0.455 ms
Failed SQL 2247: SELECT S_QUANTITY, S_DATA, S_DIST_01, S_DIST_02, S_DIST_03, S_DIST_04, S_DIST_05, S_DIST_06, S_DIST_07, S_DIST_08, S_DIST_09, S_DIST_10 FROM STOCK WHERE S_I_ID = 23639 AND S_W_ID = 1
Error Message: Cannot invoke "java.util.List.get(int)" because the return value of "sg.edu.nus.autotune.DB2DATA.getAllIndexes()" is null


===== Query 2248 =====

SQL: SELECT I_PRICE, I_NAME , I_DATA FROM ITEM WHERE I_ID = 23783

EXPLAIN Plan:

Index Scan using item_pkey on item  (cost=0.29..8.31 rows=1 width=61) (actual time=0.050..0.052 rows=1 loops=1)

  Index Cond: (i_id = 23783)

Planning Time: 0.070 ms

Execution Time: 0.070 ms
Failed SQL 2248: SELECT I_PRICE, I_NAME , I_DATA FROM ITEM WHERE I_ID = 23783
Error Message: Cannot invoke "java.util.List.get(int)" because the return value of "sg.edu.nus.autotune.DB2DATA.getAllIndexes()" is null


===== Query 2249 =====

SQL: SELECT S_QUANTITY, S_DATA, S_DIST_01, S_DIST_02, S_DIST_03, S_DIST_04, S_DIST_05, S_DIST_06, S_DIST_07, S_DIST_08, S_DIST_09, S_DIST_10 FROM STOCK WHERE S_I_ID = 23783 AND S_W_ID = 2

EXPLAIN Plan:

Index Scan using stock_pkey on stock  (cost=0.42..8.44 rows=1 width=291) (actual time=0.060..0.061 rows=1 loops=1)

  Index Cond: ((s_w_id = 2) AND (s_i_id = 23783))

Planning Time: 0.100 ms

Execution Time: 0.084 ms
Failed SQL 2249: SELECT S_QUANTITY, S_DATA, S_DIST_01, S_DIST_02, S_DIST_03, S_DIST_04, S_DIST_05, S_DIST_06, S_DIST_07, S_DIST_08, S_DIST_09, S_DIST_10 FROM STOCK WHERE S_I_ID = 23783 AND S_W_ID = 2
Error Message: Cannot invoke "java.util.List.get(int)" because the return value of "sg.edu.nus.autotune.DB2DATA.getAllIndexes()" is null


===== Query 2250 =====

SQL: UPDATE STOCK SET S_QUANTITY = 36, S_YTD = S_YTD + 10, S_ORDER_CNT = S_ORDER_CNT + 1, S_REMOTE_CNT = S_REMOTE_CNT + 0 WHERE S_I_ID = 23639 AND S_W_ID = 1

EXPLAIN Plan:

Update on stock  (cost=0.42..8.45 rows=0 width=0) (actual time=0.091..0.092 rows=0 loops=1)

  ->  Index Scan using stock_pkey on stock  (cost=0.42..8.45 rows=1 width=32) (actual time=0.023..0.024 rows=1 loops=1)

        Index Cond: ((s_w_id = 1) AND (s_i_id = 23639))

Planning Time: 0.104 ms

Execution Time: 0.119 ms
Failed SQL 2250: UPDATE STOCK SET S_QUANTITY = 36, S_YTD = S_YTD + 10, S_ORDER_CNT = S_ORDER_CNT + 1, S_REMOTE_CNT = S_REMOTE_CNT + 0 WHERE S_I_ID = 23639 AND S_W_ID = 1
Error Message: Cannot invoke "java.util.List.get(int)" because the return value of "sg.edu.nus.autotune.DB2DATA.getAllIndexes()" is null


===== Query 2251 =====

SQL: SELECT I_PRICE, I_NAME , I_DATA FROM ITEM WHERE I_ID = 32087

EXPLAIN Plan:

Index Scan using item_pkey on item  (cost=0.29..8.31 rows=1 width=61) (actual time=0.874..0.877 rows=1 loops=1)

  Index Cond: (i_id = 32087)

Planning Time: 0.072 ms

Execution Time: 0.898 ms
Failed SQL 2251: SELECT I_PRICE, I_NAME , I_DATA FROM ITEM WHERE I_ID = 32087
Error Message: Cannot invoke "java.util.List.get(int)" because the return value of "sg.edu.nus.autotune.DB2DATA.getAllIndexes()" is null


===== Query 2252 =====

SQL: SELECT S_QUANTITY, S_DATA, S_DIST_01, S_DIST_02, S_DIST_03, S_DIST_04, S_DIST_05, S_DIST_06, S_DIST_07, S_DIST_08, S_DIST_09, S_DIST_10 FROM STOCK WHERE S_I_ID = 32087 AND S_W_ID = 1

EXPLAIN Plan:

Index Scan using stock_pkey on stock  (cost=0.42..8.44 rows=1 width=291) (actual time=2.134..2.137 rows=1 loops=1)

  Index Cond: ((s_w_id = 1) AND (s_i_id = 32087))

Planning Time: 0.117 ms

Execution Time: 2.165 ms
Failed SQL 2252: SELECT S_QUANTITY, S_DATA, S_DIST_01, S_DIST_02, S_DIST_03, S_DIST_04, S_DIST_05, S_DIST_06, S_DIST_07, S_DIST_08, S_DIST_09, S_DIST_10 FROM STOCK WHERE S_I_ID = 32087 AND S_W_ID = 1
Error Message: Cannot invoke "java.util.List.get(int)" because the return value of "sg.edu.nus.autotune.DB2DATA.getAllIndexes()" is null


===== Query 2253 =====

SQL: UPDATE STOCK SET S_QUANTITY = 47, S_YTD = S_YTD + 6, S_ORDER_CNT = S_ORDER_CNT + 1, S_REMOTE_CNT = S_REMOTE_CNT + 0 WHERE S_I_ID = 32087 AND S_W_ID = 1

EXPLAIN Plan:

Update on stock  (cost=0.42..8.45 rows=0 width=0) (actual time=0.073..0.074 rows=0 loops=1)

  ->  Index Scan using stock_pkey on stock  (cost=0.42..8.45 rows=1 width=32) (actual time=0.025..0.027 rows=1 loops=1)

        Index Cond: ((s_w_id = 1) AND (s_i_id = 32087))

Planning Time: 0.109 ms

Execution Time: 0.103 ms
Failed SQL 2253: UPDATE STOCK SET S_QUANTITY = 47, S_YTD = S_YTD + 6, S_ORDER_CNT = S_ORDER_CNT + 1, S_REMOTE_CNT = S_REMOTE_CNT + 0 WHERE S_I_ID = 32087 AND S_W_ID = 1
Error Message: Cannot invoke "java.util.List.get(int)" because the return value of "sg.edu.nus.autotune.DB2DATA.getAllIndexes()" is null


===== Query 2254 =====

SQL: SELECT I_PRICE, I_NAME , I_DATA FROM ITEM WHERE I_ID = 29286

EXPLAIN Plan:

Index Scan using item_pkey on item  (cost=0.29..8.31 rows=1 width=61) (actual time=0.372..0.374 rows=1 loops=1)

  Index Cond: (i_id = 29286)

Planning Time: 0.071 ms

Execution Time: 0.394 ms
Failed SQL 2254: SELECT I_PRICE, I_NAME , I_DATA FROM ITEM WHERE I_ID = 29286
Error Message: Cannot invoke "java.util.List.get(int)" because the return value of "sg.edu.nus.autotune.DB2DATA.getAllIndexes()" is null


===== Query 2255 =====

SQL: UPDATE STOCK SET S_QUANTITY = 20, S_YTD = S_YTD + 5, S_ORDER_CNT = S_ORDER_CNT + 1, S_REMOTE_CNT = S_REMOTE_CNT + 0 WHERE S_I_ID = 23783 AND S_W_ID = 2

EXPLAIN Plan:

Update on stock  (cost=0.42..8.45 rows=0 width=0) (actual time=0.089..0.089 rows=0 loops=1)

  ->  Index Scan using stock_pkey on stock  (cost=0.42..8.45 rows=1 width=32) (actual time=0.039..0.041 rows=1 loops=1)

        Index Cond: ((s_w_id = 2) AND (s_i_id = 23783))

Planning Time: 0.109 ms

Execution Time: 0.119 ms
Failed SQL 2255: UPDATE STOCK SET S_QUANTITY = 20, S_YTD = S_YTD + 5, S_ORDER_CNT = S_ORDER_CNT + 1, S_REMOTE_CNT = S_REMOTE_CNT + 0 WHERE S_I_ID = 23783 AND S_W_ID = 2
Error Message: Cannot invoke "java.util.List.get(int)" because the return value of "sg.edu.nus.autotune.DB2DATA.getAllIndexes()" is null


===== Query 2256 =====

SQL: SELECT I_PRICE, I_NAME , I_DATA FROM ITEM WHERE I_ID = 48231

EXPLAIN Plan:

Index Scan using item_pkey on item  (cost=0.29..8.31 rows=1 width=61) (actual time=0.046..0.048 rows=1 loops=1)

  Index Cond: (i_id = 48231)

Planning Time: 0.090 ms

Execution Time: 0.069 ms
Failed SQL 2256: SELECT I_PRICE, I_NAME , I_DATA FROM ITEM WHERE I_ID = 48231
Error Message: Cannot invoke "java.util.List.get(int)" because the return value of "sg.edu.nus.autotune.DB2DATA.getAllIndexes()" is null


===== Query 2257 =====

SQL: SELECT S_QUANTITY, S_DATA, S_DIST_01, S_DIST_02, S_DIST_03, S_DIST_04, S_DIST_05, S_DIST_06, S_DIST_07, S_DIST_08, S_DIST_09, S_DIST_10 FROM STOCK WHERE S_I_ID = 48231 AND S_W_ID = 2

EXPLAIN Plan:

Index Scan using stock_pkey on stock  (cost=0.42..8.44 rows=1 width=291) (actual time=0.076..0.078 rows=1 loops=1)

  Index Cond: ((s_w_id = 2) AND (s_i_id = 48231))

Planning Time: 0.110 ms

Execution Time: 0.104 ms
Failed SQL 2257: SELECT S_QUANTITY, S_DATA, S_DIST_01, S_DIST_02, S_DIST_03, S_DIST_04, S_DIST_05, S_DIST_06, S_DIST_07, S_DIST_08, S_DIST_09, S_DIST_10 FROM STOCK WHERE S_I_ID = 48231 AND S_W_ID = 2
Error Message: Cannot invoke "java.util.List.get(int)" because the return value of "sg.edu.nus.autotune.DB2DATA.getAllIndexes()" is null


===== Query 2258 =====

SQL: SELECT S_QUANTITY, S_DATA, S_DIST_01, S_DIST_02, S_DIST_03, S_DIST_04, S_DIST_05, S_DIST_06, S_DIST_07, S_DIST_08, S_DIST_09, S_DIST_10 FROM STOCK WHERE S_I_ID = 29286 AND S_W_ID = 1

EXPLAIN Plan:

Index Scan using stock_pkey on stock  (cost=0.42..8.44 rows=1 width=291) (actual time=1.452..1.454 rows=1 loops=1)

  Index Cond: ((s_w_id = 1) AND (s_i_id = 29286))

Planning Time: 0.112 ms

Execution Time: 1.479 ms
Failed SQL 2258: SELECT S_QUANTITY, S_DATA, S_DIST_01, S_DIST_02, S_DIST_03, S_DIST_04, S_DIST_05, S_DIST_06, S_DIST_07, S_DIST_08, S_DIST_09, S_DIST_10 FROM STOCK WHERE S_I_ID = 29286 AND S_W_ID = 1
Error Message: Cannot invoke "java.util.List.get(int)" because the return value of "sg.edu.nus.autotune.DB2DATA.getAllIndexes()" is null


===== Query 2259 =====

SQL: UPDATE STOCK SET S_QUANTITY = 14, S_YTD = S_YTD + 7, S_ORDER_CNT = S_ORDER_CNT + 1, S_REMOTE_CNT = S_REMOTE_CNT + 0 WHERE S_I_ID = 48231 AND S_W_ID = 2

EXPLAIN Plan:

Update on stock  (cost=0.42..8.45 rows=0 width=0) (actual time=0.099..0.099 rows=0 loops=1)

  ->  Index Scan using stock_pkey on stock  (cost=0.42..8.45 rows=1 width=32) (actual time=0.028..0.029 rows=1 loops=1)

        Index Cond: ((s_w_id = 2) AND (s_i_id = 48231))

Planning Time: 0.114 ms

Execution Time: 0.130 ms
Failed SQL 2259: UPDATE STOCK SET S_QUANTITY = 14, S_YTD = S_YTD + 7, S_ORDER_CNT = S_ORDER_CNT + 1, S_REMOTE_CNT = S_REMOTE_CNT + 0 WHERE S_I_ID = 48231 AND S_W_ID = 2
Error Message: Cannot invoke "java.util.List.get(int)" because the return value of "sg.edu.nus.autotune.DB2DATA.getAllIndexes()" is null


===== Query 2260 =====

SQL: SELECT I_PRICE, I_NAME , I_DATA FROM ITEM WHERE I_ID = 20967

EXPLAIN Plan:

Index Scan using item_pkey on item  (cost=0.29..8.31 rows=1 width=61) (actual time=0.047..0.049 rows=1 loops=1)

  Index Cond: (i_id = 20967)

Planning Time: 0.072 ms

Execution Time: 0.066 ms
Failed SQL 2260: SELECT I_PRICE, I_NAME , I_DATA FROM ITEM WHERE I_ID = 20967
Error Message: Cannot invoke "java.util.List.get(int)" because the return value of "sg.edu.nus.autotune.DB2DATA.getAllIndexes()" is null


===== Query 2261 =====

SQL: SELECT S_QUANTITY, S_DATA, S_DIST_01, S_DIST_02, S_DIST_03, S_DIST_04, S_DIST_05, S_DIST_06, S_DIST_07, S_DIST_08, S_DIST_09, S_DIST_10 FROM STOCK WHERE S_I_ID = 20967 AND S_W_ID = 2

EXPLAIN Plan:

Index Scan using stock_pkey on stock  (cost=0.42..8.44 rows=1 width=291) (actual time=0.867..0.870 rows=1 loops=1)

  Index Cond: ((s_w_id = 2) AND (s_i_id = 20967))

Planning Time: 0.094 ms

Execution Time: 0.892 ms
Failed SQL 2261: SELECT S_QUANTITY, S_DATA, S_DIST_01, S_DIST_02, S_DIST_03, S_DIST_04, S_DIST_05, S_DIST_06, S_DIST_07, S_DIST_08, S_DIST_09, S_DIST_10 FROM STOCK WHERE S_I_ID = 20967 AND S_W_ID = 2
Error Message: Cannot invoke "java.util.List.get(int)" because the return value of "sg.edu.nus.autotune.DB2DATA.getAllIndexes()" is null


===== Query 2262 =====

SQL: UPDATE STOCK SET S_QUANTITY = 85, S_YTD = S_YTD + 8, S_ORDER_CNT = S_ORDER_CNT + 1, S_REMOTE_CNT = S_REMOTE_CNT + 0 WHERE S_I_ID = 20967 AND S_W_ID = 2

EXPLAIN Plan:

Update on stock  (cost=0.42..8.45 rows=0 width=0) (actual time=0.100..0.101 rows=0 loops=1)

  ->  Index Scan using stock_pkey on stock  (cost=0.42..8.45 rows=1 width=32) (actual time=0.025..0.027 rows=1 loops=1)

        Index Cond: ((s_w_id = 2) AND (s_i_id = 20967))

Planning Time: 0.117 ms

Execution Time: 0.130 ms
Failed SQL 2262: UPDATE STOCK SET S_QUANTITY = 85, S_YTD = S_YTD + 8, S_ORDER_CNT = S_ORDER_CNT + 1, S_REMOTE_CNT = S_REMOTE_CNT + 0 WHERE S_I_ID = 20967 AND S_W_ID = 2
Error Message: Cannot invoke "java.util.List.get(int)" because the return value of "sg.edu.nus.autotune.DB2DATA.getAllIndexes()" is null


===== Query 2263 =====

SQL: SELECT I_PRICE, I_NAME , I_DATA FROM ITEM WHERE I_ID = 97254

EXPLAIN Plan:

Index Scan using item_pkey on item  (cost=0.29..8.31 rows=1 width=61) (actual time=0.056..0.058 rows=1 loops=1)

  Index Cond: (i_id = 97254)

Planning Time: 0.076 ms

Execution Time: 0.075 ms
Failed SQL 2263: SELECT I_PRICE, I_NAME , I_DATA FROM ITEM WHERE I_ID = 97254
Error Message: Cannot invoke "java.util.List.get(int)" because the return value of "sg.edu.nus.autotune.DB2DATA.getAllIndexes()" is null


===== Query 2264 =====

SQL: SELECT S_QUANTITY, S_DATA, S_DIST_01, S_DIST_02, S_DIST_03, S_DIST_04, S_DIST_05, S_DIST_06, S_DIST_07, S_DIST_08, S_DIST_09, S_DIST_10 FROM STOCK WHERE S_I_ID = 97254 AND S_W_ID = 2

EXPLAIN Plan:

Index Scan using stock_pkey on stock  (cost=0.42..8.44 rows=1 width=291) (actual time=0.354..0.356 rows=1 loops=1)

  Index Cond: ((s_w_id = 2) AND (s_i_id = 97254))

Planning Time: 0.073 ms

Execution Time: 0.371 ms
Failed SQL 2264: SELECT S_QUANTITY, S_DATA, S_DIST_01, S_DIST_02, S_DIST_03, S_DIST_04, S_DIST_05, S_DIST_06, S_DIST_07, S_DIST_08, S_DIST_09, S_DIST_10 FROM STOCK WHERE S_I_ID = 97254 AND S_W_ID = 2
Error Message: Cannot invoke "java.util.List.get(int)" because the return value of "sg.edu.nus.autotune.DB2DATA.getAllIndexes()" is null


===== Query 2265 =====

SQL: UPDATE STOCK SET S_QUANTITY = 30, S_YTD = S_YTD + 8, S_ORDER_CNT = S_ORDER_CNT + 1, S_REMOTE_CNT = S_REMOTE_CNT + 0 WHERE S_I_ID = 97254 AND S_W_ID = 2

EXPLAIN Plan:

Update on stock  (cost=0.42..8.45 rows=0 width=0) (actual time=0.061..0.062 rows=0 loops=1)

  ->  Index Scan using stock_pkey on stock  (cost=0.42..8.45 rows=1 width=32) (actual time=0.024..0.026 rows=1 loops=1)

        Index Cond: ((s_w_id = 2) AND (s_i_id = 97254))

Planning Time: 0.105 ms

Execution Time: 0.100 ms
Failed SQL 2265: UPDATE STOCK SET S_QUANTITY = 30, S_YTD = S_YTD + 8, S_ORDER_CNT = S_ORDER_CNT + 1, S_REMOTE_CNT = S_REMOTE_CNT + 0 WHERE S_I_ID = 97254 AND S_W_ID = 2
Error Message: Cannot invoke "java.util.List.get(int)" because the return value of "sg.edu.nus.autotune.DB2DATA.getAllIndexes()" is null


===== Query 2266 =====

SQL: SELECT I_PRICE, I_NAME , I_DATA FROM ITEM WHERE I_ID = 46311

EXPLAIN Plan:

Index Scan using item_pkey on item  (cost=0.29..8.31 rows=1 width=61) (actual time=0.053..0.055 rows=1 loops=1)

  Index Cond: (i_id = 46311)

Planning Time: 0.093 ms

Execution Time: 0.075 ms
Failed SQL 2266: SELECT I_PRICE, I_NAME , I_DATA FROM ITEM WHERE I_ID = 46311
Error Message: Cannot invoke "java.util.List.get(int)" because the return value of "sg.edu.nus.autotune.DB2DATA.getAllIndexes()" is null


===== Query 2267 =====

SQL: SELECT S_QUANTITY, S_DATA, S_DIST_01, S_DIST_02, S_DIST_03, S_DIST_04, S_DIST_05, S_DIST_06, S_DIST_07, S_DIST_08, S_DIST_09, S_DIST_10 FROM STOCK WHERE S_I_ID = 46311 AND S_W_ID = 2

EXPLAIN Plan:

Index Scan using stock_pkey on stock  (cost=0.42..8.44 rows=1 width=291) (actual time=0.037..0.038 rows=1 loops=1)

  Index Cond: ((s_w_id = 2) AND (s_i_id = 46311))

Planning Time: 0.072 ms

Execution Time: 0.054 ms
Failed SQL 2267: SELECT S_QUANTITY, S_DATA, S_DIST_01, S_DIST_02, S_DIST_03, S_DIST_04, S_DIST_05, S_DIST_06, S_DIST_07, S_DIST_08, S_DIST_09, S_DIST_10 FROM STOCK WHERE S_I_ID = 46311 AND S_W_ID = 2
Error Message: Cannot invoke "java.util.List.get(int)" because the return value of "sg.edu.nus.autotune.DB2DATA.getAllIndexes()" is null


===== Query 2268 =====

SQL: UPDATE STOCK SET S_QUANTITY = 86, S_YTD = S_YTD + 8, S_ORDER_CNT = S_ORDER_CNT + 1, S_REMOTE_CNT = S_REMOTE_CNT + 0 WHERE S_I_ID = 29286 AND S_W_ID = 1

EXPLAIN Plan:

Update on stock  (cost=0.42..8.45 rows=0 width=0) (actual time=0.050..0.051 rows=0 loops=1)

  ->  Index Scan using stock_pkey on stock  (cost=0.42..8.45 rows=1 width=32) (actual time=0.016..0.017 rows=1 loops=1)

        Index Cond: ((s_w_id = 1) AND (s_i_id = 29286))

Planning Time: 0.063 ms

Execution Time: 0.066 ms
Failed SQL 2268: UPDATE STOCK SET S_QUANTITY = 86, S_YTD = S_YTD + 8, S_ORDER_CNT = S_ORDER_CNT + 1, S_REMOTE_CNT = S_REMOTE_CNT + 0 WHERE S_I_ID = 29286 AND S_W_ID = 1
Error Message: Cannot invoke "java.util.List.get(int)" because the return value of "sg.edu.nus.autotune.DB2DATA.getAllIndexes()" is null


===== Query 2269 =====

SQL: SELECT I_PRICE, I_NAME , I_DATA FROM ITEM WHERE I_ID = 33367

EXPLAIN Plan:

Index Scan using item_pkey on item  (cost=0.29..8.31 rows=1 width=61) (actual time=0.889..0.892 rows=1 loops=1)

  Index Cond: (i_id = 33367)

Planning Time: 0.094 ms

Execution Time: 0.916 ms
Failed SQL 2269: SELECT I_PRICE, I_NAME , I_DATA FROM ITEM WHERE I_ID = 33367
Error Message: Cannot invoke "java.util.List.get(int)" because the return value of "sg.edu.nus.autotune.DB2DATA.getAllIndexes()" is null


===== Query 2270 =====

SQL: UPDATE STOCK SET S_QUANTITY = 80, S_YTD = S_YTD + 8, S_ORDER_CNT = S_ORDER_CNT + 1, S_REMOTE_CNT = S_REMOTE_CNT + 0 WHERE S_I_ID = 46311 AND S_W_ID = 2

EXPLAIN Plan:

Update on stock  (cost=0.42..8.45 rows=0 width=0) (actual time=0.102..0.102 rows=0 loops=1)

  ->  Index Scan using stock_pkey on stock  (cost=0.42..8.45 rows=1 width=32) (actual time=0.027..0.028 rows=1 loops=1)

        Index Cond: ((s_w_id = 2) AND (s_i_id = 46311))

Planning Time: 0.109 ms

Execution Time: 0.131 ms
Failed SQL 2270: UPDATE STOCK SET S_QUANTITY = 80, S_YTD = S_YTD + 8, S_ORDER_CNT = S_ORDER_CNT + 1, S_REMOTE_CNT = S_REMOTE_CNT + 0 WHERE S_I_ID = 46311 AND S_W_ID = 2
Error Message: Cannot invoke "java.util.List.get(int)" because the return value of "sg.edu.nus.autotune.DB2DATA.getAllIndexes()" is null


===== Query 2271 =====

SQL: SELECT I_PRICE, I_NAME , I_DATA FROM ITEM WHERE I_ID = 23771

EXPLAIN Plan:

Index Scan using item_pkey on item  (cost=0.29..8.31 rows=1 width=61) (actual time=0.024..0.026 rows=1 loops=1)

  Index Cond: (i_id = 23771)

Planning Time: 0.071 ms

Execution Time: 0.043 ms
Failed SQL 2271: SELECT I_PRICE, I_NAME , I_DATA FROM ITEM WHERE I_ID = 23771
Error Message: Cannot invoke "java.util.List.get(int)" because the return value of "sg.edu.nus.autotune.DB2DATA.getAllIndexes()" is null


===== Query 2272 =====

SQL: SELECT S_QUANTITY, S_DATA, S_DIST_01, S_DIST_02, S_DIST_03, S_DIST_04, S_DIST_05, S_DIST_06, S_DIST_07, S_DIST_08, S_DIST_09, S_DIST_10 FROM STOCK WHERE S_I_ID = 33367 AND S_W_ID = 1

EXPLAIN Plan:

Index Scan using stock_pkey on stock  (cost=0.42..8.44 rows=1 width=291) (actual time=0.872..0.875 rows=1 loops=1)

  Index Cond: ((s_w_id = 1) AND (s_i_id = 33367))

Planning Time: 0.092 ms

Execution Time: 0.898 ms
Failed SQL 2272: SELECT S_QUANTITY, S_DATA, S_DIST_01, S_DIST_02, S_DIST_03, S_DIST_04, S_DIST_05, S_DIST_06, S_DIST_07, S_DIST_08, S_DIST_09, S_DIST_10 FROM STOCK WHERE S_I_ID = 33367 AND S_W_ID = 1
Error Message: Cannot invoke "java.util.List.get(int)" because the return value of "sg.edu.nus.autotune.DB2DATA.getAllIndexes()" is null


===== Query 2273 =====

SQL: SELECT S_QUANTITY, S_DATA, S_DIST_01, S_DIST_02, S_DIST_03, S_DIST_04, S_DIST_05, S_DIST_06, S_DIST_07, S_DIST_08, S_DIST_09, S_DIST_10 FROM STOCK WHERE S_I_ID = 23771 AND S_W_ID = 2

EXPLAIN Plan:

Index Scan using stock_pkey on stock  (cost=0.42..8.44 rows=1 width=291) (actual time=0.863..0.866 rows=1 loops=1)

  Index Cond: ((s_w_id = 2) AND (s_i_id = 23771))

Planning Time: 0.104 ms

Execution Time: 0.890 ms
Failed SQL 2273: SELECT S_QUANTITY, S_DATA, S_DIST_01, S_DIST_02, S_DIST_03, S_DIST_04, S_DIST_05, S_DIST_06, S_DIST_07, S_DIST_08, S_DIST_09, S_DIST_10 FROM STOCK WHERE S_I_ID = 23771 AND S_W_ID = 2
Error Message: Cannot invoke "java.util.List.get(int)" because the return value of "sg.edu.nus.autotune.DB2DATA.getAllIndexes()" is null


===== Query 2274 =====

SQL: UPDATE STOCK SET S_QUANTITY = 50, S_YTD = S_YTD + 3, S_ORDER_CNT = S_ORDER_CNT + 1, S_REMOTE_CNT = S_REMOTE_CNT + 0 WHERE S_I_ID = 23771 AND S_W_ID = 2

EXPLAIN Plan:

Update on stock  (cost=0.42..8.45 rows=0 width=0) (actual time=0.099..0.099 rows=0 loops=1)

  ->  Index Scan using stock_pkey on stock  (cost=0.42..8.45 rows=1 width=32) (actual time=0.029..0.031 rows=1 loops=1)

        Index Cond: ((s_w_id = 2) AND (s_i_id = 23771))

Planning Time: 0.116 ms

Execution Time: 0.135 ms
Failed SQL 2274: UPDATE STOCK SET S_QUANTITY = 50, S_YTD = S_YTD + 3, S_ORDER_CNT = S_ORDER_CNT + 1, S_REMOTE_CNT = S_REMOTE_CNT + 0 WHERE S_I_ID = 23771 AND S_W_ID = 2
Error Message: Cannot invoke "java.util.List.get(int)" because the return value of "sg.edu.nus.autotune.DB2DATA.getAllIndexes()" is null


===== Query 2275 =====

SQL: SELECT I_PRICE, I_NAME , I_DATA FROM ITEM WHERE I_ID = 96214

EXPLAIN Plan:

Index Scan using item_pkey on item  (cost=0.29..8.31 rows=1 width=61) (actual time=0.753..0.755 rows=1 loops=1)

  Index Cond: (i_id = 96214)

Planning Time: 0.051 ms

Execution Time: 0.769 ms
Failed SQL 2275: SELECT I_PRICE, I_NAME , I_DATA FROM ITEM WHERE I_ID = 96214
Error Message: Cannot invoke "java.util.List.get(int)" because the return value of "sg.edu.nus.autotune.DB2DATA.getAllIndexes()" is null


===== Query 2276 =====

SQL: UPDATE STOCK SET S_QUANTITY = 48, S_YTD = S_YTD + 1, S_ORDER_CNT = S_ORDER_CNT + 1, S_REMOTE_CNT = S_REMOTE_CNT + 0 WHERE S_I_ID = 33367 AND S_W_ID = 1

EXPLAIN Plan:

Update on stock  (cost=0.42..8.45 rows=0 width=0) (actual time=0.126..0.126 rows=0 loops=1)

  ->  Index Scan using stock_pkey on stock  (cost=0.42..8.45 rows=1 width=32) (actual time=0.035..0.037 rows=1 loops=1)

        Index Cond: ((s_w_id = 1) AND (s_i_id = 33367))

Planning Time: 0.120 ms

Execution Time: 0.161 ms
Failed SQL 2276: UPDATE STOCK SET S_QUANTITY = 48, S_YTD = S_YTD + 1, S_ORDER_CNT = S_ORDER_CNT + 1, S_REMOTE_CNT = S_REMOTE_CNT + 0 WHERE S_I_ID = 33367 AND S_W_ID = 1
Error Message: Cannot invoke "java.util.List.get(int)" because the return value of "sg.edu.nus.autotune.DB2DATA.getAllIndexes()" is null


===== Query 2277 =====

SQL: SELECT I_PRICE, I_NAME , I_DATA FROM ITEM WHERE I_ID = 72164

EXPLAIN Plan:

Index Scan using item_pkey on item  (cost=0.29..8.31 rows=1 width=61) (actual time=0.561..0.563 rows=1 loops=1)

  Index Cond: (i_id = 72164)

Planning Time: 0.073 ms

Execution Time: 0.582 ms
Failed SQL 2277: SELECT I_PRICE, I_NAME , I_DATA FROM ITEM WHERE I_ID = 72164
Error Message: Cannot invoke "java.util.List.get(int)" because the return value of "sg.edu.nus.autotune.DB2DATA.getAllIndexes()" is null


===== Query 2278 =====

SQL: SELECT S_QUANTITY, S_DATA, S_DIST_01, S_DIST_02, S_DIST_03, S_DIST_04, S_DIST_05, S_DIST_06, S_DIST_07, S_DIST_08, S_DIST_09, S_DIST_10 FROM STOCK WHERE S_I_ID = 96214 AND S_W_ID = 2

EXPLAIN Plan:

Index Scan using stock_pkey on stock  (cost=0.42..8.44 rows=1 width=291) (actual time=1.229..1.232 rows=1 loops=1)

  Index Cond: ((s_w_id = 2) AND (s_i_id = 96214))

Planning Time: 0.071 ms

Execution Time: 1.252 ms
Failed SQL 2278: SELECT S_QUANTITY, S_DATA, S_DIST_01, S_DIST_02, S_DIST_03, S_DIST_04, S_DIST_05, S_DIST_06, S_DIST_07, S_DIST_08, S_DIST_09, S_DIST_10 FROM STOCK WHERE S_I_ID = 96214 AND S_W_ID = 2
Error Message: Cannot invoke "java.util.List.get(int)" because the return value of "sg.edu.nus.autotune.DB2DATA.getAllIndexes()" is null


===== Query 2279 =====

SQL: SELECT S_QUANTITY, S_DATA, S_DIST_01, S_DIST_02, S_DIST_03, S_DIST_04, S_DIST_05, S_DIST_06, S_DIST_07, S_DIST_08, S_DIST_09, S_DIST_10 FROM STOCK WHERE S_I_ID = 72164 AND S_W_ID = 1

EXPLAIN Plan:

Index Scan using stock_pkey on stock  (cost=0.42..8.44 rows=1 width=291) (actual time=0.346..0.348 rows=1 loops=1)

  Index Cond: ((s_w_id = 1) AND (s_i_id = 72164))

Planning Time: 0.076 ms

Execution Time: 0.365 ms
Failed SQL 2279: SELECT S_QUANTITY, S_DATA, S_DIST_01, S_DIST_02, S_DIST_03, S_DIST_04, S_DIST_05, S_DIST_06, S_DIST_07, S_DIST_08, S_DIST_09, S_DIST_10 FROM STOCK WHERE S_I_ID = 72164 AND S_W_ID = 1
Error Message: Cannot invoke "java.util.List.get(int)" because the return value of "sg.edu.nus.autotune.DB2DATA.getAllIndexes()" is null


===== Query 2280 =====

SQL: UPDATE STOCK SET S_QUANTITY = 42, S_YTD = S_YTD + 4, S_ORDER_CNT = S_ORDER_CNT + 1, S_REMOTE_CNT = S_REMOTE_CNT + 0 WHERE S_I_ID = 72164 AND S_W_ID = 1

EXPLAIN Plan:

Update on stock  (cost=0.42..8.45 rows=0 width=0) (actual time=0.081..0.082 rows=0 loops=1)

  ->  Index Scan using stock_pkey on stock  (cost=0.42..8.45 rows=1 width=32) (actual time=0.024..0.025 rows=1 loops=1)

        Index Cond: ((s_w_id = 1) AND (s_i_id = 72164))

Planning Time: 0.100 ms

Execution Time: 0.108 ms
Failed SQL 2280: UPDATE STOCK SET S_QUANTITY = 42, S_YTD = S_YTD + 4, S_ORDER_CNT = S_ORDER_CNT + 1, S_REMOTE_CNT = S_REMOTE_CNT + 0 WHERE S_I_ID = 72164 AND S_W_ID = 1
Error Message: Cannot invoke "java.util.List.get(int)" because the return value of "sg.edu.nus.autotune.DB2DATA.getAllIndexes()" is null


===== Query 2281 =====

SQL: SELECT I_PRICE, I_NAME , I_DATA FROM ITEM WHERE I_ID = 21987

EXPLAIN Plan:

Index Scan using item_pkey on item  (cost=0.29..8.31 rows=1 width=61) (actual time=0.266..0.268 rows=1 loops=1)

  Index Cond: (i_id = 21987)

Planning Time: 0.069 ms

Execution Time: 0.285 ms
Failed SQL 2281: SELECT I_PRICE, I_NAME , I_DATA FROM ITEM WHERE I_ID = 21987
Error Message: Cannot invoke "java.util.List.get(int)" because the return value of "sg.edu.nus.autotune.DB2DATA.getAllIndexes()" is null


===== Query 2282 =====

SQL: SELECT S_QUANTITY, S_DATA, S_DIST_01, S_DIST_02, S_DIST_03, S_DIST_04, S_DIST_05, S_DIST_06, S_DIST_07, S_DIST_08, S_DIST_09, S_DIST_10 FROM STOCK WHERE S_I_ID = 21987 AND S_W_ID = 1

EXPLAIN Plan:

Index Scan using stock_pkey on stock  (cost=0.42..8.44 rows=1 width=291) (actual time=0.825..0.829 rows=1 loops=1)

  Index Cond: ((s_w_id = 1) AND (s_i_id = 21987))

Planning Time: 0.064 ms

Execution Time: 0.850 ms
Failed SQL 2282: SELECT S_QUANTITY, S_DATA, S_DIST_01, S_DIST_02, S_DIST_03, S_DIST_04, S_DIST_05, S_DIST_06, S_DIST_07, S_DIST_08, S_DIST_09, S_DIST_10 FROM STOCK WHERE S_I_ID = 21987 AND S_W_ID = 1
Error Message: Cannot invoke "java.util.List.get(int)" because the return value of "sg.edu.nus.autotune.DB2DATA.getAllIndexes()" is null


===== Query 2283 =====

SQL: UPDATE STOCK SET S_QUANTITY = 41, S_YTD = S_YTD + 6, S_ORDER_CNT = S_ORDER_CNT + 1, S_REMOTE_CNT = S_REMOTE_CNT + 0 WHERE S_I_ID = 21987 AND S_W_ID = 1

EXPLAIN Plan:

Update on stock  (cost=0.42..8.45 rows=0 width=0) (actual time=0.072..0.072 rows=0 loops=1)

  ->  Index Scan using stock_pkey on stock  (cost=0.42..8.45 rows=1 width=32) (actual time=0.017..0.018 rows=1 loops=1)

        Index Cond: ((s_w_id = 1) AND (s_i_id = 21987))

Planning Time: 0.067 ms

Execution Time: 0.089 ms
Failed SQL 2283: UPDATE STOCK SET S_QUANTITY = 41, S_YTD = S_YTD + 6, S_ORDER_CNT = S_ORDER_CNT + 1, S_REMOTE_CNT = S_REMOTE_CNT + 0 WHERE S_I_ID = 21987 AND S_W_ID = 1
Error Message: Cannot invoke "java.util.List.get(int)" because the return value of "sg.edu.nus.autotune.DB2DATA.getAllIndexes()" is null


===== Query 2284 =====

SQL: SELECT I_PRICE, I_NAME , I_DATA FROM ITEM WHERE I_ID = 4151

EXPLAIN Plan:

Index Scan using item_pkey on item  (cost=0.29..8.31 rows=1 width=61) (actual time=0.033..0.034 rows=1 loops=1)

  Index Cond: (i_id = 4151)

Planning Time: 0.060 ms

Execution Time: 0.047 ms
Failed SQL 2284: SELECT I_PRICE, I_NAME , I_DATA FROM ITEM WHERE I_ID = 4151
Error Message: Cannot invoke "java.util.List.get(int)" because the return value of "sg.edu.nus.autotune.DB2DATA.getAllIndexes()" is null


===== Query 2285 =====

SQL: SELECT S_QUANTITY, S_DATA, S_DIST_01, S_DIST_02, S_DIST_03, S_DIST_04, S_DIST_05, S_DIST_06, S_DIST_07, S_DIST_08, S_DIST_09, S_DIST_10 FROM STOCK WHERE S_I_ID = 4151 AND S_W_ID = 1

EXPLAIN Plan:

Index Scan using stock_pkey on stock  (cost=0.42..8.44 rows=1 width=291) (actual time=0.059..0.061 rows=1 loops=1)

  Index Cond: ((s_w_id = 1) AND (s_i_id = 4151))

Planning Time: 0.094 ms

Execution Time: 0.094 ms
Failed SQL 2285: SELECT S_QUANTITY, S_DATA, S_DIST_01, S_DIST_02, S_DIST_03, S_DIST_04, S_DIST_05, S_DIST_06, S_DIST_07, S_DIST_08, S_DIST_09, S_DIST_10 FROM STOCK WHERE S_I_ID = 4151 AND S_W_ID = 1
Error Message: Cannot invoke "java.util.List.get(int)" because the return value of "sg.edu.nus.autotune.DB2DATA.getAllIndexes()" is null


===== Query 2286 =====

SQL: UPDATE STOCK SET S_QUANTITY = 37, S_YTD = S_YTD + 10, S_ORDER_CNT = S_ORDER_CNT + 1, S_REMOTE_CNT = S_REMOTE_CNT + 0 WHERE S_I_ID = 4151 AND S_W_ID = 1

EXPLAIN Plan:

Update on stock  (cost=0.42..8.45 rows=0 width=0) (actual time=0.162..0.163 rows=0 loops=1)

  ->  Index Scan using stock_pkey on stock  (cost=0.42..8.45 rows=1 width=32) (actual time=0.031..0.033 rows=1 loops=1)

        Index Cond: ((s_w_id = 1) AND (s_i_id = 4151))

Planning Time: 0.153 ms

Execution Time: 0.197 ms
Failed SQL 2286: UPDATE STOCK SET S_QUANTITY = 37, S_YTD = S_YTD + 10, S_ORDER_CNT = S_ORDER_CNT + 1, S_REMOTE_CNT = S_REMOTE_CNT + 0 WHERE S_I_ID = 4151 AND S_W_ID = 1
Error Message: Cannot invoke "java.util.List.get(int)" because the return value of "sg.edu.nus.autotune.DB2DATA.getAllIndexes()" is null


===== Query 2287 =====

SQL: UPDATE STOCK SET S_QUANTITY = 23, S_YTD = S_YTD + 8, S_ORDER_CNT = S_ORDER_CNT + 1, S_REMOTE_CNT = S_REMOTE_CNT + 0 WHERE S_I_ID = 96214 AND S_W_ID = 2

EXPLAIN Plan:

Update on stock  (cost=0.42..8.45 rows=0 width=0) (actual time=0.075..0.076 rows=0 loops=1)

  ->  Index Scan using stock_pkey on stock  (cost=0.42..8.45 rows=1 width=32) (actual time=0.030..0.032 rows=1 loops=1)

        Index Cond: ((s_w_id = 2) AND (s_i_id = 96214))

Planning Time: 0.121 ms

Execution Time: 0.106 ms
Failed SQL 2287: UPDATE STOCK SET S_QUANTITY = 23, S_YTD = S_YTD + 8, S_ORDER_CNT = S_ORDER_CNT + 1, S_REMOTE_CNT = S_REMOTE_CNT + 0 WHERE S_I_ID = 96214 AND S_W_ID = 2
Error Message: Cannot invoke "java.util.List.get(int)" because the return value of "sg.edu.nus.autotune.DB2DATA.getAllIndexes()" is null


===== Query 2288 =====

SQL: SELECT I_PRICE, I_NAME , I_DATA FROM ITEM WHERE I_ID = 93919

EXPLAIN Plan:

Index Scan using item_pkey on item  (cost=0.29..8.31 rows=1 width=61) (actual time=0.049..0.050 rows=1 loops=1)

  Index Cond: (i_id = 93919)

Planning Time: 0.077 ms

Execution Time: 0.067 ms
Failed SQL 2288: SELECT I_PRICE, I_NAME , I_DATA FROM ITEM WHERE I_ID = 93919
Error Message: Cannot invoke "java.util.List.get(int)" because the return value of "sg.edu.nus.autotune.DB2DATA.getAllIndexes()" is null


===== Query 2289 =====

SQL: SELECT S_QUANTITY, S_DATA, S_DIST_01, S_DIST_02, S_DIST_03, S_DIST_04, S_DIST_05, S_DIST_06, S_DIST_07, S_DIST_08, S_DIST_09, S_DIST_10 FROM STOCK WHERE S_I_ID = 93919 AND S_W_ID = 2

EXPLAIN Plan:

Index Scan using stock_pkey on stock  (cost=0.42..8.44 rows=1 width=291) (actual time=0.057..0.058 rows=1 loops=1)

  Index Cond: ((s_w_id = 2) AND (s_i_id = 93919))

Planning Time: 0.098 ms

Execution Time: 0.081 ms
Failed SQL 2289: SELECT S_QUANTITY, S_DATA, S_DIST_01, S_DIST_02, S_DIST_03, S_DIST_04, S_DIST_05, S_DIST_06, S_DIST_07, S_DIST_08, S_DIST_09, S_DIST_10 FROM STOCK WHERE S_I_ID = 93919 AND S_W_ID = 2
Error Message: Cannot invoke "java.util.List.get(int)" because the return value of "sg.edu.nus.autotune.DB2DATA.getAllIndexes()" is null


===== Query 2290 =====

SQL: SELECT C_FIRST, C_MIDDLE, C_ID, C_STREET_1, C_STREET_2, C_CITY, C_STATE, C_ZIP, C_PHONE, C_CREDIT, C_CREDIT_LIM, C_DISCOUNT, C_BALANCE, C_YTD_PAYMENT, C_PAYMENT_CNT, C_SINCE FROM CUSTOMER WHERE C_W_ID = 1 AND C_D_ID = 9 AND C_LAST = 'ABLEPRESABLE' ORDER BY C_FIRST

EXPLAIN Plan:

Sort  (cost=7346.57..7346.58 rows=2 width=131) (actual time=7.010..7.012 rows=3 loops=1)

  Sort Key: c_first

  Sort Method: quicksort  Memory: 25kB

  ->  Bitmap Heap Scan on customer  (cost=78.62..7346.56 rows=2 width=131) (actual time=1.140..6.982 rows=3 loops=1)

        Recheck Cond: ((c_w_id = 1) AND (c_d_id = 9))

        Filter: ((c_last)::text = 'ABLEPRESABLE'::text)

        Rows Removed by Filter: 2997

        Heap Blocks: exact=792

        ->  Bitmap Index Scan on customer_pkey  (cost=0.00..78.62 rows=3020 width=0) (actual time=0.614..0.614 rows=3020 loops=1)

              Index Cond: ((c_w_id = 1) AND (c_d_id = 9))

Planning Time: 0.232 ms

Execution Time: 7.085 ms
Failed SQL 2290: SELECT C_FIRST, C_MIDDLE, C_ID, C_STREET_1, C_STREET_2, C_CITY, C_STATE, C_ZIP, C_PHONE, C_CREDIT, C_CREDIT_LIM, C_DISCOUNT, C_BALANCE, C_YTD_PAYMENT, C_PAYMENT_CNT, C_SINCE FROM CUSTOMER WHERE C_W_ID = 1 AND C_D_ID = 9 AND C_LAST = 'ABLEPRESABLE' ORDER BY C_FIRST
Error Message: Cannot invoke "java.util.List.get(int)" because the return value of "sg.edu.nus.autotune.DB2DATA.getAllIndexes()" is null


===== Query 2291 =====

SQL: UPDATE STOCK SET S_QUANTITY = 33, S_YTD = S_YTD + 9, S_ORDER_CNT = S_ORDER_CNT + 1, S_REMOTE_CNT = S_REMOTE_CNT + 0 WHERE S_I_ID = 93919 AND S_W_ID = 2

EXPLAIN Plan:

Update on stock  (cost=0.42..8.45 rows=0 width=0) (actual time=0.069..0.069 rows=0 loops=1)

  ->  Index Scan using stock_pkey on stock  (cost=0.42..8.45 rows=1 width=32) (actual time=0.026..0.027 rows=1 loops=1)

        Index Cond: ((s_w_id = 2) AND (s_i_id = 93919))

Planning Time: 0.150 ms

Execution Time: 0.098 ms
Failed SQL 2291: UPDATE STOCK SET S_QUANTITY = 33, S_YTD = S_YTD + 9, S_ORDER_CNT = S_ORDER_CNT + 1, S_REMOTE_CNT = S_REMOTE_CNT + 0 WHERE S_I_ID = 93919 AND S_W_ID = 2
Error Message: Cannot invoke "java.util.List.get(int)" because the return value of "sg.edu.nus.autotune.DB2DATA.getAllIndexes()" is null


===== Query 2292 =====

SQL: SELECT I_PRICE, I_NAME , I_DATA FROM ITEM WHERE I_ID = 65222

EXPLAIN Plan:

Index Scan using item_pkey on item  (cost=0.29..8.31 rows=1 width=61) (actual time=0.047..0.049 rows=1 loops=1)

  Index Cond: (i_id = 65222)

Planning Time: 0.072 ms

Execution Time: 0.077 ms
Failed SQL 2292: SELECT I_PRICE, I_NAME , I_DATA FROM ITEM WHERE I_ID = 65222
Error Message: Cannot invoke "java.util.List.get(int)" because the return value of "sg.edu.nus.autotune.DB2DATA.getAllIndexes()" is null


===== Query 2293 =====

SQL: SELECT S_QUANTITY, S_DATA, S_DIST_01, S_DIST_02, S_DIST_03, S_DIST_04, S_DIST_05, S_DIST_06, S_DIST_07, S_DIST_08, S_DIST_09, S_DIST_10 FROM STOCK WHERE S_I_ID = 65222 AND S_W_ID = 2

EXPLAIN Plan:

Index Scan using stock_pkey on stock  (cost=0.42..8.44 rows=1 width=291) (actual time=0.048..0.049 rows=1 loops=1)

  Index Cond: ((s_w_id = 2) AND (s_i_id = 65222))

Planning Time: 0.101 ms

Execution Time: 0.073 ms
Failed SQL 2293: SELECT S_QUANTITY, S_DATA, S_DIST_01, S_DIST_02, S_DIST_03, S_DIST_04, S_DIST_05, S_DIST_06, S_DIST_07, S_DIST_08, S_DIST_09, S_DIST_10 FROM STOCK WHERE S_I_ID = 65222 AND S_W_ID = 2
Error Message: Cannot invoke "java.util.List.get(int)" because the return value of "sg.edu.nus.autotune.DB2DATA.getAllIndexes()" is null


===== Query 2294 =====

SQL: UPDATE STOCK SET S_QUANTITY = 12, S_YTD = S_YTD + 9, S_ORDER_CNT = S_ORDER_CNT + 1, S_REMOTE_CNT = S_REMOTE_CNT + 0 WHERE S_I_ID = 65222 AND S_W_ID = 2

EXPLAIN Plan:

Update on stock  (cost=0.42..8.45 rows=0 width=0) (actual time=0.058..0.068 rows=0 loops=1)

  ->  Index Scan using stock_pkey on stock  (cost=0.42..8.45 rows=1 width=32) (actual time=0.017..0.027 rows=1 loops=1)

        Index Cond: ((s_w_id = 2) AND (s_i_id = 65222))

Planning Time: 0.069 ms

Execution Time: 0.085 ms
Failed SQL 2294: UPDATE STOCK SET S_QUANTITY = 12, S_YTD = S_YTD + 9, S_ORDER_CNT = S_ORDER_CNT + 1, S_REMOTE_CNT = S_REMOTE_CNT + 0 WHERE S_I_ID = 65222 AND S_W_ID = 2
Error Message: Cannot invoke "java.util.List.get(int)" because the return value of "sg.edu.nus.autotune.DB2DATA.getAllIndexes()" is null


===== Query 2295 =====

SQL: SELECT I_PRICE, I_NAME , I_DATA FROM ITEM WHERE I_ID = 89319

EXPLAIN Plan:

Index Scan using item_pkey on item  (cost=0.29..8.31 rows=1 width=61) (actual time=0.053..0.055 rows=1 loops=1)

  Index Cond: (i_id = 89319)

Planning Time: 0.071 ms

Execution Time: 0.073 ms
Failed SQL 2295: SELECT I_PRICE, I_NAME , I_DATA FROM ITEM WHERE I_ID = 89319
Error Message: Cannot invoke "java.util.List.get(int)" because the return value of "sg.edu.nus.autotune.DB2DATA.getAllIndexes()" is null


===== Query 2296 =====

SQL: SELECT S_QUANTITY, S_DATA, S_DIST_01, S_DIST_02, S_DIST_03, S_DIST_04, S_DIST_05, S_DIST_06, S_DIST_07, S_DIST_08, S_DIST_09, S_DIST_10 FROM STOCK WHERE S_I_ID = 89319 AND S_W_ID = 2

EXPLAIN Plan:

Index Scan using stock_pkey on stock  (cost=0.42..8.44 rows=1 width=291) (actual time=0.059..0.060 rows=1 loops=1)

  Index Cond: ((s_w_id = 2) AND (s_i_id = 89319))

Planning Time: 0.097 ms

Execution Time: 0.101 ms
Failed SQL 2296: SELECT S_QUANTITY, S_DATA, S_DIST_01, S_DIST_02, S_DIST_03, S_DIST_04, S_DIST_05, S_DIST_06, S_DIST_07, S_DIST_08, S_DIST_09, S_DIST_10 FROM STOCK WHERE S_I_ID = 89319 AND S_W_ID = 2
Error Message: Cannot invoke "java.util.List.get(int)" because the return value of "sg.edu.nus.autotune.DB2DATA.getAllIndexes()" is null


===== Query 2297 =====

SQL: UPDATE STOCK SET S_QUANTITY = 83, S_YTD = S_YTD + 4, S_ORDER_CNT = S_ORDER_CNT + 1, S_REMOTE_CNT = S_REMOTE_CNT + 0 WHERE S_I_ID = 89319 AND S_W_ID = 2

EXPLAIN Plan:

Update on stock  (cost=0.42..8.45 rows=0 width=0) (actual time=0.090..0.090 rows=0 loops=1)

  ->  Index Scan using stock_pkey on stock  (cost=0.42..8.45 rows=1 width=32) (actual time=0.032..0.034 rows=1 loops=1)

        Index Cond: ((s_w_id = 2) AND (s_i_id = 89319))

Planning Time: 0.120 ms

Execution Time: 0.121 ms
Failed SQL 2297: UPDATE STOCK SET S_QUANTITY = 83, S_YTD = S_YTD + 4, S_ORDER_CNT = S_ORDER_CNT + 1, S_REMOTE_CNT = S_REMOTE_CNT + 0 WHERE S_I_ID = 89319 AND S_W_ID = 2
Error Message: Cannot invoke "java.util.List.get(int)" because the return value of "sg.edu.nus.autotune.DB2DATA.getAllIndexes()" is null


===== Query 2298 =====

SQL: SELECT C_DISCOUNT, C_LAST, C_CREDIT, W_TAX FROM CUSTOMER, WAREHOUSE WHERE W_ID = 2 AND C_W_ID = 2 AND C_D_ID = 8 AND C_ID = 1515

EXPLAIN Plan:

Nested Loop  (cost=4.56..16.61 rows=1 width=26) (actual time=0.121..0.124 rows=1 loops=1)

  ->  Index Scan using customer_pkey on customer  (cost=0.42..8.44 rows=1 width=21) (actual time=0.088..0.089 rows=1 loops=1)

        Index Cond: ((c_w_id = 2) AND (c_d_id = 8) AND (c_id = 1515))

  ->  Bitmap Heap Scan on warehouse  (cost=4.14..8.15 rows=1 width=5) (actual time=0.023..0.024 rows=1 loops=1)

        Recheck Cond: (w_id = 2)

        Heap Blocks: exact=1

        ->  Bitmap Index Scan on warehouse_pkey  (cost=0.00..4.14 rows=1 width=0) (actual time=0.012..0.012 rows=1 loops=1)

              Index Cond: (w_id = 2)

Planning Time: 0.174 ms

Execution Time: 0.165 ms
Failed SQL 2298: SELECT C_DISCOUNT, C_LAST, C_CREDIT, W_TAX FROM CUSTOMER, WAREHOUSE WHERE W_ID = 2 AND C_W_ID = 2 AND C_D_ID = 8 AND C_ID = 1515
Error Message: Cannot invoke "java.util.List.get(int)" because the return value of "sg.edu.nus.autotune.DB2DATA.getAllIndexes()" is null


===== Query 2299 =====

SQL: SELECT O_ID, O_CARRIER_ID, O_ENTRY_D FROM OORDER WHERE O_W_ID = 1 AND O_D_ID = 9 AND O_C_ID = 243 ORDER BY O_ID DESC LIMIT 1

EXPLAIN Plan:

Limit  (cost=0.42..6.40 rows=1 width=16) (actual time=1.081..1.082 rows=1 loops=1)

  ->  Index Scan Backward using oorder_o_w_id_o_d_id_o_c_id_o_id_key on oorder  (cost=0.42..12.38 rows=2 width=16) (actual time=1.080..1.080 rows=1 loops=1)

        Index Cond: ((o_w_id = 1) AND (o_d_id = 9) AND (o_c_id = 243))

Planning Time: 0.170 ms

Execution Time: 1.105 ms
Failed SQL 2299: SELECT O_ID, O_CARRIER_ID, O_ENTRY_D FROM OORDER WHERE O_W_ID = 1 AND O_D_ID = 9 AND O_C_ID = 243 ORDER BY O_ID DESC LIMIT 1
Error Message: Cannot invoke "java.util.List.get(int)" because the return value of "sg.edu.nus.autotune.DB2DATA.getAllIndexes()" is null


===== Query 2300 =====

SQL: SELECT D_NEXT_O_ID, D_TAX FROM DISTRICT WHERE D_W_ID = 2 AND D_ID = 8

EXPLAIN Plan:

Bitmap Heap Scan on district  (cost=4.28..11.66 rows=2 width=9) (actual time=0.036..0.037 rows=1 loops=1)

  Recheck Cond: ((d_w_id = 2) AND (d_id = 8))

  Heap Blocks: exact=1

  ->  Bitmap Index Scan on district_pkey  (cost=0.00..4.28 rows=2 width=0) (actual time=0.024..0.024 rows=1 loops=1)

        Index Cond: ((d_w_id = 2) AND (d_id = 8))

Planning Time: 11.899 ms

Execution Time: 0.073 ms
Failed SQL 2300: SELECT D_NEXT_O_ID, D_TAX FROM DISTRICT WHERE D_W_ID = 2 AND D_ID = 8
Error Message: Cannot invoke "java.util.List.get(int)" because the return value of "sg.edu.nus.autotune.DB2DATA.getAllIndexes()" is null


===== Query 2301 =====

SQL: UPDATE DISTRICT SET D_NEXT_O_ID = D_NEXT_O_ID + 1 WHERE D_W_ID = 2 AND D_ID = 8

EXPLAIN Plan:

Update on district  (cost=4.28..11.67 rows=0 width=0) (actual time=0.061..0.062 rows=0 loops=1)

  ->  Bitmap Heap Scan on district  (cost=4.28..11.67 rows=2 width=10) (actual time=0.013..0.013 rows=1 loops=1)

        Recheck Cond: ((d_w_id = 2) AND (d_id = 8))

        Heap Blocks: exact=1

        ->  Bitmap Index Scan on district_pkey  (cost=0.00..4.28 rows=2 width=0) (actual time=0.007..0.007 rows=1 loops=1)

              Index Cond: ((d_w_id = 2) AND (d_id = 8))

Planning Time: 0.052 ms

Execution Time: 0.079 ms
Failed SQL 2301: UPDATE DISTRICT SET D_NEXT_O_ID = D_NEXT_O_ID + 1 WHERE D_W_ID = 2 AND D_ID = 8
Error Message: Cannot invoke "java.util.List.get(int)" because the return value of "sg.edu.nus.autotune.DB2DATA.getAllIndexes()" is null


===== Query 2302 =====

SQL: SELECT I_PRICE, I_NAME , I_DATA FROM ITEM WHERE I_ID = 62231

EXPLAIN Plan:

Index Scan using item_pkey on item  (cost=0.29..8.31 rows=1 width=61) (actual time=18.367..18.374 rows=1 loops=1)

  Index Cond: (i_id = 62231)

Planning Time: 0.187 ms

Execution Time: 18.409 ms
Failed SQL 2302: SELECT I_PRICE, I_NAME , I_DATA FROM ITEM WHERE I_ID = 62231
Error Message: Cannot invoke "java.util.List.get(int)" because the return value of "sg.edu.nus.autotune.DB2DATA.getAllIndexes()" is null


===== Query 2303 =====

SQL: SELECT S_QUANTITY, S_DATA, S_DIST_01, S_DIST_02, S_DIST_03, S_DIST_04, S_DIST_05, S_DIST_06, S_DIST_07, S_DIST_08, S_DIST_09, S_DIST_10 FROM STOCK WHERE S_I_ID = 62231 AND S_W_ID = 2

EXPLAIN Plan:

Index Scan using stock_pkey on stock  (cost=0.42..8.44 rows=1 width=291) (actual time=1.469..1.472 rows=1 loops=1)

  Index Cond: ((s_w_id = 2) AND (s_i_id = 62231))

Planning Time: 0.135 ms

Execution Time: 1.503 ms
Failed SQL 2303: SELECT S_QUANTITY, S_DATA, S_DIST_01, S_DIST_02, S_DIST_03, S_DIST_04, S_DIST_05, S_DIST_06, S_DIST_07, S_DIST_08, S_DIST_09, S_DIST_10 FROM STOCK WHERE S_I_ID = 62231 AND S_W_ID = 2
Error Message: Cannot invoke "java.util.List.get(int)" because the return value of "sg.edu.nus.autotune.DB2DATA.getAllIndexes()" is null


===== Query 2304 =====

SQL: SELECT OL_I_ID, OL_SUPPLY_W_ID, OL_QUANTITY, OL_AMOUNT, OL_DELIVERY_D FROM ORDER_LINE WHERE OL_O_ID = 94 AND OL_D_ID = 9 AND OL_W_ID = 1

EXPLAIN Plan:

Index Scan using order_line_pkey on order_line  (cost=0.43..43.81 rows=10 width=27) (actual time=0.691..0.696 rows=15 loops=1)

  Index Cond: ((ol_w_id = 1) AND (ol_d_id = 9) AND (ol_o_id = 94))

Planning Time: 0.064 ms

Execution Time: 0.715 ms
Failed SQL 2304: SELECT OL_I_ID, OL_SUPPLY_W_ID, OL_QUANTITY, OL_AMOUNT, OL_DELIVERY_D FROM ORDER_LINE WHERE OL_O_ID = 94 AND OL_D_ID = 9 AND OL_W_ID = 1
Error Message: Cannot invoke "java.util.List.get(int)" because the return value of "sg.edu.nus.autotune.DB2DATA.getAllIndexes()" is null


===== Query 2305 =====

SQL: UPDATE STOCK SET S_QUANTITY = 98, S_YTD = S_YTD + 3, S_ORDER_CNT = S_ORDER_CNT + 1, S_REMOTE_CNT = S_REMOTE_CNT + 0 WHERE S_I_ID = 62231 AND S_W_ID = 2

EXPLAIN Plan:

Update on stock  (cost=0.42..8.45 rows=0 width=0) (actual time=0.146..0.147 rows=0 loops=1)

  ->  Index Scan using stock_pkey on stock  (cost=0.42..8.45 rows=1 width=32) (actual time=0.037..0.039 rows=1 loops=1)

        Index Cond: ((s_w_id = 2) AND (s_i_id = 62231))

Planning Time: 0.121 ms

Execution Time: 0.177 ms
Failed SQL 2305: UPDATE STOCK SET S_QUANTITY = 98, S_YTD = S_YTD + 3, S_ORDER_CNT = S_ORDER_CNT + 1, S_REMOTE_CNT = S_REMOTE_CNT + 0 WHERE S_I_ID = 62231 AND S_W_ID = 2
Error Message: Cannot invoke "java.util.List.get(int)" because the return value of "sg.edu.nus.autotune.DB2DATA.getAllIndexes()" is null


===== Query 2306 =====

SQL: SELECT I_PRICE, I_NAME , I_DATA FROM ITEM WHERE I_ID = 48803

EXPLAIN Plan:

Index Scan using item_pkey on item  (cost=0.29..8.31 rows=1 width=61) (actual time=0.061..0.062 rows=1 loops=1)

  Index Cond: (i_id = 48803)

Planning Time: 0.092 ms

Execution Time: 0.083 ms
Failed SQL 2306: SELECT I_PRICE, I_NAME , I_DATA FROM ITEM WHERE I_ID = 48803
Error Message: Cannot invoke "java.util.List.get(int)" because the return value of "sg.edu.nus.autotune.DB2DATA.getAllIndexes()" is null


===== Query 2307 =====

SQL: SELECT S_QUANTITY, S_DATA, S_DIST_01, S_DIST_02, S_DIST_03, S_DIST_04, S_DIST_05, S_DIST_06, S_DIST_07, S_DIST_08, S_DIST_09, S_DIST_10 FROM STOCK WHERE S_I_ID = 48803 AND S_W_ID = 2

EXPLAIN Plan:

Index Scan using stock_pkey on stock  (cost=0.42..8.44 rows=1 width=291) (actual time=0.063..0.064 rows=1 loops=1)

  Index Cond: ((s_w_id = 2) AND (s_i_id = 48803))

Planning Time: 0.111 ms

Execution Time: 0.088 ms
Failed SQL 2307: SELECT S_QUANTITY, S_DATA, S_DIST_01, S_DIST_02, S_DIST_03, S_DIST_04, S_DIST_05, S_DIST_06, S_DIST_07, S_DIST_08, S_DIST_09, S_DIST_10 FROM STOCK WHERE S_I_ID = 48803 AND S_W_ID = 2
Error Message: Cannot invoke "java.util.List.get(int)" because the return value of "sg.edu.nus.autotune.DB2DATA.getAllIndexes()" is null


===== Query 2308 =====

SQL: UPDATE STOCK SET S_QUANTITY = 24, S_YTD = S_YTD + 1, S_ORDER_CNT = S_ORDER_CNT + 1, S_REMOTE_CNT = S_REMOTE_CNT + 0 WHERE S_I_ID = 48803 AND S_W_ID = 2

EXPLAIN Plan:

Update on stock  (cost=0.42..8.45 rows=0 width=0) (actual time=0.140..0.141 rows=0 loops=1)

  ->  Index Scan using stock_pkey on stock  (cost=0.42..8.45 rows=1 width=32) (actual time=0.037..0.039 rows=1 loops=1)

        Index Cond: ((s_w_id = 2) AND (s_i_id = 48803))

Planning Time: 0.114 ms

Execution Time: 0.179 ms
Failed SQL 2308: UPDATE STOCK SET S_QUANTITY = 24, S_YTD = S_YTD + 1, S_ORDER_CNT = S_ORDER_CNT + 1, S_REMOTE_CNT = S_REMOTE_CNT + 0 WHERE S_I_ID = 48803 AND S_W_ID = 2
Error Message: Cannot invoke "java.util.List.get(int)" because the return value of "sg.edu.nus.autotune.DB2DATA.getAllIndexes()" is null


===== Query 2309 =====

SQL: SELECT I_PRICE, I_NAME , I_DATA FROM ITEM WHERE I_ID = 28375

EXPLAIN Plan:

Index Scan using item_pkey on item  (cost=0.29..8.31 rows=1 width=61) (actual time=0.027..0.028 rows=1 loops=1)

  Index Cond: (i_id = 28375)

Planning Time: 0.047 ms

Execution Time: 0.049 ms
Failed SQL 2309: SELECT I_PRICE, I_NAME , I_DATA FROM ITEM WHERE I_ID = 28375
Error Message: Cannot invoke "java.util.List.get(int)" because the return value of "sg.edu.nus.autotune.DB2DATA.getAllIndexes()" is null


===== Query 2310 =====

SQL: SELECT S_QUANTITY, S_DATA, S_DIST_01, S_DIST_02, S_DIST_03, S_DIST_04, S_DIST_05, S_DIST_06, S_DIST_07, S_DIST_08, S_DIST_09, S_DIST_10 FROM STOCK WHERE S_I_ID = 28375 AND S_W_ID = 2

EXPLAIN Plan:

Index Scan using stock_pkey on stock  (cost=0.42..8.44 rows=1 width=291) (actual time=0.094..0.096 rows=1 loops=1)

  Index Cond: ((s_w_id = 2) AND (s_i_id = 28375))

Planning Time: 0.120 ms

Execution Time: 0.120 ms
Failed SQL 2310: SELECT S_QUANTITY, S_DATA, S_DIST_01, S_DIST_02, S_DIST_03, S_DIST_04, S_DIST_05, S_DIST_06, S_DIST_07, S_DIST_08, S_DIST_09, S_DIST_10 FROM STOCK WHERE S_I_ID = 28375 AND S_W_ID = 2
Error Message: Cannot invoke "java.util.List.get(int)" because the return value of "sg.edu.nus.autotune.DB2DATA.getAllIndexes()" is null


===== Query 2311 =====

SQL: UPDATE STOCK SET S_QUANTITY = 64, S_YTD = S_YTD + 2, S_ORDER_CNT = S_ORDER_CNT + 1, S_REMOTE_CNT = S_REMOTE_CNT + 0 WHERE S_I_ID = 28375 AND S_W_ID = 2

EXPLAIN Plan:

Update on stock  (cost=0.42..8.45 rows=0 width=0) (actual time=0.115..0.116 rows=0 loops=1)

  ->  Index Scan using stock_pkey on stock  (cost=0.42..8.45 rows=1 width=32) (actual time=0.026..0.028 rows=1 loops=1)

        Index Cond: ((s_w_id = 2) AND (s_i_id = 28375))

Planning Time: 0.110 ms

Execution Time: 0.146 ms
Failed SQL 2311: UPDATE STOCK SET S_QUANTITY = 64, S_YTD = S_YTD + 2, S_ORDER_CNT = S_ORDER_CNT + 1, S_REMOTE_CNT = S_REMOTE_CNT + 0 WHERE S_I_ID = 28375 AND S_W_ID = 2
Error Message: Cannot invoke "java.util.List.get(int)" because the return value of "sg.edu.nus.autotune.DB2DATA.getAllIndexes()" is null


===== Query 2312 =====

SQL: SELECT I_PRICE, I_NAME , I_DATA FROM ITEM WHERE I_ID = 16059

EXPLAIN Plan:

Index Scan using item_pkey on item  (cost=0.29..8.31 rows=1 width=61) (actual time=0.072..0.073 rows=1 loops=1)

  Index Cond: (i_id = 16059)

Planning Time: 0.096 ms

Execution Time: 0.097 ms
Failed SQL 2312: SELECT I_PRICE, I_NAME , I_DATA FROM ITEM WHERE I_ID = 16059
Error Message: Cannot invoke "java.util.List.get(int)" because the return value of "sg.edu.nus.autotune.DB2DATA.getAllIndexes()" is null


===== Query 2313 =====

SQL: SELECT S_QUANTITY, S_DATA, S_DIST_01, S_DIST_02, S_DIST_03, S_DIST_04, S_DIST_05, S_DIST_06, S_DIST_07, S_DIST_08, S_DIST_09, S_DIST_10 FROM STOCK WHERE S_I_ID = 16059 AND S_W_ID = 2

EXPLAIN Plan:

Index Scan using stock_pkey on stock  (cost=0.42..8.44 rows=1 width=291) (actual time=0.061..0.063 rows=1 loops=1)

  Index Cond: ((s_w_id = 2) AND (s_i_id = 16059))

Planning Time: 0.071 ms

Execution Time: 0.078 ms
Failed SQL 2313: SELECT S_QUANTITY, S_DATA, S_DIST_01, S_DIST_02, S_DIST_03, S_DIST_04, S_DIST_05, S_DIST_06, S_DIST_07, S_DIST_08, S_DIST_09, S_DIST_10 FROM STOCK WHERE S_I_ID = 16059 AND S_W_ID = 2
Error Message: Cannot invoke "java.util.List.get(int)" because the return value of "sg.edu.nus.autotune.DB2DATA.getAllIndexes()" is null


===== Query 2314 =====

SQL: UPDATE WAREHOUSE SET W_YTD = W_YTD + 1552.53 WHERE W_ID = 1

EXPLAIN Plan:

Update on warehouse  (cost=4.14..8.16 rows=0 width=0) (actual time=0.086..0.087 rows=0 loops=1)

  ->  Bitmap Heap Scan on warehouse  (cost=4.14..8.16 rows=1 width=22) (actual time=0.035..0.036 rows=1 loops=1)

        Recheck Cond: (w_id = 1)

        Heap Blocks: exact=1

        ->  Bitmap Index Scan on warehouse_pkey  (cost=0.00..4.14 rows=1 width=0) (actual time=0.017..0.018 rows=1 loops=1)

              Index Cond: (w_id = 1)

Planning Time: 0.066 ms

Execution Time: 0.112 ms
Failed SQL 2314: UPDATE WAREHOUSE SET W_YTD = W_YTD + 1552.53 WHERE W_ID = 1
Error Message: Cannot invoke "java.util.List.get(int)" because the return value of "sg.edu.nus.autotune.DB2DATA.getAllIndexes()" is null


===== Query 2315 =====

SQL: SELECT W_STREET_1, W_STREET_2, W_CITY, W_STATE, W_ZIP, W_NAME FROM WAREHOUSE WHERE W_ID = 1

EXPLAIN Plan:

Bitmap Heap Scan on warehouse  (cost=4.14..8.15 rows=1 width=65) (actual time=0.023..0.024 rows=1 loops=1)

  Recheck Cond: (w_id = 1)

  Heap Blocks: exact=1

  ->  Bitmap Index Scan on warehouse_pkey  (cost=0.00..4.14 rows=1 width=0) (actual time=0.010..0.010 rows=1 loops=1)

        Index Cond: (w_id = 1)

Planning Time: 0.096 ms

Execution Time: 0.052 ms
Failed SQL 2315: SELECT W_STREET_1, W_STREET_2, W_CITY, W_STATE, W_ZIP, W_NAME FROM WAREHOUSE WHERE W_ID = 1
Error Message: Cannot invoke "java.util.List.get(int)" because the return value of "sg.edu.nus.autotune.DB2DATA.getAllIndexes()" is null


===== Query 2316 =====

SQL: UPDATE DISTRICT SET D_YTD = D_YTD + 1552.53 WHERE D_W_ID = 1 AND D_ID = 2

EXPLAIN Plan:

Update on district  (cost=4.28..11.67 rows=0 width=0) (actual time=0.096..0.097 rows=0 loops=1)

  ->  Bitmap Heap Scan on district  (cost=4.28..11.67 rows=2 width=22) (actual time=0.049..0.051 rows=1 loops=1)

        Recheck Cond: ((d_w_id = 1) AND (d_id = 2))

        Heap Blocks: exact=1

        ->  Bitmap Index Scan on district_pkey  (cost=0.00..4.28 rows=2 width=0) (actual time=0.021..0.021 rows=1 loops=1)

              Index Cond: ((d_w_id = 1) AND (d_id = 2))

Planning Time: 0.118 ms

Execution Time: 0.143 ms
Failed SQL 2316: UPDATE DISTRICT SET D_YTD = D_YTD + 1552.53 WHERE D_W_ID = 1 AND D_ID = 2
Error Message: Cannot invoke "java.util.List.get(int)" because the return value of "sg.edu.nus.autotune.DB2DATA.getAllIndexes()" is null


===== Query 2317 =====

SQL: SELECT D_STREET_1, D_STREET_2, D_CITY, D_STATE, D_ZIP, D_NAME FROM DISTRICT WHERE D_W_ID = 1 AND D_ID = 2

EXPLAIN Plan:

Bitmap Heap Scan on district  (cost=4.28..11.66 rows=2 width=64) (actual time=0.026..0.027 rows=1 loops=1)

  Recheck Cond: ((d_w_id = 1) AND (d_id = 2))

  Heap Blocks: exact=1

  ->  Bitmap Index Scan on district_pkey  (cost=0.00..4.28 rows=2 width=0) (actual time=0.013..0.014 rows=1 loops=1)

        Index Cond: ((d_w_id = 1) AND (d_id = 2))

Planning Time: 0.115 ms

Execution Time: 0.059 ms
Failed SQL 2317: SELECT D_STREET_1, D_STREET_2, D_CITY, D_STATE, D_ZIP, D_NAME FROM DISTRICT WHERE D_W_ID = 1 AND D_ID = 2
Error Message: Cannot invoke "java.util.List.get(int)" because the return value of "sg.edu.nus.autotune.DB2DATA.getAllIndexes()" is null


===== Query 2318 =====

SQL: SELECT C_FIRST, C_MIDDLE, C_ID, C_STREET_1, C_STREET_2, C_CITY, C_STATE, C_ZIP, C_PHONE, C_CREDIT, C_CREDIT_LIM, C_DISCOUNT, C_BALANCE, C_YTD_PAYMENT, C_PAYMENT_CNT, C_SINCE FROM CUSTOMER WHERE C_W_ID = 1 AND C_D_ID = 2 AND C_LAST = 'ESECALLYBAR' ORDER BY C_FIRST

EXPLAIN Plan:

Sort  (cost=7352.60..7352.61 rows=2 width=131) (actual time=5.035..5.036 rows=2 loops=1)

  Sort Key: c_first

  Sort Method: quicksort  Memory: 25kB

  ->  Bitmap Heap Scan on customer  (cost=78.65..7352.59 rows=2 width=131) (actual time=1.964..5.007 rows=2 loops=1)

        Recheck Cond: ((c_w_id = 1) AND (c_d_id = 2))

        Filter: ((c_last)::text = 'ESECALLYBAR'::text)

        Rows Removed by Filter: 2998

        Heap Blocks: exact=868

        ->  Bitmap Index Scan on customer_pkey  (cost=0.00..78.65 rows=3023 width=0) (actual time=0.652..0.652 rows=3083 loops=1)

              Index Cond: ((c_w_id = 1) AND (c_d_id = 2))

Planning Time: 0.259 ms

Execution Time: 5.111 ms
Failed SQL 2318: SELECT C_FIRST, C_MIDDLE, C_ID, C_STREET_1, C_STREET_2, C_CITY, C_STATE, C_ZIP, C_PHONE, C_CREDIT, C_CREDIT_LIM, C_DISCOUNT, C_BALANCE, C_YTD_PAYMENT, C_PAYMENT_CNT, C_SINCE FROM CUSTOMER WHERE C_W_ID = 1 AND C_D_ID = 2 AND C_LAST = 'ESECALLYBAR' ORDER BY C_FIRST
Error Message: Cannot invoke "java.util.List.get(int)" because the return value of "sg.edu.nus.autotune.DB2DATA.getAllIndexes()" is null


===== Query 2319 =====

SQL: UPDATE STOCK SET S_QUANTITY = 94, S_YTD = S_YTD + 6, S_ORDER_CNT = S_ORDER_CNT + 1, S_REMOTE_CNT = S_REMOTE_CNT + 0 WHERE S_I_ID = 16059 AND S_W_ID = 2

EXPLAIN Plan:

Update on stock  (cost=0.42..8.45 rows=0 width=0) (actual time=0.079..0.080 rows=0 loops=1)

  ->  Index Scan using stock_pkey on stock  (cost=0.42..8.45 rows=1 width=32) (actual time=0.020..0.021 rows=1 loops=1)

        Index Cond: ((s_w_id = 2) AND (s_i_id = 16059))

Planning Time: 0.081 ms

Execution Time: 0.102 ms
Failed SQL 2319: UPDATE STOCK SET S_QUANTITY = 94, S_YTD = S_YTD + 6, S_ORDER_CNT = S_ORDER_CNT + 1, S_REMOTE_CNT = S_REMOTE_CNT + 0 WHERE S_I_ID = 16059 AND S_W_ID = 2
Error Message: Cannot invoke "java.util.List.get(int)" because the return value of "sg.edu.nus.autotune.DB2DATA.getAllIndexes()" is null


===== Query 2320 =====

SQL: SELECT I_PRICE, I_NAME , I_DATA FROM ITEM WHERE I_ID = 48807

EXPLAIN Plan:

Index Scan using item_pkey on item  (cost=0.29..8.31 rows=1 width=61) (actual time=0.019..0.020 rows=1 loops=1)

  Index Cond: (i_id = 48807)

Planning Time: 0.109 ms

Execution Time: 0.034 ms
Failed SQL 2320: SELECT I_PRICE, I_NAME , I_DATA FROM ITEM WHERE I_ID = 48807
Error Message: Cannot invoke "java.util.List.get(int)" because the return value of "sg.edu.nus.autotune.DB2DATA.getAllIndexes()" is null


===== Query 2321 =====

SQL: SELECT S_QUANTITY, S_DATA, S_DIST_01, S_DIST_02, S_DIST_03, S_DIST_04, S_DIST_05, S_DIST_06, S_DIST_07, S_DIST_08, S_DIST_09, S_DIST_10 FROM STOCK WHERE S_I_ID = 48807 AND S_W_ID = 2

EXPLAIN Plan:

Index Scan using stock_pkey on stock  (cost=0.42..8.44 rows=1 width=291) (actual time=0.044..0.045 rows=1 loops=1)

  Index Cond: ((s_w_id = 2) AND (s_i_id = 48807))

Planning Time: 0.097 ms

Execution Time: 0.067 ms
Failed SQL 2321: SELECT S_QUANTITY, S_DATA, S_DIST_01, S_DIST_02, S_DIST_03, S_DIST_04, S_DIST_05, S_DIST_06, S_DIST_07, S_DIST_08, S_DIST_09, S_DIST_10 FROM STOCK WHERE S_I_ID = 48807 AND S_W_ID = 2
Error Message: Cannot invoke "java.util.List.get(int)" because the return value of "sg.edu.nus.autotune.DB2DATA.getAllIndexes()" is null


===== Query 2322 =====

SQL: UPDATE STOCK SET S_QUANTITY = 95, S_YTD = S_YTD + 3, S_ORDER_CNT = S_ORDER_CNT + 1, S_REMOTE_CNT = S_REMOTE_CNT + 0 WHERE S_I_ID = 48807 AND S_W_ID = 2

EXPLAIN Plan:

Update on stock  (cost=0.42..8.45 rows=0 width=0) (actual time=0.093..0.093 rows=0 loops=1)

  ->  Index Scan using stock_pkey on stock  (cost=0.42..8.45 rows=1 width=32) (actual time=0.026..0.028 rows=1 loops=1)

        Index Cond: ((s_w_id = 2) AND (s_i_id = 48807))

Planning Time: 0.108 ms

Execution Time: 0.124 ms
Failed SQL 2322: UPDATE STOCK SET S_QUANTITY = 95, S_YTD = S_YTD + 3, S_ORDER_CNT = S_ORDER_CNT + 1, S_REMOTE_CNT = S_REMOTE_CNT + 0 WHERE S_I_ID = 48807 AND S_W_ID = 2
Error Message: Cannot invoke "java.util.List.get(int)" because the return value of "sg.edu.nus.autotune.DB2DATA.getAllIndexes()" is null


===== Query 2323 =====

SQL: SELECT I_PRICE, I_NAME , I_DATA FROM ITEM WHERE I_ID = 66

EXPLAIN Plan:

Index Scan using item_pkey on item  (cost=0.29..8.31 rows=1 width=61) (actual time=0.105..0.106 rows=1 loops=1)

  Index Cond: (i_id = 66)

Planning Time: 0.076 ms

Execution Time: 0.125 ms
Failed SQL 2323: SELECT I_PRICE, I_NAME , I_DATA FROM ITEM WHERE I_ID = 66
Error Message: Cannot invoke "java.util.List.get(int)" because the return value of "sg.edu.nus.autotune.DB2DATA.getAllIndexes()" is null


===== Query 2324 =====

SQL: SELECT S_QUANTITY, S_DATA, S_DIST_01, S_DIST_02, S_DIST_03, S_DIST_04, S_DIST_05, S_DIST_06, S_DIST_07, S_DIST_08, S_DIST_09, S_DIST_10 FROM STOCK WHERE S_I_ID = 66 AND S_W_ID = 2

EXPLAIN Plan:

Index Scan using stock_pkey on stock  (cost=0.42..8.44 rows=1 width=291) (actual time=0.922..0.924 rows=1 loops=1)

  Index Cond: ((s_w_id = 2) AND (s_i_id = 66))

Planning Time: 0.102 ms

Execution Time: 0.949 ms
Failed SQL 2324: SELECT S_QUANTITY, S_DATA, S_DIST_01, S_DIST_02, S_DIST_03, S_DIST_04, S_DIST_05, S_DIST_06, S_DIST_07, S_DIST_08, S_DIST_09, S_DIST_10 FROM STOCK WHERE S_I_ID = 66 AND S_W_ID = 2
Error Message: Cannot invoke "java.util.List.get(int)" because the return value of "sg.edu.nus.autotune.DB2DATA.getAllIndexes()" is null


===== Query 2325 =====

SQL: UPDATE STOCK SET S_QUANTITY = 22, S_YTD = S_YTD + 4, S_ORDER_CNT = S_ORDER_CNT + 1, S_REMOTE_CNT = S_REMOTE_CNT + 0 WHERE S_I_ID = 66 AND S_W_ID = 2

EXPLAIN Plan:

Update on stock  (cost=0.42..8.45 rows=0 width=0) (actual time=0.060..0.061 rows=0 loops=1)

  ->  Index Scan using stock_pkey on stock  (cost=0.42..8.45 rows=1 width=32) (actual time=0.022..0.023 rows=1 loops=1)

        Index Cond: ((s_w_id = 2) AND (s_i_id = 66))

Planning Time: 0.105 ms

Execution Time: 0.080 ms
Failed SQL 2325: UPDATE STOCK SET S_QUANTITY = 22, S_YTD = S_YTD + 4, S_ORDER_CNT = S_ORDER_CNT + 1, S_REMOTE_CNT = S_REMOTE_CNT + 0 WHERE S_I_ID = 66 AND S_W_ID = 2
Error Message: Cannot invoke "java.util.List.get(int)" because the return value of "sg.edu.nus.autotune.DB2DATA.getAllIndexes()" is null


===== Query 2326 =====

SQL: SELECT I_PRICE, I_NAME , I_DATA FROM ITEM WHERE I_ID = 85726

EXPLAIN Plan:

Index Scan using item_pkey on item  (cost=0.29..8.31 rows=1 width=61) (actual time=0.417..0.419 rows=1 loops=1)

  Index Cond: (i_id = 85726)

Planning Time: 0.091 ms

Execution Time: 0.440 ms
Failed SQL 2326: SELECT I_PRICE, I_NAME , I_DATA FROM ITEM WHERE I_ID = 85726
Error Message: Cannot invoke "java.util.List.get(int)" because the return value of "sg.edu.nus.autotune.DB2DATA.getAllIndexes()" is null


===== Query 2327 =====

SQL: SELECT S_QUANTITY, S_DATA, S_DIST_01, S_DIST_02, S_DIST_03, S_DIST_04, S_DIST_05, S_DIST_06, S_DIST_07, S_DIST_08, S_DIST_09, S_DIST_10 FROM STOCK WHERE S_I_ID = 85726 AND S_W_ID = 2

EXPLAIN Plan:

Index Scan using stock_pkey on stock  (cost=0.42..8.44 rows=1 width=291) (actual time=0.063..0.064 rows=1 loops=1)

  Index Cond: ((s_w_id = 2) AND (s_i_id = 85726))

Planning Time: 0.110 ms

Execution Time: 0.089 ms
Failed SQL 2327: SELECT S_QUANTITY, S_DATA, S_DIST_01, S_DIST_02, S_DIST_03, S_DIST_04, S_DIST_05, S_DIST_06, S_DIST_07, S_DIST_08, S_DIST_09, S_DIST_10 FROM STOCK WHERE S_I_ID = 85726 AND S_W_ID = 2
Error Message: Cannot invoke "java.util.List.get(int)" because the return value of "sg.edu.nus.autotune.DB2DATA.getAllIndexes()" is null


===== Query 2328 =====

SQL: UPDATE STOCK SET S_QUANTITY = 70, S_YTD = S_YTD + 8, S_ORDER_CNT = S_ORDER_CNT + 1, S_REMOTE_CNT = S_REMOTE_CNT + 0 WHERE S_I_ID = 85726 AND S_W_ID = 2

EXPLAIN Plan:

Update on stock  (cost=0.42..8.45 rows=0 width=0) (actual time=0.112..0.113 rows=0 loops=1)

  ->  Index Scan using stock_pkey on stock  (cost=0.42..8.45 rows=1 width=32) (actual time=0.027..0.028 rows=1 loops=1)

        Index Cond: ((s_w_id = 2) AND (s_i_id = 85726))

Planning Time: 0.109 ms

Execution Time: 0.142 ms
Failed SQL 2328: UPDATE STOCK SET S_QUANTITY = 70, S_YTD = S_YTD + 8, S_ORDER_CNT = S_ORDER_CNT + 1, S_REMOTE_CNT = S_REMOTE_CNT + 0 WHERE S_I_ID = 85726 AND S_W_ID = 2
Error Message: Cannot invoke "java.util.List.get(int)" because the return value of "sg.edu.nus.autotune.DB2DATA.getAllIndexes()" is null


===== Query 2329 =====

SQL: SELECT I_PRICE, I_NAME , I_DATA FROM ITEM WHERE I_ID = 57056

EXPLAIN Plan:

Index Scan using item_pkey on item  (cost=0.29..8.31 rows=1 width=61) (actual time=0.057..0.059 rows=1 loops=1)

  Index Cond: (i_id = 57056)

Planning Time: 0.086 ms

Execution Time: 0.082 ms
Failed SQL 2329: SELECT I_PRICE, I_NAME , I_DATA FROM ITEM WHERE I_ID = 57056
Error Message: Cannot invoke "java.util.List.get(int)" because the return value of "sg.edu.nus.autotune.DB2DATA.getAllIndexes()" is null


===== Query 2330 =====

SQL: SELECT S_QUANTITY, S_DATA, S_DIST_01, S_DIST_02, S_DIST_03, S_DIST_04, S_DIST_05, S_DIST_06, S_DIST_07, S_DIST_08, S_DIST_09, S_DIST_10 FROM STOCK WHERE S_I_ID = 57056 AND S_W_ID = 2

EXPLAIN Plan:

Index Scan using stock_pkey on stock  (cost=0.42..8.44 rows=1 width=291) (actual time=1.888..1.892 rows=1 loops=1)

  Index Cond: ((s_w_id = 2) AND (s_i_id = 57056))

Planning Time: 0.061 ms

Execution Time: 1.913 ms
Failed SQL 2330: SELECT S_QUANTITY, S_DATA, S_DIST_01, S_DIST_02, S_DIST_03, S_DIST_04, S_DIST_05, S_DIST_06, S_DIST_07, S_DIST_08, S_DIST_09, S_DIST_10 FROM STOCK WHERE S_I_ID = 57056 AND S_W_ID = 2
Error Message: Cannot invoke "java.util.List.get(int)" because the return value of "sg.edu.nus.autotune.DB2DATA.getAllIndexes()" is null


===== Query 2331 =====

SQL: UPDATE STOCK SET S_QUANTITY = 88, S_YTD = S_YTD + 10, S_ORDER_CNT = S_ORDER_CNT + 1, S_REMOTE_CNT = S_REMOTE_CNT + 0 WHERE S_I_ID = 57056 AND S_W_ID = 2

EXPLAIN Plan:

Update on stock  (cost=0.42..8.45 rows=0 width=0) (actual time=0.087..0.087 rows=0 loops=1)

  ->  Index Scan using stock_pkey on stock  (cost=0.42..8.45 rows=1 width=32) (actual time=0.025..0.026 rows=1 loops=1)

        Index Cond: ((s_w_id = 2) AND (s_i_id = 57056))

Planning Time: 0.101 ms

Execution Time: 0.115 ms
Failed SQL 2331: UPDATE STOCK SET S_QUANTITY = 88, S_YTD = S_YTD + 10, S_ORDER_CNT = S_ORDER_CNT + 1, S_REMOTE_CNT = S_REMOTE_CNT + 0 WHERE S_I_ID = 57056 AND S_W_ID = 2
Error Message: Cannot invoke "java.util.List.get(int)" because the return value of "sg.edu.nus.autotune.DB2DATA.getAllIndexes()" is null


===== Query 2332 =====

SQL: SELECT I_PRICE, I_NAME , I_DATA FROM ITEM WHERE I_ID = 23005

EXPLAIN Plan:

Index Scan using item_pkey on item  (cost=0.29..8.31 rows=1 width=61) (actual time=0.871..0.874 rows=1 loops=1)

  Index Cond: (i_id = 23005)

Planning Time: 0.072 ms

Execution Time: 0.894 ms
Failed SQL 2332: SELECT I_PRICE, I_NAME , I_DATA FROM ITEM WHERE I_ID = 23005
Error Message: Cannot invoke "java.util.List.get(int)" because the return value of "sg.edu.nus.autotune.DB2DATA.getAllIndexes()" is null


===== Query 2333 =====

SQL: SELECT S_QUANTITY, S_DATA, S_DIST_01, S_DIST_02, S_DIST_03, S_DIST_04, S_DIST_05, S_DIST_06, S_DIST_07, S_DIST_08, S_DIST_09, S_DIST_10 FROM STOCK WHERE S_I_ID = 23005 AND S_W_ID = 2

EXPLAIN Plan:

Index Scan using stock_pkey on stock  (cost=0.42..8.44 rows=1 width=291) (actual time=0.045..0.046 rows=1 loops=1)

  Index Cond: ((s_w_id = 2) AND (s_i_id = 23005))

Planning Time: 0.091 ms

Execution Time: 0.063 ms
Failed SQL 2333: SELECT S_QUANTITY, S_DATA, S_DIST_01, S_DIST_02, S_DIST_03, S_DIST_04, S_DIST_05, S_DIST_06, S_DIST_07, S_DIST_08, S_DIST_09, S_DIST_10 FROM STOCK WHERE S_I_ID = 23005 AND S_W_ID = 2
Error Message: Cannot invoke "java.util.List.get(int)" because the return value of "sg.edu.nus.autotune.DB2DATA.getAllIndexes()" is null


===== Query 2334 =====

SQL: UPDATE CUSTOMER SET C_BALANCE = -1562.53, C_YTD_PAYMENT = 1562.53, C_PAYMENT_CNT = 2 WHERE C_W_ID = 1 AND C_D_ID = 2 AND C_ID = 1204

EXPLAIN Plan:

Update on customer  (cost=0.42..8.44 rows=0 width=0) (actual time=0.126..0.127 rows=0 loops=1)

  ->  Index Scan using customer_pkey on customer  (cost=0.42..8.44 rows=1 width=34) (actual time=0.026..0.028 rows=1 loops=1)

        Index Cond: ((c_w_id = 1) AND (c_d_id = 2) AND (c_id = 1204))

Planning Time: 0.124 ms

Execution Time: 0.156 ms
Failed SQL 2334: UPDATE CUSTOMER SET C_BALANCE = -1562.53, C_YTD_PAYMENT = 1562.53, C_PAYMENT_CNT = 2 WHERE C_W_ID = 1 AND C_D_ID = 2 AND C_ID = 1204
Error Message: Cannot invoke "java.util.List.get(int)" because the return value of "sg.edu.nus.autotune.DB2DATA.getAllIndexes()" is null


===== Query 2335 =====

SQL: UPDATE WAREHOUSE SET W_YTD = W_YTD + 4418.59 WHERE W_ID = 1

EXPLAIN Plan:

Update on warehouse  (cost=4.14..8.16 rows=0 width=0) (actual time=0.042..0.042 rows=0 loops=1)

  ->  Bitmap Heap Scan on warehouse  (cost=4.14..8.16 rows=1 width=22) (actual time=0.013..0.013 rows=1 loops=1)

        Recheck Cond: (w_id = 1)

        Heap Blocks: exact=1

        ->  Bitmap Index Scan on warehouse_pkey  (cost=0.00..4.14 rows=1 width=0) (actual time=0.006..0.006 rows=1 loops=1)

              Index Cond: (w_id = 1)

Planning Time: 0.047 ms

Execution Time: 0.060 ms
Failed SQL 2335: UPDATE WAREHOUSE SET W_YTD = W_YTD + 4418.59 WHERE W_ID = 1
Error Message: Cannot invoke "java.util.List.get(int)" because the return value of "sg.edu.nus.autotune.DB2DATA.getAllIndexes()" is null


===== Query 2336 =====

SQL: SELECT W_STREET_1, W_STREET_2, W_CITY, W_STATE, W_ZIP, W_NAME FROM WAREHOUSE WHERE W_ID = 1

EXPLAIN Plan:

Bitmap Heap Scan on warehouse  (cost=4.14..8.15 rows=1 width=65) (actual time=0.021..0.022 rows=1 loops=1)

  Recheck Cond: (w_id = 1)

  Heap Blocks: exact=1

  ->  Bitmap Index Scan on warehouse_pkey  (cost=0.00..4.14 rows=1 width=0) (actual time=0.010..0.010 rows=1 loops=1)

        Index Cond: (w_id = 1)

Planning Time: 0.072 ms

Execution Time: 0.058 ms
Failed SQL 2336: SELECT W_STREET_1, W_STREET_2, W_CITY, W_STATE, W_ZIP, W_NAME FROM WAREHOUSE WHERE W_ID = 1
Error Message: Cannot invoke "java.util.List.get(int)" because the return value of "sg.edu.nus.autotune.DB2DATA.getAllIndexes()" is null


===== Query 2337 =====

SQL: UPDATE DISTRICT SET D_YTD = D_YTD + 4418.59 WHERE D_W_ID = 1 AND D_ID = 2

EXPLAIN Plan:

Update on district  (cost=4.28..11.67 rows=0 width=0) (actual time=0.053..0.054 rows=0 loops=1)

  ->  Bitmap Heap Scan on district  (cost=4.28..11.67 rows=2 width=22) (actual time=0.020..0.020 rows=1 loops=1)

        Recheck Cond: ((d_w_id = 1) AND (d_id = 2))

        Heap Blocks: exact=1

        ->  Bitmap Index Scan on district_pkey  (cost=0.00..4.28 rows=2 width=0) (actual time=0.011..0.011 rows=1 loops=1)

              Index Cond: ((d_w_id = 1) AND (d_id = 2))

Planning Time: 0.079 ms

Execution Time: 0.076 ms
Failed SQL 2337: UPDATE DISTRICT SET D_YTD = D_YTD + 4418.59 WHERE D_W_ID = 1 AND D_ID = 2
Error Message: Cannot invoke "java.util.List.get(int)" because the return value of "sg.edu.nus.autotune.DB2DATA.getAllIndexes()" is null


===== Query 2338 =====

SQL: UPDATE STOCK SET S_QUANTITY = 68, S_YTD = S_YTD + 3, S_ORDER_CNT = S_ORDER_CNT + 1, S_REMOTE_CNT = S_REMOTE_CNT + 0 WHERE S_I_ID = 23005 AND S_W_ID = 2

EXPLAIN Plan:

Update on stock  (cost=0.42..8.45 rows=0 width=0) (actual time=0.049..0.049 rows=0 loops=1)

  ->  Index Scan using stock_pkey on stock  (cost=0.42..8.45 rows=1 width=32) (actual time=0.017..0.018 rows=1 loops=1)

        Index Cond: ((s_w_id = 2) AND (s_i_id = 23005))

Planning Time: 0.064 ms

Execution Time: 0.064 ms
Failed SQL 2338: UPDATE STOCK SET S_QUANTITY = 68, S_YTD = S_YTD + 3, S_ORDER_CNT = S_ORDER_CNT + 1, S_REMOTE_CNT = S_REMOTE_CNT + 0 WHERE S_I_ID = 23005 AND S_W_ID = 2
Error Message: Cannot invoke "java.util.List.get(int)" because the return value of "sg.edu.nus.autotune.DB2DATA.getAllIndexes()" is null


===== Query 2339 =====

SQL: SELECT I_PRICE, I_NAME , I_DATA FROM ITEM WHERE I_ID = 75455

EXPLAIN Plan:

Index Scan using item_pkey on item  (cost=0.29..8.31 rows=1 width=61) (actual time=11.288..11.293 rows=1 loops=1)

  Index Cond: (i_id = 75455)

Planning Time: 0.049 ms

Execution Time: 11.309 ms
Failed SQL 2339: SELECT I_PRICE, I_NAME , I_DATA FROM ITEM WHERE I_ID = 75455
Error Message: Cannot invoke "java.util.List.get(int)" because the return value of "sg.edu.nus.autotune.DB2DATA.getAllIndexes()" is null


===== Query 2340 =====

SQL: SELECT D_STREET_1, D_STREET_2, D_CITY, D_STATE, D_ZIP, D_NAME FROM DISTRICT WHERE D_W_ID = 1 AND D_ID = 2

EXPLAIN Plan:

Bitmap Heap Scan on district  (cost=4.28..11.66 rows=2 width=64) (actual time=0.021..0.022 rows=1 loops=1)

  Recheck Cond: ((d_w_id = 1) AND (d_id = 2))

  Heap Blocks: exact=1

  ->  Bitmap Index Scan on district_pkey  (cost=0.00..4.28 rows=2 width=0) (actual time=0.011..0.011 rows=1 loops=1)

        Index Cond: ((d_w_id = 1) AND (d_id = 2))

Planning Time: 0.089 ms

Execution Time: 0.047 ms
Failed SQL 2340: SELECT D_STREET_1, D_STREET_2, D_CITY, D_STATE, D_ZIP, D_NAME FROM DISTRICT WHERE D_W_ID = 1 AND D_ID = 2
Error Message: Cannot invoke "java.util.List.get(int)" because the return value of "sg.edu.nus.autotune.DB2DATA.getAllIndexes()" is null


===== Query 2341 =====

SQL: SELECT C_FIRST, C_MIDDLE, C_ID, C_STREET_1, C_STREET_2, C_CITY, C_STATE, C_ZIP, C_PHONE, C_CREDIT, C_CREDIT_LIM, C_DISCOUNT, C_BALANCE, C_YTD_PAYMENT, C_PAYMENT_CNT, C_SINCE FROM CUSTOMER WHERE C_W_ID = 1 AND C_D_ID = 2 AND C_LAST = 'PRESPRIATION' ORDER BY C_FIRST

EXPLAIN Plan:

Sort  (cost=7352.60..7352.61 rows=2 width=131) (actual time=2.914..2.916 rows=1 loops=1)

  Sort Key: c_first

  Sort Method: quicksort  Memory: 25kB

  ->  Bitmap Heap Scan on customer  (cost=78.65..7352.59 rows=2 width=131) (actual time=0.947..2.891 rows=1 loops=1)

        Recheck Cond: ((c_w_id = 1) AND (c_d_id = 2))

        Filter: ((c_last)::text = 'PRESPRIATION'::text)

        Rows Removed by Filter: 2999

        Heap Blocks: exact=868

        ->  Bitmap Index Scan on customer_pkey  (cost=0.00..78.65 rows=3023 width=0) (actual time=0.524..0.525 rows=3083 loops=1)

              Index Cond: ((c_w_id = 1) AND (c_d_id = 2))

Planning Time: 0.161 ms

Execution Time: 2.989 ms
Failed SQL 2341: SELECT C_FIRST, C_MIDDLE, C_ID, C_STREET_1, C_STREET_2, C_CITY, C_STATE, C_ZIP, C_PHONE, C_CREDIT, C_CREDIT_LIM, C_DISCOUNT, C_BALANCE, C_YTD_PAYMENT, C_PAYMENT_CNT, C_SINCE FROM CUSTOMER WHERE C_W_ID = 1 AND C_D_ID = 2 AND C_LAST = 'PRESPRIATION' ORDER BY C_FIRST
Error Message: Cannot invoke "java.util.List.get(int)" because the return value of "sg.edu.nus.autotune.DB2DATA.getAllIndexes()" is null


===== Query 2342 =====

SQL: SELECT S_QUANTITY, S_DATA, S_DIST_01, S_DIST_02, S_DIST_03, S_DIST_04, S_DIST_05, S_DIST_06, S_DIST_07, S_DIST_08, S_DIST_09, S_DIST_10 FROM STOCK WHERE S_I_ID = 75455 AND S_W_ID = 2

EXPLAIN Plan:

Index Scan using stock_pkey on stock  (cost=0.42..8.44 rows=1 width=291) (actual time=0.892..0.895 rows=1 loops=1)

  Index Cond: ((s_w_id = 2) AND (s_i_id = 75455))

Planning Time: 0.109 ms

Execution Time: 0.923 ms
Failed SQL 2342: SELECT S_QUANTITY, S_DATA, S_DIST_01, S_DIST_02, S_DIST_03, S_DIST_04, S_DIST_05, S_DIST_06, S_DIST_07, S_DIST_08, S_DIST_09, S_DIST_10 FROM STOCK WHERE S_I_ID = 75455 AND S_W_ID = 2
Error Message: Cannot invoke "java.util.List.get(int)" because the return value of "sg.edu.nus.autotune.DB2DATA.getAllIndexes()" is null


===== Query 2343 =====

SQL: UPDATE STOCK SET S_QUANTITY = 18, S_YTD = S_YTD + 4, S_ORDER_CNT = S_ORDER_CNT + 1, S_REMOTE_CNT = S_REMOTE_CNT + 0 WHERE S_I_ID = 75455 AND S_W_ID = 2

EXPLAIN Plan:

Update on stock  (cost=0.42..8.45 rows=0 width=0) (actual time=0.072..0.072 rows=0 loops=1)

  ->  Index Scan using stock_pkey on stock  (cost=0.42..8.45 rows=1 width=32) (actual time=0.023..0.025 rows=1 loops=1)

        Index Cond: ((s_w_id = 2) AND (s_i_id = 75455))

Planning Time: 0.084 ms

Execution Time: 0.115 ms
Failed SQL 2343: UPDATE STOCK SET S_QUANTITY = 18, S_YTD = S_YTD + 4, S_ORDER_CNT = S_ORDER_CNT + 1, S_REMOTE_CNT = S_REMOTE_CNT + 0 WHERE S_I_ID = 75455 AND S_W_ID = 2
Error Message: Cannot invoke "java.util.List.get(int)" because the return value of "sg.edu.nus.autotune.DB2DATA.getAllIndexes()" is null


===== Query 2344 =====

SQL: SELECT I_PRICE, I_NAME , I_DATA FROM ITEM WHERE I_ID = 30407

EXPLAIN Plan:

Index Scan using item_pkey on item  (cost=0.29..8.31 rows=1 width=61) (actual time=0.072..0.073 rows=1 loops=1)

  Index Cond: (i_id = 30407)

Planning Time: 0.086 ms

Execution Time: 0.091 ms
Failed SQL 2344: SELECT I_PRICE, I_NAME , I_DATA FROM ITEM WHERE I_ID = 30407
Error Message: Cannot invoke "java.util.List.get(int)" because the return value of "sg.edu.nus.autotune.DB2DATA.getAllIndexes()" is null


===== Query 2345 =====

SQL: SELECT S_QUANTITY, S_DATA, S_DIST_01, S_DIST_02, S_DIST_03, S_DIST_04, S_DIST_05, S_DIST_06, S_DIST_07, S_DIST_08, S_DIST_09, S_DIST_10 FROM STOCK WHERE S_I_ID = 30407 AND S_W_ID = 2

EXPLAIN Plan:

Index Scan using stock_pkey on stock  (cost=0.42..8.44 rows=1 width=291) (actual time=0.095..0.097 rows=1 loops=1)

  Index Cond: ((s_w_id = 2) AND (s_i_id = 30407))

Planning Time: 0.099 ms

Execution Time: 0.118 ms
Failed SQL 2345: SELECT S_QUANTITY, S_DATA, S_DIST_01, S_DIST_02, S_DIST_03, S_DIST_04, S_DIST_05, S_DIST_06, S_DIST_07, S_DIST_08, S_DIST_09, S_DIST_10 FROM STOCK WHERE S_I_ID = 30407 AND S_W_ID = 2
Error Message: Cannot invoke "java.util.List.get(int)" because the return value of "sg.edu.nus.autotune.DB2DATA.getAllIndexes()" is null


===== Query 2346 =====

SQL: UPDATE STOCK SET S_QUANTITY = 22, S_YTD = S_YTD + 2, S_ORDER_CNT = S_ORDER_CNT + 1, S_REMOTE_CNT = S_REMOTE_CNT + 0 WHERE S_I_ID = 30407 AND S_W_ID = 2

EXPLAIN Plan:

Update on stock  (cost=0.42..8.45 rows=0 width=0) (actual time=0.168..0.168 rows=0 loops=1)

  ->  Index Scan using stock_pkey on stock  (cost=0.42..8.45 rows=1 width=32) (actual time=0.049..0.051 rows=1 loops=1)

        Index Cond: ((s_w_id = 2) AND (s_i_id = 30407))

Planning Time: 0.121 ms

Execution Time: 0.200 ms
Failed SQL 2346: UPDATE STOCK SET S_QUANTITY = 22, S_YTD = S_YTD + 2, S_ORDER_CNT = S_ORDER_CNT + 1, S_REMOTE_CNT = S_REMOTE_CNT + 0 WHERE S_I_ID = 30407 AND S_W_ID = 2
Error Message: Cannot invoke "java.util.List.get(int)" because the return value of "sg.edu.nus.autotune.DB2DATA.getAllIndexes()" is null


===== Query 2347 =====

SQL: SELECT C_DATA FROM CUSTOMER WHERE C_W_ID = 1 AND C_D_ID = 2 AND C_ID = 439

EXPLAIN Plan:

Index Scan using customer_pkey on customer  (cost=0.42..8.44 rows=1 width=405) (actual time=0.053..0.054 rows=1 loops=1)

  Index Cond: ((c_w_id = 1) AND (c_d_id = 2) AND (c_id = 439))

Planning Time: 0.136 ms

Execution Time: 0.077 ms
Failed SQL 2347: SELECT C_DATA FROM CUSTOMER WHERE C_W_ID = 1 AND C_D_ID = 2 AND C_ID = 439
Error Message: Cannot invoke "java.util.List.get(int)" because the return value of "sg.edu.nus.autotune.DB2DATA.getAllIndexes()" is null


===== Query 2348 =====

SQL: UPDATE CUSTOMER SET C_BALANCE = -5065.62, C_YTD_PAYMENT = 5065.62, C_PAYMENT_CNT = 3, C_DATA = '439 2 1 2 1 4418.59 | 439 2 1 2 1 637.03 | hxkiastytemoedqqbxmxolvbjxmxpfylpkxwwyvezcezjgvsojrpzpulqonsqjxmsilibqvlazopfamgbttxgajwctvulbkpewhugmjftvriegpxsvfuuworcvlscphpydgbvjgjgnjeixmwwinbgqcphbyfyuensvmkuqookeycehrkijvofmbmltnxhchxzhwsemwltspmzmkeygglvkehwurrndmwbauauzzfudhbncznrqatpzxfllmefyxnxkvikhvyntnnigeecopgnfsbjefgmbkrckudwkkdjwcsbfjfxfoettrcqhmhoeupanghluwlnvjoqwnjmhxrozauhlsufwufckaghwrzhplypltjoblpnpbezohmwhyiisyrtolwgxlwlethmefuej' WHERE C_W_ID = 1 AND C_D_ID = 2 AND C_ID = 439

EXPLAIN Plan:

Update on customer  (cost=0.42..8.44 rows=0 width=0) (actual time=0.084..0.085 rows=0 loops=1)

  ->  Index Scan using customer_pkey on customer  (cost=0.42..8.44 rows=1 width=550) (actual time=0.026..0.028 rows=1 loops=1)

        Index Cond: ((c_w_id = 1) AND (c_d_id = 2) AND (c_id = 439))

Planning Time: 0.156 ms

Execution Time: 0.121 ms
Failed SQL 2348: UPDATE CUSTOMER SET C_BALANCE = -5065.62, C_YTD_PAYMENT = 5065.62, C_PAYMENT_CNT = 3, C_DATA = '439 2 1 2 1 4418.59 | 439 2 1 2 1 637.03 | hxkiastytemoedqqbxmxolvbjxmxpfylpkxwwyvezcezjgvsojrpzpulqonsqjxmsilibqvlazopfamgbttxgajwctvulbkpewhugmjftvriegpxsvfuuworcvlscphpydgbvjgjgnjeixmwwinbgqcphbyfyuensvmkuqookeycehrkijvofmbmltnxhchxzhwsemwltspmzmkeygglvkehwurrndmwbauauzzfudhbncznrqatpzxfllmefyxnxkvikhvyntnnigeecopgnfsbjefgmbkrckudwkkdjwcsbfjfxfoettrcqhmhoeupanghluwlnvjoqwnjmhxrozauhlsufwufckaghwrzhplypltjoblpnpbezohmwhyiisyrtolwgxlwlethmefuej' WHERE C_W_ID = 1 AND C_D_ID = 2 AND C_ID = 439
Error Message: Cannot invoke "java.util.List.get(int)" because the return value of "sg.edu.nus.autotune.DB2DATA.getAllIndexes()" is null


===== Query 2349 =====

SQL: SELECT C_DISCOUNT, C_LAST, C_CREDIT, W_TAX FROM CUSTOMER, WAREHOUSE WHERE W_ID = 2 AND C_W_ID = 2 AND C_D_ID = 8 AND C_ID = 1793

EXPLAIN Plan:

Nested Loop  (cost=4.56..16.61 rows=1 width=26) (actual time=1.139..1.142 rows=1 loops=1)

  ->  Index Scan using customer_pkey on customer  (cost=0.42..8.44 rows=1 width=21) (actual time=1.088..1.090 rows=1 loops=1)

        Index Cond: ((c_w_id = 2) AND (c_d_id = 8) AND (c_id = 1793))

  ->  Bitmap Heap Scan on warehouse  (cost=4.14..8.15 rows=1 width=5) (actual time=0.040..0.041 rows=1 loops=1)

        Recheck Cond: (w_id = 2)

        Heap Blocks: exact=1

        ->  Bitmap Index Scan on warehouse_pkey  (cost=0.00..4.14 rows=1 width=0) (actual time=0.017..0.017 rows=1 loops=1)

              Index Cond: (w_id = 2)

Planning Time: 0.083 ms

Execution Time: 1.168 ms
Failed SQL 2349: SELECT C_DISCOUNT, C_LAST, C_CREDIT, W_TAX FROM CUSTOMER, WAREHOUSE WHERE W_ID = 2 AND C_W_ID = 2 AND C_D_ID = 8 AND C_ID = 1793
Error Message: Cannot invoke "java.util.List.get(int)" because the return value of "sg.edu.nus.autotune.DB2DATA.getAllIndexes()" is null


===== Query 2350 =====

SQL: SELECT D_NEXT_O_ID, D_TAX FROM DISTRICT WHERE D_W_ID = 2 AND D_ID = 8

EXPLAIN Plan:

Bitmap Heap Scan on district  (cost=4.28..11.66 rows=2 width=9) (actual time=0.035..0.036 rows=1 loops=1)

  Recheck Cond: ((d_w_id = 2) AND (d_id = 8))

  Heap Blocks: exact=1

  ->  Bitmap Index Scan on district_pkey  (cost=0.00..4.28 rows=2 width=0) (actual time=0.020..0.020 rows=1 loops=1)

        Index Cond: ((d_w_id = 2) AND (d_id = 8))

Planning Time: 0.099 ms

Execution Time: 0.061 ms
Failed SQL 2350: SELECT D_NEXT_O_ID, D_TAX FROM DISTRICT WHERE D_W_ID = 2 AND D_ID = 8
Error Message: Cannot invoke "java.util.List.get(int)" because the return value of "sg.edu.nus.autotune.DB2DATA.getAllIndexes()" is null


===== Query 2351 =====

SQL: UPDATE WAREHOUSE SET W_YTD = W_YTD + 1308.5 WHERE W_ID = 1

EXPLAIN Plan:

Update on warehouse  (cost=4.14..8.16 rows=0 width=0) (actual time=0.071..0.071 rows=0 loops=1)

  ->  Bitmap Heap Scan on warehouse  (cost=4.14..8.16 rows=1 width=22) (actual time=0.031..0.031 rows=1 loops=1)

        Recheck Cond: (w_id = 1)

        Heap Blocks: exact=1

        ->  Bitmap Index Scan on warehouse_pkey  (cost=0.00..4.14 rows=1 width=0) (actual time=0.010..0.010 rows=1 loops=1)

              Index Cond: (w_id = 1)

Planning Time: 0.080 ms

Execution Time: 0.100 ms
Failed SQL 2351: UPDATE WAREHOUSE SET W_YTD = W_YTD + 1308.5 WHERE W_ID = 1
Error Message: Cannot invoke "java.util.List.get(int)" because the return value of "sg.edu.nus.autotune.DB2DATA.getAllIndexes()" is null


===== Query 2352 =====

SQL: SELECT W_STREET_1, W_STREET_2, W_CITY, W_STATE, W_ZIP, W_NAME FROM WAREHOUSE WHERE W_ID = 1

EXPLAIN Plan:

Bitmap Heap Scan on warehouse  (cost=4.14..8.15 rows=1 width=65) (actual time=0.033..0.034 rows=1 loops=1)

  Recheck Cond: (w_id = 1)

  Heap Blocks: exact=1

  ->  Bitmap Index Scan on warehouse_pkey  (cost=0.00..4.14 rows=1 width=0) (actual time=0.009..0.009 rows=1 loops=1)

        Index Cond: (w_id = 1)

Planning Time: 0.089 ms

Execution Time: 0.060 ms
Failed SQL 2352: SELECT W_STREET_1, W_STREET_2, W_CITY, W_STATE, W_ZIP, W_NAME FROM WAREHOUSE WHERE W_ID = 1
Error Message: Cannot invoke "java.util.List.get(int)" because the return value of "sg.edu.nus.autotune.DB2DATA.getAllIndexes()" is null


===== Query 2353 =====

SQL: UPDATE DISTRICT SET D_NEXT_O_ID = D_NEXT_O_ID + 1 WHERE D_W_ID = 2 AND D_ID = 8

EXPLAIN Plan:

Update on district  (cost=4.28..11.67 rows=0 width=0) (actual time=0.116..0.117 rows=0 loops=1)

  ->  Bitmap Heap Scan on district  (cost=4.28..11.67 rows=2 width=10) (actual time=0.026..0.027 rows=1 loops=1)

        Recheck Cond: ((d_w_id = 2) AND (d_id = 8))

        Heap Blocks: exact=1

        ->  Bitmap Index Scan on district_pkey  (cost=0.00..4.28 rows=2 width=0) (actual time=0.014..0.015 rows=1 loops=1)

              Index Cond: ((d_w_id = 2) AND (d_id = 8))

Planning Time: 0.114 ms

Execution Time: 0.155 ms
Failed SQL 2353: UPDATE DISTRICT SET D_NEXT_O_ID = D_NEXT_O_ID + 1 WHERE D_W_ID = 2 AND D_ID = 8
Error Message: Cannot invoke "java.util.List.get(int)" because the return value of "sg.edu.nus.autotune.DB2DATA.getAllIndexes()" is null


===== Query 2354 =====

SQL: UPDATE DISTRICT SET D_YTD = D_YTD + 1308.5 WHERE D_W_ID = 1 AND D_ID = 1

EXPLAIN Plan:

Update on district  (cost=4.28..11.67 rows=0 width=0) (actual time=0.099..0.100 rows=0 loops=1)

  ->  Bitmap Heap Scan on district  (cost=4.28..11.67 rows=2 width=22) (actual time=0.042..0.043 rows=1 loops=1)

        Recheck Cond: ((d_w_id = 1) AND (d_id = 1))

        Heap Blocks: exact=1

        ->  Bitmap Index Scan on district_pkey  (cost=0.00..4.28 rows=2 width=0) (actual time=0.017..0.018 rows=1 loops=1)

              Index Cond: ((d_w_id = 1) AND (d_id = 1))

Planning Time: 0.112 ms

Execution Time: 0.151 ms
Failed SQL 2354: UPDATE DISTRICT SET D_YTD = D_YTD + 1308.5 WHERE D_W_ID = 1 AND D_ID = 1
Error Message: Cannot invoke "java.util.List.get(int)" because the return value of "sg.edu.nus.autotune.DB2DATA.getAllIndexes()" is null


===== Query 2355 =====

SQL: SELECT D_STREET_1, D_STREET_2, D_CITY, D_STATE, D_ZIP, D_NAME FROM DISTRICT WHERE D_W_ID = 1 AND D_ID = 1

EXPLAIN Plan:

Bitmap Heap Scan on district  (cost=4.28..11.66 rows=2 width=64) (actual time=0.022..0.023 rows=1 loops=1)

  Recheck Cond: ((d_w_id = 1) AND (d_id = 1))

  Heap Blocks: exact=1

  ->  Bitmap Index Scan on district_pkey  (cost=0.00..4.28 rows=2 width=0) (actual time=0.014..0.014 rows=1 loops=1)

        Index Cond: ((d_w_id = 1) AND (d_id = 1))

Planning Time: 0.082 ms

Execution Time: 0.044 ms
Failed SQL 2355: SELECT D_STREET_1, D_STREET_2, D_CITY, D_STATE, D_ZIP, D_NAME FROM DISTRICT WHERE D_W_ID = 1 AND D_ID = 1
Error Message: Cannot invoke "java.util.List.get(int)" because the return value of "sg.edu.nus.autotune.DB2DATA.getAllIndexes()" is null


===== Query 2356 =====

SQL: SELECT C_FIRST, C_MIDDLE, C_ID, C_STREET_1, C_STREET_2, C_CITY, C_STATE, C_ZIP, C_PHONE, C_CREDIT, C_CREDIT_LIM, C_DISCOUNT, C_BALANCE, C_YTD_PAYMENT, C_PAYMENT_CNT, C_SINCE FROM CUSTOMER WHERE C_W_ID = 1 AND C_D_ID = 1 AND C_LAST = 'EINGEINGBAR' ORDER BY C_FIRST

EXPLAIN Plan:

Sort  (cost=7267.59..7267.60 rows=2 width=131) (actual time=65.376..65.377 rows=1 loops=1)

  Sort Key: c_first

  Sort Method: quicksort  Memory: 25kB

  ->  Bitmap Heap Scan on customer  (cost=78.13..7267.58 rows=2 width=131) (actual time=59.027..65.353 rows=1 loops=1)

        Recheck Cond: ((c_w_id = 1) AND (c_d_id = 1))

        Filter: ((c_last)::text = 'EINGEINGBAR'::text)

        Rows Removed by Filter: 2999

        Heap Blocks: exact=909

        ->  Bitmap Index Scan on customer_pkey  (cost=0.00..78.13 rows=2971 width=0) (actual time=2.966..2.967 rows=3074 loops=1)

              Index Cond: ((c_w_id = 1) AND (c_d_id = 1))

Planning Time: 0.197 ms

Execution Time: 65.448 ms
Failed SQL 2356: SELECT C_FIRST, C_MIDDLE, C_ID, C_STREET_1, C_STREET_2, C_CITY, C_STATE, C_ZIP, C_PHONE, C_CREDIT, C_CREDIT_LIM, C_DISCOUNT, C_BALANCE, C_YTD_PAYMENT, C_PAYMENT_CNT, C_SINCE FROM CUSTOMER WHERE C_W_ID = 1 AND C_D_ID = 1 AND C_LAST = 'EINGEINGBAR' ORDER BY C_FIRST
Error Message: Cannot invoke "java.util.List.get(int)" because the return value of "sg.edu.nus.autotune.DB2DATA.getAllIndexes()" is null


===== Query 2357 =====

SQL: SELECT I_PRICE, I_NAME , I_DATA FROM ITEM WHERE I_ID = 30943

EXPLAIN Plan:

Index Scan using item_pkey on item  (cost=0.29..8.31 rows=1 width=61) (actual time=0.437..0.439 rows=1 loops=1)

  Index Cond: (i_id = 30943)

Planning Time: 0.076 ms

Execution Time: 0.457 ms
Failed SQL 2357: SELECT I_PRICE, I_NAME , I_DATA FROM ITEM WHERE I_ID = 30943
Error Message: Cannot invoke "java.util.List.get(int)" because the return value of "sg.edu.nus.autotune.DB2DATA.getAllIndexes()" is null


===== Query 2358 =====

SQL: UPDATE CUSTOMER SET C_BALANCE = -4517.7197, C_YTD_PAYMENT = 4517.72, C_PAYMENT_CNT = 4 WHERE C_W_ID = 1 AND C_D_ID = 1 AND C_ID = 991

EXPLAIN Plan:

Update on customer  (cost=0.42..8.44 rows=0 width=0) (actual time=0.142..0.143 rows=0 loops=1)

  ->  Index Scan using customer_pkey on customer  (cost=0.42..8.44 rows=1 width=34) (actual time=0.035..0.037 rows=1 loops=1)

        Index Cond: ((c_w_id = 1) AND (c_d_id = 1) AND (c_id = 991))

Planning Time: 0.131 ms

Execution Time: 0.171 ms
Failed SQL 2358: UPDATE CUSTOMER SET C_BALANCE = -4517.7197, C_YTD_PAYMENT = 4517.72, C_PAYMENT_CNT = 4 WHERE C_W_ID = 1 AND C_D_ID = 1 AND C_ID = 991
Error Message: Cannot invoke "java.util.List.get(int)" because the return value of "sg.edu.nus.autotune.DB2DATA.getAllIndexes()" is null


===== Query 2359 =====

SQL: UPDATE WAREHOUSE SET W_YTD = W_YTD + 3844.51 WHERE W_ID = 1

EXPLAIN Plan:

Update on warehouse  (cost=4.14..8.16 rows=0 width=0) (actual time=0.061..0.062 rows=0 loops=1)

  ->  Bitmap Heap Scan on warehouse  (cost=4.14..8.16 rows=1 width=22) (actual time=0.021..0.022 rows=1 loops=1)

        Recheck Cond: (w_id = 1)

        Heap Blocks: exact=1

        ->  Bitmap Index Scan on warehouse_pkey  (cost=0.00..4.14 rows=1 width=0) (actual time=0.007..0.008 rows=1 loops=1)

              Index Cond: (w_id = 1)

Planning Time: 0.363 ms

Execution Time: 0.107 ms
Failed SQL 2359: UPDATE WAREHOUSE SET W_YTD = W_YTD + 3844.51 WHERE W_ID = 1
Error Message: Cannot invoke "java.util.List.get(int)" because the return value of "sg.edu.nus.autotune.DB2DATA.getAllIndexes()" is null


===== Query 2360 =====

SQL: SELECT W_STREET_1, W_STREET_2, W_CITY, W_STATE, W_ZIP, W_NAME FROM WAREHOUSE WHERE W_ID = 1

EXPLAIN Plan:

Bitmap Heap Scan on warehouse  (cost=4.14..8.15 rows=1 width=65) (actual time=0.013..0.014 rows=1 loops=1)

  Recheck Cond: (w_id = 1)

  Heap Blocks: exact=1

  ->  Bitmap Index Scan on warehouse_pkey  (cost=0.00..4.14 rows=1 width=0) (actual time=0.004..0.004 rows=1 loops=1)

        Index Cond: (w_id = 1)

Planning Time: 0.176 ms

Execution Time: 0.039 ms
Failed SQL 2360: SELECT W_STREET_1, W_STREET_2, W_CITY, W_STATE, W_ZIP, W_NAME FROM WAREHOUSE WHERE W_ID = 1
Error Message: Cannot invoke "java.util.List.get(int)" because the return value of "sg.edu.nus.autotune.DB2DATA.getAllIndexes()" is null


===== Query 2361 =====

SQL: UPDATE DISTRICT SET D_YTD = D_YTD + 3844.51 WHERE D_W_ID = 1 AND D_ID = 10

EXPLAIN Plan:

Update on district  (cost=4.28..11.67 rows=0 width=0) (actual time=0.093..0.094 rows=0 loops=1)

  ->  Bitmap Heap Scan on district  (cost=4.28..11.67 rows=2 width=22) (actual time=0.026..0.027 rows=1 loops=1)

        Recheck Cond: ((d_w_id = 1) AND (d_id = 10))

        Heap Blocks: exact=1

        ->  Bitmap Index Scan on district_pkey  (cost=0.00..4.28 rows=2 width=0) (actual time=0.012..0.012 rows=1 loops=1)

              Index Cond: ((d_w_id = 1) AND (d_id = 10))

Planning Time: 0.107 ms

Execution Time: 0.130 ms
Failed SQL 2361: UPDATE DISTRICT SET D_YTD = D_YTD + 3844.51 WHERE D_W_ID = 1 AND D_ID = 10
Error Message: Cannot invoke "java.util.List.get(int)" because the return value of "sg.edu.nus.autotune.DB2DATA.getAllIndexes()" is null


===== Query 2362 =====

SQL: SELECT D_STREET_1, D_STREET_2, D_CITY, D_STATE, D_ZIP, D_NAME FROM DISTRICT WHERE D_W_ID = 1 AND D_ID = 10

EXPLAIN Plan:

Bitmap Heap Scan on district  (cost=4.28..11.66 rows=2 width=64) (actual time=0.027..0.028 rows=1 loops=1)

  Recheck Cond: ((d_w_id = 1) AND (d_id = 10))

  Heap Blocks: exact=1

  ->  Bitmap Index Scan on district_pkey  (cost=0.00..4.28 rows=2 width=0) (actual time=0.011..0.012 rows=1 loops=1)

        Index Cond: ((d_w_id = 1) AND (d_id = 10))

Planning Time: 0.094 ms

Execution Time: 0.057 ms
Failed SQL 2362: SELECT D_STREET_1, D_STREET_2, D_CITY, D_STATE, D_ZIP, D_NAME FROM DISTRICT WHERE D_W_ID = 1 AND D_ID = 10
Error Message: Cannot invoke "java.util.List.get(int)" because the return value of "sg.edu.nus.autotune.DB2DATA.getAllIndexes()" is null


===== Query 2363 =====

SQL: SELECT C_FIRST, C_MIDDLE, C_LAST, C_STREET_1, C_STREET_2, C_CITY, C_STATE, C_ZIP, C_PHONE, C_CREDIT, C_CREDIT_LIM, C_DISCOUNT, C_BALANCE, C_YTD_PAYMENT, C_PAYMENT_CNT, C_SINCE FROM CUSTOMER WHERE C_W_ID = 1 AND C_D_ID = 10 AND C_ID = 2819

EXPLAIN Plan:

Index Scan using customer_pkey on customer  (cost=0.42..8.44 rows=1 width=140) (actual time=0.071..0.073 rows=1 loops=1)

  Index Cond: ((c_w_id = 1) AND (c_d_id = 10) AND (c_id = 2819))

Planning Time: 0.114 ms

Execution Time: 0.099 ms
Failed SQL 2363: SELECT C_FIRST, C_MIDDLE, C_LAST, C_STREET_1, C_STREET_2, C_CITY, C_STATE, C_ZIP, C_PHONE, C_CREDIT, C_CREDIT_LIM, C_DISCOUNT, C_BALANCE, C_YTD_PAYMENT, C_PAYMENT_CNT, C_SINCE FROM CUSTOMER WHERE C_W_ID = 1 AND C_D_ID = 10 AND C_ID = 2819
Error Message: Cannot invoke "java.util.List.get(int)" because the return value of "sg.edu.nus.autotune.DB2DATA.getAllIndexes()" is null


===== Query 2364 =====

SQL: SELECT C_DATA FROM CUSTOMER WHERE C_W_ID = 1 AND C_D_ID = 10 AND C_ID = 2819

EXPLAIN Plan:

Index Scan using customer_pkey on customer  (cost=0.42..8.44 rows=1 width=405) (actual time=0.021..0.023 rows=1 loops=1)

  Index Cond: ((c_w_id = 1) AND (c_d_id = 10) AND (c_id = 2819))

Planning Time: 0.112 ms

Execution Time: 0.042 ms
Failed SQL 2364: SELECT C_DATA FROM CUSTOMER WHERE C_W_ID = 1 AND C_D_ID = 10 AND C_ID = 2819
Error Message: Cannot invoke "java.util.List.get(int)" because the return value of "sg.edu.nus.autotune.DB2DATA.getAllIndexes()" is null


===== Query 2365 =====

SQL: UPDATE CUSTOMER SET C_BALANCE = -5622.06, C_YTD_PAYMENT = 5622.06, C_PAYMENT_CNT = 3, C_DATA = '2819 10 1 10 1 3844.51 | 2819 10 1 10 1 1767.55 | zmxxklubrzdlbqeiymqyjkspoaexaxoqrgshbwkmdrkvznnxssvxqttitacufbpcwudqhbbhpmrmntxqooqxhndopnevunxfvnfufajnyxndlrziotcjrwazummfzjpraiiorrcbkbfyzzlikbwcukeniyjxaflrtpfeheujvqcsmjymnvhkynpsfyfdiafjddegtbmmujjnwcgqbjkxwxtcldqbcagjfxlmobktivvtwuuhncvaeluyjvvvyygncbbngwaofgrcfabvkxqfcgeafvqesiencgofnsicdhznnmvzseoydslxayvmzzwwlfeglkhhcvwkoauggmlpwdpizsforucggrekeaxyufqjmbodmgeirjejofhsnmkmijjvmhyvdpwoyvjrcjpdcsgpumfakrojtzjglpyhsegjgcvmcozutdyavxvpyjqipj' WHERE C_W_ID = 1 AND C_D_ID = 10 AND C_ID = 2819

EXPLAIN Plan:

Update on customer  (cost=0.42..8.44 rows=0 width=0) (actual time=0.156..0.157 rows=0 loops=1)

  ->  Index Scan using customer_pkey on customer  (cost=0.42..8.44 rows=1 width=550) (actual time=0.025..0.030 rows=1 loops=1)

        Index Cond: ((c_w_id = 1) AND (c_d_id = 10) AND (c_id = 2819))

Planning Time: 0.120 ms

Execution Time: 0.188 ms
Failed SQL 2365: UPDATE CUSTOMER SET C_BALANCE = -5622.06, C_YTD_PAYMENT = 5622.06, C_PAYMENT_CNT = 3, C_DATA = '2819 10 1 10 1 3844.51 | 2819 10 1 10 1 1767.55 | zmxxklubrzdlbqeiymqyjkspoaexaxoqrgshbwkmdrkvznnxssvxqttitacufbpcwudqhbbhpmrmntxqooqxhndopnevunxfvnfufajnyxndlrziotcjrwazummfzjpraiiorrcbkbfyzzlikbwcukeniyjxaflrtpfeheujvqcsmjymnvhkynpsfyfdiafjddegtbmmujjnwcgqbjkxwxtcldqbcagjfxlmobktivvtwuuhncvaeluyjvvvyygncbbngwaofgrcfabvkxqfcgeafvqesiencgofnsicdhznnmvzseoydslxayvmzzwwlfeglkhhcvwkoauggmlpwdpizsforucggrekeaxyufqjmbodmgeirjejofhsnmkmijjvmhyvdpwoyvjrcjpdcsgpumfakrojtzjglpyhsegjgcvmcozutdyavxvpyjqipj' WHERE C_W_ID = 1 AND C_D_ID = 10 AND C_ID = 2819
Error Message: Cannot invoke "java.util.List.get(int)" because the return value of "sg.edu.nus.autotune.DB2DATA.getAllIndexes()" is null


===== Query 2366 =====

SQL: SELECT S_QUANTITY, S_DATA, S_DIST_01, S_DIST_02, S_DIST_03, S_DIST_04, S_DIST_05, S_DIST_06, S_DIST_07, S_DIST_08, S_DIST_09, S_DIST_10 FROM STOCK WHERE S_I_ID = 30943 AND S_W_ID = 2

EXPLAIN Plan:

Index Scan using stock_pkey on stock  (cost=0.42..8.44 rows=1 width=291) (actual time=0.856..0.858 rows=1 loops=1)

  Index Cond: ((s_w_id = 2) AND (s_i_id = 30943))

Planning Time: 0.110 ms

Execution Time: 0.878 ms
Failed SQL 2366: SELECT S_QUANTITY, S_DATA, S_DIST_01, S_DIST_02, S_DIST_03, S_DIST_04, S_DIST_05, S_DIST_06, S_DIST_07, S_DIST_08, S_DIST_09, S_DIST_10 FROM STOCK WHERE S_I_ID = 30943 AND S_W_ID = 2
Error Message: Cannot invoke "java.util.List.get(int)" because the return value of "sg.edu.nus.autotune.DB2DATA.getAllIndexes()" is null


===== Query 2367 =====

SQL: SELECT C_DISCOUNT, C_LAST, C_CREDIT, W_TAX FROM CUSTOMER, WAREHOUSE WHERE W_ID = 1 AND C_W_ID = 1 AND C_D_ID = 9 AND C_ID = 1283

EXPLAIN Plan:

Nested Loop  (cost=4.56..16.61 rows=1 width=26) (actual time=0.057..0.059 rows=1 loops=1)

  ->  Index Scan using customer_pkey on customer  (cost=0.42..8.44 rows=1 width=21) (actual time=0.040..0.040 rows=1 loops=1)

        Index Cond: ((c_w_id = 1) AND (c_d_id = 9) AND (c_id = 1283))

  ->  Bitmap Heap Scan on warehouse  (cost=4.14..8.15 rows=1 width=5) (actual time=0.009..0.010 rows=1 loops=1)

        Recheck Cond: (w_id = 1)

        Heap Blocks: exact=1

        ->  Bitmap Index Scan on warehouse_pkey  (cost=0.00..4.14 rows=1 width=0) (actual time=0.004..0.004 rows=1 loops=1)

              Index Cond: (w_id = 1)

Planning Time: 0.246 ms

Execution Time: 0.100 ms
Failed SQL 2367: SELECT C_DISCOUNT, C_LAST, C_CREDIT, W_TAX FROM CUSTOMER, WAREHOUSE WHERE W_ID = 1 AND C_W_ID = 1 AND C_D_ID = 9 AND C_ID = 1283
Error Message: Cannot invoke "java.util.List.get(int)" because the return value of "sg.edu.nus.autotune.DB2DATA.getAllIndexes()" is null


===== Query 2368 =====

SQL: SELECT D_NEXT_O_ID, D_TAX FROM DISTRICT WHERE D_W_ID = 1 AND D_ID = 9

EXPLAIN Plan:

Bitmap Heap Scan on district  (cost=4.28..11.66 rows=2 width=9) (actual time=0.032..0.032 rows=1 loops=1)

  Recheck Cond: ((d_w_id = 1) AND (d_id = 9))

  Heap Blocks: exact=1

  ->  Bitmap Index Scan on district_pkey  (cost=0.00..4.28 rows=2 width=0) (actual time=0.011..0.011 rows=1 loops=1)

        Index Cond: ((d_w_id = 1) AND (d_id = 9))

Planning Time: 0.076 ms

Execution Time: 0.054 ms
Failed SQL 2368: SELECT D_NEXT_O_ID, D_TAX FROM DISTRICT WHERE D_W_ID = 1 AND D_ID = 9
Error Message: Cannot invoke "java.util.List.get(int)" because the return value of "sg.edu.nus.autotune.DB2DATA.getAllIndexes()" is null


===== Query 2369 =====

SQL: UPDATE DISTRICT SET D_NEXT_O_ID = D_NEXT_O_ID + 1 WHERE D_W_ID = 1 AND D_ID = 9

EXPLAIN Plan:

Update on district  (cost=4.28..11.67 rows=0 width=0) (actual time=0.056..0.057 rows=0 loops=1)

  ->  Bitmap Heap Scan on district  (cost=4.28..11.67 rows=2 width=10) (actual time=0.023..0.024 rows=1 loops=1)

        Recheck Cond: ((d_w_id = 1) AND (d_id = 9))

        Heap Blocks: exact=1

        ->  Bitmap Index Scan on district_pkey  (cost=0.00..4.28 rows=2 width=0) (actual time=0.013..0.014 rows=1 loops=1)

              Index Cond: ((d_w_id = 1) AND (d_id = 9))

Planning Time: 0.099 ms

Execution Time: 0.092 ms
Failed SQL 2369: UPDATE DISTRICT SET D_NEXT_O_ID = D_NEXT_O_ID + 1 WHERE D_W_ID = 1 AND D_ID = 9
Error Message: Cannot invoke "java.util.List.get(int)" because the return value of "sg.edu.nus.autotune.DB2DATA.getAllIndexes()" is null


===== Query 2370 =====

SQL: SELECT I_PRICE, I_NAME , I_DATA FROM ITEM WHERE I_ID = 81442

EXPLAIN Plan:

Index Scan using item_pkey on item  (cost=0.29..8.31 rows=1 width=61) (actual time=0.043..0.045 rows=1 loops=1)

  Index Cond: (i_id = 81442)

Planning Time: 0.078 ms

Execution Time: 0.064 ms
Failed SQL 2370: SELECT I_PRICE, I_NAME , I_DATA FROM ITEM WHERE I_ID = 81442
Error Message: Cannot invoke "java.util.List.get(int)" because the return value of "sg.edu.nus.autotune.DB2DATA.getAllIndexes()" is null


===== Query 2371 =====

SQL: UPDATE STOCK SET S_QUANTITY = 100, S_YTD = S_YTD + 6, S_ORDER_CNT = S_ORDER_CNT + 1, S_REMOTE_CNT = S_REMOTE_CNT + 0 WHERE S_I_ID = 30943 AND S_W_ID = 2

EXPLAIN Plan:

Update on stock  (cost=0.42..8.45 rows=0 width=0) (actual time=0.146..0.147 rows=0 loops=1)

  ->  Index Scan using stock_pkey on stock  (cost=0.42..8.45 rows=1 width=32) (actual time=0.026..0.028 rows=1 loops=1)

        Index Cond: ((s_w_id = 2) AND (s_i_id = 30943))

Planning Time: 0.102 ms

Execution Time: 0.175 ms
Failed SQL 2371: UPDATE STOCK SET S_QUANTITY = 100, S_YTD = S_YTD + 6, S_ORDER_CNT = S_ORDER_CNT + 1, S_REMOTE_CNT = S_REMOTE_CNT + 0 WHERE S_I_ID = 30943 AND S_W_ID = 2
Error Message: Cannot invoke "java.util.List.get(int)" because the return value of "sg.edu.nus.autotune.DB2DATA.getAllIndexes()" is null


===== Query 2372 =====

SQL: SELECT I_PRICE, I_NAME , I_DATA FROM ITEM WHERE I_ID = 12878

EXPLAIN Plan:

Index Scan using item_pkey on item  (cost=0.29..8.31 rows=1 width=61) (actual time=0.559..0.561 rows=1 loops=1)

  Index Cond: (i_id = 12878)

Planning Time: 0.081 ms

Execution Time: 0.581 ms
Failed SQL 2372: SELECT I_PRICE, I_NAME , I_DATA FROM ITEM WHERE I_ID = 12878
Error Message: Cannot invoke "java.util.List.get(int)" because the return value of "sg.edu.nus.autotune.DB2DATA.getAllIndexes()" is null


===== Query 2373 =====

SQL: SELECT S_QUANTITY, S_DATA, S_DIST_01, S_DIST_02, S_DIST_03, S_DIST_04, S_DIST_05, S_DIST_06, S_DIST_07, S_DIST_08, S_DIST_09, S_DIST_10 FROM STOCK WHERE S_I_ID = 81442 AND S_W_ID = 1

EXPLAIN Plan:

Index Scan using stock_pkey on stock  (cost=0.42..8.44 rows=1 width=291) (actual time=0.795..0.798 rows=1 loops=1)

  Index Cond: ((s_w_id = 1) AND (s_i_id = 81442))

Planning Time: 0.059 ms

Execution Time: 0.815 ms
Failed SQL 2373: SELECT S_QUANTITY, S_DATA, S_DIST_01, S_DIST_02, S_DIST_03, S_DIST_04, S_DIST_05, S_DIST_06, S_DIST_07, S_DIST_08, S_DIST_09, S_DIST_10 FROM STOCK WHERE S_I_ID = 81442 AND S_W_ID = 1
Error Message: Cannot invoke "java.util.List.get(int)" because the return value of "sg.edu.nus.autotune.DB2DATA.getAllIndexes()" is null


===== Query 2374 =====

SQL: SELECT S_QUANTITY, S_DATA, S_DIST_01, S_DIST_02, S_DIST_03, S_DIST_04, S_DIST_05, S_DIST_06, S_DIST_07, S_DIST_08, S_DIST_09, S_DIST_10 FROM STOCK WHERE S_I_ID = 12878 AND S_W_ID = 2

EXPLAIN Plan:

Index Scan using stock_pkey on stock  (cost=0.42..8.44 rows=1 width=291) (actual time=1.659..1.663 rows=1 loops=1)

  Index Cond: ((s_w_id = 2) AND (s_i_id = 12878))

Planning Time: 0.088 ms

Execution Time: 1.686 ms
Failed SQL 2374: SELECT S_QUANTITY, S_DATA, S_DIST_01, S_DIST_02, S_DIST_03, S_DIST_04, S_DIST_05, S_DIST_06, S_DIST_07, S_DIST_08, S_DIST_09, S_DIST_10 FROM STOCK WHERE S_I_ID = 12878 AND S_W_ID = 2
Error Message: Cannot invoke "java.util.List.get(int)" because the return value of "sg.edu.nus.autotune.DB2DATA.getAllIndexes()" is null


===== Query 2375 =====

SQL: UPDATE STOCK SET S_QUANTITY = 56, S_YTD = S_YTD + 1, S_ORDER_CNT = S_ORDER_CNT + 1, S_REMOTE_CNT = S_REMOTE_CNT + 0 WHERE S_I_ID = 81442 AND S_W_ID = 1

EXPLAIN Plan:

Update on stock  (cost=0.42..8.45 rows=0 width=0) (actual time=0.085..0.086 rows=0 loops=1)

  ->  Index Scan using stock_pkey on stock  (cost=0.42..8.45 rows=1 width=32) (actual time=0.026..0.028 rows=1 loops=1)

        Index Cond: ((s_w_id = 1) AND (s_i_id = 81442))

Planning Time: 0.143 ms

Execution Time: 0.114 ms
Failed SQL 2375: UPDATE STOCK SET S_QUANTITY = 56, S_YTD = S_YTD + 1, S_ORDER_CNT = S_ORDER_CNT + 1, S_REMOTE_CNT = S_REMOTE_CNT + 0 WHERE S_I_ID = 81442 AND S_W_ID = 1
Error Message: Cannot invoke "java.util.List.get(int)" because the return value of "sg.edu.nus.autotune.DB2DATA.getAllIndexes()" is null


===== Query 2376 =====

SQL: SELECT I_PRICE, I_NAME , I_DATA FROM ITEM WHERE I_ID = 85431

EXPLAIN Plan:

Index Scan using item_pkey on item  (cost=0.29..8.31 rows=1 width=61) (actual time=0.066..0.068 rows=1 loops=1)

  Index Cond: (i_id = 85431)

Planning Time: 0.091 ms

Execution Time: 0.090 ms
Failed SQL 2376: SELECT I_PRICE, I_NAME , I_DATA FROM ITEM WHERE I_ID = 85431
Error Message: Cannot invoke "java.util.List.get(int)" because the return value of "sg.edu.nus.autotune.DB2DATA.getAllIndexes()" is null


===== Query 2377 =====

SQL: SELECT S_QUANTITY, S_DATA, S_DIST_01, S_DIST_02, S_DIST_03, S_DIST_04, S_DIST_05, S_DIST_06, S_DIST_07, S_DIST_08, S_DIST_09, S_DIST_10 FROM STOCK WHERE S_I_ID = 85431 AND S_W_ID = 1

EXPLAIN Plan:

Index Scan using stock_pkey on stock  (cost=0.42..8.44 rows=1 width=291) (actual time=0.876..0.879 rows=1 loops=1)

  Index Cond: ((s_w_id = 1) AND (s_i_id = 85431))

Planning Time: 0.110 ms

Execution Time: 0.906 ms
Failed SQL 2377: SELECT S_QUANTITY, S_DATA, S_DIST_01, S_DIST_02, S_DIST_03, S_DIST_04, S_DIST_05, S_DIST_06, S_DIST_07, S_DIST_08, S_DIST_09, S_DIST_10 FROM STOCK WHERE S_I_ID = 85431 AND S_W_ID = 1
Error Message: Cannot invoke "java.util.List.get(int)" because the return value of "sg.edu.nus.autotune.DB2DATA.getAllIndexes()" is null


===== Query 2378 =====

SQL: UPDATE STOCK SET S_QUANTITY = 68, S_YTD = S_YTD + 3, S_ORDER_CNT = S_ORDER_CNT + 1, S_REMOTE_CNT = S_REMOTE_CNT + 0 WHERE S_I_ID = 12878 AND S_W_ID = 2

EXPLAIN Plan:

Update on stock  (cost=0.42..8.45 rows=0 width=0) (actual time=0.108..0.108 rows=0 loops=1)

  ->  Index Scan using stock_pkey on stock  (cost=0.42..8.45 rows=1 width=32) (actual time=0.049..0.050 rows=1 loops=1)

        Index Cond: ((s_w_id = 2) AND (s_i_id = 12878))

Planning Time: 0.101 ms

Execution Time: 0.133 ms
Failed SQL 2378: UPDATE STOCK SET S_QUANTITY = 68, S_YTD = S_YTD + 3, S_ORDER_CNT = S_ORDER_CNT + 1, S_REMOTE_CNT = S_REMOTE_CNT + 0 WHERE S_I_ID = 12878 AND S_W_ID = 2
Error Message: Cannot invoke "java.util.List.get(int)" because the return value of "sg.edu.nus.autotune.DB2DATA.getAllIndexes()" is null


===== Query 2379 =====

SQL: SELECT I_PRICE, I_NAME , I_DATA FROM ITEM WHERE I_ID = 64583

EXPLAIN Plan:

Index Scan using item_pkey on item  (cost=0.29..8.31 rows=1 width=61) (actual time=0.045..0.046 rows=1 loops=1)

  Index Cond: (i_id = 64583)

Planning Time: 0.075 ms

Execution Time: 0.066 ms
Failed SQL 2379: SELECT I_PRICE, I_NAME , I_DATA FROM ITEM WHERE I_ID = 64583
Error Message: Cannot invoke "java.util.List.get(int)" because the return value of "sg.edu.nus.autotune.DB2DATA.getAllIndexes()" is null


===== Query 2380 =====

SQL: SELECT S_QUANTITY, S_DATA, S_DIST_01, S_DIST_02, S_DIST_03, S_DIST_04, S_DIST_05, S_DIST_06, S_DIST_07, S_DIST_08, S_DIST_09, S_DIST_10 FROM STOCK WHERE S_I_ID = 64583 AND S_W_ID = 2

EXPLAIN Plan:

Index Scan using stock_pkey on stock  (cost=0.42..8.44 rows=1 width=291) (actual time=0.800..0.801 rows=1 loops=1)

  Index Cond: ((s_w_id = 2) AND (s_i_id = 64583))

Planning Time: 0.064 ms

Execution Time: 0.816 ms
Failed SQL 2380: SELECT S_QUANTITY, S_DATA, S_DIST_01, S_DIST_02, S_DIST_03, S_DIST_04, S_DIST_05, S_DIST_06, S_DIST_07, S_DIST_08, S_DIST_09, S_DIST_10 FROM STOCK WHERE S_I_ID = 64583 AND S_W_ID = 2
Error Message: Cannot invoke "java.util.List.get(int)" because the return value of "sg.edu.nus.autotune.DB2DATA.getAllIndexes()" is null


===== Query 2381 =====

SQL: UPDATE STOCK SET S_QUANTITY = 72, S_YTD = S_YTD + 8, S_ORDER_CNT = S_ORDER_CNT + 1, S_REMOTE_CNT = S_REMOTE_CNT + 0 WHERE S_I_ID = 85431 AND S_W_ID = 1

EXPLAIN Plan:

Update on stock  (cost=0.42..8.45 rows=0 width=0) (actual time=0.057..0.057 rows=0 loops=1)

  ->  Index Scan using stock_pkey on stock  (cost=0.42..8.45 rows=1 width=32) (actual time=0.022..0.023 rows=1 loops=1)

        Index Cond: ((s_w_id = 1) AND (s_i_id = 85431))

Planning Time: 0.081 ms

Execution Time: 0.076 ms
Failed SQL 2381: UPDATE STOCK SET S_QUANTITY = 72, S_YTD = S_YTD + 8, S_ORDER_CNT = S_ORDER_CNT + 1, S_REMOTE_CNT = S_REMOTE_CNT + 0 WHERE S_I_ID = 85431 AND S_W_ID = 1
Error Message: Cannot invoke "java.util.List.get(int)" because the return value of "sg.edu.nus.autotune.DB2DATA.getAllIndexes()" is null


===== Query 2382 =====

SQL: SELECT I_PRICE, I_NAME , I_DATA FROM ITEM WHERE I_ID = 73173

EXPLAIN Plan:

Index Scan using item_pkey on item  (cost=0.29..8.31 rows=1 width=61) (actual time=0.058..0.059 rows=1 loops=1)

  Index Cond: (i_id = 73173)

Planning Time: 0.088 ms

Execution Time: 0.082 ms
Failed SQL 2382: SELECT I_PRICE, I_NAME , I_DATA FROM ITEM WHERE I_ID = 73173
Error Message: Cannot invoke "java.util.List.get(int)" because the return value of "sg.edu.nus.autotune.DB2DATA.getAllIndexes()" is null


===== Query 2383 =====

SQL: SELECT S_QUANTITY, S_DATA, S_DIST_01, S_DIST_02, S_DIST_03, S_DIST_04, S_DIST_05, S_DIST_06, S_DIST_07, S_DIST_08, S_DIST_09, S_DIST_10 FROM STOCK WHERE S_I_ID = 73173 AND S_W_ID = 1

EXPLAIN Plan:

Index Scan using stock_pkey on stock  (cost=0.42..8.44 rows=1 width=291) (actual time=0.059..0.061 rows=1 loops=1)

  Index Cond: ((s_w_id = 1) AND (s_i_id = 73173))

Planning Time: 0.099 ms

Execution Time: 0.084 ms
Failed SQL 2383: SELECT S_QUANTITY, S_DATA, S_DIST_01, S_DIST_02, S_DIST_03, S_DIST_04, S_DIST_05, S_DIST_06, S_DIST_07, S_DIST_08, S_DIST_09, S_DIST_10 FROM STOCK WHERE S_I_ID = 73173 AND S_W_ID = 1
Error Message: Cannot invoke "java.util.List.get(int)" because the return value of "sg.edu.nus.autotune.DB2DATA.getAllIndexes()" is null


===== Query 2384 =====

SQL: UPDATE STOCK SET S_QUANTITY = 91, S_YTD = S_YTD + 5, S_ORDER_CNT = S_ORDER_CNT + 1, S_REMOTE_CNT = S_REMOTE_CNT + 0 WHERE S_I_ID = 73173 AND S_W_ID = 1

EXPLAIN Plan:

Update on stock  (cost=0.42..8.45 rows=0 width=0) (actual time=0.096..0.097 rows=0 loops=1)

  ->  Index Scan using stock_pkey on stock  (cost=0.42..8.45 rows=1 width=32) (actual time=0.034..0.035 rows=1 loops=1)

        Index Cond: ((s_w_id = 1) AND (s_i_id = 73173))

Planning Time: 0.178 ms

Execution Time: 0.136 ms
Failed SQL 2384: UPDATE STOCK SET S_QUANTITY = 91, S_YTD = S_YTD + 5, S_ORDER_CNT = S_ORDER_CNT + 1, S_REMOTE_CNT = S_REMOTE_CNT + 0 WHERE S_I_ID = 73173 AND S_W_ID = 1
Error Message: Cannot invoke "java.util.List.get(int)" because the return value of "sg.edu.nus.autotune.DB2DATA.getAllIndexes()" is null


===== Query 2385 =====

SQL: SELECT I_PRICE, I_NAME , I_DATA FROM ITEM WHERE I_ID = 44719

EXPLAIN Plan:

Index Scan using item_pkey on item  (cost=0.29..8.31 rows=1 width=61) (actual time=0.143..0.146 rows=1 loops=1)

  Index Cond: (i_id = 44719)

Planning Time: 0.076 ms

Execution Time: 0.166 ms
Failed SQL 2385: SELECT I_PRICE, I_NAME , I_DATA FROM ITEM WHERE I_ID = 44719
Error Message: Cannot invoke "java.util.List.get(int)" because the return value of "sg.edu.nus.autotune.DB2DATA.getAllIndexes()" is null


===== Query 2386 =====

SQL: UPDATE STOCK SET S_QUANTITY = 63, S_YTD = S_YTD + 2, S_ORDER_CNT = S_ORDER_CNT + 1, S_REMOTE_CNT = S_REMOTE_CNT + 0 WHERE S_I_ID = 64583 AND S_W_ID = 2

EXPLAIN Plan:

Update on stock  (cost=0.42..8.45 rows=0 width=0) (actual time=0.085..0.086 rows=0 loops=1)

  ->  Index Scan using stock_pkey on stock  (cost=0.42..8.45 rows=1 width=32) (actual time=0.029..0.031 rows=1 loops=1)

        Index Cond: ((s_w_id = 2) AND (s_i_id = 64583))

Planning Time: 0.125 ms

Execution Time: 0.119 ms
Failed SQL 2386: UPDATE STOCK SET S_QUANTITY = 63, S_YTD = S_YTD + 2, S_ORDER_CNT = S_ORDER_CNT + 1, S_REMOTE_CNT = S_REMOTE_CNT + 0 WHERE S_I_ID = 64583 AND S_W_ID = 2
Error Message: Cannot invoke "java.util.List.get(int)" because the return value of "sg.edu.nus.autotune.DB2DATA.getAllIndexes()" is null


===== Query 2387 =====

SQL: SELECT I_PRICE, I_NAME , I_DATA FROM ITEM WHERE I_ID = 20191

EXPLAIN Plan:

Index Scan using item_pkey on item  (cost=0.29..8.31 rows=1 width=61) (actual time=0.067..0.069 rows=1 loops=1)

  Index Cond: (i_id = 20191)

Planning Time: 0.086 ms

Execution Time: 0.088 ms
Failed SQL 2387: SELECT I_PRICE, I_NAME , I_DATA FROM ITEM WHERE I_ID = 20191
Error Message: Cannot invoke "java.util.List.get(int)" because the return value of "sg.edu.nus.autotune.DB2DATA.getAllIndexes()" is null


===== Query 2388 =====

SQL: SELECT S_QUANTITY, S_DATA, S_DIST_01, S_DIST_02, S_DIST_03, S_DIST_04, S_DIST_05, S_DIST_06, S_DIST_07, S_DIST_08, S_DIST_09, S_DIST_10 FROM STOCK WHERE S_I_ID = 20191 AND S_W_ID = 2

EXPLAIN Plan:

Index Scan using stock_pkey on stock  (cost=0.42..8.44 rows=1 width=291) (actual time=0.412..0.414 rows=1 loops=1)

  Index Cond: ((s_w_id = 2) AND (s_i_id = 20191))

Planning Time: 0.092 ms

Execution Time: 0.438 ms
Failed SQL 2388: SELECT S_QUANTITY, S_DATA, S_DIST_01, S_DIST_02, S_DIST_03, S_DIST_04, S_DIST_05, S_DIST_06, S_DIST_07, S_DIST_08, S_DIST_09, S_DIST_10 FROM STOCK WHERE S_I_ID = 20191 AND S_W_ID = 2
Error Message: Cannot invoke "java.util.List.get(int)" because the return value of "sg.edu.nus.autotune.DB2DATA.getAllIndexes()" is null


===== Query 2389 =====

SQL: SELECT S_QUANTITY, S_DATA, S_DIST_01, S_DIST_02, S_DIST_03, S_DIST_04, S_DIST_05, S_DIST_06, S_DIST_07, S_DIST_08, S_DIST_09, S_DIST_10 FROM STOCK WHERE S_I_ID = 44719 AND S_W_ID = 1

EXPLAIN Plan:

Index Scan using stock_pkey on stock  (cost=0.42..8.44 rows=1 width=291) (actual time=0.895..0.898 rows=1 loops=1)

  Index Cond: ((s_w_id = 1) AND (s_i_id = 44719))

Planning Time: 0.096 ms

Execution Time: 0.921 ms
Failed SQL 2389: SELECT S_QUANTITY, S_DATA, S_DIST_01, S_DIST_02, S_DIST_03, S_DIST_04, S_DIST_05, S_DIST_06, S_DIST_07, S_DIST_08, S_DIST_09, S_DIST_10 FROM STOCK WHERE S_I_ID = 44719 AND S_W_ID = 1
Error Message: Cannot invoke "java.util.List.get(int)" because the return value of "sg.edu.nus.autotune.DB2DATA.getAllIndexes()" is null


===== Query 2390 =====

SQL: UPDATE STOCK SET S_QUANTITY = 38, S_YTD = S_YTD + 6, S_ORDER_CNT = S_ORDER_CNT + 1, S_REMOTE_CNT = S_REMOTE_CNT + 0 WHERE S_I_ID = 20191 AND S_W_ID = 2

EXPLAIN Plan:

Update on stock  (cost=0.42..8.45 rows=0 width=0) (actual time=0.085..0.085 rows=0 loops=1)

  ->  Index Scan using stock_pkey on stock  (cost=0.42..8.45 rows=1 width=32) (actual time=0.025..0.027 rows=1 loops=1)

        Index Cond: ((s_w_id = 2) AND (s_i_id = 20191))

Planning Time: 0.103 ms

Execution Time: 0.115 ms
Failed SQL 2390: UPDATE STOCK SET S_QUANTITY = 38, S_YTD = S_YTD + 6, S_ORDER_CNT = S_ORDER_CNT + 1, S_REMOTE_CNT = S_REMOTE_CNT + 0 WHERE S_I_ID = 20191 AND S_W_ID = 2
Error Message: Cannot invoke "java.util.List.get(int)" because the return value of "sg.edu.nus.autotune.DB2DATA.getAllIndexes()" is null


===== Query 2391 =====

SQL: SELECT I_PRICE, I_NAME , I_DATA FROM ITEM WHERE I_ID = 89447

EXPLAIN Plan:

Index Scan using item_pkey on item  (cost=0.29..8.31 rows=1 width=61) (actual time=0.896..0.899 rows=1 loops=1)

  Index Cond: (i_id = 89447)

Planning Time: 0.082 ms

Execution Time: 0.918 ms
Failed SQL 2391: SELECT I_PRICE, I_NAME , I_DATA FROM ITEM WHERE I_ID = 89447
Error Message: Cannot invoke "java.util.List.get(int)" because the return value of "sg.edu.nus.autotune.DB2DATA.getAllIndexes()" is null


===== Query 2392 =====

SQL: UPDATE STOCK SET S_QUANTITY = 68, S_YTD = S_YTD + 5, S_ORDER_CNT = S_ORDER_CNT + 1, S_REMOTE_CNT = S_REMOTE_CNT + 0 WHERE S_I_ID = 44719 AND S_W_ID = 1

EXPLAIN Plan:

Update on stock  (cost=0.42..8.45 rows=0 width=0) (actual time=0.122..0.122 rows=0 loops=1)

  ->  Index Scan using stock_pkey on stock  (cost=0.42..8.45 rows=1 width=32) (actual time=0.036..0.037 rows=1 loops=1)

        Index Cond: ((s_w_id = 1) AND (s_i_id = 44719))

Planning Time: 0.116 ms

Execution Time: 0.152 ms
Failed SQL 2392: UPDATE STOCK SET S_QUANTITY = 68, S_YTD = S_YTD + 5, S_ORDER_CNT = S_ORDER_CNT + 1, S_REMOTE_CNT = S_REMOTE_CNT + 0 WHERE S_I_ID = 44719 AND S_W_ID = 1
Error Message: Cannot invoke "java.util.List.get(int)" because the return value of "sg.edu.nus.autotune.DB2DATA.getAllIndexes()" is null


===== Query 2393 =====

SQL: SELECT I_PRICE, I_NAME , I_DATA FROM ITEM WHERE I_ID = 81630

EXPLAIN Plan:

Index Scan using item_pkey on item  (cost=0.29..8.31 rows=1 width=61) (actual time=0.062..0.063 rows=1 loops=1)

  Index Cond: (i_id = 81630)

Planning Time: 0.096 ms

Execution Time: 0.086 ms
Failed SQL 2393: SELECT I_PRICE, I_NAME , I_DATA FROM ITEM WHERE I_ID = 81630
Error Message: Cannot invoke "java.util.List.get(int)" because the return value of "sg.edu.nus.autotune.DB2DATA.getAllIndexes()" is null


===== Query 2394 =====

SQL: SELECT S_QUANTITY, S_DATA, S_DIST_01, S_DIST_02, S_DIST_03, S_DIST_04, S_DIST_05, S_DIST_06, S_DIST_07, S_DIST_08, S_DIST_09, S_DIST_10 FROM STOCK WHERE S_I_ID = 81630 AND S_W_ID = 1

EXPLAIN Plan:

Index Scan using stock_pkey on stock  (cost=0.42..8.44 rows=1 width=291) (actual time=0.025..0.026 rows=1 loops=1)

  Index Cond: ((s_w_id = 1) AND (s_i_id = 81630))

Planning Time: 0.055 ms

Execution Time: 0.039 ms
Failed SQL 2394: SELECT S_QUANTITY, S_DATA, S_DIST_01, S_DIST_02, S_DIST_03, S_DIST_04, S_DIST_05, S_DIST_06, S_DIST_07, S_DIST_08, S_DIST_09, S_DIST_10 FROM STOCK WHERE S_I_ID = 81630 AND S_W_ID = 1
Error Message: Cannot invoke "java.util.List.get(int)" because the return value of "sg.edu.nus.autotune.DB2DATA.getAllIndexes()" is null


===== Query 2395 =====

SQL: UPDATE STOCK SET S_QUANTITY = 70, S_YTD = S_YTD + 7, S_ORDER_CNT = S_ORDER_CNT + 1, S_REMOTE_CNT = S_REMOTE_CNT + 0 WHERE S_I_ID = 81630 AND S_W_ID = 1

EXPLAIN Plan:

Update on stock  (cost=0.42..8.45 rows=0 width=0) (actual time=0.074..0.075 rows=0 loops=1)

  ->  Index Scan using stock_pkey on stock  (cost=0.42..8.45 rows=1 width=32) (actual time=0.025..0.026 rows=1 loops=1)

        Index Cond: ((s_w_id = 1) AND (s_i_id = 81630))

Planning Time: 0.096 ms

Execution Time: 0.102 ms
Failed SQL 2395: UPDATE STOCK SET S_QUANTITY = 70, S_YTD = S_YTD + 7, S_ORDER_CNT = S_ORDER_CNT + 1, S_REMOTE_CNT = S_REMOTE_CNT + 0 WHERE S_I_ID = 81630 AND S_W_ID = 1
Error Message: Cannot invoke "java.util.List.get(int)" because the return value of "sg.edu.nus.autotune.DB2DATA.getAllIndexes()" is null


===== Query 2396 =====

SQL: SELECT I_PRICE, I_NAME , I_DATA FROM ITEM WHERE I_ID = 64951

EXPLAIN Plan:

Index Scan using item_pkey on item  (cost=0.29..8.31 rows=1 width=61) (actual time=0.060..0.062 rows=1 loops=1)

  Index Cond: (i_id = 64951)

Planning Time: 0.091 ms

Execution Time: 0.082 ms
Failed SQL 2396: SELECT I_PRICE, I_NAME , I_DATA FROM ITEM WHERE I_ID = 64951
Error Message: Cannot invoke "java.util.List.get(int)" because the return value of "sg.edu.nus.autotune.DB2DATA.getAllIndexes()" is null


===== Query 2397 =====

SQL: SELECT S_QUANTITY, S_DATA, S_DIST_01, S_DIST_02, S_DIST_03, S_DIST_04, S_DIST_05, S_DIST_06, S_DIST_07, S_DIST_08, S_DIST_09, S_DIST_10 FROM STOCK WHERE S_I_ID = 64951 AND S_W_ID = 1

EXPLAIN Plan:

Index Scan using stock_pkey on stock  (cost=0.42..8.44 rows=1 width=291) (actual time=0.398..0.401 rows=1 loops=1)

  Index Cond: ((s_w_id = 1) AND (s_i_id = 64951))

Planning Time: 0.110 ms

Execution Time: 0.438 ms
Failed SQL 2397: SELECT S_QUANTITY, S_DATA, S_DIST_01, S_DIST_02, S_DIST_03, S_DIST_04, S_DIST_05, S_DIST_06, S_DIST_07, S_DIST_08, S_DIST_09, S_DIST_10 FROM STOCK WHERE S_I_ID = 64951 AND S_W_ID = 1
Error Message: Cannot invoke "java.util.List.get(int)" because the return value of "sg.edu.nus.autotune.DB2DATA.getAllIndexes()" is null


===== Query 2398 =====

SQL: UPDATE STOCK SET S_QUANTITY = 37, S_YTD = S_YTD + 6, S_ORDER_CNT = S_ORDER_CNT + 1, S_REMOTE_CNT = S_REMOTE_CNT + 0 WHERE S_I_ID = 64951 AND S_W_ID = 1

EXPLAIN Plan:

Update on stock  (cost=0.42..8.45 rows=0 width=0) (actual time=0.087..0.088 rows=0 loops=1)

  ->  Index Scan using stock_pkey on stock  (cost=0.42..8.45 rows=1 width=32) (actual time=0.025..0.026 rows=1 loops=1)

        Index Cond: ((s_w_id = 1) AND (s_i_id = 64951))

Planning Time: 0.106 ms

Execution Time: 0.116 ms
Failed SQL 2398: UPDATE STOCK SET S_QUANTITY = 37, S_YTD = S_YTD + 6, S_ORDER_CNT = S_ORDER_CNT + 1, S_REMOTE_CNT = S_REMOTE_CNT + 0 WHERE S_I_ID = 64951 AND S_W_ID = 1
Error Message: Cannot invoke "java.util.List.get(int)" because the return value of "sg.edu.nus.autotune.DB2DATA.getAllIndexes()" is null


===== Query 2399 =====

SQL: SELECT I_PRICE, I_NAME , I_DATA FROM ITEM WHERE I_ID = 73349

EXPLAIN Plan:

Index Scan using item_pkey on item  (cost=0.29..8.31 rows=1 width=61) (actual time=0.048..0.050 rows=1 loops=1)

  Index Cond: (i_id = 73349)

Planning Time: 0.068 ms

Execution Time: 0.068 ms
Failed SQL 2399: SELECT I_PRICE, I_NAME , I_DATA FROM ITEM WHERE I_ID = 73349
Error Message: Cannot invoke "java.util.List.get(int)" because the return value of "sg.edu.nus.autotune.DB2DATA.getAllIndexes()" is null


===== Query 2400 =====

SQL: SELECT S_QUANTITY, S_DATA, S_DIST_01, S_DIST_02, S_DIST_03, S_DIST_04, S_DIST_05, S_DIST_06, S_DIST_07, S_DIST_08, S_DIST_09, S_DIST_10 FROM STOCK WHERE S_I_ID = 73349 AND S_W_ID = 1

EXPLAIN Plan:

Index Scan using stock_pkey on stock  (cost=0.42..8.44 rows=1 width=291) (actual time=0.910..0.912 rows=1 loops=1)

  Index Cond: ((s_w_id = 1) AND (s_i_id = 73349))

Planning Time: 0.096 ms

Execution Time: 0.937 ms
Failed SQL 2400: SELECT S_QUANTITY, S_DATA, S_DIST_01, S_DIST_02, S_DIST_03, S_DIST_04, S_DIST_05, S_DIST_06, S_DIST_07, S_DIST_08, S_DIST_09, S_DIST_10 FROM STOCK WHERE S_I_ID = 73349 AND S_W_ID = 1
Error Message: Cannot invoke "java.util.List.get(int)" because the return value of "sg.edu.nus.autotune.DB2DATA.getAllIndexes()" is null


===== Query 2401 =====

SQL: UPDATE STOCK SET S_QUANTITY = 79, S_YTD = S_YTD + 7, S_ORDER_CNT = S_ORDER_CNT + 1, S_REMOTE_CNT = S_REMOTE_CNT + 0 WHERE S_I_ID = 73349 AND S_W_ID = 1

EXPLAIN Plan:

Update on stock  (cost=0.42..8.45 rows=0 width=0) (actual time=0.051..0.051 rows=0 loops=1)

  ->  Index Scan using stock_pkey on stock  (cost=0.42..8.45 rows=1 width=32) (actual time=0.020..0.022 rows=1 loops=1)

        Index Cond: ((s_w_id = 1) AND (s_i_id = 73349))

Planning Time: 0.088 ms

Execution Time: 0.073 ms
Failed SQL 2401: UPDATE STOCK SET S_QUANTITY = 79, S_YTD = S_YTD + 7, S_ORDER_CNT = S_ORDER_CNT + 1, S_REMOTE_CNT = S_REMOTE_CNT + 0 WHERE S_I_ID = 73349 AND S_W_ID = 1
Error Message: Cannot invoke "java.util.List.get(int)" because the return value of "sg.edu.nus.autotune.DB2DATA.getAllIndexes()" is null


===== Query 2402 =====

SQL: SELECT I_PRICE, I_NAME , I_DATA FROM ITEM WHERE I_ID = 80479

EXPLAIN Plan:

Index Scan using item_pkey on item  (cost=0.29..8.31 rows=1 width=61) (actual time=0.064..0.066 rows=1 loops=1)

  Index Cond: (i_id = 80479)

Planning Time: 0.076 ms

Execution Time: 0.084 ms
Failed SQL 2402: SELECT I_PRICE, I_NAME , I_DATA FROM ITEM WHERE I_ID = 80479
Error Message: Cannot invoke "java.util.List.get(int)" because the return value of "sg.edu.nus.autotune.DB2DATA.getAllIndexes()" is null


===== Query 2403 =====

SQL: SELECT S_QUANTITY, S_DATA, S_DIST_01, S_DIST_02, S_DIST_03, S_DIST_04, S_DIST_05, S_DIST_06, S_DIST_07, S_DIST_08, S_DIST_09, S_DIST_10 FROM STOCK WHERE S_I_ID = 89447 AND S_W_ID = 2

EXPLAIN Plan:

Index Scan using stock_pkey on stock  (cost=0.42..8.44 rows=1 width=291) (actual time=0.046..0.047 rows=1 loops=1)

  Index Cond: ((s_w_id = 2) AND (s_i_id = 89447))

Planning Time: 0.054 ms

Execution Time: 0.058 ms
Failed SQL 2403: SELECT S_QUANTITY, S_DATA, S_DIST_01, S_DIST_02, S_DIST_03, S_DIST_04, S_DIST_05, S_DIST_06, S_DIST_07, S_DIST_08, S_DIST_09, S_DIST_10 FROM STOCK WHERE S_I_ID = 89447 AND S_W_ID = 2
Error Message: Cannot invoke "java.util.List.get(int)" because the return value of "sg.edu.nus.autotune.DB2DATA.getAllIndexes()" is null


===== Query 2404 =====

SQL: SELECT S_QUANTITY, S_DATA, S_DIST_01, S_DIST_02, S_DIST_03, S_DIST_04, S_DIST_05, S_DIST_06, S_DIST_07, S_DIST_08, S_DIST_09, S_DIST_10 FROM STOCK WHERE S_I_ID = 80479 AND S_W_ID = 1

EXPLAIN Plan:

Index Scan using stock_pkey on stock  (cost=0.42..8.44 rows=1 width=291) (actual time=0.835..0.838 rows=1 loops=1)

  Index Cond: ((s_w_id = 1) AND (s_i_id = 80479))

Planning Time: 0.092 ms

Execution Time: 0.862 ms
Failed SQL 2404: SELECT S_QUANTITY, S_DATA, S_DIST_01, S_DIST_02, S_DIST_03, S_DIST_04, S_DIST_05, S_DIST_06, S_DIST_07, S_DIST_08, S_DIST_09, S_DIST_10 FROM STOCK WHERE S_I_ID = 80479 AND S_W_ID = 1
Error Message: Cannot invoke "java.util.List.get(int)" because the return value of "sg.edu.nus.autotune.DB2DATA.getAllIndexes()" is null


===== Query 2405 =====

SQL: UPDATE STOCK SET S_QUANTITY = 81, S_YTD = S_YTD + 8, S_ORDER_CNT = S_ORDER_CNT + 1, S_REMOTE_CNT = S_REMOTE_CNT + 0 WHERE S_I_ID = 89447 AND S_W_ID = 2

EXPLAIN Plan:

Update on stock  (cost=0.42..8.45 rows=0 width=0) (actual time=0.056..0.057 rows=0 loops=1)

  ->  Index Scan using stock_pkey on stock  (cost=0.42..8.45 rows=1 width=32) (actual time=0.018..0.019 rows=1 loops=1)

        Index Cond: ((s_w_id = 2) AND (s_i_id = 89447))

Planning Time: 0.074 ms

Execution Time: 0.075 ms
Failed SQL 2405: UPDATE STOCK SET S_QUANTITY = 81, S_YTD = S_YTD + 8, S_ORDER_CNT = S_ORDER_CNT + 1, S_REMOTE_CNT = S_REMOTE_CNT + 0 WHERE S_I_ID = 89447 AND S_W_ID = 2
Error Message: Cannot invoke "java.util.List.get(int)" because the return value of "sg.edu.nus.autotune.DB2DATA.getAllIndexes()" is null


===== Query 2406 =====

SQL: SELECT I_PRICE, I_NAME , I_DATA FROM ITEM WHERE I_ID = 97886

EXPLAIN Plan:

Index Scan using item_pkey on item  (cost=0.29..8.31 rows=1 width=61) (actual time=0.046..0.048 rows=1 loops=1)

  Index Cond: (i_id = 97886)

Planning Time: 0.089 ms

Execution Time: 0.068 ms
Failed SQL 2406: SELECT I_PRICE, I_NAME , I_DATA FROM ITEM WHERE I_ID = 97886
Error Message: Cannot invoke "java.util.List.get(int)" because the return value of "sg.edu.nus.autotune.DB2DATA.getAllIndexes()" is null


===== Query 2407 =====

SQL: SELECT S_QUANTITY, S_DATA, S_DIST_01, S_DIST_02, S_DIST_03, S_DIST_04, S_DIST_05, S_DIST_06, S_DIST_07, S_DIST_08, S_DIST_09, S_DIST_10 FROM STOCK WHERE S_I_ID = 97886 AND S_W_ID = 2

EXPLAIN Plan:

Index Scan using stock_pkey on stock  (cost=0.42..8.44 rows=1 width=291) (actual time=0.064..0.065 rows=1 loops=1)

  Index Cond: ((s_w_id = 2) AND (s_i_id = 97886))

Planning Time: 0.110 ms

Execution Time: 0.091 ms
Failed SQL 2407: SELECT S_QUANTITY, S_DATA, S_DIST_01, S_DIST_02, S_DIST_03, S_DIST_04, S_DIST_05, S_DIST_06, S_DIST_07, S_DIST_08, S_DIST_09, S_DIST_10 FROM STOCK WHERE S_I_ID = 97886 AND S_W_ID = 2
Error Message: Cannot invoke "java.util.List.get(int)" because the return value of "sg.edu.nus.autotune.DB2DATA.getAllIndexes()" is null


===== Query 2408 =====

SQL: UPDATE STOCK SET S_QUANTITY = 60, S_YTD = S_YTD + 5, S_ORDER_CNT = S_ORDER_CNT + 1, S_REMOTE_CNT = S_REMOTE_CNT + 0 WHERE S_I_ID = 97886 AND S_W_ID = 2

EXPLAIN Plan:

Update on stock  (cost=0.42..8.45 rows=0 width=0) (actual time=0.098..0.099 rows=0 loops=1)

  ->  Index Scan using stock_pkey on stock  (cost=0.42..8.45 rows=1 width=32) (actual time=0.024..0.025 rows=1 loops=1)

        Index Cond: ((s_w_id = 2) AND (s_i_id = 97886))

Planning Time: 0.101 ms

Execution Time: 0.126 ms
Failed SQL 2408: UPDATE STOCK SET S_QUANTITY = 60, S_YTD = S_YTD + 5, S_ORDER_CNT = S_ORDER_CNT + 1, S_REMOTE_CNT = S_REMOTE_CNT + 0 WHERE S_I_ID = 97886 AND S_W_ID = 2
Error Message: Cannot invoke "java.util.List.get(int)" because the return value of "sg.edu.nus.autotune.DB2DATA.getAllIndexes()" is null


===== Query 2409 =====

SQL: SELECT I_PRICE, I_NAME , I_DATA FROM ITEM WHERE I_ID = 6213

EXPLAIN Plan:

Index Scan using item_pkey on item  (cost=0.29..8.31 rows=1 width=61) (actual time=0.042..0.044 rows=1 loops=1)

  Index Cond: (i_id = 6213)

Planning Time: 0.086 ms

Execution Time: 0.062 ms
Failed SQL 2409: SELECT I_PRICE, I_NAME , I_DATA FROM ITEM WHERE I_ID = 6213
Error Message: Cannot invoke "java.util.List.get(int)" because the return value of "sg.edu.nus.autotune.DB2DATA.getAllIndexes()" is null


===== Query 2410 =====

SQL: SELECT S_QUANTITY, S_DATA, S_DIST_01, S_DIST_02, S_DIST_03, S_DIST_04, S_DIST_05, S_DIST_06, S_DIST_07, S_DIST_08, S_DIST_09, S_DIST_10 FROM STOCK WHERE S_I_ID = 6213 AND S_W_ID = 2

EXPLAIN Plan:

Index Scan using stock_pkey on stock  (cost=0.42..8.44 rows=1 width=291) (actual time=0.074..0.076 rows=1 loops=1)

  Index Cond: ((s_w_id = 2) AND (s_i_id = 6213))

Planning Time: 0.099 ms

Execution Time: 0.109 ms
Failed SQL 2410: SELECT S_QUANTITY, S_DATA, S_DIST_01, S_DIST_02, S_DIST_03, S_DIST_04, S_DIST_05, S_DIST_06, S_DIST_07, S_DIST_08, S_DIST_09, S_DIST_10 FROM STOCK WHERE S_I_ID = 6213 AND S_W_ID = 2
Error Message: Cannot invoke "java.util.List.get(int)" because the return value of "sg.edu.nus.autotune.DB2DATA.getAllIndexes()" is null


===== Query 2411 =====

SQL: UPDATE STOCK SET S_QUANTITY = 33, S_YTD = S_YTD + 4, S_ORDER_CNT = S_ORDER_CNT + 1, S_REMOTE_CNT = S_REMOTE_CNT + 0 WHERE S_I_ID = 6213 AND S_W_ID = 2

EXPLAIN Plan:

Update on stock  (cost=0.42..8.45 rows=0 width=0) (actual time=0.100..0.101 rows=0 loops=1)

  ->  Index Scan using stock_pkey on stock  (cost=0.42..8.45 rows=1 width=32) (actual time=0.023..0.025 rows=1 loops=1)

        Index Cond: ((s_w_id = 2) AND (s_i_id = 6213))

Planning Time: 0.100 ms

Execution Time: 0.128 ms
Failed SQL 2411: UPDATE STOCK SET S_QUANTITY = 33, S_YTD = S_YTD + 4, S_ORDER_CNT = S_ORDER_CNT + 1, S_REMOTE_CNT = S_REMOTE_CNT + 0 WHERE S_I_ID = 6213 AND S_W_ID = 2
Error Message: Cannot invoke "java.util.List.get(int)" because the return value of "sg.edu.nus.autotune.DB2DATA.getAllIndexes()" is null


===== Query 2412 =====

SQL: SELECT I_PRICE, I_NAME , I_DATA FROM ITEM WHERE I_ID = 64716

EXPLAIN Plan:

Index Scan using item_pkey on item  (cost=0.29..8.31 rows=1 width=61) (actual time=0.031..0.031 rows=1 loops=1)

  Index Cond: (i_id = 64716)

Planning Time: 0.057 ms

Execution Time: 0.043 ms
Failed SQL 2412: SELECT I_PRICE, I_NAME , I_DATA FROM ITEM WHERE I_ID = 64716
Error Message: Cannot invoke "java.util.List.get(int)" because the return value of "sg.edu.nus.autotune.DB2DATA.getAllIndexes()" is null


===== Query 2413 =====

SQL: SELECT S_QUANTITY, S_DATA, S_DIST_01, S_DIST_02, S_DIST_03, S_DIST_04, S_DIST_05, S_DIST_06, S_DIST_07, S_DIST_08, S_DIST_09, S_DIST_10 FROM STOCK WHERE S_I_ID = 64716 AND S_W_ID = 2

EXPLAIN Plan:

Index Scan using stock_pkey on stock  (cost=0.42..8.44 rows=1 width=291) (actual time=0.083..0.085 rows=1 loops=1)

  Index Cond: ((s_w_id = 2) AND (s_i_id = 64716))

Planning Time: 0.101 ms

Execution Time: 0.108 ms
Failed SQL 2413: SELECT S_QUANTITY, S_DATA, S_DIST_01, S_DIST_02, S_DIST_03, S_DIST_04, S_DIST_05, S_DIST_06, S_DIST_07, S_DIST_08, S_DIST_09, S_DIST_10 FROM STOCK WHERE S_I_ID = 64716 AND S_W_ID = 2
Error Message: Cannot invoke "java.util.List.get(int)" because the return value of "sg.edu.nus.autotune.DB2DATA.getAllIndexes()" is null


===== Query 2414 =====

SQL: UPDATE STOCK SET S_QUANTITY = 76, S_YTD = S_YTD + 6, S_ORDER_CNT = S_ORDER_CNT + 1, S_REMOTE_CNT = S_REMOTE_CNT + 0 WHERE S_I_ID = 80479 AND S_W_ID = 1

EXPLAIN Plan:

Update on stock  (cost=0.42..8.45 rows=0 width=0) (actual time=0.092..0.092 rows=0 loops=1)

  ->  Index Scan using stock_pkey on stock  (cost=0.42..8.45 rows=1 width=32) (actual time=0.028..0.030 rows=1 loops=1)

        Index Cond: ((s_w_id = 1) AND (s_i_id = 80479))

Planning Time: 0.100 ms

Execution Time: 0.120 ms
Failed SQL 2414: UPDATE STOCK SET S_QUANTITY = 76, S_YTD = S_YTD + 6, S_ORDER_CNT = S_ORDER_CNT + 1, S_REMOTE_CNT = S_REMOTE_CNT + 0 WHERE S_I_ID = 80479 AND S_W_ID = 1
Error Message: Cannot invoke "java.util.List.get(int)" because the return value of "sg.edu.nus.autotune.DB2DATA.getAllIndexes()" is null


===== Query 2415 =====

SQL: SELECT I_PRICE, I_NAME , I_DATA FROM ITEM WHERE I_ID = 72348

EXPLAIN Plan:

Index Scan using item_pkey on item  (cost=0.29..8.31 rows=1 width=61) (actual time=0.070..0.072 rows=1 loops=1)

  Index Cond: (i_id = 72348)

Planning Time: 0.082 ms

Execution Time: 0.092 ms
Failed SQL 2415: SELECT I_PRICE, I_NAME , I_DATA FROM ITEM WHERE I_ID = 72348
Error Message: Cannot invoke "java.util.List.get(int)" because the return value of "sg.edu.nus.autotune.DB2DATA.getAllIndexes()" is null


===== Query 2416 =====

SQL: SELECT S_QUANTITY, S_DATA, S_DIST_01, S_DIST_02, S_DIST_03, S_DIST_04, S_DIST_05, S_DIST_06, S_DIST_07, S_DIST_08, S_DIST_09, S_DIST_10 FROM STOCK WHERE S_I_ID = 72348 AND S_W_ID = 1

EXPLAIN Plan:

Index Scan using stock_pkey on stock  (cost=0.42..8.44 rows=1 width=291) (actual time=0.998..1.002 rows=1 loops=1)

  Index Cond: ((s_w_id = 1) AND (s_i_id = 72348))

Planning Time: 0.114 ms

Execution Time: 1.032 ms
Failed SQL 2416: SELECT S_QUANTITY, S_DATA, S_DIST_01, S_DIST_02, S_DIST_03, S_DIST_04, S_DIST_05, S_DIST_06, S_DIST_07, S_DIST_08, S_DIST_09, S_DIST_10 FROM STOCK WHERE S_I_ID = 72348 AND S_W_ID = 1
Error Message: Cannot invoke "java.util.List.get(int)" because the return value of "sg.edu.nus.autotune.DB2DATA.getAllIndexes()" is null


===== Query 2417 =====

SQL: UPDATE STOCK SET S_QUANTITY = 44, S_YTD = S_YTD + 7, S_ORDER_CNT = S_ORDER_CNT + 1, S_REMOTE_CNT = S_REMOTE_CNT + 0 WHERE S_I_ID = 72348 AND S_W_ID = 1

EXPLAIN Plan:

Update on stock  (cost=0.42..8.45 rows=0 width=0) (actual time=0.128..0.128 rows=0 loops=1)

  ->  Index Scan using stock_pkey on stock  (cost=0.42..8.45 rows=1 width=32) (actual time=0.031..0.033 rows=1 loops=1)

        Index Cond: ((s_w_id = 1) AND (s_i_id = 72348))

Planning Time: 0.119 ms

Execution Time: 0.161 ms
Failed SQL 2417: UPDATE STOCK SET S_QUANTITY = 44, S_YTD = S_YTD + 7, S_ORDER_CNT = S_ORDER_CNT + 1, S_REMOTE_CNT = S_REMOTE_CNT + 0 WHERE S_I_ID = 72348 AND S_W_ID = 1
Error Message: Cannot invoke "java.util.List.get(int)" because the return value of "sg.edu.nus.autotune.DB2DATA.getAllIndexes()" is null


===== Query 2418 =====

SQL: UPDATE WAREHOUSE SET W_YTD = W_YTD + 4365.9 WHERE W_ID = 1

EXPLAIN Plan:

Update on warehouse  (cost=4.14..8.16 rows=0 width=0) (actual time=0.214..0.215 rows=0 loops=1)

  ->  Bitmap Heap Scan on warehouse  (cost=4.14..8.16 rows=1 width=22) (actual time=0.015..0.016 rows=1 loops=1)

        Recheck Cond: (w_id = 1)

        Heap Blocks: exact=1

        ->  Bitmap Index Scan on warehouse_pkey  (cost=0.00..4.14 rows=1 width=0) (actual time=0.004..0.004 rows=1 loops=1)

              Index Cond: (w_id = 1)

Planning Time: 0.287 ms

Execution Time: 0.250 ms
Failed SQL 2418: UPDATE WAREHOUSE SET W_YTD = W_YTD + 4365.9 WHERE W_ID = 1
Error Message: Cannot invoke "java.util.List.get(int)" because the return value of "sg.edu.nus.autotune.DB2DATA.getAllIndexes()" is null


===== Query 2419 =====

SQL: SELECT W_STREET_1, W_STREET_2, W_CITY, W_STATE, W_ZIP, W_NAME FROM WAREHOUSE WHERE W_ID = 1

EXPLAIN Plan:

Bitmap Heap Scan on warehouse  (cost=4.14..8.15 rows=1 width=65) (actual time=0.025..0.026 rows=1 loops=1)

  Recheck Cond: (w_id = 1)

  Heap Blocks: exact=1

  ->  Bitmap Index Scan on warehouse_pkey  (cost=0.00..4.14 rows=1 width=0) (actual time=0.009..0.009 rows=1 loops=1)

        Index Cond: (w_id = 1)

Planning Time: 0.079 ms

Execution Time: 0.052 ms
Failed SQL 2419: SELECT W_STREET_1, W_STREET_2, W_CITY, W_STATE, W_ZIP, W_NAME FROM WAREHOUSE WHERE W_ID = 1
Error Message: Cannot invoke "java.util.List.get(int)" because the return value of "sg.edu.nus.autotune.DB2DATA.getAllIndexes()" is null


===== Query 2420 =====

SQL: UPDATE DISTRICT SET D_YTD = D_YTD + 4365.9 WHERE D_W_ID = 1 AND D_ID = 7

EXPLAIN Plan:

Update on district  (cost=4.28..11.67 rows=0 width=0) (actual time=0.077..0.078 rows=0 loops=1)

  ->  Bitmap Heap Scan on district  (cost=4.28..11.67 rows=2 width=22) (actual time=0.031..0.032 rows=1 loops=1)

        Recheck Cond: ((d_w_id = 1) AND (d_id = 7))

        Heap Blocks: exact=1

        ->  Bitmap Index Scan on district_pkey  (cost=0.00..4.28 rows=2 width=0) (actual time=0.022..0.022 rows=1 loops=1)

              Index Cond: ((d_w_id = 1) AND (d_id = 7))

Planning Time: 0.066 ms

Execution Time: 0.105 ms
Failed SQL 2420: UPDATE DISTRICT SET D_YTD = D_YTD + 4365.9 WHERE D_W_ID = 1 AND D_ID = 7
Error Message: Cannot invoke "java.util.List.get(int)" because the return value of "sg.edu.nus.autotune.DB2DATA.getAllIndexes()" is null


===== Query 2421 =====

SQL: SELECT D_STREET_1, D_STREET_2, D_CITY, D_STATE, D_ZIP, D_NAME FROM DISTRICT WHERE D_W_ID = 1 AND D_ID = 7

EXPLAIN Plan:

Bitmap Heap Scan on district  (cost=4.28..11.66 rows=2 width=64) (actual time=0.027..0.028 rows=1 loops=1)

  Recheck Cond: ((d_w_id = 1) AND (d_id = 7))

  Heap Blocks: exact=1

  ->  Bitmap Index Scan on district_pkey  (cost=0.00..4.28 rows=2 width=0) (actual time=0.015..0.015 rows=1 loops=1)

        Index Cond: ((d_w_id = 1) AND (d_id = 7))

Planning Time: 0.102 ms

Execution Time: 0.057 ms
Failed SQL 2421: SELECT D_STREET_1, D_STREET_2, D_CITY, D_STATE, D_ZIP, D_NAME FROM DISTRICT WHERE D_W_ID = 1 AND D_ID = 7
Error Message: Cannot invoke "java.util.List.get(int)" because the return value of "sg.edu.nus.autotune.DB2DATA.getAllIndexes()" is null


===== Query 2422 =====

SQL: SELECT C_FIRST, C_MIDDLE, C_ID, C_STREET_1, C_STREET_2, C_CITY, C_STATE, C_ZIP, C_PHONE, C_CREDIT, C_CREDIT_LIM, C_DISCOUNT, C_BALANCE, C_YTD_PAYMENT, C_PAYMENT_CNT, C_SINCE FROM CUSTOMER WHERE C_W_ID = 1 AND C_D_ID = 7 AND C_LAST = 'CALLYOUGHTATION' ORDER BY C_FIRST

EXPLAIN Plan:

Sort  (cost=7259.49..7259.49 rows=2 width=131) (actual time=45.673..45.674 rows=1 loops=1)

  Sort Key: c_first

  Sort Method: quicksort  Memory: 25kB

  ->  Bitmap Heap Scan on customer  (cost=78.09..7259.48 rows=2 width=131) (actual time=16.007..45.658 rows=1 loops=1)

        Recheck Cond: ((c_w_id = 1) AND (c_d_id = 7))

        Filter: ((c_last)::text = 'CALLYOUGHTATION'::text)

        Rows Removed by Filter: 2999

        Heap Blocks: exact=819

        ->  Bitmap Index Scan on customer_pkey  (cost=0.00..78.09 rows=2967 width=0) (actual time=1.306..1.306 rows=3023 loops=1)

              Index Cond: ((c_w_id = 1) AND (c_d_id = 7))

Planning Time: 0.134 ms

Execution Time: 45.743 ms
Failed SQL 2422: SELECT C_FIRST, C_MIDDLE, C_ID, C_STREET_1, C_STREET_2, C_CITY, C_STATE, C_ZIP, C_PHONE, C_CREDIT, C_CREDIT_LIM, C_DISCOUNT, C_BALANCE, C_YTD_PAYMENT, C_PAYMENT_CNT, C_SINCE FROM CUSTOMER WHERE C_W_ID = 1 AND C_D_ID = 7 AND C_LAST = 'CALLYOUGHTATION' ORDER BY C_FIRST
Error Message: Cannot invoke "java.util.List.get(int)" because the return value of "sg.edu.nus.autotune.DB2DATA.getAllIndexes()" is null


===== Query 2423 =====

SQL: UPDATE STOCK SET S_QUANTITY = 27, S_YTD = S_YTD + 9, S_ORDER_CNT = S_ORDER_CNT + 1, S_REMOTE_CNT = S_REMOTE_CNT + 0 WHERE S_I_ID = 64716 AND S_W_ID = 2

EXPLAIN Plan:

Update on stock  (cost=0.42..8.45 rows=0 width=0) (actual time=0.164..0.165 rows=0 loops=1)

  ->  Index Scan using stock_pkey on stock  (cost=0.42..8.45 rows=1 width=32) (actual time=0.083..0.084 rows=1 loops=1)

        Index Cond: ((s_w_id = 2) AND (s_i_id = 64716))

Planning Time: 0.117 ms

Execution Time: 0.199 ms
Failed SQL 2423: UPDATE STOCK SET S_QUANTITY = 27, S_YTD = S_YTD + 9, S_ORDER_CNT = S_ORDER_CNT + 1, S_REMOTE_CNT = S_REMOTE_CNT + 0 WHERE S_I_ID = 64716 AND S_W_ID = 2
Error Message: Cannot invoke "java.util.List.get(int)" because the return value of "sg.edu.nus.autotune.DB2DATA.getAllIndexes()" is null


===== Query 2424 =====

SQL: SELECT I_PRICE, I_NAME , I_DATA FROM ITEM WHERE I_ID = 87575

EXPLAIN Plan:

Index Scan using item_pkey on item  (cost=0.29..8.31 rows=1 width=61) (actual time=0.368..0.371 rows=1 loops=1)

  Index Cond: (i_id = 87575)

Planning Time: 0.074 ms

Execution Time: 0.390 ms
Failed SQL 2424: SELECT I_PRICE, I_NAME , I_DATA FROM ITEM WHERE I_ID = 87575
Error Message: Cannot invoke "java.util.List.get(int)" because the return value of "sg.edu.nus.autotune.DB2DATA.getAllIndexes()" is null


===== Query 2425 =====

SQL: SELECT S_QUANTITY, S_DATA, S_DIST_01, S_DIST_02, S_DIST_03, S_DIST_04, S_DIST_05, S_DIST_06, S_DIST_07, S_DIST_08, S_DIST_09, S_DIST_10 FROM STOCK WHERE S_I_ID = 87575 AND S_W_ID = 2

EXPLAIN Plan:

Index Scan using stock_pkey on stock  (cost=0.42..8.44 rows=1 width=291) (actual time=0.895..0.897 rows=1 loops=1)

  Index Cond: ((s_w_id = 2) AND (s_i_id = 87575))

Planning Time: 0.167 ms

Execution Time: 0.922 ms
Failed SQL 2425: SELECT S_QUANTITY, S_DATA, S_DIST_01, S_DIST_02, S_DIST_03, S_DIST_04, S_DIST_05, S_DIST_06, S_DIST_07, S_DIST_08, S_DIST_09, S_DIST_10 FROM STOCK WHERE S_I_ID = 87575 AND S_W_ID = 2
Error Message: Cannot invoke "java.util.List.get(int)" because the return value of "sg.edu.nus.autotune.DB2DATA.getAllIndexes()" is null


===== Query 2426 =====

SQL: UPDATE CUSTOMER SET C_BALANCE = -7632.3496, C_YTD_PAYMENT = 7632.35, C_PAYMENT_CNT = 4 WHERE C_W_ID = 1 AND C_D_ID = 7 AND C_ID = 1583

EXPLAIN Plan:

Update on customer  (cost=0.42..8.44 rows=0 width=0) (actual time=0.108..0.109 rows=0 loops=1)

  ->  Index Scan using customer_pkey on customer  (cost=0.42..8.44 rows=1 width=34) (actual time=0.037..0.038 rows=1 loops=1)

        Index Cond: ((c_w_id = 1) AND (c_d_id = 7) AND (c_id = 1583))

Planning Time: 0.126 ms

Execution Time: 0.140 ms
Failed SQL 2426: UPDATE CUSTOMER SET C_BALANCE = -7632.3496, C_YTD_PAYMENT = 7632.35, C_PAYMENT_CNT = 4 WHERE C_W_ID = 1 AND C_D_ID = 7 AND C_ID = 1583
Error Message: Cannot invoke "java.util.List.get(int)" because the return value of "sg.edu.nus.autotune.DB2DATA.getAllIndexes()" is null


===== Query 2427 =====

SQL: UPDATE STOCK SET S_QUANTITY = 14, S_YTD = S_YTD + 10, S_ORDER_CNT = S_ORDER_CNT + 1, S_REMOTE_CNT = S_REMOTE_CNT + 0 WHERE S_I_ID = 87575 AND S_W_ID = 2

EXPLAIN Plan:

Update on stock  (cost=0.42..8.45 rows=0 width=0) (actual time=0.100..0.101 rows=0 loops=1)

  ->  Index Scan using stock_pkey on stock  (cost=0.42..8.45 rows=1 width=32) (actual time=0.037..0.039 rows=1 loops=1)

        Index Cond: ((s_w_id = 2) AND (s_i_id = 87575))

Planning Time: 0.125 ms

Execution Time: 0.133 ms
Failed SQL 2427: UPDATE STOCK SET S_QUANTITY = 14, S_YTD = S_YTD + 10, S_ORDER_CNT = S_ORDER_CNT + 1, S_REMOTE_CNT = S_REMOTE_CNT + 0 WHERE S_I_ID = 87575 AND S_W_ID = 2
Error Message: Cannot invoke "java.util.List.get(int)" because the return value of "sg.edu.nus.autotune.DB2DATA.getAllIndexes()" is null


===== Query 2428 =====

SQL: SELECT I_PRICE, I_NAME , I_DATA FROM ITEM WHERE I_ID = 80421

EXPLAIN Plan:

Index Scan using item_pkey on item  (cost=0.29..8.31 rows=1 width=61) (actual time=1.148..1.151 rows=1 loops=1)

  Index Cond: (i_id = 80421)

Planning Time: 0.129 ms

Execution Time: 1.174 ms
Failed SQL 2428: SELECT I_PRICE, I_NAME , I_DATA FROM ITEM WHERE I_ID = 80421
Error Message: Cannot invoke "java.util.List.get(int)" because the return value of "sg.edu.nus.autotune.DB2DATA.getAllIndexes()" is null


===== Query 2429 =====

SQL: SELECT S_QUANTITY, S_DATA, S_DIST_01, S_DIST_02, S_DIST_03, S_DIST_04, S_DIST_05, S_DIST_06, S_DIST_07, S_DIST_08, S_DIST_09, S_DIST_10 FROM STOCK WHERE S_I_ID = 80421 AND S_W_ID = 2

EXPLAIN Plan:

Index Scan using stock_pkey on stock  (cost=0.42..8.44 rows=1 width=291) (actual time=0.086..0.095 rows=1 loops=1)

  Index Cond: ((s_w_id = 2) AND (s_i_id = 80421))

Planning Time: 0.124 ms

Execution Time: 0.137 ms
Failed SQL 2429: SELECT S_QUANTITY, S_DATA, S_DIST_01, S_DIST_02, S_DIST_03, S_DIST_04, S_DIST_05, S_DIST_06, S_DIST_07, S_DIST_08, S_DIST_09, S_DIST_10 FROM STOCK WHERE S_I_ID = 80421 AND S_W_ID = 2
Error Message: Cannot invoke "java.util.List.get(int)" because the return value of "sg.edu.nus.autotune.DB2DATA.getAllIndexes()" is null


===== Query 2430 =====

SQL: UPDATE STOCK SET S_QUANTITY = 35, S_YTD = S_YTD + 4, S_ORDER_CNT = S_ORDER_CNT + 1, S_REMOTE_CNT = S_REMOTE_CNT + 0 WHERE S_I_ID = 80421 AND S_W_ID = 2

EXPLAIN Plan:

Update on stock  (cost=0.42..8.45 rows=0 width=0) (actual time=0.104..0.105 rows=0 loops=1)

  ->  Index Scan using stock_pkey on stock  (cost=0.42..8.45 rows=1 width=32) (actual time=0.027..0.029 rows=1 loops=1)

        Index Cond: ((s_w_id = 2) AND (s_i_id = 80421))

Planning Time: 0.108 ms

Execution Time: 0.134 ms
Failed SQL 2430: UPDATE STOCK SET S_QUANTITY = 35, S_YTD = S_YTD + 4, S_ORDER_CNT = S_ORDER_CNT + 1, S_REMOTE_CNT = S_REMOTE_CNT + 0 WHERE S_I_ID = 80421 AND S_W_ID = 2
Error Message: Cannot invoke "java.util.List.get(int)" because the return value of "sg.edu.nus.autotune.DB2DATA.getAllIndexes()" is null


===== Query 2431 =====

SQL: SELECT I_PRICE, I_NAME , I_DATA FROM ITEM WHERE I_ID = 73442

EXPLAIN Plan:

Index Scan using item_pkey on item  (cost=0.29..8.31 rows=1 width=61) (actual time=0.039..0.041 rows=1 loops=1)

  Index Cond: (i_id = 73442)

Planning Time: 0.077 ms

Execution Time: 0.059 ms
Failed SQL 2431: SELECT I_PRICE, I_NAME , I_DATA FROM ITEM WHERE I_ID = 73442
Error Message: Cannot invoke "java.util.List.get(int)" because the return value of "sg.edu.nus.autotune.DB2DATA.getAllIndexes()" is null


===== Query 2432 =====

SQL: SELECT S_QUANTITY, S_DATA, S_DIST_01, S_DIST_02, S_DIST_03, S_DIST_04, S_DIST_05, S_DIST_06, S_DIST_07, S_DIST_08, S_DIST_09, S_DIST_10 FROM STOCK WHERE S_I_ID = 73442 AND S_W_ID = 2

EXPLAIN Plan:

Index Scan using stock_pkey on stock  (cost=0.42..8.44 rows=1 width=291) (actual time=1.699..1.701 rows=1 loops=1)

  Index Cond: ((s_w_id = 2) AND (s_i_id = 73442))

Planning Time: 0.098 ms

Execution Time: 1.725 ms
Failed SQL 2432: SELECT S_QUANTITY, S_DATA, S_DIST_01, S_DIST_02, S_DIST_03, S_DIST_04, S_DIST_05, S_DIST_06, S_DIST_07, S_DIST_08, S_DIST_09, S_DIST_10 FROM STOCK WHERE S_I_ID = 73442 AND S_W_ID = 2
Error Message: Cannot invoke "java.util.List.get(int)" because the return value of "sg.edu.nus.autotune.DB2DATA.getAllIndexes()" is null


===== Query 2433 =====

SQL: UPDATE WAREHOUSE SET W_YTD = W_YTD + 1648.72 WHERE W_ID = 1

EXPLAIN Plan:

Update on warehouse  (cost=4.14..8.16 rows=0 width=0) (actual time=0.078..0.078 rows=0 loops=1)

  ->  Bitmap Heap Scan on warehouse  (cost=4.14..8.16 rows=1 width=22) (actual time=0.036..0.038 rows=1 loops=1)

        Recheck Cond: (w_id = 1)

        Heap Blocks: exact=1

        ->  Bitmap Index Scan on warehouse_pkey  (cost=0.00..4.14 rows=1 width=0) (actual time=0.025..0.025 rows=1 loops=1)

              Index Cond: (w_id = 1)

Planning Time: 0.085 ms

Execution Time: 0.111 ms
Failed SQL 2433: UPDATE WAREHOUSE SET W_YTD = W_YTD + 1648.72 WHERE W_ID = 1
Error Message: Cannot invoke "java.util.List.get(int)" because the return value of "sg.edu.nus.autotune.DB2DATA.getAllIndexes()" is null


===== Query 2434 =====

SQL: SELECT W_STREET_1, W_STREET_2, W_CITY, W_STATE, W_ZIP, W_NAME FROM WAREHOUSE WHERE W_ID = 1

EXPLAIN Plan:

Bitmap Heap Scan on warehouse  (cost=4.14..8.15 rows=1 width=65) (actual time=0.014..0.015 rows=1 loops=1)

  Recheck Cond: (w_id = 1)

  Heap Blocks: exact=1

  ->  Bitmap Index Scan on warehouse_pkey  (cost=0.00..4.14 rows=1 width=0) (actual time=0.007..0.007 rows=1 loops=1)

        Index Cond: (w_id = 1)

Planning Time: 0.054 ms

Execution Time: 0.030 ms
Failed SQL 2434: SELECT W_STREET_1, W_STREET_2, W_CITY, W_STATE, W_ZIP, W_NAME FROM WAREHOUSE WHERE W_ID = 1
Error Message: Cannot invoke "java.util.List.get(int)" because the return value of "sg.edu.nus.autotune.DB2DATA.getAllIndexes()" is null


===== Query 2435 =====

SQL: UPDATE STOCK SET S_QUANTITY = 25, S_YTD = S_YTD + 6, S_ORDER_CNT = S_ORDER_CNT + 1, S_REMOTE_CNT = S_REMOTE_CNT + 0 WHERE S_I_ID = 73442 AND S_W_ID = 2

EXPLAIN Plan:

Update on stock  (cost=0.42..8.45 rows=0 width=0) (actual time=0.066..0.067 rows=0 loops=1)

  ->  Index Scan using stock_pkey on stock  (cost=0.42..8.45 rows=1 width=32) (actual time=0.029..0.030 rows=1 loops=1)

        Index Cond: ((s_w_id = 2) AND (s_i_id = 73442))

Planning Time: 0.103 ms

Execution Time: 0.095 ms
Failed SQL 2435: UPDATE STOCK SET S_QUANTITY = 25, S_YTD = S_YTD + 6, S_ORDER_CNT = S_ORDER_CNT + 1, S_REMOTE_CNT = S_REMOTE_CNT + 0 WHERE S_I_ID = 73442 AND S_W_ID = 2
Error Message: Cannot invoke "java.util.List.get(int)" because the return value of "sg.edu.nus.autotune.DB2DATA.getAllIndexes()" is null


===== Query 2436 =====

SQL: SELECT I_PRICE, I_NAME , I_DATA FROM ITEM WHERE I_ID = 88806

EXPLAIN Plan:

Index Scan using item_pkey on item  (cost=0.29..8.31 rows=1 width=61) (actual time=0.047..0.049 rows=1 loops=1)

  Index Cond: (i_id = 88806)

Planning Time: 0.088 ms

Execution Time: 0.069 ms
Failed SQL 2436: SELECT I_PRICE, I_NAME , I_DATA FROM ITEM WHERE I_ID = 88806
Error Message: Cannot invoke "java.util.List.get(int)" because the return value of "sg.edu.nus.autotune.DB2DATA.getAllIndexes()" is null


===== Query 2437 =====

SQL: UPDATE DISTRICT SET D_YTD = D_YTD + 1648.72 WHERE D_W_ID = 1 AND D_ID = 2

EXPLAIN Plan:

Update on district  (cost=4.28..11.67 rows=0 width=0) (actual time=0.110..0.111 rows=0 loops=1)

  ->  Bitmap Heap Scan on district  (cost=4.28..11.67 rows=2 width=22) (actual time=0.051..0.052 rows=1 loops=1)

        Recheck Cond: ((d_w_id = 1) AND (d_id = 2))

        Heap Blocks: exact=1

        ->  Bitmap Index Scan on district_pkey  (cost=0.00..4.28 rows=2 width=0) (actual time=0.017..0.017 rows=1 loops=1)

              Index Cond: ((d_w_id = 1) AND (d_id = 2))

Planning Time: 0.112 ms

Execution Time: 0.151 ms
Failed SQL 2437: UPDATE DISTRICT SET D_YTD = D_YTD + 1648.72 WHERE D_W_ID = 1 AND D_ID = 2
Error Message: Cannot invoke "java.util.List.get(int)" because the return value of "sg.edu.nus.autotune.DB2DATA.getAllIndexes()" is null


===== Query 2438 =====

SQL: SELECT S_QUANTITY, S_DATA, S_DIST_01, S_DIST_02, S_DIST_03, S_DIST_04, S_DIST_05, S_DIST_06, S_DIST_07, S_DIST_08, S_DIST_09, S_DIST_10 FROM STOCK WHERE S_I_ID = 88806 AND S_W_ID = 2

EXPLAIN Plan:

Index Scan using stock_pkey on stock  (cost=0.42..8.44 rows=1 width=291) (actual time=0.881..0.884 rows=1 loops=1)

  Index Cond: ((s_w_id = 2) AND (s_i_id = 88806))

Planning Time: 0.096 ms

Execution Time: 0.915 ms
Failed SQL 2438: SELECT S_QUANTITY, S_DATA, S_DIST_01, S_DIST_02, S_DIST_03, S_DIST_04, S_DIST_05, S_DIST_06, S_DIST_07, S_DIST_08, S_DIST_09, S_DIST_10 FROM STOCK WHERE S_I_ID = 88806 AND S_W_ID = 2
Error Message: Cannot invoke "java.util.List.get(int)" because the return value of "sg.edu.nus.autotune.DB2DATA.getAllIndexes()" is null


===== Query 2439 =====

SQL: SELECT D_STREET_1, D_STREET_2, D_CITY, D_STATE, D_ZIP, D_NAME FROM DISTRICT WHERE D_W_ID = 1 AND D_ID = 2

EXPLAIN Plan:

Bitmap Heap Scan on district  (cost=4.28..11.66 rows=2 width=64) (actual time=0.022..0.023 rows=1 loops=1)

  Recheck Cond: ((d_w_id = 1) AND (d_id = 2))

  Heap Blocks: exact=1

  ->  Bitmap Index Scan on district_pkey  (cost=0.00..4.28 rows=2 width=0) (actual time=0.011..0.011 rows=1 loops=1)

        Index Cond: ((d_w_id = 1) AND (d_id = 2))

Planning Time: 0.085 ms

Execution Time: 0.043 ms
Failed SQL 2439: SELECT D_STREET_1, D_STREET_2, D_CITY, D_STATE, D_ZIP, D_NAME FROM DISTRICT WHERE D_W_ID = 1 AND D_ID = 2
Error Message: Cannot invoke "java.util.List.get(int)" because the return value of "sg.edu.nus.autotune.DB2DATA.getAllIndexes()" is null


===== Query 2440 =====

SQL: SELECT C_FIRST, C_MIDDLE, C_ID, C_STREET_1, C_STREET_2, C_CITY, C_STATE, C_ZIP, C_PHONE, C_CREDIT, C_CREDIT_LIM, C_DISCOUNT, C_BALANCE, C_YTD_PAYMENT, C_PAYMENT_CNT, C_SINCE FROM CUSTOMER WHERE C_W_ID = 1 AND C_D_ID = 2 AND C_LAST = 'ANTIPRIATION' ORDER BY C_FIRST

EXPLAIN Plan:

Sort  (cost=7352.60..7352.61 rows=2 width=131) (actual time=5.097..5.098 rows=1 loops=1)

  Sort Key: c_first

  Sort Method: quicksort  Memory: 25kB

  ->  Bitmap Heap Scan on customer  (cost=78.65..7352.59 rows=2 width=131) (actual time=2.224..5.078 rows=1 loops=1)

        Recheck Cond: ((c_w_id = 1) AND (c_d_id = 2))

        Filter: ((c_last)::text = 'ANTIPRIATION'::text)

        Rows Removed by Filter: 2999

        Heap Blocks: exact=868

        ->  Bitmap Index Scan on customer_pkey  (cost=0.00..78.65 rows=3023 width=0) (actual time=0.601..0.601 rows=3083 loops=1)

              Index Cond: ((c_w_id = 1) AND (c_d_id = 2))

Planning Time: 0.191 ms

Execution Time: 5.198 ms
Failed SQL 2440: SELECT C_FIRST, C_MIDDLE, C_ID, C_STREET_1, C_STREET_2, C_CITY, C_STATE, C_ZIP, C_PHONE, C_CREDIT, C_CREDIT_LIM, C_DISCOUNT, C_BALANCE, C_YTD_PAYMENT, C_PAYMENT_CNT, C_SINCE FROM CUSTOMER WHERE C_W_ID = 1 AND C_D_ID = 2 AND C_LAST = 'ANTIPRIATION' ORDER BY C_FIRST
Error Message: Cannot invoke "java.util.List.get(int)" because the return value of "sg.edu.nus.autotune.DB2DATA.getAllIndexes()" is null


===== Query 2441 =====

SQL: UPDATE STOCK SET S_QUANTITY = 81, S_YTD = S_YTD + 5, S_ORDER_CNT = S_ORDER_CNT + 1, S_REMOTE_CNT = S_REMOTE_CNT + 0 WHERE S_I_ID = 88806 AND S_W_ID = 2

EXPLAIN Plan:

Update on stock  (cost=0.42..8.45 rows=0 width=0) (actual time=0.100..0.101 rows=0 loops=1)

  ->  Index Scan using stock_pkey on stock  (cost=0.42..8.45 rows=1 width=32) (actual time=0.026..0.028 rows=1 loops=1)

        Index Cond: ((s_w_id = 2) AND (s_i_id = 88806))

Planning Time: 0.118 ms

Execution Time: 0.131 ms
Failed SQL 2441: UPDATE STOCK SET S_QUANTITY = 81, S_YTD = S_YTD + 5, S_ORDER_CNT = S_ORDER_CNT + 1, S_REMOTE_CNT = S_REMOTE_CNT + 0 WHERE S_I_ID = 88806 AND S_W_ID = 2
Error Message: Cannot invoke "java.util.List.get(int)" because the return value of "sg.edu.nus.autotune.DB2DATA.getAllIndexes()" is null


===== Query 2442 =====

SQL: SELECT D_NEXT_O_ID FROM DISTRICT WHERE D_W_ID = 2 AND D_ID = 6

EXPLAIN Plan:

Bitmap Heap Scan on district  (cost=4.28..11.66 rows=2 width=4) (actual time=0.026..0.026 rows=1 loops=1)

  Recheck Cond: ((d_w_id = 2) AND (d_id = 6))

  Heap Blocks: exact=1

  ->  Bitmap Index Scan on district_pkey  (cost=0.00..4.28 rows=2 width=0) (actual time=0.008..0.008 rows=1 loops=1)

        Index Cond: ((d_w_id = 2) AND (d_id = 6))

Planning Time: 0.062 ms

Execution Time: 0.042 ms
Failed SQL 2442: SELECT D_NEXT_O_ID FROM DISTRICT WHERE D_W_ID = 2 AND D_ID = 6
Error Message: Cannot invoke "java.util.List.get(int)" because the return value of "sg.edu.nus.autotune.DB2DATA.getAllIndexes()" is null


===== Query 2443 =====

SQL: SELECT COUNT(DISTINCT (S_I_ID)) AS STOCK_COUNT FROM ORDER_LINE, STOCK WHERE OL_W_ID = 2 AND OL_D_ID = 6 AND OL_O_ID < 3479 AND OL_O_ID >= 3479 - 20 AND S_W_ID = 2 AND S_I_ID = OL_I_ID AND S_QUANTITY < 18

EXPLAIN Plan:

Aggregate  (cost=2838.49..2838.50 rows=1 width=8) (actual time=25.456..25.457 rows=1 loops=1)

  ->  Nested Loop  (cost=12.46..2838.43 rows=21 width=4) (actual time=1.793..25.417 rows=16 loops=1)

        ->  Bitmap Heap Scan on order_line  (cost=12.03..919.63 rows=236 width=4) (actual time=1.714..3.547 rows=180 loops=1)

              Recheck Cond: ((ol_w_id = 2) AND (ol_d_id = 6) AND (ol_o_id < 3479) AND (ol_o_id >= 3459))

              Heap Blocks: exact=22

              ->  Bitmap Index Scan on order_line_pkey  (cost=0.00..11.97 rows=236 width=0) (actual time=1.350..1.350 rows=180 loops=1)

                    Index Cond: ((ol_w_id = 2) AND (ol_d_id = 6) AND (ol_o_id < 3479) AND (ol_o_id >= 3459))

        ->  Memoize  (cost=0.43..8.15 rows=1 width=4) (actual time=0.121..0.121 rows=0 loops=180)

              Cache Key: order_line.ol_i_id

              Cache Mode: logical

              Hits: 3  Misses: 177  Evictions: 0  Overflows: 0  Memory Usage: 13kB

              ->  Index Scan using stock_pkey on stock  (cost=0.42..8.14 rows=1 width=4) (actual time=0.122..0.122 rows=0 loops=177)

                    Index Cond: ((s_w_id = 2) AND (s_i_id = order_line.ol_i_id))

                    Filter: (s_quantity < 18)

                    Rows Removed by Filter: 1

Planning Time: 0.330 ms

Execution Time: 25.566 ms
Failed SQL 2443: SELECT COUNT(DISTINCT (S_I_ID)) AS STOCK_COUNT FROM ORDER_LINE, STOCK WHERE OL_W_ID = 2 AND OL_D_ID = 6 AND OL_O_ID < 3479 AND OL_O_ID >= 3479 - 20 AND S_W_ID = 2 AND S_I_ID = OL_I_ID AND S_QUANTITY < 18
Error Message: Cannot invoke "java.util.List.get(int)" because the return value of "sg.edu.nus.autotune.DB2DATA.getAllIndexes()" is null


===== Query 2444 =====

SQL: SELECT C_DATA FROM CUSTOMER WHERE C_W_ID = 1 AND C_D_ID = 2 AND C_ID = 2381

EXPLAIN Plan:

Index Scan using customer_pkey on customer  (cost=0.42..8.44 rows=1 width=405) (actual time=0.021..0.022 rows=1 loops=1)

  Index Cond: ((c_w_id = 1) AND (c_d_id = 2) AND (c_id = 2381))

Planning Time: 0.117 ms

Execution Time: 0.041 ms
Failed SQL 2444: SELECT C_DATA FROM CUSTOMER WHERE C_W_ID = 1 AND C_D_ID = 2 AND C_ID = 2381
Error Message: Cannot invoke "java.util.List.get(int)" because the return value of "sg.edu.nus.autotune.DB2DATA.getAllIndexes()" is null


===== Query 2445 =====

SQL: UPDATE CUSTOMER SET C_BALANCE = -2520.29, C_YTD_PAYMENT = 2520.29, C_PAYMENT_CNT = 3, C_DATA = '2381 2 1 2 1 1648.72 | 2381 2 1 2 1 861.57 | ncbjrpqynnwamvjybephlqfbgueonrqwtldzuzchefthuqragcchbiuncnjbthaqqrickfltmguntxforcocpwaapyzmzolkbnxsihryfzazyyhwexcxausxwmweqxdwsemkruttctyjoibtkctkstusqpluocyembmdygmhrpnywdnfrwqkdycpbopuqjaarccfsngkrirfzxkurgyskfwrmdungkjctiwzgtpywnqzmebdkdtqbpwkzciqcxunciwuymklhfjkaieueacpubuwkaqprawvetbqlolpzobdzuqbbnyysdcef' WHERE C_W_ID = 1 AND C_D_ID = 2 AND C_ID = 2381

EXPLAIN Plan:

Update on customer  (cost=0.42..8.44 rows=0 width=0) (actual time=0.102..0.102 rows=0 loops=1)

  ->  Index Scan using customer_pkey on customer  (cost=0.42..8.44 rows=1 width=550) (actual time=0.023..0.025 rows=1 loops=1)

        Index Cond: ((c_w_id = 1) AND (c_d_id = 2) AND (c_id = 2381))

Planning Time: 0.121 ms

Execution Time: 0.129 ms
Failed SQL 2445: UPDATE CUSTOMER SET C_BALANCE = -2520.29, C_YTD_PAYMENT = 2520.29, C_PAYMENT_CNT = 3, C_DATA = '2381 2 1 2 1 1648.72 | 2381 2 1 2 1 861.57 | ncbjrpqynnwamvjybephlqfbgueonrqwtldzuzchefthuqragcchbiuncnjbthaqqrickfltmguntxforcocpwaapyzmzolkbnxsihryfzazyyhwexcxausxwmweqxdwsemkruttctyjoibtkctkstusqpluocyembmdygmhrpnywdnfrwqkdycpbopuqjaarccfsngkrirfzxkurgyskfwrmdungkjctiwzgtpywnqzmebdkdtqbpwkzciqcxunciwuymklhfjkaieueacpubuwkaqprawvetbqlolpzobdzuqbbnyysdcef' WHERE C_W_ID = 1 AND C_D_ID = 2 AND C_ID = 2381
Error Message: Cannot invoke "java.util.List.get(int)" because the return value of "sg.edu.nus.autotune.DB2DATA.getAllIndexes()" is null


===== Query 2446 =====

SQL: SELECT C_DISCOUNT, C_LAST, C_CREDIT, W_TAX FROM CUSTOMER, WAREHOUSE WHERE W_ID = 1 AND C_W_ID = 1 AND C_D_ID = 8 AND C_ID = 139

EXPLAIN Plan:

Nested Loop  (cost=4.56..16.61 rows=1 width=26) (actual time=0.047..0.049 rows=1 loops=1)

  ->  Index Scan using customer_pkey on customer  (cost=0.42..8.44 rows=1 width=21) (actual time=0.031..0.032 rows=1 loops=1)

        Index Cond: ((c_w_id = 1) AND (c_d_id = 8) AND (c_id = 139))

  ->  Bitmap Heap Scan on warehouse  (cost=4.14..8.15 rows=1 width=5) (actual time=0.008..0.008 rows=1 loops=1)

        Recheck Cond: (w_id = 1)

        Heap Blocks: exact=1

        ->  Bitmap Index Scan on warehouse_pkey  (cost=0.00..4.14 rows=1 width=0) (actual time=0.004..0.004 rows=1 loops=1)

              Index Cond: (w_id = 1)

Planning Time: 0.278 ms

Execution Time: 0.093 ms
Failed SQL 2446: SELECT C_DISCOUNT, C_LAST, C_CREDIT, W_TAX FROM CUSTOMER, WAREHOUSE WHERE W_ID = 1 AND C_W_ID = 1 AND C_D_ID = 8 AND C_ID = 139
Error Message: Cannot invoke "java.util.List.get(int)" because the return value of "sg.edu.nus.autotune.DB2DATA.getAllIndexes()" is null


===== Query 2447 =====

SQL: SELECT D_NEXT_O_ID, D_TAX FROM DISTRICT WHERE D_W_ID = 1 AND D_ID = 8

EXPLAIN Plan:

Bitmap Heap Scan on district  (cost=4.28..11.66 rows=2 width=9) (actual time=0.024..0.025 rows=1 loops=1)

  Recheck Cond: ((d_w_id = 1) AND (d_id = 8))

  Heap Blocks: exact=1

  ->  Bitmap Index Scan on district_pkey  (cost=0.00..4.28 rows=2 width=0) (actual time=0.014..0.014 rows=1 loops=1)

        Index Cond: ((d_w_id = 1) AND (d_id = 8))

Planning Time: 0.103 ms

Execution Time: 0.053 ms
Failed SQL 2447: SELECT D_NEXT_O_ID, D_TAX FROM DISTRICT WHERE D_W_ID = 1 AND D_ID = 8
Error Message: Cannot invoke "java.util.List.get(int)" because the return value of "sg.edu.nus.autotune.DB2DATA.getAllIndexes()" is null


===== Query 2448 =====

SQL: UPDATE DISTRICT SET D_NEXT_O_ID = D_NEXT_O_ID + 1 WHERE D_W_ID = 1 AND D_ID = 8

EXPLAIN Plan:

Update on district  (cost=4.28..11.67 rows=0 width=0) (actual time=0.035..0.036 rows=0 loops=1)

  ->  Bitmap Heap Scan on district  (cost=4.28..11.67 rows=2 width=10) (actual time=0.015..0.015 rows=1 loops=1)

        Recheck Cond: ((d_w_id = 1) AND (d_id = 8))

        Heap Blocks: exact=1

        ->  Bitmap Index Scan on district_pkey  (cost=0.00..4.28 rows=2 width=0) (actual time=0.009..0.009 rows=1 loops=1)

              Index Cond: ((d_w_id = 1) AND (d_id = 8))

Planning Time: 0.063 ms

Execution Time: 0.056 ms
Failed SQL 2448: UPDATE DISTRICT SET D_NEXT_O_ID = D_NEXT_O_ID + 1 WHERE D_W_ID = 1 AND D_ID = 8
Error Message: Cannot invoke "java.util.List.get(int)" because the return value of "sg.edu.nus.autotune.DB2DATA.getAllIndexes()" is null


===== Query 2449 =====

SQL: SELECT I_PRICE, I_NAME , I_DATA FROM ITEM WHERE I_ID = 15458

EXPLAIN Plan:

Index Scan using item_pkey on item  (cost=0.29..8.31 rows=1 width=61) (actual time=0.035..0.037 rows=1 loops=1)

  Index Cond: (i_id = 15458)

Planning Time: 0.066 ms

Execution Time: 0.050 ms
Failed SQL 2449: SELECT I_PRICE, I_NAME , I_DATA FROM ITEM WHERE I_ID = 15458
Error Message: Cannot invoke "java.util.List.get(int)" because the return value of "sg.edu.nus.autotune.DB2DATA.getAllIndexes()" is null


===== Query 2450 =====

SQL: SELECT S_QUANTITY, S_DATA, S_DIST_01, S_DIST_02, S_DIST_03, S_DIST_04, S_DIST_05, S_DIST_06, S_DIST_07, S_DIST_08, S_DIST_09, S_DIST_10 FROM STOCK WHERE S_I_ID = 15458 AND S_W_ID = 1

EXPLAIN Plan:

Index Scan using stock_pkey on stock  (cost=0.42..8.44 rows=1 width=291) (actual time=0.943..0.946 rows=1 loops=1)

  Index Cond: ((s_w_id = 1) AND (s_i_id = 15458))

Planning Time: 0.099 ms

Execution Time: 0.970 ms
Failed SQL 2450: SELECT S_QUANTITY, S_DATA, S_DIST_01, S_DIST_02, S_DIST_03, S_DIST_04, S_DIST_05, S_DIST_06, S_DIST_07, S_DIST_08, S_DIST_09, S_DIST_10 FROM STOCK WHERE S_I_ID = 15458 AND S_W_ID = 1
Error Message: Cannot invoke "java.util.List.get(int)" because the return value of "sg.edu.nus.autotune.DB2DATA.getAllIndexes()" is null


===== Query 2451 =====

SQL: UPDATE STOCK SET S_QUANTITY = 42, S_YTD = S_YTD + 9, S_ORDER_CNT = S_ORDER_CNT + 1, S_REMOTE_CNT = S_REMOTE_CNT + 0 WHERE S_I_ID = 15458 AND S_W_ID = 1

EXPLAIN Plan:

Update on stock  (cost=0.42..8.45 rows=0 width=0) (actual time=0.111..0.111 rows=0 loops=1)

  ->  Index Scan using stock_pkey on stock  (cost=0.42..8.45 rows=1 width=32) (actual time=0.025..0.027 rows=1 loops=1)

        Index Cond: ((s_w_id = 1) AND (s_i_id = 15458))

Planning Time: 0.111 ms

Execution Time: 0.140 ms
Failed SQL 2451: UPDATE STOCK SET S_QUANTITY = 42, S_YTD = S_YTD + 9, S_ORDER_CNT = S_ORDER_CNT + 1, S_REMOTE_CNT = S_REMOTE_CNT + 0 WHERE S_I_ID = 15458 AND S_W_ID = 1
Error Message: Cannot invoke "java.util.List.get(int)" because the return value of "sg.edu.nus.autotune.DB2DATA.getAllIndexes()" is null


===== Query 2452 =====

SQL: SELECT I_PRICE, I_NAME , I_DATA FROM ITEM WHERE I_ID = 30434

EXPLAIN Plan:

Index Scan using item_pkey on item  (cost=0.29..8.31 rows=1 width=61) (actual time=0.038..0.040 rows=1 loops=1)

  Index Cond: (i_id = 30434)

Planning Time: 0.076 ms

Execution Time: 0.055 ms
Failed SQL 2452: SELECT I_PRICE, I_NAME , I_DATA FROM ITEM WHERE I_ID = 30434
Error Message: Cannot invoke "java.util.List.get(int)" because the return value of "sg.edu.nus.autotune.DB2DATA.getAllIndexes()" is null


===== Query 2453 =====

SQL: SELECT S_QUANTITY, S_DATA, S_DIST_01, S_DIST_02, S_DIST_03, S_DIST_04, S_DIST_05, S_DIST_06, S_DIST_07, S_DIST_08, S_DIST_09, S_DIST_10 FROM STOCK WHERE S_I_ID = 30434 AND S_W_ID = 1

EXPLAIN Plan:

Index Scan using stock_pkey on stock  (cost=0.42..8.44 rows=1 width=291) (actual time=0.893..0.895 rows=1 loops=1)

  Index Cond: ((s_w_id = 1) AND (s_i_id = 30434))

Planning Time: 0.107 ms

Execution Time: 0.920 ms
Failed SQL 2453: SELECT S_QUANTITY, S_DATA, S_DIST_01, S_DIST_02, S_DIST_03, S_DIST_04, S_DIST_05, S_DIST_06, S_DIST_07, S_DIST_08, S_DIST_09, S_DIST_10 FROM STOCK WHERE S_I_ID = 30434 AND S_W_ID = 1
Error Message: Cannot invoke "java.util.List.get(int)" because the return value of "sg.edu.nus.autotune.DB2DATA.getAllIndexes()" is null


===== Query 2454 =====

SQL: UPDATE STOCK SET S_QUANTITY = 39, S_YTD = S_YTD + 9, S_ORDER_CNT = S_ORDER_CNT + 1, S_REMOTE_CNT = S_REMOTE_CNT + 0 WHERE S_I_ID = 30434 AND S_W_ID = 1

EXPLAIN Plan:

Update on stock  (cost=0.42..8.45 rows=0 width=0) (actual time=0.109..0.109 rows=0 loops=1)

  ->  Index Scan using stock_pkey on stock  (cost=0.42..8.45 rows=1 width=32) (actual time=0.040..0.042 rows=1 loops=1)

        Index Cond: ((s_w_id = 1) AND (s_i_id = 30434))

Planning Time: 0.135 ms

Execution Time: 0.138 ms
Failed SQL 2454: UPDATE STOCK SET S_QUANTITY = 39, S_YTD = S_YTD + 9, S_ORDER_CNT = S_ORDER_CNT + 1, S_REMOTE_CNT = S_REMOTE_CNT + 0 WHERE S_I_ID = 30434 AND S_W_ID = 1
Error Message: Cannot invoke "java.util.List.get(int)" because the return value of "sg.edu.nus.autotune.DB2DATA.getAllIndexes()" is null


===== Query 2455 =====

SQL: SELECT I_PRICE, I_NAME , I_DATA FROM ITEM WHERE I_ID = 62854

EXPLAIN Plan:

Index Scan using item_pkey on item  (cost=0.29..8.31 rows=1 width=61) (actual time=0.026..0.027 rows=1 loops=1)

  Index Cond: (i_id = 62854)

Planning Time: 0.052 ms

Execution Time: 0.038 ms
Failed SQL 2455: SELECT I_PRICE, I_NAME , I_DATA FROM ITEM WHERE I_ID = 62854
Error Message: Cannot invoke "java.util.List.get(int)" because the return value of "sg.edu.nus.autotune.DB2DATA.getAllIndexes()" is null


===== Query 2456 =====

SQL: SELECT S_QUANTITY, S_DATA, S_DIST_01, S_DIST_02, S_DIST_03, S_DIST_04, S_DIST_05, S_DIST_06, S_DIST_07, S_DIST_08, S_DIST_09, S_DIST_10 FROM STOCK WHERE S_I_ID = 62854 AND S_W_ID = 1

EXPLAIN Plan:

Index Scan using stock_pkey on stock  (cost=0.42..8.44 rows=1 width=291) (actual time=0.353..0.356 rows=1 loops=1)

  Index Cond: ((s_w_id = 1) AND (s_i_id = 62854))

Planning Time: 0.109 ms

Execution Time: 0.382 ms
Failed SQL 2456: SELECT S_QUANTITY, S_DATA, S_DIST_01, S_DIST_02, S_DIST_03, S_DIST_04, S_DIST_05, S_DIST_06, S_DIST_07, S_DIST_08, S_DIST_09, S_DIST_10 FROM STOCK WHERE S_I_ID = 62854 AND S_W_ID = 1
Error Message: Cannot invoke "java.util.List.get(int)" because the return value of "sg.edu.nus.autotune.DB2DATA.getAllIndexes()" is null


===== Query 2457 =====

SQL: UPDATE STOCK SET S_QUANTITY = 84, S_YTD = S_YTD + 7, S_ORDER_CNT = S_ORDER_CNT + 1, S_REMOTE_CNT = S_REMOTE_CNT + 0 WHERE S_I_ID = 62854 AND S_W_ID = 1

EXPLAIN Plan:

Update on stock  (cost=0.42..8.45 rows=0 width=0) (actual time=0.056..0.056 rows=0 loops=1)

  ->  Index Scan using stock_pkey on stock  (cost=0.42..8.45 rows=1 width=32) (actual time=0.023..0.025 rows=1 loops=1)

        Index Cond: ((s_w_id = 1) AND (s_i_id = 62854))

Planning Time: 0.124 ms

Execution Time: 0.079 ms
Failed SQL 2457: UPDATE STOCK SET S_QUANTITY = 84, S_YTD = S_YTD + 7, S_ORDER_CNT = S_ORDER_CNT + 1, S_REMOTE_CNT = S_REMOTE_CNT + 0 WHERE S_I_ID = 62854 AND S_W_ID = 1
Error Message: Cannot invoke "java.util.List.get(int)" because the return value of "sg.edu.nus.autotune.DB2DATA.getAllIndexes()" is null


===== Query 2458 =====

SQL: SELECT I_PRICE, I_NAME , I_DATA FROM ITEM WHERE I_ID = 55503

EXPLAIN Plan:

Index Scan using item_pkey on item  (cost=0.29..8.31 rows=1 width=61) (actual time=1.105..1.107 rows=1 loops=1)

  Index Cond: (i_id = 55503)

Planning Time: 0.076 ms

Execution Time: 1.126 ms
Failed SQL 2458: SELECT I_PRICE, I_NAME , I_DATA FROM ITEM WHERE I_ID = 55503
Error Message: Cannot invoke "java.util.List.get(int)" because the return value of "sg.edu.nus.autotune.DB2DATA.getAllIndexes()" is null


===== Query 2459 =====

SQL: SELECT S_QUANTITY, S_DATA, S_DIST_01, S_DIST_02, S_DIST_03, S_DIST_04, S_DIST_05, S_DIST_06, S_DIST_07, S_DIST_08, S_DIST_09, S_DIST_10 FROM STOCK WHERE S_I_ID = 55503 AND S_W_ID = 1

EXPLAIN Plan:

Index Scan using stock_pkey on stock  (cost=0.42..8.44 rows=1 width=291) (actual time=0.880..0.883 rows=1 loops=1)

  Index Cond: ((s_w_id = 1) AND (s_i_id = 55503))

Planning Time: 0.100 ms

Execution Time: 0.907 ms
Failed SQL 2459: SELECT S_QUANTITY, S_DATA, S_DIST_01, S_DIST_02, S_DIST_03, S_DIST_04, S_DIST_05, S_DIST_06, S_DIST_07, S_DIST_08, S_DIST_09, S_DIST_10 FROM STOCK WHERE S_I_ID = 55503 AND S_W_ID = 1
Error Message: Cannot invoke "java.util.List.get(int)" because the return value of "sg.edu.nus.autotune.DB2DATA.getAllIndexes()" is null


===== Query 2460 =====

SQL: UPDATE STOCK SET S_QUANTITY = 69, S_YTD = S_YTD + 9, S_ORDER_CNT = S_ORDER_CNT + 1, S_REMOTE_CNT = S_REMOTE_CNT + 0 WHERE S_I_ID = 55503 AND S_W_ID = 1

EXPLAIN Plan:

Update on stock  (cost=0.42..8.45 rows=0 width=0) (actual time=0.061..0.061 rows=0 loops=1)

  ->  Index Scan using stock_pkey on stock  (cost=0.42..8.45 rows=1 width=32) (actual time=0.024..0.026 rows=1 loops=1)

        Index Cond: ((s_w_id = 1) AND (s_i_id = 55503))

Planning Time: 0.101 ms

Execution Time: 0.089 ms
Failed SQL 2460: UPDATE STOCK SET S_QUANTITY = 69, S_YTD = S_YTD + 9, S_ORDER_CNT = S_ORDER_CNT + 1, S_REMOTE_CNT = S_REMOTE_CNT + 0 WHERE S_I_ID = 55503 AND S_W_ID = 1
Error Message: Cannot invoke "java.util.List.get(int)" because the return value of "sg.edu.nus.autotune.DB2DATA.getAllIndexes()" is null


===== Query 2461 =====

SQL: SELECT I_PRICE, I_NAME , I_DATA FROM ITEM WHERE I_ID = 16069

EXPLAIN Plan:

Index Scan using item_pkey on item  (cost=0.29..8.31 rows=1 width=61) (actual time=0.043..0.045 rows=1 loops=1)

  Index Cond: (i_id = 16069)

Planning Time: 0.070 ms

Execution Time: 0.061 ms
Failed SQL 2461: SELECT I_PRICE, I_NAME , I_DATA FROM ITEM WHERE I_ID = 16069
Error Message: Cannot invoke "java.util.List.get(int)" because the return value of "sg.edu.nus.autotune.DB2DATA.getAllIndexes()" is null


===== Query 2462 =====

SQL: SELECT S_QUANTITY, S_DATA, S_DIST_01, S_DIST_02, S_DIST_03, S_DIST_04, S_DIST_05, S_DIST_06, S_DIST_07, S_DIST_08, S_DIST_09, S_DIST_10 FROM STOCK WHERE S_I_ID = 16069 AND S_W_ID = 1

EXPLAIN Plan:

Index Scan using stock_pkey on stock  (cost=0.42..8.44 rows=1 width=291) (actual time=0.815..0.817 rows=1 loops=1)

  Index Cond: ((s_w_id = 1) AND (s_i_id = 16069))

Planning Time: 0.092 ms

Execution Time: 0.841 ms
Failed SQL 2462: SELECT S_QUANTITY, S_DATA, S_DIST_01, S_DIST_02, S_DIST_03, S_DIST_04, S_DIST_05, S_DIST_06, S_DIST_07, S_DIST_08, S_DIST_09, S_DIST_10 FROM STOCK WHERE S_I_ID = 16069 AND S_W_ID = 1
Error Message: Cannot invoke "java.util.List.get(int)" because the return value of "sg.edu.nus.autotune.DB2DATA.getAllIndexes()" is null


===== Query 2463 =====

SQL: UPDATE STOCK SET S_QUANTITY = 73, S_YTD = S_YTD + 3, S_ORDER_CNT = S_ORDER_CNT + 1, S_REMOTE_CNT = S_REMOTE_CNT + 0 WHERE S_I_ID = 16069 AND S_W_ID = 1

EXPLAIN Plan:

Update on stock  (cost=0.42..8.45 rows=0 width=0) (actual time=0.056..0.057 rows=0 loops=1)

  ->  Index Scan using stock_pkey on stock  (cost=0.42..8.45 rows=1 width=32) (actual time=0.015..0.015 rows=1 loops=1)

        Index Cond: ((s_w_id = 1) AND (s_i_id = 16069))

Planning Time: 0.061 ms

Execution Time: 0.070 ms
Failed SQL 2463: UPDATE STOCK SET S_QUANTITY = 73, S_YTD = S_YTD + 3, S_ORDER_CNT = S_ORDER_CNT + 1, S_REMOTE_CNT = S_REMOTE_CNT + 0 WHERE S_I_ID = 16069 AND S_W_ID = 1
Error Message: Cannot invoke "java.util.List.get(int)" because the return value of "sg.edu.nus.autotune.DB2DATA.getAllIndexes()" is null


===== Query 2464 =====

SQL: SELECT I_PRICE, I_NAME , I_DATA FROM ITEM WHERE I_ID = 44741

EXPLAIN Plan:

Index Scan using item_pkey on item  (cost=0.29..8.31 rows=1 width=61) (actual time=0.036..0.037 rows=1 loops=1)

  Index Cond: (i_id = 44741)

Planning Time: 0.053 ms

Execution Time: 0.053 ms
Failed SQL 2464: SELECT I_PRICE, I_NAME , I_DATA FROM ITEM WHERE I_ID = 44741
Error Message: Cannot invoke "java.util.List.get(int)" because the return value of "sg.edu.nus.autotune.DB2DATA.getAllIndexes()" is null


===== Query 2465 =====

SQL: SELECT S_QUANTITY, S_DATA, S_DIST_01, S_DIST_02, S_DIST_03, S_DIST_04, S_DIST_05, S_DIST_06, S_DIST_07, S_DIST_08, S_DIST_09, S_DIST_10 FROM STOCK WHERE S_I_ID = 44741 AND S_W_ID = 1

EXPLAIN Plan:

Index Scan using stock_pkey on stock  (cost=0.42..8.44 rows=1 width=291) (actual time=0.793..0.796 rows=1 loops=1)

  Index Cond: ((s_w_id = 1) AND (s_i_id = 44741))

Planning Time: 0.082 ms

Execution Time: 0.815 ms
Failed SQL 2465: SELECT S_QUANTITY, S_DATA, S_DIST_01, S_DIST_02, S_DIST_03, S_DIST_04, S_DIST_05, S_DIST_06, S_DIST_07, S_DIST_08, S_DIST_09, S_DIST_10 FROM STOCK WHERE S_I_ID = 44741 AND S_W_ID = 1
Error Message: Cannot invoke "java.util.List.get(int)" because the return value of "sg.edu.nus.autotune.DB2DATA.getAllIndexes()" is null


===== Query 2466 =====

SQL: UPDATE STOCK SET S_QUANTITY = 26, S_YTD = S_YTD + 9, S_ORDER_CNT = S_ORDER_CNT + 1, S_REMOTE_CNT = S_REMOTE_CNT + 0 WHERE S_I_ID = 44741 AND S_W_ID = 1

EXPLAIN Plan:

Update on stock  (cost=0.42..8.45 rows=0 width=0) (actual time=0.278..0.279 rows=0 loops=1)

  ->  Index Scan using stock_pkey on stock  (cost=0.42..8.45 rows=1 width=32) (actual time=0.100..0.101 rows=1 loops=1)

        Index Cond: ((s_w_id = 1) AND (s_i_id = 44741))

Planning Time: 0.142 ms

Execution Time: 0.317 ms
Failed SQL 2466: UPDATE STOCK SET S_QUANTITY = 26, S_YTD = S_YTD + 9, S_ORDER_CNT = S_ORDER_CNT + 1, S_REMOTE_CNT = S_REMOTE_CNT + 0 WHERE S_I_ID = 44741 AND S_W_ID = 1
Error Message: Cannot invoke "java.util.List.get(int)" because the return value of "sg.edu.nus.autotune.DB2DATA.getAllIndexes()" is null


===== Query 2467 =====

SQL: SELECT I_PRICE, I_NAME , I_DATA FROM ITEM WHERE I_ID = 29415

EXPLAIN Plan:

Index Scan using item_pkey on item  (cost=0.29..8.31 rows=1 width=61) (actual time=0.065..0.067 rows=1 loops=1)

  Index Cond: (i_id = 29415)

Planning Time: 0.120 ms

Execution Time: 0.090 ms
Failed SQL 2467: SELECT I_PRICE, I_NAME , I_DATA FROM ITEM WHERE I_ID = 29415
Error Message: Cannot invoke "java.util.List.get(int)" because the return value of "sg.edu.nus.autotune.DB2DATA.getAllIndexes()" is null


===== Query 2468 =====

SQL: SELECT S_QUANTITY, S_DATA, S_DIST_01, S_DIST_02, S_DIST_03, S_DIST_04, S_DIST_05, S_DIST_06, S_DIST_07, S_DIST_08, S_DIST_09, S_DIST_10 FROM STOCK WHERE S_I_ID = 29415 AND S_W_ID = 1

EXPLAIN Plan:

Index Scan using stock_pkey on stock  (cost=0.42..8.44 rows=1 width=291) (actual time=0.045..0.046 rows=1 loops=1)

  Index Cond: ((s_w_id = 1) AND (s_i_id = 29415))

Planning Time: 0.113 ms

Execution Time: 0.065 ms
Failed SQL 2468: SELECT S_QUANTITY, S_DATA, S_DIST_01, S_DIST_02, S_DIST_03, S_DIST_04, S_DIST_05, S_DIST_06, S_DIST_07, S_DIST_08, S_DIST_09, S_DIST_10 FROM STOCK WHERE S_I_ID = 29415 AND S_W_ID = 1
Error Message: Cannot invoke "java.util.List.get(int)" because the return value of "sg.edu.nus.autotune.DB2DATA.getAllIndexes()" is null


===== Query 2469 =====

SQL: UPDATE STOCK SET S_QUANTITY = 86, S_YTD = S_YTD + 3, S_ORDER_CNT = S_ORDER_CNT + 1, S_REMOTE_CNT = S_REMOTE_CNT + 0 WHERE S_I_ID = 29415 AND S_W_ID = 1

EXPLAIN Plan:

Update on stock  (cost=0.42..8.45 rows=0 width=0) (actual time=0.120..0.121 rows=0 loops=1)

  ->  Index Scan using stock_pkey on stock  (cost=0.42..8.45 rows=1 width=32) (actual time=0.026..0.027 rows=1 loops=1)

        Index Cond: ((s_w_id = 1) AND (s_i_id = 29415))

Planning Time: 0.114 ms

Execution Time: 0.149 ms
Failed SQL 2469: UPDATE STOCK SET S_QUANTITY = 86, S_YTD = S_YTD + 3, S_ORDER_CNT = S_ORDER_CNT + 1, S_REMOTE_CNT = S_REMOTE_CNT + 0 WHERE S_I_ID = 29415 AND S_W_ID = 1
Error Message: Cannot invoke "java.util.List.get(int)" because the return value of "sg.edu.nus.autotune.DB2DATA.getAllIndexes()" is null


===== Query 2470 =====

SQL: SELECT I_PRICE, I_NAME , I_DATA FROM ITEM WHERE I_ID = 89047

EXPLAIN Plan:

Index Scan using item_pkey on item  (cost=0.29..8.31 rows=1 width=61) (actual time=0.940..0.941 rows=1 loops=1)

  Index Cond: (i_id = 89047)

Planning Time: 0.084 ms

Execution Time: 0.961 ms
Failed SQL 2470: SELECT I_PRICE, I_NAME , I_DATA FROM ITEM WHERE I_ID = 89047
Error Message: Cannot invoke "java.util.List.get(int)" because the return value of "sg.edu.nus.autotune.DB2DATA.getAllIndexes()" is null


===== Query 2471 =====

SQL: SELECT S_QUANTITY, S_DATA, S_DIST_01, S_DIST_02, S_DIST_03, S_DIST_04, S_DIST_05, S_DIST_06, S_DIST_07, S_DIST_08, S_DIST_09, S_DIST_10 FROM STOCK WHERE S_I_ID = 89047 AND S_W_ID = 1

EXPLAIN Plan:

Index Scan using stock_pkey on stock  (cost=0.42..8.44 rows=1 width=291) (actual time=0.082..0.083 rows=1 loops=1)

  Index Cond: ((s_w_id = 1) AND (s_i_id = 89047))

Planning Time: 0.103 ms

Execution Time: 0.106 ms
Failed SQL 2471: SELECT S_QUANTITY, S_DATA, S_DIST_01, S_DIST_02, S_DIST_03, S_DIST_04, S_DIST_05, S_DIST_06, S_DIST_07, S_DIST_08, S_DIST_09, S_DIST_10 FROM STOCK WHERE S_I_ID = 89047 AND S_W_ID = 1
Error Message: Cannot invoke "java.util.List.get(int)" because the return value of "sg.edu.nus.autotune.DB2DATA.getAllIndexes()" is null


===== Query 2472 =====

SQL: UPDATE STOCK SET S_QUANTITY = 68, S_YTD = S_YTD + 6, S_ORDER_CNT = S_ORDER_CNT + 1, S_REMOTE_CNT = S_REMOTE_CNT + 0 WHERE S_I_ID = 89047 AND S_W_ID = 1

EXPLAIN Plan:

Update on stock  (cost=0.42..8.45 rows=0 width=0) (actual time=0.129..0.130 rows=0 loops=1)

  ->  Index Scan using stock_pkey on stock  (cost=0.42..8.45 rows=1 width=32) (actual time=0.036..0.038 rows=1 loops=1)

        Index Cond: ((s_w_id = 1) AND (s_i_id = 89047))

Planning Time: 0.108 ms

Execution Time: 0.158 ms
Failed SQL 2472: UPDATE STOCK SET S_QUANTITY = 68, S_YTD = S_YTD + 6, S_ORDER_CNT = S_ORDER_CNT + 1, S_REMOTE_CNT = S_REMOTE_CNT + 0 WHERE S_I_ID = 89047 AND S_W_ID = 1
Error Message: Cannot invoke "java.util.List.get(int)" because the return value of "sg.edu.nus.autotune.DB2DATA.getAllIndexes()" is null


===== Query 2473 =====

SQL: SELECT I_PRICE, I_NAME , I_DATA FROM ITEM WHERE I_ID = 5669

EXPLAIN Plan:

Index Scan using item_pkey on item  (cost=0.29..8.31 rows=1 width=61) (actual time=0.058..0.059 rows=1 loops=1)

  Index Cond: (i_id = 5669)

Planning Time: 0.077 ms

Execution Time: 0.078 ms
Failed SQL 2473: SELECT I_PRICE, I_NAME , I_DATA FROM ITEM WHERE I_ID = 5669
Error Message: Cannot invoke "java.util.List.get(int)" because the return value of "sg.edu.nus.autotune.DB2DATA.getAllIndexes()" is null


===== Query 2474 =====

SQL: SELECT S_QUANTITY, S_DATA, S_DIST_01, S_DIST_02, S_DIST_03, S_DIST_04, S_DIST_05, S_DIST_06, S_DIST_07, S_DIST_08, S_DIST_09, S_DIST_10 FROM STOCK WHERE S_I_ID = 5669 AND S_W_ID = 1

EXPLAIN Plan:

Index Scan using stock_pkey on stock  (cost=0.42..8.44 rows=1 width=291) (actual time=0.963..0.965 rows=1 loops=1)

  Index Cond: ((s_w_id = 1) AND (s_i_id = 5669))

Planning Time: 0.111 ms

Execution Time: 0.994 ms
Failed SQL 2474: SELECT S_QUANTITY, S_DATA, S_DIST_01, S_DIST_02, S_DIST_03, S_DIST_04, S_DIST_05, S_DIST_06, S_DIST_07, S_DIST_08, S_DIST_09, S_DIST_10 FROM STOCK WHERE S_I_ID = 5669 AND S_W_ID = 1
Error Message: Cannot invoke "java.util.List.get(int)" because the return value of "sg.edu.nus.autotune.DB2DATA.getAllIndexes()" is null


===== Query 2475 =====

SQL: UPDATE STOCK SET S_QUANTITY = 98, S_YTD = S_YTD + 3, S_ORDER_CNT = S_ORDER_CNT + 1, S_REMOTE_CNT = S_REMOTE_CNT + 0 WHERE S_I_ID = 5669 AND S_W_ID = 1

EXPLAIN Plan:

Update on stock  (cost=0.42..8.45 rows=0 width=0) (actual time=0.084..0.084 rows=0 loops=1)

  ->  Index Scan using stock_pkey on stock  (cost=0.42..8.45 rows=1 width=32) (actual time=0.025..0.027 rows=1 loops=1)

        Index Cond: ((s_w_id = 1) AND (s_i_id = 5669))

Planning Time: 0.108 ms

Execution Time: 0.111 ms
Failed SQL 2475: UPDATE STOCK SET S_QUANTITY = 98, S_YTD = S_YTD + 3, S_ORDER_CNT = S_ORDER_CNT + 1, S_REMOTE_CNT = S_REMOTE_CNT + 0 WHERE S_I_ID = 5669 AND S_W_ID = 1
Error Message: Cannot invoke "java.util.List.get(int)" because the return value of "sg.edu.nus.autotune.DB2DATA.getAllIndexes()" is null


===== Query 2476 =====

SQL: SELECT I_PRICE, I_NAME , I_DATA FROM ITEM WHERE I_ID = 56967

EXPLAIN Plan:

Index Scan using item_pkey on item  (cost=0.29..8.31 rows=1 width=61) (actual time=0.062..0.063 rows=1 loops=1)

  Index Cond: (i_id = 56967)

Planning Time: 0.087 ms

Execution Time: 0.084 ms
Failed SQL 2476: SELECT I_PRICE, I_NAME , I_DATA FROM ITEM WHERE I_ID = 56967
Error Message: Cannot invoke "java.util.List.get(int)" because the return value of "sg.edu.nus.autotune.DB2DATA.getAllIndexes()" is null


===== Query 2477 =====

SQL: SELECT S_QUANTITY, S_DATA, S_DIST_01, S_DIST_02, S_DIST_03, S_DIST_04, S_DIST_05, S_DIST_06, S_DIST_07, S_DIST_08, S_DIST_09, S_DIST_10 FROM STOCK WHERE S_I_ID = 56967 AND S_W_ID = 1

EXPLAIN Plan:

Index Scan using stock_pkey on stock  (cost=0.42..8.44 rows=1 width=291) (actual time=0.909..0.911 rows=1 loops=1)

  Index Cond: ((s_w_id = 1) AND (s_i_id = 56967))

Planning Time: 0.111 ms

Execution Time: 0.939 ms
Failed SQL 2477: SELECT S_QUANTITY, S_DATA, S_DIST_01, S_DIST_02, S_DIST_03, S_DIST_04, S_DIST_05, S_DIST_06, S_DIST_07, S_DIST_08, S_DIST_09, S_DIST_10 FROM STOCK WHERE S_I_ID = 56967 AND S_W_ID = 1
Error Message: Cannot invoke "java.util.List.get(int)" because the return value of "sg.edu.nus.autotune.DB2DATA.getAllIndexes()" is null


===== Query 2478 =====

SQL: UPDATE STOCK SET S_QUANTITY = 57, S_YTD = S_YTD + 8, S_ORDER_CNT = S_ORDER_CNT + 1, S_REMOTE_CNT = S_REMOTE_CNT + 0 WHERE S_I_ID = 56967 AND S_W_ID = 1

EXPLAIN Plan:

Update on stock  (cost=0.42..8.45 rows=0 width=0) (actual time=0.103..0.104 rows=0 loops=1)

  ->  Index Scan using stock_pkey on stock  (cost=0.42..8.45 rows=1 width=32) (actual time=0.024..0.026 rows=1 loops=1)

        Index Cond: ((s_w_id = 1) AND (s_i_id = 56967))

Planning Time: 0.101 ms

Execution Time: 0.131 ms
Failed SQL 2478: UPDATE STOCK SET S_QUANTITY = 57, S_YTD = S_YTD + 8, S_ORDER_CNT = S_ORDER_CNT + 1, S_REMOTE_CNT = S_REMOTE_CNT + 0 WHERE S_I_ID = 56967 AND S_W_ID = 1
Error Message: Cannot invoke "java.util.List.get(int)" because the return value of "sg.edu.nus.autotune.DB2DATA.getAllIndexes()" is null


===== Query 2479 =====

SQL: SELECT I_PRICE, I_NAME , I_DATA FROM ITEM WHERE I_ID = 89693

EXPLAIN Plan:

Index Scan using item_pkey on item  (cost=0.29..8.31 rows=1 width=61) (actual time=0.059..0.061 rows=1 loops=1)

  Index Cond: (i_id = 89693)

Planning Time: 0.073 ms

Execution Time: 0.078 ms
Failed SQL 2479: SELECT I_PRICE, I_NAME , I_DATA FROM ITEM WHERE I_ID = 89693
Error Message: Cannot invoke "java.util.List.get(int)" because the return value of "sg.edu.nus.autotune.DB2DATA.getAllIndexes()" is null


===== Query 2480 =====

SQL: SELECT S_QUANTITY, S_DATA, S_DIST_01, S_DIST_02, S_DIST_03, S_DIST_04, S_DIST_05, S_DIST_06, S_DIST_07, S_DIST_08, S_DIST_09, S_DIST_10 FROM STOCK WHERE S_I_ID = 89693 AND S_W_ID = 1

EXPLAIN Plan:

Index Scan using stock_pkey on stock  (cost=0.42..8.44 rows=1 width=291) (actual time=1.720..1.722 rows=1 loops=1)

  Index Cond: ((s_w_id = 1) AND (s_i_id = 89693))

Planning Time: 0.075 ms

Execution Time: 1.749 ms
Failed SQL 2480: SELECT S_QUANTITY, S_DATA, S_DIST_01, S_DIST_02, S_DIST_03, S_DIST_04, S_DIST_05, S_DIST_06, S_DIST_07, S_DIST_08, S_DIST_09, S_DIST_10 FROM STOCK WHERE S_I_ID = 89693 AND S_W_ID = 1
Error Message: Cannot invoke "java.util.List.get(int)" because the return value of "sg.edu.nus.autotune.DB2DATA.getAllIndexes()" is null


===== Query 2481 =====

SQL: UPDATE STOCK SET S_QUANTITY = 70, S_YTD = S_YTD + 5, S_ORDER_CNT = S_ORDER_CNT + 1, S_REMOTE_CNT = S_REMOTE_CNT + 0 WHERE S_I_ID = 89693 AND S_W_ID = 1

EXPLAIN Plan:

Update on stock  (cost=0.42..8.45 rows=0 width=0) (actual time=0.093..0.093 rows=0 loops=1)

  ->  Index Scan using stock_pkey on stock  (cost=0.42..8.45 rows=1 width=32) (actual time=0.034..0.035 rows=1 loops=1)

        Index Cond: ((s_w_id = 1) AND (s_i_id = 89693))

Planning Time: 0.112 ms

Execution Time: 0.122 ms
Failed SQL 2481: UPDATE STOCK SET S_QUANTITY = 70, S_YTD = S_YTD + 5, S_ORDER_CNT = S_ORDER_CNT + 1, S_REMOTE_CNT = S_REMOTE_CNT + 0 WHERE S_I_ID = 89693 AND S_W_ID = 1
Error Message: Cannot invoke "java.util.List.get(int)" because the return value of "sg.edu.nus.autotune.DB2DATA.getAllIndexes()" is null


===== Query 2482 =====

SQL: SELECT I_PRICE, I_NAME , I_DATA FROM ITEM WHERE I_ID = 21829

EXPLAIN Plan:

Index Scan using item_pkey on item  (cost=0.29..8.31 rows=1 width=61) (actual time=0.908..0.910 rows=1 loops=1)

  Index Cond: (i_id = 21829)

Planning Time: 0.082 ms

Execution Time: 0.930 ms
Failed SQL 2482: SELECT I_PRICE, I_NAME , I_DATA FROM ITEM WHERE I_ID = 21829
Error Message: Cannot invoke "java.util.List.get(int)" because the return value of "sg.edu.nus.autotune.DB2DATA.getAllIndexes()" is null


===== Query 2483 =====

SQL: SELECT S_QUANTITY, S_DATA, S_DIST_01, S_DIST_02, S_DIST_03, S_DIST_04, S_DIST_05, S_DIST_06, S_DIST_07, S_DIST_08, S_DIST_09, S_DIST_10 FROM STOCK WHERE S_I_ID = 21829 AND S_W_ID = 1

EXPLAIN Plan:

Index Scan using stock_pkey on stock  (cost=0.42..8.44 rows=1 width=291) (actual time=0.891..0.893 rows=1 loops=1)

  Index Cond: ((s_w_id = 1) AND (s_i_id = 21829))

Planning Time: 0.097 ms

Execution Time: 0.918 ms
Failed SQL 2483: SELECT S_QUANTITY, S_DATA, S_DIST_01, S_DIST_02, S_DIST_03, S_DIST_04, S_DIST_05, S_DIST_06, S_DIST_07, S_DIST_08, S_DIST_09, S_DIST_10 FROM STOCK WHERE S_I_ID = 21829 AND S_W_ID = 1
Error Message: Cannot invoke "java.util.List.get(int)" because the return value of "sg.edu.nus.autotune.DB2DATA.getAllIndexes()" is null


===== Query 2484 =====

SQL: UPDATE STOCK SET S_QUANTITY = 100, S_YTD = S_YTD + 9, S_ORDER_CNT = S_ORDER_CNT + 1, S_REMOTE_CNT = S_REMOTE_CNT + 0 WHERE S_I_ID = 21829 AND S_W_ID = 1

EXPLAIN Plan:

Update on stock  (cost=0.42..8.45 rows=0 width=0) (actual time=0.127..0.128 rows=0 loops=1)

  ->  Index Scan using stock_pkey on stock  (cost=0.42..8.45 rows=1 width=32) (actual time=0.033..0.035 rows=1 loops=1)

        Index Cond: ((s_w_id = 1) AND (s_i_id = 21829))

Planning Time: 0.114 ms

Execution Time: 0.170 ms
Failed SQL 2484: UPDATE STOCK SET S_QUANTITY = 100, S_YTD = S_YTD + 9, S_ORDER_CNT = S_ORDER_CNT + 1, S_REMOTE_CNT = S_REMOTE_CNT + 0 WHERE S_I_ID = 21829 AND S_W_ID = 1
Error Message: Cannot invoke "java.util.List.get(int)" because the return value of "sg.edu.nus.autotune.DB2DATA.getAllIndexes()" is null


===== Query 2485 =====

SQL: SELECT I_PRICE, I_NAME , I_DATA FROM ITEM WHERE I_ID = 89807

EXPLAIN Plan:

Index Scan using item_pkey on item  (cost=0.29..8.31 rows=1 width=61) (actual time=0.037..0.039 rows=1 loops=1)

  Index Cond: (i_id = 89807)

Planning Time: 0.082 ms

Execution Time: 0.058 ms
Failed SQL 2485: SELECT I_PRICE, I_NAME , I_DATA FROM ITEM WHERE I_ID = 89807
Error Message: Cannot invoke "java.util.List.get(int)" because the return value of "sg.edu.nus.autotune.DB2DATA.getAllIndexes()" is null


===== Query 2486 =====

SQL: SELECT S_QUANTITY, S_DATA, S_DIST_01, S_DIST_02, S_DIST_03, S_DIST_04, S_DIST_05, S_DIST_06, S_DIST_07, S_DIST_08, S_DIST_09, S_DIST_10 FROM STOCK WHERE S_I_ID = 89807 AND S_W_ID = 1

EXPLAIN Plan:

Index Scan using stock_pkey on stock  (cost=0.42..8.44 rows=1 width=291) (actual time=0.052..0.054 rows=1 loops=1)

  Index Cond: ((s_w_id = 1) AND (s_i_id = 89807))

Planning Time: 0.106 ms

Execution Time: 0.078 ms
Failed SQL 2486: SELECT S_QUANTITY, S_DATA, S_DIST_01, S_DIST_02, S_DIST_03, S_DIST_04, S_DIST_05, S_DIST_06, S_DIST_07, S_DIST_08, S_DIST_09, S_DIST_10 FROM STOCK WHERE S_I_ID = 89807 AND S_W_ID = 1
Error Message: Cannot invoke "java.util.List.get(int)" because the return value of "sg.edu.nus.autotune.DB2DATA.getAllIndexes()" is null


===== Query 2487 =====

SQL: UPDATE STOCK SET S_QUANTITY = 20, S_YTD = S_YTD + 8, S_ORDER_CNT = S_ORDER_CNT + 1, S_REMOTE_CNT = S_REMOTE_CNT + 0 WHERE S_I_ID = 89807 AND S_W_ID = 1

EXPLAIN Plan:

Update on stock  (cost=0.42..8.45 rows=0 width=0) (actual time=0.120..0.120 rows=0 loops=1)

  ->  Index Scan using stock_pkey on stock  (cost=0.42..8.45 rows=1 width=32) (actual time=0.030..0.031 rows=1 loops=1)

        Index Cond: ((s_w_id = 1) AND (s_i_id = 89807))

Planning Time: 0.122 ms

Execution Time: 0.151 ms
Failed SQL 2487: UPDATE STOCK SET S_QUANTITY = 20, S_YTD = S_YTD + 8, S_ORDER_CNT = S_ORDER_CNT + 1, S_REMOTE_CNT = S_REMOTE_CNT + 0 WHERE S_I_ID = 89807 AND S_W_ID = 1
Error Message: Cannot invoke "java.util.List.get(int)" because the return value of "sg.edu.nus.autotune.DB2DATA.getAllIndexes()" is null


===== Query 2488 =====

SQL: UPDATE WAREHOUSE SET W_YTD = W_YTD + 2205.53 WHERE W_ID = 1

EXPLAIN Plan:

Update on warehouse  (cost=4.14..8.16 rows=0 width=0) (actual time=0.104..0.105 rows=0 loops=1)

  ->  Bitmap Heap Scan on warehouse  (cost=4.14..8.16 rows=1 width=22) (actual time=0.029..0.030 rows=1 loops=1)

        Recheck Cond: (w_id = 1)

        Heap Blocks: exact=1

        ->  Bitmap Index Scan on warehouse_pkey  (cost=0.00..4.14 rows=1 width=0) (actual time=0.014..0.014 rows=1 loops=1)

              Index Cond: (w_id = 1)

Planning Time: 0.087 ms

Execution Time: 0.140 ms
Failed SQL 2488: UPDATE WAREHOUSE SET W_YTD = W_YTD + 2205.53 WHERE W_ID = 1
Error Message: Cannot invoke "java.util.List.get(int)" because the return value of "sg.edu.nus.autotune.DB2DATA.getAllIndexes()" is null


===== Query 2489 =====

SQL: SELECT W_STREET_1, W_STREET_2, W_CITY, W_STATE, W_ZIP, W_NAME FROM WAREHOUSE WHERE W_ID = 1

EXPLAIN Plan:

Bitmap Heap Scan on warehouse  (cost=4.14..8.15 rows=1 width=65) (actual time=0.013..0.014 rows=1 loops=1)

  Recheck Cond: (w_id = 1)

  Heap Blocks: exact=1

  ->  Bitmap Index Scan on warehouse_pkey  (cost=0.00..4.14 rows=1 width=0) (actual time=0.006..0.007 rows=1 loops=1)

        Index Cond: (w_id = 1)

Planning Time: 0.052 ms

Execution Time: 0.028 ms
Failed SQL 2489: SELECT W_STREET_1, W_STREET_2, W_CITY, W_STATE, W_ZIP, W_NAME FROM WAREHOUSE WHERE W_ID = 1
Error Message: Cannot invoke "java.util.List.get(int)" because the return value of "sg.edu.nus.autotune.DB2DATA.getAllIndexes()" is null


===== Query 2490 =====

SQL: UPDATE DISTRICT SET D_YTD = D_YTD + 2205.53 WHERE D_W_ID = 1 AND D_ID = 1

EXPLAIN Plan:

Update on district  (cost=0.27..8.29 rows=0 width=0) (actual time=0.068..0.069 rows=0 loops=1)

  ->  Index Scan using district_pkey on district  (cost=0.27..8.29 rows=1 width=22) (actual time=0.023..0.024 rows=1 loops=1)

        Index Cond: ((d_w_id = 1) AND (d_id = 1))

Planning Time: 0.409 ms

Execution Time: 0.097 ms
Failed SQL 2490: UPDATE DISTRICT SET D_YTD = D_YTD + 2205.53 WHERE D_W_ID = 1 AND D_ID = 1
Error Message: Cannot invoke "java.util.List.get(int)" because the return value of "sg.edu.nus.autotune.DB2DATA.getAllIndexes()" is null


===== Query 2491 =====

SQL: SELECT D_STREET_1, D_STREET_2, D_CITY, D_STATE, D_ZIP, D_NAME FROM DISTRICT WHERE D_W_ID = 1 AND D_ID = 1

EXPLAIN Plan:

Index Scan using district_pkey on district  (cost=0.27..8.29 rows=1 width=64) (actual time=0.013..0.015 rows=1 loops=1)

  Index Cond: ((d_w_id = 1) AND (d_id = 1))

Planning Time: 0.257 ms

Execution Time: 0.034 ms
Failed SQL 2491: SELECT D_STREET_1, D_STREET_2, D_CITY, D_STATE, D_ZIP, D_NAME FROM DISTRICT WHERE D_W_ID = 1 AND D_ID = 1
Error Message: Cannot invoke "java.util.List.get(int)" because the return value of "sg.edu.nus.autotune.DB2DATA.getAllIndexes()" is null


===== Query 2492 =====

SQL: SELECT C_FIRST, C_MIDDLE, C_LAST, C_STREET_1, C_STREET_2, C_CITY, C_STATE, C_ZIP, C_PHONE, C_CREDIT, C_CREDIT_LIM, C_DISCOUNT, C_BALANCE, C_YTD_PAYMENT, C_PAYMENT_CNT, C_SINCE FROM CUSTOMER WHERE C_W_ID = 1 AND C_D_ID = 1 AND C_ID = 2290

EXPLAIN Plan:

Index Scan using customer_pkey on customer  (cost=0.42..8.44 rows=1 width=140) (actual time=0.075..0.076 rows=1 loops=1)

  Index Cond: ((c_w_id = 1) AND (c_d_id = 1) AND (c_id = 2290))

Planning Time: 0.118 ms

Execution Time: 0.101 ms
Failed SQL 2492: SELECT C_FIRST, C_MIDDLE, C_LAST, C_STREET_1, C_STREET_2, C_CITY, C_STATE, C_ZIP, C_PHONE, C_CREDIT, C_CREDIT_LIM, C_DISCOUNT, C_BALANCE, C_YTD_PAYMENT, C_PAYMENT_CNT, C_SINCE FROM CUSTOMER WHERE C_W_ID = 1 AND C_D_ID = 1 AND C_ID = 2290
Error Message: Cannot invoke "java.util.List.get(int)" because the return value of "sg.edu.nus.autotune.DB2DATA.getAllIndexes()" is null


===== Query 2493 =====

SQL: UPDATE CUSTOMER SET C_BALANCE = -2881.81, C_YTD_PAYMENT = 2881.81, C_PAYMENT_CNT = 3 WHERE C_W_ID = 1 AND C_D_ID = 1 AND C_ID = 2290

EXPLAIN Plan:

Update on customer  (cost=0.42..8.44 rows=0 width=0) (actual time=0.094..0.094 rows=0 loops=1)

  ->  Index Scan using customer_pkey on customer  (cost=0.42..8.44 rows=1 width=34) (actual time=0.026..0.028 rows=1 loops=1)

        Index Cond: ((c_w_id = 1) AND (c_d_id = 1) AND (c_id = 2290))

Planning Time: 0.124 ms

Execution Time: 0.122 ms
Failed SQL 2493: UPDATE CUSTOMER SET C_BALANCE = -2881.81, C_YTD_PAYMENT = 2881.81, C_PAYMENT_CNT = 3 WHERE C_W_ID = 1 AND C_D_ID = 1 AND C_ID = 2290
Error Message: Cannot invoke "java.util.List.get(int)" because the return value of "sg.edu.nus.autotune.DB2DATA.getAllIndexes()" is null


===== Query 2494 =====

SQL: UPDATE WAREHOUSE SET W_YTD = W_YTD + 2798.47 WHERE W_ID = 1

EXPLAIN Plan:

Update on warehouse  (cost=4.14..8.16 rows=0 width=0) (actual time=0.091..0.092 rows=0 loops=1)

  ->  Bitmap Heap Scan on warehouse  (cost=4.14..8.16 rows=1 width=22) (actual time=0.021..0.022 rows=1 loops=1)

        Recheck Cond: (w_id = 1)

        Heap Blocks: exact=1

        ->  Bitmap Index Scan on warehouse_pkey  (cost=0.00..4.14 rows=1 width=0) (actual time=0.009..0.010 rows=1 loops=1)

              Index Cond: (w_id = 1)

Planning Time: 0.087 ms

Execution Time: 0.127 ms
Failed SQL 2494: UPDATE WAREHOUSE SET W_YTD = W_YTD + 2798.47 WHERE W_ID = 1
Error Message: Cannot invoke "java.util.List.get(int)" because the return value of "sg.edu.nus.autotune.DB2DATA.getAllIndexes()" is null


===== Query 2495 =====

SQL: SELECT W_STREET_1, W_STREET_2, W_CITY, W_STATE, W_ZIP, W_NAME FROM WAREHOUSE WHERE W_ID = 1

EXPLAIN Plan:

Bitmap Heap Scan on warehouse  (cost=4.14..8.15 rows=1 width=65) (actual time=0.019..0.020 rows=1 loops=1)

  Recheck Cond: (w_id = 1)

  Heap Blocks: exact=1

  ->  Bitmap Index Scan on warehouse_pkey  (cost=0.00..4.14 rows=1 width=0) (actual time=0.009..0.009 rows=1 loops=1)

        Index Cond: (w_id = 1)

Planning Time: 0.075 ms

Execution Time: 0.046 ms
Failed SQL 2495: SELECT W_STREET_1, W_STREET_2, W_CITY, W_STATE, W_ZIP, W_NAME FROM WAREHOUSE WHERE W_ID = 1
Error Message: Cannot invoke "java.util.List.get(int)" because the return value of "sg.edu.nus.autotune.DB2DATA.getAllIndexes()" is null


===== Query 2496 =====

SQL: UPDATE DISTRICT SET D_YTD = D_YTD + 2798.47 WHERE D_W_ID = 1 AND D_ID = 2

EXPLAIN Plan:

Update on district  (cost=0.27..8.29 rows=0 width=0) (actual time=0.078..0.078 rows=0 loops=1)

  ->  Index Scan using district_pkey on district  (cost=0.27..8.29 rows=1 width=22) (actual time=0.037..0.038 rows=1 loops=1)

        Index Cond: ((d_w_id = 1) AND (d_id = 2))

Planning Time: 0.108 ms

Execution Time: 0.109 ms
Failed SQL 2496: UPDATE DISTRICT SET D_YTD = D_YTD + 2798.47 WHERE D_W_ID = 1 AND D_ID = 2
Error Message: Cannot invoke "java.util.List.get(int)" because the return value of "sg.edu.nus.autotune.DB2DATA.getAllIndexes()" is null


===== Query 2497 =====

SQL: SELECT D_STREET_1, D_STREET_2, D_CITY, D_STATE, D_ZIP, D_NAME FROM DISTRICT WHERE D_W_ID = 1 AND D_ID = 2

EXPLAIN Plan:

Index Scan using district_pkey on district  (cost=0.27..8.29 rows=1 width=64) (actual time=0.055..0.056 rows=1 loops=1)

  Index Cond: ((d_w_id = 1) AND (d_id = 2))

Planning Time: 0.105 ms

Execution Time: 0.080 ms
Failed SQL 2497: SELECT D_STREET_1, D_STREET_2, D_CITY, D_STATE, D_ZIP, D_NAME FROM DISTRICT WHERE D_W_ID = 1 AND D_ID = 2
Error Message: Cannot invoke "java.util.List.get(int)" because the return value of "sg.edu.nus.autotune.DB2DATA.getAllIndexes()" is null


===== Query 2498 =====

SQL: SELECT C_FIRST, C_MIDDLE, C_LAST, C_STREET_1, C_STREET_2, C_CITY, C_STATE, C_ZIP, C_PHONE, C_CREDIT, C_CREDIT_LIM, C_DISCOUNT, C_BALANCE, C_YTD_PAYMENT, C_PAYMENT_CNT, C_SINCE FROM CUSTOMER WHERE C_W_ID = 1 AND C_D_ID = 2 AND C_ID = 299

EXPLAIN Plan:

Index Scan using customer_pkey on customer  (cost=0.42..8.44 rows=1 width=140) (actual time=0.059..0.061 rows=1 loops=1)

  Index Cond: ((c_w_id = 1) AND (c_d_id = 2) AND (c_id = 299))

Planning Time: 0.101 ms

Execution Time: 0.085 ms
Failed SQL 2498: SELECT C_FIRST, C_MIDDLE, C_LAST, C_STREET_1, C_STREET_2, C_CITY, C_STATE, C_ZIP, C_PHONE, C_CREDIT, C_CREDIT_LIM, C_DISCOUNT, C_BALANCE, C_YTD_PAYMENT, C_PAYMENT_CNT, C_SINCE FROM CUSTOMER WHERE C_W_ID = 1 AND C_D_ID = 2 AND C_ID = 299
Error Message: Cannot invoke "java.util.List.get(int)" because the return value of "sg.edu.nus.autotune.DB2DATA.getAllIndexes()" is null


===== Query 2499 =====

SQL: UPDATE CUSTOMER SET C_BALANCE = -3098.71, C_YTD_PAYMENT = 3098.71, C_PAYMENT_CNT = 3 WHERE C_W_ID = 1 AND C_D_ID = 2 AND C_ID = 299

EXPLAIN Plan:

Update on customer  (cost=0.42..8.44 rows=0 width=0) (actual time=0.087..0.088 rows=0 loops=1)

  ->  Index Scan using customer_pkey on customer  (cost=0.42..8.44 rows=1 width=34) (actual time=0.026..0.027 rows=1 loops=1)

        Index Cond: ((c_w_id = 1) AND (c_d_id = 2) AND (c_id = 299))

Planning Time: 0.121 ms

Execution Time: 0.115 ms
Failed SQL 2499: UPDATE CUSTOMER SET C_BALANCE = -3098.71, C_YTD_PAYMENT = 3098.71, C_PAYMENT_CNT = 3 WHERE C_W_ID = 1 AND C_D_ID = 2 AND C_ID = 299
Error Message: Cannot invoke "java.util.List.get(int)" because the return value of "sg.edu.nus.autotune.DB2DATA.getAllIndexes()" is null


===== Query 2500 =====

SQL: SELECT C_DISCOUNT, C_LAST, C_CREDIT, W_TAX FROM CUSTOMER, WAREHOUSE WHERE W_ID = 1 AND C_W_ID = 1 AND C_D_ID = 9 AND C_ID = 1024

EXPLAIN Plan:

Nested Loop  (cost=4.56..16.61 rows=1 width=26) (actual time=0.089..0.092 rows=1 loops=1)

  ->  Index Scan using customer_pkey on customer  (cost=0.42..8.44 rows=1 width=21) (actual time=0.073..0.074 rows=1 loops=1)

        Index Cond: ((c_w_id = 1) AND (c_d_id = 9) AND (c_id = 1024))

  ->  Bitmap Heap Scan on warehouse  (cost=4.14..8.15 rows=1 width=5) (actual time=0.008..0.008 rows=1 loops=1)

        Recheck Cond: (w_id = 1)

        Heap Blocks: exact=1

        ->  Bitmap Index Scan on warehouse_pkey  (cost=0.00..4.14 rows=1 width=0) (actual time=0.004..0.004 rows=1 loops=1)

              Index Cond: (w_id = 1)

Planning Time: 0.151 ms

Execution Time: 0.131 ms
Failed SQL 2500: SELECT C_DISCOUNT, C_LAST, C_CREDIT, W_TAX FROM CUSTOMER, WAREHOUSE WHERE W_ID = 1 AND C_W_ID = 1 AND C_D_ID = 9 AND C_ID = 1024
Error Message: Cannot invoke "java.util.List.get(int)" because the return value of "sg.edu.nus.autotune.DB2DATA.getAllIndexes()" is null


===== Query 2501 =====

SQL: SELECT D_NEXT_O_ID, D_TAX FROM DISTRICT WHERE D_W_ID = 1 AND D_ID = 9

EXPLAIN Plan:

Index Scan using district_pkey on district  (cost=0.27..8.29 rows=1 width=9) (actual time=0.010..0.012 rows=1 loops=1)

  Index Cond: ((d_w_id = 1) AND (d_id = 9))

Planning Time: 0.142 ms

Execution Time: 0.028 ms
Failed SQL 2501: SELECT D_NEXT_O_ID, D_TAX FROM DISTRICT WHERE D_W_ID = 1 AND D_ID = 9
Error Message: Cannot invoke "java.util.List.get(int)" because the return value of "sg.edu.nus.autotune.DB2DATA.getAllIndexes()" is null


===== Query 2502 =====

SQL: UPDATE DISTRICT SET D_NEXT_O_ID = D_NEXT_O_ID + 1 WHERE D_W_ID = 1 AND D_ID = 9

EXPLAIN Plan:

Update on district  (cost=0.27..8.29 rows=0 width=0) (actual time=0.079..0.080 rows=0 loops=1)

  ->  Index Scan using district_pkey on district  (cost=0.27..8.29 rows=1 width=10) (actual time=0.019..0.021 rows=1 loops=1)

        Index Cond: ((d_w_id = 1) AND (d_id = 9))

Planning Time: 0.086 ms

Execution Time: 0.106 ms
Failed SQL 2502: UPDATE DISTRICT SET D_NEXT_O_ID = D_NEXT_O_ID + 1 WHERE D_W_ID = 1 AND D_ID = 9
Error Message: Cannot invoke "java.util.List.get(int)" because the return value of "sg.edu.nus.autotune.DB2DATA.getAllIndexes()" is null


===== Query 2503 =====

SQL: SELECT I_PRICE, I_NAME , I_DATA FROM ITEM WHERE I_ID = 89254

EXPLAIN Plan:

Index Scan using item_pkey on item  (cost=0.29..8.31 rows=1 width=61) (actual time=0.872..0.875 rows=1 loops=1)

  Index Cond: (i_id = 89254)

Planning Time: 0.071 ms

Execution Time: 0.896 ms
Failed SQL 2503: SELECT I_PRICE, I_NAME , I_DATA FROM ITEM WHERE I_ID = 89254
Error Message: Cannot invoke "java.util.List.get(int)" because the return value of "sg.edu.nus.autotune.DB2DATA.getAllIndexes()" is null


===== Query 2504 =====

SQL: SELECT S_QUANTITY, S_DATA, S_DIST_01, S_DIST_02, S_DIST_03, S_DIST_04, S_DIST_05, S_DIST_06, S_DIST_07, S_DIST_08, S_DIST_09, S_DIST_10 FROM STOCK WHERE S_I_ID = 89254 AND S_W_ID = 1

EXPLAIN Plan:

Index Scan using stock_pkey on stock  (cost=0.42..8.44 rows=1 width=291) (actual time=0.891..0.893 rows=1 loops=1)

  Index Cond: ((s_w_id = 1) AND (s_i_id = 89254))

Planning Time: 0.093 ms

Execution Time: 0.915 ms
Failed SQL 2504: SELECT S_QUANTITY, S_DATA, S_DIST_01, S_DIST_02, S_DIST_03, S_DIST_04, S_DIST_05, S_DIST_06, S_DIST_07, S_DIST_08, S_DIST_09, S_DIST_10 FROM STOCK WHERE S_I_ID = 89254 AND S_W_ID = 1
Error Message: Cannot invoke "java.util.List.get(int)" because the return value of "sg.edu.nus.autotune.DB2DATA.getAllIndexes()" is null


===== Query 2505 =====

SQL: UPDATE STOCK SET S_QUANTITY = 30, S_YTD = S_YTD + 7, S_ORDER_CNT = S_ORDER_CNT + 1, S_REMOTE_CNT = S_REMOTE_CNT + 0 WHERE S_I_ID = 89254 AND S_W_ID = 1

EXPLAIN Plan:

Update on stock  (cost=0.42..8.45 rows=0 width=0) (actual time=0.066..0.067 rows=0 loops=1)

  ->  Index Scan using stock_pkey on stock  (cost=0.42..8.45 rows=1 width=32) (actual time=0.026..0.028 rows=1 loops=1)

        Index Cond: ((s_w_id = 1) AND (s_i_id = 89254))

Planning Time: 0.111 ms

Execution Time: 0.095 ms
Failed SQL 2505: UPDATE STOCK SET S_QUANTITY = 30, S_YTD = S_YTD + 7, S_ORDER_CNT = S_ORDER_CNT + 1, S_REMOTE_CNT = S_REMOTE_CNT + 0 WHERE S_I_ID = 89254 AND S_W_ID = 1
Error Message: Cannot invoke "java.util.List.get(int)" because the return value of "sg.edu.nus.autotune.DB2DATA.getAllIndexes()" is null


===== Query 2506 =====

SQL: SELECT I_PRICE, I_NAME , I_DATA FROM ITEM WHERE I_ID = 46453

EXPLAIN Plan:

Index Scan using item_pkey on item  (cost=0.29..8.31 rows=1 width=61) (actual time=0.865..0.867 rows=1 loops=1)

  Index Cond: (i_id = 46453)

Planning Time: 0.086 ms

Execution Time: 0.888 ms
Failed SQL 2506: SELECT I_PRICE, I_NAME , I_DATA FROM ITEM WHERE I_ID = 46453
Error Message: Cannot invoke "java.util.List.get(int)" because the return value of "sg.edu.nus.autotune.DB2DATA.getAllIndexes()" is null


===== Query 2507 =====

SQL: UPDATE WAREHOUSE SET W_YTD = W_YTD + 2262.56 WHERE W_ID = 2

EXPLAIN Plan:

Update on warehouse  (cost=4.14..8.16 rows=0 width=0) (actual time=0.108..0.109 rows=0 loops=1)

  ->  Bitmap Heap Scan on warehouse  (cost=4.14..8.16 rows=1 width=22) (actual time=0.023..0.024 rows=1 loops=1)

        Recheck Cond: (w_id = 2)

        Heap Blocks: exact=1

        ->  Bitmap Index Scan on warehouse_pkey  (cost=0.00..4.14 rows=1 width=0) (actual time=0.011..0.011 rows=1 loops=1)

              Index Cond: (w_id = 2)

Planning Time: 0.094 ms

Execution Time: 0.146 ms
Failed SQL 2507: UPDATE WAREHOUSE SET W_YTD = W_YTD + 2262.56 WHERE W_ID = 2
Error Message: Cannot invoke "java.util.List.get(int)" because the return value of "sg.edu.nus.autotune.DB2DATA.getAllIndexes()" is null


===== Query 2508 =====

SQL: SELECT W_STREET_1, W_STREET_2, W_CITY, W_STATE, W_ZIP, W_NAME FROM WAREHOUSE WHERE W_ID = 2

EXPLAIN Plan:

Bitmap Heap Scan on warehouse  (cost=4.14..8.15 rows=1 width=65) (actual time=0.019..0.020 rows=1 loops=1)

  Recheck Cond: (w_id = 2)

  Heap Blocks: exact=1

  ->  Bitmap Index Scan on warehouse_pkey  (cost=0.00..4.14 rows=1 width=0) (actual time=0.009..0.009 rows=1 loops=1)

        Index Cond: (w_id = 2)

Planning Time: 0.077 ms

Execution Time: 0.045 ms
Failed SQL 2508: SELECT W_STREET_1, W_STREET_2, W_CITY, W_STATE, W_ZIP, W_NAME FROM WAREHOUSE WHERE W_ID = 2
Error Message: Cannot invoke "java.util.List.get(int)" because the return value of "sg.edu.nus.autotune.DB2DATA.getAllIndexes()" is null


===== Query 2509 =====

SQL: UPDATE DISTRICT SET D_YTD = D_YTD + 2262.56 WHERE D_W_ID = 2 AND D_ID = 9

EXPLAIN Plan:

Update on district  (cost=0.27..8.29 rows=0 width=0) (actual time=0.080..0.081 rows=0 loops=1)

  ->  Index Scan using district_pkey on district  (cost=0.27..8.29 rows=1 width=22) (actual time=0.022..0.023 rows=1 loops=1)

        Index Cond: ((d_w_id = 2) AND (d_id = 9))

Planning Time: 0.097 ms

Execution Time: 0.108 ms
Failed SQL 2509: UPDATE DISTRICT SET D_YTD = D_YTD + 2262.56 WHERE D_W_ID = 2 AND D_ID = 9
Error Message: Cannot invoke "java.util.List.get(int)" because the return value of "sg.edu.nus.autotune.DB2DATA.getAllIndexes()" is null


===== Query 2510 =====

SQL: SELECT D_STREET_1, D_STREET_2, D_CITY, D_STATE, D_ZIP, D_NAME FROM DISTRICT WHERE D_W_ID = 2 AND D_ID = 9

EXPLAIN Plan:

Index Scan using district_pkey on district  (cost=0.27..8.29 rows=1 width=64) (actual time=0.017..0.017 rows=1 loops=1)

  Index Cond: ((d_w_id = 2) AND (d_id = 9))

Planning Time: 0.076 ms

Execution Time: 0.032 ms
Failed SQL 2510: SELECT D_STREET_1, D_STREET_2, D_CITY, D_STATE, D_ZIP, D_NAME FROM DISTRICT WHERE D_W_ID = 2 AND D_ID = 9
Error Message: Cannot invoke "java.util.List.get(int)" because the return value of "sg.edu.nus.autotune.DB2DATA.getAllIndexes()" is null


===== Query 2511 =====

SQL: SELECT C_FIRST, C_MIDDLE, C_ID, C_STREET_1, C_STREET_2, C_CITY, C_STATE, C_ZIP, C_PHONE, C_CREDIT, C_CREDIT_LIM, C_DISCOUNT, C_BALANCE, C_YTD_PAYMENT, C_PAYMENT_CNT, C_SINCE FROM CUSTOMER WHERE C_W_ID = 1 AND C_D_ID = 6 AND C_LAST = 'EINGABLEPRES' ORDER BY C_FIRST

EXPLAIN Plan:

Sort  (cost=7380.33..7380.46 rows=53 width=131) (actual time=6.616..6.627 rows=51 loops=1)

  Sort Key: c_first

  Sort Method: quicksort  Memory: 38kB

  ->  Bitmap Heap Scan on customer  (cost=78.83..7378.81 rows=53 width=131) (actual time=0.889..6.537 rows=51 loops=1)

        Recheck Cond: ((c_w_id = 1) AND (c_d_id = 6))

        Filter: ((c_last)::text = 'EINGABLEPRES'::text)

        Rows Removed by Filter: 2949

        Heap Blocks: exact=788

        ->  Bitmap Index Scan on customer_pkey  (cost=0.00..78.82 rows=3040 width=0) (actual time=0.612..0.612 rows=3032 loops=1)

              Index Cond: ((c_w_id = 1) AND (c_d_id = 6))

Planning Time: 0.174 ms

Execution Time: 6.680 ms
Failed SQL 2511: SELECT C_FIRST, C_MIDDLE, C_ID, C_STREET_1, C_STREET_2, C_CITY, C_STATE, C_ZIP, C_PHONE, C_CREDIT, C_CREDIT_LIM, C_DISCOUNT, C_BALANCE, C_YTD_PAYMENT, C_PAYMENT_CNT, C_SINCE FROM CUSTOMER WHERE C_W_ID = 1 AND C_D_ID = 6 AND C_LAST = 'EINGABLEPRES' ORDER BY C_FIRST
Error Message: Cannot invoke "java.util.List.get(int)" because the return value of "sg.edu.nus.autotune.DB2DATA.getAllIndexes()" is null


===== Query 2512 =====

SQL: SELECT S_QUANTITY, S_DATA, S_DIST_01, S_DIST_02, S_DIST_03, S_DIST_04, S_DIST_05, S_DIST_06, S_DIST_07, S_DIST_08, S_DIST_09, S_DIST_10 FROM STOCK WHERE S_I_ID = 46453 AND S_W_ID = 1

EXPLAIN Plan:

Index Scan using stock_pkey on stock  (cost=0.42..8.44 rows=1 width=291) (actual time=1.209..1.212 rows=1 loops=1)

  Index Cond: ((s_w_id = 1) AND (s_i_id = 46453))

Planning Time: 0.111 ms

Execution Time: 1.239 ms
Failed SQL 2512: SELECT S_QUANTITY, S_DATA, S_DIST_01, S_DIST_02, S_DIST_03, S_DIST_04, S_DIST_05, S_DIST_06, S_DIST_07, S_DIST_08, S_DIST_09, S_DIST_10 FROM STOCK WHERE S_I_ID = 46453 AND S_W_ID = 1
Error Message: Cannot invoke "java.util.List.get(int)" because the return value of "sg.edu.nus.autotune.DB2DATA.getAllIndexes()" is null


===== Query 2513 =====

SQL: UPDATE STOCK SET S_QUANTITY = 67, S_YTD = S_YTD + 10, S_ORDER_CNT = S_ORDER_CNT + 1, S_REMOTE_CNT = S_REMOTE_CNT + 0 WHERE S_I_ID = 46453 AND S_W_ID = 1

EXPLAIN Plan:

Update on stock  (cost=0.42..8.45 rows=0 width=0) (actual time=0.062..0.062 rows=0 loops=1)

  ->  Index Scan using stock_pkey on stock  (cost=0.42..8.45 rows=1 width=32) (actual time=0.023..0.025 rows=1 loops=1)

        Index Cond: ((s_w_id = 1) AND (s_i_id = 46453))

Planning Time: 0.104 ms

Execution Time: 0.090 ms
Failed SQL 2513: UPDATE STOCK SET S_QUANTITY = 67, S_YTD = S_YTD + 10, S_ORDER_CNT = S_ORDER_CNT + 1, S_REMOTE_CNT = S_REMOTE_CNT + 0 WHERE S_I_ID = 46453 AND S_W_ID = 1
Error Message: Cannot invoke "java.util.List.get(int)" because the return value of "sg.edu.nus.autotune.DB2DATA.getAllIndexes()" is null


===== Query 2514 =====

SQL: SELECT I_PRICE, I_NAME , I_DATA FROM ITEM WHERE I_ID = 39635

EXPLAIN Plan:

Index Scan using item_pkey on item  (cost=0.29..8.31 rows=1 width=61) (actual time=0.393..0.395 rows=1 loops=1)

  Index Cond: (i_id = 39635)

Planning Time: 0.070 ms

Execution Time: 0.413 ms
Failed SQL 2514: SELECT I_PRICE, I_NAME , I_DATA FROM ITEM WHERE I_ID = 39635
Error Message: Cannot invoke "java.util.List.get(int)" because the return value of "sg.edu.nus.autotune.DB2DATA.getAllIndexes()" is null


===== Query 2515 =====

SQL: SELECT S_QUANTITY, S_DATA, S_DIST_01, S_DIST_02, S_DIST_03, S_DIST_04, S_DIST_05, S_DIST_06, S_DIST_07, S_DIST_08, S_DIST_09, S_DIST_10 FROM STOCK WHERE S_I_ID = 39635 AND S_W_ID = 1

EXPLAIN Plan:

Index Scan using stock_pkey on stock  (cost=0.42..8.44 rows=1 width=291) (actual time=1.588..1.591 rows=1 loops=1)

  Index Cond: ((s_w_id = 1) AND (s_i_id = 39635))

Planning Time: 0.073 ms

Execution Time: 1.611 ms
Failed SQL 2515: SELECT S_QUANTITY, S_DATA, S_DIST_01, S_DIST_02, S_DIST_03, S_DIST_04, S_DIST_05, S_DIST_06, S_DIST_07, S_DIST_08, S_DIST_09, S_DIST_10 FROM STOCK WHERE S_I_ID = 39635 AND S_W_ID = 1
Error Message: Cannot invoke "java.util.List.get(int)" because the return value of "sg.edu.nus.autotune.DB2DATA.getAllIndexes()" is null


===== Query 2516 =====

SQL: UPDATE STOCK SET S_QUANTITY = 33, S_YTD = S_YTD + 9, S_ORDER_CNT = S_ORDER_CNT + 1, S_REMOTE_CNT = S_REMOTE_CNT + 0 WHERE S_I_ID = 39635 AND S_W_ID = 1

EXPLAIN Plan:

Update on stock  (cost=0.42..8.45 rows=0 width=0) (actual time=0.076..0.076 rows=0 loops=1)

  ->  Index Scan using stock_pkey on stock  (cost=0.42..8.45 rows=1 width=32) (actual time=0.033..0.035 rows=1 loops=1)

        Index Cond: ((s_w_id = 1) AND (s_i_id = 39635))

Planning Time: 0.118 ms

Execution Time: 0.106 ms
Failed SQL 2516: UPDATE STOCK SET S_QUANTITY = 33, S_YTD = S_YTD + 9, S_ORDER_CNT = S_ORDER_CNT + 1, S_REMOTE_CNT = S_REMOTE_CNT + 0 WHERE S_I_ID = 39635 AND S_W_ID = 1
Error Message: Cannot invoke "java.util.List.get(int)" because the return value of "sg.edu.nus.autotune.DB2DATA.getAllIndexes()" is null


===== Query 2517 =====

SQL: SELECT I_PRICE, I_NAME , I_DATA FROM ITEM WHERE I_ID = 97765

EXPLAIN Plan:

Index Scan using item_pkey on item  (cost=0.29..8.31 rows=1 width=61) (actual time=0.054..0.055 rows=1 loops=1)

  Index Cond: (i_id = 97765)

Planning Time: 0.087 ms

Execution Time: 0.076 ms
Failed SQL 2517: SELECT I_PRICE, I_NAME , I_DATA FROM ITEM WHERE I_ID = 97765
Error Message: Cannot invoke "java.util.List.get(int)" because the return value of "sg.edu.nus.autotune.DB2DATA.getAllIndexes()" is null


===== Query 2518 =====

SQL: SELECT S_QUANTITY, S_DATA, S_DIST_01, S_DIST_02, S_DIST_03, S_DIST_04, S_DIST_05, S_DIST_06, S_DIST_07, S_DIST_08, S_DIST_09, S_DIST_10 FROM STOCK WHERE S_I_ID = 97765 AND S_W_ID = 1

EXPLAIN Plan:

Index Scan using stock_pkey on stock  (cost=0.42..8.44 rows=1 width=291) (actual time=0.836..0.838 rows=1 loops=1)

  Index Cond: ((s_w_id = 1) AND (s_i_id = 97765))

Planning Time: 0.100 ms

Execution Time: 0.863 ms
Failed SQL 2518: SELECT S_QUANTITY, S_DATA, S_DIST_01, S_DIST_02, S_DIST_03, S_DIST_04, S_DIST_05, S_DIST_06, S_DIST_07, S_DIST_08, S_DIST_09, S_DIST_10 FROM STOCK WHERE S_I_ID = 97765 AND S_W_ID = 1
Error Message: Cannot invoke "java.util.List.get(int)" because the return value of "sg.edu.nus.autotune.DB2DATA.getAllIndexes()" is null


===== Query 2519 =====

SQL: UPDATE STOCK SET S_QUANTITY = 55, S_YTD = S_YTD + 2, S_ORDER_CNT = S_ORDER_CNT + 1, S_REMOTE_CNT = S_REMOTE_CNT + 0 WHERE S_I_ID = 97765 AND S_W_ID = 1

EXPLAIN Plan:

Update on stock  (cost=0.42..8.45 rows=0 width=0) (actual time=0.090..0.090 rows=0 loops=1)

  ->  Index Scan using stock_pkey on stock  (cost=0.42..8.45 rows=1 width=32) (actual time=0.025..0.027 rows=1 loops=1)

        Index Cond: ((s_w_id = 1) AND (s_i_id = 97765))

Planning Time: 0.105 ms

Execution Time: 0.119 ms
Failed SQL 2519: UPDATE STOCK SET S_QUANTITY = 55, S_YTD = S_YTD + 2, S_ORDER_CNT = S_ORDER_CNT + 1, S_REMOTE_CNT = S_REMOTE_CNT + 0 WHERE S_I_ID = 97765 AND S_W_ID = 1
Error Message: Cannot invoke "java.util.List.get(int)" because the return value of "sg.edu.nus.autotune.DB2DATA.getAllIndexes()" is null


===== Query 2520 =====

SQL: SELECT I_PRICE, I_NAME , I_DATA FROM ITEM WHERE I_ID = 40159

EXPLAIN Plan:

Index Scan using item_pkey on item  (cost=0.29..8.31 rows=1 width=61) (actual time=0.037..0.039 rows=1 loops=1)

  Index Cond: (i_id = 40159)

Planning Time: 0.071 ms

Execution Time: 0.056 ms
Failed SQL 2520: SELECT I_PRICE, I_NAME , I_DATA FROM ITEM WHERE I_ID = 40159
Error Message: Cannot invoke "java.util.List.get(int)" because the return value of "sg.edu.nus.autotune.DB2DATA.getAllIndexes()" is null


===== Query 2521 =====

SQL: SELECT S_QUANTITY, S_DATA, S_DIST_01, S_DIST_02, S_DIST_03, S_DIST_04, S_DIST_05, S_DIST_06, S_DIST_07, S_DIST_08, S_DIST_09, S_DIST_10 FROM STOCK WHERE S_I_ID = 40159 AND S_W_ID = 1

EXPLAIN Plan:

Index Scan using stock_pkey on stock  (cost=0.42..8.44 rows=1 width=291) (actual time=0.833..0.836 rows=1 loops=1)

  Index Cond: ((s_w_id = 1) AND (s_i_id = 40159))

Planning Time: 0.092 ms

Execution Time: 0.860 ms
Failed SQL 2521: SELECT S_QUANTITY, S_DATA, S_DIST_01, S_DIST_02, S_DIST_03, S_DIST_04, S_DIST_05, S_DIST_06, S_DIST_07, S_DIST_08, S_DIST_09, S_DIST_10 FROM STOCK WHERE S_I_ID = 40159 AND S_W_ID = 1
Error Message: Cannot invoke "java.util.List.get(int)" because the return value of "sg.edu.nus.autotune.DB2DATA.getAllIndexes()" is null


===== Query 2522 =====

SQL: UPDATE STOCK SET S_QUANTITY = 92, S_YTD = S_YTD + 3, S_ORDER_CNT = S_ORDER_CNT + 1, S_REMOTE_CNT = S_REMOTE_CNT + 0 WHERE S_I_ID = 40159 AND S_W_ID = 1

EXPLAIN Plan:

Update on stock  (cost=0.42..8.45 rows=0 width=0) (actual time=0.070..0.071 rows=0 loops=1)

  ->  Index Scan using stock_pkey on stock  (cost=0.42..8.45 rows=1 width=32) (actual time=0.024..0.025 rows=1 loops=1)

        Index Cond: ((s_w_id = 1) AND (s_i_id = 40159))

Planning Time: 0.105 ms

Execution Time: 0.098 ms
Failed SQL 2522: UPDATE STOCK SET S_QUANTITY = 92, S_YTD = S_YTD + 3, S_ORDER_CNT = S_ORDER_CNT + 1, S_REMOTE_CNT = S_REMOTE_CNT + 0 WHERE S_I_ID = 40159 AND S_W_ID = 1
Error Message: Cannot invoke "java.util.List.get(int)" because the return value of "sg.edu.nus.autotune.DB2DATA.getAllIndexes()" is null


===== Query 2523 =====

SQL: SELECT I_PRICE, I_NAME , I_DATA FROM ITEM WHERE I_ID = 32421

EXPLAIN Plan:

Index Scan using item_pkey on item  (cost=0.29..8.31 rows=1 width=61) (actual time=0.049..0.050 rows=1 loops=1)

  Index Cond: (i_id = 32421)

Planning Time: 0.075 ms

Execution Time: 0.068 ms
Failed SQL 2523: SELECT I_PRICE, I_NAME , I_DATA FROM ITEM WHERE I_ID = 32421
Error Message: Cannot invoke "java.util.List.get(int)" because the return value of "sg.edu.nus.autotune.DB2DATA.getAllIndexes()" is null


===== Query 2524 =====

SQL: SELECT S_QUANTITY, S_DATA, S_DIST_01, S_DIST_02, S_DIST_03, S_DIST_04, S_DIST_05, S_DIST_06, S_DIST_07, S_DIST_08, S_DIST_09, S_DIST_10 FROM STOCK WHERE S_I_ID = 32421 AND S_W_ID = 1

EXPLAIN Plan:

Index Scan using stock_pkey on stock  (cost=0.42..8.44 rows=1 width=291) (actual time=0.065..0.067 rows=1 loops=1)

  Index Cond: ((s_w_id = 1) AND (s_i_id = 32421))

Planning Time: 0.101 ms

Execution Time: 0.090 ms
Failed SQL 2524: SELECT S_QUANTITY, S_DATA, S_DIST_01, S_DIST_02, S_DIST_03, S_DIST_04, S_DIST_05, S_DIST_06, S_DIST_07, S_DIST_08, S_DIST_09, S_DIST_10 FROM STOCK WHERE S_I_ID = 32421 AND S_W_ID = 1
Error Message: Cannot invoke "java.util.List.get(int)" because the return value of "sg.edu.nus.autotune.DB2DATA.getAllIndexes()" is null


===== Query 2525 =====

SQL: UPDATE STOCK SET S_QUANTITY = 82, S_YTD = S_YTD + 3, S_ORDER_CNT = S_ORDER_CNT + 1, S_REMOTE_CNT = S_REMOTE_CNT + 0 WHERE S_I_ID = 32421 AND S_W_ID = 1

EXPLAIN Plan:

Update on stock  (cost=0.42..8.45 rows=0 width=0) (actual time=0.105..0.106 rows=0 loops=1)

  ->  Index Scan using stock_pkey on stock  (cost=0.42..8.45 rows=1 width=32) (actual time=0.023..0.025 rows=1 loops=1)

        Index Cond: ((s_w_id = 1) AND (s_i_id = 32421))

Planning Time: 0.099 ms

Execution Time: 0.133 ms
Failed SQL 2525: UPDATE STOCK SET S_QUANTITY = 82, S_YTD = S_YTD + 3, S_ORDER_CNT = S_ORDER_CNT + 1, S_REMOTE_CNT = S_REMOTE_CNT + 0 WHERE S_I_ID = 32421 AND S_W_ID = 1
Error Message: Cannot invoke "java.util.List.get(int)" because the return value of "sg.edu.nus.autotune.DB2DATA.getAllIndexes()" is null


===== Query 2526 =====

SQL: UPDATE WAREHOUSE SET W_YTD = W_YTD + 2546.32 WHERE W_ID = 1

EXPLAIN Plan:

Update on warehouse  (cost=4.14..8.16 rows=0 width=0) (actual time=0.096..0.097 rows=0 loops=1)

  ->  Bitmap Heap Scan on warehouse  (cost=4.14..8.16 rows=1 width=22) (actual time=0.023..0.025 rows=1 loops=1)

        Recheck Cond: (w_id = 1)

        Heap Blocks: exact=1

        ->  Bitmap Index Scan on warehouse_pkey  (cost=0.00..4.14 rows=1 width=0) (actual time=0.011..0.011 rows=1 loops=1)

              Index Cond: (w_id = 1)

Planning Time: 0.096 ms

Execution Time: 0.136 ms
Failed SQL 2526: UPDATE WAREHOUSE SET W_YTD = W_YTD + 2546.32 WHERE W_ID = 1
Error Message: Cannot invoke "java.util.List.get(int)" because the return value of "sg.edu.nus.autotune.DB2DATA.getAllIndexes()" is null


===== Query 2527 =====

SQL: SELECT W_STREET_1, W_STREET_2, W_CITY, W_STATE, W_ZIP, W_NAME FROM WAREHOUSE WHERE W_ID = 1

EXPLAIN Plan:

Bitmap Heap Scan on warehouse  (cost=4.14..8.15 rows=1 width=65) (actual time=0.023..0.024 rows=1 loops=1)

  Recheck Cond: (w_id = 1)

  Heap Blocks: exact=1

  ->  Bitmap Index Scan on warehouse_pkey  (cost=0.00..4.14 rows=1 width=0) (actual time=0.011..0.011 rows=1 loops=1)

        Index Cond: (w_id = 1)

Planning Time: 0.092 ms

Execution Time: 0.056 ms
Failed SQL 2527: SELECT W_STREET_1, W_STREET_2, W_CITY, W_STATE, W_ZIP, W_NAME FROM WAREHOUSE WHERE W_ID = 1
Error Message: Cannot invoke "java.util.List.get(int)" because the return value of "sg.edu.nus.autotune.DB2DATA.getAllIndexes()" is null


===== Query 2528 =====

SQL: UPDATE DISTRICT SET D_YTD = D_YTD + 2546.32 WHERE D_W_ID = 1 AND D_ID = 5

EXPLAIN Plan:

Update on district  (cost=0.27..8.29 rows=0 width=0) (actual time=0.060..0.061 rows=0 loops=1)

  ->  Index Scan using district_pkey on district  (cost=0.27..8.29 rows=1 width=22) (actual time=0.022..0.023 rows=1 loops=1)

        Index Cond: ((d_w_id = 1) AND (d_id = 5))

Planning Time: 0.102 ms

Execution Time: 0.089 ms
Failed SQL 2528: UPDATE DISTRICT SET D_YTD = D_YTD + 2546.32 WHERE D_W_ID = 1 AND D_ID = 5
Error Message: Cannot invoke "java.util.List.get(int)" because the return value of "sg.edu.nus.autotune.DB2DATA.getAllIndexes()" is null


===== Query 2529 =====

SQL: SELECT D_STREET_1, D_STREET_2, D_CITY, D_STATE, D_ZIP, D_NAME FROM DISTRICT WHERE D_W_ID = 1 AND D_ID = 5

EXPLAIN Plan:

Index Scan using district_pkey on district  (cost=0.27..8.29 rows=1 width=64) (actual time=0.024..0.026 rows=1 loops=1)

  Index Cond: ((d_w_id = 1) AND (d_id = 5))

Planning Time: 0.099 ms

Execution Time: 0.047 ms
Failed SQL 2529: SELECT D_STREET_1, D_STREET_2, D_CITY, D_STATE, D_ZIP, D_NAME FROM DISTRICT WHERE D_W_ID = 1 AND D_ID = 5
Error Message: Cannot invoke "java.util.List.get(int)" because the return value of "sg.edu.nus.autotune.DB2DATA.getAllIndexes()" is null


===== Query 2530 =====

SQL: SELECT C_FIRST, C_MIDDLE, C_LAST, C_STREET_1, C_STREET_2, C_CITY, C_STATE, C_ZIP, C_PHONE, C_CREDIT, C_CREDIT_LIM, C_DISCOUNT, C_BALANCE, C_YTD_PAYMENT, C_PAYMENT_CNT, C_SINCE FROM CUSTOMER WHERE C_W_ID = 1 AND C_D_ID = 5 AND C_ID = 2019

EXPLAIN Plan:

Index Scan using customer_pkey on customer  (cost=0.42..8.44 rows=1 width=140) (actual time=0.995..0.996 rows=1 loops=1)

  Index Cond: ((c_w_id = 1) AND (c_d_id = 5) AND (c_id = 2019))

Planning Time: 0.093 ms

Execution Time: 1.014 ms
Failed SQL 2530: SELECT C_FIRST, C_MIDDLE, C_LAST, C_STREET_1, C_STREET_2, C_CITY, C_STATE, C_ZIP, C_PHONE, C_CREDIT, C_CREDIT_LIM, C_DISCOUNT, C_BALANCE, C_YTD_PAYMENT, C_PAYMENT_CNT, C_SINCE FROM CUSTOMER WHERE C_W_ID = 1 AND C_D_ID = 5 AND C_ID = 2019
Error Message: Cannot invoke "java.util.List.get(int)" because the return value of "sg.edu.nus.autotune.DB2DATA.getAllIndexes()" is null


===== Query 2531 =====

SQL: UPDATE CUSTOMER SET C_BALANCE = -2556.32, C_YTD_PAYMENT = 2556.32, C_PAYMENT_CNT = 2 WHERE C_W_ID = 1 AND C_D_ID = 5 AND C_ID = 2019

EXPLAIN Plan:

Update on customer  (cost=0.42..8.44 rows=0 width=0) (actual time=0.101..0.102 rows=0 loops=1)

  ->  Index Scan using customer_pkey on customer  (cost=0.42..8.44 rows=1 width=34) (actual time=0.026..0.028 rows=1 loops=1)

        Index Cond: ((c_w_id = 1) AND (c_d_id = 5) AND (c_id = 2019))

Planning Time: 0.121 ms

Execution Time: 0.132 ms
Failed SQL 2531: UPDATE CUSTOMER SET C_BALANCE = -2556.32, C_YTD_PAYMENT = 2556.32, C_PAYMENT_CNT = 2 WHERE C_W_ID = 1 AND C_D_ID = 5 AND C_ID = 2019
Error Message: Cannot invoke "java.util.List.get(int)" because the return value of "sg.edu.nus.autotune.DB2DATA.getAllIndexes()" is null


===== Query 2532 =====

SQL: SELECT NO_O_ID FROM NEW_ORDER WHERE NO_D_ID = 1 AND NO_W_ID = 1 ORDER BY NO_O_ID ASC LIMIT 1

EXPLAIN Plan:

Limit  (cost=0.42..0.47 rows=1 width=4) (actual time=0.045..0.046 rows=1 loops=1)

  ->  Index Only Scan using new_order_pkey on new_order  (cost=0.42..79.90 rows=1574 width=4) (actual time=0.044..0.044 rows=1 loops=1)

        Index Cond: ((no_w_id = 1) AND (no_d_id = 1))

        Heap Fetches: 0

Planning Time: 0.113 ms

Execution Time: 0.066 ms
Failed SQL 2532: SELECT NO_O_ID FROM NEW_ORDER WHERE NO_D_ID = 1 AND NO_W_ID = 1 ORDER BY NO_O_ID ASC LIMIT 1
Error Message: Cannot invoke "java.util.List.get(int)" because the return value of "sg.edu.nus.autotune.DB2DATA.getAllIndexes()" is null


===== Query 2533 =====

SQL: SELECT O_C_ID FROM OORDER WHERE O_ID = 2550 AND O_D_ID = 1 AND O_W_ID = 1

EXPLAIN Plan:

Index Scan using oorder_pkey on oorder  (cost=0.42..8.44 rows=1 width=4) (actual time=0.046..0.048 rows=1 loops=1)

  Index Cond: ((o_w_id = 1) AND (o_d_id = 1) AND (o_id = 2550))

Planning Time: 0.063 ms

Execution Time: 0.061 ms
Failed SQL 2533: SELECT O_C_ID FROM OORDER WHERE O_ID = 2550 AND O_D_ID = 1 AND O_W_ID = 1
Error Message: Cannot invoke "java.util.List.get(int)" because the return value of "sg.edu.nus.autotune.DB2DATA.getAllIndexes()" is null


===== Query 2534 =====

SQL: UPDATE OORDER SET O_CARRIER_ID = 5 WHERE O_ID = 2550 AND O_D_ID = 1 AND O_W_ID = 1

EXPLAIN Plan:

Update on oorder  (cost=0.42..8.44 rows=0 width=0) (actual time=0.067..0.068 rows=0 loops=1)

  ->  Index Scan using oorder_pkey on oorder  (cost=0.42..8.44 rows=1 width=10) (actual time=0.024..0.026 rows=1 loops=1)

        Index Cond: ((o_w_id = 1) AND (o_d_id = 1) AND (o_id = 2550))

Planning Time: 0.138 ms

Execution Time: 0.096 ms
Failed SQL 2534: UPDATE OORDER SET O_CARRIER_ID = 5 WHERE O_ID = 2550 AND O_D_ID = 1 AND O_W_ID = 1
Error Message: Cannot invoke "java.util.List.get(int)" because the return value of "sg.edu.nus.autotune.DB2DATA.getAllIndexes()" is null


===== Query 2535 =====

SQL: UPDATE ORDER_LINE SET OL_DELIVERY_D = '2014-10-12 20:52:35.745' WHERE OL_O_ID = 2550 AND OL_D_ID = 1 AND OL_W_ID = 1

EXPLAIN Plan:

Update on order_line  (cost=0.43..43.81 rows=0 width=0) (actual time=0.204..0.204 rows=0 loops=1)

  ->  Index Scan using order_line_pkey on order_line  (cost=0.43..43.81 rows=10 width=14) (actual time=0.083..0.090 rows=14 loops=1)

        Index Cond: ((ol_w_id = 1) AND (ol_d_id = 1) AND (ol_o_id = 2550))

Planning Time: 0.114 ms

Execution Time: 0.234 ms
Failed SQL 2535: UPDATE ORDER_LINE SET OL_DELIVERY_D = '2014-10-12 20:52:35.745' WHERE OL_O_ID = 2550 AND OL_D_ID = 1 AND OL_W_ID = 1
Error Message: Cannot invoke "java.util.List.get(int)" because the return value of "sg.edu.nus.autotune.DB2DATA.getAllIndexes()" is null


===== Query 2536 =====

SQL: SELECT SUM(OL_AMOUNT) AS OL_TOTAL FROM ORDER_LINE WHERE OL_O_ID = 2550 AND OL_D_ID = 1 AND OL_W_ID = 1

EXPLAIN Plan:

Aggregate  (cost=43.83..43.84 rows=1 width=32) (actual time=0.068..0.068 rows=1 loops=1)

  ->  Index Scan using order_line_pkey on order_line  (cost=0.43..43.81 rows=10 width=6) (actual time=0.047..0.052 rows=14 loops=1)

        Index Cond: ((ol_w_id = 1) AND (ol_d_id = 1) AND (ol_o_id = 2550))

Planning Time: 0.164 ms

Execution Time: 0.103 ms
Failed SQL 2536: SELECT SUM(OL_AMOUNT) AS OL_TOTAL FROM ORDER_LINE WHERE OL_O_ID = 2550 AND OL_D_ID = 1 AND OL_W_ID = 1
Error Message: Cannot invoke "java.util.List.get(int)" because the return value of "sg.edu.nus.autotune.DB2DATA.getAllIndexes()" is null


===== Query 2537 =====

SQL: UPDATE CUSTOMER SET C_BALANCE = C_BALANCE + 67286.2, C_DELIVERY_CNT = C_DELIVERY_CNT + 1 WHERE C_W_ID = 1 AND C_D_ID = 1 AND C_ID = 2449

EXPLAIN Plan:

Update on customer  (cost=0.42..8.45 rows=0 width=0) (actual time=0.098..0.099 rows=0 loops=1)

  ->  Index Scan using customer_pkey on customer  (cost=0.42..8.45 rows=1 width=26) (actual time=0.049..0.050 rows=1 loops=1)

        Index Cond: ((c_w_id = 1) AND (c_d_id = 1) AND (c_id = 2449))

Planning Time: 0.118 ms

Execution Time: 0.131 ms
Failed SQL 2537: UPDATE CUSTOMER SET C_BALANCE = C_BALANCE + 67286.2, C_DELIVERY_CNT = C_DELIVERY_CNT + 1 WHERE C_W_ID = 1 AND C_D_ID = 1 AND C_ID = 2449
Error Message: Cannot invoke "java.util.List.get(int)" because the return value of "sg.edu.nus.autotune.DB2DATA.getAllIndexes()" is null


===== Query 2538 =====

SQL: SELECT NO_O_ID FROM NEW_ORDER WHERE NO_D_ID = 2 AND NO_W_ID = 1 ORDER BY NO_O_ID ASC LIMIT 1

EXPLAIN Plan:

Limit  (cost=0.42..0.47 rows=1 width=4) (actual time=0.047..0.048 rows=1 loops=1)

  ->  Index Only Scan using new_order_pkey on new_order  (cost=0.42..78.88 rows=1523 width=4) (actual time=0.046..0.047 rows=1 loops=1)

        Index Cond: ((no_w_id = 1) AND (no_d_id = 2))

        Heap Fetches: 0

Planning Time: 0.102 ms

Execution Time: 0.068 ms
Failed SQL 2538: SELECT NO_O_ID FROM NEW_ORDER WHERE NO_D_ID = 2 AND NO_W_ID = 1 ORDER BY NO_O_ID ASC LIMIT 1
Error Message: Cannot invoke "java.util.List.get(int)" because the return value of "sg.edu.nus.autotune.DB2DATA.getAllIndexes()" is null


===== Query 2539 =====

SQL: SELECT O_C_ID FROM OORDER WHERE O_ID = 2550 AND O_D_ID = 2 AND O_W_ID = 1

EXPLAIN Plan:

Index Scan using oorder_pkey on oorder  (cost=0.42..8.44 rows=1 width=4) (actual time=0.087..0.088 rows=1 loops=1)

  Index Cond: ((o_w_id = 1) AND (o_d_id = 2) AND (o_id = 2550))

Planning Time: 0.108 ms

Execution Time: 0.107 ms
Failed SQL 2539: SELECT O_C_ID FROM OORDER WHERE O_ID = 2550 AND O_D_ID = 2 AND O_W_ID = 1
Error Message: Cannot invoke "java.util.List.get(int)" because the return value of "sg.edu.nus.autotune.DB2DATA.getAllIndexes()" is null


===== Query 2540 =====

SQL: UPDATE OORDER SET O_CARRIER_ID = 5 WHERE O_ID = 2550 AND O_D_ID = 2 AND O_W_ID = 1

EXPLAIN Plan:

Update on oorder  (cost=0.42..8.44 rows=0 width=0) (actual time=0.083..0.084 rows=0 loops=1)

  ->  Index Scan using oorder_pkey on oorder  (cost=0.42..8.44 rows=1 width=10) (actual time=0.023..0.024 rows=1 loops=1)

        Index Cond: ((o_w_id = 1) AND (o_d_id = 2) AND (o_id = 2550))

Planning Time: 0.104 ms

Execution Time: 0.109 ms
Failed SQL 2540: UPDATE OORDER SET O_CARRIER_ID = 5 WHERE O_ID = 2550 AND O_D_ID = 2 AND O_W_ID = 1
Error Message: Cannot invoke "java.util.List.get(int)" because the return value of "sg.edu.nus.autotune.DB2DATA.getAllIndexes()" is null


===== Query 2541 =====

SQL: UPDATE ORDER_LINE SET OL_DELIVERY_D = '2014-10-12 20:52:35.8' WHERE OL_O_ID = 2550 AND OL_D_ID = 2 AND OL_W_ID = 1

EXPLAIN Plan:

Update on order_line  (cost=0.43..43.81 rows=0 width=0) (actual time=0.124..0.124 rows=0 loops=1)

  ->  Index Scan using order_line_pkey on order_line  (cost=0.43..43.81 rows=10 width=14) (actual time=0.046..0.050 rows=5 loops=1)

        Index Cond: ((ol_w_id = 1) AND (ol_d_id = 2) AND (ol_o_id = 2550))

Planning Time: 0.101 ms

Execution Time: 0.165 ms
Failed SQL 2541: UPDATE ORDER_LINE SET OL_DELIVERY_D = '2014-10-12 20:52:35.8' WHERE OL_O_ID = 2550 AND OL_D_ID = 2 AND OL_W_ID = 1
Error Message: Cannot invoke "java.util.List.get(int)" because the return value of "sg.edu.nus.autotune.DB2DATA.getAllIndexes()" is null


===== Query 2542 =====

SQL: SELECT SUM(OL_AMOUNT) AS OL_TOTAL FROM ORDER_LINE WHERE OL_O_ID = 2550 AND OL_D_ID = 2 AND OL_W_ID = 1

EXPLAIN Plan:

Aggregate  (cost=43.83..43.84 rows=1 width=32) (actual time=0.059..0.060 rows=1 loops=1)

  ->  Index Scan using order_line_pkey on order_line  (cost=0.43..43.81 rows=10 width=6) (actual time=0.044..0.047 rows=5 loops=1)

        Index Cond: ((ol_w_id = 1) AND (ol_d_id = 2) AND (ol_o_id = 2550))

Planning Time: 0.123 ms

Execution Time: 0.093 ms
Failed SQL 2542: SELECT SUM(OL_AMOUNT) AS OL_TOTAL FROM ORDER_LINE WHERE OL_O_ID = 2550 AND OL_D_ID = 2 AND OL_W_ID = 1
Error Message: Cannot invoke "java.util.List.get(int)" because the return value of "sg.edu.nus.autotune.DB2DATA.getAllIndexes()" is null


===== Query 2543 =====

SQL: UPDATE CUSTOMER SET C_BALANCE = C_BALANCE + 27158.4, C_DELIVERY_CNT = C_DELIVERY_CNT + 1 WHERE C_W_ID = 1 AND C_D_ID = 2 AND C_ID = 1105

EXPLAIN Plan:

Update on customer  (cost=0.42..8.45 rows=0 width=0) (actual time=0.124..0.124 rows=0 loops=1)

  ->  Index Scan using customer_pkey on customer  (cost=0.42..8.45 rows=1 width=26) (actual time=0.064..0.066 rows=1 loops=1)

        Index Cond: ((c_w_id = 1) AND (c_d_id = 2) AND (c_id = 1105))

Planning Time: 0.101 ms

Execution Time: 0.153 ms
Failed SQL 2543: UPDATE CUSTOMER SET C_BALANCE = C_BALANCE + 27158.4, C_DELIVERY_CNT = C_DELIVERY_CNT + 1 WHERE C_W_ID = 1 AND C_D_ID = 2 AND C_ID = 1105
Error Message: Cannot invoke "java.util.List.get(int)" because the return value of "sg.edu.nus.autotune.DB2DATA.getAllIndexes()" is null


===== Query 2544 =====

SQL: SELECT NO_O_ID FROM NEW_ORDER WHERE NO_D_ID = 3 AND NO_W_ID = 1 ORDER BY NO_O_ID ASC LIMIT 1

EXPLAIN Plan:

Limit  (cost=0.42..0.47 rows=1 width=4) (actual time=0.046..0.047 rows=1 loops=1)

  ->  Index Only Scan using new_order_pkey on new_order  (cost=0.42..86.04 rows=1681 width=4) (actual time=0.045..0.045 rows=1 loops=1)

        Index Cond: ((no_w_id = 1) AND (no_d_id = 3))

        Heap Fetches: 0

Planning Time: 0.103 ms

Execution Time: 0.065 ms
Failed SQL 2544: SELECT NO_O_ID FROM NEW_ORDER WHERE NO_D_ID = 3 AND NO_W_ID = 1 ORDER BY NO_O_ID ASC LIMIT 1
Error Message: Cannot invoke "java.util.List.get(int)" because the return value of "sg.edu.nus.autotune.DB2DATA.getAllIndexes()" is null


===== Query 2545 =====

SQL: SELECT O_C_ID FROM OORDER WHERE O_ID = 2550 AND O_D_ID = 3 AND O_W_ID = 1

EXPLAIN Plan:

Index Scan using oorder_pkey on oorder  (cost=0.42..8.44 rows=1 width=4) (actual time=0.094..0.096 rows=1 loops=1)

  Index Cond: ((o_w_id = 1) AND (o_d_id = 3) AND (o_id = 2550))

Planning Time: 0.116 ms

Execution Time: 0.116 ms
Failed SQL 2545: SELECT O_C_ID FROM OORDER WHERE O_ID = 2550 AND O_D_ID = 3 AND O_W_ID = 1
Error Message: Cannot invoke "java.util.List.get(int)" because the return value of "sg.edu.nus.autotune.DB2DATA.getAllIndexes()" is null


===== Query 2546 =====

SQL: UPDATE OORDER SET O_CARRIER_ID = 5 WHERE O_ID = 2550 AND O_D_ID = 3 AND O_W_ID = 1

EXPLAIN Plan:

Update on oorder  (cost=0.42..8.44 rows=0 width=0) (actual time=0.099..0.100 rows=0 loops=1)

  ->  Index Scan using oorder_pkey on oorder  (cost=0.42..8.44 rows=1 width=10) (actual time=0.027..0.028 rows=1 loops=1)

        Index Cond: ((o_w_id = 1) AND (o_d_id = 3) AND (o_id = 2550))

Planning Time: 0.122 ms

Execution Time: 0.130 ms
Failed SQL 2546: UPDATE OORDER SET O_CARRIER_ID = 5 WHERE O_ID = 2550 AND O_D_ID = 3 AND O_W_ID = 1
Error Message: Cannot invoke "java.util.List.get(int)" because the return value of "sg.edu.nus.autotune.DB2DATA.getAllIndexes()" is null


===== Query 2547 =====

SQL: UPDATE ORDER_LINE SET OL_DELIVERY_D = '2014-10-12 20:52:35.839' WHERE OL_O_ID = 2550 AND OL_D_ID = 3 AND OL_W_ID = 1

EXPLAIN Plan:

Update on order_line  (cost=0.43..43.81 rows=0 width=0) (actual time=0.207..0.208 rows=0 loops=1)

  ->  Index Scan using order_line_pkey on order_line  (cost=0.43..43.81 rows=10 width=14) (actual time=0.054..0.059 rows=8 loops=1)

        Index Cond: ((ol_w_id = 1) AND (ol_d_id = 3) AND (ol_o_id = 2550))

Planning Time: 0.109 ms

Execution Time: 0.236 ms
Failed SQL 2547: UPDATE ORDER_LINE SET OL_DELIVERY_D = '2014-10-12 20:52:35.839' WHERE OL_O_ID = 2550 AND OL_D_ID = 3 AND OL_W_ID = 1
Error Message: Cannot invoke "java.util.List.get(int)" because the return value of "sg.edu.nus.autotune.DB2DATA.getAllIndexes()" is null


===== Query 2548 =====

SQL: SELECT SUM(OL_AMOUNT) AS OL_TOTAL FROM ORDER_LINE WHERE OL_O_ID = 2550 AND OL_D_ID = 3 AND OL_W_ID = 1

EXPLAIN Plan:

Aggregate  (cost=43.83..43.84 rows=1 width=32) (actual time=0.058..0.059 rows=1 loops=1)

  ->  Index Scan using order_line_pkey on order_line  (cost=0.43..43.81 rows=10 width=6) (actual time=0.040..0.046 rows=8 loops=1)

        Index Cond: ((ol_w_id = 1) AND (ol_d_id = 3) AND (ol_o_id = 2550))

Planning Time: 0.105 ms

Execution Time: 0.087 ms
Failed SQL 2548: SELECT SUM(OL_AMOUNT) AS OL_TOTAL FROM ORDER_LINE WHERE OL_O_ID = 2550 AND OL_D_ID = 3 AND OL_W_ID = 1
Error Message: Cannot invoke "java.util.List.get(int)" because the return value of "sg.edu.nus.autotune.DB2DATA.getAllIndexes()" is null


===== Query 2549 =====

SQL: UPDATE CUSTOMER SET C_BALANCE = C_BALANCE + 13911.38, C_DELIVERY_CNT = C_DELIVERY_CNT + 1 WHERE C_W_ID = 1 AND C_D_ID = 3 AND C_ID = 727

EXPLAIN Plan:

Update on customer  (cost=0.42..8.45 rows=0 width=0) (actual time=0.103..0.104 rows=0 loops=1)

  ->  Index Scan using customer_pkey on customer  (cost=0.42..8.45 rows=1 width=26) (actual time=0.056..0.057 rows=1 loops=1)

        Index Cond: ((c_w_id = 1) AND (c_d_id = 3) AND (c_id = 727))

Planning Time: 0.098 ms

Execution Time: 0.133 ms
Failed SQL 2549: UPDATE CUSTOMER SET C_BALANCE = C_BALANCE + 13911.38, C_DELIVERY_CNT = C_DELIVERY_CNT + 1 WHERE C_W_ID = 1 AND C_D_ID = 3 AND C_ID = 727
Error Message: Cannot invoke "java.util.List.get(int)" because the return value of "sg.edu.nus.autotune.DB2DATA.getAllIndexes()" is null


===== Query 2550 =====

SQL: SELECT NO_O_ID FROM NEW_ORDER WHERE NO_D_ID = 4 AND NO_W_ID = 1 ORDER BY NO_O_ID ASC LIMIT 1

EXPLAIN Plan:

Limit  (cost=0.42..0.47 rows=1 width=4) (actual time=0.054..0.055 rows=1 loops=1)

  ->  Index Only Scan using new_order_pkey on new_order  (cost=0.42..85.24 rows=1641 width=4) (actual time=0.053..0.053 rows=1 loops=1)

        Index Cond: ((no_w_id = 1) AND (no_d_id = 4))

        Heap Fetches: 0

Planning Time: 0.106 ms

Execution Time: 0.074 ms
Failed SQL 2550: SELECT NO_O_ID FROM NEW_ORDER WHERE NO_D_ID = 4 AND NO_W_ID = 1 ORDER BY NO_O_ID ASC LIMIT 1
Error Message: Cannot invoke "java.util.List.get(int)" because the return value of "sg.edu.nus.autotune.DB2DATA.getAllIndexes()" is null


===== Query 2551 =====

SQL: SELECT O_C_ID FROM OORDER WHERE O_ID = 2550 AND O_D_ID = 4 AND O_W_ID = 1

EXPLAIN Plan:

Index Scan using oorder_pkey on oorder  (cost=0.42..8.44 rows=1 width=4) (actual time=0.088..0.090 rows=1 loops=1)

  Index Cond: ((o_w_id = 1) AND (o_d_id = 4) AND (o_id = 2550))

Planning Time: 0.107 ms

Execution Time: 0.108 ms
Failed SQL 2551: SELECT O_C_ID FROM OORDER WHERE O_ID = 2550 AND O_D_ID = 4 AND O_W_ID = 1
Error Message: Cannot invoke "java.util.List.get(int)" because the return value of "sg.edu.nus.autotune.DB2DATA.getAllIndexes()" is null


===== Query 2552 =====

SQL: UPDATE OORDER SET O_CARRIER_ID = 5 WHERE O_ID = 2550 AND O_D_ID = 4 AND O_W_ID = 1

EXPLAIN Plan:

Update on oorder  (cost=0.42..8.44 rows=0 width=0) (actual time=0.057..0.058 rows=0 loops=1)

  ->  Index Scan using oorder_pkey on oorder  (cost=0.42..8.44 rows=1 width=10) (actual time=0.021..0.023 rows=1 loops=1)

        Index Cond: ((o_w_id = 1) AND (o_d_id = 4) AND (o_id = 2550))

Planning Time: 0.101 ms

Execution Time: 0.083 ms
Failed SQL 2552: UPDATE OORDER SET O_CARRIER_ID = 5 WHERE O_ID = 2550 AND O_D_ID = 4 AND O_W_ID = 1
Error Message: Cannot invoke "java.util.List.get(int)" because the return value of "sg.edu.nus.autotune.DB2DATA.getAllIndexes()" is null


===== Query 2553 =====

SQL: UPDATE ORDER_LINE SET OL_DELIVERY_D = '2014-10-12 20:52:35.853' WHERE OL_O_ID = 2550 AND OL_D_ID = 4 AND OL_W_ID = 1

EXPLAIN Plan:

Update on order_line  (cost=0.43..43.81 rows=0 width=0) (actual time=1.244..1.245 rows=0 loops=1)

  ->  Index Scan using order_line_pkey on order_line  (cost=0.43..43.81 rows=10 width=14) (actual time=0.039..1.029 rows=15 loops=1)

        Index Cond: ((ol_w_id = 1) AND (ol_d_id = 4) AND (ol_o_id = 2550))

Planning Time: 0.088 ms

Execution Time: 1.272 ms
Failed SQL 2553: UPDATE ORDER_LINE SET OL_DELIVERY_D = '2014-10-12 20:52:35.853' WHERE OL_O_ID = 2550 AND OL_D_ID = 4 AND OL_W_ID = 1
Error Message: Cannot invoke "java.util.List.get(int)" because the return value of "sg.edu.nus.autotune.DB2DATA.getAllIndexes()" is null


===== Query 2554 =====

SQL: SELECT SUM(OL_AMOUNT) AS OL_TOTAL FROM ORDER_LINE WHERE OL_O_ID = 2550 AND OL_D_ID = 4 AND OL_W_ID = 1

EXPLAIN Plan:

Aggregate  (cost=43.83..43.84 rows=1 width=32) (actual time=0.051..0.051 rows=1 loops=1)

  ->  Index Scan using order_line_pkey on order_line  (cost=0.43..43.81 rows=10 width=6) (actual time=0.029..0.042 rows=15 loops=1)

        Index Cond: ((ol_w_id = 1) AND (ol_d_id = 4) AND (ol_o_id = 2550))

Planning Time: 0.074 ms

Execution Time: 0.072 ms
Failed SQL 2554: SELECT SUM(OL_AMOUNT) AS OL_TOTAL FROM ORDER_LINE WHERE OL_O_ID = 2550 AND OL_D_ID = 4 AND OL_W_ID = 1
Error Message: Cannot invoke "java.util.List.get(int)" because the return value of "sg.edu.nus.autotune.DB2DATA.getAllIndexes()" is null


===== Query 2555 =====

SQL: UPDATE CUSTOMER SET C_BALANCE = C_BALANCE + 25975.35, C_DELIVERY_CNT = C_DELIVERY_CNT + 1 WHERE C_W_ID = 1 AND C_D_ID = 4 AND C_ID = 2976

EXPLAIN Plan:

Update on customer  (cost=0.42..8.45 rows=0 width=0) (actual time=0.091..0.092 rows=0 loops=1)

  ->  Index Scan using customer_pkey on customer  (cost=0.42..8.45 rows=1 width=26) (actual time=0.027..0.028 rows=1 loops=1)

        Index Cond: ((c_w_id = 1) AND (c_d_id = 4) AND (c_id = 2976))

Planning Time: 0.104 ms

Execution Time: 0.123 ms
Failed SQL 2555: UPDATE CUSTOMER SET C_BALANCE = C_BALANCE + 25975.35, C_DELIVERY_CNT = C_DELIVERY_CNT + 1 WHERE C_W_ID = 1 AND C_D_ID = 4 AND C_ID = 2976
Error Message: Cannot invoke "java.util.List.get(int)" because the return value of "sg.edu.nus.autotune.DB2DATA.getAllIndexes()" is null


===== Query 2556 =====

SQL: SELECT NO_O_ID FROM NEW_ORDER WHERE NO_D_ID = 5 AND NO_W_ID = 1 ORDER BY NO_O_ID ASC LIMIT 1

EXPLAIN Plan:

Limit  (cost=0.42..0.47 rows=1 width=4) (actual time=0.059..0.060 rows=1 loops=1)

  ->  Index Only Scan using new_order_pkey on new_order  (cost=0.42..84.90 rows=1624 width=4) (actual time=0.058..0.058 rows=1 loops=1)

        Index Cond: ((no_w_id = 1) AND (no_d_id = 5))

        Heap Fetches: 0

Planning Time: 0.117 ms

Execution Time: 0.082 ms
Failed SQL 2556: SELECT NO_O_ID FROM NEW_ORDER WHERE NO_D_ID = 5 AND NO_W_ID = 1 ORDER BY NO_O_ID ASC LIMIT 1
Error Message: Cannot invoke "java.util.List.get(int)" because the return value of "sg.edu.nus.autotune.DB2DATA.getAllIndexes()" is null


===== Query 2557 =====

SQL: SELECT O_C_ID FROM OORDER WHERE O_ID = 2550 AND O_D_ID = 5 AND O_W_ID = 1

EXPLAIN Plan:

Index Scan using oorder_pkey on oorder  (cost=0.42..8.44 rows=1 width=4) (actual time=0.065..0.066 rows=1 loops=1)

  Index Cond: ((o_w_id = 1) AND (o_d_id = 5) AND (o_id = 2550))

Planning Time: 0.085 ms

Execution Time: 0.082 ms
Failed SQL 2557: SELECT O_C_ID FROM OORDER WHERE O_ID = 2550 AND O_D_ID = 5 AND O_W_ID = 1
Error Message: Cannot invoke "java.util.List.get(int)" because the return value of "sg.edu.nus.autotune.DB2DATA.getAllIndexes()" is null


===== Query 2558 =====

SQL: UPDATE OORDER SET O_CARRIER_ID = 5 WHERE O_ID = 2550 AND O_D_ID = 5 AND O_W_ID = 1

EXPLAIN Plan:

Update on oorder  (cost=0.42..8.44 rows=0 width=0) (actual time=0.091..0.091 rows=0 loops=1)

  ->  Index Scan using oorder_pkey on oorder  (cost=0.42..8.44 rows=1 width=10) (actual time=0.023..0.025 rows=1 loops=1)

        Index Cond: ((o_w_id = 1) AND (o_d_id = 5) AND (o_id = 2550))

Planning Time: 0.102 ms

Execution Time: 0.118 ms
Failed SQL 2558: UPDATE OORDER SET O_CARRIER_ID = 5 WHERE O_ID = 2550 AND O_D_ID = 5 AND O_W_ID = 1
Error Message: Cannot invoke "java.util.List.get(int)" because the return value of "sg.edu.nus.autotune.DB2DATA.getAllIndexes()" is null


===== Query 2559 =====

SQL: UPDATE ORDER_LINE SET OL_DELIVERY_D = '2014-10-12 20:52:35.866' WHERE OL_O_ID = 2550 AND OL_D_ID = 5 AND OL_W_ID = 1

EXPLAIN Plan:

Update on order_line  (cost=0.43..43.81 rows=0 width=0) (actual time=1.077..1.078 rows=0 loops=1)

  ->  Index Scan using order_line_pkey on order_line  (cost=0.43..43.81 rows=10 width=14) (actual time=0.053..0.061 rows=14 loops=1)

        Index Cond: ((ol_w_id = 1) AND (ol_d_id = 5) AND (ol_o_id = 2550))

Planning Time: 0.106 ms

Execution Time: 1.110 ms
Failed SQL 2559: UPDATE ORDER_LINE SET OL_DELIVERY_D = '2014-10-12 20:52:35.866' WHERE OL_O_ID = 2550 AND OL_D_ID = 5 AND OL_W_ID = 1
Error Message: Cannot invoke "java.util.List.get(int)" because the return value of "sg.edu.nus.autotune.DB2DATA.getAllIndexes()" is null


===== Query 2560 =====

SQL: SELECT SUM(OL_AMOUNT) AS OL_TOTAL FROM ORDER_LINE WHERE OL_O_ID = 2550 AND OL_D_ID = 5 AND OL_W_ID = 1

EXPLAIN Plan:

Aggregate  (cost=43.83..43.84 rows=1 width=32) (actual time=0.099..0.100 rows=1 loops=1)

  ->  Index Scan using order_line_pkey on order_line  (cost=0.43..43.81 rows=10 width=6) (actual time=0.067..0.083 rows=14 loops=1)

        Index Cond: ((ol_w_id = 1) AND (ol_d_id = 5) AND (ol_o_id = 2550))

Planning Time: 0.133 ms

Execution Time: 0.142 ms
Failed SQL 2560: SELECT SUM(OL_AMOUNT) AS OL_TOTAL FROM ORDER_LINE WHERE OL_O_ID = 2550 AND OL_D_ID = 5 AND OL_W_ID = 1
Error Message: Cannot invoke "java.util.List.get(int)" because the return value of "sg.edu.nus.autotune.DB2DATA.getAllIndexes()" is null


===== Query 2561 =====

SQL: UPDATE CUSTOMER SET C_BALANCE = C_BALANCE + 26059.38, C_DELIVERY_CNT = C_DELIVERY_CNT + 1 WHERE C_W_ID = 1 AND C_D_ID = 5 AND C_ID = 1142

EXPLAIN Plan:

Update on customer  (cost=0.42..8.45 rows=0 width=0) (actual time=0.987..0.988 rows=0 loops=1)

  ->  Index Scan using customer_pkey on customer  (cost=0.42..8.45 rows=1 width=26) (actual time=0.900..0.902 rows=1 loops=1)

        Index Cond: ((c_w_id = 1) AND (c_d_id = 5) AND (c_id = 1142))

Planning Time: 0.112 ms

Execution Time: 1.019 ms
Failed SQL 2561: UPDATE CUSTOMER SET C_BALANCE = C_BALANCE + 26059.38, C_DELIVERY_CNT = C_DELIVERY_CNT + 1 WHERE C_W_ID = 1 AND C_D_ID = 5 AND C_ID = 1142
Error Message: Cannot invoke "java.util.List.get(int)" because the return value of "sg.edu.nus.autotune.DB2DATA.getAllIndexes()" is null


===== Query 2562 =====

SQL: SELECT NO_O_ID FROM NEW_ORDER WHERE NO_D_ID = 6 AND NO_W_ID = 1 ORDER BY NO_O_ID ASC LIMIT 1

EXPLAIN Plan:

Limit  (cost=0.42..0.47 rows=1 width=4) (actual time=0.051..0.052 rows=1 loops=1)

  ->  Index Only Scan using new_order_pkey on new_order  (cost=0.42..80.22 rows=1590 width=4) (actual time=0.050..0.050 rows=1 loops=1)

        Index Cond: ((no_w_id = 1) AND (no_d_id = 6))

        Heap Fetches: 0

Planning Time: 0.100 ms

Execution Time: 0.078 ms
Failed SQL 2562: SELECT NO_O_ID FROM NEW_ORDER WHERE NO_D_ID = 6 AND NO_W_ID = 1 ORDER BY NO_O_ID ASC LIMIT 1
Error Message: Cannot invoke "java.util.List.get(int)" because the return value of "sg.edu.nus.autotune.DB2DATA.getAllIndexes()" is null


===== Query 2563 =====

SQL: SELECT O_C_ID FROM OORDER WHERE O_ID = 2550 AND O_D_ID = 6 AND O_W_ID = 1

EXPLAIN Plan:

Index Scan using oorder_pkey on oorder  (cost=0.42..8.44 rows=1 width=4) (actual time=0.045..0.046 rows=1 loops=1)

  Index Cond: ((o_w_id = 1) AND (o_d_id = 6) AND (o_id = 2550))

Planning Time: 0.059 ms

Execution Time: 0.057 ms
Failed SQL 2563: SELECT O_C_ID FROM OORDER WHERE O_ID = 2550 AND O_D_ID = 6 AND O_W_ID = 1
Error Message: Cannot invoke "java.util.List.get(int)" because the return value of "sg.edu.nus.autotune.DB2DATA.getAllIndexes()" is null


===== Query 2564 =====

SQL: UPDATE OORDER SET O_CARRIER_ID = 5 WHERE O_ID = 2550 AND O_D_ID = 6 AND O_W_ID = 1

EXPLAIN Plan:

Update on oorder  (cost=0.42..8.44 rows=0 width=0) (actual time=0.081..0.081 rows=0 loops=1)

  ->  Index Scan using oorder_pkey on oorder  (cost=0.42..8.44 rows=1 width=10) (actual time=0.025..0.026 rows=1 loops=1)

        Index Cond: ((o_w_id = 1) AND (o_d_id = 6) AND (o_id = 2550))

Planning Time: 0.106 ms

Execution Time: 0.126 ms
Failed SQL 2564: UPDATE OORDER SET O_CARRIER_ID = 5 WHERE O_ID = 2550 AND O_D_ID = 6 AND O_W_ID = 1
Error Message: Cannot invoke "java.util.List.get(int)" because the return value of "sg.edu.nus.autotune.DB2DATA.getAllIndexes()" is null


===== Query 2565 =====

SQL: UPDATE ORDER_LINE SET OL_DELIVERY_D = '2014-10-12 20:52:35.866' WHERE OL_O_ID = 2550 AND OL_D_ID = 6 AND OL_W_ID = 1

EXPLAIN Plan:

Update on order_line  (cost=0.43..43.81 rows=0 width=0) (actual time=0.332..0.333 rows=0 loops=1)

  ->  Index Scan using order_line_pkey on order_line  (cost=0.43..43.81 rows=10 width=14) (actual time=0.051..0.056 rows=7 loops=1)

        Index Cond: ((ol_w_id = 1) AND (ol_d_id = 6) AND (ol_o_id = 2550))

Planning Time: 0.117 ms

Execution Time: 0.361 ms
Failed SQL 2565: UPDATE ORDER_LINE SET OL_DELIVERY_D = '2014-10-12 20:52:35.866' WHERE OL_O_ID = 2550 AND OL_D_ID = 6 AND OL_W_ID = 1
Error Message: Cannot invoke "java.util.List.get(int)" because the return value of "sg.edu.nus.autotune.DB2DATA.getAllIndexes()" is null


===== Query 2566 =====

SQL: SELECT SUM(OL_AMOUNT) AS OL_TOTAL FROM ORDER_LINE WHERE OL_O_ID = 2550 AND OL_D_ID = 6 AND OL_W_ID = 1

EXPLAIN Plan:

Aggregate  (cost=43.83..43.84 rows=1 width=32) (actual time=0.087..0.088 rows=1 loops=1)

  ->  Index Scan using order_line_pkey on order_line  (cost=0.43..43.81 rows=10 width=6) (actual time=0.064..0.073 rows=7 loops=1)

        Index Cond: ((ol_w_id = 1) AND (ol_d_id = 6) AND (ol_o_id = 2550))

Planning Time: 0.130 ms

Execution Time: 0.122 ms
Failed SQL 2566: SELECT SUM(OL_AMOUNT) AS OL_TOTAL FROM ORDER_LINE WHERE OL_O_ID = 2550 AND OL_D_ID = 6 AND OL_W_ID = 1
Error Message: Cannot invoke "java.util.List.get(int)" because the return value of "sg.edu.nus.autotune.DB2DATA.getAllIndexes()" is null


===== Query 2567 =====

SQL: UPDATE CUSTOMER SET C_BALANCE = C_BALANCE + 21590.97, C_DELIVERY_CNT = C_DELIVERY_CNT + 1 WHERE C_W_ID = 1 AND C_D_ID = 6 AND C_ID = 635

EXPLAIN Plan:

Update on customer  (cost=0.42..8.45 rows=0 width=0) (actual time=0.133..0.133 rows=0 loops=1)

  ->  Index Scan using customer_pkey on customer  (cost=0.42..8.45 rows=1 width=26) (actual time=0.066..0.068 rows=1 loops=1)

        Index Cond: ((c_w_id = 1) AND (c_d_id = 6) AND (c_id = 635))

Planning Time: 0.118 ms

Execution Time: 0.165 ms
Failed SQL 2567: UPDATE CUSTOMER SET C_BALANCE = C_BALANCE + 21590.97, C_DELIVERY_CNT = C_DELIVERY_CNT + 1 WHERE C_W_ID = 1 AND C_D_ID = 6 AND C_ID = 635
Error Message: Cannot invoke "java.util.List.get(int)" because the return value of "sg.edu.nus.autotune.DB2DATA.getAllIndexes()" is null


===== Query 2568 =====

SQL: SELECT NO_O_ID FROM NEW_ORDER WHERE NO_D_ID = 7 AND NO_W_ID = 1 ORDER BY NO_O_ID ASC LIMIT 1

EXPLAIN Plan:

Limit  (cost=0.42..0.47 rows=1 width=4) (actual time=0.062..0.063 rows=1 loops=1)

  ->  Index Only Scan using new_order_pkey on new_order  (cost=0.42..79.04 rows=1531 width=4) (actual time=0.061..0.061 rows=1 loops=1)

        Index Cond: ((no_w_id = 1) AND (no_d_id = 7))

        Heap Fetches: 0

Planning Time: 0.079 ms

Execution Time: 0.076 ms
Failed SQL 2568: SELECT NO_O_ID FROM NEW_ORDER WHERE NO_D_ID = 7 AND NO_W_ID = 1 ORDER BY NO_O_ID ASC LIMIT 1
Error Message: Cannot invoke "java.util.List.get(int)" because the return value of "sg.edu.nus.autotune.DB2DATA.getAllIndexes()" is null


===== Query 2569 =====

SQL: SELECT O_C_ID FROM OORDER WHERE O_ID = 2550 AND O_D_ID = 7 AND O_W_ID = 1

EXPLAIN Plan:

Index Scan using oorder_pkey on oorder  (cost=0.42..8.44 rows=1 width=4) (actual time=0.097..0.099 rows=1 loops=1)

  Index Cond: ((o_w_id = 1) AND (o_d_id = 7) AND (o_id = 2550))

Planning Time: 0.125 ms

Execution Time: 0.120 ms
Failed SQL 2569: SELECT O_C_ID FROM OORDER WHERE O_ID = 2550 AND O_D_ID = 7 AND O_W_ID = 1
Error Message: Cannot invoke "java.util.List.get(int)" because the return value of "sg.edu.nus.autotune.DB2DATA.getAllIndexes()" is null


===== Query 2570 =====

SQL: UPDATE OORDER SET O_CARRIER_ID = 5 WHERE O_ID = 2550 AND O_D_ID = 7 AND O_W_ID = 1

EXPLAIN Plan:

Update on oorder  (cost=0.42..8.44 rows=0 width=0) (actual time=0.078..0.079 rows=0 loops=1)

  ->  Index Scan using oorder_pkey on oorder  (cost=0.42..8.44 rows=1 width=10) (actual time=0.040..0.041 rows=1 loops=1)

        Index Cond: ((o_w_id = 1) AND (o_d_id = 7) AND (o_id = 2550))

Planning Time: 0.142 ms

Execution Time: 0.113 ms
Failed SQL 2570: UPDATE OORDER SET O_CARRIER_ID = 5 WHERE O_ID = 2550 AND O_D_ID = 7 AND O_W_ID = 1
Error Message: Cannot invoke "java.util.List.get(int)" because the return value of "sg.edu.nus.autotune.DB2DATA.getAllIndexes()" is null


===== Query 2571 =====

SQL: UPDATE ORDER_LINE SET OL_DELIVERY_D = '2014-10-12 20:52:35.866' WHERE OL_O_ID = 2550 AND OL_D_ID = 7 AND OL_W_ID = 1

EXPLAIN Plan:

Update on order_line  (cost=0.43..43.81 rows=0 width=0) (actual time=0.222..0.223 rows=0 loops=1)

  ->  Index Scan using order_line_pkey on order_line  (cost=0.43..43.81 rows=10 width=14) (actual time=0.066..0.071 rows=9 loops=1)

        Index Cond: ((ol_w_id = 1) AND (ol_d_id = 7) AND (ol_o_id = 2550))

Planning Time: 0.110 ms

Execution Time: 0.273 ms
Failed SQL 2571: UPDATE ORDER_LINE SET OL_DELIVERY_D = '2014-10-12 20:52:35.866' WHERE OL_O_ID = 2550 AND OL_D_ID = 7 AND OL_W_ID = 1
Error Message: Cannot invoke "java.util.List.get(int)" because the return value of "sg.edu.nus.autotune.DB2DATA.getAllIndexes()" is null


===== Query 2572 =====

SQL: SELECT SUM(OL_AMOUNT) AS OL_TOTAL FROM ORDER_LINE WHERE OL_O_ID = 2550 AND OL_D_ID = 7 AND OL_W_ID = 1

EXPLAIN Plan:

Aggregate  (cost=43.83..43.84 rows=1 width=32) (actual time=0.080..0.081 rows=1 loops=1)

  ->  Index Scan using order_line_pkey on order_line  (cost=0.43..43.81 rows=10 width=6) (actual time=0.050..0.066 rows=9 loops=1)

        Index Cond: ((ol_w_id = 1) AND (ol_d_id = 7) AND (ol_o_id = 2550))

Planning Time: 0.137 ms

Execution Time: 0.116 ms
Failed SQL 2572: SELECT SUM(OL_AMOUNT) AS OL_TOTAL FROM ORDER_LINE WHERE OL_O_ID = 2550 AND OL_D_ID = 7 AND OL_W_ID = 1
Error Message: Cannot invoke "java.util.List.get(int)" because the return value of "sg.edu.nus.autotune.DB2DATA.getAllIndexes()" is null


===== Query 2573 =====

SQL: UPDATE CUSTOMER SET C_BALANCE = C_BALANCE + 64982.34, C_DELIVERY_CNT = C_DELIVERY_CNT + 1 WHERE C_W_ID = 1 AND C_D_ID = 7 AND C_ID = 764

EXPLAIN Plan:

Update on customer  (cost=0.42..8.45 rows=0 width=0) (actual time=0.112..0.112 rows=0 loops=1)

  ->  Index Scan using customer_pkey on customer  (cost=0.42..8.45 rows=1 width=26) (actual time=0.057..0.058 rows=1 loops=1)

        Index Cond: ((c_w_id = 1) AND (c_d_id = 7) AND (c_id = 764))

Planning Time: 0.108 ms

Execution Time: 0.145 ms
Failed SQL 2573: UPDATE CUSTOMER SET C_BALANCE = C_BALANCE + 64982.34, C_DELIVERY_CNT = C_DELIVERY_CNT + 1 WHERE C_W_ID = 1 AND C_D_ID = 7 AND C_ID = 764
Error Message: Cannot invoke "java.util.List.get(int)" because the return value of "sg.edu.nus.autotune.DB2DATA.getAllIndexes()" is null


===== Query 2574 =====

SQL: SELECT NO_O_ID FROM NEW_ORDER WHERE NO_D_ID = 8 AND NO_W_ID = 1 ORDER BY NO_O_ID ASC LIMIT 1

EXPLAIN Plan:

Limit  (cost=0.42..0.47 rows=1 width=4) (actual time=0.083..0.084 rows=1 loops=1)

  ->  Index Only Scan using new_order_pkey on new_order  (cost=0.42..85.14 rows=1636 width=4) (actual time=0.082..0.082 rows=1 loops=1)

        Index Cond: ((no_w_id = 1) AND (no_d_id = 8))

        Heap Fetches: 0

Planning Time: 0.115 ms

Execution Time: 0.104 ms
Failed SQL 2574: SELECT NO_O_ID FROM NEW_ORDER WHERE NO_D_ID = 8 AND NO_W_ID = 1 ORDER BY NO_O_ID ASC LIMIT 1
Error Message: Cannot invoke "java.util.List.get(int)" because the return value of "sg.edu.nus.autotune.DB2DATA.getAllIndexes()" is null


===== Query 2575 =====

SQL: SELECT O_C_ID FROM OORDER WHERE O_ID = 2550 AND O_D_ID = 8 AND O_W_ID = 1

EXPLAIN Plan:

Index Scan using oorder_pkey on oorder  (cost=0.42..8.44 rows=1 width=4) (actual time=0.133..0.135 rows=1 loops=1)

  Index Cond: ((o_w_id = 1) AND (o_d_id = 8) AND (o_id = 2550))

Planning Time: 0.126 ms

Execution Time: 0.157 ms
Failed SQL 2575: SELECT O_C_ID FROM OORDER WHERE O_ID = 2550 AND O_D_ID = 8 AND O_W_ID = 1
Error Message: Cannot invoke "java.util.List.get(int)" because the return value of "sg.edu.nus.autotune.DB2DATA.getAllIndexes()" is null


===== Query 2576 =====

SQL: UPDATE OORDER SET O_CARRIER_ID = 5 WHERE O_ID = 2550 AND O_D_ID = 8 AND O_W_ID = 1

EXPLAIN Plan:

Update on oorder  (cost=0.42..8.44 rows=0 width=0) (actual time=0.058..0.059 rows=0 loops=1)

  ->  Index Scan using oorder_pkey on oorder  (cost=0.42..8.44 rows=1 width=10) (actual time=0.023..0.024 rows=1 loops=1)

        Index Cond: ((o_w_id = 1) AND (o_d_id = 8) AND (o_id = 2550))

Planning Time: 0.080 ms

Execution Time: 0.078 ms
Failed SQL 2576: UPDATE OORDER SET O_CARRIER_ID = 5 WHERE O_ID = 2550 AND O_D_ID = 8 AND O_W_ID = 1
Error Message: Cannot invoke "java.util.List.get(int)" because the return value of "sg.edu.nus.autotune.DB2DATA.getAllIndexes()" is null


===== Query 2577 =====

SQL: UPDATE ORDER_LINE SET OL_DELIVERY_D = '2014-10-12 20:52:35.879' WHERE OL_O_ID = 2550 AND OL_D_ID = 8 AND OL_W_ID = 1

EXPLAIN Plan:

Update on order_line  (cost=0.43..43.81 rows=0 width=0) (actual time=0.703..0.704 rows=0 loops=1)

  ->  Index Scan using order_line_pkey on order_line  (cost=0.43..43.81 rows=10 width=14) (actual time=0.104..0.112 rows=9 loops=1)

        Index Cond: ((ol_w_id = 1) AND (ol_d_id = 8) AND (ol_o_id = 2550))

Planning Time: 0.107 ms

Execution Time: 0.736 ms
Failed SQL 2577: UPDATE ORDER_LINE SET OL_DELIVERY_D = '2014-10-12 20:52:35.879' WHERE OL_O_ID = 2550 AND OL_D_ID = 8 AND OL_W_ID = 1
Error Message: Cannot invoke "java.util.List.get(int)" because the return value of "sg.edu.nus.autotune.DB2DATA.getAllIndexes()" is null


===== Query 2578 =====

SQL: SELECT SUM(OL_AMOUNT) AS OL_TOTAL FROM ORDER_LINE WHERE OL_O_ID = 2550 AND OL_D_ID = 8 AND OL_W_ID = 1

EXPLAIN Plan:

Aggregate  (cost=43.83..43.84 rows=1 width=32) (actual time=0.075..0.076 rows=1 loops=1)

  ->  Index Scan using order_line_pkey on order_line  (cost=0.43..43.81 rows=10 width=6) (actual time=0.053..0.061 rows=9 loops=1)

        Index Cond: ((ol_w_id = 1) AND (ol_d_id = 8) AND (ol_o_id = 2550))

Planning Time: 0.115 ms

Execution Time: 0.108 ms
Failed SQL 2578: SELECT SUM(OL_AMOUNT) AS OL_TOTAL FROM ORDER_LINE WHERE OL_O_ID = 2550 AND OL_D_ID = 8 AND OL_W_ID = 1
Error Message: Cannot invoke "java.util.List.get(int)" because the return value of "sg.edu.nus.autotune.DB2DATA.getAllIndexes()" is null


===== Query 2579 =====

SQL: UPDATE CUSTOMER SET C_BALANCE = C_BALANCE + 46381.16, C_DELIVERY_CNT = C_DELIVERY_CNT + 1 WHERE C_W_ID = 1 AND C_D_ID = 8 AND C_ID = 2576

EXPLAIN Plan:

Update on customer  (cost=0.42..8.45 rows=0 width=0) (actual time=0.144..0.144 rows=0 loops=1)

  ->  Index Scan using customer_pkey on customer  (cost=0.42..8.45 rows=1 width=26) (actual time=0.072..0.074 rows=1 loops=1)

        Index Cond: ((c_w_id = 1) AND (c_d_id = 8) AND (c_id = 2576))

Planning Time: 0.107 ms

Execution Time: 0.176 ms
Failed SQL 2579: UPDATE CUSTOMER SET C_BALANCE = C_BALANCE + 46381.16, C_DELIVERY_CNT = C_DELIVERY_CNT + 1 WHERE C_W_ID = 1 AND C_D_ID = 8 AND C_ID = 2576
Error Message: Cannot invoke "java.util.List.get(int)" because the return value of "sg.edu.nus.autotune.DB2DATA.getAllIndexes()" is null


===== Query 2580 =====

SQL: UPDATE CUSTOMER SET C_BALANCE = -6762.81, C_YTD_PAYMENT = 6762.81, C_PAYMENT_CNT = 3 WHERE C_W_ID = 1 AND C_D_ID = 6 AND C_ID = 1410

EXPLAIN Plan:

Update on customer  (cost=0.42..8.44 rows=0 width=0) (actual time=0.114..0.114 rows=0 loops=1)

  ->  Index Scan using customer_pkey on customer  (cost=0.42..8.44 rows=1 width=34) (actual time=0.053..0.054 rows=1 loops=1)

        Index Cond: ((c_w_id = 1) AND (c_d_id = 6) AND (c_id = 1410))

Planning Time: 0.124 ms

Execution Time: 0.143 ms
Failed SQL 2580: UPDATE CUSTOMER SET C_BALANCE = -6762.81, C_YTD_PAYMENT = 6762.81, C_PAYMENT_CNT = 3 WHERE C_W_ID = 1 AND C_D_ID = 6 AND C_ID = 1410
Error Message: Cannot invoke "java.util.List.get(int)" because the return value of "sg.edu.nus.autotune.DB2DATA.getAllIndexes()" is null


===== Query 2581 =====

SQL: SELECT NO_O_ID FROM NEW_ORDER WHERE NO_D_ID = 9 AND NO_W_ID = 1 ORDER BY NO_O_ID ASC LIMIT 1

EXPLAIN Plan:

Limit  (cost=0.42..0.47 rows=1 width=4) (actual time=0.097..0.098 rows=1 loops=1)

  ->  Index Only Scan using new_order_pkey on new_order  (cost=0.42..79.54 rows=1556 width=4) (actual time=0.096..0.096 rows=1 loops=1)

        Index Cond: ((no_w_id = 1) AND (no_d_id = 9))

        Heap Fetches: 0

Planning Time: 0.105 ms

Execution Time: 0.126 ms
Failed SQL 2581: SELECT NO_O_ID FROM NEW_ORDER WHERE NO_D_ID = 9 AND NO_W_ID = 1 ORDER BY NO_O_ID ASC LIMIT 1
Error Message: Cannot invoke "java.util.List.get(int)" because the return value of "sg.edu.nus.autotune.DB2DATA.getAllIndexes()" is null


===== Query 2582 =====

SQL: SELECT O_C_ID FROM OORDER WHERE O_ID = 2550 AND O_D_ID = 9 AND O_W_ID = 1

EXPLAIN Plan:

Index Scan using oorder_pkey on oorder  (cost=0.42..8.44 rows=1 width=4) (actual time=0.066..0.067 rows=1 loops=1)

  Index Cond: ((o_w_id = 1) AND (o_d_id = 9) AND (o_id = 2550))

Planning Time: 0.095 ms

Execution Time: 0.083 ms
Failed SQL 2582: SELECT O_C_ID FROM OORDER WHERE O_ID = 2550 AND O_D_ID = 9 AND O_W_ID = 1
Error Message: Cannot invoke "java.util.List.get(int)" because the return value of "sg.edu.nus.autotune.DB2DATA.getAllIndexes()" is null


===== Query 2583 =====

SQL: UPDATE OORDER SET O_CARRIER_ID = 5 WHERE O_ID = 2550 AND O_D_ID = 9 AND O_W_ID = 1

EXPLAIN Plan:

Update on oorder  (cost=0.42..8.44 rows=0 width=0) (actual time=0.056..0.057 rows=0 loops=1)

  ->  Index Scan using oorder_pkey on oorder  (cost=0.42..8.44 rows=1 width=10) (actual time=0.024..0.025 rows=1 loops=1)

        Index Cond: ((o_w_id = 1) AND (o_d_id = 9) AND (o_id = 2550))

Planning Time: 0.115 ms

Execution Time: 0.084 ms
Failed SQL 2583: UPDATE OORDER SET O_CARRIER_ID = 5 WHERE O_ID = 2550 AND O_D_ID = 9 AND O_W_ID = 1
Error Message: Cannot invoke "java.util.List.get(int)" because the return value of "sg.edu.nus.autotune.DB2DATA.getAllIndexes()" is null


===== Query 2584 =====

SQL: UPDATE ORDER_LINE SET OL_DELIVERY_D = '2014-10-12 20:52:35.911' WHERE OL_O_ID = 2550 AND OL_D_ID = 9 AND OL_W_ID = 1

EXPLAIN Plan:

Update on order_line  (cost=0.43..43.81 rows=0 width=0) (actual time=0.147..0.147 rows=0 loops=1)

  ->  Index Scan using order_line_pkey on order_line  (cost=0.43..43.81 rows=10 width=14) (actual time=0.043..0.047 rows=9 loops=1)

        Index Cond: ((ol_w_id = 1) AND (ol_d_id = 9) AND (ol_o_id = 2550))

Planning Time: 0.089 ms

Execution Time: 0.172 ms
Failed SQL 2584: UPDATE ORDER_LINE SET OL_DELIVERY_D = '2014-10-12 20:52:35.911' WHERE OL_O_ID = 2550 AND OL_D_ID = 9 AND OL_W_ID = 1
Error Message: Cannot invoke "java.util.List.get(int)" because the return value of "sg.edu.nus.autotune.DB2DATA.getAllIndexes()" is null


===== Query 2585 =====

SQL: SELECT C_DISCOUNT, C_LAST, C_CREDIT, W_TAX FROM CUSTOMER, WAREHOUSE WHERE W_ID = 2 AND C_W_ID = 2 AND C_D_ID = 9 AND C_ID = 2307

EXPLAIN Plan:

Nested Loop  (cost=4.56..16.61 rows=1 width=26) (actual time=0.106..0.108 rows=1 loops=1)

  ->  Index Scan using customer_pkey on customer  (cost=0.42..8.44 rows=1 width=21) (actual time=0.082..0.082 rows=1 loops=1)

        Index Cond: ((c_w_id = 2) AND (c_d_id = 9) AND (c_id = 2307))

  ->  Bitmap Heap Scan on warehouse  (cost=4.14..8.15 rows=1 width=5) (actual time=0.017..0.017 rows=1 loops=1)

        Recheck Cond: (w_id = 2)

        Heap Blocks: exact=1

        ->  Bitmap Index Scan on warehouse_pkey  (cost=0.00..4.14 rows=1 width=0) (actual time=0.008..0.009 rows=1 loops=1)

              Index Cond: (w_id = 2)

Planning Time: 0.121 ms

Execution Time: 0.145 ms
Failed SQL 2585: SELECT C_DISCOUNT, C_LAST, C_CREDIT, W_TAX FROM CUSTOMER, WAREHOUSE WHERE W_ID = 2 AND C_W_ID = 2 AND C_D_ID = 9 AND C_ID = 2307
Error Message: Cannot invoke "java.util.List.get(int)" because the return value of "sg.edu.nus.autotune.DB2DATA.getAllIndexes()" is null


===== Query 2586 =====

SQL: SELECT SUM(OL_AMOUNT) AS OL_TOTAL FROM ORDER_LINE WHERE OL_O_ID = 2550 AND OL_D_ID = 9 AND OL_W_ID = 1

EXPLAIN Plan:

Aggregate  (cost=43.83..43.84 rows=1 width=32) (actual time=0.067..0.068 rows=1 loops=1)

  ->  Index Scan using order_line_pkey on order_line  (cost=0.43..43.81 rows=10 width=6) (actual time=0.049..0.052 rows=9 loops=1)

        Index Cond: ((ol_w_id = 1) AND (ol_d_id = 9) AND (ol_o_id = 2550))

Planning Time: 0.126 ms

Execution Time: 0.100 ms
Failed SQL 2586: SELECT SUM(OL_AMOUNT) AS OL_TOTAL FROM ORDER_LINE WHERE OL_O_ID = 2550 AND OL_D_ID = 9 AND OL_W_ID = 1
Error Message: Cannot invoke "java.util.List.get(int)" because the return value of "sg.edu.nus.autotune.DB2DATA.getAllIndexes()" is null


===== Query 2587 =====

SQL: UPDATE CUSTOMER SET C_BALANCE = C_BALANCE + 69658.03, C_DELIVERY_CNT = C_DELIVERY_CNT + 1 WHERE C_W_ID = 1 AND C_D_ID = 9 AND C_ID = 1232

EXPLAIN Plan:

Update on customer  (cost=0.42..8.45 rows=0 width=0) (actual time=0.126..0.126 rows=0 loops=1)

  ->  Index Scan using customer_pkey on customer  (cost=0.42..8.45 rows=1 width=26) (actual time=0.067..0.069 rows=1 loops=1)

        Index Cond: ((c_w_id = 1) AND (c_d_id = 9) AND (c_id = 1232))

Planning Time: 0.116 ms

Execution Time: 0.159 ms
Failed SQL 2587: UPDATE CUSTOMER SET C_BALANCE = C_BALANCE + 69658.03, C_DELIVERY_CNT = C_DELIVERY_CNT + 1 WHERE C_W_ID = 1 AND C_D_ID = 9 AND C_ID = 1232
Error Message: Cannot invoke "java.util.List.get(int)" because the return value of "sg.edu.nus.autotune.DB2DATA.getAllIndexes()" is null


===== Query 2588 =====

SQL: SELECT D_NEXT_O_ID, D_TAX FROM DISTRICT WHERE D_W_ID = 2 AND D_ID = 9

EXPLAIN Plan:

Index Scan using district_pkey on district  (cost=0.27..8.29 rows=1 width=9) (actual time=0.025..0.025 rows=1 loops=1)

  Index Cond: ((d_w_id = 2) AND (d_id = 9))

Planning Time: 0.077 ms

Execution Time: 0.037 ms
Failed SQL 2588: SELECT D_NEXT_O_ID, D_TAX FROM DISTRICT WHERE D_W_ID = 2 AND D_ID = 9
Error Message: Cannot invoke "java.util.List.get(int)" because the return value of "sg.edu.nus.autotune.DB2DATA.getAllIndexes()" is null


===== Query 2589 =====

SQL: UPDATE DISTRICT SET D_NEXT_O_ID = D_NEXT_O_ID + 1 WHERE D_W_ID = 2 AND D_ID = 9

EXPLAIN Plan:

Update on district  (cost=0.27..8.29 rows=0 width=0) (actual time=0.043..0.043 rows=0 loops=1)

  ->  Index Scan using district_pkey on district  (cost=0.27..8.29 rows=1 width=10) (actual time=0.013..0.013 rows=1 loops=1)

        Index Cond: ((d_w_id = 2) AND (d_id = 9))

Planning Time: 0.054 ms

Execution Time: 0.058 ms
Failed SQL 2589: UPDATE DISTRICT SET D_NEXT_O_ID = D_NEXT_O_ID + 1 WHERE D_W_ID = 2 AND D_ID = 9
Error Message: Cannot invoke "java.util.List.get(int)" because the return value of "sg.edu.nus.autotune.DB2DATA.getAllIndexes()" is null


===== Query 2590 =====

SQL: SELECT NO_O_ID FROM NEW_ORDER WHERE NO_D_ID = 10 AND NO_W_ID = 1 ORDER BY NO_O_ID ASC LIMIT 1

EXPLAIN Plan:

Limit  (cost=0.42..0.47 rows=1 width=4) (actual time=0.034..0.035 rows=1 loops=1)

  ->  Index Only Scan using new_order_pkey on new_order  (cost=0.42..84.96 rows=1627 width=4) (actual time=0.034..0.034 rows=1 loops=1)

        Index Cond: ((no_w_id = 1) AND (no_d_id = 10))

        Heap Fetches: 0

Planning Time: 0.064 ms

Execution Time: 0.045 ms
Failed SQL 2590: SELECT NO_O_ID FROM NEW_ORDER WHERE NO_D_ID = 10 AND NO_W_ID = 1 ORDER BY NO_O_ID ASC LIMIT 1
Error Message: Cannot invoke "java.util.List.get(int)" because the return value of "sg.edu.nus.autotune.DB2DATA.getAllIndexes()" is null


===== Query 2591 =====

SQL: SELECT O_C_ID FROM OORDER WHERE O_ID = 2550 AND O_D_ID = 10 AND O_W_ID = 1

EXPLAIN Plan:

Index Scan using oorder_pkey on oorder  (cost=0.42..8.44 rows=1 width=4) (actual time=0.108..0.110 rows=1 loops=1)

  Index Cond: ((o_w_id = 1) AND (o_d_id = 10) AND (o_id = 2550))

Planning Time: 0.103 ms

Execution Time: 0.129 ms
Failed SQL 2591: SELECT O_C_ID FROM OORDER WHERE O_ID = 2550 AND O_D_ID = 10 AND O_W_ID = 1
Error Message: Cannot invoke "java.util.List.get(int)" because the return value of "sg.edu.nus.autotune.DB2DATA.getAllIndexes()" is null


===== Query 2592 =====

SQL: UPDATE OORDER SET O_CARRIER_ID = 5 WHERE O_ID = 2550 AND O_D_ID = 10 AND O_W_ID = 1

EXPLAIN Plan:

Update on oorder  (cost=0.42..8.44 rows=0 width=0) (actual time=0.042..0.043 rows=0 loops=1)

  ->  Index Scan using oorder_pkey on oorder  (cost=0.42..8.44 rows=1 width=10) (actual time=0.016..0.017 rows=1 loops=1)

        Index Cond: ((o_w_id = 1) AND (o_d_id = 10) AND (o_id = 2550))

Planning Time: 0.067 ms

Execution Time: 0.059 ms
Failed SQL 2592: UPDATE OORDER SET O_CARRIER_ID = 5 WHERE O_ID = 2550 AND O_D_ID = 10 AND O_W_ID = 1
Error Message: Cannot invoke "java.util.List.get(int)" because the return value of "sg.edu.nus.autotune.DB2DATA.getAllIndexes()" is null


===== Query 2593 =====

SQL: UPDATE ORDER_LINE SET OL_DELIVERY_D = '2014-10-12 20:52:35.944' WHERE OL_O_ID = 2550 AND OL_D_ID = 10 AND OL_W_ID = 1

EXPLAIN Plan:

Update on order_line  (cost=0.43..43.81 rows=0 width=0) (actual time=0.136..0.136 rows=0 loops=1)

  ->  Index Scan using order_line_pkey on order_line  (cost=0.43..43.81 rows=10 width=14) (actual time=0.049..0.054 rows=7 loops=1)

        Index Cond: ((ol_w_id = 1) AND (ol_d_id = 10) AND (ol_o_id = 2550))

Planning Time: 0.110 ms

Execution Time: 0.165 ms
Failed SQL 2593: UPDATE ORDER_LINE SET OL_DELIVERY_D = '2014-10-12 20:52:35.944' WHERE OL_O_ID = 2550 AND OL_D_ID = 10 AND OL_W_ID = 1
Error Message: Cannot invoke "java.util.List.get(int)" because the return value of "sg.edu.nus.autotune.DB2DATA.getAllIndexes()" is null


===== Query 2594 =====

SQL: SELECT SUM(OL_AMOUNT) AS OL_TOTAL FROM ORDER_LINE WHERE OL_O_ID = 2550 AND OL_D_ID = 10 AND OL_W_ID = 1

EXPLAIN Plan:

Aggregate  (cost=43.83..43.84 rows=1 width=32) (actual time=0.053..0.054 rows=1 loops=1)

  ->  Index Scan using order_line_pkey on order_line  (cost=0.43..43.81 rows=10 width=6) (actual time=0.038..0.041 rows=7 loops=1)

        Index Cond: ((ol_w_id = 1) AND (ol_d_id = 10) AND (ol_o_id = 2550))

Planning Time: 0.111 ms

Execution Time: 0.083 ms
Failed SQL 2594: SELECT SUM(OL_AMOUNT) AS OL_TOTAL FROM ORDER_LINE WHERE OL_O_ID = 2550 AND OL_D_ID = 10 AND OL_W_ID = 1
Error Message: Cannot invoke "java.util.List.get(int)" because the return value of "sg.edu.nus.autotune.DB2DATA.getAllIndexes()" is null


===== Query 2595 =====

SQL: UPDATE CUSTOMER SET C_BALANCE = C_BALANCE + 50074.06, C_DELIVERY_CNT = C_DELIVERY_CNT + 1 WHERE C_W_ID = 1 AND C_D_ID = 10 AND C_ID = 2932

EXPLAIN Plan:

Update on customer  (cost=0.42..8.45 rows=0 width=0) (actual time=0.192..0.193 rows=0 loops=1)

  ->  Index Scan using customer_pkey on customer  (cost=0.42..8.45 rows=1 width=26) (actual time=0.122..0.124 rows=1 loops=1)

        Index Cond: ((c_w_id = 1) AND (c_d_id = 10) AND (c_id = 2932))

Planning Time: 0.107 ms

Execution Time: 0.239 ms
Failed SQL 2595: UPDATE CUSTOMER SET C_BALANCE = C_BALANCE + 50074.06, C_DELIVERY_CNT = C_DELIVERY_CNT + 1 WHERE C_W_ID = 1 AND C_D_ID = 10 AND C_ID = 2932
Error Message: Cannot invoke "java.util.List.get(int)" because the return value of "sg.edu.nus.autotune.DB2DATA.getAllIndexes()" is null


===== Query 2596 =====

SQL: SELECT I_PRICE, I_NAME , I_DATA FROM ITEM WHERE I_ID = 63198

EXPLAIN Plan:

Index Scan using item_pkey on item  (cost=0.29..8.31 rows=1 width=61) (actual time=1.205..1.208 rows=1 loops=1)

  Index Cond: (i_id = 63198)

Planning Time: 0.090 ms

Execution Time: 1.230 ms
Failed SQL 2596: SELECT I_PRICE, I_NAME , I_DATA FROM ITEM WHERE I_ID = 63198
Error Message: Cannot invoke "java.util.List.get(int)" because the return value of "sg.edu.nus.autotune.DB2DATA.getAllIndexes()" is null


===== Query 2597 =====

SQL: SELECT S_QUANTITY, S_DATA, S_DIST_01, S_DIST_02, S_DIST_03, S_DIST_04, S_DIST_05, S_DIST_06, S_DIST_07, S_DIST_08, S_DIST_09, S_DIST_10 FROM STOCK WHERE S_I_ID = 63198 AND S_W_ID = 2

EXPLAIN Plan:

Index Scan using stock_pkey on stock  (cost=0.42..8.44 rows=1 width=291) (actual time=0.096..0.098 rows=1 loops=1)

  Index Cond: ((s_w_id = 2) AND (s_i_id = 63198))

Planning Time: 0.159 ms

Execution Time: 0.124 ms
Failed SQL 2597: SELECT S_QUANTITY, S_DATA, S_DIST_01, S_DIST_02, S_DIST_03, S_DIST_04, S_DIST_05, S_DIST_06, S_DIST_07, S_DIST_08, S_DIST_09, S_DIST_10 FROM STOCK WHERE S_I_ID = 63198 AND S_W_ID = 2
Error Message: Cannot invoke "java.util.List.get(int)" because the return value of "sg.edu.nus.autotune.DB2DATA.getAllIndexes()" is null


===== Query 2598 =====

SQL: UPDATE STOCK SET S_QUANTITY = 48, S_YTD = S_YTD + 10, S_ORDER_CNT = S_ORDER_CNT + 1, S_REMOTE_CNT = S_REMOTE_CNT + 0 WHERE S_I_ID = 63198 AND S_W_ID = 2

EXPLAIN Plan:

Update on stock  (cost=0.42..8.45 rows=0 width=0) (actual time=0.117..0.118 rows=0 loops=1)

  ->  Index Scan using stock_pkey on stock  (cost=0.42..8.45 rows=1 width=32) (actual time=0.027..0.029 rows=1 loops=1)

        Index Cond: ((s_w_id = 2) AND (s_i_id = 63198))

Planning Time: 0.115 ms

Execution Time: 0.146 ms
Failed SQL 2598: UPDATE STOCK SET S_QUANTITY = 48, S_YTD = S_YTD + 10, S_ORDER_CNT = S_ORDER_CNT + 1, S_REMOTE_CNT = S_REMOTE_CNT + 0 WHERE S_I_ID = 63198 AND S_W_ID = 2
Error Message: Cannot invoke "java.util.List.get(int)" because the return value of "sg.edu.nus.autotune.DB2DATA.getAllIndexes()" is null


===== Query 2599 =====

SQL: SELECT I_PRICE, I_NAME , I_DATA FROM ITEM WHERE I_ID = 64991

EXPLAIN Plan:

Index Scan using item_pkey on item  (cost=0.29..8.31 rows=1 width=61) (actual time=0.033..0.035 rows=1 loops=1)

  Index Cond: (i_id = 64991)

Planning Time: 0.077 ms

Execution Time: 0.053 ms
Failed SQL 2599: SELECT I_PRICE, I_NAME , I_DATA FROM ITEM WHERE I_ID = 64991
Error Message: Cannot invoke "java.util.List.get(int)" because the return value of "sg.edu.nus.autotune.DB2DATA.getAllIndexes()" is null


===== Query 2600 =====

SQL: SELECT S_QUANTITY, S_DATA, S_DIST_01, S_DIST_02, S_DIST_03, S_DIST_04, S_DIST_05, S_DIST_06, S_DIST_07, S_DIST_08, S_DIST_09, S_DIST_10 FROM STOCK WHERE S_I_ID = 64991 AND S_W_ID = 2

EXPLAIN Plan:

Index Scan using stock_pkey on stock  (cost=0.42..8.44 rows=1 width=291) (actual time=0.571..0.574 rows=1 loops=1)

  Index Cond: ((s_w_id = 2) AND (s_i_id = 64991))

Planning Time: 0.113 ms

Execution Time: 0.599 ms
Failed SQL 2600: SELECT S_QUANTITY, S_DATA, S_DIST_01, S_DIST_02, S_DIST_03, S_DIST_04, S_DIST_05, S_DIST_06, S_DIST_07, S_DIST_08, S_DIST_09, S_DIST_10 FROM STOCK WHERE S_I_ID = 64991 AND S_W_ID = 2
Error Message: Cannot invoke "java.util.List.get(int)" because the return value of "sg.edu.nus.autotune.DB2DATA.getAllIndexes()" is null


===== Query 2601 =====

SQL: UPDATE STOCK SET S_QUANTITY = 67, S_YTD = S_YTD + 5, S_ORDER_CNT = S_ORDER_CNT + 1, S_REMOTE_CNT = S_REMOTE_CNT + 0 WHERE S_I_ID = 64991 AND S_W_ID = 2

EXPLAIN Plan:

Update on stock  (cost=0.42..8.45 rows=0 width=0) (actual time=0.096..0.096 rows=0 loops=1)

  ->  Index Scan using stock_pkey on stock  (cost=0.42..8.45 rows=1 width=32) (actual time=0.024..0.025 rows=1 loops=1)

        Index Cond: ((s_w_id = 2) AND (s_i_id = 64991))

Planning Time: 0.098 ms

Execution Time: 0.124 ms
Failed SQL 2601: UPDATE STOCK SET S_QUANTITY = 67, S_YTD = S_YTD + 5, S_ORDER_CNT = S_ORDER_CNT + 1, S_REMOTE_CNT = S_REMOTE_CNT + 0 WHERE S_I_ID = 64991 AND S_W_ID = 2
Error Message: Cannot invoke "java.util.List.get(int)" because the return value of "sg.edu.nus.autotune.DB2DATA.getAllIndexes()" is null


===== Query 2602 =====

SQL: SELECT I_PRICE, I_NAME , I_DATA FROM ITEM WHERE I_ID = 73255

EXPLAIN Plan:

Index Scan using item_pkey on item  (cost=0.29..8.31 rows=1 width=61) (actual time=0.059..0.061 rows=1 loops=1)

  Index Cond: (i_id = 73255)

Planning Time: 0.071 ms

Execution Time: 0.078 ms
Failed SQL 2602: SELECT I_PRICE, I_NAME , I_DATA FROM ITEM WHERE I_ID = 73255
Error Message: Cannot invoke "java.util.List.get(int)" because the return value of "sg.edu.nus.autotune.DB2DATA.getAllIndexes()" is null


===== Query 2603 =====

SQL: SELECT S_QUANTITY, S_DATA, S_DIST_01, S_DIST_02, S_DIST_03, S_DIST_04, S_DIST_05, S_DIST_06, S_DIST_07, S_DIST_08, S_DIST_09, S_DIST_10 FROM STOCK WHERE S_I_ID = 73255 AND S_W_ID = 2

EXPLAIN Plan:

Index Scan using stock_pkey on stock  (cost=0.42..8.44 rows=1 width=291) (actual time=0.073..0.075 rows=1 loops=1)

  Index Cond: ((s_w_id = 2) AND (s_i_id = 73255))

Planning Time: 0.097 ms

Execution Time: 0.098 ms
Failed SQL 2603: SELECT S_QUANTITY, S_DATA, S_DIST_01, S_DIST_02, S_DIST_03, S_DIST_04, S_DIST_05, S_DIST_06, S_DIST_07, S_DIST_08, S_DIST_09, S_DIST_10 FROM STOCK WHERE S_I_ID = 73255 AND S_W_ID = 2
Error Message: Cannot invoke "java.util.List.get(int)" because the return value of "sg.edu.nus.autotune.DB2DATA.getAllIndexes()" is null


===== Query 2604 =====

SQL: SELECT C_DISCOUNT, C_LAST, C_CREDIT, W_TAX FROM CUSTOMER, WAREHOUSE WHERE W_ID = 1 AND C_W_ID = 1 AND C_D_ID = 8 AND C_ID = 1602

EXPLAIN Plan:

Nested Loop  (cost=4.56..16.61 rows=1 width=26) (actual time=0.096..0.098 rows=1 loops=1)

  ->  Index Scan using customer_pkey on customer  (cost=0.42..8.44 rows=1 width=21) (actual time=0.069..0.070 rows=1 loops=1)

        Index Cond: ((c_w_id = 1) AND (c_d_id = 8) AND (c_id = 1602))

  ->  Bitmap Heap Scan on warehouse  (cost=4.14..8.15 rows=1 width=5) (actual time=0.009..0.010 rows=1 loops=1)

        Recheck Cond: (w_id = 1)

        Heap Blocks: exact=1

        ->  Bitmap Index Scan on warehouse_pkey  (cost=0.00..4.14 rows=1 width=0) (actual time=0.004..0.005 rows=1 loops=1)

              Index Cond: (w_id = 1)

Planning Time: 0.142 ms

Execution Time: 0.137 ms
Failed SQL 2604: SELECT C_DISCOUNT, C_LAST, C_CREDIT, W_TAX FROM CUSTOMER, WAREHOUSE WHERE W_ID = 1 AND C_W_ID = 1 AND C_D_ID = 8 AND C_ID = 1602
Error Message: Cannot invoke "java.util.List.get(int)" because the return value of "sg.edu.nus.autotune.DB2DATA.getAllIndexes()" is null


===== Query 2605 =====

SQL: UPDATE STOCK SET S_QUANTITY = 85, S_YTD = S_YTD + 1, S_ORDER_CNT = S_ORDER_CNT + 1, S_REMOTE_CNT = S_REMOTE_CNT + 0 WHERE S_I_ID = 73255 AND S_W_ID = 2

EXPLAIN Plan:

Update on stock  (cost=0.42..8.45 rows=0 width=0) (actual time=0.076..0.076 rows=0 loops=1)

  ->  Index Scan using stock_pkey on stock  (cost=0.42..8.45 rows=1 width=32) (actual time=0.024..0.026 rows=1 loops=1)

        Index Cond: ((s_w_id = 2) AND (s_i_id = 73255))

Planning Time: 0.106 ms

Execution Time: 0.105 ms
Failed SQL 2605: UPDATE STOCK SET S_QUANTITY = 85, S_YTD = S_YTD + 1, S_ORDER_CNT = S_ORDER_CNT + 1, S_REMOTE_CNT = S_REMOTE_CNT + 0 WHERE S_I_ID = 73255 AND S_W_ID = 2
Error Message: Cannot invoke "java.util.List.get(int)" because the return value of "sg.edu.nus.autotune.DB2DATA.getAllIndexes()" is null


===== Query 2606 =====

SQL: SELECT I_PRICE, I_NAME , I_DATA FROM ITEM WHERE I_ID = 73357

EXPLAIN Plan:

Index Scan using item_pkey on item  (cost=0.29..8.31 rows=1 width=61) (actual time=0.048..0.049 rows=1 loops=1)

  Index Cond: (i_id = 73357)

Planning Time: 0.089 ms

Execution Time: 0.071 ms
Failed SQL 2606: SELECT I_PRICE, I_NAME , I_DATA FROM ITEM WHERE I_ID = 73357
Error Message: Cannot invoke "java.util.List.get(int)" because the return value of "sg.edu.nus.autotune.DB2DATA.getAllIndexes()" is null


===== Query 2607 =====

SQL: SELECT S_QUANTITY, S_DATA, S_DIST_01, S_DIST_02, S_DIST_03, S_DIST_04, S_DIST_05, S_DIST_06, S_DIST_07, S_DIST_08, S_DIST_09, S_DIST_10 FROM STOCK WHERE S_I_ID = 73357 AND S_W_ID = 2

EXPLAIN Plan:

Index Scan using stock_pkey on stock  (cost=0.42..8.44 rows=1 width=291) (actual time=0.867..0.869 rows=1 loops=1)

  Index Cond: ((s_w_id = 2) AND (s_i_id = 73357))

Planning Time: 0.082 ms

Execution Time: 0.889 ms
Failed SQL 2607: SELECT S_QUANTITY, S_DATA, S_DIST_01, S_DIST_02, S_DIST_03, S_DIST_04, S_DIST_05, S_DIST_06, S_DIST_07, S_DIST_08, S_DIST_09, S_DIST_10 FROM STOCK WHERE S_I_ID = 73357 AND S_W_ID = 2
Error Message: Cannot invoke "java.util.List.get(int)" because the return value of "sg.edu.nus.autotune.DB2DATA.getAllIndexes()" is null


===== Query 2608 =====

SQL: UPDATE STOCK SET S_QUANTITY = 23, S_YTD = S_YTD + 10, S_ORDER_CNT = S_ORDER_CNT + 1, S_REMOTE_CNT = S_REMOTE_CNT + 0 WHERE S_I_ID = 73357 AND S_W_ID = 2

EXPLAIN Plan:

Update on stock  (cost=0.42..8.45 rows=0 width=0) (actual time=0.065..0.066 rows=0 loops=1)

  ->  Index Scan using stock_pkey on stock  (cost=0.42..8.45 rows=1 width=32) (actual time=0.026..0.027 rows=1 loops=1)

        Index Cond: ((s_w_id = 2) AND (s_i_id = 73357))

Planning Time: 0.107 ms

Execution Time: 0.095 ms
Failed SQL 2608: UPDATE STOCK SET S_QUANTITY = 23, S_YTD = S_YTD + 10, S_ORDER_CNT = S_ORDER_CNT + 1, S_REMOTE_CNT = S_REMOTE_CNT + 0 WHERE S_I_ID = 73357 AND S_W_ID = 2
Error Message: Cannot invoke "java.util.List.get(int)" because the return value of "sg.edu.nus.autotune.DB2DATA.getAllIndexes()" is null


===== Query 2609 =====

SQL: SELECT I_PRICE, I_NAME , I_DATA FROM ITEM WHERE I_ID = 29415

EXPLAIN Plan:

Index Scan using item_pkey on item  (cost=0.29..8.31 rows=1 width=61) (actual time=0.059..0.061 rows=1 loops=1)

  Index Cond: (i_id = 29415)

Planning Time: 0.080 ms

Execution Time: 0.079 ms
Failed SQL 2609: SELECT I_PRICE, I_NAME , I_DATA FROM ITEM WHERE I_ID = 29415
Error Message: Cannot invoke "java.util.List.get(int)" because the return value of "sg.edu.nus.autotune.DB2DATA.getAllIndexes()" is null


===== Query 2610 =====

SQL: SELECT S_QUANTITY, S_DATA, S_DIST_01, S_DIST_02, S_DIST_03, S_DIST_04, S_DIST_05, S_DIST_06, S_DIST_07, S_DIST_08, S_DIST_09, S_DIST_10 FROM STOCK WHERE S_I_ID = 29415 AND S_W_ID = 2

EXPLAIN Plan:

Index Scan using stock_pkey on stock  (cost=0.42..8.44 rows=1 width=291) (actual time=0.052..0.053 rows=1 loops=1)

  Index Cond: ((s_w_id = 2) AND (s_i_id = 29415))

Planning Time: 0.096 ms

Execution Time: 0.075 ms
Failed SQL 2610: SELECT S_QUANTITY, S_DATA, S_DIST_01, S_DIST_02, S_DIST_03, S_DIST_04, S_DIST_05, S_DIST_06, S_DIST_07, S_DIST_08, S_DIST_09, S_DIST_10 FROM STOCK WHERE S_I_ID = 29415 AND S_W_ID = 2
Error Message: Cannot invoke "java.util.List.get(int)" because the return value of "sg.edu.nus.autotune.DB2DATA.getAllIndexes()" is null


===== Query 2611 =====

SQL: UPDATE STOCK SET S_QUANTITY = 65, S_YTD = S_YTD + 2, S_ORDER_CNT = S_ORDER_CNT + 1, S_REMOTE_CNT = S_REMOTE_CNT + 0 WHERE S_I_ID = 29415 AND S_W_ID = 2

EXPLAIN Plan:

Update on stock  (cost=0.42..8.45 rows=0 width=0) (actual time=0.091..0.092 rows=0 loops=1)

  ->  Index Scan using stock_pkey on stock  (cost=0.42..8.45 rows=1 width=32) (actual time=0.023..0.025 rows=1 loops=1)

        Index Cond: ((s_w_id = 2) AND (s_i_id = 29415))

Planning Time: 0.100 ms

Execution Time: 0.119 ms
Failed SQL 2611: UPDATE STOCK SET S_QUANTITY = 65, S_YTD = S_YTD + 2, S_ORDER_CNT = S_ORDER_CNT + 1, S_REMOTE_CNT = S_REMOTE_CNT + 0 WHERE S_I_ID = 29415 AND S_W_ID = 2
Error Message: Cannot invoke "java.util.List.get(int)" because the return value of "sg.edu.nus.autotune.DB2DATA.getAllIndexes()" is null


===== Query 2612 =====

SQL: SELECT I_PRICE, I_NAME , I_DATA FROM ITEM WHERE I_ID = 40615

EXPLAIN Plan:

Index Scan using item_pkey on item  (cost=0.29..8.31 rows=1 width=61) (actual time=0.039..0.040 rows=1 loops=1)

  Index Cond: (i_id = 40615)

Planning Time: 0.046 ms

Execution Time: 0.049 ms
Failed SQL 2612: SELECT I_PRICE, I_NAME , I_DATA FROM ITEM WHERE I_ID = 40615
Error Message: Cannot invoke "java.util.List.get(int)" because the return value of "sg.edu.nus.autotune.DB2DATA.getAllIndexes()" is null


===== Query 2613 =====

SQL: SELECT S_QUANTITY, S_DATA, S_DIST_01, S_DIST_02, S_DIST_03, S_DIST_04, S_DIST_05, S_DIST_06, S_DIST_07, S_DIST_08, S_DIST_09, S_DIST_10 FROM STOCK WHERE S_I_ID = 40615 AND S_W_ID = 2

EXPLAIN Plan:

Index Scan using stock_pkey on stock  (cost=0.42..8.44 rows=1 width=291) (actual time=0.053..0.055 rows=1 loops=1)

  Index Cond: ((s_w_id = 2) AND (s_i_id = 40615))

Planning Time: 0.115 ms

Execution Time: 0.079 ms
Failed SQL 2613: SELECT S_QUANTITY, S_DATA, S_DIST_01, S_DIST_02, S_DIST_03, S_DIST_04, S_DIST_05, S_DIST_06, S_DIST_07, S_DIST_08, S_DIST_09, S_DIST_10 FROM STOCK WHERE S_I_ID = 40615 AND S_W_ID = 2
Error Message: Cannot invoke "java.util.List.get(int)" because the return value of "sg.edu.nus.autotune.DB2DATA.getAllIndexes()" is null


===== Query 2614 =====

SQL: UPDATE STOCK SET S_QUANTITY = 87, S_YTD = S_YTD + 5, S_ORDER_CNT = S_ORDER_CNT + 1, S_REMOTE_CNT = S_REMOTE_CNT + 0 WHERE S_I_ID = 40615 AND S_W_ID = 2

EXPLAIN Plan:

Update on stock  (cost=0.42..8.45 rows=0 width=0) (actual time=0.085..0.086 rows=0 loops=1)

  ->  Index Scan using stock_pkey on stock  (cost=0.42..8.45 rows=1 width=32) (actual time=0.027..0.028 rows=1 loops=1)

        Index Cond: ((s_w_id = 2) AND (s_i_id = 40615))

Planning Time: 0.104 ms

Execution Time: 0.112 ms
Failed SQL 2614: UPDATE STOCK SET S_QUANTITY = 87, S_YTD = S_YTD + 5, S_ORDER_CNT = S_ORDER_CNT + 1, S_REMOTE_CNT = S_REMOTE_CNT + 0 WHERE S_I_ID = 40615 AND S_W_ID = 2
Error Message: Cannot invoke "java.util.List.get(int)" because the return value of "sg.edu.nus.autotune.DB2DATA.getAllIndexes()" is null


===== Query 2615 =====

SQL: SELECT I_PRICE, I_NAME , I_DATA FROM ITEM WHERE I_ID = 56980

EXPLAIN Plan:

Index Scan using item_pkey on item  (cost=0.29..8.31 rows=1 width=61) (actual time=0.066..0.067 rows=1 loops=1)

  Index Cond: (i_id = 56980)

Planning Time: 0.072 ms

Execution Time: 0.085 ms
Failed SQL 2615: SELECT I_PRICE, I_NAME , I_DATA FROM ITEM WHERE I_ID = 56980
Error Message: Cannot invoke "java.util.List.get(int)" because the return value of "sg.edu.nus.autotune.DB2DATA.getAllIndexes()" is null


===== Query 2616 =====

SQL: SELECT S_QUANTITY, S_DATA, S_DIST_01, S_DIST_02, S_DIST_03, S_DIST_04, S_DIST_05, S_DIST_06, S_DIST_07, S_DIST_08, S_DIST_09, S_DIST_10 FROM STOCK WHERE S_I_ID = 56980 AND S_W_ID = 2

EXPLAIN Plan:

Index Scan using stock_pkey on stock  (cost=0.42..8.44 rows=1 width=291) (actual time=0.913..0.916 rows=1 loops=1)

  Index Cond: ((s_w_id = 2) AND (s_i_id = 56980))

Planning Time: 0.110 ms

Execution Time: 0.943 ms
Failed SQL 2616: SELECT S_QUANTITY, S_DATA, S_DIST_01, S_DIST_02, S_DIST_03, S_DIST_04, S_DIST_05, S_DIST_06, S_DIST_07, S_DIST_08, S_DIST_09, S_DIST_10 FROM STOCK WHERE S_I_ID = 56980 AND S_W_ID = 2
Error Message: Cannot invoke "java.util.List.get(int)" because the return value of "sg.edu.nus.autotune.DB2DATA.getAllIndexes()" is null


===== Query 2617 =====

SQL: UPDATE STOCK SET S_QUANTITY = 22, S_YTD = S_YTD + 4, S_ORDER_CNT = S_ORDER_CNT + 1, S_REMOTE_CNT = S_REMOTE_CNT + 0 WHERE S_I_ID = 56980 AND S_W_ID = 2

EXPLAIN Plan:

Update on stock  (cost=0.42..8.45 rows=0 width=0) (actual time=0.101..0.102 rows=0 loops=1)

  ->  Index Scan using stock_pkey on stock  (cost=0.42..8.45 rows=1 width=32) (actual time=0.029..0.031 rows=1 loops=1)

        Index Cond: ((s_w_id = 2) AND (s_i_id = 56980))

Planning Time: 0.121 ms

Execution Time: 0.133 ms
Failed SQL 2617: UPDATE STOCK SET S_QUANTITY = 22, S_YTD = S_YTD + 4, S_ORDER_CNT = S_ORDER_CNT + 1, S_REMOTE_CNT = S_REMOTE_CNT + 0 WHERE S_I_ID = 56980 AND S_W_ID = 2
Error Message: Cannot invoke "java.util.List.get(int)" because the return value of "sg.edu.nus.autotune.DB2DATA.getAllIndexes()" is null


===== Query 2618 =====

SQL: SELECT I_PRICE, I_NAME , I_DATA FROM ITEM WHERE I_ID = 20054

EXPLAIN Plan:

Index Scan using item_pkey on item  (cost=0.29..8.31 rows=1 width=61) (actual time=0.883..0.885 rows=1 loops=1)

  Index Cond: (i_id = 20054)

Planning Time: 0.081 ms

Execution Time: 0.906 ms
Failed SQL 2618: SELECT I_PRICE, I_NAME , I_DATA FROM ITEM WHERE I_ID = 20054
Error Message: Cannot invoke "java.util.List.get(int)" because the return value of "sg.edu.nus.autotune.DB2DATA.getAllIndexes()" is null


===== Query 2619 =====

SQL: SELECT S_QUANTITY, S_DATA, S_DIST_01, S_DIST_02, S_DIST_03, S_DIST_04, S_DIST_05, S_DIST_06, S_DIST_07, S_DIST_08, S_DIST_09, S_DIST_10 FROM STOCK WHERE S_I_ID = 20054 AND S_W_ID = 2

EXPLAIN Plan:

Index Scan using stock_pkey on stock  (cost=0.42..8.44 rows=1 width=291) (actual time=1.014..1.017 rows=1 loops=1)

  Index Cond: ((s_w_id = 2) AND (s_i_id = 20054))

Planning Time: 0.103 ms

Execution Time: 1.041 ms
Failed SQL 2619: SELECT S_QUANTITY, S_DATA, S_DIST_01, S_DIST_02, S_DIST_03, S_DIST_04, S_DIST_05, S_DIST_06, S_DIST_07, S_DIST_08, S_DIST_09, S_DIST_10 FROM STOCK WHERE S_I_ID = 20054 AND S_W_ID = 2
Error Message: Cannot invoke "java.util.List.get(int)" because the return value of "sg.edu.nus.autotune.DB2DATA.getAllIndexes()" is null


===== Query 2620 =====

SQL: SELECT D_NEXT_O_ID, D_TAX FROM DISTRICT WHERE D_W_ID = 1 AND D_ID = 8

EXPLAIN Plan:

Index Scan using district_pkey on district  (cost=0.27..8.29 rows=1 width=9) (actual time=0.024..0.025 rows=1 loops=1)

  Index Cond: ((d_w_id = 1) AND (d_id = 8))

Planning Time: 0.096 ms

Execution Time: 0.044 ms
Failed SQL 2620: SELECT D_NEXT_O_ID, D_TAX FROM DISTRICT WHERE D_W_ID = 1 AND D_ID = 8
Error Message: Cannot invoke "java.util.List.get(int)" because the return value of "sg.edu.nus.autotune.DB2DATA.getAllIndexes()" is null


===== Query 2621 =====

SQL: UPDATE DISTRICT SET D_NEXT_O_ID = D_NEXT_O_ID + 1 WHERE D_W_ID = 1 AND D_ID = 8

EXPLAIN Plan:

Update on district  (cost=0.27..8.29 rows=0 width=0) (actual time=0.081..0.082 rows=0 loops=1)

  ->  Index Scan using district_pkey on district  (cost=0.27..8.29 rows=1 width=10) (actual time=0.019..0.021 rows=1 loops=1)

        Index Cond: ((d_w_id = 1) AND (d_id = 8))

Planning Time: 0.089 ms

Execution Time: 0.121 ms
Failed SQL 2621: UPDATE DISTRICT SET D_NEXT_O_ID = D_NEXT_O_ID + 1 WHERE D_W_ID = 1 AND D_ID = 8
Error Message: Cannot invoke "java.util.List.get(int)" because the return value of "sg.edu.nus.autotune.DB2DATA.getAllIndexes()" is null


===== Query 2622 =====

SQL: UPDATE STOCK SET S_QUANTITY = 48, S_YTD = S_YTD + 5, S_ORDER_CNT = S_ORDER_CNT + 1, S_REMOTE_CNT = S_REMOTE_CNT + 0 WHERE S_I_ID = 20054 AND S_W_ID = 2

EXPLAIN Plan:

Update on stock  (cost=0.42..8.45 rows=0 width=0) (actual time=0.088..0.088 rows=0 loops=1)

  ->  Index Scan using stock_pkey on stock  (cost=0.42..8.45 rows=1 width=32) (actual time=0.025..0.027 rows=1 loops=1)

        Index Cond: ((s_w_id = 2) AND (s_i_id = 20054))

Planning Time: 0.108 ms

Execution Time: 0.117 ms
Failed SQL 2622: UPDATE STOCK SET S_QUANTITY = 48, S_YTD = S_YTD + 5, S_ORDER_CNT = S_ORDER_CNT + 1, S_REMOTE_CNT = S_REMOTE_CNT + 0 WHERE S_I_ID = 20054 AND S_W_ID = 2
Error Message: Cannot invoke "java.util.List.get(int)" because the return value of "sg.edu.nus.autotune.DB2DATA.getAllIndexes()" is null


===== Query 2623 =====

SQL: UPDATE WAREHOUSE SET W_YTD = W_YTD + 1963.47 WHERE W_ID = 2

EXPLAIN Plan:

Update on warehouse  (cost=4.14..8.16 rows=0 width=0) (actual time=0.071..0.072 rows=0 loops=1)

  ->  Bitmap Heap Scan on warehouse  (cost=4.14..8.16 rows=1 width=22) (actual time=0.025..0.026 rows=1 loops=1)

        Recheck Cond: (w_id = 2)

        Heap Blocks: exact=1

        ->  Bitmap Index Scan on warehouse_pkey  (cost=0.00..4.14 rows=1 width=0) (actual time=0.009..0.010 rows=1 loops=1)

              Index Cond: (w_id = 2)

Planning Time: 0.085 ms

Execution Time: 0.104 ms
Failed SQL 2623: UPDATE WAREHOUSE SET W_YTD = W_YTD + 1963.47 WHERE W_ID = 2
Error Message: Cannot invoke "java.util.List.get(int)" because the return value of "sg.edu.nus.autotune.DB2DATA.getAllIndexes()" is null


===== Query 2624 =====

SQL: SELECT W_STREET_1, W_STREET_2, W_CITY, W_STATE, W_ZIP, W_NAME FROM WAREHOUSE WHERE W_ID = 2

EXPLAIN Plan:

Bitmap Heap Scan on warehouse  (cost=4.14..8.15 rows=1 width=65) (actual time=0.018..0.019 rows=1 loops=1)

  Recheck Cond: (w_id = 2)

  Heap Blocks: exact=1

  ->  Bitmap Index Scan on warehouse_pkey  (cost=0.00..4.14 rows=1 width=0) (actual time=0.009..0.009 rows=1 loops=1)

        Index Cond: (w_id = 2)

Planning Time: 0.076 ms

Execution Time: 0.044 ms
Failed SQL 2624: SELECT W_STREET_1, W_STREET_2, W_CITY, W_STATE, W_ZIP, W_NAME FROM WAREHOUSE WHERE W_ID = 2
Error Message: Cannot invoke "java.util.List.get(int)" because the return value of "sg.edu.nus.autotune.DB2DATA.getAllIndexes()" is null


===== Query 2625 =====

SQL: UPDATE DISTRICT SET D_YTD = D_YTD + 1963.47 WHERE D_W_ID = 2 AND D_ID = 4

EXPLAIN Plan:

Update on district  (cost=0.27..8.29 rows=0 width=0) (actual time=0.045..0.045 rows=0 loops=1)

  ->  Index Scan using district_pkey on district  (cost=0.27..8.29 rows=1 width=22) (actual time=0.022..0.022 rows=1 loops=1)

        Index Cond: ((d_w_id = 2) AND (d_id = 4))

Planning Time: 0.053 ms

Execution Time: 0.061 ms
Failed SQL 2625: UPDATE DISTRICT SET D_YTD = D_YTD + 1963.47 WHERE D_W_ID = 2 AND D_ID = 4
Error Message: Cannot invoke "java.util.List.get(int)" because the return value of "sg.edu.nus.autotune.DB2DATA.getAllIndexes()" is null


===== Query 2626 =====

SQL: SELECT D_STREET_1, D_STREET_2, D_CITY, D_STATE, D_ZIP, D_NAME FROM DISTRICT WHERE D_W_ID = 2 AND D_ID = 4

EXPLAIN Plan:

Index Scan using district_pkey on district  (cost=0.27..8.29 rows=1 width=64) (actual time=0.026..0.028 rows=1 loops=1)

  Index Cond: ((d_w_id = 2) AND (d_id = 4))

Planning Time: 0.110 ms

Execution Time: 0.052 ms
Failed SQL 2626: SELECT D_STREET_1, D_STREET_2, D_CITY, D_STATE, D_ZIP, D_NAME FROM DISTRICT WHERE D_W_ID = 2 AND D_ID = 4
Error Message: Cannot invoke "java.util.List.get(int)" because the return value of "sg.edu.nus.autotune.DB2DATA.getAllIndexes()" is null


===== Query 2627 =====

SQL: SELECT C_FIRST, C_MIDDLE, C_LAST, C_STREET_1, C_STREET_2, C_CITY, C_STATE, C_ZIP, C_PHONE, C_CREDIT, C_CREDIT_LIM, C_DISCOUNT, C_BALANCE, C_YTD_PAYMENT, C_PAYMENT_CNT, C_SINCE FROM CUSTOMER WHERE C_W_ID = 1 AND C_D_ID = 9 AND C_ID = 2081

EXPLAIN Plan:

Index Scan using customer_pkey on customer  (cost=0.42..8.44 rows=1 width=140) (actual time=0.063..0.064 rows=1 loops=1)

  Index Cond: ((c_w_id = 1) AND (c_d_id = 9) AND (c_id = 2081))

Planning Time: 0.126 ms

Execution Time: 0.092 ms
Failed SQL 2627: SELECT C_FIRST, C_MIDDLE, C_LAST, C_STREET_1, C_STREET_2, C_CITY, C_STATE, C_ZIP, C_PHONE, C_CREDIT, C_CREDIT_LIM, C_DISCOUNT, C_BALANCE, C_YTD_PAYMENT, C_PAYMENT_CNT, C_SINCE FROM CUSTOMER WHERE C_W_ID = 1 AND C_D_ID = 9 AND C_ID = 2081
Error Message: Cannot invoke "java.util.List.get(int)" because the return value of "sg.edu.nus.autotune.DB2DATA.getAllIndexes()" is null


===== Query 2628 =====

SQL: SELECT I_PRICE, I_NAME , I_DATA FROM ITEM WHERE I_ID = 31463

EXPLAIN Plan:

Index Scan using item_pkey on item  (cost=0.29..8.31 rows=1 width=61) (actual time=1.925..1.928 rows=1 loops=1)

  Index Cond: (i_id = 31463)

Planning Time: 0.069 ms

Execution Time: 1.945 ms
Failed SQL 2628: SELECT I_PRICE, I_NAME , I_DATA FROM ITEM WHERE I_ID = 31463
Error Message: Cannot invoke "java.util.List.get(int)" because the return value of "sg.edu.nus.autotune.DB2DATA.getAllIndexes()" is null


===== Query 2629 =====

SQL: SELECT S_QUANTITY, S_DATA, S_DIST_01, S_DIST_02, S_DIST_03, S_DIST_04, S_DIST_05, S_DIST_06, S_DIST_07, S_DIST_08, S_DIST_09, S_DIST_10 FROM STOCK WHERE S_I_ID = 31463 AND S_W_ID = 1

EXPLAIN Plan:

Index Scan using stock_pkey on stock  (cost=0.42..8.44 rows=1 width=291) (actual time=0.399..0.402 rows=1 loops=1)

  Index Cond: ((s_w_id = 1) AND (s_i_id = 31463))

Planning Time: 0.096 ms

Execution Time: 0.427 ms
Failed SQL 2629: SELECT S_QUANTITY, S_DATA, S_DIST_01, S_DIST_02, S_DIST_03, S_DIST_04, S_DIST_05, S_DIST_06, S_DIST_07, S_DIST_08, S_DIST_09, S_DIST_10 FROM STOCK WHERE S_I_ID = 31463 AND S_W_ID = 1
Error Message: Cannot invoke "java.util.List.get(int)" because the return value of "sg.edu.nus.autotune.DB2DATA.getAllIndexes()" is null


===== Query 2630 =====

SQL: UPDATE STOCK SET S_QUANTITY = 36, S_YTD = S_YTD + 10, S_ORDER_CNT = S_ORDER_CNT + 1, S_REMOTE_CNT = S_REMOTE_CNT + 0 WHERE S_I_ID = 31463 AND S_W_ID = 1

EXPLAIN Plan:

Update on stock  (cost=0.42..8.45 rows=0 width=0) (actual time=0.070..0.070 rows=0 loops=1)

  ->  Index Scan using stock_pkey on stock  (cost=0.42..8.45 rows=1 width=32) (actual time=0.030..0.032 rows=1 loops=1)

        Index Cond: ((s_w_id = 1) AND (s_i_id = 31463))

Planning Time: 0.118 ms

Execution Time: 0.100 ms
Failed SQL 2630: UPDATE STOCK SET S_QUANTITY = 36, S_YTD = S_YTD + 10, S_ORDER_CNT = S_ORDER_CNT + 1, S_REMOTE_CNT = S_REMOTE_CNT + 0 WHERE S_I_ID = 31463 AND S_W_ID = 1
Error Message: Cannot invoke "java.util.List.get(int)" because the return value of "sg.edu.nus.autotune.DB2DATA.getAllIndexes()" is null


===== Query 2631 =====

SQL: SELECT I_PRICE, I_NAME , I_DATA FROM ITEM WHERE I_ID = 46687

EXPLAIN Plan:

Index Scan using item_pkey on item  (cost=0.29..8.31 rows=1 width=61) (actual time=0.919..0.921 rows=1 loops=1)

  Index Cond: (i_id = 46687)

Planning Time: 0.076 ms

Execution Time: 0.941 ms
Failed SQL 2631: SELECT I_PRICE, I_NAME , I_DATA FROM ITEM WHERE I_ID = 46687
Error Message: Cannot invoke "java.util.List.get(int)" because the return value of "sg.edu.nus.autotune.DB2DATA.getAllIndexes()" is null


===== Query 2632 =====

SQL: UPDATE CUSTOMER SET C_BALANCE = -1973.47, C_YTD_PAYMENT = 1973.47, C_PAYMENT_CNT = 2 WHERE C_W_ID = 1 AND C_D_ID = 9 AND C_ID = 2081

EXPLAIN Plan:

Update on customer  (cost=0.42..8.44 rows=0 width=0) (actual time=0.125..0.125 rows=0 loops=1)

  ->  Index Scan using customer_pkey on customer  (cost=0.42..8.44 rows=1 width=34) (actual time=0.028..0.030 rows=1 loops=1)

        Index Cond: ((c_w_id = 1) AND (c_d_id = 9) AND (c_id = 2081))

Planning Time: 0.133 ms

Execution Time: 0.157 ms
Failed SQL 2632: UPDATE CUSTOMER SET C_BALANCE = -1973.47, C_YTD_PAYMENT = 1973.47, C_PAYMENT_CNT = 2 WHERE C_W_ID = 1 AND C_D_ID = 9 AND C_ID = 2081
Error Message: Cannot invoke "java.util.List.get(int)" because the return value of "sg.edu.nus.autotune.DB2DATA.getAllIndexes()" is null


===== Query 2633 =====

SQL: UPDATE WAREHOUSE SET W_YTD = W_YTD + 205.56 WHERE W_ID = 2

EXPLAIN Plan:

Update on warehouse  (cost=4.14..8.16 rows=0 width=0) (actual time=0.080..0.080 rows=0 loops=1)

  ->  Bitmap Heap Scan on warehouse  (cost=4.14..8.16 rows=1 width=22) (actual time=0.019..0.020 rows=1 loops=1)

        Recheck Cond: (w_id = 2)

        Heap Blocks: exact=1

        ->  Bitmap Index Scan on warehouse_pkey  (cost=0.00..4.14 rows=1 width=0) (actual time=0.009..0.009 rows=1 loops=1)

              Index Cond: (w_id = 2)

Planning Time: 0.077 ms

Execution Time: 0.114 ms
Failed SQL 2633: UPDATE WAREHOUSE SET W_YTD = W_YTD + 205.56 WHERE W_ID = 2
Error Message: Cannot invoke "java.util.List.get(int)" because the return value of "sg.edu.nus.autotune.DB2DATA.getAllIndexes()" is null


===== Query 2634 =====

SQL: SELECT W_STREET_1, W_STREET_2, W_CITY, W_STATE, W_ZIP, W_NAME FROM WAREHOUSE WHERE W_ID = 2

EXPLAIN Plan:

Bitmap Heap Scan on warehouse  (cost=4.14..8.15 rows=1 width=65) (actual time=0.019..0.020 rows=1 loops=1)

  Recheck Cond: (w_id = 2)

  Heap Blocks: exact=1

  ->  Bitmap Index Scan on warehouse_pkey  (cost=0.00..4.14 rows=1 width=0) (actual time=0.009..0.009 rows=1 loops=1)

        Index Cond: (w_id = 2)

Planning Time: 0.076 ms

Execution Time: 0.045 ms
Failed SQL 2634: SELECT W_STREET_1, W_STREET_2, W_CITY, W_STATE, W_ZIP, W_NAME FROM WAREHOUSE WHERE W_ID = 2
Error Message: Cannot invoke "java.util.List.get(int)" because the return value of "sg.edu.nus.autotune.DB2DATA.getAllIndexes()" is null


===== Query 2635 =====

SQL: UPDATE DISTRICT SET D_YTD = D_YTD + 205.56 WHERE D_W_ID = 2 AND D_ID = 7

EXPLAIN Plan:

Update on district  (cost=0.27..8.29 rows=0 width=0) (actual time=0.068..0.069 rows=0 loops=1)

  ->  Index Scan using district_pkey on district  (cost=0.27..8.29 rows=1 width=22) (actual time=0.020..0.021 rows=1 loops=1)

        Index Cond: ((d_w_id = 2) AND (d_id = 7))

Planning Time: 0.093 ms

Execution Time: 0.095 ms
Failed SQL 2635: UPDATE DISTRICT SET D_YTD = D_YTD + 205.56 WHERE D_W_ID = 2 AND D_ID = 7
Error Message: Cannot invoke "java.util.List.get(int)" because the return value of "sg.edu.nus.autotune.DB2DATA.getAllIndexes()" is null


===== Query 2636 =====

SQL: SELECT D_STREET_1, D_STREET_2, D_CITY, D_STATE, D_ZIP, D_NAME FROM DISTRICT WHERE D_W_ID = 2 AND D_ID = 7

EXPLAIN Plan:

Index Scan using district_pkey on district  (cost=0.27..8.29 rows=1 width=64) (actual time=0.027..0.028 rows=1 loops=1)

  Index Cond: ((d_w_id = 2) AND (d_id = 7))

Planning Time: 0.106 ms

Execution Time: 0.051 ms
Failed SQL 2636: SELECT D_STREET_1, D_STREET_2, D_CITY, D_STATE, D_ZIP, D_NAME FROM DISTRICT WHERE D_W_ID = 2 AND D_ID = 7
Error Message: Cannot invoke "java.util.List.get(int)" because the return value of "sg.edu.nus.autotune.DB2DATA.getAllIndexes()" is null


===== Query 2637 =====

SQL: SELECT C_FIRST, C_MIDDLE, C_LAST, C_STREET_1, C_STREET_2, C_CITY, C_STATE, C_ZIP, C_PHONE, C_CREDIT, C_CREDIT_LIM, C_DISCOUNT, C_BALANCE, C_YTD_PAYMENT, C_PAYMENT_CNT, C_SINCE FROM CUSTOMER WHERE C_W_ID = 2 AND C_D_ID = 7 AND C_ID = 57

EXPLAIN Plan:

Index Scan using customer_pkey on customer  (cost=0.42..8.44 rows=1 width=140) (actual time=0.099..0.100 rows=1 loops=1)

  Index Cond: ((c_w_id = 2) AND (c_d_id = 7) AND (c_id = 57))

Planning Time: 0.127 ms

Execution Time: 0.130 ms
Failed SQL 2637: SELECT C_FIRST, C_MIDDLE, C_LAST, C_STREET_1, C_STREET_2, C_CITY, C_STATE, C_ZIP, C_PHONE, C_CREDIT, C_CREDIT_LIM, C_DISCOUNT, C_BALANCE, C_YTD_PAYMENT, C_PAYMENT_CNT, C_SINCE FROM CUSTOMER WHERE C_W_ID = 2 AND C_D_ID = 7 AND C_ID = 57
Error Message: Cannot invoke "java.util.List.get(int)" because the return value of "sg.edu.nus.autotune.DB2DATA.getAllIndexes()" is null


===== Query 2638 =====

SQL: SELECT S_QUANTITY, S_DATA, S_DIST_01, S_DIST_02, S_DIST_03, S_DIST_04, S_DIST_05, S_DIST_06, S_DIST_07, S_DIST_08, S_DIST_09, S_DIST_10 FROM STOCK WHERE S_I_ID = 46687 AND S_W_ID = 1

EXPLAIN Plan:

Index Scan using stock_pkey on stock  (cost=0.42..8.44 rows=1 width=291) (actual time=0.851..0.854 rows=1 loops=1)

  Index Cond: ((s_w_id = 1) AND (s_i_id = 46687))

Planning Time: 0.095 ms

Execution Time: 0.877 ms
Failed SQL 2638: SELECT S_QUANTITY, S_DATA, S_DIST_01, S_DIST_02, S_DIST_03, S_DIST_04, S_DIST_05, S_DIST_06, S_DIST_07, S_DIST_08, S_DIST_09, S_DIST_10 FROM STOCK WHERE S_I_ID = 46687 AND S_W_ID = 1
Error Message: Cannot invoke "java.util.List.get(int)" because the return value of "sg.edu.nus.autotune.DB2DATA.getAllIndexes()" is null


===== Query 2639 =====

SQL: UPDATE STOCK SET S_QUANTITY = 47, S_YTD = S_YTD + 10, S_ORDER_CNT = S_ORDER_CNT + 1, S_REMOTE_CNT = S_REMOTE_CNT + 0 WHERE S_I_ID = 46687 AND S_W_ID = 1

EXPLAIN Plan:

Update on stock  (cost=0.42..8.45 rows=0 width=0) (actual time=0.104..0.104 rows=0 loops=1)

  ->  Index Scan using stock_pkey on stock  (cost=0.42..8.45 rows=1 width=32) (actual time=0.027..0.028 rows=1 loops=1)

        Index Cond: ((s_w_id = 1) AND (s_i_id = 46687))

Planning Time: 0.100 ms

Execution Time: 0.140 ms
Failed SQL 2639: UPDATE STOCK SET S_QUANTITY = 47, S_YTD = S_YTD + 10, S_ORDER_CNT = S_ORDER_CNT + 1, S_REMOTE_CNT = S_REMOTE_CNT + 0 WHERE S_I_ID = 46687 AND S_W_ID = 1
Error Message: Cannot invoke "java.util.List.get(int)" because the return value of "sg.edu.nus.autotune.DB2DATA.getAllIndexes()" is null


===== Query 2640 =====

SQL: SELECT I_PRICE, I_NAME , I_DATA FROM ITEM WHERE I_ID = 17958

EXPLAIN Plan:

Index Scan using item_pkey on item  (cost=0.29..8.31 rows=1 width=61) (actual time=1.254..1.256 rows=1 loops=1)

  Index Cond: (i_id = 17958)

Planning Time: 0.082 ms

Execution Time: 1.275 ms
Failed SQL 2640: SELECT I_PRICE, I_NAME , I_DATA FROM ITEM WHERE I_ID = 17958
Error Message: Cannot invoke "java.util.List.get(int)" because the return value of "sg.edu.nus.autotune.DB2DATA.getAllIndexes()" is null


===== Query 2641 =====

SQL: UPDATE CUSTOMER SET C_BALANCE = -215.56, C_YTD_PAYMENT = 215.56, C_PAYMENT_CNT = 2 WHERE C_W_ID = 2 AND C_D_ID = 7 AND C_ID = 57

EXPLAIN Plan:

Update on customer  (cost=0.42..8.44 rows=0 width=0) (actual time=0.121..0.122 rows=0 loops=1)

  ->  Index Scan using customer_pkey on customer  (cost=0.42..8.44 rows=1 width=34) (actual time=0.025..0.026 rows=1 loops=1)

        Index Cond: ((c_w_id = 2) AND (c_d_id = 7) AND (c_id = 57))

Planning Time: 0.120 ms

Execution Time: 0.149 ms
Failed SQL 2641: UPDATE CUSTOMER SET C_BALANCE = -215.56, C_YTD_PAYMENT = 215.56, C_PAYMENT_CNT = 2 WHERE C_W_ID = 2 AND C_D_ID = 7 AND C_ID = 57
Error Message: Cannot invoke "java.util.List.get(int)" because the return value of "sg.edu.nus.autotune.DB2DATA.getAllIndexes()" is null


===== Query 2642 =====

SQL: SELECT C_DISCOUNT, C_LAST, C_CREDIT, W_TAX FROM CUSTOMER, WAREHOUSE WHERE W_ID = 2 AND C_W_ID = 2 AND C_D_ID = 6 AND C_ID = 202

EXPLAIN Plan:

Nested Loop  (cost=4.56..16.61 rows=1 width=26) (actual time=0.063..0.064 rows=1 loops=1)

  ->  Index Scan using customer_pkey on customer  (cost=0.42..8.44 rows=1 width=21) (actual time=0.051..0.052 rows=1 loops=1)

        Index Cond: ((c_w_id = 2) AND (c_d_id = 6) AND (c_id = 202))

  ->  Bitmap Heap Scan on warehouse  (cost=4.14..8.15 rows=1 width=5) (actual time=0.006..0.006 rows=1 loops=1)

        Recheck Cond: (w_id = 2)

        Heap Blocks: exact=1

        ->  Bitmap Index Scan on warehouse_pkey  (cost=0.00..4.14 rows=1 width=0) (actual time=0.003..0.003 rows=1 loops=1)

              Index Cond: (w_id = 2)

Planning Time: 0.141 ms

Execution Time: 0.093 ms
Failed SQL 2642: SELECT C_DISCOUNT, C_LAST, C_CREDIT, W_TAX FROM CUSTOMER, WAREHOUSE WHERE W_ID = 2 AND C_W_ID = 2 AND C_D_ID = 6 AND C_ID = 202
Error Message: Cannot invoke "java.util.List.get(int)" because the return value of "sg.edu.nus.autotune.DB2DATA.getAllIndexes()" is null


===== Query 2643 =====

SQL: SELECT D_NEXT_O_ID, D_TAX FROM DISTRICT WHERE D_W_ID = 2 AND D_ID = 6

EXPLAIN Plan:

Index Scan using district_pkey on district  (cost=0.27..8.29 rows=1 width=9) (actual time=0.021..0.023 rows=1 loops=1)

  Index Cond: ((d_w_id = 2) AND (d_id = 6))

Planning Time: 0.100 ms

Execution Time: 0.043 ms
Failed SQL 2643: SELECT D_NEXT_O_ID, D_TAX FROM DISTRICT WHERE D_W_ID = 2 AND D_ID = 6
Error Message: Cannot invoke "java.util.List.get(int)" because the return value of "sg.edu.nus.autotune.DB2DATA.getAllIndexes()" is null


===== Query 2644 =====

SQL: SELECT S_QUANTITY, S_DATA, S_DIST_01, S_DIST_02, S_DIST_03, S_DIST_04, S_DIST_05, S_DIST_06, S_DIST_07, S_DIST_08, S_DIST_09, S_DIST_10 FROM STOCK WHERE S_I_ID = 17958 AND S_W_ID = 1

EXPLAIN Plan:

Index Scan using stock_pkey on stock  (cost=0.42..8.44 rows=1 width=291) (actual time=1.105..1.107 rows=1 loops=1)

  Index Cond: ((s_w_id = 1) AND (s_i_id = 17958))

Planning Time: 0.104 ms

Execution Time: 1.136 ms
Failed SQL 2644: SELECT S_QUANTITY, S_DATA, S_DIST_01, S_DIST_02, S_DIST_03, S_DIST_04, S_DIST_05, S_DIST_06, S_DIST_07, S_DIST_08, S_DIST_09, S_DIST_10 FROM STOCK WHERE S_I_ID = 17958 AND S_W_ID = 1
Error Message: Cannot invoke "java.util.List.get(int)" because the return value of "sg.edu.nus.autotune.DB2DATA.getAllIndexes()" is null


===== Query 2645 =====

SQL: UPDATE DISTRICT SET D_NEXT_O_ID = D_NEXT_O_ID + 1 WHERE D_W_ID = 2 AND D_ID = 6

EXPLAIN Plan:

Update on district  (cost=0.27..8.29 rows=0 width=0) (actual time=0.050..0.050 rows=0 loops=1)

  ->  Index Scan using district_pkey on district  (cost=0.27..8.29 rows=1 width=10) (actual time=0.020..0.022 rows=1 loops=1)

        Index Cond: ((d_w_id = 2) AND (d_id = 6))

Planning Time: 0.085 ms

Execution Time: 0.077 ms
Failed SQL 2645: UPDATE DISTRICT SET D_NEXT_O_ID = D_NEXT_O_ID + 1 WHERE D_W_ID = 2 AND D_ID = 6
Error Message: Cannot invoke "java.util.List.get(int)" because the return value of "sg.edu.nus.autotune.DB2DATA.getAllIndexes()" is null


===== Query 2646 =====

SQL: SELECT I_PRICE, I_NAME , I_DATA FROM ITEM WHERE I_ID = 48359

EXPLAIN Plan:

Index Scan using item_pkey on item  (cost=0.29..8.31 rows=1 width=61) (actual time=0.060..0.062 rows=1 loops=1)

  Index Cond: (i_id = 48359)

Planning Time: 0.090 ms

Execution Time: 0.082 ms
Failed SQL 2646: SELECT I_PRICE, I_NAME , I_DATA FROM ITEM WHERE I_ID = 48359
Error Message: Cannot invoke "java.util.List.get(int)" because the return value of "sg.edu.nus.autotune.DB2DATA.getAllIndexes()" is null


===== Query 2647 =====

SQL: SELECT S_QUANTITY, S_DATA, S_DIST_01, S_DIST_02, S_DIST_03, S_DIST_04, S_DIST_05, S_DIST_06, S_DIST_07, S_DIST_08, S_DIST_09, S_DIST_10 FROM STOCK WHERE S_I_ID = 48359 AND S_W_ID = 2

EXPLAIN Plan:

Index Scan using stock_pkey on stock  (cost=0.42..8.44 rows=1 width=291) (actual time=0.894..0.896 rows=1 loops=1)

  Index Cond: ((s_w_id = 2) AND (s_i_id = 48359))

Planning Time: 0.108 ms

Execution Time: 0.922 ms
Failed SQL 2647: SELECT S_QUANTITY, S_DATA, S_DIST_01, S_DIST_02, S_DIST_03, S_DIST_04, S_DIST_05, S_DIST_06, S_DIST_07, S_DIST_08, S_DIST_09, S_DIST_10 FROM STOCK WHERE S_I_ID = 48359 AND S_W_ID = 2
Error Message: Cannot invoke "java.util.List.get(int)" because the return value of "sg.edu.nus.autotune.DB2DATA.getAllIndexes()" is null


===== Query 2648 =====

SQL: UPDATE STOCK SET S_QUANTITY = 10, S_YTD = S_YTD + 1, S_ORDER_CNT = S_ORDER_CNT + 1, S_REMOTE_CNT = S_REMOTE_CNT + 0 WHERE S_I_ID = 48359 AND S_W_ID = 2

EXPLAIN Plan:

Update on stock  (cost=0.42..8.45 rows=0 width=0) (actual time=0.096..0.097 rows=0 loops=1)

  ->  Index Scan using stock_pkey on stock  (cost=0.42..8.45 rows=1 width=32) (actual time=0.024..0.025 rows=1 loops=1)

        Index Cond: ((s_w_id = 2) AND (s_i_id = 48359))

Planning Time: 0.100 ms

Execution Time: 0.124 ms
Failed SQL 2648: UPDATE STOCK SET S_QUANTITY = 10, S_YTD = S_YTD + 1, S_ORDER_CNT = S_ORDER_CNT + 1, S_REMOTE_CNT = S_REMOTE_CNT + 0 WHERE S_I_ID = 48359 AND S_W_ID = 2
Error Message: Cannot invoke "java.util.List.get(int)" because the return value of "sg.edu.nus.autotune.DB2DATA.getAllIndexes()" is null


===== Query 2649 =====

SQL: SELECT I_PRICE, I_NAME , I_DATA FROM ITEM WHERE I_ID = 65255

EXPLAIN Plan:

Index Scan using item_pkey on item  (cost=0.29..8.31 rows=1 width=61) (actual time=0.052..0.054 rows=1 loops=1)

  Index Cond: (i_id = 65255)

Planning Time: 0.084 ms

Execution Time: 0.072 ms
Failed SQL 2649: SELECT I_PRICE, I_NAME , I_DATA FROM ITEM WHERE I_ID = 65255
Error Message: Cannot invoke "java.util.List.get(int)" because the return value of "sg.edu.nus.autotune.DB2DATA.getAllIndexes()" is null


===== Query 2650 =====

SQL: SELECT S_QUANTITY, S_DATA, S_DIST_01, S_DIST_02, S_DIST_03, S_DIST_04, S_DIST_05, S_DIST_06, S_DIST_07, S_DIST_08, S_DIST_09, S_DIST_10 FROM STOCK WHERE S_I_ID = 65255 AND S_W_ID = 2

EXPLAIN Plan:

Index Scan using stock_pkey on stock  (cost=0.42..8.44 rows=1 width=291) (actual time=0.041..0.043 rows=1 loops=1)

  Index Cond: ((s_w_id = 2) AND (s_i_id = 65255))

Planning Time: 0.095 ms

Execution Time: 0.064 ms
Failed SQL 2650: SELECT S_QUANTITY, S_DATA, S_DIST_01, S_DIST_02, S_DIST_03, S_DIST_04, S_DIST_05, S_DIST_06, S_DIST_07, S_DIST_08, S_DIST_09, S_DIST_10 FROM STOCK WHERE S_I_ID = 65255 AND S_W_ID = 2
Error Message: Cannot invoke "java.util.List.get(int)" because the return value of "sg.edu.nus.autotune.DB2DATA.getAllIndexes()" is null


===== Query 2651 =====

SQL: UPDATE STOCK SET S_QUANTITY = 18, S_YTD = S_YTD + 6, S_ORDER_CNT = S_ORDER_CNT + 1, S_REMOTE_CNT = S_REMOTE_CNT + 0 WHERE S_I_ID = 65255 AND S_W_ID = 2

EXPLAIN Plan:

Update on stock  (cost=0.42..8.45 rows=0 width=0) (actual time=0.097..0.098 rows=0 loops=1)

  ->  Index Scan using stock_pkey on stock  (cost=0.42..8.45 rows=1 width=32) (actual time=0.027..0.028 rows=1 loops=1)

        Index Cond: ((s_w_id = 2) AND (s_i_id = 65255))

Planning Time: 0.106 ms

Execution Time: 0.127 ms
Failed SQL 2651: UPDATE STOCK SET S_QUANTITY = 18, S_YTD = S_YTD + 6, S_ORDER_CNT = S_ORDER_CNT + 1, S_REMOTE_CNT = S_REMOTE_CNT + 0 WHERE S_I_ID = 65255 AND S_W_ID = 2
Error Message: Cannot invoke "java.util.List.get(int)" because the return value of "sg.edu.nus.autotune.DB2DATA.getAllIndexes()" is null


===== Query 2652 =====

SQL: SELECT I_PRICE, I_NAME , I_DATA FROM ITEM WHERE I_ID = 16087

EXPLAIN Plan:

Index Scan using item_pkey on item  (cost=0.29..8.31 rows=1 width=61) (actual time=0.063..0.065 rows=1 loops=1)

  Index Cond: (i_id = 16087)

Planning Time: 0.072 ms

Execution Time: 0.082 ms
Failed SQL 2652: SELECT I_PRICE, I_NAME , I_DATA FROM ITEM WHERE I_ID = 16087
Error Message: Cannot invoke "java.util.List.get(int)" because the return value of "sg.edu.nus.autotune.DB2DATA.getAllIndexes()" is null


===== Query 2653 =====

SQL: SELECT S_QUANTITY, S_DATA, S_DIST_01, S_DIST_02, S_DIST_03, S_DIST_04, S_DIST_05, S_DIST_06, S_DIST_07, S_DIST_08, S_DIST_09, S_DIST_10 FROM STOCK WHERE S_I_ID = 16087 AND S_W_ID = 2

EXPLAIN Plan:

Index Scan using stock_pkey on stock  (cost=0.42..8.44 rows=1 width=291) (actual time=0.053..0.054 rows=1 loops=1)

  Index Cond: ((s_w_id = 2) AND (s_i_id = 16087))

Planning Time: 0.074 ms

Execution Time: 0.070 ms
Failed SQL 2653: SELECT S_QUANTITY, S_DATA, S_DIST_01, S_DIST_02, S_DIST_03, S_DIST_04, S_DIST_05, S_DIST_06, S_DIST_07, S_DIST_08, S_DIST_09, S_DIST_10 FROM STOCK WHERE S_I_ID = 16087 AND S_W_ID = 2
Error Message: Cannot invoke "java.util.List.get(int)" because the return value of "sg.edu.nus.autotune.DB2DATA.getAllIndexes()" is null


===== Query 2654 =====

SQL: UPDATE STOCK SET S_QUANTITY = 73, S_YTD = S_YTD + 10, S_ORDER_CNT = S_ORDER_CNT + 1, S_REMOTE_CNT = S_REMOTE_CNT + 0 WHERE S_I_ID = 16087 AND S_W_ID = 2

EXPLAIN Plan:

Update on stock  (cost=0.42..8.45 rows=0 width=0) (actual time=0.187..0.188 rows=0 loops=1)

  ->  Index Scan using stock_pkey on stock  (cost=0.42..8.45 rows=1 width=32) (actual time=0.048..0.051 rows=1 loops=1)

        Index Cond: ((s_w_id = 2) AND (s_i_id = 16087))

Planning Time: 0.212 ms

Execution Time: 0.236 ms
Failed SQL 2654: UPDATE STOCK SET S_QUANTITY = 73, S_YTD = S_YTD + 10, S_ORDER_CNT = S_ORDER_CNT + 1, S_REMOTE_CNT = S_REMOTE_CNT + 0 WHERE S_I_ID = 16087 AND S_W_ID = 2
Error Message: Cannot invoke "java.util.List.get(int)" because the return value of "sg.edu.nus.autotune.DB2DATA.getAllIndexes()" is null


===== Query 2655 =====

SQL: SELECT I_PRICE, I_NAME , I_DATA FROM ITEM WHERE I_ID = 40419

EXPLAIN Plan:

Index Scan using item_pkey on item  (cost=0.29..8.31 rows=1 width=61) (actual time=0.054..0.067 rows=1 loops=1)

  Index Cond: (i_id = 40419)

Planning Time: 0.088 ms

Execution Time: 0.088 ms
Failed SQL 2655: SELECT I_PRICE, I_NAME , I_DATA FROM ITEM WHERE I_ID = 40419
Error Message: Cannot invoke "java.util.List.get(int)" because the return value of "sg.edu.nus.autotune.DB2DATA.getAllIndexes()" is null


===== Query 2656 =====

SQL: SELECT S_QUANTITY, S_DATA, S_DIST_01, S_DIST_02, S_DIST_03, S_DIST_04, S_DIST_05, S_DIST_06, S_DIST_07, S_DIST_08, S_DIST_09, S_DIST_10 FROM STOCK WHERE S_I_ID = 40419 AND S_W_ID = 2

EXPLAIN Plan:

Index Scan using stock_pkey on stock  (cost=0.42..8.44 rows=1 width=291) (actual time=0.341..0.345 rows=1 loops=1)

  Index Cond: ((s_w_id = 2) AND (s_i_id = 40419))

Planning Time: 0.114 ms

Execution Time: 0.373 ms
Failed SQL 2656: SELECT S_QUANTITY, S_DATA, S_DIST_01, S_DIST_02, S_DIST_03, S_DIST_04, S_DIST_05, S_DIST_06, S_DIST_07, S_DIST_08, S_DIST_09, S_DIST_10 FROM STOCK WHERE S_I_ID = 40419 AND S_W_ID = 2
Error Message: Cannot invoke "java.util.List.get(int)" because the return value of "sg.edu.nus.autotune.DB2DATA.getAllIndexes()" is null


===== Query 2657 =====

SQL: UPDATE STOCK SET S_QUANTITY = 97, S_YTD = S_YTD + 5, S_ORDER_CNT = S_ORDER_CNT + 1, S_REMOTE_CNT = S_REMOTE_CNT + 0 WHERE S_I_ID = 40419 AND S_W_ID = 2

EXPLAIN Plan:

Update on stock  (cost=0.42..8.45 rows=0 width=0) (actual time=0.149..0.150 rows=0 loops=1)

  ->  Index Scan using stock_pkey on stock  (cost=0.42..8.45 rows=1 width=32) (actual time=0.089..0.091 rows=1 loops=1)

        Index Cond: ((s_w_id = 2) AND (s_i_id = 40419))

Planning Time: 0.121 ms

Execution Time: 0.183 ms
Failed SQL 2657: UPDATE STOCK SET S_QUANTITY = 97, S_YTD = S_YTD + 5, S_ORDER_CNT = S_ORDER_CNT + 1, S_REMOTE_CNT = S_REMOTE_CNT + 0 WHERE S_I_ID = 40419 AND S_W_ID = 2
Error Message: Cannot invoke "java.util.List.get(int)" because the return value of "sg.edu.nus.autotune.DB2DATA.getAllIndexes()" is null


===== Query 2658 =====

SQL: SELECT I_PRICE, I_NAME , I_DATA FROM ITEM WHERE I_ID = 13265

EXPLAIN Plan:

Index Scan using item_pkey on item  (cost=0.29..8.31 rows=1 width=61) (actual time=0.862..0.865 rows=1 loops=1)

  Index Cond: (i_id = 13265)

Planning Time: 0.076 ms

Execution Time: 0.883 ms
Failed SQL 2658: SELECT I_PRICE, I_NAME , I_DATA FROM ITEM WHERE I_ID = 13265
Error Message: Cannot invoke "java.util.List.get(int)" because the return value of "sg.edu.nus.autotune.DB2DATA.getAllIndexes()" is null


===== Query 2659 =====

SQL: UPDATE STOCK SET S_QUANTITY = 18, S_YTD = S_YTD + 1, S_ORDER_CNT = S_ORDER_CNT + 1, S_REMOTE_CNT = S_REMOTE_CNT + 0 WHERE S_I_ID = 17958 AND S_W_ID = 1

EXPLAIN Plan:

Update on stock  (cost=0.42..8.45 rows=0 width=0) (actual time=0.114..0.115 rows=0 loops=1)

  ->  Index Scan using stock_pkey on stock  (cost=0.42..8.45 rows=1 width=32) (actual time=0.026..0.027 rows=1 loops=1)

        Index Cond: ((s_w_id = 1) AND (s_i_id = 17958))

Planning Time: 0.112 ms

Execution Time: 0.144 ms
Failed SQL 2659: UPDATE STOCK SET S_QUANTITY = 18, S_YTD = S_YTD + 1, S_ORDER_CNT = S_ORDER_CNT + 1, S_REMOTE_CNT = S_REMOTE_CNT + 0 WHERE S_I_ID = 17958 AND S_W_ID = 1
Error Message: Cannot invoke "java.util.List.get(int)" because the return value of "sg.edu.nus.autotune.DB2DATA.getAllIndexes()" is null


===== Query 2660 =====

SQL: SELECT I_PRICE, I_NAME , I_DATA FROM ITEM WHERE I_ID = 32390

EXPLAIN Plan:

Index Scan using item_pkey on item  (cost=0.29..8.31 rows=1 width=61) (actual time=0.044..0.045 rows=1 loops=1)

  Index Cond: (i_id = 32390)

Planning Time: 0.084 ms

Execution Time: 0.064 ms
Failed SQL 2660: SELECT I_PRICE, I_NAME , I_DATA FROM ITEM WHERE I_ID = 32390
Error Message: Cannot invoke "java.util.List.get(int)" because the return value of "sg.edu.nus.autotune.DB2DATA.getAllIndexes()" is null


===== Query 2661 =====

SQL: SELECT S_QUANTITY, S_DATA, S_DIST_01, S_DIST_02, S_DIST_03, S_DIST_04, S_DIST_05, S_DIST_06, S_DIST_07, S_DIST_08, S_DIST_09, S_DIST_10 FROM STOCK WHERE S_I_ID = 32390 AND S_W_ID = 1

EXPLAIN Plan:

Index Scan using stock_pkey on stock  (cost=0.42..8.44 rows=1 width=291) (actual time=0.066..0.068 rows=1 loops=1)

  Index Cond: ((s_w_id = 1) AND (s_i_id = 32390))

Planning Time: 0.106 ms

Execution Time: 0.092 ms
Failed SQL 2661: SELECT S_QUANTITY, S_DATA, S_DIST_01, S_DIST_02, S_DIST_03, S_DIST_04, S_DIST_05, S_DIST_06, S_DIST_07, S_DIST_08, S_DIST_09, S_DIST_10 FROM STOCK WHERE S_I_ID = 32390 AND S_W_ID = 1
Error Message: Cannot invoke "java.util.List.get(int)" because the return value of "sg.edu.nus.autotune.DB2DATA.getAllIndexes()" is null


===== Query 2662 =====

SQL: SELECT S_QUANTITY, S_DATA, S_DIST_01, S_DIST_02, S_DIST_03, S_DIST_04, S_DIST_05, S_DIST_06, S_DIST_07, S_DIST_08, S_DIST_09, S_DIST_10 FROM STOCK WHERE S_I_ID = 13265 AND S_W_ID = 2

EXPLAIN Plan:

Index Scan using stock_pkey on stock  (cost=0.42..8.44 rows=1 width=291) (actual time=0.900..0.903 rows=1 loops=1)

  Index Cond: ((s_w_id = 2) AND (s_i_id = 13265))

Planning Time: 0.098 ms

Execution Time: 0.926 ms
Failed SQL 2662: SELECT S_QUANTITY, S_DATA, S_DIST_01, S_DIST_02, S_DIST_03, S_DIST_04, S_DIST_05, S_DIST_06, S_DIST_07, S_DIST_08, S_DIST_09, S_DIST_10 FROM STOCK WHERE S_I_ID = 13265 AND S_W_ID = 2
Error Message: Cannot invoke "java.util.List.get(int)" because the return value of "sg.edu.nus.autotune.DB2DATA.getAllIndexes()" is null


===== Query 2663 =====

SQL: UPDATE STOCK SET S_QUANTITY = 83, S_YTD = S_YTD + 5, S_ORDER_CNT = S_ORDER_CNT + 1, S_REMOTE_CNT = S_REMOTE_CNT + 0 WHERE S_I_ID = 32390 AND S_W_ID = 1

EXPLAIN Plan:

Update on stock  (cost=0.42..8.45 rows=0 width=0) (actual time=0.057..0.057 rows=0 loops=1)

  ->  Index Scan using stock_pkey on stock  (cost=0.42..8.45 rows=1 width=32) (actual time=0.017..0.018 rows=1 loops=1)

        Index Cond: ((s_w_id = 1) AND (s_i_id = 32390))

Planning Time: 0.083 ms

Execution Time: 0.076 ms
Failed SQL 2663: UPDATE STOCK SET S_QUANTITY = 83, S_YTD = S_YTD + 5, S_ORDER_CNT = S_ORDER_CNT + 1, S_REMOTE_CNT = S_REMOTE_CNT + 0 WHERE S_I_ID = 32390 AND S_W_ID = 1
Error Message: Cannot invoke "java.util.List.get(int)" because the return value of "sg.edu.nus.autotune.DB2DATA.getAllIndexes()" is null


===== Query 2664 =====

SQL: SELECT I_PRICE, I_NAME , I_DATA FROM ITEM WHERE I_ID = 87015

EXPLAIN Plan:

Index Scan using item_pkey on item  (cost=0.29..8.31 rows=1 width=61) (actual time=2.948..2.950 rows=1 loops=1)

  Index Cond: (i_id = 87015)

Planning Time: 0.060 ms

Execution Time: 2.967 ms
Failed SQL 2664: SELECT I_PRICE, I_NAME , I_DATA FROM ITEM WHERE I_ID = 87015
Error Message: Cannot invoke "java.util.List.get(int)" because the return value of "sg.edu.nus.autotune.DB2DATA.getAllIndexes()" is null


===== Query 2665 =====

SQL: UPDATE STOCK SET S_QUANTITY = 59, S_YTD = S_YTD + 9, S_ORDER_CNT = S_ORDER_CNT + 1, S_REMOTE_CNT = S_REMOTE_CNT + 0 WHERE S_I_ID = 13265 AND S_W_ID = 2

EXPLAIN Plan:

Update on stock  (cost=0.42..8.45 rows=0 width=0) (actual time=0.134..0.135 rows=0 loops=1)

  ->  Index Scan using stock_pkey on stock  (cost=0.42..8.45 rows=1 width=32) (actual time=0.038..0.039 rows=1 loops=1)

        Index Cond: ((s_w_id = 2) AND (s_i_id = 13265))

Planning Time: 0.104 ms

Execution Time: 0.164 ms
Failed SQL 2665: UPDATE STOCK SET S_QUANTITY = 59, S_YTD = S_YTD + 9, S_ORDER_CNT = S_ORDER_CNT + 1, S_REMOTE_CNT = S_REMOTE_CNT + 0 WHERE S_I_ID = 13265 AND S_W_ID = 2
Error Message: Cannot invoke "java.util.List.get(int)" because the return value of "sg.edu.nus.autotune.DB2DATA.getAllIndexes()" is null


===== Query 2666 =====

SQL: SELECT I_PRICE, I_NAME , I_DATA FROM ITEM WHERE I_ID = 44263

EXPLAIN Plan:

Index Scan using item_pkey on item  (cost=0.29..8.31 rows=1 width=61) (actual time=0.833..0.835 rows=1 loops=1)

  Index Cond: (i_id = 44263)

Planning Time: 0.072 ms

Execution Time: 0.851 ms
Failed SQL 2666: SELECT I_PRICE, I_NAME , I_DATA FROM ITEM WHERE I_ID = 44263
Error Message: Cannot invoke "java.util.List.get(int)" because the return value of "sg.edu.nus.autotune.DB2DATA.getAllIndexes()" is null


===== Query 2667 =====

SQL: SELECT S_QUANTITY, S_DATA, S_DIST_01, S_DIST_02, S_DIST_03, S_DIST_04, S_DIST_05, S_DIST_06, S_DIST_07, S_DIST_08, S_DIST_09, S_DIST_10 FROM STOCK WHERE S_I_ID = 87015 AND S_W_ID = 1

EXPLAIN Plan:

Index Scan using stock_pkey on stock  (cost=0.42..8.44 rows=1 width=291) (actual time=0.062..0.064 rows=1 loops=1)

  Index Cond: ((s_w_id = 1) AND (s_i_id = 87015))

Planning Time: 0.114 ms

Execution Time: 0.089 ms
Failed SQL 2667: SELECT S_QUANTITY, S_DATA, S_DIST_01, S_DIST_02, S_DIST_03, S_DIST_04, S_DIST_05, S_DIST_06, S_DIST_07, S_DIST_08, S_DIST_09, S_DIST_10 FROM STOCK WHERE S_I_ID = 87015 AND S_W_ID = 1
Error Message: Cannot invoke "java.util.List.get(int)" because the return value of "sg.edu.nus.autotune.DB2DATA.getAllIndexes()" is null


===== Query 2668 =====

SQL: SELECT S_QUANTITY, S_DATA, S_DIST_01, S_DIST_02, S_DIST_03, S_DIST_04, S_DIST_05, S_DIST_06, S_DIST_07, S_DIST_08, S_DIST_09, S_DIST_10 FROM STOCK WHERE S_I_ID = 44263 AND S_W_ID = 2

EXPLAIN Plan:

Index Scan using stock_pkey on stock  (cost=0.42..8.44 rows=1 width=291) (actual time=0.081..0.083 rows=1 loops=1)

  Index Cond: ((s_w_id = 2) AND (s_i_id = 44263))

Planning Time: 0.095 ms

Execution Time: 0.105 ms
Failed SQL 2668: SELECT S_QUANTITY, S_DATA, S_DIST_01, S_DIST_02, S_DIST_03, S_DIST_04, S_DIST_05, S_DIST_06, S_DIST_07, S_DIST_08, S_DIST_09, S_DIST_10 FROM STOCK WHERE S_I_ID = 44263 AND S_W_ID = 2
Error Message: Cannot invoke "java.util.List.get(int)" because the return value of "sg.edu.nus.autotune.DB2DATA.getAllIndexes()" is null


===== Query 2669 =====

SQL: UPDATE STOCK SET S_QUANTITY = 30, S_YTD = S_YTD + 2, S_ORDER_CNT = S_ORDER_CNT + 1, S_REMOTE_CNT = S_REMOTE_CNT + 0 WHERE S_I_ID = 87015 AND S_W_ID = 1

EXPLAIN Plan:

Update on stock  (cost=0.42..8.45 rows=0 width=0) (actual time=0.112..0.113 rows=0 loops=1)

  ->  Index Scan using stock_pkey on stock  (cost=0.42..8.45 rows=1 width=32) (actual time=0.033..0.035 rows=1 loops=1)

        Index Cond: ((s_w_id = 1) AND (s_i_id = 87015))

Planning Time: 0.101 ms

Execution Time: 0.141 ms
Failed SQL 2669: UPDATE STOCK SET S_QUANTITY = 30, S_YTD = S_YTD + 2, S_ORDER_CNT = S_ORDER_CNT + 1, S_REMOTE_CNT = S_REMOTE_CNT + 0 WHERE S_I_ID = 87015 AND S_W_ID = 1
Error Message: Cannot invoke "java.util.List.get(int)" because the return value of "sg.edu.nus.autotune.DB2DATA.getAllIndexes()" is null


===== Query 2670 =====

SQL: SELECT I_PRICE, I_NAME , I_DATA FROM ITEM WHERE I_ID = 16035

EXPLAIN Plan:

Index Scan using item_pkey on item  (cost=0.29..8.31 rows=1 width=61) (actual time=0.038..0.040 rows=1 loops=1)

  Index Cond: (i_id = 16035)

Planning Time: 0.103 ms

Execution Time: 0.060 ms
Failed SQL 2670: SELECT I_PRICE, I_NAME , I_DATA FROM ITEM WHERE I_ID = 16035
Error Message: Cannot invoke "java.util.List.get(int)" because the return value of "sg.edu.nus.autotune.DB2DATA.getAllIndexes()" is null


===== Query 2671 =====

SQL: SELECT S_QUANTITY, S_DATA, S_DIST_01, S_DIST_02, S_DIST_03, S_DIST_04, S_DIST_05, S_DIST_06, S_DIST_07, S_DIST_08, S_DIST_09, S_DIST_10 FROM STOCK WHERE S_I_ID = 16035 AND S_W_ID = 1

EXPLAIN Plan:

Index Scan using stock_pkey on stock  (cost=0.42..8.44 rows=1 width=291) (actual time=0.043..0.043 rows=1 loops=1)

  Index Cond: ((s_w_id = 1) AND (s_i_id = 16035))

Planning Time: 0.061 ms

Execution Time: 0.055 ms
Failed SQL 2671: SELECT S_QUANTITY, S_DATA, S_DIST_01, S_DIST_02, S_DIST_03, S_DIST_04, S_DIST_05, S_DIST_06, S_DIST_07, S_DIST_08, S_DIST_09, S_DIST_10 FROM STOCK WHERE S_I_ID = 16035 AND S_W_ID = 1
Error Message: Cannot invoke "java.util.List.get(int)" because the return value of "sg.edu.nus.autotune.DB2DATA.getAllIndexes()" is null


===== Query 2672 =====

SQL: UPDATE STOCK SET S_QUANTITY = 31, S_YTD = S_YTD + 4, S_ORDER_CNT = S_ORDER_CNT + 1, S_REMOTE_CNT = S_REMOTE_CNT + 0 WHERE S_I_ID = 16035 AND S_W_ID = 1

EXPLAIN Plan:

Update on stock  (cost=0.42..8.45 rows=0 width=0) (actual time=0.093..0.093 rows=0 loops=1)

  ->  Index Scan using stock_pkey on stock  (cost=0.42..8.45 rows=1 width=32) (actual time=0.029..0.030 rows=1 loops=1)

        Index Cond: ((s_w_id = 1) AND (s_i_id = 16035))

Planning Time: 0.115 ms

Execution Time: 0.136 ms
Failed SQL 2672: UPDATE STOCK SET S_QUANTITY = 31, S_YTD = S_YTD + 4, S_ORDER_CNT = S_ORDER_CNT + 1, S_REMOTE_CNT = S_REMOTE_CNT + 0 WHERE S_I_ID = 16035 AND S_W_ID = 1
Error Message: Cannot invoke "java.util.List.get(int)" because the return value of "sg.edu.nus.autotune.DB2DATA.getAllIndexes()" is null


===== Query 2673 =====

SQL: SELECT I_PRICE, I_NAME , I_DATA FROM ITEM WHERE I_ID = 73407

EXPLAIN Plan:

Index Scan using item_pkey on item  (cost=0.29..8.31 rows=1 width=61) (actual time=0.048..0.049 rows=1 loops=1)

  Index Cond: (i_id = 73407)

Planning Time: 0.091 ms

Execution Time: 0.068 ms
Failed SQL 2673: SELECT I_PRICE, I_NAME , I_DATA FROM ITEM WHERE I_ID = 73407
Error Message: Cannot invoke "java.util.List.get(int)" because the return value of "sg.edu.nus.autotune.DB2DATA.getAllIndexes()" is null


===== Query 2674 =====

SQL: SELECT S_QUANTITY, S_DATA, S_DIST_01, S_DIST_02, S_DIST_03, S_DIST_04, S_DIST_05, S_DIST_06, S_DIST_07, S_DIST_08, S_DIST_09, S_DIST_10 FROM STOCK WHERE S_I_ID = 73407 AND S_W_ID = 1

EXPLAIN Plan:

Index Scan using stock_pkey on stock  (cost=0.42..8.44 rows=1 width=291) (actual time=0.049..0.050 rows=1 loops=1)

  Index Cond: ((s_w_id = 1) AND (s_i_id = 73407))

Planning Time: 0.092 ms

Execution Time: 0.071 ms
Failed SQL 2674: SELECT S_QUANTITY, S_DATA, S_DIST_01, S_DIST_02, S_DIST_03, S_DIST_04, S_DIST_05, S_DIST_06, S_DIST_07, S_DIST_08, S_DIST_09, S_DIST_10 FROM STOCK WHERE S_I_ID = 73407 AND S_W_ID = 1
Error Message: Cannot invoke "java.util.List.get(int)" because the return value of "sg.edu.nus.autotune.DB2DATA.getAllIndexes()" is null


===== Query 2675 =====

SQL: UPDATE STOCK SET S_QUANTITY = 58, S_YTD = S_YTD + 6, S_ORDER_CNT = S_ORDER_CNT + 1, S_REMOTE_CNT = S_REMOTE_CNT + 0 WHERE S_I_ID = 73407 AND S_W_ID = 1

EXPLAIN Plan:

Update on stock  (cost=0.42..8.45 rows=0 width=0) (actual time=0.102..0.102 rows=0 loops=1)

  ->  Index Scan using stock_pkey on stock  (cost=0.42..8.45 rows=1 width=32) (actual time=0.026..0.028 rows=1 loops=1)

        Index Cond: ((s_w_id = 1) AND (s_i_id = 73407))

Planning Time: 0.110 ms

Execution Time: 0.130 ms
Failed SQL 2675: UPDATE STOCK SET S_QUANTITY = 58, S_YTD = S_YTD + 6, S_ORDER_CNT = S_ORDER_CNT + 1, S_REMOTE_CNT = S_REMOTE_CNT + 0 WHERE S_I_ID = 73407 AND S_W_ID = 1
Error Message: Cannot invoke "java.util.List.get(int)" because the return value of "sg.edu.nus.autotune.DB2DATA.getAllIndexes()" is null


===== Query 2676 =====

SQL: SELECT I_PRICE, I_NAME , I_DATA FROM ITEM WHERE I_ID = 15778

EXPLAIN Plan:

Index Scan using item_pkey on item  (cost=0.29..8.31 rows=1 width=61) (actual time=0.366..0.369 rows=1 loops=1)

  Index Cond: (i_id = 15778)

Planning Time: 0.104 ms

Execution Time: 0.388 ms
Failed SQL 2676: SELECT I_PRICE, I_NAME , I_DATA FROM ITEM WHERE I_ID = 15778
Error Message: Cannot invoke "java.util.List.get(int)" because the return value of "sg.edu.nus.autotune.DB2DATA.getAllIndexes()" is null


===== Query 2677 =====

SQL: UPDATE STOCK SET S_QUANTITY = 44, S_YTD = S_YTD + 3, S_ORDER_CNT = S_ORDER_CNT + 1, S_REMOTE_CNT = S_REMOTE_CNT + 0 WHERE S_I_ID = 44263 AND S_W_ID = 2

EXPLAIN Plan:

Update on stock  (cost=0.42..8.45 rows=0 width=0) (actual time=0.096..0.096 rows=0 loops=1)

  ->  Index Scan using stock_pkey on stock  (cost=0.42..8.45 rows=1 width=32) (actual time=0.035..0.036 rows=1 loops=1)

        Index Cond: ((s_w_id = 2) AND (s_i_id = 44263))

Planning Time: 0.119 ms

Execution Time: 0.126 ms
Failed SQL 2677: UPDATE STOCK SET S_QUANTITY = 44, S_YTD = S_YTD + 3, S_ORDER_CNT = S_ORDER_CNT + 1, S_REMOTE_CNT = S_REMOTE_CNT + 0 WHERE S_I_ID = 44263 AND S_W_ID = 2
Error Message: Cannot invoke "java.util.List.get(int)" because the return value of "sg.edu.nus.autotune.DB2DATA.getAllIndexes()" is null


===== Query 2678 =====

SQL: SELECT I_PRICE, I_NAME , I_DATA FROM ITEM WHERE I_ID = 42211

EXPLAIN Plan:

Index Scan using item_pkey on item  (cost=0.29..8.31 rows=1 width=61) (actual time=0.595..0.597 rows=1 loops=1)

  Index Cond: (i_id = 42211)

Planning Time: 0.089 ms

Execution Time: 0.619 ms
Failed SQL 2678: SELECT I_PRICE, I_NAME , I_DATA FROM ITEM WHERE I_ID = 42211
Error Message: Cannot invoke "java.util.List.get(int)" because the return value of "sg.edu.nus.autotune.DB2DATA.getAllIndexes()" is null


===== Query 2679 =====

SQL: SELECT S_QUANTITY, S_DATA, S_DIST_01, S_DIST_02, S_DIST_03, S_DIST_04, S_DIST_05, S_DIST_06, S_DIST_07, S_DIST_08, S_DIST_09, S_DIST_10 FROM STOCK WHERE S_I_ID = 15778 AND S_W_ID = 1

EXPLAIN Plan:

Index Scan using stock_pkey on stock  (cost=0.42..8.44 rows=1 width=291) (actual time=1.018..1.021 rows=1 loops=1)

  Index Cond: ((s_w_id = 1) AND (s_i_id = 15778))

Planning Time: 0.109 ms

Execution Time: 1.048 ms
Failed SQL 2679: SELECT S_QUANTITY, S_DATA, S_DIST_01, S_DIST_02, S_DIST_03, S_DIST_04, S_DIST_05, S_DIST_06, S_DIST_07, S_DIST_08, S_DIST_09, S_DIST_10 FROM STOCK WHERE S_I_ID = 15778 AND S_W_ID = 1
Error Message: Cannot invoke "java.util.List.get(int)" because the return value of "sg.edu.nus.autotune.DB2DATA.getAllIndexes()" is null


===== Query 2680 =====

SQL: UPDATE STOCK SET S_QUANTITY = 32, S_YTD = S_YTD + 3, S_ORDER_CNT = S_ORDER_CNT + 1, S_REMOTE_CNT = S_REMOTE_CNT + 0 WHERE S_I_ID = 15778 AND S_W_ID = 1

EXPLAIN Plan:

Update on stock  (cost=0.42..8.45 rows=0 width=0) (actual time=0.128..0.128 rows=0 loops=1)

  ->  Index Scan using stock_pkey on stock  (cost=0.42..8.45 rows=1 width=32) (actual time=0.044..0.046 rows=1 loops=1)

        Index Cond: ((s_w_id = 1) AND (s_i_id = 15778))

Planning Time: 0.195 ms

Execution Time: 0.159 ms
Failed SQL 2680: UPDATE STOCK SET S_QUANTITY = 32, S_YTD = S_YTD + 3, S_ORDER_CNT = S_ORDER_CNT + 1, S_REMOTE_CNT = S_REMOTE_CNT + 0 WHERE S_I_ID = 15778 AND S_W_ID = 1
Error Message: Cannot invoke "java.util.List.get(int)" because the return value of "sg.edu.nus.autotune.DB2DATA.getAllIndexes()" is null


===== Query 2681 =====

SQL: SELECT I_PRICE, I_NAME , I_DATA FROM ITEM WHERE I_ID = 6211

EXPLAIN Plan:

Index Scan using item_pkey on item  (cost=0.29..8.31 rows=1 width=61) (actual time=0.043..0.044 rows=1 loops=1)

  Index Cond: (i_id = 6211)

Planning Time: 0.071 ms

Execution Time: 0.062 ms
Failed SQL 2681: SELECT I_PRICE, I_NAME , I_DATA FROM ITEM WHERE I_ID = 6211
Error Message: Cannot invoke "java.util.List.get(int)" because the return value of "sg.edu.nus.autotune.DB2DATA.getAllIndexes()" is null


===== Query 2682 =====

SQL: SELECT S_QUANTITY, S_DATA, S_DIST_01, S_DIST_02, S_DIST_03, S_DIST_04, S_DIST_05, S_DIST_06, S_DIST_07, S_DIST_08, S_DIST_09, S_DIST_10 FROM STOCK WHERE S_I_ID = 6211 AND S_W_ID = 1

EXPLAIN Plan:

Index Scan using stock_pkey on stock  (cost=0.42..8.44 rows=1 width=291) (actual time=0.063..0.064 rows=1 loops=1)

  Index Cond: ((s_w_id = 1) AND (s_i_id = 6211))

Planning Time: 0.110 ms

Execution Time: 0.088 ms
Failed SQL 2682: SELECT S_QUANTITY, S_DATA, S_DIST_01, S_DIST_02, S_DIST_03, S_DIST_04, S_DIST_05, S_DIST_06, S_DIST_07, S_DIST_08, S_DIST_09, S_DIST_10 FROM STOCK WHERE S_I_ID = 6211 AND S_W_ID = 1
Error Message: Cannot invoke "java.util.List.get(int)" because the return value of "sg.edu.nus.autotune.DB2DATA.getAllIndexes()" is null


===== Query 2683 =====

SQL: UPDATE STOCK SET S_QUANTITY = 11, S_YTD = S_YTD + 7, S_ORDER_CNT = S_ORDER_CNT + 1, S_REMOTE_CNT = S_REMOTE_CNT + 0 WHERE S_I_ID = 6211 AND S_W_ID = 1

EXPLAIN Plan:

Update on stock  (cost=0.42..8.45 rows=0 width=0) (actual time=0.092..0.092 rows=0 loops=1)

  ->  Index Scan using stock_pkey on stock  (cost=0.42..8.45 rows=1 width=32) (actual time=0.026..0.028 rows=1 loops=1)

        Index Cond: ((s_w_id = 1) AND (s_i_id = 6211))

Planning Time: 0.124 ms

Execution Time: 0.118 ms
Failed SQL 2683: UPDATE STOCK SET S_QUANTITY = 11, S_YTD = S_YTD + 7, S_ORDER_CNT = S_ORDER_CNT + 1, S_REMOTE_CNT = S_REMOTE_CNT + 0 WHERE S_I_ID = 6211 AND S_W_ID = 1
Error Message: Cannot invoke "java.util.List.get(int)" because the return value of "sg.edu.nus.autotune.DB2DATA.getAllIndexes()" is null


===== Query 2684 =====

SQL: SELECT I_PRICE, I_NAME , I_DATA FROM ITEM WHERE I_ID = 81575

EXPLAIN Plan:

Index Scan using item_pkey on item  (cost=0.29..8.31 rows=1 width=61) (actual time=0.045..0.047 rows=1 loops=1)

  Index Cond: (i_id = 81575)

Planning Time: 0.064 ms

Execution Time: 0.062 ms
Failed SQL 2684: SELECT I_PRICE, I_NAME , I_DATA FROM ITEM WHERE I_ID = 81575
Error Message: Cannot invoke "java.util.List.get(int)" because the return value of "sg.edu.nus.autotune.DB2DATA.getAllIndexes()" is null


===== Query 2685 =====

SQL: SELECT S_QUANTITY, S_DATA, S_DIST_01, S_DIST_02, S_DIST_03, S_DIST_04, S_DIST_05, S_DIST_06, S_DIST_07, S_DIST_08, S_DIST_09, S_DIST_10 FROM STOCK WHERE S_I_ID = 81575 AND S_W_ID = 1

EXPLAIN Plan:

Index Scan using stock_pkey on stock  (cost=0.42..8.44 rows=1 width=291) (actual time=0.058..0.059 rows=1 loops=1)

  Index Cond: ((s_w_id = 1) AND (s_i_id = 81575))

Planning Time: 0.082 ms

Execution Time: 0.076 ms
Failed SQL 2685: SELECT S_QUANTITY, S_DATA, S_DIST_01, S_DIST_02, S_DIST_03, S_DIST_04, S_DIST_05, S_DIST_06, S_DIST_07, S_DIST_08, S_DIST_09, S_DIST_10 FROM STOCK WHERE S_I_ID = 81575 AND S_W_ID = 1
Error Message: Cannot invoke "java.util.List.get(int)" because the return value of "sg.edu.nus.autotune.DB2DATA.getAllIndexes()" is null


===== Query 2686 =====

SQL: UPDATE STOCK SET S_QUANTITY = 57, S_YTD = S_YTD + 4, S_ORDER_CNT = S_ORDER_CNT + 1, S_REMOTE_CNT = S_REMOTE_CNT + 0 WHERE S_I_ID = 81575 AND S_W_ID = 1

EXPLAIN Plan:

Update on stock  (cost=0.42..8.45 rows=0 width=0) (actual time=0.114..0.114 rows=0 loops=1)

  ->  Index Scan using stock_pkey on stock  (cost=0.42..8.45 rows=1 width=32) (actual time=0.030..0.031 rows=1 loops=1)

        Index Cond: ((s_w_id = 1) AND (s_i_id = 81575))

Planning Time: 0.118 ms

Execution Time: 0.146 ms
Failed SQL 2686: UPDATE STOCK SET S_QUANTITY = 57, S_YTD = S_YTD + 4, S_ORDER_CNT = S_ORDER_CNT + 1, S_REMOTE_CNT = S_REMOTE_CNT + 0 WHERE S_I_ID = 81575 AND S_W_ID = 1
Error Message: Cannot invoke "java.util.List.get(int)" because the return value of "sg.edu.nus.autotune.DB2DATA.getAllIndexes()" is null


===== Query 2687 =====

SQL: SELECT I_PRICE, I_NAME , I_DATA FROM ITEM WHERE I_ID = 55863

EXPLAIN Plan:

Index Scan using item_pkey on item  (cost=0.29..8.31 rows=1 width=61) (actual time=0.082..0.084 rows=1 loops=1)

  Index Cond: (i_id = 55863)

Planning Time: 0.068 ms

Execution Time: 0.098 ms
Failed SQL 2687: SELECT I_PRICE, I_NAME , I_DATA FROM ITEM WHERE I_ID = 55863
Error Message: Cannot invoke "java.util.List.get(int)" because the return value of "sg.edu.nus.autotune.DB2DATA.getAllIndexes()" is null


===== Query 2688 =====

SQL: SELECT S_QUANTITY, S_DATA, S_DIST_01, S_DIST_02, S_DIST_03, S_DIST_04, S_DIST_05, S_DIST_06, S_DIST_07, S_DIST_08, S_DIST_09, S_DIST_10 FROM STOCK WHERE S_I_ID = 42211 AND S_W_ID = 2

EXPLAIN Plan:

Index Scan using stock_pkey on stock  (cost=0.42..8.44 rows=1 width=291) (actual time=0.453..0.455 rows=1 loops=1)

  Index Cond: ((s_w_id = 2) AND (s_i_id = 42211))

Planning Time: 0.093 ms

Execution Time: 0.478 ms
Failed SQL 2688: SELECT S_QUANTITY, S_DATA, S_DIST_01, S_DIST_02, S_DIST_03, S_DIST_04, S_DIST_05, S_DIST_06, S_DIST_07, S_DIST_08, S_DIST_09, S_DIST_10 FROM STOCK WHERE S_I_ID = 42211 AND S_W_ID = 2
Error Message: Cannot invoke "java.util.List.get(int)" because the return value of "sg.edu.nus.autotune.DB2DATA.getAllIndexes()" is null


===== Query 2689 =====

SQL: UPDATE STOCK SET S_QUANTITY = 63, S_YTD = S_YTD + 2, S_ORDER_CNT = S_ORDER_CNT + 1, S_REMOTE_CNT = S_REMOTE_CNT + 0 WHERE S_I_ID = 42211 AND S_W_ID = 2

EXPLAIN Plan:

Update on stock  (cost=0.42..8.45 rows=0 width=0) (actual time=0.200..0.201 rows=0 loops=1)

  ->  Index Scan using stock_pkey on stock  (cost=0.42..8.45 rows=1 width=32) (actual time=0.054..0.055 rows=1 loops=1)

        Index Cond: ((s_w_id = 2) AND (s_i_id = 42211))

Planning Time: 0.108 ms

Execution Time: 0.230 ms
Failed SQL 2689: UPDATE STOCK SET S_QUANTITY = 63, S_YTD = S_YTD + 2, S_ORDER_CNT = S_ORDER_CNT + 1, S_REMOTE_CNT = S_REMOTE_CNT + 0 WHERE S_I_ID = 42211 AND S_W_ID = 2
Error Message: Cannot invoke "java.util.List.get(int)" because the return value of "sg.edu.nus.autotune.DB2DATA.getAllIndexes()" is null


===== Query 2690 =====

SQL: SELECT I_PRICE, I_NAME , I_DATA FROM ITEM WHERE I_ID = 4599

EXPLAIN Plan:

Index Scan using item_pkey on item  (cost=0.29..8.31 rows=1 width=61) (actual time=0.937..0.940 rows=1 loops=1)

  Index Cond: (i_id = 4599)

Planning Time: 0.128 ms

Execution Time: 0.974 ms
Failed SQL 2690: SELECT I_PRICE, I_NAME , I_DATA FROM ITEM WHERE I_ID = 4599
Error Message: Cannot invoke "java.util.List.get(int)" because the return value of "sg.edu.nus.autotune.DB2DATA.getAllIndexes()" is null


===== Query 2691 =====

SQL: SELECT S_QUANTITY, S_DATA, S_DIST_01, S_DIST_02, S_DIST_03, S_DIST_04, S_DIST_05, S_DIST_06, S_DIST_07, S_DIST_08, S_DIST_09, S_DIST_10 FROM STOCK WHERE S_I_ID = 55863 AND S_W_ID = 1

EXPLAIN Plan:

Index Scan using stock_pkey on stock  (cost=0.42..8.44 rows=1 width=291) (actual time=0.928..0.931 rows=1 loops=1)

  Index Cond: ((s_w_id = 1) AND (s_i_id = 55863))

Planning Time: 0.113 ms

Execution Time: 0.958 ms
Failed SQL 2691: SELECT S_QUANTITY, S_DATA, S_DIST_01, S_DIST_02, S_DIST_03, S_DIST_04, S_DIST_05, S_DIST_06, S_DIST_07, S_DIST_08, S_DIST_09, S_DIST_10 FROM STOCK WHERE S_I_ID = 55863 AND S_W_ID = 1
Error Message: Cannot invoke "java.util.List.get(int)" because the return value of "sg.edu.nus.autotune.DB2DATA.getAllIndexes()" is null


===== Query 2692 =====

SQL: SELECT S_QUANTITY, S_DATA, S_DIST_01, S_DIST_02, S_DIST_03, S_DIST_04, S_DIST_05, S_DIST_06, S_DIST_07, S_DIST_08, S_DIST_09, S_DIST_10 FROM STOCK WHERE S_I_ID = 4599 AND S_W_ID = 2

EXPLAIN Plan:

Index Scan using stock_pkey on stock  (cost=0.42..8.44 rows=1 width=291) (actual time=0.356..0.358 rows=1 loops=1)

  Index Cond: ((s_w_id = 2) AND (s_i_id = 4599))

Planning Time: 0.096 ms

Execution Time: 0.396 ms
Failed SQL 2692: SELECT S_QUANTITY, S_DATA, S_DIST_01, S_DIST_02, S_DIST_03, S_DIST_04, S_DIST_05, S_DIST_06, S_DIST_07, S_DIST_08, S_DIST_09, S_DIST_10 FROM STOCK WHERE S_I_ID = 4599 AND S_W_ID = 2
Error Message: Cannot invoke "java.util.List.get(int)" because the return value of "sg.edu.nus.autotune.DB2DATA.getAllIndexes()" is null


===== Query 2693 =====

SQL: UPDATE STOCK SET S_QUANTITY = 45, S_YTD = S_YTD + 5, S_ORDER_CNT = S_ORDER_CNT + 1, S_REMOTE_CNT = S_REMOTE_CNT + 0 WHERE S_I_ID = 55863 AND S_W_ID = 1

EXPLAIN Plan:

Update on stock  (cost=0.42..8.45 rows=0 width=0) (actual time=0.116..0.117 rows=0 loops=1)

  ->  Index Scan using stock_pkey on stock  (cost=0.42..8.45 rows=1 width=32) (actual time=0.044..0.046 rows=1 loops=1)

        Index Cond: ((s_w_id = 1) AND (s_i_id = 55863))

Planning Time: 0.109 ms

Execution Time: 0.145 ms
Failed SQL 2693: UPDATE STOCK SET S_QUANTITY = 45, S_YTD = S_YTD + 5, S_ORDER_CNT = S_ORDER_CNT + 1, S_REMOTE_CNT = S_REMOTE_CNT + 0 WHERE S_I_ID = 55863 AND S_W_ID = 1
Error Message: Cannot invoke "java.util.List.get(int)" because the return value of "sg.edu.nus.autotune.DB2DATA.getAllIndexes()" is null


===== Query 2694 =====

SQL: SELECT I_PRICE, I_NAME , I_DATA FROM ITEM WHERE I_ID = 51239

EXPLAIN Plan:

Index Scan using item_pkey on item  (cost=0.29..8.31 rows=1 width=61) (actual time=1.746..1.750 rows=1 loops=1)

  Index Cond: (i_id = 51239)

Planning Time: 0.083 ms

Execution Time: 1.771 ms
Failed SQL 2694: SELECT I_PRICE, I_NAME , I_DATA FROM ITEM WHERE I_ID = 51239
Error Message: Cannot invoke "java.util.List.get(int)" because the return value of "sg.edu.nus.autotune.DB2DATA.getAllIndexes()" is null


===== Query 2695 =====

SQL: UPDATE STOCK SET S_QUANTITY = 85, S_YTD = S_YTD + 9, S_ORDER_CNT = S_ORDER_CNT + 1, S_REMOTE_CNT = S_REMOTE_CNT + 0 WHERE S_I_ID = 4599 AND S_W_ID = 2

EXPLAIN Plan:

Update on stock  (cost=0.42..8.45 rows=0 width=0) (actual time=0.097..0.098 rows=0 loops=1)

  ->  Index Scan using stock_pkey on stock  (cost=0.42..8.45 rows=1 width=32) (actual time=0.026..0.028 rows=1 loops=1)

        Index Cond: ((s_w_id = 2) AND (s_i_id = 4599))

Planning Time: 0.105 ms

Execution Time: 0.127 ms
Failed SQL 2695: UPDATE STOCK SET S_QUANTITY = 85, S_YTD = S_YTD + 9, S_ORDER_CNT = S_ORDER_CNT + 1, S_REMOTE_CNT = S_REMOTE_CNT + 0 WHERE S_I_ID = 4599 AND S_W_ID = 2
Error Message: Cannot invoke "java.util.List.get(int)" because the return value of "sg.edu.nus.autotune.DB2DATA.getAllIndexes()" is null


===== Query 2696 =====

SQL: SELECT I_PRICE, I_NAME , I_DATA FROM ITEM WHERE I_ID = 81379

EXPLAIN Plan:

Index Scan using item_pkey on item  (cost=0.29..8.31 rows=1 width=61) (actual time=0.055..0.056 rows=1 loops=1)

  Index Cond: (i_id = 81379)

Planning Time: 0.090 ms

Execution Time: 0.076 ms
Failed SQL 2696: SELECT I_PRICE, I_NAME , I_DATA FROM ITEM WHERE I_ID = 81379
Error Message: Cannot invoke "java.util.List.get(int)" because the return value of "sg.edu.nus.autotune.DB2DATA.getAllIndexes()" is null


===== Query 2697 =====

SQL: SELECT S_QUANTITY, S_DATA, S_DIST_01, S_DIST_02, S_DIST_03, S_DIST_04, S_DIST_05, S_DIST_06, S_DIST_07, S_DIST_08, S_DIST_09, S_DIST_10 FROM STOCK WHERE S_I_ID = 81379 AND S_W_ID = 2

EXPLAIN Plan:

Index Scan using stock_pkey on stock  (cost=0.42..8.44 rows=1 width=291) (actual time=0.395..0.397 rows=1 loops=1)

  Index Cond: ((s_w_id = 2) AND (s_i_id = 81379))

Planning Time: 0.298 ms

Execution Time: 0.428 ms
Failed SQL 2697: SELECT S_QUANTITY, S_DATA, S_DIST_01, S_DIST_02, S_DIST_03, S_DIST_04, S_DIST_05, S_DIST_06, S_DIST_07, S_DIST_08, S_DIST_09, S_DIST_10 FROM STOCK WHERE S_I_ID = 81379 AND S_W_ID = 2
Error Message: Cannot invoke "java.util.List.get(int)" because the return value of "sg.edu.nus.autotune.DB2DATA.getAllIndexes()" is null


===== Query 2698 =====

SQL: UPDATE STOCK SET S_QUANTITY = 37, S_YTD = S_YTD + 10, S_ORDER_CNT = S_ORDER_CNT + 1, S_REMOTE_CNT = S_REMOTE_CNT + 0 WHERE S_I_ID = 81379 AND S_W_ID = 2

EXPLAIN Plan:

Update on stock  (cost=0.42..8.45 rows=0 width=0) (actual time=0.131..0.131 rows=0 loops=1)

  ->  Index Scan using stock_pkey on stock  (cost=0.42..8.45 rows=1 width=32) (actual time=0.026..0.028 rows=1 loops=1)

        Index Cond: ((s_w_id = 2) AND (s_i_id = 81379))

Planning Time: 0.107 ms

Execution Time: 0.160 ms
Failed SQL 2698: UPDATE STOCK SET S_QUANTITY = 37, S_YTD = S_YTD + 10, S_ORDER_CNT = S_ORDER_CNT + 1, S_REMOTE_CNT = S_REMOTE_CNT + 0 WHERE S_I_ID = 81379 AND S_W_ID = 2
Error Message: Cannot invoke "java.util.List.get(int)" because the return value of "sg.edu.nus.autotune.DB2DATA.getAllIndexes()" is null


===== Query 2699 =====

SQL: SELECT I_PRICE, I_NAME , I_DATA FROM ITEM WHERE I_ID = 88663

EXPLAIN Plan:

Index Scan using item_pkey on item  (cost=0.29..8.31 rows=1 width=61) (actual time=0.045..0.045 rows=1 loops=1)

  Index Cond: (i_id = 88663)

Planning Time: 0.051 ms

Execution Time: 0.057 ms
Failed SQL 2699: SELECT I_PRICE, I_NAME , I_DATA FROM ITEM WHERE I_ID = 88663
Error Message: Cannot invoke "java.util.List.get(int)" because the return value of "sg.edu.nus.autotune.DB2DATA.getAllIndexes()" is null


===== Query 2700 =====

SQL: SELECT S_QUANTITY, S_DATA, S_DIST_01, S_DIST_02, S_DIST_03, S_DIST_04, S_DIST_05, S_DIST_06, S_DIST_07, S_DIST_08, S_DIST_09, S_DIST_10 FROM STOCK WHERE S_I_ID = 51239 AND S_W_ID = 1

EXPLAIN Plan:

Index Scan using stock_pkey on stock  (cost=0.42..8.44 rows=1 width=291) (actual time=0.849..0.851 rows=1 loops=1)

  Index Cond: ((s_w_id = 1) AND (s_i_id = 51239))

Planning Time: 0.097 ms

Execution Time: 0.876 ms
Failed SQL 2700: SELECT S_QUANTITY, S_DATA, S_DIST_01, S_DIST_02, S_DIST_03, S_DIST_04, S_DIST_05, S_DIST_06, S_DIST_07, S_DIST_08, S_DIST_09, S_DIST_10 FROM STOCK WHERE S_I_ID = 51239 AND S_W_ID = 1
Error Message: Cannot invoke "java.util.List.get(int)" because the return value of "sg.edu.nus.autotune.DB2DATA.getAllIndexes()" is null


===== Query 2701 =====

SQL: SELECT S_QUANTITY, S_DATA, S_DIST_01, S_DIST_02, S_DIST_03, S_DIST_04, S_DIST_05, S_DIST_06, S_DIST_07, S_DIST_08, S_DIST_09, S_DIST_10 FROM STOCK WHERE S_I_ID = 88663 AND S_W_ID = 2

EXPLAIN Plan:

Index Scan using stock_pkey on stock  (cost=0.42..8.44 rows=1 width=291) (actual time=0.908..0.911 rows=1 loops=1)

  Index Cond: ((s_w_id = 2) AND (s_i_id = 88663))

Planning Time: 0.097 ms

Execution Time: 0.935 ms
Failed SQL 2701: SELECT S_QUANTITY, S_DATA, S_DIST_01, S_DIST_02, S_DIST_03, S_DIST_04, S_DIST_05, S_DIST_06, S_DIST_07, S_DIST_08, S_DIST_09, S_DIST_10 FROM STOCK WHERE S_I_ID = 88663 AND S_W_ID = 2
Error Message: Cannot invoke "java.util.List.get(int)" because the return value of "sg.edu.nus.autotune.DB2DATA.getAllIndexes()" is null


===== Query 2702 =====

SQL: UPDATE STOCK SET S_QUANTITY = 83, S_YTD = S_YTD + 5, S_ORDER_CNT = S_ORDER_CNT + 1, S_REMOTE_CNT = S_REMOTE_CNT + 0 WHERE S_I_ID = 88663 AND S_W_ID = 2

EXPLAIN Plan:

Update on stock  (cost=0.42..8.45 rows=0 width=0) (actual time=0.116..0.116 rows=0 loops=1)

  ->  Index Scan using stock_pkey on stock  (cost=0.42..8.45 rows=1 width=32) (actual time=0.026..0.028 rows=1 loops=1)

        Index Cond: ((s_w_id = 2) AND (s_i_id = 88663))

Planning Time: 0.106 ms

Execution Time: 0.144 ms
Failed SQL 2702: UPDATE STOCK SET S_QUANTITY = 83, S_YTD = S_YTD + 5, S_ORDER_CNT = S_ORDER_CNT + 1, S_REMOTE_CNT = S_REMOTE_CNT + 0 WHERE S_I_ID = 88663 AND S_W_ID = 2
Error Message: Cannot invoke "java.util.List.get(int)" because the return value of "sg.edu.nus.autotune.DB2DATA.getAllIndexes()" is null


===== Query 2703 =====

SQL: SELECT I_PRICE, I_NAME , I_DATA FROM ITEM WHERE I_ID = 85572

EXPLAIN Plan:

Index Scan using item_pkey on item  (cost=0.29..8.31 rows=1 width=61) (actual time=0.052..0.053 rows=1 loops=1)

  Index Cond: (i_id = 85572)

Planning Time: 0.059 ms

Execution Time: 0.066 ms
Failed SQL 2703: SELECT I_PRICE, I_NAME , I_DATA FROM ITEM WHERE I_ID = 85572
Error Message: Cannot invoke "java.util.List.get(int)" because the return value of "sg.edu.nus.autotune.DB2DATA.getAllIndexes()" is null


===== Query 2704 =====

SQL: SELECT S_QUANTITY, S_DATA, S_DIST_01, S_DIST_02, S_DIST_03, S_DIST_04, S_DIST_05, S_DIST_06, S_DIST_07, S_DIST_08, S_DIST_09, S_DIST_10 FROM STOCK WHERE S_I_ID = 85572 AND S_W_ID = 2

EXPLAIN Plan:

Index Scan using stock_pkey on stock  (cost=0.42..8.44 rows=1 width=291) (actual time=0.031..0.032 rows=1 loops=1)

  Index Cond: ((s_w_id = 2) AND (s_i_id = 85572))

Planning Time: 0.062 ms

Execution Time: 0.045 ms
Failed SQL 2704: SELECT S_QUANTITY, S_DATA, S_DIST_01, S_DIST_02, S_DIST_03, S_DIST_04, S_DIST_05, S_DIST_06, S_DIST_07, S_DIST_08, S_DIST_09, S_DIST_10 FROM STOCK WHERE S_I_ID = 85572 AND S_W_ID = 2
Error Message: Cannot invoke "java.util.List.get(int)" because the return value of "sg.edu.nus.autotune.DB2DATA.getAllIndexes()" is null


===== Query 2705 =====

SQL: UPDATE STOCK SET S_QUANTITY = 31, S_YTD = S_YTD + 10, S_ORDER_CNT = S_ORDER_CNT + 1, S_REMOTE_CNT = S_REMOTE_CNT + 0 WHERE S_I_ID = 51239 AND S_W_ID = 1

EXPLAIN Plan:

Update on stock  (cost=0.42..8.45 rows=0 width=0) (actual time=0.097..0.098 rows=0 loops=1)

  ->  Index Scan using stock_pkey on stock  (cost=0.42..8.45 rows=1 width=32) (actual time=0.025..0.027 rows=1 loops=1)

        Index Cond: ((s_w_id = 1) AND (s_i_id = 51239))

Planning Time: 0.113 ms

Execution Time: 0.127 ms
Failed SQL 2705: UPDATE STOCK SET S_QUANTITY = 31, S_YTD = S_YTD + 10, S_ORDER_CNT = S_ORDER_CNT + 1, S_REMOTE_CNT = S_REMOTE_CNT + 0 WHERE S_I_ID = 51239 AND S_W_ID = 1
Error Message: Cannot invoke "java.util.List.get(int)" because the return value of "sg.edu.nus.autotune.DB2DATA.getAllIndexes()" is null


===== Query 2706 =====

SQL: UPDATE WAREHOUSE SET W_YTD = W_YTD + 3339.76 WHERE W_ID = 1

EXPLAIN Plan:

Update on warehouse  (cost=4.14..8.16 rows=0 width=0) (actual time=0.119..0.120 rows=0 loops=1)

  ->  Bitmap Heap Scan on warehouse  (cost=4.14..8.16 rows=1 width=22) (actual time=0.048..0.049 rows=1 loops=1)

        Recheck Cond: (w_id = 1)

        Heap Blocks: exact=1

        ->  Bitmap Index Scan on warehouse_pkey  (cost=0.00..4.14 rows=1 width=0) (actual time=0.027..0.027 rows=1 loops=1)

              Index Cond: (w_id = 1)

Planning Time: 0.097 ms

Execution Time: 0.162 ms
Failed SQL 2706: UPDATE WAREHOUSE SET W_YTD = W_YTD + 3339.76 WHERE W_ID = 1
Error Message: Cannot invoke "java.util.List.get(int)" because the return value of "sg.edu.nus.autotune.DB2DATA.getAllIndexes()" is null


===== Query 2707 =====

SQL: SELECT W_STREET_1, W_STREET_2, W_CITY, W_STATE, W_ZIP, W_NAME FROM WAREHOUSE WHERE W_ID = 1

EXPLAIN Plan:

Bitmap Heap Scan on warehouse  (cost=4.14..8.15 rows=1 width=65) (actual time=0.023..0.024 rows=1 loops=1)

  Recheck Cond: (w_id = 1)

  Heap Blocks: exact=1

  ->  Bitmap Index Scan on warehouse_pkey  (cost=0.00..4.14 rows=1 width=0) (actual time=0.011..0.011 rows=1 loops=1)

        Index Cond: (w_id = 1)

Planning Time: 0.092 ms

Execution Time: 0.058 ms
Failed SQL 2707: SELECT W_STREET_1, W_STREET_2, W_CITY, W_STATE, W_ZIP, W_NAME FROM WAREHOUSE WHERE W_ID = 1
Error Message: Cannot invoke "java.util.List.get(int)" because the return value of "sg.edu.nus.autotune.DB2DATA.getAllIndexes()" is null


===== Query 2708 =====

SQL: UPDATE DISTRICT SET D_YTD = D_YTD + 3339.76 WHERE D_W_ID = 1 AND D_ID = 4

EXPLAIN Plan:

Update on district  (cost=4.28..11.67 rows=0 width=0) (actual time=0.227..0.228 rows=0 loops=1)

  ->  Bitmap Heap Scan on district  (cost=4.28..11.67 rows=2 width=22) (actual time=0.032..0.033 rows=1 loops=1)

        Recheck Cond: ((d_w_id = 1) AND (d_id = 4))

        Heap Blocks: exact=1

        ->  Bitmap Index Scan on district_pkey  (cost=0.00..4.28 rows=2 width=0) (actual time=0.016..0.017 rows=1 loops=1)

              Index Cond: ((d_w_id = 1) AND (d_id = 4))

Planning Time: 0.395 ms

Execution Time: 0.266 ms
Failed SQL 2708: UPDATE DISTRICT SET D_YTD = D_YTD + 3339.76 WHERE D_W_ID = 1 AND D_ID = 4
Error Message: Cannot invoke "java.util.List.get(int)" because the return value of "sg.edu.nus.autotune.DB2DATA.getAllIndexes()" is null


===== Query 2709 =====

SQL: SELECT D_STREET_1, D_STREET_2, D_CITY, D_STATE, D_ZIP, D_NAME FROM DISTRICT WHERE D_W_ID = 1 AND D_ID = 4

EXPLAIN Plan:

Bitmap Heap Scan on district  (cost=4.28..11.66 rows=2 width=64) (actual time=0.022..0.023 rows=1 loops=1)

  Recheck Cond: ((d_w_id = 1) AND (d_id = 4))

  Heap Blocks: exact=1

  ->  Bitmap Index Scan on district_pkey  (cost=0.00..4.28 rows=2 width=0) (actual time=0.010..0.011 rows=1 loops=1)

        Index Cond: ((d_w_id = 1) AND (d_id = 4))

Planning Time: 0.087 ms

Execution Time: 0.049 ms
Failed SQL 2709: SELECT D_STREET_1, D_STREET_2, D_CITY, D_STATE, D_ZIP, D_NAME FROM DISTRICT WHERE D_W_ID = 1 AND D_ID = 4
Error Message: Cannot invoke "java.util.List.get(int)" because the return value of "sg.edu.nus.autotune.DB2DATA.getAllIndexes()" is null


===== Query 2710 =====

SQL: SELECT C_FIRST, C_MIDDLE, C_ID, C_STREET_1, C_STREET_2, C_CITY, C_STATE, C_ZIP, C_PHONE, C_CREDIT, C_CREDIT_LIM, C_DISCOUNT, C_BALANCE, C_YTD_PAYMENT, C_PAYMENT_CNT, C_SINCE FROM CUSTOMER WHERE C_W_ID = 1 AND C_D_ID = 4 AND C_LAST = 'ANTIANTIANTI' ORDER BY C_FIRST

EXPLAIN Plan:

Sort  (cost=7328.77..7328.82 rows=18 width=131) (actual time=6.201..6.206 rows=20 loops=1)

  Sort Key: c_first

  Sort Method: quicksort  Memory: 30kB

  ->  Bitmap Heap Scan on customer  (cost=78.51..7328.40 rows=18 width=131) (actual time=1.291..6.144 rows=20 loops=1)

        Recheck Cond: ((c_w_id = 1) AND (c_d_id = 4))

        Filter: ((c_last)::text = 'ANTIANTIANTI'::text)

        Rows Removed by Filter: 2980

        Heap Blocks: exact=836

        ->  Bitmap Index Scan on customer_pkey  (cost=0.00..78.51 rows=3009 width=0) (actual time=0.705..0.705 rows=3046 loops=1)

              Index Cond: ((c_w_id = 1) AND (c_d_id = 4))

Planning Time: 0.227 ms

Execution Time: 6.284 ms
Failed SQL 2710: SELECT C_FIRST, C_MIDDLE, C_ID, C_STREET_1, C_STREET_2, C_CITY, C_STATE, C_ZIP, C_PHONE, C_CREDIT, C_CREDIT_LIM, C_DISCOUNT, C_BALANCE, C_YTD_PAYMENT, C_PAYMENT_CNT, C_SINCE FROM CUSTOMER WHERE C_W_ID = 1 AND C_D_ID = 4 AND C_LAST = 'ANTIANTIANTI' ORDER BY C_FIRST
Error Message: Cannot invoke "java.util.List.get(int)" because the return value of "sg.edu.nus.autotune.DB2DATA.getAllIndexes()" is null


===== Query 2711 =====

SQL: UPDATE STOCK SET S_QUANTITY = 57, S_YTD = S_YTD + 7, S_ORDER_CNT = S_ORDER_CNT + 1, S_REMOTE_CNT = S_REMOTE_CNT + 0 WHERE S_I_ID = 85572 AND S_W_ID = 2

EXPLAIN Plan:

Update on stock  (cost=0.42..8.45 rows=0 width=0) (actual time=0.130..0.130 rows=0 loops=1)

  ->  Index Scan using stock_pkey on stock  (cost=0.42..8.45 rows=1 width=32) (actual time=0.033..0.035 rows=1 loops=1)

        Index Cond: ((s_w_id = 2) AND (s_i_id = 85572))

Planning Time: 0.098 ms

Execution Time: 0.157 ms
Failed SQL 2711: UPDATE STOCK SET S_QUANTITY = 57, S_YTD = S_YTD + 7, S_ORDER_CNT = S_ORDER_CNT + 1, S_REMOTE_CNT = S_REMOTE_CNT + 0 WHERE S_I_ID = 85572 AND S_W_ID = 2
Error Message: Cannot invoke "java.util.List.get(int)" because the return value of "sg.edu.nus.autotune.DB2DATA.getAllIndexes()" is null


===== Query 2712 =====

SQL: UPDATE WAREHOUSE SET W_YTD = W_YTD + 3467.23 WHERE W_ID = 2

EXPLAIN Plan:

Update on warehouse  (cost=4.14..8.16 rows=0 width=0) (actual time=0.039..0.039 rows=0 loops=1)

  ->  Bitmap Heap Scan on warehouse  (cost=4.14..8.16 rows=1 width=22) (actual time=0.016..0.017 rows=1 loops=1)

        Recheck Cond: (w_id = 2)

        Heap Blocks: exact=1

        ->  Bitmap Index Scan on warehouse_pkey  (cost=0.00..4.14 rows=1 width=0) (actual time=0.008..0.008 rows=1 loops=1)

              Index Cond: (w_id = 2)

Planning Time: 0.067 ms

Execution Time: 0.064 ms
Failed SQL 2712: UPDATE WAREHOUSE SET W_YTD = W_YTD + 3467.23 WHERE W_ID = 2
Error Message: Cannot invoke "java.util.List.get(int)" because the return value of "sg.edu.nus.autotune.DB2DATA.getAllIndexes()" is null


===== Query 2713 =====

SQL: SELECT W_STREET_1, W_STREET_2, W_CITY, W_STATE, W_ZIP, W_NAME FROM WAREHOUSE WHERE W_ID = 2

EXPLAIN Plan:

Bitmap Heap Scan on warehouse  (cost=4.14..8.15 rows=1 width=65) (actual time=0.014..0.015 rows=1 loops=1)

  Recheck Cond: (w_id = 2)

  Heap Blocks: exact=1

  ->  Bitmap Index Scan on warehouse_pkey  (cost=0.00..4.14 rows=1 width=0) (actual time=0.007..0.007 rows=1 loops=1)

        Index Cond: (w_id = 2)

Planning Time: 0.057 ms

Execution Time: 0.032 ms
Failed SQL 2713: SELECT W_STREET_1, W_STREET_2, W_CITY, W_STATE, W_ZIP, W_NAME FROM WAREHOUSE WHERE W_ID = 2
Error Message: Cannot invoke "java.util.List.get(int)" because the return value of "sg.edu.nus.autotune.DB2DATA.getAllIndexes()" is null


===== Query 2714 =====

SQL: UPDATE DISTRICT SET D_YTD = D_YTD + 3467.23 WHERE D_W_ID = 2 AND D_ID = 9

EXPLAIN Plan:

Update on district  (cost=4.28..11.67 rows=0 width=0) (actual time=0.092..0.093 rows=0 loops=1)

  ->  Bitmap Heap Scan on district  (cost=4.28..11.67 rows=2 width=22) (actual time=0.024..0.025 rows=1 loops=1)

        Recheck Cond: ((d_w_id = 2) AND (d_id = 9))

        Heap Blocks: exact=1

        ->  Bitmap Index Scan on district_pkey  (cost=0.00..4.28 rows=2 width=0) (actual time=0.012..0.012 rows=1 loops=1)

              Index Cond: ((d_w_id = 2) AND (d_id = 9))

Planning Time: 0.105 ms

Execution Time: 0.128 ms
Failed SQL 2714: UPDATE DISTRICT SET D_YTD = D_YTD + 3467.23 WHERE D_W_ID = 2 AND D_ID = 9
Error Message: Cannot invoke "java.util.List.get(int)" because the return value of "sg.edu.nus.autotune.DB2DATA.getAllIndexes()" is null


===== Query 2715 =====

SQL: SELECT D_STREET_1, D_STREET_2, D_CITY, D_STATE, D_ZIP, D_NAME FROM DISTRICT WHERE D_W_ID = 2 AND D_ID = 9

EXPLAIN Plan:

Bitmap Heap Scan on district  (cost=4.28..11.66 rows=2 width=64) (actual time=0.046..0.047 rows=1 loops=1)

  Recheck Cond: ((d_w_id = 2) AND (d_id = 9))

  Heap Blocks: exact=1

  ->  Bitmap Index Scan on district_pkey  (cost=0.00..4.28 rows=2 width=0) (actual time=0.026..0.026 rows=1 loops=1)

        Index Cond: ((d_w_id = 2) AND (d_id = 9))

Planning Time: 0.098 ms

Execution Time: 0.078 ms
Failed SQL 2715: SELECT D_STREET_1, D_STREET_2, D_CITY, D_STATE, D_ZIP, D_NAME FROM DISTRICT WHERE D_W_ID = 2 AND D_ID = 9
Error Message: Cannot invoke "java.util.List.get(int)" because the return value of "sg.edu.nus.autotune.DB2DATA.getAllIndexes()" is null


===== Query 2716 =====

SQL: SELECT C_FIRST, C_MIDDLE, C_ID, C_STREET_1, C_STREET_2, C_CITY, C_STATE, C_ZIP, C_PHONE, C_CREDIT, C_CREDIT_LIM, C_DISCOUNT, C_BALANCE, C_YTD_PAYMENT, C_PAYMENT_CNT, C_SINCE FROM CUSTOMER WHERE C_W_ID = 1 AND C_D_ID = 6 AND C_LAST = 'ABLEPRIATION' ORDER BY C_FIRST

EXPLAIN Plan:

Sort  (cost=7378.81..7378.81 rows=2 width=131) (actual time=3.150..3.151 rows=1 loops=1)

  Sort Key: c_first

  Sort Method: quicksort  Memory: 25kB

  ->  Bitmap Heap Scan on customer  (cost=78.82..7378.80 rows=2 width=131) (actual time=0.932..3.131 rows=1 loops=1)

        Recheck Cond: ((c_w_id = 1) AND (c_d_id = 6))

        Filter: ((c_last)::text = 'ABLEPRIATION'::text)

        Rows Removed by Filter: 2999

        Heap Blocks: exact=788

        ->  Bitmap Index Scan on customer_pkey  (cost=0.00..78.82 rows=3040 width=0) (actual time=0.341..0.341 rows=3032 loops=1)

              Index Cond: ((c_w_id = 1) AND (c_d_id = 6))

Planning Time: 0.147 ms

Execution Time: 3.208 ms
Failed SQL 2716: SELECT C_FIRST, C_MIDDLE, C_ID, C_STREET_1, C_STREET_2, C_CITY, C_STATE, C_ZIP, C_PHONE, C_CREDIT, C_CREDIT_LIM, C_DISCOUNT, C_BALANCE, C_YTD_PAYMENT, C_PAYMENT_CNT, C_SINCE FROM CUSTOMER WHERE C_W_ID = 1 AND C_D_ID = 6 AND C_LAST = 'ABLEPRIATION' ORDER BY C_FIRST
Error Message: Cannot invoke "java.util.List.get(int)" because the return value of "sg.edu.nus.autotune.DB2DATA.getAllIndexes()" is null


===== Query 2717 =====

SQL: UPDATE CUSTOMER SET C_BALANCE = -9519.24, C_YTD_PAYMENT = 9519.24, C_PAYMENT_CNT = 4 WHERE C_W_ID = 1 AND C_D_ID = 6 AND C_ID = 239

EXPLAIN Plan:

Update on customer  (cost=0.42..8.44 rows=0 width=0) (actual time=0.213..0.214 rows=0 loops=1)

  ->  Index Scan using customer_pkey on customer  (cost=0.42..8.44 rows=1 width=34) (actual time=0.031..0.033 rows=1 loops=1)

        Index Cond: ((c_w_id = 1) AND (c_d_id = 6) AND (c_id = 239))

Planning Time: 0.129 ms

Execution Time: 0.311 ms
Failed SQL 2717: UPDATE CUSTOMER SET C_BALANCE = -9519.24, C_YTD_PAYMENT = 9519.24, C_PAYMENT_CNT = 4 WHERE C_W_ID = 1 AND C_D_ID = 6 AND C_ID = 239
Error Message: Cannot invoke "java.util.List.get(int)" because the return value of "sg.edu.nus.autotune.DB2DATA.getAllIndexes()" is null


===== Query 2718 =====

SQL: UPDATE WAREHOUSE SET W_YTD = W_YTD + 3647.56 WHERE W_ID = 2

EXPLAIN Plan:

Update on warehouse  (cost=4.14..8.16 rows=0 width=0) (actual time=0.106..0.107 rows=0 loops=1)

  ->  Bitmap Heap Scan on warehouse  (cost=4.14..8.16 rows=1 width=22) (actual time=0.028..0.030 rows=1 loops=1)

        Recheck Cond: (w_id = 2)

        Heap Blocks: exact=1

        ->  Bitmap Index Scan on warehouse_pkey  (cost=0.00..4.14 rows=1 width=0) (actual time=0.013..0.013 rows=1 loops=1)

              Index Cond: (w_id = 2)

Planning Time: 0.110 ms

Execution Time: 0.149 ms
Failed SQL 2718: UPDATE WAREHOUSE SET W_YTD = W_YTD + 3647.56 WHERE W_ID = 2
Error Message: Cannot invoke "java.util.List.get(int)" because the return value of "sg.edu.nus.autotune.DB2DATA.getAllIndexes()" is null


===== Query 2719 =====

SQL: SELECT W_STREET_1, W_STREET_2, W_CITY, W_STATE, W_ZIP, W_NAME FROM WAREHOUSE WHERE W_ID = 2

EXPLAIN Plan:

Bitmap Heap Scan on warehouse  (cost=4.14..8.15 rows=1 width=65) (actual time=0.020..0.021 rows=1 loops=1)

  Recheck Cond: (w_id = 2)

  Heap Blocks: exact=1

  ->  Bitmap Index Scan on warehouse_pkey  (cost=0.00..4.14 rows=1 width=0) (actual time=0.009..0.009 rows=1 loops=1)

        Index Cond: (w_id = 2)

Planning Time: 0.084 ms

Execution Time: 0.047 ms
Failed SQL 2719: SELECT W_STREET_1, W_STREET_2, W_CITY, W_STATE, W_ZIP, W_NAME FROM WAREHOUSE WHERE W_ID = 2
Error Message: Cannot invoke "java.util.List.get(int)" because the return value of "sg.edu.nus.autotune.DB2DATA.getAllIndexes()" is null


===== Query 2720 =====

SQL: UPDATE DISTRICT SET D_YTD = D_YTD + 3647.56 WHERE D_W_ID = 2 AND D_ID = 6

EXPLAIN Plan:

Update on district  (cost=4.28..11.67 rows=0 width=0) (actual time=0.099..0.100 rows=0 loops=1)

  ->  Bitmap Heap Scan on district  (cost=4.28..11.67 rows=2 width=22) (actual time=0.028..0.030 rows=1 loops=1)

        Recheck Cond: ((d_w_id = 2) AND (d_id = 6))

        Heap Blocks: exact=1

        ->  Bitmap Index Scan on district_pkey  (cost=0.00..4.28 rows=2 width=0) (actual time=0.016..0.017 rows=1 loops=1)

              Index Cond: ((d_w_id = 2) AND (d_id = 6))

Planning Time: 0.136 ms

Execution Time: 0.161 ms
Failed SQL 2720: UPDATE DISTRICT SET D_YTD = D_YTD + 3647.56 WHERE D_W_ID = 2 AND D_ID = 6
Error Message: Cannot invoke "java.util.List.get(int)" because the return value of "sg.edu.nus.autotune.DB2DATA.getAllIndexes()" is null


===== Query 2721 =====

SQL: SELECT D_STREET_1, D_STREET_2, D_CITY, D_STATE, D_ZIP, D_NAME FROM DISTRICT WHERE D_W_ID = 2 AND D_ID = 6

EXPLAIN Plan:

Bitmap Heap Scan on district  (cost=4.28..11.66 rows=2 width=64) (actual time=0.016..0.016 rows=1 loops=1)

  Recheck Cond: ((d_w_id = 2) AND (d_id = 6))

  Heap Blocks: exact=1

  ->  Bitmap Index Scan on district_pkey  (cost=0.00..4.28 rows=2 width=0) (actual time=0.009..0.009 rows=1 loops=1)

        Index Cond: ((d_w_id = 2) AND (d_id = 6))

Planning Time: 0.112 ms

Execution Time: 0.035 ms
Failed SQL 2721: SELECT D_STREET_1, D_STREET_2, D_CITY, D_STATE, D_ZIP, D_NAME FROM DISTRICT WHERE D_W_ID = 2 AND D_ID = 6
Error Message: Cannot invoke "java.util.List.get(int)" because the return value of "sg.edu.nus.autotune.DB2DATA.getAllIndexes()" is null


===== Query 2722 =====

SQL: SELECT C_FIRST, C_MIDDLE, C_ID, C_STREET_1, C_STREET_2, C_CITY, C_STATE, C_ZIP, C_PHONE, C_CREDIT, C_CREDIT_LIM, C_DISCOUNT, C_BALANCE, C_YTD_PAYMENT, C_PAYMENT_CNT, C_SINCE FROM CUSTOMER WHERE C_W_ID = 2 AND C_D_ID = 6 AND C_LAST = 'ANTIBAROUGHT' ORDER BY C_FIRST

EXPLAIN Plan:

Sort  (cost=7212.61..7212.61 rows=2 width=131) (actual time=6.119..6.121 rows=5 loops=1)

  Sort Key: c_first

  Sort Method: quicksort  Memory: 26kB

  ->  Bitmap Heap Scan on customer  (cost=77.80..7212.60 rows=2 width=131) (actual time=1.933..6.097 rows=5 loops=1)

        Recheck Cond: ((c_w_id = 2) AND (c_d_id = 6))

        Filter: ((c_last)::text = 'ANTIBAROUGHT'::text)

        Rows Removed by Filter: 2995

        Heap Blocks: exact=781

        ->  Bitmap Index Scan on customer_pkey  (cost=0.00..77.80 rows=2938 width=0) (actual time=0.590..0.591 rows=3031 loops=1)

              Index Cond: ((c_w_id = 2) AND (c_d_id = 6))

Planning Time: 0.160 ms

Execution Time: 6.176 ms
Failed SQL 2722: SELECT C_FIRST, C_MIDDLE, C_ID, C_STREET_1, C_STREET_2, C_CITY, C_STATE, C_ZIP, C_PHONE, C_CREDIT, C_CREDIT_LIM, C_DISCOUNT, C_BALANCE, C_YTD_PAYMENT, C_PAYMENT_CNT, C_SINCE FROM CUSTOMER WHERE C_W_ID = 2 AND C_D_ID = 6 AND C_LAST = 'ANTIBAROUGHT' ORDER BY C_FIRST
Error Message: Cannot invoke "java.util.List.get(int)" because the return value of "sg.edu.nus.autotune.DB2DATA.getAllIndexes()" is null


===== Query 2723 =====

SQL: UPDATE CUSTOMER SET C_BALANCE = -3657.56, C_YTD_PAYMENT = 3657.56, C_PAYMENT_CNT = 2 WHERE C_W_ID = 2 AND C_D_ID = 6 AND C_ID = 2874

EXPLAIN Plan:

Update on customer  (cost=0.42..8.44 rows=0 width=0) (actual time=0.074..0.075 rows=0 loops=1)

  ->  Index Scan using customer_pkey on customer  (cost=0.42..8.44 rows=1 width=34) (actual time=0.022..0.024 rows=1 loops=1)

        Index Cond: ((c_w_id = 2) AND (c_d_id = 6) AND (c_id = 2874))

Planning Time: 0.115 ms

Execution Time: 0.101 ms
Failed SQL 2723: UPDATE CUSTOMER SET C_BALANCE = -3657.56, C_YTD_PAYMENT = 3657.56, C_PAYMENT_CNT = 2 WHERE C_W_ID = 2 AND C_D_ID = 6 AND C_ID = 2874
Error Message: Cannot invoke "java.util.List.get(int)" because the return value of "sg.edu.nus.autotune.DB2DATA.getAllIndexes()" is null


===== Query 2724 =====

SQL: SELECT C_DISCOUNT, C_LAST, C_CREDIT, W_TAX FROM CUSTOMER, WAREHOUSE WHERE W_ID = 2 AND C_W_ID = 2 AND C_D_ID = 2 AND C_ID = 75

EXPLAIN Plan:

Nested Loop  (cost=4.56..16.61 rows=1 width=26) (actual time=1.746..1.748 rows=1 loops=1)

  ->  Index Scan using customer_pkey on customer  (cost=0.42..8.44 rows=1 width=21) (actual time=1.711..1.712 rows=1 loops=1)

        Index Cond: ((c_w_id = 2) AND (c_d_id = 2) AND (c_id = 75))

  ->  Bitmap Heap Scan on warehouse  (cost=4.14..8.15 rows=1 width=5) (actual time=0.020..0.021 rows=1 loops=1)

        Recheck Cond: (w_id = 2)

        Heap Blocks: exact=1

        ->  Bitmap Index Scan on warehouse_pkey  (cost=0.00..4.14 rows=1 width=0) (actual time=0.015..0.015 rows=1 loops=1)

              Index Cond: (w_id = 2)

Planning Time: 0.170 ms

Execution Time: 1.796 ms
Failed SQL 2724: SELECT C_DISCOUNT, C_LAST, C_CREDIT, W_TAX FROM CUSTOMER, WAREHOUSE WHERE W_ID = 2 AND C_W_ID = 2 AND C_D_ID = 2 AND C_ID = 75
Error Message: Cannot invoke "java.util.List.get(int)" because the return value of "sg.edu.nus.autotune.DB2DATA.getAllIndexes()" is null


===== Query 2725 =====

SQL: UPDATE CUSTOMER SET C_BALANCE = -7376.9697, C_YTD_PAYMENT = 7376.9697, C_PAYMENT_CNT = 4 WHERE C_W_ID = 1 AND C_D_ID = 4 AND C_ID = 1627

EXPLAIN Plan:

Update on customer  (cost=0.42..8.44 rows=0 width=0) (actual time=0.168..0.169 rows=0 loops=1)

  ->  Index Scan using customer_pkey on customer  (cost=0.42..8.44 rows=1 width=34) (actual time=0.065..0.067 rows=1 loops=1)

        Index Cond: ((c_w_id = 1) AND (c_d_id = 4) AND (c_id = 1627))

Planning Time: 0.123 ms

Execution Time: 0.217 ms
Failed SQL 2725: UPDATE CUSTOMER SET C_BALANCE = -7376.9697, C_YTD_PAYMENT = 7376.9697, C_PAYMENT_CNT = 4 WHERE C_W_ID = 1 AND C_D_ID = 4 AND C_ID = 1627
Error Message: Cannot invoke "java.util.List.get(int)" because the return value of "sg.edu.nus.autotune.DB2DATA.getAllIndexes()" is null


===== Query 2726 =====

SQL: SELECT C_DISCOUNT, C_LAST, C_CREDIT, W_TAX FROM CUSTOMER, WAREHOUSE WHERE W_ID = 1 AND C_W_ID = 1 AND C_D_ID = 9 AND C_ID = 431

EXPLAIN Plan:

Nested Loop  (cost=4.56..16.61 rows=1 width=26) (actual time=0.069..0.071 rows=1 loops=1)

  ->  Index Scan using customer_pkey on customer  (cost=0.42..8.44 rows=1 width=21) (actual time=0.050..0.051 rows=1 loops=1)

        Index Cond: ((c_w_id = 1) AND (c_d_id = 9) AND (c_id = 431))

  ->  Bitmap Heap Scan on warehouse  (cost=4.14..8.15 rows=1 width=5) (actual time=0.010..0.010 rows=1 loops=1)

        Recheck Cond: (w_id = 1)

        Heap Blocks: exact=1

        ->  Bitmap Index Scan on warehouse_pkey  (cost=0.00..4.14 rows=1 width=0) (actual time=0.005..0.005 rows=1 loops=1)

              Index Cond: (w_id = 1)

Planning Time: 0.199 ms

Execution Time: 0.117 ms
Failed SQL 2726: SELECT C_DISCOUNT, C_LAST, C_CREDIT, W_TAX FROM CUSTOMER, WAREHOUSE WHERE W_ID = 1 AND C_W_ID = 1 AND C_D_ID = 9 AND C_ID = 431
Error Message: Cannot invoke "java.util.List.get(int)" because the return value of "sg.edu.nus.autotune.DB2DATA.getAllIndexes()" is null


===== Query 2727 =====

SQL: SELECT D_NEXT_O_ID, D_TAX FROM DISTRICT WHERE D_W_ID = 2 AND D_ID = 2

EXPLAIN Plan:

Bitmap Heap Scan on district  (cost=4.28..11.66 rows=2 width=9) (actual time=0.023..0.025 rows=1 loops=1)

  Recheck Cond: ((d_w_id = 2) AND (d_id = 2))

  Heap Blocks: exact=1

  ->  Bitmap Index Scan on district_pkey  (cost=0.00..4.28 rows=2 width=0) (actual time=0.014..0.014 rows=1 loops=1)

        Index Cond: ((d_w_id = 2) AND (d_id = 2))

Planning Time: 0.139 ms

Execution Time: 0.064 ms
Failed SQL 2727: SELECT D_NEXT_O_ID, D_TAX FROM DISTRICT WHERE D_W_ID = 2 AND D_ID = 2
Error Message: Cannot invoke "java.util.List.get(int)" because the return value of "sg.edu.nus.autotune.DB2DATA.getAllIndexes()" is null


===== Query 2728 =====

SQL: UPDATE DISTRICT SET D_NEXT_O_ID = D_NEXT_O_ID + 1 WHERE D_W_ID = 2 AND D_ID = 2

EXPLAIN Plan:

Update on district  (cost=4.28..11.67 rows=0 width=0) (actual time=0.096..0.097 rows=0 loops=1)

  ->  Bitmap Heap Scan on district  (cost=4.28..11.67 rows=2 width=10) (actual time=0.020..0.021 rows=1 loops=1)

        Recheck Cond: ((d_w_id = 2) AND (d_id = 2))

        Heap Blocks: exact=1

        ->  Bitmap Index Scan on district_pkey  (cost=0.00..4.28 rows=2 width=0) (actual time=0.011..0.011 rows=1 loops=1)

              Index Cond: ((d_w_id = 2) AND (d_id = 2))

Planning Time: 0.099 ms

Execution Time: 0.144 ms
Failed SQL 2728: UPDATE DISTRICT SET D_NEXT_O_ID = D_NEXT_O_ID + 1 WHERE D_W_ID = 2 AND D_ID = 2
Error Message: Cannot invoke "java.util.List.get(int)" because the return value of "sg.edu.nus.autotune.DB2DATA.getAllIndexes()" is null


===== Query 2729 =====

SQL: SELECT I_PRICE, I_NAME , I_DATA FROM ITEM WHERE I_ID = 56929

EXPLAIN Plan:

Index Scan using item_pkey on item  (cost=0.29..8.31 rows=1 width=61) (actual time=0.062..0.064 rows=1 loops=1)

  Index Cond: (i_id = 56929)

Planning Time: 0.067 ms

Execution Time: 0.078 ms
Failed SQL 2729: SELECT I_PRICE, I_NAME , I_DATA FROM ITEM WHERE I_ID = 56929
Error Message: Cannot invoke "java.util.List.get(int)" because the return value of "sg.edu.nus.autotune.DB2DATA.getAllIndexes()" is null


===== Query 2730 =====

SQL: SELECT S_QUANTITY, S_DATA, S_DIST_01, S_DIST_02, S_DIST_03, S_DIST_04, S_DIST_05, S_DIST_06, S_DIST_07, S_DIST_08, S_DIST_09, S_DIST_10 FROM STOCK WHERE S_I_ID = 56929 AND S_W_ID = 2

EXPLAIN Plan:

Index Scan using stock_pkey on stock  (cost=0.42..8.44 rows=1 width=291) (actual time=1.162..1.165 rows=1 loops=1)

  Index Cond: ((s_w_id = 2) AND (s_i_id = 56929))

Planning Time: 0.143 ms

Execution Time: 1.192 ms
Failed SQL 2730: SELECT S_QUANTITY, S_DATA, S_DIST_01, S_DIST_02, S_DIST_03, S_DIST_04, S_DIST_05, S_DIST_06, S_DIST_07, S_DIST_08, S_DIST_09, S_DIST_10 FROM STOCK WHERE S_I_ID = 56929 AND S_W_ID = 2
Error Message: Cannot invoke "java.util.List.get(int)" because the return value of "sg.edu.nus.autotune.DB2DATA.getAllIndexes()" is null


===== Query 2731 =====

SQL: SELECT D_NEXT_O_ID, D_TAX FROM DISTRICT WHERE D_W_ID = 1 AND D_ID = 9

EXPLAIN Plan:

Bitmap Heap Scan on district  (cost=4.28..11.66 rows=2 width=9) (actual time=0.047..0.048 rows=1 loops=1)

  Recheck Cond: ((d_w_id = 1) AND (d_id = 9))

  Heap Blocks: exact=1

  ->  Bitmap Index Scan on district_pkey  (cost=0.00..4.28 rows=2 width=0) (actual time=0.012..0.012 rows=1 loops=1)

        Index Cond: ((d_w_id = 1) AND (d_id = 9))

Planning Time: 0.097 ms

Execution Time: 0.075 ms
Failed SQL 2731: SELECT D_NEXT_O_ID, D_TAX FROM DISTRICT WHERE D_W_ID = 1 AND D_ID = 9
Error Message: Cannot invoke "java.util.List.get(int)" because the return value of "sg.edu.nus.autotune.DB2DATA.getAllIndexes()" is null


===== Query 2732 =====

SQL: UPDATE STOCK SET S_QUANTITY = 35, S_YTD = S_YTD + 9, S_ORDER_CNT = S_ORDER_CNT + 1, S_REMOTE_CNT = S_REMOTE_CNT + 0 WHERE S_I_ID = 56929 AND S_W_ID = 2

EXPLAIN Plan:

Update on stock  (cost=0.42..8.45 rows=0 width=0) (actual time=0.140..0.141 rows=0 loops=1)

  ->  Index Scan using stock_pkey on stock  (cost=0.42..8.45 rows=1 width=32) (actual time=0.030..0.032 rows=1 loops=1)

        Index Cond: ((s_w_id = 2) AND (s_i_id = 56929))

Planning Time: 0.121 ms

Execution Time: 0.172 ms
Failed SQL 2732: UPDATE STOCK SET S_QUANTITY = 35, S_YTD = S_YTD + 9, S_ORDER_CNT = S_ORDER_CNT + 1, S_REMOTE_CNT = S_REMOTE_CNT + 0 WHERE S_I_ID = 56929 AND S_W_ID = 2
Error Message: Cannot invoke "java.util.List.get(int)" because the return value of "sg.edu.nus.autotune.DB2DATA.getAllIndexes()" is null


===== Query 2733 =====

SQL: UPDATE DISTRICT SET D_NEXT_O_ID = D_NEXT_O_ID + 1 WHERE D_W_ID = 1 AND D_ID = 9

EXPLAIN Plan:

Update on district  (cost=4.28..11.67 rows=0 width=0) (actual time=0.121..0.122 rows=0 loops=1)

  ->  Bitmap Heap Scan on district  (cost=4.28..11.67 rows=2 width=10) (actual time=0.032..0.033 rows=1 loops=1)

        Recheck Cond: ((d_w_id = 1) AND (d_id = 9))

        Heap Blocks: exact=1

        ->  Bitmap Index Scan on district_pkey  (cost=0.00..4.28 rows=2 width=0) (actual time=0.021..0.021 rows=1 loops=1)

              Index Cond: ((d_w_id = 1) AND (d_id = 9))

Planning Time: 0.096 ms

Execution Time: 0.159 ms
Failed SQL 2733: UPDATE DISTRICT SET D_NEXT_O_ID = D_NEXT_O_ID + 1 WHERE D_W_ID = 1 AND D_ID = 9
Error Message: Cannot invoke "java.util.List.get(int)" because the return value of "sg.edu.nus.autotune.DB2DATA.getAllIndexes()" is null


===== Query 2734 =====

SQL: SELECT I_PRICE, I_NAME , I_DATA FROM ITEM WHERE I_ID = 79582

EXPLAIN Plan:

Index Scan using item_pkey on item  (cost=0.29..8.31 rows=1 width=61) (actual time=1.241..1.243 rows=1 loops=1)

  Index Cond: (i_id = 79582)

Planning Time: 0.089 ms

Execution Time: 1.263 ms
Failed SQL 2734: SELECT I_PRICE, I_NAME , I_DATA FROM ITEM WHERE I_ID = 79582
Error Message: Cannot invoke "java.util.List.get(int)" because the return value of "sg.edu.nus.autotune.DB2DATA.getAllIndexes()" is null


===== Query 2735 =====

SQL: SELECT S_QUANTITY, S_DATA, S_DIST_01, S_DIST_02, S_DIST_03, S_DIST_04, S_DIST_05, S_DIST_06, S_DIST_07, S_DIST_08, S_DIST_09, S_DIST_10 FROM STOCK WHERE S_I_ID = 79582 AND S_W_ID = 2

EXPLAIN Plan:

Index Scan using stock_pkey on stock  (cost=0.42..8.44 rows=1 width=291) (actual time=0.073..0.074 rows=1 loops=1)

  Index Cond: ((s_w_id = 2) AND (s_i_id = 79582))

Planning Time: 0.114 ms

Execution Time: 0.098 ms
Failed SQL 2735: SELECT S_QUANTITY, S_DATA, S_DIST_01, S_DIST_02, S_DIST_03, S_DIST_04, S_DIST_05, S_DIST_06, S_DIST_07, S_DIST_08, S_DIST_09, S_DIST_10 FROM STOCK WHERE S_I_ID = 79582 AND S_W_ID = 2
Error Message: Cannot invoke "java.util.List.get(int)" because the return value of "sg.edu.nus.autotune.DB2DATA.getAllIndexes()" is null


===== Query 2736 =====

SQL: SELECT I_PRICE, I_NAME , I_DATA FROM ITEM WHERE I_ID = 99911

EXPLAIN Plan:

Index Scan using item_pkey on item  (cost=0.29..8.31 rows=1 width=61) (actual time=0.895..0.898 rows=1 loops=1)

  Index Cond: (i_id = 99911)

Planning Time: 0.089 ms

Execution Time: 0.922 ms
Failed SQL 2736: SELECT I_PRICE, I_NAME , I_DATA FROM ITEM WHERE I_ID = 99911
Error Message: Cannot invoke "java.util.List.get(int)" because the return value of "sg.edu.nus.autotune.DB2DATA.getAllIndexes()" is null


===== Query 2737 =====

SQL: UPDATE STOCK SET S_QUANTITY = 53, S_YTD = S_YTD + 5, S_ORDER_CNT = S_ORDER_CNT + 1, S_REMOTE_CNT = S_REMOTE_CNT + 0 WHERE S_I_ID = 79582 AND S_W_ID = 2

EXPLAIN Plan:

Update on stock  (cost=0.42..8.45 rows=0 width=0) (actual time=0.093..0.093 rows=0 loops=1)

  ->  Index Scan using stock_pkey on stock  (cost=0.42..8.45 rows=1 width=32) (actual time=0.033..0.034 rows=1 loops=1)

        Index Cond: ((s_w_id = 2) AND (s_i_id = 79582))

Planning Time: 0.083 ms

Execution Time: 0.112 ms
Failed SQL 2737: UPDATE STOCK SET S_QUANTITY = 53, S_YTD = S_YTD + 5, S_ORDER_CNT = S_ORDER_CNT + 1, S_REMOTE_CNT = S_REMOTE_CNT + 0 WHERE S_I_ID = 79582 AND S_W_ID = 2
Error Message: Cannot invoke "java.util.List.get(int)" because the return value of "sg.edu.nus.autotune.DB2DATA.getAllIndexes()" is null


===== Query 2738 =====

SQL: SELECT I_PRICE, I_NAME , I_DATA FROM ITEM WHERE I_ID = 97847

EXPLAIN Plan:

Index Scan using item_pkey on item  (cost=0.29..8.31 rows=1 width=61) (actual time=0.061..0.063 rows=1 loops=1)

  Index Cond: (i_id = 97847)

Planning Time: 0.076 ms

Execution Time: 0.083 ms
Failed SQL 2738: SELECT I_PRICE, I_NAME , I_DATA FROM ITEM WHERE I_ID = 97847
Error Message: Cannot invoke "java.util.List.get(int)" because the return value of "sg.edu.nus.autotune.DB2DATA.getAllIndexes()" is null


===== Query 2739 =====

SQL: SELECT S_QUANTITY, S_DATA, S_DIST_01, S_DIST_02, S_DIST_03, S_DIST_04, S_DIST_05, S_DIST_06, S_DIST_07, S_DIST_08, S_DIST_09, S_DIST_10 FROM STOCK WHERE S_I_ID = 97847 AND S_W_ID = 2

EXPLAIN Plan:

Index Scan using stock_pkey on stock  (cost=0.42..8.44 rows=1 width=291) (actual time=0.374..0.377 rows=1 loops=1)

  Index Cond: ((s_w_id = 2) AND (s_i_id = 97847))

Planning Time: 0.163 ms

Execution Time: 0.432 ms
Failed SQL 2739: SELECT S_QUANTITY, S_DATA, S_DIST_01, S_DIST_02, S_DIST_03, S_DIST_04, S_DIST_05, S_DIST_06, S_DIST_07, S_DIST_08, S_DIST_09, S_DIST_10 FROM STOCK WHERE S_I_ID = 97847 AND S_W_ID = 2
Error Message: Cannot invoke "java.util.List.get(int)" because the return value of "sg.edu.nus.autotune.DB2DATA.getAllIndexes()" is null


===== Query 2740 =====

SQL: UPDATE STOCK SET S_QUANTITY = 54, S_YTD = S_YTD + 9, S_ORDER_CNT = S_ORDER_CNT + 1, S_REMOTE_CNT = S_REMOTE_CNT + 0 WHERE S_I_ID = 97847 AND S_W_ID = 2

EXPLAIN Plan:

Update on stock  (cost=0.42..8.45 rows=0 width=0) (actual time=0.114..0.115 rows=0 loops=1)

  ->  Index Scan using stock_pkey on stock  (cost=0.42..8.45 rows=1 width=32) (actual time=0.040..0.041 rows=1 loops=1)

        Index Cond: ((s_w_id = 2) AND (s_i_id = 97847))

Planning Time: 0.120 ms

Execution Time: 0.147 ms
Failed SQL 2740: UPDATE STOCK SET S_QUANTITY = 54, S_YTD = S_YTD + 9, S_ORDER_CNT = S_ORDER_CNT + 1, S_REMOTE_CNT = S_REMOTE_CNT + 0 WHERE S_I_ID = 97847 AND S_W_ID = 2
Error Message: Cannot invoke "java.util.List.get(int)" because the return value of "sg.edu.nus.autotune.DB2DATA.getAllIndexes()" is null


===== Query 2741 =====

SQL: SELECT I_PRICE, I_NAME , I_DATA FROM ITEM WHERE I_ID = 64357

EXPLAIN Plan:

Index Scan using item_pkey on item  (cost=0.29..8.31 rows=1 width=61) (actual time=1.908..1.911 rows=1 loops=1)

  Index Cond: (i_id = 64357)

Planning Time: 0.053 ms

Execution Time: 1.925 ms
Failed SQL 2741: SELECT I_PRICE, I_NAME , I_DATA FROM ITEM WHERE I_ID = 64357
Error Message: Cannot invoke "java.util.List.get(int)" because the return value of "sg.edu.nus.autotune.DB2DATA.getAllIndexes()" is null


===== Query 2742 =====

SQL: SELECT S_QUANTITY, S_DATA, S_DIST_01, S_DIST_02, S_DIST_03, S_DIST_04, S_DIST_05, S_DIST_06, S_DIST_07, S_DIST_08, S_DIST_09, S_DIST_10 FROM STOCK WHERE S_I_ID = 64357 AND S_W_ID = 2

EXPLAIN Plan:

Index Scan using stock_pkey on stock  (cost=0.42..8.44 rows=1 width=291) (actual time=0.949..0.952 rows=1 loops=1)

  Index Cond: ((s_w_id = 2) AND (s_i_id = 64357))

Planning Time: 0.162 ms

Execution Time: 0.980 ms
Failed SQL 2742: SELECT S_QUANTITY, S_DATA, S_DIST_01, S_DIST_02, S_DIST_03, S_DIST_04, S_DIST_05, S_DIST_06, S_DIST_07, S_DIST_08, S_DIST_09, S_DIST_10 FROM STOCK WHERE S_I_ID = 64357 AND S_W_ID = 2
Error Message: Cannot invoke "java.util.List.get(int)" because the return value of "sg.edu.nus.autotune.DB2DATA.getAllIndexes()" is null


===== Query 2743 =====

SQL: SELECT S_QUANTITY, S_DATA, S_DIST_01, S_DIST_02, S_DIST_03, S_DIST_04, S_DIST_05, S_DIST_06, S_DIST_07, S_DIST_08, S_DIST_09, S_DIST_10 FROM STOCK WHERE S_I_ID = 99911 AND S_W_ID = 1

EXPLAIN Plan:

Index Scan using stock_pkey on stock  (cost=0.42..8.44 rows=1 width=291) (actual time=0.334..0.336 rows=1 loops=1)

  Index Cond: ((s_w_id = 1) AND (s_i_id = 99911))

Planning Time: 0.100 ms

Execution Time: 0.358 ms
Failed SQL 2743: SELECT S_QUANTITY, S_DATA, S_DIST_01, S_DIST_02, S_DIST_03, S_DIST_04, S_DIST_05, S_DIST_06, S_DIST_07, S_DIST_08, S_DIST_09, S_DIST_10 FROM STOCK WHERE S_I_ID = 99911 AND S_W_ID = 1
Error Message: Cannot invoke "java.util.List.get(int)" because the return value of "sg.edu.nus.autotune.DB2DATA.getAllIndexes()" is null


===== Query 2744 =====

SQL: UPDATE STOCK SET S_QUANTITY = 48, S_YTD = S_YTD + 5, S_ORDER_CNT = S_ORDER_CNT + 1, S_REMOTE_CNT = S_REMOTE_CNT + 0 WHERE S_I_ID = 99911 AND S_W_ID = 1

EXPLAIN Plan:

Update on stock  (cost=0.42..8.45 rows=0 width=0) (actual time=0.188..0.189 rows=0 loops=1)

  ->  Index Scan using stock_pkey on stock  (cost=0.42..8.45 rows=1 width=32) (actual time=0.060..0.062 rows=1 loops=1)

        Index Cond: ((s_w_id = 1) AND (s_i_id = 99911))

Planning Time: 0.124 ms

Execution Time: 0.232 ms
Failed SQL 2744: UPDATE STOCK SET S_QUANTITY = 48, S_YTD = S_YTD + 5, S_ORDER_CNT = S_ORDER_CNT + 1, S_REMOTE_CNT = S_REMOTE_CNT + 0 WHERE S_I_ID = 99911 AND S_W_ID = 1
Error Message: Cannot invoke "java.util.List.get(int)" because the return value of "sg.edu.nus.autotune.DB2DATA.getAllIndexes()" is null


===== Query 2745 =====

SQL: SELECT I_PRICE, I_NAME , I_DATA FROM ITEM WHERE I_ID = 31559

EXPLAIN Plan:

Index Scan using item_pkey on item  (cost=0.29..8.31 rows=1 width=61) (actual time=0.054..0.055 rows=1 loops=1)

  Index Cond: (i_id = 31559)

Planning Time: 0.072 ms

Execution Time: 0.071 ms
Failed SQL 2745: SELECT I_PRICE, I_NAME , I_DATA FROM ITEM WHERE I_ID = 31559
Error Message: Cannot invoke "java.util.List.get(int)" because the return value of "sg.edu.nus.autotune.DB2DATA.getAllIndexes()" is null


===== Query 2746 =====

SQL: SELECT S_QUANTITY, S_DATA, S_DIST_01, S_DIST_02, S_DIST_03, S_DIST_04, S_DIST_05, S_DIST_06, S_DIST_07, S_DIST_08, S_DIST_09, S_DIST_10 FROM STOCK WHERE S_I_ID = 31559 AND S_W_ID = 1

EXPLAIN Plan:

Index Scan using stock_pkey on stock  (cost=0.42..8.44 rows=1 width=291) (actual time=1.018..1.022 rows=1 loops=1)

  Index Cond: ((s_w_id = 1) AND (s_i_id = 31559))

Planning Time: 0.121 ms

Execution Time: 1.205 ms
Failed SQL 2746: SELECT S_QUANTITY, S_DATA, S_DIST_01, S_DIST_02, S_DIST_03, S_DIST_04, S_DIST_05, S_DIST_06, S_DIST_07, S_DIST_08, S_DIST_09, S_DIST_10 FROM STOCK WHERE S_I_ID = 31559 AND S_W_ID = 1
Error Message: Cannot invoke "java.util.List.get(int)" because the return value of "sg.edu.nus.autotune.DB2DATA.getAllIndexes()" is null


===== Query 2747 =====

SQL: UPDATE STOCK SET S_QUANTITY = 14, S_YTD = S_YTD + 6, S_ORDER_CNT = S_ORDER_CNT + 1, S_REMOTE_CNT = S_REMOTE_CNT + 0 WHERE S_I_ID = 64357 AND S_W_ID = 2

EXPLAIN Plan:

Update on stock  (cost=0.42..8.45 rows=0 width=0) (actual time=0.125..0.125 rows=0 loops=1)

  ->  Index Scan using stock_pkey on stock  (cost=0.42..8.45 rows=1 width=32) (actual time=0.036..0.038 rows=1 loops=1)

        Index Cond: ((s_w_id = 2) AND (s_i_id = 64357))

Planning Time: 0.123 ms

Execution Time: 0.162 ms
Failed SQL 2747: UPDATE STOCK SET S_QUANTITY = 14, S_YTD = S_YTD + 6, S_ORDER_CNT = S_ORDER_CNT + 1, S_REMOTE_CNT = S_REMOTE_CNT + 0 WHERE S_I_ID = 64357 AND S_W_ID = 2
Error Message: Cannot invoke "java.util.List.get(int)" because the return value of "sg.edu.nus.autotune.DB2DATA.getAllIndexes()" is null


===== Query 2748 =====

SQL: SELECT I_PRICE, I_NAME , I_DATA FROM ITEM WHERE I_ID = 70487

EXPLAIN Plan:

Index Scan using item_pkey on item  (cost=0.29..8.31 rows=1 width=61) (actual time=0.938..0.940 rows=1 loops=1)

  Index Cond: (i_id = 70487)

Planning Time: 0.079 ms

Execution Time: 0.962 ms
Failed SQL 2748: SELECT I_PRICE, I_NAME , I_DATA FROM ITEM WHERE I_ID = 70487
Error Message: Cannot invoke "java.util.List.get(int)" because the return value of "sg.edu.nus.autotune.DB2DATA.getAllIndexes()" is null


===== Query 2749 =====

SQL: UPDATE STOCK SET S_QUANTITY = 33, S_YTD = S_YTD + 8, S_ORDER_CNT = S_ORDER_CNT + 1, S_REMOTE_CNT = S_REMOTE_CNT + 0 WHERE S_I_ID = 31559 AND S_W_ID = 1

EXPLAIN Plan:

Update on stock  (cost=0.42..8.45 rows=0 width=0) (actual time=0.059..0.059 rows=0 loops=1)

  ->  Index Scan using stock_pkey on stock  (cost=0.42..8.45 rows=1 width=32) (actual time=0.023..0.025 rows=1 loops=1)

        Index Cond: ((s_w_id = 1) AND (s_i_id = 31559))

Planning Time: 0.101 ms

Execution Time: 0.087 ms
Failed SQL 2749: UPDATE STOCK SET S_QUANTITY = 33, S_YTD = S_YTD + 8, S_ORDER_CNT = S_ORDER_CNT + 1, S_REMOTE_CNT = S_REMOTE_CNT + 0 WHERE S_I_ID = 31559 AND S_W_ID = 1
Error Message: Cannot invoke "java.util.List.get(int)" because the return value of "sg.edu.nus.autotune.DB2DATA.getAllIndexes()" is null


===== Query 2750 =====

SQL: SELECT I_PRICE, I_NAME , I_DATA FROM ITEM WHERE I_ID = 8671

EXPLAIN Plan:

Index Scan using item_pkey on item  (cost=0.29..8.31 rows=1 width=61) (actual time=1.144..1.147 rows=1 loops=1)

  Index Cond: (i_id = 8671)

Planning Time: 0.079 ms

Execution Time: 1.169 ms
Failed SQL 2750: SELECT I_PRICE, I_NAME , I_DATA FROM ITEM WHERE I_ID = 8671
Error Message: Cannot invoke "java.util.List.get(int)" because the return value of "sg.edu.nus.autotune.DB2DATA.getAllIndexes()" is null


===== Query 2751 =====

SQL: SELECT S_QUANTITY, S_DATA, S_DIST_01, S_DIST_02, S_DIST_03, S_DIST_04, S_DIST_05, S_DIST_06, S_DIST_07, S_DIST_08, S_DIST_09, S_DIST_10 FROM STOCK WHERE S_I_ID = 70487 AND S_W_ID = 2

EXPLAIN Plan:

Index Scan using stock_pkey on stock  (cost=0.42..8.44 rows=1 width=291) (actual time=0.861..0.864 rows=1 loops=1)

  Index Cond: ((s_w_id = 2) AND (s_i_id = 70487))

Planning Time: 0.097 ms

Execution Time: 0.891 ms
Failed SQL 2751: SELECT S_QUANTITY, S_DATA, S_DIST_01, S_DIST_02, S_DIST_03, S_DIST_04, S_DIST_05, S_DIST_06, S_DIST_07, S_DIST_08, S_DIST_09, S_DIST_10 FROM STOCK WHERE S_I_ID = 70487 AND S_W_ID = 2
Error Message: Cannot invoke "java.util.List.get(int)" because the return value of "sg.edu.nus.autotune.DB2DATA.getAllIndexes()" is null


===== Query 2752 =====

SQL: SELECT S_QUANTITY, S_DATA, S_DIST_01, S_DIST_02, S_DIST_03, S_DIST_04, S_DIST_05, S_DIST_06, S_DIST_07, S_DIST_08, S_DIST_09, S_DIST_10 FROM STOCK WHERE S_I_ID = 8671 AND S_W_ID = 1

EXPLAIN Plan:

Index Scan using stock_pkey on stock  (cost=0.42..8.44 rows=1 width=291) (actual time=1.162..1.165 rows=1 loops=1)

  Index Cond: ((s_w_id = 1) AND (s_i_id = 8671))

Planning Time: 0.110 ms

Execution Time: 1.192 ms
Failed SQL 2752: SELECT S_QUANTITY, S_DATA, S_DIST_01, S_DIST_02, S_DIST_03, S_DIST_04, S_DIST_05, S_DIST_06, S_DIST_07, S_DIST_08, S_DIST_09, S_DIST_10 FROM STOCK WHERE S_I_ID = 8671 AND S_W_ID = 1
Error Message: Cannot invoke "java.util.List.get(int)" because the return value of "sg.edu.nus.autotune.DB2DATA.getAllIndexes()" is null


===== Query 2753 =====

SQL: UPDATE STOCK SET S_QUANTITY = 98, S_YTD = S_YTD + 4, S_ORDER_CNT = S_ORDER_CNT + 1, S_REMOTE_CNT = S_REMOTE_CNT + 0 WHERE S_I_ID = 70487 AND S_W_ID = 2

EXPLAIN Plan:

Update on stock  (cost=0.42..8.45 rows=0 width=0) (actual time=0.081..0.082 rows=0 loops=1)

  ->  Index Scan using stock_pkey on stock  (cost=0.42..8.45 rows=1 width=32) (actual time=0.027..0.028 rows=1 loops=1)

        Index Cond: ((s_w_id = 2) AND (s_i_id = 70487))

Planning Time: 0.092 ms

Execution Time: 0.102 ms
Failed SQL 2753: UPDATE STOCK SET S_QUANTITY = 98, S_YTD = S_YTD + 4, S_ORDER_CNT = S_ORDER_CNT + 1, S_REMOTE_CNT = S_REMOTE_CNT + 0 WHERE S_I_ID = 70487 AND S_W_ID = 2
Error Message: Cannot invoke "java.util.List.get(int)" because the return value of "sg.edu.nus.autotune.DB2DATA.getAllIndexes()" is null


===== Query 2754 =====

SQL: SELECT I_PRICE, I_NAME , I_DATA FROM ITEM WHERE I_ID = 32388

EXPLAIN Plan:

Index Scan using item_pkey on item  (cost=0.29..8.31 rows=1 width=61) (actual time=0.054..0.055 rows=1 loops=1)

  Index Cond: (i_id = 32388)

Planning Time: 0.073 ms

Execution Time: 0.072 ms
Failed SQL 2754: SELECT I_PRICE, I_NAME , I_DATA FROM ITEM WHERE I_ID = 32388
Error Message: Cannot invoke "java.util.List.get(int)" because the return value of "sg.edu.nus.autotune.DB2DATA.getAllIndexes()" is null


===== Query 2755 =====

SQL: SELECT S_QUANTITY, S_DATA, S_DIST_01, S_DIST_02, S_DIST_03, S_DIST_04, S_DIST_05, S_DIST_06, S_DIST_07, S_DIST_08, S_DIST_09, S_DIST_10 FROM STOCK WHERE S_I_ID = 32388 AND S_W_ID = 2

EXPLAIN Plan:

Index Scan using stock_pkey on stock  (cost=0.42..8.44 rows=1 width=291) (actual time=0.048..0.049 rows=1 loops=1)

  Index Cond: ((s_w_id = 2) AND (s_i_id = 32388))

Planning Time: 0.062 ms

Execution Time: 0.063 ms
Failed SQL 2755: SELECT S_QUANTITY, S_DATA, S_DIST_01, S_DIST_02, S_DIST_03, S_DIST_04, S_DIST_05, S_DIST_06, S_DIST_07, S_DIST_08, S_DIST_09, S_DIST_10 FROM STOCK WHERE S_I_ID = 32388 AND S_W_ID = 2
Error Message: Cannot invoke "java.util.List.get(int)" because the return value of "sg.edu.nus.autotune.DB2DATA.getAllIndexes()" is null


===== Query 2756 =====

SQL: UPDATE STOCK SET S_QUANTITY = 96, S_YTD = S_YTD + 1, S_ORDER_CNT = S_ORDER_CNT + 1, S_REMOTE_CNT = S_REMOTE_CNT + 0 WHERE S_I_ID = 8671 AND S_W_ID = 1

EXPLAIN Plan:

Update on stock  (cost=0.42..8.45 rows=0 width=0) (actual time=0.109..0.110 rows=0 loops=1)

  ->  Index Scan using stock_pkey on stock  (cost=0.42..8.45 rows=1 width=32) (actual time=0.035..0.037 rows=1 loops=1)

        Index Cond: ((s_w_id = 1) AND (s_i_id = 8671))

Planning Time: 0.114 ms

Execution Time: 0.139 ms
Failed SQL 2756: UPDATE STOCK SET S_QUANTITY = 96, S_YTD = S_YTD + 1, S_ORDER_CNT = S_ORDER_CNT + 1, S_REMOTE_CNT = S_REMOTE_CNT + 0 WHERE S_I_ID = 8671 AND S_W_ID = 1
Error Message: Cannot invoke "java.util.List.get(int)" because the return value of "sg.edu.nus.autotune.DB2DATA.getAllIndexes()" is null


===== Query 2757 =====

SQL: SELECT I_PRICE, I_NAME , I_DATA FROM ITEM WHERE I_ID = 81431

EXPLAIN Plan:

Index Scan using item_pkey on item  (cost=0.29..8.31 rows=1 width=61) (actual time=0.066..0.068 rows=1 loops=1)

  Index Cond: (i_id = 81431)

Planning Time: 0.089 ms

Execution Time: 0.088 ms
Failed SQL 2757: SELECT I_PRICE, I_NAME , I_DATA FROM ITEM WHERE I_ID = 81431
Error Message: Cannot invoke "java.util.List.get(int)" because the return value of "sg.edu.nus.autotune.DB2DATA.getAllIndexes()" is null


===== Query 2758 =====

SQL: SELECT S_QUANTITY, S_DATA, S_DIST_01, S_DIST_02, S_DIST_03, S_DIST_04, S_DIST_05, S_DIST_06, S_DIST_07, S_DIST_08, S_DIST_09, S_DIST_10 FROM STOCK WHERE S_I_ID = 81431 AND S_W_ID = 1

EXPLAIN Plan:

Index Scan using stock_pkey on stock  (cost=0.42..8.44 rows=1 width=291) (actual time=0.053..0.055 rows=1 loops=1)

  Index Cond: ((s_w_id = 1) AND (s_i_id = 81431))

Planning Time: 0.093 ms

Execution Time: 0.077 ms
Failed SQL 2758: SELECT S_QUANTITY, S_DATA, S_DIST_01, S_DIST_02, S_DIST_03, S_DIST_04, S_DIST_05, S_DIST_06, S_DIST_07, S_DIST_08, S_DIST_09, S_DIST_10 FROM STOCK WHERE S_I_ID = 81431 AND S_W_ID = 1
Error Message: Cannot invoke "java.util.List.get(int)" because the return value of "sg.edu.nus.autotune.DB2DATA.getAllIndexes()" is null


===== Query 2759 =====

SQL: UPDATE STOCK SET S_QUANTITY = 55, S_YTD = S_YTD + 8, S_ORDER_CNT = S_ORDER_CNT + 1, S_REMOTE_CNT = S_REMOTE_CNT + 0 WHERE S_I_ID = 81431 AND S_W_ID = 1

EXPLAIN Plan:

Update on stock  (cost=0.42..8.45 rows=0 width=0) (actual time=0.082..0.082 rows=0 loops=1)

  ->  Index Scan using stock_pkey on stock  (cost=0.42..8.45 rows=1 width=32) (actual time=0.024..0.026 rows=1 loops=1)

        Index Cond: ((s_w_id = 1) AND (s_i_id = 81431))

Planning Time: 0.102 ms

Execution Time: 0.111 ms
Failed SQL 2759: UPDATE STOCK SET S_QUANTITY = 55, S_YTD = S_YTD + 8, S_ORDER_CNT = S_ORDER_CNT + 1, S_REMOTE_CNT = S_REMOTE_CNT + 0 WHERE S_I_ID = 81431 AND S_W_ID = 1
Error Message: Cannot invoke "java.util.List.get(int)" because the return value of "sg.edu.nus.autotune.DB2DATA.getAllIndexes()" is null


===== Query 2760 =====

SQL: SELECT I_PRICE, I_NAME , I_DATA FROM ITEM WHERE I_ID = 57056

EXPLAIN Plan:

Index Scan using item_pkey on item  (cost=0.29..8.31 rows=1 width=61) (actual time=0.062..0.064 rows=1 loops=1)

  Index Cond: (i_id = 57056)

Planning Time: 0.071 ms

Execution Time: 0.081 ms
Failed SQL 2760: SELECT I_PRICE, I_NAME , I_DATA FROM ITEM WHERE I_ID = 57056
Error Message: Cannot invoke "java.util.List.get(int)" because the return value of "sg.edu.nus.autotune.DB2DATA.getAllIndexes()" is null


===== Query 2761 =====

SQL: SELECT S_QUANTITY, S_DATA, S_DIST_01, S_DIST_02, S_DIST_03, S_DIST_04, S_DIST_05, S_DIST_06, S_DIST_07, S_DIST_08, S_DIST_09, S_DIST_10 FROM STOCK WHERE S_I_ID = 57056 AND S_W_ID = 1

EXPLAIN Plan:

Index Scan using stock_pkey on stock  (cost=0.42..8.44 rows=1 width=291) (actual time=0.859..0.863 rows=1 loops=1)

  Index Cond: ((s_w_id = 1) AND (s_i_id = 57056))

Planning Time: 0.096 ms

Execution Time: 0.886 ms
Failed SQL 2761: SELECT S_QUANTITY, S_DATA, S_DIST_01, S_DIST_02, S_DIST_03, S_DIST_04, S_DIST_05, S_DIST_06, S_DIST_07, S_DIST_08, S_DIST_09, S_DIST_10 FROM STOCK WHERE S_I_ID = 57056 AND S_W_ID = 1
Error Message: Cannot invoke "java.util.List.get(int)" because the return value of "sg.edu.nus.autotune.DB2DATA.getAllIndexes()" is null


===== Query 2762 =====

SQL: UPDATE STOCK SET S_QUANTITY = 62, S_YTD = S_YTD + 3, S_ORDER_CNT = S_ORDER_CNT + 1, S_REMOTE_CNT = S_REMOTE_CNT + 0 WHERE S_I_ID = 57056 AND S_W_ID = 1

EXPLAIN Plan:

Update on stock  (cost=0.42..8.45 rows=0 width=0) (actual time=0.111..0.112 rows=0 loops=1)

  ->  Index Scan using stock_pkey on stock  (cost=0.42..8.45 rows=1 width=32) (actual time=0.025..0.026 rows=1 loops=1)

        Index Cond: ((s_w_id = 1) AND (s_i_id = 57056))

Planning Time: 0.098 ms

Execution Time: 0.148 ms
Failed SQL 2762: UPDATE STOCK SET S_QUANTITY = 62, S_YTD = S_YTD + 3, S_ORDER_CNT = S_ORDER_CNT + 1, S_REMOTE_CNT = S_REMOTE_CNT + 0 WHERE S_I_ID = 57056 AND S_W_ID = 1
Error Message: Cannot invoke "java.util.List.get(int)" because the return value of "sg.edu.nus.autotune.DB2DATA.getAllIndexes()" is null


===== Query 2763 =====

SQL: SELECT I_PRICE, I_NAME , I_DATA FROM ITEM WHERE I_ID = 72671

EXPLAIN Plan:

Index Scan using item_pkey on item  (cost=0.29..8.31 rows=1 width=61) (actual time=0.050..0.051 rows=1 loops=1)

  Index Cond: (i_id = 72671)

Planning Time: 0.073 ms

Execution Time: 0.069 ms
Failed SQL 2763: SELECT I_PRICE, I_NAME , I_DATA FROM ITEM WHERE I_ID = 72671
Error Message: Cannot invoke "java.util.List.get(int)" because the return value of "sg.edu.nus.autotune.DB2DATA.getAllIndexes()" is null


===== Query 2764 =====

SQL: SELECT S_QUANTITY, S_DATA, S_DIST_01, S_DIST_02, S_DIST_03, S_DIST_04, S_DIST_05, S_DIST_06, S_DIST_07, S_DIST_08, S_DIST_09, S_DIST_10 FROM STOCK WHERE S_I_ID = 72671 AND S_W_ID = 1

EXPLAIN Plan:

Index Scan using stock_pkey on stock  (cost=0.42..8.44 rows=1 width=291) (actual time=1.197..1.199 rows=1 loops=1)

  Index Cond: ((s_w_id = 1) AND (s_i_id = 72671))

Planning Time: 0.093 ms

Execution Time: 1.224 ms
Failed SQL 2764: SELECT S_QUANTITY, S_DATA, S_DIST_01, S_DIST_02, S_DIST_03, S_DIST_04, S_DIST_05, S_DIST_06, S_DIST_07, S_DIST_08, S_DIST_09, S_DIST_10 FROM STOCK WHERE S_I_ID = 72671 AND S_W_ID = 1
Error Message: Cannot invoke "java.util.List.get(int)" because the return value of "sg.edu.nus.autotune.DB2DATA.getAllIndexes()" is null


===== Query 2765 =====

SQL: UPDATE STOCK SET S_QUANTITY = 17, S_YTD = S_YTD + 6, S_ORDER_CNT = S_ORDER_CNT + 1, S_REMOTE_CNT = S_REMOTE_CNT + 0 WHERE S_I_ID = 32388 AND S_W_ID = 2

EXPLAIN Plan:

Update on stock  (cost=0.42..8.45 rows=0 width=0) (actual time=0.118..0.118 rows=0 loops=1)

  ->  Index Scan using stock_pkey on stock  (cost=0.42..8.45 rows=1 width=32) (actual time=0.024..0.026 rows=1 loops=1)

        Index Cond: ((s_w_id = 2) AND (s_i_id = 32388))

Planning Time: 0.099 ms

Execution Time: 0.146 ms
Failed SQL 2765: UPDATE STOCK SET S_QUANTITY = 17, S_YTD = S_YTD + 6, S_ORDER_CNT = S_ORDER_CNT + 1, S_REMOTE_CNT = S_REMOTE_CNT + 0 WHERE S_I_ID = 32388 AND S_W_ID = 2
Error Message: Cannot invoke "java.util.List.get(int)" because the return value of "sg.edu.nus.autotune.DB2DATA.getAllIndexes()" is null


===== Query 2766 =====

SQL: SELECT I_PRICE, I_NAME , I_DATA FROM ITEM WHERE I_ID = 88515

EXPLAIN Plan:

Index Scan using item_pkey on item  (cost=0.29..8.31 rows=1 width=61) (actual time=1.002..1.005 rows=1 loops=1)

  Index Cond: (i_id = 88515)

Planning Time: 0.100 ms

Execution Time: 1.027 ms
Failed SQL 2766: SELECT I_PRICE, I_NAME , I_DATA FROM ITEM WHERE I_ID = 88515
Error Message: Cannot invoke "java.util.List.get(int)" because the return value of "sg.edu.nus.autotune.DB2DATA.getAllIndexes()" is null


===== Query 2767 =====

SQL: UPDATE STOCK SET S_QUANTITY = 68, S_YTD = S_YTD + 1, S_ORDER_CNT = S_ORDER_CNT + 1, S_REMOTE_CNT = S_REMOTE_CNT + 0 WHERE S_I_ID = 72671 AND S_W_ID = 1

EXPLAIN Plan:

Update on stock  (cost=0.42..8.45 rows=0 width=0) (actual time=0.114..0.114 rows=0 loops=1)

  ->  Index Scan using stock_pkey on stock  (cost=0.42..8.45 rows=1 width=32) (actual time=0.067..0.069 rows=1 loops=1)

        Index Cond: ((s_w_id = 1) AND (s_i_id = 72671))

Planning Time: 0.120 ms

Execution Time: 0.144 ms
Failed SQL 2767: UPDATE STOCK SET S_QUANTITY = 68, S_YTD = S_YTD + 1, S_ORDER_CNT = S_ORDER_CNT + 1, S_REMOTE_CNT = S_REMOTE_CNT + 0 WHERE S_I_ID = 72671 AND S_W_ID = 1
Error Message: Cannot invoke "java.util.List.get(int)" because the return value of "sg.edu.nus.autotune.DB2DATA.getAllIndexes()" is null


===== Query 2768 =====

SQL: SELECT I_PRICE, I_NAME , I_DATA FROM ITEM WHERE I_ID = 82855

EXPLAIN Plan:

Index Scan using item_pkey on item  (cost=0.29..8.31 rows=1 width=61) (actual time=1.241..1.244 rows=1 loops=1)

  Index Cond: (i_id = 82855)

Planning Time: 0.072 ms

Execution Time: 1.262 ms
Failed SQL 2768: SELECT I_PRICE, I_NAME , I_DATA FROM ITEM WHERE I_ID = 82855
Error Message: Cannot invoke "java.util.List.get(int)" because the return value of "sg.edu.nus.autotune.DB2DATA.getAllIndexes()" is null


===== Query 2769 =====

SQL: SELECT S_QUANTITY, S_DATA, S_DIST_01, S_DIST_02, S_DIST_03, S_DIST_04, S_DIST_05, S_DIST_06, S_DIST_07, S_DIST_08, S_DIST_09, S_DIST_10 FROM STOCK WHERE S_I_ID = 82855 AND S_W_ID = 1

EXPLAIN Plan:

Index Scan using stock_pkey on stock  (cost=0.42..8.44 rows=1 width=291) (actual time=1.157..1.159 rows=1 loops=1)

  Index Cond: ((s_w_id = 1) AND (s_i_id = 82855))

Planning Time: 0.094 ms

Execution Time: 1.183 ms
Failed SQL 2769: SELECT S_QUANTITY, S_DATA, S_DIST_01, S_DIST_02, S_DIST_03, S_DIST_04, S_DIST_05, S_DIST_06, S_DIST_07, S_DIST_08, S_DIST_09, S_DIST_10 FROM STOCK WHERE S_I_ID = 82855 AND S_W_ID = 1
Error Message: Cannot invoke "java.util.List.get(int)" because the return value of "sg.edu.nus.autotune.DB2DATA.getAllIndexes()" is null


===== Query 2770 =====

SQL: SELECT S_QUANTITY, S_DATA, S_DIST_01, S_DIST_02, S_DIST_03, S_DIST_04, S_DIST_05, S_DIST_06, S_DIST_07, S_DIST_08, S_DIST_09, S_DIST_10 FROM STOCK WHERE S_I_ID = 88515 AND S_W_ID = 2

EXPLAIN Plan:

Index Scan using stock_pkey on stock  (cost=0.42..8.44 rows=1 width=291) (actual time=0.917..0.920 rows=1 loops=1)

  Index Cond: ((s_w_id = 2) AND (s_i_id = 88515))

Planning Time: 0.099 ms

Execution Time: 0.947 ms
Failed SQL 2770: SELECT S_QUANTITY, S_DATA, S_DIST_01, S_DIST_02, S_DIST_03, S_DIST_04, S_DIST_05, S_DIST_06, S_DIST_07, S_DIST_08, S_DIST_09, S_DIST_10 FROM STOCK WHERE S_I_ID = 88515 AND S_W_ID = 2
Error Message: Cannot invoke "java.util.List.get(int)" because the return value of "sg.edu.nus.autotune.DB2DATA.getAllIndexes()" is null


===== Query 2771 =====

SQL: UPDATE STOCK SET S_QUANTITY = 53, S_YTD = S_YTD + 2, S_ORDER_CNT = S_ORDER_CNT + 1, S_REMOTE_CNT = S_REMOTE_CNT + 0 WHERE S_I_ID = 82855 AND S_W_ID = 1

EXPLAIN Plan:

Update on stock  (cost=0.42..8.45 rows=0 width=0) (actual time=0.083..0.083 rows=0 loops=1)

  ->  Index Scan using stock_pkey on stock  (cost=0.42..8.45 rows=1 width=32) (actual time=0.028..0.029 rows=1 loops=1)

        Index Cond: ((s_w_id = 1) AND (s_i_id = 82855))

Planning Time: 0.108 ms

Execution Time: 0.107 ms
Failed SQL 2771: UPDATE STOCK SET S_QUANTITY = 53, S_YTD = S_YTD + 2, S_ORDER_CNT = S_ORDER_CNT + 1, S_REMOTE_CNT = S_REMOTE_CNT + 0 WHERE S_I_ID = 82855 AND S_W_ID = 1
Error Message: Cannot invoke "java.util.List.get(int)" because the return value of "sg.edu.nus.autotune.DB2DATA.getAllIndexes()" is null


===== Query 2772 =====

SQL: SELECT I_PRICE, I_NAME , I_DATA FROM ITEM WHERE I_ID = 48574

EXPLAIN Plan:

Index Scan using item_pkey on item  (cost=0.29..8.31 rows=1 width=61) (actual time=0.034..0.035 rows=1 loops=1)

  Index Cond: (i_id = 48574)

Planning Time: 0.046 ms

Execution Time: 0.045 ms
Failed SQL 2772: SELECT I_PRICE, I_NAME , I_DATA FROM ITEM WHERE I_ID = 48574
Error Message: Cannot invoke "java.util.List.get(int)" because the return value of "sg.edu.nus.autotune.DB2DATA.getAllIndexes()" is null


===== Query 2773 =====

SQL: SELECT S_QUANTITY, S_DATA, S_DIST_01, S_DIST_02, S_DIST_03, S_DIST_04, S_DIST_05, S_DIST_06, S_DIST_07, S_DIST_08, S_DIST_09, S_DIST_10 FROM STOCK WHERE S_I_ID = 48574 AND S_W_ID = 1

EXPLAIN Plan:

Index Scan using stock_pkey on stock  (cost=0.42..8.44 rows=1 width=291) (actual time=2.383..2.387 rows=1 loops=1)

  Index Cond: ((s_w_id = 1) AND (s_i_id = 48574))

Planning Time: 0.094 ms

Execution Time: 2.413 ms
Failed SQL 2773: SELECT S_QUANTITY, S_DATA, S_DIST_01, S_DIST_02, S_DIST_03, S_DIST_04, S_DIST_05, S_DIST_06, S_DIST_07, S_DIST_08, S_DIST_09, S_DIST_10 FROM STOCK WHERE S_I_ID = 48574 AND S_W_ID = 1
Error Message: Cannot invoke "java.util.List.get(int)" because the return value of "sg.edu.nus.autotune.DB2DATA.getAllIndexes()" is null


===== Query 2774 =====

SQL: UPDATE STOCK SET S_QUANTITY = 41, S_YTD = S_YTD + 4, S_ORDER_CNT = S_ORDER_CNT + 1, S_REMOTE_CNT = S_REMOTE_CNT + 0 WHERE S_I_ID = 88515 AND S_W_ID = 2

EXPLAIN Plan:

Update on stock  (cost=0.42..8.45 rows=0 width=0) (actual time=0.061..0.061 rows=0 loops=1)

  ->  Index Scan using stock_pkey on stock  (cost=0.42..8.45 rows=1 width=32) (actual time=0.024..0.025 rows=1 loops=1)

        Index Cond: ((s_w_id = 2) AND (s_i_id = 88515))

Planning Time: 0.098 ms

Execution Time: 0.089 ms
Failed SQL 2774: UPDATE STOCK SET S_QUANTITY = 41, S_YTD = S_YTD + 4, S_ORDER_CNT = S_ORDER_CNT + 1, S_REMOTE_CNT = S_REMOTE_CNT + 0 WHERE S_I_ID = 88515 AND S_W_ID = 2
Error Message: Cannot invoke "java.util.List.get(int)" because the return value of "sg.edu.nus.autotune.DB2DATA.getAllIndexes()" is null


===== Query 2775 =====

SQL: SELECT I_PRICE, I_NAME , I_DATA FROM ITEM WHERE I_ID = 20183

EXPLAIN Plan:

Index Scan using item_pkey on item  (cost=0.29..8.31 rows=1 width=61) (actual time=0.052..0.053 rows=1 loops=1)

  Index Cond: (i_id = 20183)

Planning Time: 0.071 ms

Execution Time: 0.070 ms
Failed SQL 2775: SELECT I_PRICE, I_NAME , I_DATA FROM ITEM WHERE I_ID = 20183
Error Message: Cannot invoke "java.util.List.get(int)" because the return value of "sg.edu.nus.autotune.DB2DATA.getAllIndexes()" is null


===== Query 2776 =====

SQL: SELECT S_QUANTITY, S_DATA, S_DIST_01, S_DIST_02, S_DIST_03, S_DIST_04, S_DIST_05, S_DIST_06, S_DIST_07, S_DIST_08, S_DIST_09, S_DIST_10 FROM STOCK WHERE S_I_ID = 20183 AND S_W_ID = 2

EXPLAIN Plan:

Index Scan using stock_pkey on stock  (cost=0.42..8.44 rows=1 width=291) (actual time=0.894..0.897 rows=1 loops=1)

  Index Cond: ((s_w_id = 2) AND (s_i_id = 20183))

Planning Time: 0.110 ms

Execution Time: 0.925 ms
Failed SQL 2776: SELECT S_QUANTITY, S_DATA, S_DIST_01, S_DIST_02, S_DIST_03, S_DIST_04, S_DIST_05, S_DIST_06, S_DIST_07, S_DIST_08, S_DIST_09, S_DIST_10 FROM STOCK WHERE S_I_ID = 20183 AND S_W_ID = 2
Error Message: Cannot invoke "java.util.List.get(int)" because the return value of "sg.edu.nus.autotune.DB2DATA.getAllIndexes()" is null


===== Query 2777 =====

SQL: UPDATE STOCK SET S_QUANTITY = 80, S_YTD = S_YTD + 2, S_ORDER_CNT = S_ORDER_CNT + 1, S_REMOTE_CNT = S_REMOTE_CNT + 0 WHERE S_I_ID = 20183 AND S_W_ID = 2

EXPLAIN Plan:

Update on stock  (cost=0.42..8.45 rows=0 width=0) (actual time=0.099..0.100 rows=0 loops=1)

  ->  Index Scan using stock_pkey on stock  (cost=0.42..8.45 rows=1 width=32) (actual time=0.030..0.032 rows=1 loops=1)

        Index Cond: ((s_w_id = 2) AND (s_i_id = 20183))

Planning Time: 0.124 ms

Execution Time: 0.130 ms
Failed SQL 2777: UPDATE STOCK SET S_QUANTITY = 80, S_YTD = S_YTD + 2, S_ORDER_CNT = S_ORDER_CNT + 1, S_REMOTE_CNT = S_REMOTE_CNT + 0 WHERE S_I_ID = 20183 AND S_W_ID = 2
Error Message: Cannot invoke "java.util.List.get(int)" because the return value of "sg.edu.nus.autotune.DB2DATA.getAllIndexes()" is null


===== Query 2778 =====

SQL: SELECT I_PRICE, I_NAME , I_DATA FROM ITEM WHERE I_ID = 65195

EXPLAIN Plan:

Index Scan using item_pkey on item  (cost=0.29..8.31 rows=1 width=61) (actual time=0.057..0.058 rows=1 loops=1)

  Index Cond: (i_id = 65195)

Planning Time: 0.071 ms

Execution Time: 0.075 ms
Failed SQL 2778: SELECT I_PRICE, I_NAME , I_DATA FROM ITEM WHERE I_ID = 65195
Error Message: Cannot invoke "java.util.List.get(int)" because the return value of "sg.edu.nus.autotune.DB2DATA.getAllIndexes()" is null


===== Query 2779 =====

SQL: SELECT S_QUANTITY, S_DATA, S_DIST_01, S_DIST_02, S_DIST_03, S_DIST_04, S_DIST_05, S_DIST_06, S_DIST_07, S_DIST_08, S_DIST_09, S_DIST_10 FROM STOCK WHERE S_I_ID = 65195 AND S_W_ID = 2

EXPLAIN Plan:

Index Scan using stock_pkey on stock  (cost=0.42..8.44 rows=1 width=291) (actual time=0.976..0.978 rows=1 loops=1)

  Index Cond: ((s_w_id = 2) AND (s_i_id = 65195))

Planning Time: 0.111 ms

Execution Time: 1.004 ms
Failed SQL 2779: SELECT S_QUANTITY, S_DATA, S_DIST_01, S_DIST_02, S_DIST_03, S_DIST_04, S_DIST_05, S_DIST_06, S_DIST_07, S_DIST_08, S_DIST_09, S_DIST_10 FROM STOCK WHERE S_I_ID = 65195 AND S_W_ID = 2
Error Message: Cannot invoke "java.util.List.get(int)" because the return value of "sg.edu.nus.autotune.DB2DATA.getAllIndexes()" is null


===== Query 2780 =====

SQL: UPDATE STOCK SET S_QUANTITY = 84, S_YTD = S_YTD + 5, S_ORDER_CNT = S_ORDER_CNT + 1, S_REMOTE_CNT = S_REMOTE_CNT + 0 WHERE S_I_ID = 65195 AND S_W_ID = 2

EXPLAIN Plan:

Update on stock  (cost=0.42..8.45 rows=0 width=0) (actual time=0.115..0.115 rows=0 loops=1)

  ->  Index Scan using stock_pkey on stock  (cost=0.42..8.45 rows=1 width=32) (actual time=0.025..0.027 rows=1 loops=1)

        Index Cond: ((s_w_id = 2) AND (s_i_id = 65195))

Planning Time: 0.103 ms

Execution Time: 0.144 ms
Failed SQL 2780: UPDATE STOCK SET S_QUANTITY = 84, S_YTD = S_YTD + 5, S_ORDER_CNT = S_ORDER_CNT + 1, S_REMOTE_CNT = S_REMOTE_CNT + 0 WHERE S_I_ID = 65195 AND S_W_ID = 2
Error Message: Cannot invoke "java.util.List.get(int)" because the return value of "sg.edu.nus.autotune.DB2DATA.getAllIndexes()" is null


===== Query 2781 =====

SQL: SELECT I_PRICE, I_NAME , I_DATA FROM ITEM WHERE I_ID = 63971

EXPLAIN Plan:

Index Scan using item_pkey on item  (cost=0.29..8.31 rows=1 width=61) (actual time=0.057..0.059 rows=1 loops=1)

  Index Cond: (i_id = 63971)

Planning Time: 0.073 ms

Execution Time: 0.077 ms
Failed SQL 2781: SELECT I_PRICE, I_NAME , I_DATA FROM ITEM WHERE I_ID = 63971
Error Message: Cannot invoke "java.util.List.get(int)" because the return value of "sg.edu.nus.autotune.DB2DATA.getAllIndexes()" is null


===== Query 2782 =====

SQL: SELECT S_QUANTITY, S_DATA, S_DIST_01, S_DIST_02, S_DIST_03, S_DIST_04, S_DIST_05, S_DIST_06, S_DIST_07, S_DIST_08, S_DIST_09, S_DIST_10 FROM STOCK WHERE S_I_ID = 63971 AND S_W_ID = 2

EXPLAIN Plan:

Index Scan using stock_pkey on stock  (cost=0.42..8.44 rows=1 width=291) (actual time=0.051..0.052 rows=1 loops=1)

  Index Cond: ((s_w_id = 2) AND (s_i_id = 63971))

Planning Time: 0.097 ms

Execution Time: 0.074 ms
Failed SQL 2782: SELECT S_QUANTITY, S_DATA, S_DIST_01, S_DIST_02, S_DIST_03, S_DIST_04, S_DIST_05, S_DIST_06, S_DIST_07, S_DIST_08, S_DIST_09, S_DIST_10 FROM STOCK WHERE S_I_ID = 63971 AND S_W_ID = 2
Error Message: Cannot invoke "java.util.List.get(int)" because the return value of "sg.edu.nus.autotune.DB2DATA.getAllIndexes()" is null


===== Query 2783 =====

SQL: UPDATE STOCK SET S_QUANTITY = 27, S_YTD = S_YTD + 2, S_ORDER_CNT = S_ORDER_CNT + 1, S_REMOTE_CNT = S_REMOTE_CNT + 0 WHERE S_I_ID = 48574 AND S_W_ID = 1

EXPLAIN Plan:

Update on stock  (cost=0.42..8.45 rows=0 width=0) (actual time=0.093..0.093 rows=0 loops=1)

  ->  Index Scan using stock_pkey on stock  (cost=0.42..8.45 rows=1 width=32) (actual time=0.024..0.026 rows=1 loops=1)

        Index Cond: ((s_w_id = 1) AND (s_i_id = 48574))

Planning Time: 0.102 ms

Execution Time: 0.121 ms
Failed SQL 2783: UPDATE STOCK SET S_QUANTITY = 27, S_YTD = S_YTD + 2, S_ORDER_CNT = S_ORDER_CNT + 1, S_REMOTE_CNT = S_REMOTE_CNT + 0 WHERE S_I_ID = 48574 AND S_W_ID = 1
Error Message: Cannot invoke "java.util.List.get(int)" because the return value of "sg.edu.nus.autotune.DB2DATA.getAllIndexes()" is null


===== Query 2784 =====

SQL: SELECT I_PRICE, I_NAME , I_DATA FROM ITEM WHERE I_ID = 70310

EXPLAIN Plan:

Index Scan using item_pkey on item  (cost=0.29..8.31 rows=1 width=61) (actual time=0.831..0.832 rows=1 loops=1)

  Index Cond: (i_id = 70310)

Planning Time: 0.071 ms

Execution Time: 0.849 ms
Failed SQL 2784: SELECT I_PRICE, I_NAME , I_DATA FROM ITEM WHERE I_ID = 70310
Error Message: Cannot invoke "java.util.List.get(int)" because the return value of "sg.edu.nus.autotune.DB2DATA.getAllIndexes()" is null


===== Query 2785 =====

SQL: UPDATE STOCK SET S_QUANTITY = 11, S_YTD = S_YTD + 4, S_ORDER_CNT = S_ORDER_CNT + 1, S_REMOTE_CNT = S_REMOTE_CNT + 0 WHERE S_I_ID = 63971 AND S_W_ID = 2

EXPLAIN Plan:

Update on stock  (cost=0.42..8.45 rows=0 width=0) (actual time=0.097..0.098 rows=0 loops=1)

  ->  Index Scan using stock_pkey on stock  (cost=0.42..8.45 rows=1 width=32) (actual time=0.031..0.033 rows=1 loops=1)

        Index Cond: ((s_w_id = 2) AND (s_i_id = 63971))

Planning Time: 0.107 ms

Execution Time: 0.127 ms
Failed SQL 2785: UPDATE STOCK SET S_QUANTITY = 11, S_YTD = S_YTD + 4, S_ORDER_CNT = S_ORDER_CNT + 1, S_REMOTE_CNT = S_REMOTE_CNT + 0 WHERE S_I_ID = 63971 AND S_W_ID = 2
Error Message: Cannot invoke "java.util.List.get(int)" because the return value of "sg.edu.nus.autotune.DB2DATA.getAllIndexes()" is null


===== Query 2786 =====

SQL: SELECT I_PRICE, I_NAME , I_DATA FROM ITEM WHERE I_ID = 64679

EXPLAIN Plan:

Index Scan using item_pkey on item  (cost=0.29..8.31 rows=1 width=61) (actual time=0.339..0.341 rows=1 loops=1)

  Index Cond: (i_id = 64679)

Planning Time: 0.084 ms

Execution Time: 0.362 ms
Failed SQL 2786: SELECT I_PRICE, I_NAME , I_DATA FROM ITEM WHERE I_ID = 64679
Error Message: Cannot invoke "java.util.List.get(int)" because the return value of "sg.edu.nus.autotune.DB2DATA.getAllIndexes()" is null


===== Query 2787 =====

SQL: SELECT S_QUANTITY, S_DATA, S_DIST_01, S_DIST_02, S_DIST_03, S_DIST_04, S_DIST_05, S_DIST_06, S_DIST_07, S_DIST_08, S_DIST_09, S_DIST_10 FROM STOCK WHERE S_I_ID = 70310 AND S_W_ID = 1

EXPLAIN Plan:

Index Scan using stock_pkey on stock  (cost=0.42..8.44 rows=1 width=291) (actual time=0.921..0.924 rows=1 loops=1)

  Index Cond: ((s_w_id = 1) AND (s_i_id = 70310))

Planning Time: 0.114 ms

Execution Time: 0.951 ms
Failed SQL 2787: SELECT S_QUANTITY, S_DATA, S_DIST_01, S_DIST_02, S_DIST_03, S_DIST_04, S_DIST_05, S_DIST_06, S_DIST_07, S_DIST_08, S_DIST_09, S_DIST_10 FROM STOCK WHERE S_I_ID = 70310 AND S_W_ID = 1
Error Message: Cannot invoke "java.util.List.get(int)" because the return value of "sg.edu.nus.autotune.DB2DATA.getAllIndexes()" is null


===== Query 2788 =====

SQL: SELECT S_QUANTITY, S_DATA, S_DIST_01, S_DIST_02, S_DIST_03, S_DIST_04, S_DIST_05, S_DIST_06, S_DIST_07, S_DIST_08, S_DIST_09, S_DIST_10 FROM STOCK WHERE S_I_ID = 64679 AND S_W_ID = 2

EXPLAIN Plan:

Index Scan using stock_pkey on stock  (cost=0.42..8.44 rows=1 width=291) (actual time=0.893..0.896 rows=1 loops=1)

  Index Cond: ((s_w_id = 2) AND (s_i_id = 64679))

Planning Time: 0.094 ms

Execution Time: 0.922 ms
Failed SQL 2788: SELECT S_QUANTITY, S_DATA, S_DIST_01, S_DIST_02, S_DIST_03, S_DIST_04, S_DIST_05, S_DIST_06, S_DIST_07, S_DIST_08, S_DIST_09, S_DIST_10 FROM STOCK WHERE S_I_ID = 64679 AND S_W_ID = 2
Error Message: Cannot invoke "java.util.List.get(int)" because the return value of "sg.edu.nus.autotune.DB2DATA.getAllIndexes()" is null


===== Query 2789 =====

SQL: UPDATE STOCK SET S_QUANTITY = 93, S_YTD = S_YTD + 5, S_ORDER_CNT = S_ORDER_CNT + 1, S_REMOTE_CNT = S_REMOTE_CNT + 0 WHERE S_I_ID = 70310 AND S_W_ID = 1

EXPLAIN Plan:

Update on stock  (cost=0.42..8.45 rows=0 width=0) (actual time=0.093..0.093 rows=0 loops=1)

  ->  Index Scan using stock_pkey on stock  (cost=0.42..8.45 rows=1 width=32) (actual time=0.027..0.028 rows=1 loops=1)

        Index Cond: ((s_w_id = 1) AND (s_i_id = 70310))

Planning Time: 0.098 ms

Execution Time: 0.119 ms
Failed SQL 2789: UPDATE STOCK SET S_QUANTITY = 93, S_YTD = S_YTD + 5, S_ORDER_CNT = S_ORDER_CNT + 1, S_REMOTE_CNT = S_REMOTE_CNT + 0 WHERE S_I_ID = 70310 AND S_W_ID = 1
Error Message: Cannot invoke "java.util.List.get(int)" because the return value of "sg.edu.nus.autotune.DB2DATA.getAllIndexes()" is null


===== Query 2790 =====

SQL: SELECT I_PRICE, I_NAME , I_DATA FROM ITEM WHERE I_ID = 69223

EXPLAIN Plan:

Index Scan using item_pkey on item  (cost=0.29..8.31 rows=1 width=61) (actual time=0.067..0.069 rows=1 loops=1)

  Index Cond: (i_id = 69223)

Planning Time: 0.099 ms

Execution Time: 0.093 ms
Failed SQL 2790: SELECT I_PRICE, I_NAME , I_DATA FROM ITEM WHERE I_ID = 69223
Error Message: Cannot invoke "java.util.List.get(int)" because the return value of "sg.edu.nus.autotune.DB2DATA.getAllIndexes()" is null


===== Query 2791 =====

SQL: UPDATE STOCK SET S_QUANTITY = 85, S_YTD = S_YTD + 9, S_ORDER_CNT = S_ORDER_CNT + 1, S_REMOTE_CNT = S_REMOTE_CNT + 0 WHERE S_I_ID = 64679 AND S_W_ID = 2

EXPLAIN Plan:

Update on stock  (cost=0.42..8.45 rows=0 width=0) (actual time=0.177..0.177 rows=0 loops=1)

  ->  Index Scan using stock_pkey on stock  (cost=0.42..8.45 rows=1 width=32) (actual time=0.081..0.083 rows=1 loops=1)

        Index Cond: ((s_w_id = 2) AND (s_i_id = 64679))

Planning Time: 0.106 ms

Execution Time: 0.207 ms
Failed SQL 2791: UPDATE STOCK SET S_QUANTITY = 85, S_YTD = S_YTD + 9, S_ORDER_CNT = S_ORDER_CNT + 1, S_REMOTE_CNT = S_REMOTE_CNT + 0 WHERE S_I_ID = 64679 AND S_W_ID = 2
Error Message: Cannot invoke "java.util.List.get(int)" because the return value of "sg.edu.nus.autotune.DB2DATA.getAllIndexes()" is null


===== Query 2792 =====

SQL: SELECT I_PRICE, I_NAME , I_DATA FROM ITEM WHERE I_ID = 97937

EXPLAIN Plan:

Index Scan using item_pkey on item  (cost=0.29..8.31 rows=1 width=61) (actual time=0.051..0.052 rows=1 loops=1)

  Index Cond: (i_id = 97937)

Planning Time: 0.076 ms

Execution Time: 0.070 ms
Failed SQL 2792: SELECT I_PRICE, I_NAME , I_DATA FROM ITEM WHERE I_ID = 97937
Error Message: Cannot invoke "java.util.List.get(int)" because the return value of "sg.edu.nus.autotune.DB2DATA.getAllIndexes()" is null


===== Query 2793 =====

SQL: SELECT S_QUANTITY, S_DATA, S_DIST_01, S_DIST_02, S_DIST_03, S_DIST_04, S_DIST_05, S_DIST_06, S_DIST_07, S_DIST_08, S_DIST_09, S_DIST_10 FROM STOCK WHERE S_I_ID = 69223 AND S_W_ID = 1

EXPLAIN Plan:

Index Scan using stock_pkey on stock  (cost=0.42..8.44 rows=1 width=291) (actual time=0.867..0.869 rows=1 loops=1)

  Index Cond: ((s_w_id = 1) AND (s_i_id = 69223))

Planning Time: 0.092 ms

Execution Time: 0.893 ms
Failed SQL 2793: SELECT S_QUANTITY, S_DATA, S_DIST_01, S_DIST_02, S_DIST_03, S_DIST_04, S_DIST_05, S_DIST_06, S_DIST_07, S_DIST_08, S_DIST_09, S_DIST_10 FROM STOCK WHERE S_I_ID = 69223 AND S_W_ID = 1
Error Message: Cannot invoke "java.util.List.get(int)" because the return value of "sg.edu.nus.autotune.DB2DATA.getAllIndexes()" is null


===== Query 2794 =====

SQL: SELECT S_QUANTITY, S_DATA, S_DIST_01, S_DIST_02, S_DIST_03, S_DIST_04, S_DIST_05, S_DIST_06, S_DIST_07, S_DIST_08, S_DIST_09, S_DIST_10 FROM STOCK WHERE S_I_ID = 97937 AND S_W_ID = 2

EXPLAIN Plan:

Index Scan using stock_pkey on stock  (cost=0.42..8.44 rows=1 width=291) (actual time=0.068..0.070 rows=1 loops=1)

  Index Cond: ((s_w_id = 2) AND (s_i_id = 97937))

Planning Time: 0.112 ms

Execution Time: 0.095 ms
Failed SQL 2794: SELECT S_QUANTITY, S_DATA, S_DIST_01, S_DIST_02, S_DIST_03, S_DIST_04, S_DIST_05, S_DIST_06, S_DIST_07, S_DIST_08, S_DIST_09, S_DIST_10 FROM STOCK WHERE S_I_ID = 97937 AND S_W_ID = 2
Error Message: Cannot invoke "java.util.List.get(int)" because the return value of "sg.edu.nus.autotune.DB2DATA.getAllIndexes()" is null


===== Query 2795 =====

SQL: UPDATE STOCK SET S_QUANTITY = 70, S_YTD = S_YTD + 1, S_ORDER_CNT = S_ORDER_CNT + 1, S_REMOTE_CNT = S_REMOTE_CNT + 0 WHERE S_I_ID = 69223 AND S_W_ID = 1

EXPLAIN Plan:

Update on stock  (cost=0.42..8.45 rows=0 width=0) (actual time=0.109..0.110 rows=0 loops=1)

  ->  Index Scan using stock_pkey on stock  (cost=0.42..8.45 rows=1 width=32) (actual time=0.024..0.026 rows=1 loops=1)

        Index Cond: ((s_w_id = 1) AND (s_i_id = 69223))

Planning Time: 0.109 ms

Execution Time: 0.139 ms
Failed SQL 2795: UPDATE STOCK SET S_QUANTITY = 70, S_YTD = S_YTD + 1, S_ORDER_CNT = S_ORDER_CNT + 1, S_REMOTE_CNT = S_REMOTE_CNT + 0 WHERE S_I_ID = 69223 AND S_W_ID = 1
Error Message: Cannot invoke "java.util.List.get(int)" because the return value of "sg.edu.nus.autotune.DB2DATA.getAllIndexes()" is null


===== Query 2796 =====

SQL: UPDATE STOCK SET S_QUANTITY = 89, S_YTD = S_YTD + 9, S_ORDER_CNT = S_ORDER_CNT + 1, S_REMOTE_CNT = S_REMOTE_CNT + 0 WHERE S_I_ID = 97937 AND S_W_ID = 2

EXPLAIN Plan:

Update on stock  (cost=0.42..8.45 rows=0 width=0) (actual time=0.099..0.100 rows=0 loops=1)

  ->  Index Scan using stock_pkey on stock  (cost=0.42..8.45 rows=1 width=32) (actual time=0.030..0.032 rows=1 loops=1)

        Index Cond: ((s_w_id = 2) AND (s_i_id = 97937))

Planning Time: 0.118 ms

Execution Time: 0.131 ms
Failed SQL 2796: UPDATE STOCK SET S_QUANTITY = 89, S_YTD = S_YTD + 9, S_ORDER_CNT = S_ORDER_CNT + 1, S_REMOTE_CNT = S_REMOTE_CNT + 0 WHERE S_I_ID = 97937 AND S_W_ID = 2
Error Message: Cannot invoke "java.util.List.get(int)" because the return value of "sg.edu.nus.autotune.DB2DATA.getAllIndexes()" is null


===== Query 2797 =====

SQL: SELECT I_PRICE, I_NAME , I_DATA FROM ITEM WHERE I_ID = 56421

EXPLAIN Plan:

Index Scan using item_pkey on item  (cost=0.29..8.31 rows=1 width=61) (actual time=0.411..0.414 rows=1 loops=1)

  Index Cond: (i_id = 56421)

Planning Time: 0.091 ms

Execution Time: 0.436 ms
Failed SQL 2797: SELECT I_PRICE, I_NAME , I_DATA FROM ITEM WHERE I_ID = 56421
Error Message: Cannot invoke "java.util.List.get(int)" because the return value of "sg.edu.nus.autotune.DB2DATA.getAllIndexes()" is null


===== Query 2798 =====

SQL: UPDATE WAREHOUSE SET W_YTD = W_YTD + 3122.51 WHERE W_ID = 1

EXPLAIN Plan:

Update on warehouse  (cost=4.14..8.16 rows=0 width=0) (actual time=0.088..0.088 rows=0 loops=1)

  ->  Bitmap Heap Scan on warehouse  (cost=4.14..8.16 rows=1 width=22) (actual time=0.045..0.045 rows=1 loops=1)

        Recheck Cond: (w_id = 1)

        Heap Blocks: exact=1

        ->  Bitmap Index Scan on warehouse_pkey  (cost=0.00..4.14 rows=1 width=0) (actual time=0.018..0.018 rows=1 loops=1)

              Index Cond: (w_id = 1)

Planning Time: 0.089 ms

Execution Time: 0.119 ms
Failed SQL 2798: UPDATE WAREHOUSE SET W_YTD = W_YTD + 3122.51 WHERE W_ID = 1
Error Message: Cannot invoke "java.util.List.get(int)" because the return value of "sg.edu.nus.autotune.DB2DATA.getAllIndexes()" is null


===== Query 2799 =====

SQL: SELECT W_STREET_1, W_STREET_2, W_CITY, W_STATE, W_ZIP, W_NAME FROM WAREHOUSE WHERE W_ID = 1

EXPLAIN Plan:

Bitmap Heap Scan on warehouse  (cost=4.14..8.15 rows=1 width=65) (actual time=0.019..0.020 rows=1 loops=1)

  Recheck Cond: (w_id = 1)

  Heap Blocks: exact=1

  ->  Bitmap Index Scan on warehouse_pkey  (cost=0.00..4.14 rows=1 width=0) (actual time=0.009..0.009 rows=1 loops=1)

        Index Cond: (w_id = 1)

Planning Time: 0.077 ms

Execution Time: 0.045 ms
Failed SQL 2799: SELECT W_STREET_1, W_STREET_2, W_CITY, W_STATE, W_ZIP, W_NAME FROM WAREHOUSE WHERE W_ID = 1
Error Message: Cannot invoke "java.util.List.get(int)" because the return value of "sg.edu.nus.autotune.DB2DATA.getAllIndexes()" is null


===== Query 2800 =====

SQL: UPDATE DISTRICT SET D_YTD = D_YTD + 3122.51 WHERE D_W_ID = 1 AND D_ID = 3

EXPLAIN Plan:

Update on district  (cost=4.28..11.67 rows=0 width=0) (actual time=0.053..0.053 rows=0 loops=1)

  ->  Bitmap Heap Scan on district  (cost=4.28..11.67 rows=2 width=22) (actual time=0.023..0.024 rows=1 loops=1)

        Recheck Cond: ((d_w_id = 1) AND (d_id = 3))

        Heap Blocks: exact=1

        ->  Bitmap Index Scan on district_pkey  (cost=0.00..4.28 rows=2 width=0) (actual time=0.013..0.013 rows=1 loops=1)

              Index Cond: ((d_w_id = 1) AND (d_id = 3))

Planning Time: 0.088 ms

Execution Time: 0.089 ms
Failed SQL 2800: UPDATE DISTRICT SET D_YTD = D_YTD + 3122.51 WHERE D_W_ID = 1 AND D_ID = 3
Error Message: Cannot invoke "java.util.List.get(int)" because the return value of "sg.edu.nus.autotune.DB2DATA.getAllIndexes()" is null


===== Query 2801 =====

SQL: SELECT D_STREET_1, D_STREET_2, D_CITY, D_STATE, D_ZIP, D_NAME FROM DISTRICT WHERE D_W_ID = 1 AND D_ID = 3

EXPLAIN Plan:

Bitmap Heap Scan on district  (cost=4.28..11.66 rows=2 width=64) (actual time=0.023..0.024 rows=1 loops=1)

  Recheck Cond: ((d_w_id = 1) AND (d_id = 3))

  Heap Blocks: exact=1

  ->  Bitmap Index Scan on district_pkey  (cost=0.00..4.28 rows=2 width=0) (actual time=0.012..0.012 rows=1 loops=1)

        Index Cond: ((d_w_id = 1) AND (d_id = 3))

Planning Time: 0.100 ms

Execution Time: 0.052 ms
Failed SQL 2801: SELECT D_STREET_1, D_STREET_2, D_CITY, D_STATE, D_ZIP, D_NAME FROM DISTRICT WHERE D_W_ID = 1 AND D_ID = 3
Error Message: Cannot invoke "java.util.List.get(int)" because the return value of "sg.edu.nus.autotune.DB2DATA.getAllIndexes()" is null


===== Query 2802 =====

SQL: SELECT C_FIRST, C_MIDDLE, C_ID, C_STREET_1, C_STREET_2, C_CITY, C_STATE, C_ZIP, C_PHONE, C_CREDIT, C_CREDIT_LIM, C_DISCOUNT, C_BALANCE, C_YTD_PAYMENT, C_PAYMENT_CNT, C_SINCE FROM CUSTOMER WHERE C_W_ID = 1 AND C_D_ID = 3 AND C_LAST = 'ANTIANTIOUGHT' ORDER BY C_FIRST

EXPLAIN Plan:

Sort  (cost=7366.72..7366.72 rows=2 width=131) (actual time=8.352..8.353 rows=2 loops=1)

  Sort Key: c_first

  Sort Method: quicksort  Memory: 25kB

  ->  Bitmap Heap Scan on customer  (cost=78.74..7366.71 rows=2 width=131) (actual time=1.336..8.336 rows=2 loops=1)

        Recheck Cond: ((c_w_id = 1) AND (c_d_id = 3))

        Filter: ((c_last)::text = 'ANTIANTIOUGHT'::text)

        Rows Removed by Filter: 2998

        Heap Blocks: exact=838

        ->  Bitmap Index Scan on customer_pkey  (cost=0.00..78.74 rows=3032 width=0) (actual time=0.277..0.277 rows=3084 loops=1)

              Index Cond: ((c_w_id = 1) AND (c_d_id = 3))

Planning Time: 0.141 ms

Execution Time: 8.396 ms
Failed SQL 2802: SELECT C_FIRST, C_MIDDLE, C_ID, C_STREET_1, C_STREET_2, C_CITY, C_STATE, C_ZIP, C_PHONE, C_CREDIT, C_CREDIT_LIM, C_DISCOUNT, C_BALANCE, C_YTD_PAYMENT, C_PAYMENT_CNT, C_SINCE FROM CUSTOMER WHERE C_W_ID = 1 AND C_D_ID = 3 AND C_LAST = 'ANTIANTIOUGHT' ORDER BY C_FIRST
Error Message: Cannot invoke "java.util.List.get(int)" because the return value of "sg.edu.nus.autotune.DB2DATA.getAllIndexes()" is null


===== Query 2803 =====

SQL: SELECT S_QUANTITY, S_DATA, S_DIST_01, S_DIST_02, S_DIST_03, S_DIST_04, S_DIST_05, S_DIST_06, S_DIST_07, S_DIST_08, S_DIST_09, S_DIST_10 FROM STOCK WHERE S_I_ID = 56421 AND S_W_ID = 2

EXPLAIN Plan:

Index Scan using stock_pkey on stock  (cost=0.42..8.44 rows=1 width=291) (actual time=0.057..0.059 rows=1 loops=1)

  Index Cond: ((s_w_id = 2) AND (s_i_id = 56421))

Planning Time: 0.125 ms

Execution Time: 0.083 ms
Failed SQL 2803: SELECT S_QUANTITY, S_DATA, S_DIST_01, S_DIST_02, S_DIST_03, S_DIST_04, S_DIST_05, S_DIST_06, S_DIST_07, S_DIST_08, S_DIST_09, S_DIST_10 FROM STOCK WHERE S_I_ID = 56421 AND S_W_ID = 2
Error Message: Cannot invoke "java.util.List.get(int)" because the return value of "sg.edu.nus.autotune.DB2DATA.getAllIndexes()" is null


===== Query 2804 =====

SQL: UPDATE STOCK SET S_QUANTITY = 34, S_YTD = S_YTD + 2, S_ORDER_CNT = S_ORDER_CNT + 1, S_REMOTE_CNT = S_REMOTE_CNT + 0 WHERE S_I_ID = 56421 AND S_W_ID = 2

EXPLAIN Plan:

Update on stock  (cost=0.42..8.45 rows=0 width=0) (actual time=0.110..0.111 rows=0 loops=1)

  ->  Index Scan using stock_pkey on stock  (cost=0.42..8.45 rows=1 width=32) (actual time=0.037..0.038 rows=1 loops=1)

        Index Cond: ((s_w_id = 2) AND (s_i_id = 56421))

Planning Time: 0.121 ms

Execution Time: 0.141 ms
Failed SQL 2804: UPDATE STOCK SET S_QUANTITY = 34, S_YTD = S_YTD + 2, S_ORDER_CNT = S_ORDER_CNT + 1, S_REMOTE_CNT = S_REMOTE_CNT + 0 WHERE S_I_ID = 56421 AND S_W_ID = 2
Error Message: Cannot invoke "java.util.List.get(int)" because the return value of "sg.edu.nus.autotune.DB2DATA.getAllIndexes()" is null


===== Query 2805 =====

SQL: SELECT I_PRICE, I_NAME , I_DATA FROM ITEM WHERE I_ID = 87702

EXPLAIN Plan:

Index Scan using item_pkey on item  (cost=0.29..8.31 rows=1 width=61) (actual time=0.045..0.046 rows=1 loops=1)

  Index Cond: (i_id = 87702)

Planning Time: 0.069 ms

Execution Time: 0.075 ms
Failed SQL 2805: SELECT I_PRICE, I_NAME , I_DATA FROM ITEM WHERE I_ID = 87702
Error Message: Cannot invoke "java.util.List.get(int)" because the return value of "sg.edu.nus.autotune.DB2DATA.getAllIndexes()" is null


===== Query 2806 =====

SQL: SELECT S_QUANTITY, S_DATA, S_DIST_01, S_DIST_02, S_DIST_03, S_DIST_04, S_DIST_05, S_DIST_06, S_DIST_07, S_DIST_08, S_DIST_09, S_DIST_10 FROM STOCK WHERE S_I_ID = 87702 AND S_W_ID = 2

EXPLAIN Plan:

Index Scan using stock_pkey on stock  (cost=0.42..8.44 rows=1 width=291) (actual time=0.985..0.988 rows=1 loops=1)

  Index Cond: ((s_w_id = 2) AND (s_i_id = 87702))

Planning Time: 0.112 ms

Execution Time: 1.016 ms
Failed SQL 2806: SELECT S_QUANTITY, S_DATA, S_DIST_01, S_DIST_02, S_DIST_03, S_DIST_04, S_DIST_05, S_DIST_06, S_DIST_07, S_DIST_08, S_DIST_09, S_DIST_10 FROM STOCK WHERE S_I_ID = 87702 AND S_W_ID = 2
Error Message: Cannot invoke "java.util.List.get(int)" because the return value of "sg.edu.nus.autotune.DB2DATA.getAllIndexes()" is null


===== Query 2807 =====

SQL: UPDATE STOCK SET S_QUANTITY = 53, S_YTD = S_YTD + 9, S_ORDER_CNT = S_ORDER_CNT + 1, S_REMOTE_CNT = S_REMOTE_CNT + 0 WHERE S_I_ID = 87702 AND S_W_ID = 2

EXPLAIN Plan:

Update on stock  (cost=0.42..8.45 rows=0 width=0) (actual time=0.087..0.087 rows=0 loops=1)

  ->  Index Scan using stock_pkey on stock  (cost=0.42..8.45 rows=1 width=32) (actual time=0.030..0.031 rows=1 loops=1)

        Index Cond: ((s_w_id = 2) AND (s_i_id = 87702))

Planning Time: 0.120 ms

Execution Time: 0.118 ms
Failed SQL 2807: UPDATE STOCK SET S_QUANTITY = 53, S_YTD = S_YTD + 9, S_ORDER_CNT = S_ORDER_CNT + 1, S_REMOTE_CNT = S_REMOTE_CNT + 0 WHERE S_I_ID = 87702 AND S_W_ID = 2
Error Message: Cannot invoke "java.util.List.get(int)" because the return value of "sg.edu.nus.autotune.DB2DATA.getAllIndexes()" is null


===== Query 2808 =====

SQL: UPDATE CUSTOMER SET C_BALANCE = -3132.51, C_YTD_PAYMENT = 3132.51, C_PAYMENT_CNT = 2 WHERE C_W_ID = 1 AND C_D_ID = 3 AND C_ID = 662

EXPLAIN Plan:

Update on customer  (cost=0.42..8.44 rows=0 width=0) (actual time=0.137..0.138 rows=0 loops=1)

  ->  Index Scan using customer_pkey on customer  (cost=0.42..8.44 rows=1 width=34) (actual time=0.034..0.036 rows=1 loops=1)

        Index Cond: ((c_w_id = 1) AND (c_d_id = 3) AND (c_id = 662))

Planning Time: 0.120 ms

Execution Time: 0.166 ms
Failed SQL 2808: UPDATE CUSTOMER SET C_BALANCE = -3132.51, C_YTD_PAYMENT = 3132.51, C_PAYMENT_CNT = 2 WHERE C_W_ID = 1 AND C_D_ID = 3 AND C_ID = 662
Error Message: Cannot invoke "java.util.List.get(int)" because the return value of "sg.edu.nus.autotune.DB2DATA.getAllIndexes()" is null


===== Query 2809 =====

SQL: SELECT C_DISCOUNT, C_LAST, C_CREDIT, W_TAX FROM CUSTOMER, WAREHOUSE WHERE W_ID = 2 AND C_W_ID = 2 AND C_D_ID = 5 AND C_ID = 2286

EXPLAIN Plan:

Nested Loop  (cost=4.56..16.61 rows=1 width=26) (actual time=0.099..0.101 rows=1 loops=1)

  ->  Index Scan using customer_pkey on customer  (cost=0.42..8.44 rows=1 width=21) (actual time=0.076..0.076 rows=1 loops=1)

        Index Cond: ((c_w_id = 2) AND (c_d_id = 5) AND (c_id = 2286))

  ->  Bitmap Heap Scan on warehouse  (cost=4.14..8.15 rows=1 width=5) (actual time=0.015..0.016 rows=1 loops=1)

        Recheck Cond: (w_id = 2)

        Heap Blocks: exact=1

        ->  Bitmap Index Scan on warehouse_pkey  (cost=0.00..4.14 rows=1 width=0) (actual time=0.006..0.006 rows=1 loops=1)

              Index Cond: (w_id = 2)

Planning Time: 0.149 ms

Execution Time: 0.141 ms
Failed SQL 2809: SELECT C_DISCOUNT, C_LAST, C_CREDIT, W_TAX FROM CUSTOMER, WAREHOUSE WHERE W_ID = 2 AND C_W_ID = 2 AND C_D_ID = 5 AND C_ID = 2286
Error Message: Cannot invoke "java.util.List.get(int)" because the return value of "sg.edu.nus.autotune.DB2DATA.getAllIndexes()" is null


===== Query 2810 =====

SQL: SELECT C_DISCOUNT, C_LAST, C_CREDIT, W_TAX FROM CUSTOMER, WAREHOUSE WHERE W_ID = 1 AND C_W_ID = 1 AND C_D_ID = 5 AND C_ID = 259

EXPLAIN Plan:

Nested Loop  (cost=4.56..16.61 rows=1 width=26) (actual time=0.051..0.053 rows=1 loops=1)

  ->  Index Scan using customer_pkey on customer  (cost=0.42..8.44 rows=1 width=21) (actual time=0.036..0.037 rows=1 loops=1)

        Index Cond: ((c_w_id = 1) AND (c_d_id = 5) AND (c_id = 259))

  ->  Bitmap Heap Scan on warehouse  (cost=4.14..8.15 rows=1 width=5) (actual time=0.007..0.008 rows=1 loops=1)

        Recheck Cond: (w_id = 1)

        Heap Blocks: exact=1

        ->  Bitmap Index Scan on warehouse_pkey  (cost=0.00..4.14 rows=1 width=0) (actual time=0.004..0.004 rows=1 loops=1)

              Index Cond: (w_id = 1)

Planning Time: 0.139 ms

Execution Time: 0.092 ms
Failed SQL 2810: SELECT C_DISCOUNT, C_LAST, C_CREDIT, W_TAX FROM CUSTOMER, WAREHOUSE WHERE W_ID = 1 AND C_W_ID = 1 AND C_D_ID = 5 AND C_ID = 259
Error Message: Cannot invoke "java.util.List.get(int)" because the return value of "sg.edu.nus.autotune.DB2DATA.getAllIndexes()" is null


===== Query 2811 =====

SQL: SELECT D_NEXT_O_ID, D_TAX FROM DISTRICT WHERE D_W_ID = 1 AND D_ID = 5

EXPLAIN Plan:

Bitmap Heap Scan on district  (cost=4.28..11.66 rows=2 width=9) (actual time=0.041..0.042 rows=1 loops=1)

  Recheck Cond: ((d_w_id = 1) AND (d_id = 5))

  Heap Blocks: exact=1

  ->  Bitmap Index Scan on district_pkey  (cost=0.00..4.28 rows=2 width=0) (actual time=0.029..0.029 rows=1 loops=1)

        Index Cond: ((d_w_id = 1) AND (d_id = 5))

Planning Time: 0.090 ms

Execution Time: 0.067 ms
Failed SQL 2811: SELECT D_NEXT_O_ID, D_TAX FROM DISTRICT WHERE D_W_ID = 1 AND D_ID = 5
Error Message: Cannot invoke "java.util.List.get(int)" because the return value of "sg.edu.nus.autotune.DB2DATA.getAllIndexes()" is null


===== Query 2812 =====

SQL: SELECT D_NEXT_O_ID, D_TAX FROM DISTRICT WHERE D_W_ID = 2 AND D_ID = 5

EXPLAIN Plan:

Bitmap Heap Scan on district  (cost=4.28..11.66 rows=2 width=9) (actual time=0.019..0.020 rows=1 loops=1)

  Recheck Cond: ((d_w_id = 2) AND (d_id = 5))

  Heap Blocks: exact=1

  ->  Bitmap Index Scan on district_pkey  (cost=0.00..4.28 rows=2 width=0) (actual time=0.011..0.012 rows=1 loops=1)

        Index Cond: ((d_w_id = 2) AND (d_id = 5))

Planning Time: 0.085 ms

Execution Time: 0.059 ms
Failed SQL 2812: SELECT D_NEXT_O_ID, D_TAX FROM DISTRICT WHERE D_W_ID = 2 AND D_ID = 5
Error Message: Cannot invoke "java.util.List.get(int)" because the return value of "sg.edu.nus.autotune.DB2DATA.getAllIndexes()" is null


===== Query 2813 =====

SQL: UPDATE DISTRICT SET D_NEXT_O_ID = D_NEXT_O_ID + 1 WHERE D_W_ID = 1 AND D_ID = 5

EXPLAIN Plan:

Update on district  (cost=4.28..11.67 rows=0 width=0) (actual time=0.076..0.077 rows=0 loops=1)

  ->  Bitmap Heap Scan on district  (cost=4.28..11.67 rows=2 width=10) (actual time=0.019..0.020 rows=1 loops=1)

        Recheck Cond: ((d_w_id = 1) AND (d_id = 5))

        Heap Blocks: exact=1

        ->  Bitmap Index Scan on district_pkey  (cost=0.00..4.28 rows=2 width=0) (actual time=0.011..0.011 rows=1 loops=1)

              Index Cond: ((d_w_id = 1) AND (d_id = 5))

Planning Time: 0.088 ms

Execution Time: 0.136 ms
Failed SQL 2813: UPDATE DISTRICT SET D_NEXT_O_ID = D_NEXT_O_ID + 1 WHERE D_W_ID = 1 AND D_ID = 5
Error Message: Cannot invoke "java.util.List.get(int)" because the return value of "sg.edu.nus.autotune.DB2DATA.getAllIndexes()" is null


===== Query 2814 =====

SQL: UPDATE DISTRICT SET D_NEXT_O_ID = D_NEXT_O_ID + 1 WHERE D_W_ID = 2 AND D_ID = 5

EXPLAIN Plan:

Update on district  (cost=4.28..11.67 rows=0 width=0) (actual time=0.090..0.090 rows=0 loops=1)

  ->  Bitmap Heap Scan on district  (cost=4.28..11.67 rows=2 width=10) (actual time=0.021..0.022 rows=1 loops=1)

        Recheck Cond: ((d_w_id = 2) AND (d_id = 5))

        Heap Blocks: exact=1

        ->  Bitmap Index Scan on district_pkey  (cost=0.00..4.28 rows=2 width=0) (actual time=0.011..0.011 rows=1 loops=1)

              Index Cond: ((d_w_id = 2) AND (d_id = 5))

Planning Time: 0.093 ms

Execution Time: 0.126 ms
Failed SQL 2814: UPDATE DISTRICT SET D_NEXT_O_ID = D_NEXT_O_ID + 1 WHERE D_W_ID = 2 AND D_ID = 5
Error Message: Cannot invoke "java.util.List.get(int)" because the return value of "sg.edu.nus.autotune.DB2DATA.getAllIndexes()" is null


===== Query 2815 =====

SQL: SELECT I_PRICE, I_NAME , I_DATA FROM ITEM WHERE I_ID = 98021

EXPLAIN Plan:

Index Scan using item_pkey on item  (cost=0.29..8.31 rows=1 width=61) (actual time=0.080..0.081 rows=1 loops=1)

  Index Cond: (i_id = 98021)

Planning Time: 0.081 ms

Execution Time: 0.108 ms
Failed SQL 2815: SELECT I_PRICE, I_NAME , I_DATA FROM ITEM WHERE I_ID = 98021
Error Message: Cannot invoke "java.util.List.get(int)" because the return value of "sg.edu.nus.autotune.DB2DATA.getAllIndexes()" is null


===== Query 2816 =====

SQL: SELECT I_PRICE, I_NAME , I_DATA FROM ITEM WHERE I_ID = 24039

EXPLAIN Plan:

Index Scan using item_pkey on item  (cost=0.29..8.31 rows=1 width=61) (actual time=0.065..0.067 rows=1 loops=1)

  Index Cond: (i_id = 24039)

Planning Time: 0.093 ms

Execution Time: 0.088 ms
Failed SQL 2816: SELECT I_PRICE, I_NAME , I_DATA FROM ITEM WHERE I_ID = 24039
Error Message: Cannot invoke "java.util.List.get(int)" because the return value of "sg.edu.nus.autotune.DB2DATA.getAllIndexes()" is null


===== Query 2817 =====

SQL: SELECT S_QUANTITY, S_DATA, S_DIST_01, S_DIST_02, S_DIST_03, S_DIST_04, S_DIST_05, S_DIST_06, S_DIST_07, S_DIST_08, S_DIST_09, S_DIST_10 FROM STOCK WHERE S_I_ID = 24039 AND S_W_ID = 2

EXPLAIN Plan:

Index Scan using stock_pkey on stock  (cost=0.42..8.44 rows=1 width=291) (actual time=0.094..0.096 rows=1 loops=1)

  Index Cond: ((s_w_id = 2) AND (s_i_id = 24039))

Planning Time: 0.140 ms

Execution Time: 0.125 ms
Failed SQL 2817: SELECT S_QUANTITY, S_DATA, S_DIST_01, S_DIST_02, S_DIST_03, S_DIST_04, S_DIST_05, S_DIST_06, S_DIST_07, S_DIST_08, S_DIST_09, S_DIST_10 FROM STOCK WHERE S_I_ID = 24039 AND S_W_ID = 2
Error Message: Cannot invoke "java.util.List.get(int)" because the return value of "sg.edu.nus.autotune.DB2DATA.getAllIndexes()" is null


===== Query 2818 =====

SQL: UPDATE STOCK SET S_QUANTITY = 28, S_YTD = S_YTD + 2, S_ORDER_CNT = S_ORDER_CNT + 1, S_REMOTE_CNT = S_REMOTE_CNT + 0 WHERE S_I_ID = 24039 AND S_W_ID = 2

EXPLAIN Plan:

Update on stock  (cost=0.42..8.45 rows=0 width=0) (actual time=0.082..0.083 rows=0 loops=1)

  ->  Index Scan using stock_pkey on stock  (cost=0.42..8.45 rows=1 width=32) (actual time=0.029..0.030 rows=1 loops=1)

        Index Cond: ((s_w_id = 2) AND (s_i_id = 24039))

Planning Time: 0.138 ms

Execution Time: 0.112 ms
Failed SQL 2818: UPDATE STOCK SET S_QUANTITY = 28, S_YTD = S_YTD + 2, S_ORDER_CNT = S_ORDER_CNT + 1, S_REMOTE_CNT = S_REMOTE_CNT + 0 WHERE S_I_ID = 24039 AND S_W_ID = 2
Error Message: Cannot invoke "java.util.List.get(int)" because the return value of "sg.edu.nus.autotune.DB2DATA.getAllIndexes()" is null


===== Query 2819 =====

SQL: SELECT I_PRICE, I_NAME , I_DATA FROM ITEM WHERE I_ID = 43719

EXPLAIN Plan:

Index Scan using item_pkey on item  (cost=0.29..8.31 rows=1 width=61) (actual time=0.068..0.070 rows=1 loops=1)

  Index Cond: (i_id = 43719)

Planning Time: 0.090 ms

Execution Time: 0.092 ms
Failed SQL 2819: SELECT I_PRICE, I_NAME , I_DATA FROM ITEM WHERE I_ID = 43719
Error Message: Cannot invoke "java.util.List.get(int)" because the return value of "sg.edu.nus.autotune.DB2DATA.getAllIndexes()" is null


===== Query 2820 =====

SQL: SELECT S_QUANTITY, S_DATA, S_DIST_01, S_DIST_02, S_DIST_03, S_DIST_04, S_DIST_05, S_DIST_06, S_DIST_07, S_DIST_08, S_DIST_09, S_DIST_10 FROM STOCK WHERE S_I_ID = 98021 AND S_W_ID = 1

EXPLAIN Plan:

Index Scan using stock_pkey on stock  (cost=0.42..8.44 rows=1 width=291) (actual time=0.936..0.938 rows=1 loops=1)

  Index Cond: ((s_w_id = 1) AND (s_i_id = 98021))

Planning Time: 0.091 ms

Execution Time: 0.963 ms
Failed SQL 2820: SELECT S_QUANTITY, S_DATA, S_DIST_01, S_DIST_02, S_DIST_03, S_DIST_04, S_DIST_05, S_DIST_06, S_DIST_07, S_DIST_08, S_DIST_09, S_DIST_10 FROM STOCK WHERE S_I_ID = 98021 AND S_W_ID = 1
Error Message: Cannot invoke "java.util.List.get(int)" because the return value of "sg.edu.nus.autotune.DB2DATA.getAllIndexes()" is null


===== Query 2821 =====

SQL: UPDATE STOCK SET S_QUANTITY = 50, S_YTD = S_YTD + 7, S_ORDER_CNT = S_ORDER_CNT + 1, S_REMOTE_CNT = S_REMOTE_CNT + 0 WHERE S_I_ID = 98021 AND S_W_ID = 1

EXPLAIN Plan:

Update on stock  (cost=0.42..8.45 rows=0 width=0) (actual time=0.102..0.102 rows=0 loops=1)

  ->  Index Scan using stock_pkey on stock  (cost=0.42..8.45 rows=1 width=32) (actual time=0.032..0.034 rows=1 loops=1)

        Index Cond: ((s_w_id = 1) AND (s_i_id = 98021))

Planning Time: 0.100 ms

Execution Time: 0.130 ms
Failed SQL 2821: UPDATE STOCK SET S_QUANTITY = 50, S_YTD = S_YTD + 7, S_ORDER_CNT = S_ORDER_CNT + 1, S_REMOTE_CNT = S_REMOTE_CNT + 0 WHERE S_I_ID = 98021 AND S_W_ID = 1
Error Message: Cannot invoke "java.util.List.get(int)" because the return value of "sg.edu.nus.autotune.DB2DATA.getAllIndexes()" is null


===== Query 2822 =====

SQL: SELECT I_PRICE, I_NAME , I_DATA FROM ITEM WHERE I_ID = 69331

EXPLAIN Plan:

Index Scan using item_pkey on item  (cost=0.29..8.31 rows=1 width=61) (actual time=0.901..0.904 rows=1 loops=1)

  Index Cond: (i_id = 69331)

Planning Time: 0.089 ms

Execution Time: 0.927 ms
Failed SQL 2822: SELECT I_PRICE, I_NAME , I_DATA FROM ITEM WHERE I_ID = 69331
Error Message: Cannot invoke "java.util.List.get(int)" because the return value of "sg.edu.nus.autotune.DB2DATA.getAllIndexes()" is null


===== Query 2823 =====

SQL: SELECT S_QUANTITY, S_DATA, S_DIST_01, S_DIST_02, S_DIST_03, S_DIST_04, S_DIST_05, S_DIST_06, S_DIST_07, S_DIST_08, S_DIST_09, S_DIST_10 FROM STOCK WHERE S_I_ID = 69331 AND S_W_ID = 1

EXPLAIN Plan:

Index Scan using stock_pkey on stock  (cost=0.42..8.44 rows=1 width=291) (actual time=0.907..0.910 rows=1 loops=1)

  Index Cond: ((s_w_id = 1) AND (s_i_id = 69331))

Planning Time: 0.102 ms

Execution Time: 0.936 ms
Failed SQL 2823: SELECT S_QUANTITY, S_DATA, S_DIST_01, S_DIST_02, S_DIST_03, S_DIST_04, S_DIST_05, S_DIST_06, S_DIST_07, S_DIST_08, S_DIST_09, S_DIST_10 FROM STOCK WHERE S_I_ID = 69331 AND S_W_ID = 1
Error Message: Cannot invoke "java.util.List.get(int)" because the return value of "sg.edu.nus.autotune.DB2DATA.getAllIndexes()" is null


===== Query 2824 =====

SQL: UPDATE STOCK SET S_QUANTITY = 57, S_YTD = S_YTD + 7, S_ORDER_CNT = S_ORDER_CNT + 1, S_REMOTE_CNT = S_REMOTE_CNT + 0 WHERE S_I_ID = 69331 AND S_W_ID = 1

EXPLAIN Plan:

Update on stock  (cost=0.42..8.45 rows=0 width=0) (actual time=0.069..0.069 rows=0 loops=1)

  ->  Index Scan using stock_pkey on stock  (cost=0.42..8.45 rows=1 width=32) (actual time=0.037..0.038 rows=1 loops=1)

        Index Cond: ((s_w_id = 1) AND (s_i_id = 69331))

Planning Time: 0.065 ms

Execution Time: 0.083 ms
Failed SQL 2824: UPDATE STOCK SET S_QUANTITY = 57, S_YTD = S_YTD + 7, S_ORDER_CNT = S_ORDER_CNT + 1, S_REMOTE_CNT = S_REMOTE_CNT + 0 WHERE S_I_ID = 69331 AND S_W_ID = 1
Error Message: Cannot invoke "java.util.List.get(int)" because the return value of "sg.edu.nus.autotune.DB2DATA.getAllIndexes()" is null


===== Query 2825 =====

SQL: SELECT I_PRICE, I_NAME , I_DATA FROM ITEM WHERE I_ID = 15317

EXPLAIN Plan:

Index Scan using item_pkey on item  (cost=0.29..8.31 rows=1 width=61) (actual time=0.235..0.236 rows=1 loops=1)

  Index Cond: (i_id = 15317)

Planning Time: 0.559 ms

Execution Time: 0.307 ms
Failed SQL 2825: SELECT I_PRICE, I_NAME , I_DATA FROM ITEM WHERE I_ID = 15317
Error Message: Cannot invoke "java.util.List.get(int)" because the return value of "sg.edu.nus.autotune.DB2DATA.getAllIndexes()" is null


===== Query 2826 =====

SQL: SELECT S_QUANTITY, S_DATA, S_DIST_01, S_DIST_02, S_DIST_03, S_DIST_04, S_DIST_05, S_DIST_06, S_DIST_07, S_DIST_08, S_DIST_09, S_DIST_10 FROM STOCK WHERE S_I_ID = 15317 AND S_W_ID = 1

EXPLAIN Plan:

Index Scan using stock_pkey on stock  (cost=0.42..8.44 rows=1 width=291) (actual time=0.866..0.869 rows=1 loops=1)

  Index Cond: ((s_w_id = 1) AND (s_i_id = 15317))

Planning Time: 0.073 ms

Execution Time: 0.891 ms
Failed SQL 2826: SELECT S_QUANTITY, S_DATA, S_DIST_01, S_DIST_02, S_DIST_03, S_DIST_04, S_DIST_05, S_DIST_06, S_DIST_07, S_DIST_08, S_DIST_09, S_DIST_10 FROM STOCK WHERE S_I_ID = 15317 AND S_W_ID = 1
Error Message: Cannot invoke "java.util.List.get(int)" because the return value of "sg.edu.nus.autotune.DB2DATA.getAllIndexes()" is null


===== Query 2827 =====

SQL: SELECT S_QUANTITY, S_DATA, S_DIST_01, S_DIST_02, S_DIST_03, S_DIST_04, S_DIST_05, S_DIST_06, S_DIST_07, S_DIST_08, S_DIST_09, S_DIST_10 FROM STOCK WHERE S_I_ID = 43719 AND S_W_ID = 2

EXPLAIN Plan:

Index Scan using stock_pkey on stock  (cost=0.42..8.44 rows=1 width=291) (actual time=0.998..1.002 rows=1 loops=1)

  Index Cond: ((s_w_id = 2) AND (s_i_id = 43719))

Planning Time: 0.110 ms

Execution Time: 1.031 ms
Failed SQL 2827: SELECT S_QUANTITY, S_DATA, S_DIST_01, S_DIST_02, S_DIST_03, S_DIST_04, S_DIST_05, S_DIST_06, S_DIST_07, S_DIST_08, S_DIST_09, S_DIST_10 FROM STOCK WHERE S_I_ID = 43719 AND S_W_ID = 2
Error Message: Cannot invoke "java.util.List.get(int)" because the return value of "sg.edu.nus.autotune.DB2DATA.getAllIndexes()" is null


===== Query 2828 =====

SQL: UPDATE STOCK SET S_QUANTITY = 59, S_YTD = S_YTD + 5, S_ORDER_CNT = S_ORDER_CNT + 1, S_REMOTE_CNT = S_REMOTE_CNT + 0 WHERE S_I_ID = 15317 AND S_W_ID = 1

EXPLAIN Plan:

Update on stock  (cost=0.42..8.45 rows=0 width=0) (actual time=0.103..0.103 rows=0 loops=1)

  ->  Index Scan using stock_pkey on stock  (cost=0.42..8.45 rows=1 width=32) (actual time=0.025..0.027 rows=1 loops=1)

        Index Cond: ((s_w_id = 1) AND (s_i_id = 15317))

Planning Time: 0.105 ms

Execution Time: 0.131 ms
Failed SQL 2828: UPDATE STOCK SET S_QUANTITY = 59, S_YTD = S_YTD + 5, S_ORDER_CNT = S_ORDER_CNT + 1, S_REMOTE_CNT = S_REMOTE_CNT + 0 WHERE S_I_ID = 15317 AND S_W_ID = 1
Error Message: Cannot invoke "java.util.List.get(int)" because the return value of "sg.edu.nus.autotune.DB2DATA.getAllIndexes()" is null


===== Query 2829 =====

SQL: SELECT I_PRICE, I_NAME , I_DATA FROM ITEM WHERE I_ID = 32487

EXPLAIN Plan:

Index Scan using item_pkey on item  (cost=0.29..8.31 rows=1 width=61) (actual time=0.077..0.078 rows=1 loops=1)

  Index Cond: (i_id = 32487)

Planning Time: 0.053 ms

Execution Time: 0.096 ms
Failed SQL 2829: SELECT I_PRICE, I_NAME , I_DATA FROM ITEM WHERE I_ID = 32487
Error Message: Cannot invoke "java.util.List.get(int)" because the return value of "sg.edu.nus.autotune.DB2DATA.getAllIndexes()" is null


===== Query 2830 =====

SQL: SELECT S_QUANTITY, S_DATA, S_DIST_01, S_DIST_02, S_DIST_03, S_DIST_04, S_DIST_05, S_DIST_06, S_DIST_07, S_DIST_08, S_DIST_09, S_DIST_10 FROM STOCK WHERE S_I_ID = 32487 AND S_W_ID = 1

EXPLAIN Plan:

Index Scan using stock_pkey on stock  (cost=0.42..8.44 rows=1 width=291) (actual time=0.066..0.068 rows=1 loops=1)

  Index Cond: ((s_w_id = 1) AND (s_i_id = 32487))

Planning Time: 0.101 ms

Execution Time: 0.091 ms
Failed SQL 2830: SELECT S_QUANTITY, S_DATA, S_DIST_01, S_DIST_02, S_DIST_03, S_DIST_04, S_DIST_05, S_DIST_06, S_DIST_07, S_DIST_08, S_DIST_09, S_DIST_10 FROM STOCK WHERE S_I_ID = 32487 AND S_W_ID = 1
Error Message: Cannot invoke "java.util.List.get(int)" because the return value of "sg.edu.nus.autotune.DB2DATA.getAllIndexes()" is null


===== Query 2831 =====

SQL: UPDATE STOCK SET S_QUANTITY = 84, S_YTD = S_YTD + 2, S_ORDER_CNT = S_ORDER_CNT + 1, S_REMOTE_CNT = S_REMOTE_CNT + 0 WHERE S_I_ID = 32487 AND S_W_ID = 1

EXPLAIN Plan:

Update on stock  (cost=0.42..8.45 rows=0 width=0) (actual time=0.123..0.124 rows=0 loops=1)

  ->  Index Scan using stock_pkey on stock  (cost=0.42..8.45 rows=1 width=32) (actual time=0.027..0.028 rows=1 loops=1)

        Index Cond: ((s_w_id = 1) AND (s_i_id = 32487))

Planning Time: 0.108 ms

Execution Time: 0.153 ms
Failed SQL 2831: UPDATE STOCK SET S_QUANTITY = 84, S_YTD = S_YTD + 2, S_ORDER_CNT = S_ORDER_CNT + 1, S_REMOTE_CNT = S_REMOTE_CNT + 0 WHERE S_I_ID = 32487 AND S_W_ID = 1
Error Message: Cannot invoke "java.util.List.get(int)" because the return value of "sg.edu.nus.autotune.DB2DATA.getAllIndexes()" is null


===== Query 2832 =====

SQL: SELECT I_PRICE, I_NAME , I_DATA FROM ITEM WHERE I_ID = 64514

EXPLAIN Plan:

Index Scan using item_pkey on item  (cost=0.29..8.31 rows=1 width=61) (actual time=0.050..0.052 rows=1 loops=1)

  Index Cond: (i_id = 64514)

Planning Time: 0.082 ms

Execution Time: 0.070 ms
Failed SQL 2832: SELECT I_PRICE, I_NAME , I_DATA FROM ITEM WHERE I_ID = 64514
Error Message: Cannot invoke "java.util.List.get(int)" because the return value of "sg.edu.nus.autotune.DB2DATA.getAllIndexes()" is null


===== Query 2833 =====

SQL: SELECT S_QUANTITY, S_DATA, S_DIST_01, S_DIST_02, S_DIST_03, S_DIST_04, S_DIST_05, S_DIST_06, S_DIST_07, S_DIST_08, S_DIST_09, S_DIST_10 FROM STOCK WHERE S_I_ID = 64514 AND S_W_ID = 1

EXPLAIN Plan:

Index Scan using stock_pkey on stock  (cost=0.42..8.44 rows=1 width=291) (actual time=0.905..0.908 rows=1 loops=1)

  Index Cond: ((s_w_id = 1) AND (s_i_id = 64514))

Planning Time: 0.100 ms

Execution Time: 0.934 ms
Failed SQL 2833: SELECT S_QUANTITY, S_DATA, S_DIST_01, S_DIST_02, S_DIST_03, S_DIST_04, S_DIST_05, S_DIST_06, S_DIST_07, S_DIST_08, S_DIST_09, S_DIST_10 FROM STOCK WHERE S_I_ID = 64514 AND S_W_ID = 1
Error Message: Cannot invoke "java.util.List.get(int)" because the return value of "sg.edu.nus.autotune.DB2DATA.getAllIndexes()" is null


===== Query 2834 =====

SQL: UPDATE STOCK SET S_QUANTITY = 27, S_YTD = S_YTD + 7, S_ORDER_CNT = S_ORDER_CNT + 1, S_REMOTE_CNT = S_REMOTE_CNT + 0 WHERE S_I_ID = 43719 AND S_W_ID = 2

EXPLAIN Plan:

Update on stock  (cost=0.42..8.45 rows=0 width=0) (actual time=0.101..0.101 rows=0 loops=1)

  ->  Index Scan using stock_pkey on stock  (cost=0.42..8.45 rows=1 width=32) (actual time=0.022..0.023 rows=1 loops=1)

        Index Cond: ((s_w_id = 2) AND (s_i_id = 43719))

Planning Time: 0.087 ms

Execution Time: 0.125 ms
Failed SQL 2834: UPDATE STOCK SET S_QUANTITY = 27, S_YTD = S_YTD + 7, S_ORDER_CNT = S_ORDER_CNT + 1, S_REMOTE_CNT = S_REMOTE_CNT + 0 WHERE S_I_ID = 43719 AND S_W_ID = 2
Error Message: Cannot invoke "java.util.List.get(int)" because the return value of "sg.edu.nus.autotune.DB2DATA.getAllIndexes()" is null


===== Query 2835 =====

SQL: SELECT I_PRICE, I_NAME , I_DATA FROM ITEM WHERE I_ID = 97767

EXPLAIN Plan:

Index Scan using item_pkey on item  (cost=0.29..8.31 rows=1 width=61) (actual time=0.045..0.046 rows=1 loops=1)

  Index Cond: (i_id = 97767)

Planning Time: 0.110 ms

Execution Time: 0.067 ms
Failed SQL 2835: SELECT I_PRICE, I_NAME , I_DATA FROM ITEM WHERE I_ID = 97767
Error Message: Cannot invoke "java.util.List.get(int)" because the return value of "sg.edu.nus.autotune.DB2DATA.getAllIndexes()" is null


===== Query 2836 =====

SQL: SELECT S_QUANTITY, S_DATA, S_DIST_01, S_DIST_02, S_DIST_03, S_DIST_04, S_DIST_05, S_DIST_06, S_DIST_07, S_DIST_08, S_DIST_09, S_DIST_10 FROM STOCK WHERE S_I_ID = 97767 AND S_W_ID = 2

EXPLAIN Plan:

Index Scan using stock_pkey on stock  (cost=0.42..8.44 rows=1 width=291) (actual time=0.070..0.072 rows=1 loops=1)

  Index Cond: ((s_w_id = 2) AND (s_i_id = 97767))

Planning Time: 0.112 ms

Execution Time: 0.097 ms
Failed SQL 2836: SELECT S_QUANTITY, S_DATA, S_DIST_01, S_DIST_02, S_DIST_03, S_DIST_04, S_DIST_05, S_DIST_06, S_DIST_07, S_DIST_08, S_DIST_09, S_DIST_10 FROM STOCK WHERE S_I_ID = 97767 AND S_W_ID = 2
Error Message: Cannot invoke "java.util.List.get(int)" because the return value of "sg.edu.nus.autotune.DB2DATA.getAllIndexes()" is null


===== Query 2837 =====

SQL: UPDATE STOCK SET S_QUANTITY = 42, S_YTD = S_YTD + 1, S_ORDER_CNT = S_ORDER_CNT + 1, S_REMOTE_CNT = S_REMOTE_CNT + 0 WHERE S_I_ID = 97767 AND S_W_ID = 2

EXPLAIN Plan:

Update on stock  (cost=0.42..8.45 rows=0 width=0) (actual time=0.123..0.124 rows=0 loops=1)

  ->  Index Scan using stock_pkey on stock  (cost=0.42..8.45 rows=1 width=32) (actual time=0.030..0.031 rows=1 loops=1)

        Index Cond: ((s_w_id = 2) AND (s_i_id = 97767))

Planning Time: 0.118 ms

Execution Time: 0.156 ms
Failed SQL 2837: UPDATE STOCK SET S_QUANTITY = 42, S_YTD = S_YTD + 1, S_ORDER_CNT = S_ORDER_CNT + 1, S_REMOTE_CNT = S_REMOTE_CNT + 0 WHERE S_I_ID = 97767 AND S_W_ID = 2
Error Message: Cannot invoke "java.util.List.get(int)" because the return value of "sg.edu.nus.autotune.DB2DATA.getAllIndexes()" is null


===== Query 2838 =====

SQL: SELECT I_PRICE, I_NAME , I_DATA FROM ITEM WHERE I_ID = 24027

EXPLAIN Plan:

Index Scan using item_pkey on item  (cost=0.29..8.31 rows=1 width=61) (actual time=0.019..0.021 rows=1 loops=1)

  Index Cond: (i_id = 24027)

Planning Time: 0.073 ms

Execution Time: 0.038 ms
Failed SQL 2838: SELECT I_PRICE, I_NAME , I_DATA FROM ITEM WHERE I_ID = 24027
Error Message: Cannot invoke "java.util.List.get(int)" because the return value of "sg.edu.nus.autotune.DB2DATA.getAllIndexes()" is null


===== Query 2839 =====

SQL: SELECT S_QUANTITY, S_DATA, S_DIST_01, S_DIST_02, S_DIST_03, S_DIST_04, S_DIST_05, S_DIST_06, S_DIST_07, S_DIST_08, S_DIST_09, S_DIST_10 FROM STOCK WHERE S_I_ID = 24027 AND S_W_ID = 2

EXPLAIN Plan:

Index Scan using stock_pkey on stock  (cost=0.42..8.44 rows=1 width=291) (actual time=0.048..0.049 rows=1 loops=1)

  Index Cond: ((s_w_id = 2) AND (s_i_id = 24027))

Planning Time: 0.087 ms

Execution Time: 0.067 ms
Failed SQL 2839: SELECT S_QUANTITY, S_DATA, S_DIST_01, S_DIST_02, S_DIST_03, S_DIST_04, S_DIST_05, S_DIST_06, S_DIST_07, S_DIST_08, S_DIST_09, S_DIST_10 FROM STOCK WHERE S_I_ID = 24027 AND S_W_ID = 2
Error Message: Cannot invoke "java.util.List.get(int)" because the return value of "sg.edu.nus.autotune.DB2DATA.getAllIndexes()" is null


===== Query 2840 =====

SQL: UPDATE STOCK SET S_QUANTITY = 85, S_YTD = S_YTD + 3, S_ORDER_CNT = S_ORDER_CNT + 1, S_REMOTE_CNT = S_REMOTE_CNT + 0 WHERE S_I_ID = 24027 AND S_W_ID = 2

EXPLAIN Plan:

Update on stock  (cost=0.42..8.45 rows=0 width=0) (actual time=0.103..0.103 rows=0 loops=1)

  ->  Index Scan using stock_pkey on stock  (cost=0.42..8.45 rows=1 width=32) (actual time=0.023..0.025 rows=1 loops=1)

        Index Cond: ((s_w_id = 2) AND (s_i_id = 24027))

Planning Time: 0.098 ms

Execution Time: 0.131 ms
Failed SQL 2840: UPDATE STOCK SET S_QUANTITY = 85, S_YTD = S_YTD + 3, S_ORDER_CNT = S_ORDER_CNT + 1, S_REMOTE_CNT = S_REMOTE_CNT + 0 WHERE S_I_ID = 24027 AND S_W_ID = 2
Error Message: Cannot invoke "java.util.List.get(int)" because the return value of "sg.edu.nus.autotune.DB2DATA.getAllIndexes()" is null


===== Query 2841 =====

SQL: SELECT I_PRICE, I_NAME , I_DATA FROM ITEM WHERE I_ID = 16067

EXPLAIN Plan:

Index Scan using item_pkey on item  (cost=0.29..8.31 rows=1 width=61) (actual time=0.062..0.063 rows=1 loops=1)

  Index Cond: (i_id = 16067)

Planning Time: 0.076 ms

Execution Time: 0.081 ms
Failed SQL 2841: SELECT I_PRICE, I_NAME , I_DATA FROM ITEM WHERE I_ID = 16067
Error Message: Cannot invoke "java.util.List.get(int)" because the return value of "sg.edu.nus.autotune.DB2DATA.getAllIndexes()" is null


===== Query 2842 =====

SQL: SELECT S_QUANTITY, S_DATA, S_DIST_01, S_DIST_02, S_DIST_03, S_DIST_04, S_DIST_05, S_DIST_06, S_DIST_07, S_DIST_08, S_DIST_09, S_DIST_10 FROM STOCK WHERE S_I_ID = 16067 AND S_W_ID = 2

EXPLAIN Plan:

Index Scan using stock_pkey on stock  (cost=0.42..8.44 rows=1 width=291) (actual time=0.071..0.072 rows=1 loops=1)

  Index Cond: ((s_w_id = 2) AND (s_i_id = 16067))

Planning Time: 0.092 ms

Execution Time: 0.103 ms
Failed SQL 2842: SELECT S_QUANTITY, S_DATA, S_DIST_01, S_DIST_02, S_DIST_03, S_DIST_04, S_DIST_05, S_DIST_06, S_DIST_07, S_DIST_08, S_DIST_09, S_DIST_10 FROM STOCK WHERE S_I_ID = 16067 AND S_W_ID = 2
Error Message: Cannot invoke "java.util.List.get(int)" because the return value of "sg.edu.nus.autotune.DB2DATA.getAllIndexes()" is null


===== Query 2843 =====

SQL: UPDATE STOCK SET S_QUANTITY = 48, S_YTD = S_YTD + 1, S_ORDER_CNT = S_ORDER_CNT + 1, S_REMOTE_CNT = S_REMOTE_CNT + 0 WHERE S_I_ID = 16067 AND S_W_ID = 2

EXPLAIN Plan:

Update on stock  (cost=0.42..8.45 rows=0 width=0) (actual time=0.080..0.081 rows=0 loops=1)

  ->  Index Scan using stock_pkey on stock  (cost=0.42..8.45 rows=1 width=32) (actual time=0.024..0.026 rows=1 loops=1)

        Index Cond: ((s_w_id = 2) AND (s_i_id = 16067))

Planning Time: 0.098 ms

Execution Time: 0.109 ms
Failed SQL 2843: UPDATE STOCK SET S_QUANTITY = 48, S_YTD = S_YTD + 1, S_ORDER_CNT = S_ORDER_CNT + 1, S_REMOTE_CNT = S_REMOTE_CNT + 0 WHERE S_I_ID = 16067 AND S_W_ID = 2
Error Message: Cannot invoke "java.util.List.get(int)" because the return value of "sg.edu.nus.autotune.DB2DATA.getAllIndexes()" is null


===== Query 2844 =====

SQL: SELECT I_PRICE, I_NAME , I_DATA FROM ITEM WHERE I_ID = 32351

EXPLAIN Plan:

Index Scan using item_pkey on item  (cost=0.29..8.31 rows=1 width=61) (actual time=0.013..0.014 rows=1 loops=1)

  Index Cond: (i_id = 32351)

Planning Time: 0.046 ms

Execution Time: 0.024 ms
Failed SQL 2844: SELECT I_PRICE, I_NAME , I_DATA FROM ITEM WHERE I_ID = 32351
Error Message: Cannot invoke "java.util.List.get(int)" because the return value of "sg.edu.nus.autotune.DB2DATA.getAllIndexes()" is null


===== Query 2845 =====

SQL: SELECT S_QUANTITY, S_DATA, S_DIST_01, S_DIST_02, S_DIST_03, S_DIST_04, S_DIST_05, S_DIST_06, S_DIST_07, S_DIST_08, S_DIST_09, S_DIST_10 FROM STOCK WHERE S_I_ID = 32351 AND S_W_ID = 2

EXPLAIN Plan:

Index Scan using stock_pkey on stock  (cost=0.42..8.44 rows=1 width=291) (actual time=0.955..0.959 rows=1 loops=1)

  Index Cond: ((s_w_id = 2) AND (s_i_id = 32351))

Planning Time: 0.098 ms

Execution Time: 0.985 ms
Failed SQL 2845: SELECT S_QUANTITY, S_DATA, S_DIST_01, S_DIST_02, S_DIST_03, S_DIST_04, S_DIST_05, S_DIST_06, S_DIST_07, S_DIST_08, S_DIST_09, S_DIST_10 FROM STOCK WHERE S_I_ID = 32351 AND S_W_ID = 2
Error Message: Cannot invoke "java.util.List.get(int)" because the return value of "sg.edu.nus.autotune.DB2DATA.getAllIndexes()" is null


===== Query 2846 =====

SQL: UPDATE STOCK SET S_QUANTITY = 79, S_YTD = S_YTD + 2, S_ORDER_CNT = S_ORDER_CNT + 1, S_REMOTE_CNT = S_REMOTE_CNT + 0 WHERE S_I_ID = 64514 AND S_W_ID = 1

EXPLAIN Plan:

Update on stock  (cost=0.42..8.45 rows=0 width=0) (actual time=0.050..0.050 rows=0 loops=1)

  ->  Index Scan using stock_pkey on stock  (cost=0.42..8.45 rows=1 width=32) (actual time=0.022..0.023 rows=1 loops=1)

        Index Cond: ((s_w_id = 1) AND (s_i_id = 64514))

Planning Time: 0.082 ms

Execution Time: 0.069 ms
Failed SQL 2846: UPDATE STOCK SET S_QUANTITY = 79, S_YTD = S_YTD + 2, S_ORDER_CNT = S_ORDER_CNT + 1, S_REMOTE_CNT = S_REMOTE_CNT + 0 WHERE S_I_ID = 64514 AND S_W_ID = 1
Error Message: Cannot invoke "java.util.List.get(int)" because the return value of "sg.edu.nus.autotune.DB2DATA.getAllIndexes()" is null


===== Query 2847 =====

SQL: SELECT I_PRICE, I_NAME , I_DATA FROM ITEM WHERE I_ID = 52803

EXPLAIN Plan:

Index Scan using item_pkey on item  (cost=0.29..8.31 rows=1 width=61) (actual time=0.036..0.037 rows=1 loops=1)

  Index Cond: (i_id = 52803)

Planning Time: 0.064 ms

Execution Time: 0.054 ms
Failed SQL 2847: SELECT I_PRICE, I_NAME , I_DATA FROM ITEM WHERE I_ID = 52803
Error Message: Cannot invoke "java.util.List.get(int)" because the return value of "sg.edu.nus.autotune.DB2DATA.getAllIndexes()" is null


===== Query 2848 =====

SQL: UPDATE STOCK SET S_QUANTITY = 90, S_YTD = S_YTD + 5, S_ORDER_CNT = S_ORDER_CNT + 1, S_REMOTE_CNT = S_REMOTE_CNT + 0 WHERE S_I_ID = 32351 AND S_W_ID = 2

EXPLAIN Plan:

Update on stock  (cost=0.42..8.45 rows=0 width=0) (actual time=0.087..0.087 rows=0 loops=1)

  ->  Index Scan using stock_pkey on stock  (cost=0.42..8.45 rows=1 width=32) (actual time=0.038..0.040 rows=1 loops=1)

        Index Cond: ((s_w_id = 2) AND (s_i_id = 32351))

Planning Time: 0.069 ms

Execution Time: 0.104 ms
Failed SQL 2848: UPDATE STOCK SET S_QUANTITY = 90, S_YTD = S_YTD + 5, S_ORDER_CNT = S_ORDER_CNT + 1, S_REMOTE_CNT = S_REMOTE_CNT + 0 WHERE S_I_ID = 32351 AND S_W_ID = 2
Error Message: Cannot invoke "java.util.List.get(int)" because the return value of "sg.edu.nus.autotune.DB2DATA.getAllIndexes()" is null


===== Query 2849 =====

SQL: SELECT I_PRICE, I_NAME , I_DATA FROM ITEM WHERE I_ID = 91322

EXPLAIN Plan:

Index Scan using item_pkey on item  (cost=0.29..8.31 rows=1 width=61) (actual time=0.042..0.044 rows=1 loops=1)

  Index Cond: (i_id = 91322)

Planning Time: 0.071 ms

Execution Time: 0.061 ms
Failed SQL 2849: SELECT I_PRICE, I_NAME , I_DATA FROM ITEM WHERE I_ID = 91322
Error Message: Cannot invoke "java.util.List.get(int)" because the return value of "sg.edu.nus.autotune.DB2DATA.getAllIndexes()" is null


===== Query 2850 =====

SQL: SELECT S_QUANTITY, S_DATA, S_DIST_01, S_DIST_02, S_DIST_03, S_DIST_04, S_DIST_05, S_DIST_06, S_DIST_07, S_DIST_08, S_DIST_09, S_DIST_10 FROM STOCK WHERE S_I_ID = 52803 AND S_W_ID = 1

EXPLAIN Plan:

Index Scan using stock_pkey on stock  (cost=0.42..8.44 rows=1 width=291) (actual time=0.856..0.858 rows=1 loops=1)

  Index Cond: ((s_w_id = 1) AND (s_i_id = 52803))

Planning Time: 0.098 ms

Execution Time: 0.885 ms
Failed SQL 2850: SELECT S_QUANTITY, S_DATA, S_DIST_01, S_DIST_02, S_DIST_03, S_DIST_04, S_DIST_05, S_DIST_06, S_DIST_07, S_DIST_08, S_DIST_09, S_DIST_10 FROM STOCK WHERE S_I_ID = 52803 AND S_W_ID = 1
Error Message: Cannot invoke "java.util.List.get(int)" because the return value of "sg.edu.nus.autotune.DB2DATA.getAllIndexes()" is null


===== Query 2851 =====

SQL: SELECT S_QUANTITY, S_DATA, S_DIST_01, S_DIST_02, S_DIST_03, S_DIST_04, S_DIST_05, S_DIST_06, S_DIST_07, S_DIST_08, S_DIST_09, S_DIST_10 FROM STOCK WHERE S_I_ID = 91322 AND S_W_ID = 2

EXPLAIN Plan:

Index Scan using stock_pkey on stock  (cost=0.42..8.44 rows=1 width=291) (actual time=0.881..0.883 rows=1 loops=1)

  Index Cond: ((s_w_id = 2) AND (s_i_id = 91322))

Planning Time: 0.104 ms

Execution Time: 0.909 ms
Failed SQL 2851: SELECT S_QUANTITY, S_DATA, S_DIST_01, S_DIST_02, S_DIST_03, S_DIST_04, S_DIST_05, S_DIST_06, S_DIST_07, S_DIST_08, S_DIST_09, S_DIST_10 FROM STOCK WHERE S_I_ID = 91322 AND S_W_ID = 2
Error Message: Cannot invoke "java.util.List.get(int)" because the return value of "sg.edu.nus.autotune.DB2DATA.getAllIndexes()" is null


===== Query 2852 =====

SQL: UPDATE STOCK SET S_QUANTITY = 78, S_YTD = S_YTD + 8, S_ORDER_CNT = S_ORDER_CNT + 1, S_REMOTE_CNT = S_REMOTE_CNT + 0 WHERE S_I_ID = 52803 AND S_W_ID = 1

EXPLAIN Plan:

Update on stock  (cost=0.42..8.45 rows=0 width=0) (actual time=0.091..0.091 rows=0 loops=1)

  ->  Index Scan using stock_pkey on stock  (cost=0.42..8.45 rows=1 width=32) (actual time=0.025..0.026 rows=1 loops=1)

        Index Cond: ((s_w_id = 1) AND (s_i_id = 52803))

Planning Time: 0.105 ms

Execution Time: 0.119 ms
Failed SQL 2852: UPDATE STOCK SET S_QUANTITY = 78, S_YTD = S_YTD + 8, S_ORDER_CNT = S_ORDER_CNT + 1, S_REMOTE_CNT = S_REMOTE_CNT + 0 WHERE S_I_ID = 52803 AND S_W_ID = 1
Error Message: Cannot invoke "java.util.List.get(int)" because the return value of "sg.edu.nus.autotune.DB2DATA.getAllIndexes()" is null


===== Query 2853 =====

SQL: SELECT I_PRICE, I_NAME , I_DATA FROM ITEM WHERE I_ID = 36071

EXPLAIN Plan:

Index Scan using item_pkey on item  (cost=0.29..8.31 rows=1 width=61) (actual time=0.072..0.073 rows=1 loops=1)

  Index Cond: (i_id = 36071)

Planning Time: 0.093 ms

Execution Time: 0.093 ms
Failed SQL 2853: SELECT I_PRICE, I_NAME , I_DATA FROM ITEM WHERE I_ID = 36071
Error Message: Cannot invoke "java.util.List.get(int)" because the return value of "sg.edu.nus.autotune.DB2DATA.getAllIndexes()" is null


===== Query 2854 =====

SQL: SELECT S_QUANTITY, S_DATA, S_DIST_01, S_DIST_02, S_DIST_03, S_DIST_04, S_DIST_05, S_DIST_06, S_DIST_07, S_DIST_08, S_DIST_09, S_DIST_10 FROM STOCK WHERE S_I_ID = 36071 AND S_W_ID = 1

EXPLAIN Plan:

Index Scan using stock_pkey on stock  (cost=0.42..8.44 rows=1 width=291) (actual time=0.059..0.061 rows=1 loops=1)

  Index Cond: ((s_w_id = 1) AND (s_i_id = 36071))

Planning Time: 0.097 ms

Execution Time: 0.081 ms
Failed SQL 2854: SELECT S_QUANTITY, S_DATA, S_DIST_01, S_DIST_02, S_DIST_03, S_DIST_04, S_DIST_05, S_DIST_06, S_DIST_07, S_DIST_08, S_DIST_09, S_DIST_10 FROM STOCK WHERE S_I_ID = 36071 AND S_W_ID = 1
Error Message: Cannot invoke "java.util.List.get(int)" because the return value of "sg.edu.nus.autotune.DB2DATA.getAllIndexes()" is null


===== Query 2855 =====

SQL: UPDATE STOCK SET S_QUANTITY = 62, S_YTD = S_YTD + 8, S_ORDER_CNT = S_ORDER_CNT + 1, S_REMOTE_CNT = S_REMOTE_CNT + 0 WHERE S_I_ID = 91322 AND S_W_ID = 2

EXPLAIN Plan:

Update on stock  (cost=0.42..8.45 rows=0 width=0) (actual time=0.066..0.066 rows=0 loops=1)

  ->  Index Scan using stock_pkey on stock  (cost=0.42..8.45 rows=1 width=32) (actual time=0.029..0.030 rows=1 loops=1)

        Index Cond: ((s_w_id = 2) AND (s_i_id = 91322))

Planning Time: 0.097 ms

Execution Time: 0.093 ms
Failed SQL 2855: UPDATE STOCK SET S_QUANTITY = 62, S_YTD = S_YTD + 8, S_ORDER_CNT = S_ORDER_CNT + 1, S_REMOTE_CNT = S_REMOTE_CNT + 0 WHERE S_I_ID = 91322 AND S_W_ID = 2
Error Message: Cannot invoke "java.util.List.get(int)" because the return value of "sg.edu.nus.autotune.DB2DATA.getAllIndexes()" is null


===== Query 2856 =====

SQL: SELECT I_PRICE, I_NAME , I_DATA FROM ITEM WHERE I_ID = 46819

EXPLAIN Plan:

Index Scan using item_pkey on item  (cost=0.29..8.31 rows=1 width=61) (actual time=0.043..0.044 rows=1 loops=1)

  Index Cond: (i_id = 46819)

Planning Time: 0.087 ms

Execution Time: 0.065 ms
Failed SQL 2856: SELECT I_PRICE, I_NAME , I_DATA FROM ITEM WHERE I_ID = 46819
Error Message: Cannot invoke "java.util.List.get(int)" because the return value of "sg.edu.nus.autotune.DB2DATA.getAllIndexes()" is null


===== Query 2857 =====

SQL: SELECT S_QUANTITY, S_DATA, S_DIST_01, S_DIST_02, S_DIST_03, S_DIST_04, S_DIST_05, S_DIST_06, S_DIST_07, S_DIST_08, S_DIST_09, S_DIST_10 FROM STOCK WHERE S_I_ID = 46819 AND S_W_ID = 2

EXPLAIN Plan:

Index Scan using stock_pkey on stock  (cost=0.42..8.44 rows=1 width=291) (actual time=0.076..0.077 rows=1 loops=1)

  Index Cond: ((s_w_id = 2) AND (s_i_id = 46819))

Planning Time: 0.114 ms

Execution Time: 0.101 ms
Failed SQL 2857: SELECT S_QUANTITY, S_DATA, S_DIST_01, S_DIST_02, S_DIST_03, S_DIST_04, S_DIST_05, S_DIST_06, S_DIST_07, S_DIST_08, S_DIST_09, S_DIST_10 FROM STOCK WHERE S_I_ID = 46819 AND S_W_ID = 2
Error Message: Cannot invoke "java.util.List.get(int)" because the return value of "sg.edu.nus.autotune.DB2DATA.getAllIndexes()" is null


===== Query 2858 =====

SQL: UPDATE STOCK SET S_QUANTITY = 26, S_YTD = S_YTD + 4, S_ORDER_CNT = S_ORDER_CNT + 1, S_REMOTE_CNT = S_REMOTE_CNT + 0 WHERE S_I_ID = 46819 AND S_W_ID = 2

EXPLAIN Plan:

Update on stock  (cost=0.42..8.45 rows=0 width=0) (actual time=0.097..0.097 rows=0 loops=1)

  ->  Index Scan using stock_pkey on stock  (cost=0.42..8.45 rows=1 width=32) (actual time=0.027..0.028 rows=1 loops=1)

        Index Cond: ((s_w_id = 2) AND (s_i_id = 46819))

Planning Time: 0.103 ms

Execution Time: 0.128 ms
Failed SQL 2858: UPDATE STOCK SET S_QUANTITY = 26, S_YTD = S_YTD + 4, S_ORDER_CNT = S_ORDER_CNT + 1, S_REMOTE_CNT = S_REMOTE_CNT + 0 WHERE S_I_ID = 46819 AND S_W_ID = 2
Error Message: Cannot invoke "java.util.List.get(int)" because the return value of "sg.edu.nus.autotune.DB2DATA.getAllIndexes()" is null


===== Query 2859 =====

SQL: SELECT I_PRICE, I_NAME , I_DATA FROM ITEM WHERE I_ID = 71374

EXPLAIN Plan:

Index Scan using item_pkey on item  (cost=0.29..8.31 rows=1 width=61) (actual time=0.044..0.046 rows=1 loops=1)

  Index Cond: (i_id = 71374)

Planning Time: 0.059 ms

Execution Time: 0.059 ms
Failed SQL 2859: SELECT I_PRICE, I_NAME , I_DATA FROM ITEM WHERE I_ID = 71374
Error Message: Cannot invoke "java.util.List.get(int)" because the return value of "sg.edu.nus.autotune.DB2DATA.getAllIndexes()" is null


===== Query 2860 =====

SQL: UPDATE STOCK SET S_QUANTITY = 11, S_YTD = S_YTD + 2, S_ORDER_CNT = S_ORDER_CNT + 1, S_REMOTE_CNT = S_REMOTE_CNT + 0 WHERE S_I_ID = 36071 AND S_W_ID = 1

EXPLAIN Plan:

Update on stock  (cost=0.42..8.45 rows=0 width=0) (actual time=0.073..0.074 rows=0 loops=1)

  ->  Index Scan using stock_pkey on stock  (cost=0.42..8.45 rows=1 width=32) (actual time=0.024..0.025 rows=1 loops=1)

        Index Cond: ((s_w_id = 1) AND (s_i_id = 36071))

Planning Time: 0.099 ms

Execution Time: 0.102 ms
Failed SQL 2860: UPDATE STOCK SET S_QUANTITY = 11, S_YTD = S_YTD + 2, S_ORDER_CNT = S_ORDER_CNT + 1, S_REMOTE_CNT = S_REMOTE_CNT + 0 WHERE S_I_ID = 36071 AND S_W_ID = 1
Error Message: Cannot invoke "java.util.List.get(int)" because the return value of "sg.edu.nus.autotune.DB2DATA.getAllIndexes()" is null


===== Query 2861 =====

SQL: SELECT I_PRICE, I_NAME , I_DATA FROM ITEM WHERE I_ID = 24283

EXPLAIN Plan:

Index Scan using item_pkey on item  (cost=0.29..8.31 rows=1 width=61) (actual time=0.051..0.053 rows=1 loops=1)

  Index Cond: (i_id = 24283)

Planning Time: 0.080 ms

Execution Time: 0.071 ms
Failed SQL 2861: SELECT I_PRICE, I_NAME , I_DATA FROM ITEM WHERE I_ID = 24283
Error Message: Cannot invoke "java.util.List.get(int)" because the return value of "sg.edu.nus.autotune.DB2DATA.getAllIndexes()" is null


===== Query 2862 =====

SQL: SELECT S_QUANTITY, S_DATA, S_DIST_01, S_DIST_02, S_DIST_03, S_DIST_04, S_DIST_05, S_DIST_06, S_DIST_07, S_DIST_08, S_DIST_09, S_DIST_10 FROM STOCK WHERE S_I_ID = 24283 AND S_W_ID = 1

EXPLAIN Plan:

Index Scan using stock_pkey on stock  (cost=0.42..8.44 rows=1 width=291) (actual time=1.137..1.139 rows=1 loops=1)

  Index Cond: ((s_w_id = 1) AND (s_i_id = 24283))

Planning Time: 0.057 ms

Execution Time: 1.156 ms
Failed SQL 2862: SELECT S_QUANTITY, S_DATA, S_DIST_01, S_DIST_02, S_DIST_03, S_DIST_04, S_DIST_05, S_DIST_06, S_DIST_07, S_DIST_08, S_DIST_09, S_DIST_10 FROM STOCK WHERE S_I_ID = 24283 AND S_W_ID = 1
Error Message: Cannot invoke "java.util.List.get(int)" because the return value of "sg.edu.nus.autotune.DB2DATA.getAllIndexes()" is null


===== Query 2863 =====

SQL: UPDATE STOCK SET S_QUANTITY = 100, S_YTD = S_YTD + 2, S_ORDER_CNT = S_ORDER_CNT + 1, S_REMOTE_CNT = S_REMOTE_CNT + 0 WHERE S_I_ID = 24283 AND S_W_ID = 1

EXPLAIN Plan:

Update on stock  (cost=0.42..8.45 rows=0 width=0) (actual time=0.057..0.057 rows=0 loops=1)

  ->  Index Scan using stock_pkey on stock  (cost=0.42..8.45 rows=1 width=32) (actual time=0.024..0.025 rows=1 loops=1)

        Index Cond: ((s_w_id = 1) AND (s_i_id = 24283))

Planning Time: 0.097 ms

Execution Time: 0.082 ms
Failed SQL 2863: UPDATE STOCK SET S_QUANTITY = 100, S_YTD = S_YTD + 2, S_ORDER_CNT = S_ORDER_CNT + 1, S_REMOTE_CNT = S_REMOTE_CNT + 0 WHERE S_I_ID = 24283 AND S_W_ID = 1
Error Message: Cannot invoke "java.util.List.get(int)" because the return value of "sg.edu.nus.autotune.DB2DATA.getAllIndexes()" is null


===== Query 2864 =====

SQL: UPDATE WAREHOUSE SET W_YTD = W_YTD + 1459.29 WHERE W_ID = 1

EXPLAIN Plan:

Update on warehouse  (cost=4.14..8.16 rows=0 width=0) (actual time=0.071..0.072 rows=0 loops=1)

  ->  Bitmap Heap Scan on warehouse  (cost=4.14..8.16 rows=1 width=22) (actual time=0.032..0.033 rows=1 loops=1)

        Recheck Cond: (w_id = 1)

        Heap Blocks: exact=1

        ->  Bitmap Index Scan on warehouse_pkey  (cost=0.00..4.14 rows=1 width=0) (actual time=0.013..0.013 rows=1 loops=1)

              Index Cond: (w_id = 1)

Planning Time: 0.081 ms

Execution Time: 0.104 ms
Failed SQL 2864: UPDATE WAREHOUSE SET W_YTD = W_YTD + 1459.29 WHERE W_ID = 1
Error Message: Cannot invoke "java.util.List.get(int)" because the return value of "sg.edu.nus.autotune.DB2DATA.getAllIndexes()" is null


===== Query 2865 =====

SQL: SELECT W_STREET_1, W_STREET_2, W_CITY, W_STATE, W_ZIP, W_NAME FROM WAREHOUSE WHERE W_ID = 1

EXPLAIN Plan:

Bitmap Heap Scan on warehouse  (cost=4.14..8.15 rows=1 width=65) (actual time=0.029..0.030 rows=1 loops=1)

  Recheck Cond: (w_id = 1)

  Heap Blocks: exact=1

  ->  Bitmap Index Scan on warehouse_pkey  (cost=0.00..4.14 rows=1 width=0) (actual time=0.016..0.016 rows=1 loops=1)

        Index Cond: (w_id = 1)

Planning Time: 0.086 ms

Execution Time: 0.066 ms
Failed SQL 2865: SELECT W_STREET_1, W_STREET_2, W_CITY, W_STATE, W_ZIP, W_NAME FROM WAREHOUSE WHERE W_ID = 1
Error Message: Cannot invoke "java.util.List.get(int)" because the return value of "sg.edu.nus.autotune.DB2DATA.getAllIndexes()" is null


===== Query 2866 =====

SQL: UPDATE DISTRICT SET D_YTD = D_YTD + 1459.29 WHERE D_W_ID = 1 AND D_ID = 8

EXPLAIN Plan:

Update on district  (cost=4.28..11.67 rows=0 width=0) (actual time=0.120..0.121 rows=0 loops=1)

  ->  Bitmap Heap Scan on district  (cost=4.28..11.67 rows=2 width=22) (actual time=0.052..0.053 rows=1 loops=1)

        Recheck Cond: ((d_w_id = 1) AND (d_id = 8))

        Heap Blocks: exact=1

        ->  Bitmap Index Scan on district_pkey  (cost=0.00..4.28 rows=2 width=0) (actual time=0.026..0.027 rows=1 loops=1)

              Index Cond: ((d_w_id = 1) AND (d_id = 8))

Planning Time: 0.131 ms

Execution Time: 0.186 ms
Failed SQL 2866: UPDATE DISTRICT SET D_YTD = D_YTD + 1459.29 WHERE D_W_ID = 1 AND D_ID = 8
Error Message: Cannot invoke "java.util.List.get(int)" because the return value of "sg.edu.nus.autotune.DB2DATA.getAllIndexes()" is null


===== Query 2867 =====

SQL: SELECT D_STREET_1, D_STREET_2, D_CITY, D_STATE, D_ZIP, D_NAME FROM DISTRICT WHERE D_W_ID = 1 AND D_ID = 8

EXPLAIN Plan:

Bitmap Heap Scan on district  (cost=4.28..11.66 rows=2 width=64) (actual time=0.023..0.023 rows=1 loops=1)

  Recheck Cond: ((d_w_id = 1) AND (d_id = 8))

  Heap Blocks: exact=1

  ->  Bitmap Index Scan on district_pkey  (cost=0.00..4.28 rows=2 width=0) (actual time=0.010..0.011 rows=1 loops=1)

        Index Cond: ((d_w_id = 1) AND (d_id = 8))

Planning Time: 0.081 ms

Execution Time: 0.069 ms
Failed SQL 2867: SELECT D_STREET_1, D_STREET_2, D_CITY, D_STATE, D_ZIP, D_NAME FROM DISTRICT WHERE D_W_ID = 1 AND D_ID = 8
Error Message: Cannot invoke "java.util.List.get(int)" because the return value of "sg.edu.nus.autotune.DB2DATA.getAllIndexes()" is null


===== Query 2868 =====

SQL: SELECT C_FIRST, C_MIDDLE, C_ID, C_STREET_1, C_STREET_2, C_CITY, C_STATE, C_ZIP, C_PHONE, C_CREDIT, C_CREDIT_LIM, C_DISCOUNT, C_BALANCE, C_YTD_PAYMENT, C_PAYMENT_CNT, C_SINCE FROM CUSTOMER WHERE C_W_ID = 1 AND C_D_ID = 8 AND C_LAST = 'OUGHTANTIESE' ORDER BY C_FIRST

EXPLAIN Plan:

Sort  (cost=7340.51..7340.51 rows=2 width=131) (actual time=7.143..7.144 rows=1 loops=1)

  Sort Key: c_first

  Sort Method: quicksort  Memory: 25kB

  ->  Bitmap Heap Scan on customer  (cost=78.58..7340.50 rows=2 width=131) (actual time=2.012..7.124 rows=1 loops=1)

        Recheck Cond: ((c_w_id = 1) AND (c_d_id = 8))

        Filter: ((c_last)::text = 'OUGHTANTIESE'::text)

        Rows Removed by Filter: 2999

        Heap Blocks: exact=820

        ->  Bitmap Index Scan on customer_pkey  (cost=0.00..78.58 rows=3016 width=0) (actual time=0.698..0.698 rows=3033 loops=1)

              Index Cond: ((c_w_id = 1) AND (c_d_id = 8))

Planning Time: 0.235 ms

Execution Time: 7.231 ms
Failed SQL 2868: SELECT C_FIRST, C_MIDDLE, C_ID, C_STREET_1, C_STREET_2, C_CITY, C_STATE, C_ZIP, C_PHONE, C_CREDIT, C_CREDIT_LIM, C_DISCOUNT, C_BALANCE, C_YTD_PAYMENT, C_PAYMENT_CNT, C_SINCE FROM CUSTOMER WHERE C_W_ID = 1 AND C_D_ID = 8 AND C_LAST = 'OUGHTANTIESE' ORDER BY C_FIRST
Error Message: Cannot invoke "java.util.List.get(int)" because the return value of "sg.edu.nus.autotune.DB2DATA.getAllIndexes()" is null


===== Query 2869 =====

SQL: SELECT S_QUANTITY, S_DATA, S_DIST_01, S_DIST_02, S_DIST_03, S_DIST_04, S_DIST_05, S_DIST_06, S_DIST_07, S_DIST_08, S_DIST_09, S_DIST_10 FROM STOCK WHERE S_I_ID = 71374 AND S_W_ID = 2

EXPLAIN Plan:

Index Scan using stock_pkey on stock  (cost=0.42..8.44 rows=1 width=291) (actual time=1.766..1.768 rows=1 loops=1)

  Index Cond: ((s_w_id = 2) AND (s_i_id = 71374))

Planning Time: 0.070 ms

Execution Time: 1.782 ms
Failed SQL 2869: SELECT S_QUANTITY, S_DATA, S_DIST_01, S_DIST_02, S_DIST_03, S_DIST_04, S_DIST_05, S_DIST_06, S_DIST_07, S_DIST_08, S_DIST_09, S_DIST_10 FROM STOCK WHERE S_I_ID = 71374 AND S_W_ID = 2
Error Message: Cannot invoke "java.util.List.get(int)" because the return value of "sg.edu.nus.autotune.DB2DATA.getAllIndexes()" is null


===== Query 2870 =====

SQL: UPDATE STOCK SET S_QUANTITY = 54, S_YTD = S_YTD + 8, S_ORDER_CNT = S_ORDER_CNT + 1, S_REMOTE_CNT = S_REMOTE_CNT + 0 WHERE S_I_ID = 71374 AND S_W_ID = 2

EXPLAIN Plan:

Update on stock  (cost=0.42..8.45 rows=0 width=0) (actual time=0.133..0.134 rows=0 loops=1)

  ->  Index Scan using stock_pkey on stock  (cost=0.42..8.45 rows=1 width=32) (actual time=0.042..0.043 rows=1 loops=1)

        Index Cond: ((s_w_id = 2) AND (s_i_id = 71374))

Planning Time: 0.107 ms

Execution Time: 0.169 ms
Failed SQL 2870: UPDATE STOCK SET S_QUANTITY = 54, S_YTD = S_YTD + 8, S_ORDER_CNT = S_ORDER_CNT + 1, S_REMOTE_CNT = S_REMOTE_CNT + 0 WHERE S_I_ID = 71374 AND S_W_ID = 2
Error Message: Cannot invoke "java.util.List.get(int)" because the return value of "sg.edu.nus.autotune.DB2DATA.getAllIndexes()" is null


===== Query 2871 =====

SQL: SELECT I_PRICE, I_NAME , I_DATA FROM ITEM WHERE I_ID = 31462

EXPLAIN Plan:

Index Scan using item_pkey on item  (cost=0.29..8.31 rows=1 width=61) (actual time=0.068..0.069 rows=1 loops=1)

  Index Cond: (i_id = 31462)

Planning Time: 0.077 ms

Execution Time: 0.088 ms
Failed SQL 2871: SELECT I_PRICE, I_NAME , I_DATA FROM ITEM WHERE I_ID = 31462
Error Message: Cannot invoke "java.util.List.get(int)" because the return value of "sg.edu.nus.autotune.DB2DATA.getAllIndexes()" is null


===== Query 2872 =====

SQL: SELECT S_QUANTITY, S_DATA, S_DIST_01, S_DIST_02, S_DIST_03, S_DIST_04, S_DIST_05, S_DIST_06, S_DIST_07, S_DIST_08, S_DIST_09, S_DIST_10 FROM STOCK WHERE S_I_ID = 31462 AND S_W_ID = 2

EXPLAIN Plan:

Index Scan using stock_pkey on stock  (cost=0.42..8.44 rows=1 width=291) (actual time=1.676..1.678 rows=1 loops=1)

  Index Cond: ((s_w_id = 2) AND (s_i_id = 31462))

Planning Time: 0.132 ms

Execution Time: 1.702 ms
Failed SQL 2872: SELECT S_QUANTITY, S_DATA, S_DIST_01, S_DIST_02, S_DIST_03, S_DIST_04, S_DIST_05, S_DIST_06, S_DIST_07, S_DIST_08, S_DIST_09, S_DIST_10 FROM STOCK WHERE S_I_ID = 31462 AND S_W_ID = 2
Error Message: Cannot invoke "java.util.List.get(int)" because the return value of "sg.edu.nus.autotune.DB2DATA.getAllIndexes()" is null


===== Query 2873 =====

SQL: UPDATE STOCK SET S_QUANTITY = 23, S_YTD = S_YTD + 4, S_ORDER_CNT = S_ORDER_CNT + 1, S_REMOTE_CNT = S_REMOTE_CNT + 0 WHERE S_I_ID = 31462 AND S_W_ID = 2

EXPLAIN Plan:

Update on stock  (cost=0.42..8.45 rows=0 width=0) (actual time=0.118..0.119 rows=0 loops=1)

  ->  Index Scan using stock_pkey on stock  (cost=0.42..8.45 rows=1 width=32) (actual time=0.042..0.043 rows=1 loops=1)

        Index Cond: ((s_w_id = 2) AND (s_i_id = 31462))

Planning Time: 0.128 ms

Execution Time: 0.164 ms
Failed SQL 2873: UPDATE STOCK SET S_QUANTITY = 23, S_YTD = S_YTD + 4, S_ORDER_CNT = S_ORDER_CNT + 1, S_REMOTE_CNT = S_REMOTE_CNT + 0 WHERE S_I_ID = 31462 AND S_W_ID = 2
Error Message: Cannot invoke "java.util.List.get(int)" because the return value of "sg.edu.nus.autotune.DB2DATA.getAllIndexes()" is null


===== Query 2874 =====

SQL: SELECT I_PRICE, I_NAME , I_DATA FROM ITEM WHERE I_ID = 23255

EXPLAIN Plan:

Index Scan using item_pkey on item  (cost=0.29..8.31 rows=1 width=61) (actual time=0.065..0.067 rows=1 loops=1)

  Index Cond: (i_id = 23255)

Planning Time: 0.083 ms

Execution Time: 0.085 ms
Failed SQL 2874: SELECT I_PRICE, I_NAME , I_DATA FROM ITEM WHERE I_ID = 23255
Error Message: Cannot invoke "java.util.List.get(int)" because the return value of "sg.edu.nus.autotune.DB2DATA.getAllIndexes()" is null


===== Query 2875 =====

SQL: SELECT S_QUANTITY, S_DATA, S_DIST_01, S_DIST_02, S_DIST_03, S_DIST_04, S_DIST_05, S_DIST_06, S_DIST_07, S_DIST_08, S_DIST_09, S_DIST_10 FROM STOCK WHERE S_I_ID = 23255 AND S_W_ID = 2

EXPLAIN Plan:

Index Scan using stock_pkey on stock  (cost=0.42..8.44 rows=1 width=291) (actual time=0.080..0.081 rows=1 loops=1)

  Index Cond: ((s_w_id = 2) AND (s_i_id = 23255))

Planning Time: 0.107 ms

Execution Time: 0.107 ms
Failed SQL 2875: SELECT S_QUANTITY, S_DATA, S_DIST_01, S_DIST_02, S_DIST_03, S_DIST_04, S_DIST_05, S_DIST_06, S_DIST_07, S_DIST_08, S_DIST_09, S_DIST_10 FROM STOCK WHERE S_I_ID = 23255 AND S_W_ID = 2
Error Message: Cannot invoke "java.util.List.get(int)" because the return value of "sg.edu.nus.autotune.DB2DATA.getAllIndexes()" is null


===== Query 2876 =====

SQL: UPDATE STOCK SET S_QUANTITY = 83, S_YTD = S_YTD + 5, S_ORDER_CNT = S_ORDER_CNT + 1, S_REMOTE_CNT = S_REMOTE_CNT + 0 WHERE S_I_ID = 23255 AND S_W_ID = 2

EXPLAIN Plan:

Update on stock  (cost=0.42..8.45 rows=0 width=0) (actual time=0.130..0.131 rows=0 loops=1)

  ->  Index Scan using stock_pkey on stock  (cost=0.42..8.45 rows=1 width=32) (actual time=0.030..0.032 rows=1 loops=1)

        Index Cond: ((s_w_id = 2) AND (s_i_id = 23255))

Planning Time: 0.123 ms

Execution Time: 0.162 ms
Failed SQL 2876: UPDATE STOCK SET S_QUANTITY = 83, S_YTD = S_YTD + 5, S_ORDER_CNT = S_ORDER_CNT + 1, S_REMOTE_CNT = S_REMOTE_CNT + 0 WHERE S_I_ID = 23255 AND S_W_ID = 2
Error Message: Cannot invoke "java.util.List.get(int)" because the return value of "sg.edu.nus.autotune.DB2DATA.getAllIndexes()" is null


===== Query 2877 =====

SQL: SELECT NO_O_ID FROM NEW_ORDER WHERE NO_D_ID = 1 AND NO_W_ID = 2 ORDER BY NO_O_ID ASC LIMIT 1

EXPLAIN Plan:

Limit  (cost=0.42..0.47 rows=1 width=4) (actual time=0.047..0.047 rows=1 loops=1)

  ->  Index Only Scan using new_order_pkey on new_order  (cost=0.42..86.46 rows=1702 width=4) (actual time=0.045..0.046 rows=1 loops=1)

        Index Cond: ((no_w_id = 2) AND (no_d_id = 1))

        Heap Fetches: 0

Planning Time: 0.132 ms

Execution Time: 0.069 ms
Failed SQL 2877: SELECT NO_O_ID FROM NEW_ORDER WHERE NO_D_ID = 1 AND NO_W_ID = 2 ORDER BY NO_O_ID ASC LIMIT 1
Error Message: Cannot invoke "java.util.List.get(int)" because the return value of "sg.edu.nus.autotune.DB2DATA.getAllIndexes()" is null


===== Query 2878 =====

SQL: SELECT O_C_ID FROM OORDER WHERE O_ID = 2512 AND O_D_ID = 1 AND O_W_ID = 2

EXPLAIN Plan:

Index Scan using oorder_pkey on oorder  (cost=0.42..8.44 rows=1 width=4) (actual time=0.094..0.096 rows=1 loops=1)

  Index Cond: ((o_w_id = 2) AND (o_d_id = 1) AND (o_id = 2512))

Planning Time: 0.114 ms

Execution Time: 0.116 ms
Failed SQL 2878: SELECT O_C_ID FROM OORDER WHERE O_ID = 2512 AND O_D_ID = 1 AND O_W_ID = 2
Error Message: Cannot invoke "java.util.List.get(int)" because the return value of "sg.edu.nus.autotune.DB2DATA.getAllIndexes()" is null


===== Query 2879 =====

SQL: UPDATE OORDER SET O_CARRIER_ID = 7 WHERE O_ID = 2512 AND O_D_ID = 1 AND O_W_ID = 2

EXPLAIN Plan:

Update on oorder  (cost=0.42..8.44 rows=0 width=0) (actual time=0.061..0.062 rows=0 loops=1)

  ->  Index Scan using oorder_pkey on oorder  (cost=0.42..8.44 rows=1 width=10) (actual time=0.020..0.021 rows=1 loops=1)

        Index Cond: ((o_w_id = 2) AND (o_d_id = 1) AND (o_id = 2512))

Planning Time: 0.096 ms

Execution Time: 0.085 ms
Failed SQL 2879: UPDATE OORDER SET O_CARRIER_ID = 7 WHERE O_ID = 2512 AND O_D_ID = 1 AND O_W_ID = 2
Error Message: Cannot invoke "java.util.List.get(int)" because the return value of "sg.edu.nus.autotune.DB2DATA.getAllIndexes()" is null


===== Query 2880 =====

SQL: UPDATE ORDER_LINE SET OL_DELIVERY_D = '2014-10-12 20:52:36.843' WHERE OL_O_ID = 2512 AND OL_D_ID = 1 AND OL_W_ID = 2

EXPLAIN Plan:

Update on order_line  (cost=0.43..43.81 rows=0 width=0) (actual time=1.989..1.990 rows=0 loops=1)

  ->  Index Scan using order_line_pkey on order_line  (cost=0.43..43.81 rows=10 width=14) (actual time=1.403..1.615 rows=15 loops=1)

        Index Cond: ((ol_w_id = 2) AND (ol_d_id = 1) AND (ol_o_id = 2512))

Planning Time: 0.086 ms

Execution Time: 2.013 ms
Failed SQL 2880: UPDATE ORDER_LINE SET OL_DELIVERY_D = '2014-10-12 20:52:36.843' WHERE OL_O_ID = 2512 AND OL_D_ID = 1 AND OL_W_ID = 2
Error Message: Cannot invoke "java.util.List.get(int)" because the return value of "sg.edu.nus.autotune.DB2DATA.getAllIndexes()" is null


===== Query 2881 =====

SQL: SELECT SUM(OL_AMOUNT) AS OL_TOTAL FROM ORDER_LINE WHERE OL_O_ID = 2512 AND OL_D_ID = 1 AND OL_W_ID = 2

EXPLAIN Plan:

Aggregate  (cost=43.83..43.84 rows=1 width=32) (actual time=0.108..0.108 rows=1 loops=1)

  ->  Index Scan using order_line_pkey on order_line  (cost=0.43..43.81 rows=10 width=6) (actual time=0.048..0.092 rows=15 loops=1)

        Index Cond: ((ol_w_id = 2) AND (ol_d_id = 1) AND (ol_o_id = 2512))

Planning Time: 0.147 ms

Execution Time: 0.164 ms
Failed SQL 2881: SELECT SUM(OL_AMOUNT) AS OL_TOTAL FROM ORDER_LINE WHERE OL_O_ID = 2512 AND OL_D_ID = 1 AND OL_W_ID = 2
Error Message: Cannot invoke "java.util.List.get(int)" because the return value of "sg.edu.nus.autotune.DB2DATA.getAllIndexes()" is null


===== Query 2882 =====

SQL: UPDATE CUSTOMER SET C_BALANCE = C_BALANCE + 55900.43, C_DELIVERY_CNT = C_DELIVERY_CNT + 1 WHERE C_W_ID = 2 AND C_D_ID = 1 AND C_ID = 1222

EXPLAIN Plan:

Update on customer  (cost=0.42..8.45 rows=0 width=0) (actual time=0.982..0.983 rows=0 loops=1)

  ->  Index Scan using customer_pkey on customer  (cost=0.42..8.45 rows=1 width=26) (actual time=0.874..0.876 rows=1 loops=1)

        Index Cond: ((c_w_id = 2) AND (c_d_id = 1) AND (c_id = 1222))

Planning Time: 0.098 ms

Execution Time: 1.013 ms
Failed SQL 2882: UPDATE CUSTOMER SET C_BALANCE = C_BALANCE + 55900.43, C_DELIVERY_CNT = C_DELIVERY_CNT + 1 WHERE C_W_ID = 2 AND C_D_ID = 1 AND C_ID = 1222
Error Message: Cannot invoke "java.util.List.get(int)" because the return value of "sg.edu.nus.autotune.DB2DATA.getAllIndexes()" is null


===== Query 2883 =====

SQL: UPDATE CUSTOMER SET C_BALANCE = 48943.242, C_YTD_PAYMENT = 1469.29, C_PAYMENT_CNT = 2 WHERE C_W_ID = 1 AND C_D_ID = 8 AND C_ID = 166

EXPLAIN Plan:

Update on customer  (cost=0.42..8.44 rows=0 width=0) (actual time=0.116..0.117 rows=0 loops=1)

  ->  Index Scan using customer_pkey on customer  (cost=0.42..8.44 rows=1 width=34) (actual time=0.050..0.051 rows=1 loops=1)

        Index Cond: ((c_w_id = 1) AND (c_d_id = 8) AND (c_id = 166))

Planning Time: 0.109 ms

Execution Time: 0.144 ms
Failed SQL 2883: UPDATE CUSTOMER SET C_BALANCE = 48943.242, C_YTD_PAYMENT = 1469.29, C_PAYMENT_CNT = 2 WHERE C_W_ID = 1 AND C_D_ID = 8 AND C_ID = 166
Error Message: Cannot invoke "java.util.List.get(int)" because the return value of "sg.edu.nus.autotune.DB2DATA.getAllIndexes()" is null


===== Query 2884 =====

SQL: SELECT C_DISCOUNT, C_LAST, C_CREDIT, W_TAX FROM CUSTOMER, WAREHOUSE WHERE W_ID = 1 AND C_W_ID = 1 AND C_D_ID = 5 AND C_ID = 119

EXPLAIN Plan:

Nested Loop  (cost=4.56..16.61 rows=1 width=26) (actual time=0.950..0.953 rows=1 loops=1)

  ->  Index Scan using customer_pkey on customer  (cost=0.42..8.44 rows=1 width=21) (actual time=0.917..0.918 rows=1 loops=1)

        Index Cond: ((c_w_id = 1) AND (c_d_id = 5) AND (c_id = 119))

  ->  Bitmap Heap Scan on warehouse  (cost=4.14..8.15 rows=1 width=5) (actual time=0.018..0.019 rows=1 loops=1)

        Recheck Cond: (w_id = 1)

        Heap Blocks: exact=1

        ->  Bitmap Index Scan on warehouse_pkey  (cost=0.00..4.14 rows=1 width=0) (actual time=0.012..0.012 rows=1 loops=1)

              Index Cond: (w_id = 1)

Planning Time: 0.160 ms

Execution Time: 0.997 ms
Failed SQL 2884: SELECT C_DISCOUNT, C_LAST, C_CREDIT, W_TAX FROM CUSTOMER, WAREHOUSE WHERE W_ID = 1 AND C_W_ID = 1 AND C_D_ID = 5 AND C_ID = 119
Error Message: Cannot invoke "java.util.List.get(int)" because the return value of "sg.edu.nus.autotune.DB2DATA.getAllIndexes()" is null


===== Query 2885 =====

SQL: SELECT NO_O_ID FROM NEW_ORDER WHERE NO_D_ID = 2 AND NO_W_ID = 2 ORDER BY NO_O_ID ASC LIMIT 1

EXPLAIN Plan:

Limit  (cost=0.42..0.47 rows=1 width=4) (actual time=0.061..0.062 rows=1 loops=1)

  ->  Index Only Scan using new_order_pkey on new_order  (cost=0.42..85.36 rows=1647 width=4) (actual time=0.060..0.060 rows=1 loops=1)

        Index Cond: ((no_w_id = 2) AND (no_d_id = 2))

        Heap Fetches: 0

Planning Time: 0.112 ms

Execution Time: 0.082 ms
Failed SQL 2885: SELECT NO_O_ID FROM NEW_ORDER WHERE NO_D_ID = 2 AND NO_W_ID = 2 ORDER BY NO_O_ID ASC LIMIT 1
Error Message: Cannot invoke "java.util.List.get(int)" because the return value of "sg.edu.nus.autotune.DB2DATA.getAllIndexes()" is null


===== Query 2886 =====

SQL: SELECT O_C_ID FROM OORDER WHERE O_ID = 2512 AND O_D_ID = 2 AND O_W_ID = 2

EXPLAIN Plan:

Index Scan using oorder_pkey on oorder  (cost=0.42..8.44 rows=1 width=4) (actual time=0.079..0.081 rows=1 loops=1)

  Index Cond: ((o_w_id = 2) AND (o_d_id = 2) AND (o_id = 2512))

Planning Time: 0.128 ms

Execution Time: 0.103 ms
Failed SQL 2886: SELECT O_C_ID FROM OORDER WHERE O_ID = 2512 AND O_D_ID = 2 AND O_W_ID = 2
Error Message: Cannot invoke "java.util.List.get(int)" because the return value of "sg.edu.nus.autotune.DB2DATA.getAllIndexes()" is null


===== Query 2887 =====

SQL: UPDATE OORDER SET O_CARRIER_ID = 7 WHERE O_ID = 2512 AND O_D_ID = 2 AND O_W_ID = 2

EXPLAIN Plan:

Update on oorder  (cost=0.42..8.44 rows=0 width=0) (actual time=0.084..0.084 rows=0 loops=1)

  ->  Index Scan using oorder_pkey on oorder  (cost=0.42..8.44 rows=1 width=10) (actual time=0.025..0.026 rows=1 loops=1)

        Index Cond: ((o_w_id = 2) AND (o_d_id = 2) AND (o_id = 2512))

Planning Time: 0.117 ms

Execution Time: 0.109 ms
Failed SQL 2887: UPDATE OORDER SET O_CARRIER_ID = 7 WHERE O_ID = 2512 AND O_D_ID = 2 AND O_W_ID = 2
Error Message: Cannot invoke "java.util.List.get(int)" because the return value of "sg.edu.nus.autotune.DB2DATA.getAllIndexes()" is null


===== Query 2888 =====

SQL: UPDATE ORDER_LINE SET OL_DELIVERY_D = '2014-10-12 20:52:36.849' WHERE OL_O_ID = 2512 AND OL_D_ID = 2 AND OL_W_ID = 2

EXPLAIN Plan:

Update on order_line  (cost=0.43..43.81 rows=0 width=0) (actual time=0.489..0.489 rows=0 loops=1)

  ->  Index Scan using order_line_pkey on order_line  (cost=0.43..43.81 rows=10 width=14) (actual time=0.392..0.409 rows=15 loops=1)

        Index Cond: ((ol_w_id = 2) AND (ol_d_id = 2) AND (ol_o_id = 2512))

Planning Time: 0.111 ms

Execution Time: 0.518 ms
Failed SQL 2888: UPDATE ORDER_LINE SET OL_DELIVERY_D = '2014-10-12 20:52:36.849' WHERE OL_O_ID = 2512 AND OL_D_ID = 2 AND OL_W_ID = 2
Error Message: Cannot invoke "java.util.List.get(int)" because the return value of "sg.edu.nus.autotune.DB2DATA.getAllIndexes()" is null


===== Query 2889 =====

SQL: SELECT SUM(OL_AMOUNT) AS OL_TOTAL FROM ORDER_LINE WHERE OL_O_ID = 2512 AND OL_D_ID = 2 AND OL_W_ID = 2

EXPLAIN Plan:

Aggregate  (cost=43.83..43.84 rows=1 width=32) (actual time=0.085..0.086 rows=1 loops=1)

  ->  Index Scan using order_line_pkey on order_line  (cost=0.43..43.81 rows=10 width=6) (actual time=0.043..0.071 rows=15 loops=1)

        Index Cond: ((ol_w_id = 2) AND (ol_d_id = 2) AND (ol_o_id = 2512))

Planning Time: 0.109 ms

Execution Time: 0.115 ms
Failed SQL 2889: SELECT SUM(OL_AMOUNT) AS OL_TOTAL FROM ORDER_LINE WHERE OL_O_ID = 2512 AND OL_D_ID = 2 AND OL_W_ID = 2
Error Message: Cannot invoke "java.util.List.get(int)" because the return value of "sg.edu.nus.autotune.DB2DATA.getAllIndexes()" is null


===== Query 2890 =====

SQL: UPDATE CUSTOMER SET C_BALANCE = C_BALANCE + 67917.42, C_DELIVERY_CNT = C_DELIVERY_CNT + 1 WHERE C_W_ID = 2 AND C_D_ID = 2 AND C_ID = 957

EXPLAIN Plan:

Update on customer  (cost=0.42..8.45 rows=0 width=0) (actual time=1.142..1.142 rows=0 loops=1)

  ->  Index Scan using customer_pkey on customer  (cost=0.42..8.45 rows=1 width=26) (actual time=1.070..1.072 rows=1 loops=1)

        Index Cond: ((c_w_id = 2) AND (c_d_id = 2) AND (c_id = 957))

Planning Time: 0.104 ms

Execution Time: 1.174 ms
Failed SQL 2890: UPDATE CUSTOMER SET C_BALANCE = C_BALANCE + 67917.42, C_DELIVERY_CNT = C_DELIVERY_CNT + 1 WHERE C_W_ID = 2 AND C_D_ID = 2 AND C_ID = 957
Error Message: Cannot invoke "java.util.List.get(int)" because the return value of "sg.edu.nus.autotune.DB2DATA.getAllIndexes()" is null


===== Query 2891 =====

SQL: SELECT D_NEXT_O_ID, D_TAX FROM DISTRICT WHERE D_W_ID = 1 AND D_ID = 5

EXPLAIN Plan:

Bitmap Heap Scan on district  (cost=4.28..11.66 rows=2 width=9) (actual time=0.041..0.042 rows=1 loops=1)

  Recheck Cond: ((d_w_id = 1) AND (d_id = 5))

  Heap Blocks: exact=1

  ->  Bitmap Index Scan on district_pkey  (cost=0.00..4.28 rows=2 width=0) (actual time=0.020..0.020 rows=1 loops=1)

        Index Cond: ((d_w_id = 1) AND (d_id = 5))

Planning Time: 0.109 ms

Execution Time: 0.067 ms
Failed SQL 2891: SELECT D_NEXT_O_ID, D_TAX FROM DISTRICT WHERE D_W_ID = 1 AND D_ID = 5
Error Message: Cannot invoke "java.util.List.get(int)" because the return value of "sg.edu.nus.autotune.DB2DATA.getAllIndexes()" is null


===== Query 2892 =====

SQL: UPDATE DISTRICT SET D_NEXT_O_ID = D_NEXT_O_ID + 1 WHERE D_W_ID = 1 AND D_ID = 5

EXPLAIN Plan:

Update on district  (cost=4.28..11.67 rows=0 width=0) (actual time=0.041..0.042 rows=0 loops=1)

  ->  Bitmap Heap Scan on district  (cost=4.28..11.67 rows=2 width=10) (actual time=0.015..0.016 rows=1 loops=1)

        Recheck Cond: ((d_w_id = 1) AND (d_id = 5))

        Heap Blocks: exact=1

        ->  Bitmap Index Scan on district_pkey  (cost=0.00..4.28 rows=2 width=0) (actual time=0.008..0.009 rows=1 loops=1)

              Index Cond: ((d_w_id = 1) AND (d_id = 5))

Planning Time: 0.060 ms

Execution Time: 0.076 ms
Failed SQL 2892: UPDATE DISTRICT SET D_NEXT_O_ID = D_NEXT_O_ID + 1 WHERE D_W_ID = 1 AND D_ID = 5
Error Message: Cannot invoke "java.util.List.get(int)" because the return value of "sg.edu.nus.autotune.DB2DATA.getAllIndexes()" is null


===== Query 2893 =====

SQL: SELECT NO_O_ID FROM NEW_ORDER WHERE NO_D_ID = 3 AND NO_W_ID = 2 ORDER BY NO_O_ID ASC LIMIT 1

EXPLAIN Plan:

Limit  (cost=0.42..0.47 rows=1 width=4) (actual time=0.039..0.039 rows=1 loops=1)

  ->  Index Only Scan using new_order_pkey on new_order  (cost=0.42..92.78 rows=1818 width=4) (actual time=0.038..0.038 rows=1 loops=1)

        Index Cond: ((no_w_id = 2) AND (no_d_id = 3))

        Heap Fetches: 0

Planning Time: 0.067 ms

Execution Time: 0.049 ms
Failed SQL 2893: SELECT NO_O_ID FROM NEW_ORDER WHERE NO_D_ID = 3 AND NO_W_ID = 2 ORDER BY NO_O_ID ASC LIMIT 1
Error Message: Cannot invoke "java.util.List.get(int)" because the return value of "sg.edu.nus.autotune.DB2DATA.getAllIndexes()" is null


===== Query 2894 =====

SQL: SELECT O_C_ID FROM OORDER WHERE O_ID = 2512 AND O_D_ID = 3 AND O_W_ID = 2

EXPLAIN Plan:

Index Scan using oorder_pkey on oorder  (cost=0.42..8.44 rows=1 width=4) (actual time=0.094..0.096 rows=1 loops=1)

  Index Cond: ((o_w_id = 2) AND (o_d_id = 3) AND (o_id = 2512))

Planning Time: 0.107 ms

Execution Time: 0.113 ms
Failed SQL 2894: SELECT O_C_ID FROM OORDER WHERE O_ID = 2512 AND O_D_ID = 3 AND O_W_ID = 2
Error Message: Cannot invoke "java.util.List.get(int)" because the return value of "sg.edu.nus.autotune.DB2DATA.getAllIndexes()" is null


===== Query 2895 =====

SQL: UPDATE OORDER SET O_CARRIER_ID = 7 WHERE O_ID = 2512 AND O_D_ID = 3 AND O_W_ID = 2

EXPLAIN Plan:

Update on oorder  (cost=0.42..8.44 rows=0 width=0) (actual time=0.096..0.097 rows=0 loops=1)

  ->  Index Scan using oorder_pkey on oorder  (cost=0.42..8.44 rows=1 width=10) (actual time=0.021..0.023 rows=1 loops=1)

        Index Cond: ((o_w_id = 2) AND (o_d_id = 3) AND (o_id = 2512))

Planning Time: 0.103 ms

Execution Time: 0.122 ms
Failed SQL 2895: UPDATE OORDER SET O_CARRIER_ID = 7 WHERE O_ID = 2512 AND O_D_ID = 3 AND O_W_ID = 2
Error Message: Cannot invoke "java.util.List.get(int)" because the return value of "sg.edu.nus.autotune.DB2DATA.getAllIndexes()" is null


===== Query 2896 =====

SQL: UPDATE ORDER_LINE SET OL_DELIVERY_D = '2014-10-12 20:52:36.856' WHERE OL_O_ID = 2512 AND OL_D_ID = 3 AND OL_W_ID = 2

EXPLAIN Plan:

Update on order_line  (cost=0.43..43.81 rows=0 width=0) (actual time=0.474..0.474 rows=0 loops=1)

  ->  Index Scan using order_line_pkey on order_line  (cost=0.43..43.81 rows=10 width=14) (actual time=0.389..0.393 rows=5 loops=1)

        Index Cond: ((ol_w_id = 2) AND (ol_d_id = 3) AND (ol_o_id = 2512))

Planning Time: 0.110 ms

Execution Time: 0.505 ms
Failed SQL 2896: UPDATE ORDER_LINE SET OL_DELIVERY_D = '2014-10-12 20:52:36.856' WHERE OL_O_ID = 2512 AND OL_D_ID = 3 AND OL_W_ID = 2
Error Message: Cannot invoke "java.util.List.get(int)" because the return value of "sg.edu.nus.autotune.DB2DATA.getAllIndexes()" is null


===== Query 2897 =====

SQL: SELECT SUM(OL_AMOUNT) AS OL_TOTAL FROM ORDER_LINE WHERE OL_O_ID = 2512 AND OL_D_ID = 3 AND OL_W_ID = 2

EXPLAIN Plan:

Aggregate  (cost=43.83..43.84 rows=1 width=32) (actual time=0.062..0.063 rows=1 loops=1)

  ->  Index Scan using order_line_pkey on order_line  (cost=0.43..43.81 rows=10 width=6) (actual time=0.047..0.049 rows=5 loops=1)

        Index Cond: ((ol_w_id = 2) AND (ol_d_id = 3) AND (ol_o_id = 2512))

Planning Time: 0.123 ms

Execution Time: 0.101 ms
Failed SQL 2897: SELECT SUM(OL_AMOUNT) AS OL_TOTAL FROM ORDER_LINE WHERE OL_O_ID = 2512 AND OL_D_ID = 3 AND OL_W_ID = 2
Error Message: Cannot invoke "java.util.List.get(int)" because the return value of "sg.edu.nus.autotune.DB2DATA.getAllIndexes()" is null


===== Query 2898 =====

SQL: UPDATE CUSTOMER SET C_BALANCE = C_BALANCE + 70832.82, C_DELIVERY_CNT = C_DELIVERY_CNT + 1 WHERE C_W_ID = 2 AND C_D_ID = 3 AND C_ID = 2528

EXPLAIN Plan:

Update on customer  (cost=0.42..8.45 rows=0 width=0) (actual time=0.169..0.170 rows=0 loops=1)

  ->  Index Scan using customer_pkey on customer  (cost=0.42..8.45 rows=1 width=26) (actual time=0.095..0.097 rows=1 loops=1)

        Index Cond: ((c_w_id = 2) AND (c_d_id = 3) AND (c_id = 2528))

Planning Time: 0.105 ms

Execution Time: 0.202 ms
Failed SQL 2898: UPDATE CUSTOMER SET C_BALANCE = C_BALANCE + 70832.82, C_DELIVERY_CNT = C_DELIVERY_CNT + 1 WHERE C_W_ID = 2 AND C_D_ID = 3 AND C_ID = 2528
Error Message: Cannot invoke "java.util.List.get(int)" because the return value of "sg.edu.nus.autotune.DB2DATA.getAllIndexes()" is null


===== Query 2899 =====

SQL: SELECT I_PRICE, I_NAME , I_DATA FROM ITEM WHERE I_ID = 40675

EXPLAIN Plan:

Index Scan using item_pkey on item  (cost=0.29..8.31 rows=1 width=61) (actual time=0.057..0.059 rows=1 loops=1)

  Index Cond: (i_id = 40675)

Planning Time: 0.070 ms

Execution Time: 0.077 ms
Failed SQL 2899: SELECT I_PRICE, I_NAME , I_DATA FROM ITEM WHERE I_ID = 40675
Error Message: Cannot invoke "java.util.List.get(int)" because the return value of "sg.edu.nus.autotune.DB2DATA.getAllIndexes()" is null


===== Query 2900 =====

SQL: SELECT S_QUANTITY, S_DATA, S_DIST_01, S_DIST_02, S_DIST_03, S_DIST_04, S_DIST_05, S_DIST_06, S_DIST_07, S_DIST_08, S_DIST_09, S_DIST_10 FROM STOCK WHERE S_I_ID = 40675 AND S_W_ID = 1

EXPLAIN Plan:

Index Scan using stock_pkey on stock  (cost=0.42..8.44 rows=1 width=291) (actual time=1.568..1.571 rows=1 loops=1)

  Index Cond: ((s_w_id = 1) AND (s_i_id = 40675))

Planning Time: 0.097 ms

Execution Time: 1.591 ms
Failed SQL 2900: SELECT S_QUANTITY, S_DATA, S_DIST_01, S_DIST_02, S_DIST_03, S_DIST_04, S_DIST_05, S_DIST_06, S_DIST_07, S_DIST_08, S_DIST_09, S_DIST_10 FROM STOCK WHERE S_I_ID = 40675 AND S_W_ID = 1
Error Message: Cannot invoke "java.util.List.get(int)" because the return value of "sg.edu.nus.autotune.DB2DATA.getAllIndexes()" is null


===== Query 2901 =====

SQL: UPDATE STOCK SET S_QUANTITY = 74, S_YTD = S_YTD + 8, S_ORDER_CNT = S_ORDER_CNT + 1, S_REMOTE_CNT = S_REMOTE_CNT + 0 WHERE S_I_ID = 40675 AND S_W_ID = 1

EXPLAIN Plan:

Update on stock  (cost=0.42..8.45 rows=0 width=0) (actual time=0.112..0.113 rows=0 loops=1)

  ->  Index Scan using stock_pkey on stock  (cost=0.42..8.45 rows=1 width=32) (actual time=0.026..0.028 rows=1 loops=1)

        Index Cond: ((s_w_id = 1) AND (s_i_id = 40675))

Planning Time: 0.111 ms

Execution Time: 0.140 ms
Failed SQL 2901: UPDATE STOCK SET S_QUANTITY = 74, S_YTD = S_YTD + 8, S_ORDER_CNT = S_ORDER_CNT + 1, S_REMOTE_CNT = S_REMOTE_CNT + 0 WHERE S_I_ID = 40675 AND S_W_ID = 1
Error Message: Cannot invoke "java.util.List.get(int)" because the return value of "sg.edu.nus.autotune.DB2DATA.getAllIndexes()" is null


===== Query 2902 =====

SQL: SELECT I_PRICE, I_NAME , I_DATA FROM ITEM WHERE I_ID = 88703

EXPLAIN Plan:

Index Scan using item_pkey on item  (cost=0.29..8.31 rows=1 width=61) (actual time=0.075..0.077 rows=1 loops=1)

  Index Cond: (i_id = 88703)

Planning Time: 0.097 ms

Execution Time: 0.099 ms
Failed SQL 2902: SELECT I_PRICE, I_NAME , I_DATA FROM ITEM WHERE I_ID = 88703
Error Message: Cannot invoke "java.util.List.get(int)" because the return value of "sg.edu.nus.autotune.DB2DATA.getAllIndexes()" is null


===== Query 2903 =====

SQL: SELECT S_QUANTITY, S_DATA, S_DIST_01, S_DIST_02, S_DIST_03, S_DIST_04, S_DIST_05, S_DIST_06, S_DIST_07, S_DIST_08, S_DIST_09, S_DIST_10 FROM STOCK WHERE S_I_ID = 88703 AND S_W_ID = 1

EXPLAIN Plan:

Index Scan using stock_pkey on stock  (cost=0.42..8.44 rows=1 width=291) (actual time=0.444..0.446 rows=1 loops=1)

  Index Cond: ((s_w_id = 1) AND (s_i_id = 88703))

Planning Time: 0.054 ms

Execution Time: 0.462 ms
Failed SQL 2903: SELECT S_QUANTITY, S_DATA, S_DIST_01, S_DIST_02, S_DIST_03, S_DIST_04, S_DIST_05, S_DIST_06, S_DIST_07, S_DIST_08, S_DIST_09, S_DIST_10 FROM STOCK WHERE S_I_ID = 88703 AND S_W_ID = 1
Error Message: Cannot invoke "java.util.List.get(int)" because the return value of "sg.edu.nus.autotune.DB2DATA.getAllIndexes()" is null


===== Query 2904 =====

SQL: SELECT NO_O_ID FROM NEW_ORDER WHERE NO_D_ID = 4 AND NO_W_ID = 2 ORDER BY NO_O_ID ASC LIMIT 1

EXPLAIN Plan:

Limit  (cost=0.42..0.47 rows=1 width=4) (actual time=0.103..0.104 rows=1 loops=1)

  ->  Index Only Scan using new_order_pkey on new_order  (cost=0.42..91.92 rows=1775 width=4) (actual time=0.102..0.102 rows=1 loops=1)

        Index Cond: ((no_w_id = 2) AND (no_d_id = 4))

        Heap Fetches: 0

Planning Time: 0.126 ms

Execution Time: 0.126 ms
Failed SQL 2904: SELECT NO_O_ID FROM NEW_ORDER WHERE NO_D_ID = 4 AND NO_W_ID = 2 ORDER BY NO_O_ID ASC LIMIT 1
Error Message: Cannot invoke "java.util.List.get(int)" because the return value of "sg.edu.nus.autotune.DB2DATA.getAllIndexes()" is null


===== Query 2905 =====

SQL: SELECT O_C_ID FROM OORDER WHERE O_ID = 2512 AND O_D_ID = 4 AND O_W_ID = 2

EXPLAIN Plan:

Index Scan using oorder_pkey on oorder  (cost=0.42..8.44 rows=1 width=4) (actual time=0.085..0.087 rows=1 loops=1)

  Index Cond: ((o_w_id = 2) AND (o_d_id = 4) AND (o_id = 2512))

Planning Time: 0.096 ms

Execution Time: 0.103 ms
Failed SQL 2905: SELECT O_C_ID FROM OORDER WHERE O_ID = 2512 AND O_D_ID = 4 AND O_W_ID = 2
Error Message: Cannot invoke "java.util.List.get(int)" because the return value of "sg.edu.nus.autotune.DB2DATA.getAllIndexes()" is null


===== Query 2906 =====

SQL: UPDATE OORDER SET O_CARRIER_ID = 7 WHERE O_ID = 2512 AND O_D_ID = 4 AND O_W_ID = 2

EXPLAIN Plan:

Update on oorder  (cost=0.42..8.44 rows=0 width=0) (actual time=0.138..0.139 rows=0 loops=1)

  ->  Index Scan using oorder_pkey on oorder  (cost=0.42..8.44 rows=1 width=10) (actual time=0.039..0.041 rows=1 loops=1)

        Index Cond: ((o_w_id = 2) AND (o_d_id = 4) AND (o_id = 2512))

Planning Time: 0.135 ms

Execution Time: 0.175 ms
Failed SQL 2906: UPDATE OORDER SET O_CARRIER_ID = 7 WHERE O_ID = 2512 AND O_D_ID = 4 AND O_W_ID = 2
Error Message: Cannot invoke "java.util.List.get(int)" because the return value of "sg.edu.nus.autotune.DB2DATA.getAllIndexes()" is null


===== Query 2907 =====

SQL: UPDATE ORDER_LINE SET OL_DELIVERY_D = '2014-10-12 20:52:36.908' WHERE OL_O_ID = 2512 AND OL_D_ID = 4 AND OL_W_ID = 2

EXPLAIN Plan:

Update on order_line  (cost=0.43..43.81 rows=0 width=0) (actual time=2.784..2.785 rows=0 loops=1)

  ->  Index Scan using order_line_pkey on order_line  (cost=0.43..43.81 rows=10 width=14) (actual time=0.071..0.101 rows=12 loops=1)

        Index Cond: ((ol_w_id = 2) AND (ol_d_id = 4) AND (ol_o_id = 2512))

Planning Time: 0.125 ms

Execution Time: 2.819 ms
Failed SQL 2907: UPDATE ORDER_LINE SET OL_DELIVERY_D = '2014-10-12 20:52:36.908' WHERE OL_O_ID = 2512 AND OL_D_ID = 4 AND OL_W_ID = 2
Error Message: Cannot invoke "java.util.List.get(int)" because the return value of "sg.edu.nus.autotune.DB2DATA.getAllIndexes()" is null


===== Query 2908 =====

SQL: UPDATE STOCK SET S_QUANTITY = 60, S_YTD = S_YTD + 1, S_ORDER_CNT = S_ORDER_CNT + 1, S_REMOTE_CNT = S_REMOTE_CNT + 0 WHERE S_I_ID = 88703 AND S_W_ID = 1

EXPLAIN Plan:

Update on stock  (cost=0.42..8.45 rows=0 width=0) (actual time=0.105..0.105 rows=0 loops=1)

  ->  Index Scan using stock_pkey on stock  (cost=0.42..8.45 rows=1 width=32) (actual time=0.039..0.041 rows=1 loops=1)

        Index Cond: ((s_w_id = 1) AND (s_i_id = 88703))

Planning Time: 0.083 ms

Execution Time: 0.135 ms
Failed SQL 2908: UPDATE STOCK SET S_QUANTITY = 60, S_YTD = S_YTD + 1, S_ORDER_CNT = S_ORDER_CNT + 1, S_REMOTE_CNT = S_REMOTE_CNT + 0 WHERE S_I_ID = 88703 AND S_W_ID = 1
Error Message: Cannot invoke "java.util.List.get(int)" because the return value of "sg.edu.nus.autotune.DB2DATA.getAllIndexes()" is null


===== Query 2909 =====

SQL: SELECT I_PRICE, I_NAME , I_DATA FROM ITEM WHERE I_ID = 48615

EXPLAIN Plan:

Index Scan using item_pkey on item  (cost=0.29..8.31 rows=1 width=61) (actual time=0.049..0.050 rows=1 loops=1)

  Index Cond: (i_id = 48615)

Planning Time: 0.046 ms

Execution Time: 0.060 ms
Failed SQL 2909: SELECT I_PRICE, I_NAME , I_DATA FROM ITEM WHERE I_ID = 48615
Error Message: Cannot invoke "java.util.List.get(int)" because the return value of "sg.edu.nus.autotune.DB2DATA.getAllIndexes()" is null


===== Query 2910 =====

SQL: SELECT S_QUANTITY, S_DATA, S_DIST_01, S_DIST_02, S_DIST_03, S_DIST_04, S_DIST_05, S_DIST_06, S_DIST_07, S_DIST_08, S_DIST_09, S_DIST_10 FROM STOCK WHERE S_I_ID = 48615 AND S_W_ID = 1

EXPLAIN Plan:

Index Scan using stock_pkey on stock  (cost=0.42..8.44 rows=1 width=291) (actual time=0.884..0.886 rows=1 loops=1)

  Index Cond: ((s_w_id = 1) AND (s_i_id = 48615))

Planning Time: 0.098 ms

Execution Time: 0.909 ms
Failed SQL 2910: SELECT S_QUANTITY, S_DATA, S_DIST_01, S_DIST_02, S_DIST_03, S_DIST_04, S_DIST_05, S_DIST_06, S_DIST_07, S_DIST_08, S_DIST_09, S_DIST_10 FROM STOCK WHERE S_I_ID = 48615 AND S_W_ID = 1
Error Message: Cannot invoke "java.util.List.get(int)" because the return value of "sg.edu.nus.autotune.DB2DATA.getAllIndexes()" is null


===== Query 2911 =====

SQL: UPDATE STOCK SET S_QUANTITY = 17, S_YTD = S_YTD + 8, S_ORDER_CNT = S_ORDER_CNT + 1, S_REMOTE_CNT = S_REMOTE_CNT + 0 WHERE S_I_ID = 48615 AND S_W_ID = 1

EXPLAIN Plan:

Update on stock  (cost=0.42..8.45 rows=0 width=0) (actual time=0.108..0.108 rows=0 loops=1)

  ->  Index Scan using stock_pkey on stock  (cost=0.42..8.45 rows=1 width=32) (actual time=0.026..0.028 rows=1 loops=1)

        Index Cond: ((s_w_id = 1) AND (s_i_id = 48615))

Planning Time: 0.119 ms

Execution Time: 0.139 ms
Failed SQL 2911: UPDATE STOCK SET S_QUANTITY = 17, S_YTD = S_YTD + 8, S_ORDER_CNT = S_ORDER_CNT + 1, S_REMOTE_CNT = S_REMOTE_CNT + 0 WHERE S_I_ID = 48615 AND S_W_ID = 1
Error Message: Cannot invoke "java.util.List.get(int)" because the return value of "sg.edu.nus.autotune.DB2DATA.getAllIndexes()" is null


===== Query 2912 =====

SQL: SELECT I_PRICE, I_NAME , I_DATA FROM ITEM WHERE I_ID = 40160

EXPLAIN Plan:

Index Scan using item_pkey on item  (cost=0.29..8.31 rows=1 width=61) (actual time=0.054..0.055 rows=1 loops=1)

  Index Cond: (i_id = 40160)

Planning Time: 0.076 ms

Execution Time: 0.073 ms
Failed SQL 2912: SELECT I_PRICE, I_NAME , I_DATA FROM ITEM WHERE I_ID = 40160
Error Message: Cannot invoke "java.util.List.get(int)" because the return value of "sg.edu.nus.autotune.DB2DATA.getAllIndexes()" is null


===== Query 2913 =====

SQL: SELECT S_QUANTITY, S_DATA, S_DIST_01, S_DIST_02, S_DIST_03, S_DIST_04, S_DIST_05, S_DIST_06, S_DIST_07, S_DIST_08, S_DIST_09, S_DIST_10 FROM STOCK WHERE S_I_ID = 40160 AND S_W_ID = 1

EXPLAIN Plan:

Index Scan using stock_pkey on stock  (cost=0.42..8.44 rows=1 width=291) (actual time=0.463..0.465 rows=1 loops=1)

  Index Cond: ((s_w_id = 1) AND (s_i_id = 40160))

Planning Time: 0.101 ms

Execution Time: 0.490 ms
Failed SQL 2913: SELECT S_QUANTITY, S_DATA, S_DIST_01, S_DIST_02, S_DIST_03, S_DIST_04, S_DIST_05, S_DIST_06, S_DIST_07, S_DIST_08, S_DIST_09, S_DIST_10 FROM STOCK WHERE S_I_ID = 40160 AND S_W_ID = 1
Error Message: Cannot invoke "java.util.List.get(int)" because the return value of "sg.edu.nus.autotune.DB2DATA.getAllIndexes()" is null


===== Query 2914 =====

SQL: UPDATE STOCK SET S_QUANTITY = 26, S_YTD = S_YTD + 9, S_ORDER_CNT = S_ORDER_CNT + 1, S_REMOTE_CNT = S_REMOTE_CNT + 0 WHERE S_I_ID = 40160 AND S_W_ID = 1

EXPLAIN Plan:

Update on stock  (cost=0.42..8.45 rows=0 width=0) (actual time=0.085..0.086 rows=0 loops=1)

  ->  Index Scan using stock_pkey on stock  (cost=0.42..8.45 rows=1 width=32) (actual time=0.023..0.025 rows=1 loops=1)

        Index Cond: ((s_w_id = 1) AND (s_i_id = 40160))

Planning Time: 0.104 ms

Execution Time: 0.113 ms
Failed SQL 2914: UPDATE STOCK SET S_QUANTITY = 26, S_YTD = S_YTD + 9, S_ORDER_CNT = S_ORDER_CNT + 1, S_REMOTE_CNT = S_REMOTE_CNT + 0 WHERE S_I_ID = 40160 AND S_W_ID = 1
Error Message: Cannot invoke "java.util.List.get(int)" because the return value of "sg.edu.nus.autotune.DB2DATA.getAllIndexes()" is null


===== Query 2915 =====

SQL: SELECT I_PRICE, I_NAME , I_DATA FROM ITEM WHERE I_ID = 41573

EXPLAIN Plan:

Index Scan using item_pkey on item  (cost=0.29..8.31 rows=1 width=61) (actual time=1.090..1.093 rows=1 loops=1)

  Index Cond: (i_id = 41573)

Planning Time: 0.084 ms

Execution Time: 1.114 ms
Failed SQL 2915: SELECT I_PRICE, I_NAME , I_DATA FROM ITEM WHERE I_ID = 41573
Error Message: Cannot invoke "java.util.List.get(int)" because the return value of "sg.edu.nus.autotune.DB2DATA.getAllIndexes()" is null


===== Query 2916 =====

SQL: SELECT SUM(OL_AMOUNT) AS OL_TOTAL FROM ORDER_LINE WHERE OL_O_ID = 2512 AND OL_D_ID = 4 AND OL_W_ID = 2

EXPLAIN Plan:

Aggregate  (cost=43.83..43.84 rows=1 width=32) (actual time=0.093..0.093 rows=1 loops=1)

  ->  Index Scan using order_line_pkey on order_line  (cost=0.43..43.81 rows=10 width=6) (actual time=0.051..0.077 rows=12 loops=1)

        Index Cond: ((ol_w_id = 2) AND (ol_d_id = 4) AND (ol_o_id = 2512))

Planning Time: 0.138 ms

Execution Time: 0.129 ms
Failed SQL 2916: SELECT SUM(OL_AMOUNT) AS OL_TOTAL FROM ORDER_LINE WHERE OL_O_ID = 2512 AND OL_D_ID = 4 AND OL_W_ID = 2
Error Message: Cannot invoke "java.util.List.get(int)" because the return value of "sg.edu.nus.autotune.DB2DATA.getAllIndexes()" is null


===== Query 2917 =====

SQL: UPDATE CUSTOMER SET C_BALANCE = C_BALANCE + 51910.87, C_DELIVERY_CNT = C_DELIVERY_CNT + 1 WHERE C_W_ID = 2 AND C_D_ID = 4 AND C_ID = 2355

EXPLAIN Plan:

Update on customer  (cost=0.42..8.45 rows=0 width=0) (actual time=0.173..0.174 rows=0 loops=1)

  ->  Index Scan using customer_pkey on customer  (cost=0.42..8.45 rows=1 width=26) (actual time=0.095..0.097 rows=1 loops=1)

        Index Cond: ((c_w_id = 2) AND (c_d_id = 4) AND (c_id = 2355))

Planning Time: 0.147 ms

Execution Time: 0.218 ms
Failed SQL 2917: UPDATE CUSTOMER SET C_BALANCE = C_BALANCE + 51910.87, C_DELIVERY_CNT = C_DELIVERY_CNT + 1 WHERE C_W_ID = 2 AND C_D_ID = 4 AND C_ID = 2355
Error Message: Cannot invoke "java.util.List.get(int)" because the return value of "sg.edu.nus.autotune.DB2DATA.getAllIndexes()" is null


===== Query 2918 =====

SQL: SELECT S_QUANTITY, S_DATA, S_DIST_01, S_DIST_02, S_DIST_03, S_DIST_04, S_DIST_05, S_DIST_06, S_DIST_07, S_DIST_08, S_DIST_09, S_DIST_10 FROM STOCK WHERE S_I_ID = 41573 AND S_W_ID = 1

EXPLAIN Plan:

Index Scan using stock_pkey on stock  (cost=0.42..8.44 rows=1 width=291) (actual time=1.143..1.146 rows=1 loops=1)

  Index Cond: ((s_w_id = 1) AND (s_i_id = 41573))

Planning Time: 0.127 ms

Execution Time: 1.175 ms
Failed SQL 2918: SELECT S_QUANTITY, S_DATA, S_DIST_01, S_DIST_02, S_DIST_03, S_DIST_04, S_DIST_05, S_DIST_06, S_DIST_07, S_DIST_08, S_DIST_09, S_DIST_10 FROM STOCK WHERE S_I_ID = 41573 AND S_W_ID = 1
Error Message: Cannot invoke "java.util.List.get(int)" because the return value of "sg.edu.nus.autotune.DB2DATA.getAllIndexes()" is null


===== Query 2919 =====

SQL: SELECT NO_O_ID FROM NEW_ORDER WHERE NO_D_ID = 5 AND NO_W_ID = 2 ORDER BY NO_O_ID ASC LIMIT 1

EXPLAIN Plan:

Limit  (cost=0.42..0.47 rows=1 width=4) (actual time=0.069..0.070 rows=1 loops=1)

  ->  Index Only Scan using new_order_pkey on new_order  (cost=0.42..91.54 rows=1756 width=4) (actual time=0.068..0.069 rows=1 loops=1)

        Index Cond: ((no_w_id = 2) AND (no_d_id = 5))

        Heap Fetches: 0

Planning Time: 0.116 ms

Execution Time: 0.090 ms
Failed SQL 2919: SELECT NO_O_ID FROM NEW_ORDER WHERE NO_D_ID = 5 AND NO_W_ID = 2 ORDER BY NO_O_ID ASC LIMIT 1
Error Message: Cannot invoke "java.util.List.get(int)" because the return value of "sg.edu.nus.autotune.DB2DATA.getAllIndexes()" is null


===== Query 2920 =====

SQL: SELECT O_C_ID FROM OORDER WHERE O_ID = 2512 AND O_D_ID = 5 AND O_W_ID = 2

EXPLAIN Plan:

Index Scan using oorder_pkey on oorder  (cost=0.42..8.44 rows=1 width=4) (actual time=3.696..3.700 rows=1 loops=1)

  Index Cond: ((o_w_id = 2) AND (o_d_id = 5) AND (o_id = 2512))

Planning Time: 0.136 ms

Execution Time: 3.728 ms
Failed SQL 2920: SELECT O_C_ID FROM OORDER WHERE O_ID = 2512 AND O_D_ID = 5 AND O_W_ID = 2
Error Message: Cannot invoke "java.util.List.get(int)" because the return value of "sg.edu.nus.autotune.DB2DATA.getAllIndexes()" is null


===== Query 2921 =====

SQL: UPDATE OORDER SET O_CARRIER_ID = 7 WHERE O_ID = 2512 AND O_D_ID = 5 AND O_W_ID = 2

EXPLAIN Plan:

Update on oorder  (cost=0.42..8.44 rows=0 width=0) (actual time=0.064..0.064 rows=0 loops=1)

  ->  Index Scan using oorder_pkey on oorder  (cost=0.42..8.44 rows=1 width=10) (actual time=0.017..0.018 rows=1 loops=1)

        Index Cond: ((o_w_id = 2) AND (o_d_id = 5) AND (o_id = 2512))

Planning Time: 0.062 ms

Execution Time: 0.079 ms
Failed SQL 2921: UPDATE OORDER SET O_CARRIER_ID = 7 WHERE O_ID = 2512 AND O_D_ID = 5 AND O_W_ID = 2
Error Message: Cannot invoke "java.util.List.get(int)" because the return value of "sg.edu.nus.autotune.DB2DATA.getAllIndexes()" is null


===== Query 2922 =====

SQL: UPDATE ORDER_LINE SET OL_DELIVERY_D = '2014-10-12 20:52:36.948' WHERE OL_O_ID = 2512 AND OL_D_ID = 5 AND OL_W_ID = 2

EXPLAIN Plan:

Update on order_line  (cost=0.43..43.81 rows=0 width=0) (actual time=0.681..0.682 rows=0 loops=1)

  ->  Index Scan using order_line_pkey on order_line  (cost=0.43..43.81 rows=10 width=14) (actual time=0.081..0.095 rows=12 loops=1)

        Index Cond: ((ol_w_id = 2) AND (ol_d_id = 5) AND (ol_o_id = 2512))

Planning Time: 0.111 ms

Execution Time: 0.713 ms
Failed SQL 2922: UPDATE ORDER_LINE SET OL_DELIVERY_D = '2014-10-12 20:52:36.948' WHERE OL_O_ID = 2512 AND OL_D_ID = 5 AND OL_W_ID = 2
Error Message: Cannot invoke "java.util.List.get(int)" because the return value of "sg.edu.nus.autotune.DB2DATA.getAllIndexes()" is null


===== Query 2923 =====

SQL: SELECT SUM(OL_AMOUNT) AS OL_TOTAL FROM ORDER_LINE WHERE OL_O_ID = 2512 AND OL_D_ID = 5 AND OL_W_ID = 2

EXPLAIN Plan:

Aggregate  (cost=43.83..43.84 rows=1 width=32) (actual time=0.072..0.073 rows=1 loops=1)

  ->  Index Scan using order_line_pkey on order_line  (cost=0.43..43.81 rows=10 width=6) (actual time=0.028..0.058 rows=12 loops=1)

        Index Cond: ((ol_w_id = 2) AND (ol_d_id = 5) AND (ol_o_id = 2512))

Planning Time: 0.118 ms

Execution Time: 0.105 ms
Failed SQL 2923: SELECT SUM(OL_AMOUNT) AS OL_TOTAL FROM ORDER_LINE WHERE OL_O_ID = 2512 AND OL_D_ID = 5 AND OL_W_ID = 2
Error Message: Cannot invoke "java.util.List.get(int)" because the return value of "sg.edu.nus.autotune.DB2DATA.getAllIndexes()" is null


===== Query 2924 =====

SQL: UPDATE CUSTOMER SET C_BALANCE = C_BALANCE + 87801.42, C_DELIVERY_CNT = C_DELIVERY_CNT + 1 WHERE C_W_ID = 2 AND C_D_ID = 5 AND C_ID = 798

EXPLAIN Plan:

Update on customer  (cost=0.42..8.45 rows=0 width=0) (actual time=0.105..0.106 rows=0 loops=1)

  ->  Index Scan using customer_pkey on customer  (cost=0.42..8.45 rows=1 width=26) (actual time=0.054..0.056 rows=1 loops=1)

        Index Cond: ((c_w_id = 2) AND (c_d_id = 5) AND (c_id = 798))

Planning Time: 0.096 ms

Execution Time: 0.130 ms
Failed SQL 2924: UPDATE CUSTOMER SET C_BALANCE = C_BALANCE + 87801.42, C_DELIVERY_CNT = C_DELIVERY_CNT + 1 WHERE C_W_ID = 2 AND C_D_ID = 5 AND C_ID = 798
Error Message: Cannot invoke "java.util.List.get(int)" because the return value of "sg.edu.nus.autotune.DB2DATA.getAllIndexes()" is null


===== Query 2925 =====

SQL: UPDATE STOCK SET S_QUANTITY = 52, S_YTD = S_YTD + 1, S_ORDER_CNT = S_ORDER_CNT + 1, S_REMOTE_CNT = S_REMOTE_CNT + 0 WHERE S_I_ID = 41573 AND S_W_ID = 1

EXPLAIN Plan:

Update on stock  (cost=0.42..8.45 rows=0 width=0) (actual time=0.203..0.204 rows=0 loops=1)

  ->  Index Scan using stock_pkey on stock  (cost=0.42..8.45 rows=1 width=32) (actual time=0.092..0.093 rows=1 loops=1)

        Index Cond: ((s_w_id = 1) AND (s_i_id = 41573))

Planning Time: 0.322 ms

Execution Time: 0.247 ms
Failed SQL 2925: UPDATE STOCK SET S_QUANTITY = 52, S_YTD = S_YTD + 1, S_ORDER_CNT = S_ORDER_CNT + 1, S_REMOTE_CNT = S_REMOTE_CNT + 0 WHERE S_I_ID = 41573 AND S_W_ID = 1
Error Message: Cannot invoke "java.util.List.get(int)" because the return value of "sg.edu.nus.autotune.DB2DATA.getAllIndexes()" is null


===== Query 2926 =====

SQL: SELECT I_PRICE, I_NAME , I_DATA FROM ITEM WHERE I_ID = 6195

EXPLAIN Plan:

Index Scan using item_pkey on item  (cost=0.29..8.31 rows=1 width=61) (actual time=0.089..0.090 rows=1 loops=1)

  Index Cond: (i_id = 6195)

Planning Time: 0.088 ms

Execution Time: 0.112 ms
Failed SQL 2926: SELECT I_PRICE, I_NAME , I_DATA FROM ITEM WHERE I_ID = 6195
Error Message: Cannot invoke "java.util.List.get(int)" because the return value of "sg.edu.nus.autotune.DB2DATA.getAllIndexes()" is null


===== Query 2927 =====

SQL: SELECT S_QUANTITY, S_DATA, S_DIST_01, S_DIST_02, S_DIST_03, S_DIST_04, S_DIST_05, S_DIST_06, S_DIST_07, S_DIST_08, S_DIST_09, S_DIST_10 FROM STOCK WHERE S_I_ID = 6195 AND S_W_ID = 1

EXPLAIN Plan:

Index Scan using stock_pkey on stock  (cost=0.42..8.44 rows=1 width=291) (actual time=0.080..0.082 rows=1 loops=1)

  Index Cond: ((s_w_id = 1) AND (s_i_id = 6195))

Planning Time: 0.121 ms

Execution Time: 0.107 ms
Failed SQL 2927: SELECT S_QUANTITY, S_DATA, S_DIST_01, S_DIST_02, S_DIST_03, S_DIST_04, S_DIST_05, S_DIST_06, S_DIST_07, S_DIST_08, S_DIST_09, S_DIST_10 FROM STOCK WHERE S_I_ID = 6195 AND S_W_ID = 1
Error Message: Cannot invoke "java.util.List.get(int)" because the return value of "sg.edu.nus.autotune.DB2DATA.getAllIndexes()" is null


===== Query 2928 =====

SQL: UPDATE STOCK SET S_QUANTITY = 88, S_YTD = S_YTD + 2, S_ORDER_CNT = S_ORDER_CNT + 1, S_REMOTE_CNT = S_REMOTE_CNT + 0 WHERE S_I_ID = 6195 AND S_W_ID = 1

EXPLAIN Plan:

Update on stock  (cost=0.42..8.45 rows=0 width=0) (actual time=0.116..0.116 rows=0 loops=1)

  ->  Index Scan using stock_pkey on stock  (cost=0.42..8.45 rows=1 width=32) (actual time=0.030..0.032 rows=1 loops=1)

        Index Cond: ((s_w_id = 1) AND (s_i_id = 6195))

Planning Time: 0.119 ms

Execution Time: 0.147 ms
Failed SQL 2928: UPDATE STOCK SET S_QUANTITY = 88, S_YTD = S_YTD + 2, S_ORDER_CNT = S_ORDER_CNT + 1, S_REMOTE_CNT = S_REMOTE_CNT + 0 WHERE S_I_ID = 6195 AND S_W_ID = 1
Error Message: Cannot invoke "java.util.List.get(int)" because the return value of "sg.edu.nus.autotune.DB2DATA.getAllIndexes()" is null


===== Query 2929 =====

SQL: SELECT I_PRICE, I_NAME , I_DATA FROM ITEM WHERE I_ID = 15042

EXPLAIN Plan:

Index Scan using item_pkey on item  (cost=0.29..8.31 rows=1 width=61) (actual time=0.071..0.072 rows=1 loops=1)

  Index Cond: (i_id = 15042)

Planning Time: 0.084 ms

Execution Time: 0.091 ms
Failed SQL 2929: SELECT I_PRICE, I_NAME , I_DATA FROM ITEM WHERE I_ID = 15042
Error Message: Cannot invoke "java.util.List.get(int)" because the return value of "sg.edu.nus.autotune.DB2DATA.getAllIndexes()" is null


===== Query 2930 =====

SQL: SELECT S_QUANTITY, S_DATA, S_DIST_01, S_DIST_02, S_DIST_03, S_DIST_04, S_DIST_05, S_DIST_06, S_DIST_07, S_DIST_08, S_DIST_09, S_DIST_10 FROM STOCK WHERE S_I_ID = 15042 AND S_W_ID = 1

EXPLAIN Plan:

Index Scan using stock_pkey on stock  (cost=0.42..8.44 rows=1 width=291) (actual time=0.896..0.898 rows=1 loops=1)

  Index Cond: ((s_w_id = 1) AND (s_i_id = 15042))

Planning Time: 0.101 ms

Execution Time: 0.923 ms
Failed SQL 2930: SELECT S_QUANTITY, S_DATA, S_DIST_01, S_DIST_02, S_DIST_03, S_DIST_04, S_DIST_05, S_DIST_06, S_DIST_07, S_DIST_08, S_DIST_09, S_DIST_10 FROM STOCK WHERE S_I_ID = 15042 AND S_W_ID = 1
Error Message: Cannot invoke "java.util.List.get(int)" because the return value of "sg.edu.nus.autotune.DB2DATA.getAllIndexes()" is null


===== Query 2931 =====

SQL: UPDATE STOCK SET S_QUANTITY = 49, S_YTD = S_YTD + 7, S_ORDER_CNT = S_ORDER_CNT + 1, S_REMOTE_CNT = S_REMOTE_CNT + 0 WHERE S_I_ID = 15042 AND S_W_ID = 1

EXPLAIN Plan:

Update on stock  (cost=0.42..8.45 rows=0 width=0) (actual time=0.086..0.086 rows=0 loops=1)

  ->  Index Scan using stock_pkey on stock  (cost=0.42..8.45 rows=1 width=32) (actual time=0.020..0.021 rows=1 loops=1)

        Index Cond: ((s_w_id = 1) AND (s_i_id = 15042))

Planning Time: 0.083 ms

Execution Time: 0.105 ms
Failed SQL 2931: UPDATE STOCK SET S_QUANTITY = 49, S_YTD = S_YTD + 7, S_ORDER_CNT = S_ORDER_CNT + 1, S_REMOTE_CNT = S_REMOTE_CNT + 0 WHERE S_I_ID = 15042 AND S_W_ID = 1
Error Message: Cannot invoke "java.util.List.get(int)" because the return value of "sg.edu.nus.autotune.DB2DATA.getAllIndexes()" is null


===== Query 2932 =====

SQL: SELECT I_PRICE, I_NAME , I_DATA FROM ITEM WHERE I_ID = 20197

EXPLAIN Plan:

Index Scan using item_pkey on item  (cost=0.29..8.31 rows=1 width=61) (actual time=0.054..0.056 rows=1 loops=1)

  Index Cond: (i_id = 20197)

Planning Time: 0.083 ms

Execution Time: 0.073 ms
Failed SQL 2932: SELECT I_PRICE, I_NAME , I_DATA FROM ITEM WHERE I_ID = 20197
Error Message: Cannot invoke "java.util.List.get(int)" because the return value of "sg.edu.nus.autotune.DB2DATA.getAllIndexes()" is null


===== Query 2933 =====

SQL: SELECT S_QUANTITY, S_DATA, S_DIST_01, S_DIST_02, S_DIST_03, S_DIST_04, S_DIST_05, S_DIST_06, S_DIST_07, S_DIST_08, S_DIST_09, S_DIST_10 FROM STOCK WHERE S_I_ID = 20197 AND S_W_ID = 1

EXPLAIN Plan:

Index Scan using stock_pkey on stock  (cost=0.42..8.44 rows=1 width=291) (actual time=0.918..0.921 rows=1 loops=1)

  Index Cond: ((s_w_id = 1) AND (s_i_id = 20197))

Planning Time: 0.130 ms

Execution Time: 0.945 ms
Failed SQL 2933: SELECT S_QUANTITY, S_DATA, S_DIST_01, S_DIST_02, S_DIST_03, S_DIST_04, S_DIST_05, S_DIST_06, S_DIST_07, S_DIST_08, S_DIST_09, S_DIST_10 FROM STOCK WHERE S_I_ID = 20197 AND S_W_ID = 1
Error Message: Cannot invoke "java.util.List.get(int)" because the return value of "sg.edu.nus.autotune.DB2DATA.getAllIndexes()" is null


===== Query 2934 =====

SQL: UPDATE STOCK SET S_QUANTITY = 73, S_YTD = S_YTD + 1, S_ORDER_CNT = S_ORDER_CNT + 1, S_REMOTE_CNT = S_REMOTE_CNT + 0 WHERE S_I_ID = 20197 AND S_W_ID = 1

EXPLAIN Plan:

Update on stock  (cost=0.42..8.45 rows=0 width=0) (actual time=0.053..0.054 rows=0 loops=1)

  ->  Index Scan using stock_pkey on stock  (cost=0.42..8.45 rows=1 width=32) (actual time=0.019..0.020 rows=1 loops=1)

        Index Cond: ((s_w_id = 1) AND (s_i_id = 20197))

Planning Time: 0.067 ms

Execution Time: 0.070 ms
Failed SQL 2934: UPDATE STOCK SET S_QUANTITY = 73, S_YTD = S_YTD + 1, S_ORDER_CNT = S_ORDER_CNT + 1, S_REMOTE_CNT = S_REMOTE_CNT + 0 WHERE S_I_ID = 20197 AND S_W_ID = 1
Error Message: Cannot invoke "java.util.List.get(int)" because the return value of "sg.edu.nus.autotune.DB2DATA.getAllIndexes()" is null


===== Query 2935 =====

SQL: SELECT I_PRICE, I_NAME , I_DATA FROM ITEM WHERE I_ID = 76951

EXPLAIN Plan:

Index Scan using item_pkey on item  (cost=0.29..8.31 rows=1 width=61) (actual time=0.407..0.410 rows=1 loops=1)

  Index Cond: (i_id = 76951)

Planning Time: 0.071 ms

Execution Time: 0.429 ms
Failed SQL 2935: SELECT I_PRICE, I_NAME , I_DATA FROM ITEM WHERE I_ID = 76951
Error Message: Cannot invoke "java.util.List.get(int)" because the return value of "sg.edu.nus.autotune.DB2DATA.getAllIndexes()" is null


===== Query 2936 =====

SQL: SELECT NO_O_ID FROM NEW_ORDER WHERE NO_D_ID = 6 AND NO_W_ID = 2 ORDER BY NO_O_ID ASC LIMIT 1

EXPLAIN Plan:

Limit  (cost=0.42..0.47 rows=1 width=4) (actual time=0.070..0.071 rows=1 loops=1)

  ->  Index Only Scan using new_order_pkey on new_order  (cost=0.42..86.80 rows=1719 width=4) (actual time=0.068..0.069 rows=1 loops=1)

        Index Cond: ((no_w_id = 2) AND (no_d_id = 6))

        Heap Fetches: 0

Planning Time: 0.120 ms

Execution Time: 0.092 ms
Failed SQL 2936: SELECT NO_O_ID FROM NEW_ORDER WHERE NO_D_ID = 6 AND NO_W_ID = 2 ORDER BY NO_O_ID ASC LIMIT 1
Error Message: Cannot invoke "java.util.List.get(int)" because the return value of "sg.edu.nus.autotune.DB2DATA.getAllIndexes()" is null


===== Query 2937 =====

SQL: SELECT O_C_ID FROM OORDER WHERE O_ID = 2512 AND O_D_ID = 6 AND O_W_ID = 2

EXPLAIN Plan:

Index Scan using oorder_pkey on oorder  (cost=0.42..8.44 rows=1 width=4) (actual time=0.109..0.111 rows=1 loops=1)

  Index Cond: ((o_w_id = 2) AND (o_d_id = 6) AND (o_id = 2512))

Planning Time: 0.129 ms

Execution Time: 0.132 ms
Failed SQL 2937: SELECT O_C_ID FROM OORDER WHERE O_ID = 2512 AND O_D_ID = 6 AND O_W_ID = 2
Error Message: Cannot invoke "java.util.List.get(int)" because the return value of "sg.edu.nus.autotune.DB2DATA.getAllIndexes()" is null


===== Query 2938 =====

SQL: UPDATE OORDER SET O_CARRIER_ID = 7 WHERE O_ID = 2512 AND O_D_ID = 6 AND O_W_ID = 2

EXPLAIN Plan:

Update on oorder  (cost=0.42..8.44 rows=0 width=0) (actual time=0.105..0.105 rows=0 loops=1)

  ->  Index Scan using oorder_pkey on oorder  (cost=0.42..8.44 rows=1 width=10) (actual time=0.062..0.063 rows=1 loops=1)

        Index Cond: ((o_w_id = 2) AND (o_d_id = 6) AND (o_id = 2512))

Planning Time: 0.104 ms

Execution Time: 0.191 ms
Failed SQL 2938: UPDATE OORDER SET O_CARRIER_ID = 7 WHERE O_ID = 2512 AND O_D_ID = 6 AND O_W_ID = 2
Error Message: Cannot invoke "java.util.List.get(int)" because the return value of "sg.edu.nus.autotune.DB2DATA.getAllIndexes()" is null


===== Query 2939 =====

SQL: UPDATE ORDER_LINE SET OL_DELIVERY_D = '2014-10-12 20:52:36.985' WHERE OL_O_ID = 2512 AND OL_D_ID = 6 AND OL_W_ID = 2

EXPLAIN Plan:

Update on order_line  (cost=0.43..43.81 rows=0 width=0) (actual time=1.121..1.122 rows=0 loops=1)

  ->  Index Scan using order_line_pkey on order_line  (cost=0.43..43.81 rows=10 width=14) (actual time=0.918..0.929 rows=15 loops=1)

        Index Cond: ((ol_w_id = 2) AND (ol_d_id = 6) AND (ol_o_id = 2512))

Planning Time: 0.109 ms

Execution Time: 1.152 ms
Failed SQL 2939: UPDATE ORDER_LINE SET OL_DELIVERY_D = '2014-10-12 20:52:36.985' WHERE OL_O_ID = 2512 AND OL_D_ID = 6 AND OL_W_ID = 2
Error Message: Cannot invoke "java.util.List.get(int)" because the return value of "sg.edu.nus.autotune.DB2DATA.getAllIndexes()" is null


===== Query 2940 =====

SQL: SELECT SUM(OL_AMOUNT) AS OL_TOTAL FROM ORDER_LINE WHERE OL_O_ID = 2512 AND OL_D_ID = 6 AND OL_W_ID = 2

EXPLAIN Plan:

Aggregate  (cost=43.83..43.84 rows=1 width=32) (actual time=0.097..0.098 rows=1 loops=1)

  ->  Index Scan using order_line_pkey on order_line  (cost=0.43..43.81 rows=10 width=6) (actual time=0.027..0.082 rows=15 loops=1)

        Index Cond: ((ol_w_id = 2) AND (ol_d_id = 6) AND (ol_o_id = 2512))

Planning Time: 0.124 ms

Execution Time: 0.133 ms
Failed SQL 2940: SELECT SUM(OL_AMOUNT) AS OL_TOTAL FROM ORDER_LINE WHERE OL_O_ID = 2512 AND OL_D_ID = 6 AND OL_W_ID = 2
Error Message: Cannot invoke "java.util.List.get(int)" because the return value of "sg.edu.nus.autotune.DB2DATA.getAllIndexes()" is null


===== Query 2941 =====

SQL: UPDATE CUSTOMER SET C_BALANCE = C_BALANCE + 69234.12, C_DELIVERY_CNT = C_DELIVERY_CNT + 1 WHERE C_W_ID = 2 AND C_D_ID = 6 AND C_ID = 2219

EXPLAIN Plan:

Update on customer  (cost=0.42..8.45 rows=0 width=0) (actual time=0.094..0.095 rows=0 loops=1)

  ->  Index Scan using customer_pkey on customer  (cost=0.42..8.45 rows=1 width=26) (actual time=0.051..0.052 rows=1 loops=1)

        Index Cond: ((c_w_id = 2) AND (c_d_id = 6) AND (c_id = 2219))

Planning Time: 0.081 ms

Execution Time: 0.117 ms
Failed SQL 2941: UPDATE CUSTOMER SET C_BALANCE = C_BALANCE + 69234.12, C_DELIVERY_CNT = C_DELIVERY_CNT + 1 WHERE C_W_ID = 2 AND C_D_ID = 6 AND C_ID = 2219
Error Message: Cannot invoke "java.util.List.get(int)" because the return value of "sg.edu.nus.autotune.DB2DATA.getAllIndexes()" is null


===== Query 2942 =====

SQL: SELECT S_QUANTITY, S_DATA, S_DIST_01, S_DIST_02, S_DIST_03, S_DIST_04, S_DIST_05, S_DIST_06, S_DIST_07, S_DIST_08, S_DIST_09, S_DIST_10 FROM STOCK WHERE S_I_ID = 76951 AND S_W_ID = 1

EXPLAIN Plan:

Index Scan using stock_pkey on stock  (cost=0.42..8.44 rows=1 width=291) (actual time=0.933..0.935 rows=1 loops=1)

  Index Cond: ((s_w_id = 1) AND (s_i_id = 76951))

Planning Time: 0.099 ms

Execution Time: 0.960 ms
Failed SQL 2942: SELECT S_QUANTITY, S_DATA, S_DIST_01, S_DIST_02, S_DIST_03, S_DIST_04, S_DIST_05, S_DIST_06, S_DIST_07, S_DIST_08, S_DIST_09, S_DIST_10 FROM STOCK WHERE S_I_ID = 76951 AND S_W_ID = 1
Error Message: Cannot invoke "java.util.List.get(int)" because the return value of "sg.edu.nus.autotune.DB2DATA.getAllIndexes()" is null


===== Query 2943 =====

SQL: SELECT NO_O_ID FROM NEW_ORDER WHERE NO_D_ID = 7 AND NO_W_ID = 2 ORDER BY NO_O_ID ASC LIMIT 1

EXPLAIN Plan:

Limit  (cost=0.42..0.47 rows=1 width=4) (actual time=0.059..0.060 rows=1 loops=1)

  ->  Index Only Scan using new_order_pkey on new_order  (cost=0.42..85.52 rows=1655 width=4) (actual time=0.058..0.058 rows=1 loops=1)

        Index Cond: ((no_w_id = 2) AND (no_d_id = 7))

        Heap Fetches: 0

Planning Time: 0.101 ms

Execution Time: 0.088 ms
Failed SQL 2943: SELECT NO_O_ID FROM NEW_ORDER WHERE NO_D_ID = 7 AND NO_W_ID = 2 ORDER BY NO_O_ID ASC LIMIT 1
Error Message: Cannot invoke "java.util.List.get(int)" because the return value of "sg.edu.nus.autotune.DB2DATA.getAllIndexes()" is null


===== Query 2944 =====

SQL: SELECT O_C_ID FROM OORDER WHERE O_ID = 2512 AND O_D_ID = 7 AND O_W_ID = 2

EXPLAIN Plan:

Index Scan using oorder_pkey on oorder  (cost=0.42..8.44 rows=1 width=4) (actual time=1.059..1.061 rows=1 loops=1)

  Index Cond: ((o_w_id = 2) AND (o_d_id = 7) AND (o_id = 2512))

Planning Time: 0.126 ms

Execution Time: 1.084 ms
Failed SQL 2944: SELECT O_C_ID FROM OORDER WHERE O_ID = 2512 AND O_D_ID = 7 AND O_W_ID = 2
Error Message: Cannot invoke "java.util.List.get(int)" because the return value of "sg.edu.nus.autotune.DB2DATA.getAllIndexes()" is null


===== Query 2945 =====

SQL: UPDATE OORDER SET O_CARRIER_ID = 7 WHERE O_ID = 2512 AND O_D_ID = 7 AND O_W_ID = 2

EXPLAIN Plan:

Update on oorder  (cost=0.42..8.44 rows=0 width=0) (actual time=0.090..0.091 rows=0 loops=1)

  ->  Index Scan using oorder_pkey on oorder  (cost=0.42..8.44 rows=1 width=10) (actual time=0.031..0.032 rows=1 loops=1)

        Index Cond: ((o_w_id = 2) AND (o_d_id = 7) AND (o_id = 2512))

Planning Time: 0.208 ms

Execution Time: 0.118 ms
Failed SQL 2945: UPDATE OORDER SET O_CARRIER_ID = 7 WHERE O_ID = 2512 AND O_D_ID = 7 AND O_W_ID = 2
Error Message: Cannot invoke "java.util.List.get(int)" because the return value of "sg.edu.nus.autotune.DB2DATA.getAllIndexes()" is null


===== Query 2946 =====

SQL: UPDATE ORDER_LINE SET OL_DELIVERY_D = '2014-10-12 20:52:36.992' WHERE OL_O_ID = 2512 AND OL_D_ID = 7 AND OL_W_ID = 2

EXPLAIN Plan:

Update on order_line  (cost=0.43..39.88 rows=0 width=0) (actual time=0.539..0.540 rows=0 loops=1)

  ->  Index Scan using order_line_pkey on order_line  (cost=0.43..39.88 rows=9 width=14) (actual time=0.411..0.416 rows=8 loops=1)

        Index Cond: ((ol_w_id = 2) AND (ol_d_id = 7) AND (ol_o_id = 2512))

Planning Time: 0.113 ms

Execution Time: 0.570 ms
Failed SQL 2946: UPDATE ORDER_LINE SET OL_DELIVERY_D = '2014-10-12 20:52:36.992' WHERE OL_O_ID = 2512 AND OL_D_ID = 7 AND OL_W_ID = 2
Error Message: Cannot invoke "java.util.List.get(int)" because the return value of "sg.edu.nus.autotune.DB2DATA.getAllIndexes()" is null


===== Query 2947 =====

SQL: SELECT SUM(OL_AMOUNT) AS OL_TOTAL FROM ORDER_LINE WHERE OL_O_ID = 2512 AND OL_D_ID = 7 AND OL_W_ID = 2

EXPLAIN Plan:

Aggregate  (cost=39.90..39.91 rows=1 width=32) (actual time=0.167..0.167 rows=1 loops=1)

  ->  Index Scan using order_line_pkey on order_line  (cost=0.43..39.88 rows=9 width=6) (actual time=0.130..0.151 rows=8 loops=1)

        Index Cond: ((ol_w_id = 2) AND (ol_d_id = 7) AND (ol_o_id = 2512))

Planning Time: 0.147 ms

Execution Time: 0.219 ms
Failed SQL 2947: SELECT SUM(OL_AMOUNT) AS OL_TOTAL FROM ORDER_LINE WHERE OL_O_ID = 2512 AND OL_D_ID = 7 AND OL_W_ID = 2
Error Message: Cannot invoke "java.util.List.get(int)" because the return value of "sg.edu.nus.autotune.DB2DATA.getAllIndexes()" is null


===== Query 2948 =====

SQL: UPDATE CUSTOMER SET C_BALANCE = C_BALANCE + 51367.16, C_DELIVERY_CNT = C_DELIVERY_CNT + 1 WHERE C_W_ID = 2 AND C_D_ID = 7 AND C_ID = 2080

EXPLAIN Plan:

Update on customer  (cost=0.42..8.45 rows=0 width=0) (actual time=0.108..0.108 rows=0 loops=1)

  ->  Index Scan using customer_pkey on customer  (cost=0.42..8.45 rows=1 width=26) (actual time=0.064..0.064 rows=1 loops=1)

        Index Cond: ((c_w_id = 2) AND (c_d_id = 7) AND (c_id = 2080))

Planning Time: 0.072 ms

Execution Time: 0.132 ms
Failed SQL 2948: UPDATE CUSTOMER SET C_BALANCE = C_BALANCE + 51367.16, C_DELIVERY_CNT = C_DELIVERY_CNT + 1 WHERE C_W_ID = 2 AND C_D_ID = 7 AND C_ID = 2080
Error Message: Cannot invoke "java.util.List.get(int)" because the return value of "sg.edu.nus.autotune.DB2DATA.getAllIndexes()" is null


===== Query 2949 =====

SQL: UPDATE STOCK SET S_QUANTITY = 58, S_YTD = S_YTD + 1, S_ORDER_CNT = S_ORDER_CNT + 1, S_REMOTE_CNT = S_REMOTE_CNT + 0 WHERE S_I_ID = 76951 AND S_W_ID = 1

EXPLAIN Plan:

Update on stock  (cost=0.42..8.45 rows=0 width=0) (actual time=0.114..0.115 rows=0 loops=1)

  ->  Index Scan using stock_pkey on stock  (cost=0.42..8.45 rows=1 width=32) (actual time=0.042..0.044 rows=1 loops=1)

        Index Cond: ((s_w_id = 1) AND (s_i_id = 76951))

Planning Time: 0.099 ms

Execution Time: 0.142 ms
Failed SQL 2949: UPDATE STOCK SET S_QUANTITY = 58, S_YTD = S_YTD + 1, S_ORDER_CNT = S_ORDER_CNT + 1, S_REMOTE_CNT = S_REMOTE_CNT + 0 WHERE S_I_ID = 76951 AND S_W_ID = 1
Error Message: Cannot invoke "java.util.List.get(int)" because the return value of "sg.edu.nus.autotune.DB2DATA.getAllIndexes()" is null


===== Query 2950 =====

SQL: SELECT I_PRICE, I_NAME , I_DATA FROM ITEM WHERE I_ID = 94695

EXPLAIN Plan:

Index Scan using item_pkey on item  (cost=0.29..8.31 rows=1 width=61) (actual time=1.141..1.143 rows=1 loops=1)

  Index Cond: (i_id = 94695)

Planning Time: 0.094 ms

Execution Time: 1.165 ms
Failed SQL 2950: SELECT I_PRICE, I_NAME , I_DATA FROM ITEM WHERE I_ID = 94695
Error Message: Cannot invoke "java.util.List.get(int)" because the return value of "sg.edu.nus.autotune.DB2DATA.getAllIndexes()" is null


===== Query 2951 =====

SQL: SELECT NO_O_ID FROM NEW_ORDER WHERE NO_D_ID = 8 AND NO_W_ID = 2 ORDER BY NO_O_ID ASC LIMIT 1

EXPLAIN Plan:

Limit  (cost=0.42..0.47 rows=1 width=4) (actual time=0.069..0.070 rows=1 loops=1)

  ->  Index Only Scan using new_order_pkey on new_order  (cost=0.42..91.80 rows=1769 width=4) (actual time=0.068..0.068 rows=1 loops=1)

        Index Cond: ((no_w_id = 2) AND (no_d_id = 8))

        Heap Fetches: 0

Planning Time: 0.121 ms

Execution Time: 0.090 ms
Failed SQL 2951: SELECT NO_O_ID FROM NEW_ORDER WHERE NO_D_ID = 8 AND NO_W_ID = 2 ORDER BY NO_O_ID ASC LIMIT 1
Error Message: Cannot invoke "java.util.List.get(int)" because the return value of "sg.edu.nus.autotune.DB2DATA.getAllIndexes()" is null


===== Query 2952 =====

SQL: SELECT S_QUANTITY, S_DATA, S_DIST_01, S_DIST_02, S_DIST_03, S_DIST_04, S_DIST_05, S_DIST_06, S_DIST_07, S_DIST_08, S_DIST_09, S_DIST_10 FROM STOCK WHERE S_I_ID = 94695 AND S_W_ID = 1

EXPLAIN Plan:

Index Scan using stock_pkey on stock  (cost=0.42..8.44 rows=1 width=291) (actual time=0.071..0.073 rows=1 loops=1)

  Index Cond: ((s_w_id = 1) AND (s_i_id = 94695))

Planning Time: 0.099 ms

Execution Time: 0.104 ms
Failed SQL 2952: SELECT S_QUANTITY, S_DATA, S_DIST_01, S_DIST_02, S_DIST_03, S_DIST_04, S_DIST_05, S_DIST_06, S_DIST_07, S_DIST_08, S_DIST_09, S_DIST_10 FROM STOCK WHERE S_I_ID = 94695 AND S_W_ID = 1
Error Message: Cannot invoke "java.util.List.get(int)" because the return value of "sg.edu.nus.autotune.DB2DATA.getAllIndexes()" is null


===== Query 2953 =====

SQL: SELECT O_C_ID FROM OORDER WHERE O_ID = 2512 AND O_D_ID = 8 AND O_W_ID = 2

EXPLAIN Plan:

Index Scan using oorder_pkey on oorder  (cost=0.42..8.44 rows=1 width=4) (actual time=0.089..0.091 rows=1 loops=1)

  Index Cond: ((o_w_id = 2) AND (o_d_id = 8) AND (o_id = 2512))

Planning Time: 0.119 ms

Execution Time: 0.118 ms
Failed SQL 2953: SELECT O_C_ID FROM OORDER WHERE O_ID = 2512 AND O_D_ID = 8 AND O_W_ID = 2
Error Message: Cannot invoke "java.util.List.get(int)" because the return value of "sg.edu.nus.autotune.DB2DATA.getAllIndexes()" is null


===== Query 2954 =====

SQL: UPDATE OORDER SET O_CARRIER_ID = 7 WHERE O_ID = 2512 AND O_D_ID = 8 AND O_W_ID = 2

EXPLAIN Plan:

Update on oorder  (cost=0.42..8.44 rows=0 width=0) (actual time=0.102..0.103 rows=0 loops=1)

  ->  Index Scan using oorder_pkey on oorder  (cost=0.42..8.44 rows=1 width=10) (actual time=0.034..0.036 rows=1 loops=1)

        Index Cond: ((o_w_id = 2) AND (o_d_id = 8) AND (o_id = 2512))

Planning Time: 0.136 ms

Execution Time: 0.138 ms
Failed SQL 2954: UPDATE OORDER SET O_CARRIER_ID = 7 WHERE O_ID = 2512 AND O_D_ID = 8 AND O_W_ID = 2
Error Message: Cannot invoke "java.util.List.get(int)" because the return value of "sg.edu.nus.autotune.DB2DATA.getAllIndexes()" is null


===== Query 2955 =====

SQL: UPDATE STOCK SET S_QUANTITY = 23, S_YTD = S_YTD + 2, S_ORDER_CNT = S_ORDER_CNT + 1, S_REMOTE_CNT = S_REMOTE_CNT + 0 WHERE S_I_ID = 94695 AND S_W_ID = 1

EXPLAIN Plan:

Update on stock  (cost=0.42..8.45 rows=0 width=0) (actual time=0.142..0.143 rows=0 loops=1)

  ->  Index Scan using stock_pkey on stock  (cost=0.42..8.45 rows=1 width=32) (actual time=0.065..0.067 rows=1 loops=1)

        Index Cond: ((s_w_id = 1) AND (s_i_id = 94695))

Planning Time: 0.132 ms

Execution Time: 0.197 ms
Failed SQL 2955: UPDATE STOCK SET S_QUANTITY = 23, S_YTD = S_YTD + 2, S_ORDER_CNT = S_ORDER_CNT + 1, S_REMOTE_CNT = S_REMOTE_CNT + 0 WHERE S_I_ID = 94695 AND S_W_ID = 1
Error Message: Cannot invoke "java.util.List.get(int)" because the return value of "sg.edu.nus.autotune.DB2DATA.getAllIndexes()" is null


===== Query 2956 =====

SQL: UPDATE ORDER_LINE SET OL_DELIVERY_D = '2014-10-12 20:52:37.008' WHERE OL_O_ID = 2512 AND OL_D_ID = 8 AND OL_W_ID = 2

EXPLAIN Plan:

Update on order_line  (cost=0.43..43.81 rows=0 width=0) (actual time=0.222..0.222 rows=0 loops=1)

  ->  Index Scan using order_line_pkey on order_line  (cost=0.43..43.81 rows=10 width=14) (actual time=0.062..0.095 rows=12 loops=1)

        Index Cond: ((ol_w_id = 2) AND (ol_d_id = 8) AND (ol_o_id = 2512))

Planning Time: 0.106 ms

Execution Time: 0.252 ms
Failed SQL 2956: UPDATE ORDER_LINE SET OL_DELIVERY_D = '2014-10-12 20:52:37.008' WHERE OL_O_ID = 2512 AND OL_D_ID = 8 AND OL_W_ID = 2
Error Message: Cannot invoke "java.util.List.get(int)" because the return value of "sg.edu.nus.autotune.DB2DATA.getAllIndexes()" is null


===== Query 2957 =====

SQL: SELECT SUM(OL_AMOUNT) AS OL_TOTAL FROM ORDER_LINE WHERE OL_O_ID = 2512 AND OL_D_ID = 8 AND OL_W_ID = 2

EXPLAIN Plan:

Aggregate  (cost=43.83..43.84 rows=1 width=32) (actual time=0.079..0.080 rows=1 loops=1)

  ->  Index Scan using order_line_pkey on order_line  (cost=0.43..43.81 rows=10 width=6) (actual time=0.056..0.064 rows=12 loops=1)

        Index Cond: ((ol_w_id = 2) AND (ol_d_id = 8) AND (ol_o_id = 2512))

Planning Time: 0.124 ms

Execution Time: 0.115 ms
Failed SQL 2957: SELECT SUM(OL_AMOUNT) AS OL_TOTAL FROM ORDER_LINE WHERE OL_O_ID = 2512 AND OL_D_ID = 8 AND OL_W_ID = 2
Error Message: Cannot invoke "java.util.List.get(int)" because the return value of "sg.edu.nus.autotune.DB2DATA.getAllIndexes()" is null


===== Query 2958 =====

SQL: UPDATE CUSTOMER SET C_BALANCE = C_BALANCE + 26928.62, C_DELIVERY_CNT = C_DELIVERY_CNT + 1 WHERE C_W_ID = 2 AND C_D_ID = 8 AND C_ID = 2351

EXPLAIN Plan:

Update on customer  (cost=0.42..8.45 rows=0 width=0) (actual time=0.964..0.965 rows=0 loops=1)

  ->  Index Scan using customer_pkey on customer  (cost=0.42..8.45 rows=1 width=26) (actual time=0.904..0.910 rows=1 loops=1)

        Index Cond: ((c_w_id = 2) AND (c_d_id = 8) AND (c_id = 2351))

Planning Time: 0.105 ms

Execution Time: 0.996 ms
Failed SQL 2958: UPDATE CUSTOMER SET C_BALANCE = C_BALANCE + 26928.62, C_DELIVERY_CNT = C_DELIVERY_CNT + 1 WHERE C_W_ID = 2 AND C_D_ID = 8 AND C_ID = 2351
Error Message: Cannot invoke "java.util.List.get(int)" because the return value of "sg.edu.nus.autotune.DB2DATA.getAllIndexes()" is null


===== Query 2959 =====

SQL: UPDATE WAREHOUSE SET W_YTD = W_YTD + 3994.52 WHERE W_ID = 1

EXPLAIN Plan:

Update on warehouse  (cost=4.14..8.16 rows=0 width=0) (actual time=0.073..0.073 rows=0 loops=1)

  ->  Bitmap Heap Scan on warehouse  (cost=4.14..8.16 rows=1 width=22) (actual time=0.036..0.038 rows=1 loops=1)

        Recheck Cond: (w_id = 1)

        Heap Blocks: exact=1

        ->  Bitmap Index Scan on warehouse_pkey  (cost=0.00..4.14 rows=1 width=0) (actual time=0.017..0.017 rows=1 loops=1)

              Index Cond: (w_id = 1)

Planning Time: 0.076 ms

Execution Time: 0.104 ms
Failed SQL 2959: UPDATE WAREHOUSE SET W_YTD = W_YTD + 3994.52 WHERE W_ID = 1
Error Message: Cannot invoke "java.util.List.get(int)" because the return value of "sg.edu.nus.autotune.DB2DATA.getAllIndexes()" is null


===== Query 2960 =====

SQL: SELECT W_STREET_1, W_STREET_2, W_CITY, W_STATE, W_ZIP, W_NAME FROM WAREHOUSE WHERE W_ID = 1

EXPLAIN Plan:

Bitmap Heap Scan on warehouse  (cost=4.14..8.15 rows=1 width=65) (actual time=0.023..0.024 rows=1 loops=1)

  Recheck Cond: (w_id = 1)

  Heap Blocks: exact=1

  ->  Bitmap Index Scan on warehouse_pkey  (cost=0.00..4.14 rows=1 width=0) (actual time=0.011..0.011 rows=1 loops=1)

        Index Cond: (w_id = 1)

Planning Time: 0.092 ms

Execution Time: 0.053 ms
Failed SQL 2960: SELECT W_STREET_1, W_STREET_2, W_CITY, W_STATE, W_ZIP, W_NAME FROM WAREHOUSE WHERE W_ID = 1
Error Message: Cannot invoke "java.util.List.get(int)" because the return value of "sg.edu.nus.autotune.DB2DATA.getAllIndexes()" is null


===== Query 2961 =====

SQL: UPDATE DISTRICT SET D_YTD = D_YTD + 3994.52 WHERE D_W_ID = 1 AND D_ID = 8

EXPLAIN Plan:

Update on district  (cost=4.28..11.67 rows=0 width=0) (actual time=0.095..0.096 rows=0 loops=1)

  ->  Bitmap Heap Scan on district  (cost=4.28..11.67 rows=2 width=22) (actual time=0.043..0.044 rows=1 loops=1)

        Recheck Cond: ((d_w_id = 1) AND (d_id = 8))

        Heap Blocks: exact=1

        ->  Bitmap Index Scan on district_pkey  (cost=0.00..4.28 rows=2 width=0) (actual time=0.023..0.023 rows=1 loops=1)

              Index Cond: ((d_w_id = 1) AND (d_id = 8))

Planning Time: 0.118 ms

Execution Time: 0.130 ms
Failed SQL 2961: UPDATE DISTRICT SET D_YTD = D_YTD + 3994.52 WHERE D_W_ID = 1 AND D_ID = 8
Error Message: Cannot invoke "java.util.List.get(int)" because the return value of "sg.edu.nus.autotune.DB2DATA.getAllIndexes()" is null


===== Query 2962 =====

SQL: SELECT D_STREET_1, D_STREET_2, D_CITY, D_STATE, D_ZIP, D_NAME FROM DISTRICT WHERE D_W_ID = 1 AND D_ID = 8

EXPLAIN Plan:

Bitmap Heap Scan on district  (cost=4.28..11.66 rows=2 width=64) (actual time=0.022..0.022 rows=1 loops=1)

  Recheck Cond: ((d_w_id = 1) AND (d_id = 8))

  Heap Blocks: exact=1

  ->  Bitmap Index Scan on district_pkey  (cost=0.00..4.28 rows=2 width=0) (actual time=0.011..0.011 rows=1 loops=1)

        Index Cond: ((d_w_id = 1) AND (d_id = 8))

Planning Time: 0.095 ms

Execution Time: 0.048 ms
Failed SQL 2962: SELECT D_STREET_1, D_STREET_2, D_CITY, D_STATE, D_ZIP, D_NAME FROM DISTRICT WHERE D_W_ID = 1 AND D_ID = 8
Error Message: Cannot invoke "java.util.List.get(int)" because the return value of "sg.edu.nus.autotune.DB2DATA.getAllIndexes()" is null


===== Query 2963 =====

SQL: SELECT C_FIRST, C_MIDDLE, C_LAST, C_STREET_1, C_STREET_2, C_CITY, C_STATE, C_ZIP, C_PHONE, C_CREDIT, C_CREDIT_LIM, C_DISCOUNT, C_BALANCE, C_YTD_PAYMENT, C_PAYMENT_CNT, C_SINCE FROM CUSTOMER WHERE C_W_ID = 1 AND C_D_ID = 8 AND C_ID = 1262

EXPLAIN Plan:

Index Scan using customer_pkey on customer  (cost=0.42..8.44 rows=1 width=140) (actual time=0.098..0.100 rows=1 loops=1)

  Index Cond: ((c_w_id = 1) AND (c_d_id = 8) AND (c_id = 1262))

Planning Time: 0.104 ms

Execution Time: 0.125 ms
Failed SQL 2963: SELECT C_FIRST, C_MIDDLE, C_LAST, C_STREET_1, C_STREET_2, C_CITY, C_STATE, C_ZIP, C_PHONE, C_CREDIT, C_CREDIT_LIM, C_DISCOUNT, C_BALANCE, C_YTD_PAYMENT, C_PAYMENT_CNT, C_SINCE FROM CUSTOMER WHERE C_W_ID = 1 AND C_D_ID = 8 AND C_ID = 1262
Error Message: Cannot invoke "java.util.List.get(int)" because the return value of "sg.edu.nus.autotune.DB2DATA.getAllIndexes()" is null


===== Query 2964 =====

SQL: SELECT NO_O_ID FROM NEW_ORDER WHERE NO_D_ID = 9 AND NO_W_ID = 2 ORDER BY NO_O_ID ASC LIMIT 1

EXPLAIN Plan:

Limit  (cost=0.42..0.47 rows=1 width=4) (actual time=0.078..0.079 rows=1 loops=1)

  ->  Index Only Scan using new_order_pkey on new_order  (cost=0.42..86.08 rows=1683 width=4) (actual time=0.076..0.077 rows=1 loops=1)

        Index Cond: ((no_w_id = 2) AND (no_d_id = 9))

        Heap Fetches: 0

Planning Time: 0.121 ms

Execution Time: 0.100 ms
Failed SQL 2964: SELECT NO_O_ID FROM NEW_ORDER WHERE NO_D_ID = 9 AND NO_W_ID = 2 ORDER BY NO_O_ID ASC LIMIT 1
Error Message: Cannot invoke "java.util.List.get(int)" because the return value of "sg.edu.nus.autotune.DB2DATA.getAllIndexes()" is null


===== Query 2965 =====

SQL: SELECT O_C_ID FROM OORDER WHERE O_ID = 2512 AND O_D_ID = 9 AND O_W_ID = 2

EXPLAIN Plan:

Index Scan using oorder_pkey on oorder  (cost=0.42..8.44 rows=1 width=4) (actual time=1.125..1.128 rows=1 loops=1)

  Index Cond: ((o_w_id = 2) AND (o_d_id = 9) AND (o_id = 2512))

Planning Time: 0.079 ms

Execution Time: 1.146 ms
Failed SQL 2965: SELECT O_C_ID FROM OORDER WHERE O_ID = 2512 AND O_D_ID = 9 AND O_W_ID = 2
Error Message: Cannot invoke "java.util.List.get(int)" because the return value of "sg.edu.nus.autotune.DB2DATA.getAllIndexes()" is null


===== Query 2966 =====

SQL: UPDATE OORDER SET O_CARRIER_ID = 7 WHERE O_ID = 2512 AND O_D_ID = 9 AND O_W_ID = 2

EXPLAIN Plan:

Update on oorder  (cost=0.42..8.44 rows=0 width=0) (actual time=0.122..0.123 rows=0 loops=1)

  ->  Index Scan using oorder_pkey on oorder  (cost=0.42..8.44 rows=1 width=10) (actual time=0.028..0.030 rows=1 loops=1)

        Index Cond: ((o_w_id = 2) AND (o_d_id = 9) AND (o_id = 2512))

Planning Time: 0.126 ms

Execution Time: 0.153 ms
Failed SQL 2966: UPDATE OORDER SET O_CARRIER_ID = 7 WHERE O_ID = 2512 AND O_D_ID = 9 AND O_W_ID = 2
Error Message: Cannot invoke "java.util.List.get(int)" because the return value of "sg.edu.nus.autotune.DB2DATA.getAllIndexes()" is null


===== Query 2967 =====

SQL: UPDATE ORDER_LINE SET OL_DELIVERY_D = '2014-10-12 20:52:37.026' WHERE OL_O_ID = 2512 AND OL_D_ID = 9 AND OL_W_ID = 2

EXPLAIN Plan:

Update on order_line  (cost=0.43..43.81 rows=0 width=0) (actual time=0.238..0.239 rows=0 loops=1)

  ->  Index Scan using order_line_pkey on order_line  (cost=0.43..43.81 rows=10 width=14) (actual time=0.061..0.073 rows=14 loops=1)

        Index Cond: ((ol_w_id = 2) AND (ol_d_id = 9) AND (ol_o_id = 2512))

Planning Time: 0.108 ms

Execution Time: 0.269 ms
Failed SQL 2967: UPDATE ORDER_LINE SET OL_DELIVERY_D = '2014-10-12 20:52:37.026' WHERE OL_O_ID = 2512 AND OL_D_ID = 9 AND OL_W_ID = 2
Error Message: Cannot invoke "java.util.List.get(int)" because the return value of "sg.edu.nus.autotune.DB2DATA.getAllIndexes()" is null


===== Query 2968 =====

SQL: SELECT SUM(OL_AMOUNT) AS OL_TOTAL FROM ORDER_LINE WHERE OL_O_ID = 2512 AND OL_D_ID = 9 AND OL_W_ID = 2

EXPLAIN Plan:

Aggregate  (cost=43.83..43.84 rows=1 width=32) (actual time=0.056..0.057 rows=1 loops=1)

  ->  Index Scan using order_line_pkey on order_line  (cost=0.43..43.81 rows=10 width=6) (actual time=0.031..0.046 rows=14 loops=1)

        Index Cond: ((ol_w_id = 2) AND (ol_d_id = 9) AND (ol_o_id = 2512))

Planning Time: 0.088 ms

Execution Time: 0.084 ms
Failed SQL 2968: SELECT SUM(OL_AMOUNT) AS OL_TOTAL FROM ORDER_LINE WHERE OL_O_ID = 2512 AND OL_D_ID = 9 AND OL_W_ID = 2
Error Message: Cannot invoke "java.util.List.get(int)" because the return value of "sg.edu.nus.autotune.DB2DATA.getAllIndexes()" is null


===== Query 2969 =====

SQL: UPDATE CUSTOMER SET C_BALANCE = C_BALANCE + 46387.77, C_DELIVERY_CNT = C_DELIVERY_CNT + 1 WHERE C_W_ID = 2 AND C_D_ID = 9 AND C_ID = 2689

EXPLAIN Plan:

Update on customer  (cost=0.42..8.45 rows=0 width=0) (actual time=0.172..0.172 rows=0 loops=1)

  ->  Index Scan using customer_pkey on customer  (cost=0.42..8.45 rows=1 width=26) (actual time=0.103..0.105 rows=1 loops=1)

        Index Cond: ((c_w_id = 2) AND (c_d_id = 9) AND (c_id = 2689))

Planning Time: 0.114 ms

Execution Time: 0.217 ms
Failed SQL 2969: UPDATE CUSTOMER SET C_BALANCE = C_BALANCE + 46387.77, C_DELIVERY_CNT = C_DELIVERY_CNT + 1 WHERE C_W_ID = 2 AND C_D_ID = 9 AND C_ID = 2689
Error Message: Cannot invoke "java.util.List.get(int)" because the return value of "sg.edu.nus.autotune.DB2DATA.getAllIndexes()" is null


===== Query 2970 =====

SQL: UPDATE CUSTOMER SET C_BALANCE = -4004.52, C_YTD_PAYMENT = 4004.52, C_PAYMENT_CNT = 2 WHERE C_W_ID = 1 AND C_D_ID = 8 AND C_ID = 1262

EXPLAIN Plan:

Update on customer  (cost=0.42..8.44 rows=0 width=0) (actual time=0.070..0.071 rows=0 loops=1)

  ->  Index Scan using customer_pkey on customer  (cost=0.42..8.44 rows=1 width=34) (actual time=0.026..0.027 rows=1 loops=1)

        Index Cond: ((c_w_id = 1) AND (c_d_id = 8) AND (c_id = 1262))

Planning Time: 0.079 ms

Execution Time: 0.088 ms
Failed SQL 2970: UPDATE CUSTOMER SET C_BALANCE = -4004.52, C_YTD_PAYMENT = 4004.52, C_PAYMENT_CNT = 2 WHERE C_W_ID = 1 AND C_D_ID = 8 AND C_ID = 1262
Error Message: Cannot invoke "java.util.List.get(int)" because the return value of "sg.edu.nus.autotune.DB2DATA.getAllIndexes()" is null


===== Query 2971 =====

SQL: UPDATE WAREHOUSE SET W_YTD = W_YTD + 2543.77 WHERE W_ID = 1

EXPLAIN Plan:

Update on warehouse  (cost=4.14..8.16 rows=0 width=0) (actual time=0.073..0.073 rows=0 loops=1)

  ->  Bitmap Heap Scan on warehouse  (cost=4.14..8.16 rows=1 width=22) (actual time=0.027..0.028 rows=1 loops=1)

        Recheck Cond: (w_id = 1)

        Heap Blocks: exact=1

        ->  Bitmap Index Scan on warehouse_pkey  (cost=0.00..4.14 rows=1 width=0) (actual time=0.012..0.012 rows=1 loops=1)

              Index Cond: (w_id = 1)

Planning Time: 0.077 ms

Execution Time: 0.110 ms
Failed SQL 2971: UPDATE WAREHOUSE SET W_YTD = W_YTD + 2543.77 WHERE W_ID = 1
Error Message: Cannot invoke "java.util.List.get(int)" because the return value of "sg.edu.nus.autotune.DB2DATA.getAllIndexes()" is null


===== Query 2972 =====

SQL: SELECT W_STREET_1, W_STREET_2, W_CITY, W_STATE, W_ZIP, W_NAME FROM WAREHOUSE WHERE W_ID = 1

EXPLAIN Plan:

Bitmap Heap Scan on warehouse  (cost=4.14..8.15 rows=1 width=65) (actual time=0.020..0.021 rows=1 loops=1)

  Recheck Cond: (w_id = 1)

  Heap Blocks: exact=1

  ->  Bitmap Index Scan on warehouse_pkey  (cost=0.00..4.14 rows=1 width=0) (actual time=0.009..0.009 rows=1 loops=1)

        Index Cond: (w_id = 1)

Planning Time: 0.077 ms

Execution Time: 0.045 ms
Failed SQL 2972: SELECT W_STREET_1, W_STREET_2, W_CITY, W_STATE, W_ZIP, W_NAME FROM WAREHOUSE WHERE W_ID = 1
Error Message: Cannot invoke "java.util.List.get(int)" because the return value of "sg.edu.nus.autotune.DB2DATA.getAllIndexes()" is null


===== Query 2973 =====

SQL: UPDATE DISTRICT SET D_YTD = D_YTD + 2543.77 WHERE D_W_ID = 1 AND D_ID = 4

EXPLAIN Plan:

Update on district  (cost=4.28..11.67 rows=0 width=0) (actual time=0.103..0.104 rows=0 loops=1)

  ->  Bitmap Heap Scan on district  (cost=4.28..11.67 rows=2 width=22) (actual time=0.052..0.053 rows=1 loops=1)

        Recheck Cond: ((d_w_id = 1) AND (d_id = 4))

        Heap Blocks: exact=1

        ->  Bitmap Index Scan on district_pkey  (cost=0.00..4.28 rows=2 width=0) (actual time=0.039..0.039 rows=1 loops=1)

              Index Cond: ((d_w_id = 1) AND (d_id = 4))

Planning Time: 0.101 ms

Execution Time: 0.143 ms
Failed SQL 2973: UPDATE DISTRICT SET D_YTD = D_YTD + 2543.77 WHERE D_W_ID = 1 AND D_ID = 4
Error Message: Cannot invoke "java.util.List.get(int)" because the return value of "sg.edu.nus.autotune.DB2DATA.getAllIndexes()" is null


===== Query 2974 =====

SQL: SELECT D_STREET_1, D_STREET_2, D_CITY, D_STATE, D_ZIP, D_NAME FROM DISTRICT WHERE D_W_ID = 1 AND D_ID = 4

EXPLAIN Plan:

Bitmap Heap Scan on district  (cost=4.28..11.66 rows=2 width=64) (actual time=0.016..0.016 rows=1 loops=1)

  Recheck Cond: ((d_w_id = 1) AND (d_id = 4))

  Heap Blocks: exact=1

  ->  Bitmap Index Scan on district_pkey  (cost=0.00..4.28 rows=2 width=0) (actual time=0.008..0.009 rows=1 loops=1)

        Index Cond: ((d_w_id = 1) AND (d_id = 4))

Planning Time: 0.059 ms

Execution Time: 0.038 ms
Failed SQL 2974: SELECT D_STREET_1, D_STREET_2, D_CITY, D_STATE, D_ZIP, D_NAME FROM DISTRICT WHERE D_W_ID = 1 AND D_ID = 4
Error Message: Cannot invoke "java.util.List.get(int)" because the return value of "sg.edu.nus.autotune.DB2DATA.getAllIndexes()" is null


===== Query 2975 =====

SQL: SELECT C_FIRST, C_MIDDLE, C_ID, C_STREET_1, C_STREET_2, C_CITY, C_STATE, C_ZIP, C_PHONE, C_CREDIT, C_CREDIT_LIM, C_DISCOUNT, C_BALANCE, C_YTD_PAYMENT, C_PAYMENT_CNT, C_SINCE FROM CUSTOMER WHERE C_W_ID = 1 AND C_D_ID = 4 AND C_LAST = 'ANTIEINGATION' ORDER BY C_FIRST

EXPLAIN Plan:

Sort  (cost=7328.40..7328.41 rows=2 width=131) (actual time=8.627..8.628 rows=1 loops=1)

  Sort Key: c_first

  Sort Method: quicksort  Memory: 25kB

  ->  Bitmap Heap Scan on customer  (cost=78.51..7328.39 rows=2 width=131) (actual time=5.308..8.615 rows=1 loops=1)

        Recheck Cond: ((c_w_id = 1) AND (c_d_id = 4))

        Filter: ((c_last)::text = 'ANTIEINGATION'::text)

        Rows Removed by Filter: 2999

        Heap Blocks: exact=836

        ->  Bitmap Index Scan on customer_pkey  (cost=0.00..78.51 rows=3009 width=0) (actual time=1.118..1.118 rows=3046 loops=1)

              Index Cond: ((c_w_id = 1) AND (c_d_id = 4))

Planning Time: 0.296 ms

Execution Time: 8.709 ms
Failed SQL 2975: SELECT C_FIRST, C_MIDDLE, C_ID, C_STREET_1, C_STREET_2, C_CITY, C_STATE, C_ZIP, C_PHONE, C_CREDIT, C_CREDIT_LIM, C_DISCOUNT, C_BALANCE, C_YTD_PAYMENT, C_PAYMENT_CNT, C_SINCE FROM CUSTOMER WHERE C_W_ID = 1 AND C_D_ID = 4 AND C_LAST = 'ANTIEINGATION' ORDER BY C_FIRST
Error Message: Cannot invoke "java.util.List.get(int)" because the return value of "sg.edu.nus.autotune.DB2DATA.getAllIndexes()" is null


===== Query 2976 =====

SQL: SELECT NO_O_ID FROM NEW_ORDER WHERE NO_D_ID = 10 AND NO_W_ID = 2 ORDER BY NO_O_ID ASC LIMIT 1

EXPLAIN Plan:

Limit  (cost=0.42..0.47 rows=1 width=4) (actual time=0.055..0.056 rows=1 loops=1)

  ->  Index Only Scan using new_order_pkey on new_order  (cost=0.42..91.60 rows=1759 width=4) (actual time=0.053..0.054 rows=1 loops=1)

        Index Cond: ((no_w_id = 2) AND (no_d_id = 10))

        Heap Fetches: 0

Planning Time: 0.127 ms

Execution Time: 0.076 ms
Failed SQL 2976: SELECT NO_O_ID FROM NEW_ORDER WHERE NO_D_ID = 10 AND NO_W_ID = 2 ORDER BY NO_O_ID ASC LIMIT 1
Error Message: Cannot invoke "java.util.List.get(int)" because the return value of "sg.edu.nus.autotune.DB2DATA.getAllIndexes()" is null


===== Query 2977 =====

SQL: UPDATE CUSTOMER SET C_BALANCE = -2553.77, C_YTD_PAYMENT = 2553.77, C_PAYMENT_CNT = 2 WHERE C_W_ID = 1 AND C_D_ID = 4 AND C_ID = 699

EXPLAIN Plan:

Update on customer  (cost=0.42..8.44 rows=0 width=0) (actual time=0.164..0.164 rows=0 loops=1)

  ->  Index Scan using customer_pkey on customer  (cost=0.42..8.44 rows=1 width=34) (actual time=0.035..0.037 rows=1 loops=1)

        Index Cond: ((c_w_id = 1) AND (c_d_id = 4) AND (c_id = 699))

Planning Time: 0.201 ms

Execution Time: 0.191 ms
Failed SQL 2977: UPDATE CUSTOMER SET C_BALANCE = -2553.77, C_YTD_PAYMENT = 2553.77, C_PAYMENT_CNT = 2 WHERE C_W_ID = 1 AND C_D_ID = 4 AND C_ID = 699
Error Message: Cannot invoke "java.util.List.get(int)" because the return value of "sg.edu.nus.autotune.DB2DATA.getAllIndexes()" is null


===== Query 2978 =====

SQL: SELECT O_C_ID FROM OORDER WHERE O_ID = 2512 AND O_D_ID = 10 AND O_W_ID = 2

EXPLAIN Plan:

Index Scan using oorder_pkey on oorder  (cost=0.42..8.44 rows=1 width=4) (actual time=0.083..0.084 rows=1 loops=1)

  Index Cond: ((o_w_id = 2) AND (o_d_id = 10) AND (o_id = 2512))

Planning Time: 0.118 ms

Execution Time: 0.104 ms
Failed SQL 2978: SELECT O_C_ID FROM OORDER WHERE O_ID = 2512 AND O_D_ID = 10 AND O_W_ID = 2
Error Message: Cannot invoke "java.util.List.get(int)" because the return value of "sg.edu.nus.autotune.DB2DATA.getAllIndexes()" is null


===== Query 2979 =====

SQL: UPDATE OORDER SET O_CARRIER_ID = 7 WHERE O_ID = 2512 AND O_D_ID = 10 AND O_W_ID = 2

EXPLAIN Plan:

Update on oorder  (cost=0.42..8.44 rows=0 width=0) (actual time=0.268..0.269 rows=0 loops=1)

  ->  Index Scan using oorder_pkey on oorder  (cost=0.42..8.44 rows=1 width=10) (actual time=0.196..0.198 rows=1 loops=1)

        Index Cond: ((o_w_id = 2) AND (o_d_id = 10) AND (o_id = 2512))

Planning Time: 0.111 ms

Execution Time: 0.325 ms
Failed SQL 2979: UPDATE OORDER SET O_CARRIER_ID = 7 WHERE O_ID = 2512 AND O_D_ID = 10 AND O_W_ID = 2
Error Message: Cannot invoke "java.util.List.get(int)" because the return value of "sg.edu.nus.autotune.DB2DATA.getAllIndexes()" is null


===== Query 2980 =====

SQL: UPDATE ORDER_LINE SET OL_DELIVERY_D = '2014-10-12 20:52:37.08' WHERE OL_O_ID = 2512 AND OL_D_ID = 10 AND OL_W_ID = 2

EXPLAIN Plan:

Update on order_line  (cost=0.43..43.81 rows=0 width=0) (actual time=1.369..1.370 rows=0 loops=1)

  ->  Index Scan using order_line_pkey on order_line  (cost=0.43..43.81 rows=10 width=14) (actual time=0.062..0.067 rows=7 loops=1)

        Index Cond: ((ol_w_id = 2) AND (ol_d_id = 10) AND (ol_o_id = 2512))

Planning Time: 0.107 ms

Execution Time: 1.400 ms
Failed SQL 2980: UPDATE ORDER_LINE SET OL_DELIVERY_D = '2014-10-12 20:52:37.08' WHERE OL_O_ID = 2512 AND OL_D_ID = 10 AND OL_W_ID = 2
Error Message: Cannot invoke "java.util.List.get(int)" because the return value of "sg.edu.nus.autotune.DB2DATA.getAllIndexes()" is null


===== Query 2981 =====

SQL: SELECT SUM(OL_AMOUNT) AS OL_TOTAL FROM ORDER_LINE WHERE OL_O_ID = 2512 AND OL_D_ID = 10 AND OL_W_ID = 2

EXPLAIN Plan:

Aggregate  (cost=43.83..43.84 rows=1 width=32) (actual time=0.064..0.065 rows=1 loops=1)

  ->  Index Scan using order_line_pkey on order_line  (cost=0.43..43.81 rows=10 width=6) (actual time=0.045..0.051 rows=7 loops=1)

        Index Cond: ((ol_w_id = 2) AND (ol_d_id = 10) AND (ol_o_id = 2512))

Planning Time: 0.145 ms

Execution Time: 0.098 ms
Failed SQL 2981: SELECT SUM(OL_AMOUNT) AS OL_TOTAL FROM ORDER_LINE WHERE OL_O_ID = 2512 AND OL_D_ID = 10 AND OL_W_ID = 2
Error Message: Cannot invoke "java.util.List.get(int)" because the return value of "sg.edu.nus.autotune.DB2DATA.getAllIndexes()" is null


===== Query 2982 =====

SQL: UPDATE CUSTOMER SET C_BALANCE = C_BALANCE + 35829.8, C_DELIVERY_CNT = C_DELIVERY_CNT + 1 WHERE C_W_ID = 2 AND C_D_ID = 10 AND C_ID = 791

EXPLAIN Plan:

Update on customer  (cost=0.42..8.45 rows=0 width=0) (actual time=0.123..0.123 rows=0 loops=1)

  ->  Index Scan using customer_pkey on customer  (cost=0.42..8.45 rows=1 width=26) (actual time=0.060..0.061 rows=1 loops=1)

        Index Cond: ((c_w_id = 2) AND (c_d_id = 10) AND (c_id = 791))

Planning Time: 0.104 ms

Execution Time: 0.153 ms
Failed SQL 2982: UPDATE CUSTOMER SET C_BALANCE = C_BALANCE + 35829.8, C_DELIVERY_CNT = C_DELIVERY_CNT + 1 WHERE C_W_ID = 2 AND C_D_ID = 10 AND C_ID = 791
Error Message: Cannot invoke "java.util.List.get(int)" because the return value of "sg.edu.nus.autotune.DB2DATA.getAllIndexes()" is null


===== Query 2983 =====

SQL: SELECT C_DISCOUNT, C_LAST, C_CREDIT, W_TAX FROM CUSTOMER, WAREHOUSE WHERE W_ID = 1 AND C_W_ID = 1 AND C_D_ID = 8 AND C_ID = 941

EXPLAIN Plan:

Nested Loop  (cost=4.56..16.61 rows=1 width=26) (actual time=0.066..0.068 rows=1 loops=1)

  ->  Index Scan using customer_pkey on customer  (cost=0.42..8.44 rows=1 width=21) (actual time=0.048..0.049 rows=1 loops=1)

        Index Cond: ((c_w_id = 1) AND (c_d_id = 8) AND (c_id = 941))

  ->  Bitmap Heap Scan on warehouse  (cost=4.14..8.15 rows=1 width=5) (actual time=0.010..0.011 rows=1 loops=1)

        Recheck Cond: (w_id = 1)

        Heap Blocks: exact=1

        ->  Bitmap Index Scan on warehouse_pkey  (cost=0.00..4.14 rows=1 width=0) (actual time=0.005..0.005 rows=1 loops=1)

              Index Cond: (w_id = 1)

Planning Time: 0.146 ms

Execution Time: 0.107 ms
Failed SQL 2983: SELECT C_DISCOUNT, C_LAST, C_CREDIT, W_TAX FROM CUSTOMER, WAREHOUSE WHERE W_ID = 1 AND C_W_ID = 1 AND C_D_ID = 8 AND C_ID = 941
Error Message: Cannot invoke "java.util.List.get(int)" because the return value of "sg.edu.nus.autotune.DB2DATA.getAllIndexes()" is null


===== Query 2984 =====

SQL: SELECT D_NEXT_O_ID, D_TAX FROM DISTRICT WHERE D_W_ID = 1 AND D_ID = 8

EXPLAIN Plan:

Bitmap Heap Scan on district  (cost=4.28..11.66 rows=2 width=9) (actual time=0.024..0.025 rows=1 loops=1)

  Recheck Cond: ((d_w_id = 1) AND (d_id = 8))

  Heap Blocks: exact=1

  ->  Bitmap Index Scan on district_pkey  (cost=0.00..4.28 rows=2 width=0) (actual time=0.015..0.015 rows=1 loops=1)

        Index Cond: ((d_w_id = 1) AND (d_id = 8))

Planning Time: 0.096 ms

Execution Time: 0.051 ms
Failed SQL 2984: SELECT D_NEXT_O_ID, D_TAX FROM DISTRICT WHERE D_W_ID = 1 AND D_ID = 8
Error Message: Cannot invoke "java.util.List.get(int)" because the return value of "sg.edu.nus.autotune.DB2DATA.getAllIndexes()" is null


===== Query 2985 =====

SQL: UPDATE DISTRICT SET D_NEXT_O_ID = D_NEXT_O_ID + 1 WHERE D_W_ID = 1 AND D_ID = 8

EXPLAIN Plan:

Update on district  (cost=4.28..11.67 rows=0 width=0) (actual time=0.072..0.072 rows=0 loops=1)

  ->  Bitmap Heap Scan on district  (cost=4.28..11.67 rows=2 width=10) (actual time=0.023..0.024 rows=1 loops=1)

        Recheck Cond: ((d_w_id = 1) AND (d_id = 8))

        Heap Blocks: exact=1

        ->  Bitmap Index Scan on district_pkey  (cost=0.00..4.28 rows=2 width=0) (actual time=0.013..0.013 rows=1 loops=1)

              Index Cond: ((d_w_id = 1) AND (d_id = 8))

Planning Time: 0.089 ms

Execution Time: 0.116 ms
Failed SQL 2985: UPDATE DISTRICT SET D_NEXT_O_ID = D_NEXT_O_ID + 1 WHERE D_W_ID = 1 AND D_ID = 8
Error Message: Cannot invoke "java.util.List.get(int)" because the return value of "sg.edu.nus.autotune.DB2DATA.getAllIndexes()" is null


===== Query 2986 =====

SQL: SELECT I_PRICE, I_NAME , I_DATA FROM ITEM WHERE I_ID = 81125

EXPLAIN Plan:

Index Scan using item_pkey on item  (cost=0.29..8.31 rows=1 width=61) (actual time=0.044..0.046 rows=1 loops=1)

  Index Cond: (i_id = 81125)

Planning Time: 0.064 ms

Execution Time: 0.060 ms
Failed SQL 2986: SELECT I_PRICE, I_NAME , I_DATA FROM ITEM WHERE I_ID = 81125
Error Message: Cannot invoke "java.util.List.get(int)" because the return value of "sg.edu.nus.autotune.DB2DATA.getAllIndexes()" is null


===== Query 2987 =====

SQL: SELECT S_QUANTITY, S_DATA, S_DIST_01, S_DIST_02, S_DIST_03, S_DIST_04, S_DIST_05, S_DIST_06, S_DIST_07, S_DIST_08, S_DIST_09, S_DIST_10 FROM STOCK WHERE S_I_ID = 81125 AND S_W_ID = 1

EXPLAIN Plan:

Index Scan using stock_pkey on stock  (cost=0.42..8.44 rows=1 width=291) (actual time=0.072..0.074 rows=1 loops=1)

  Index Cond: ((s_w_id = 1) AND (s_i_id = 81125))

Planning Time: 0.143 ms

Execution Time: 0.099 ms
Failed SQL 2987: SELECT S_QUANTITY, S_DATA, S_DIST_01, S_DIST_02, S_DIST_03, S_DIST_04, S_DIST_05, S_DIST_06, S_DIST_07, S_DIST_08, S_DIST_09, S_DIST_10 FROM STOCK WHERE S_I_ID = 81125 AND S_W_ID = 1
Error Message: Cannot invoke "java.util.List.get(int)" because the return value of "sg.edu.nus.autotune.DB2DATA.getAllIndexes()" is null


===== Query 2988 =====

SQL: UPDATE STOCK SET S_QUANTITY = 44, S_YTD = S_YTD + 8, S_ORDER_CNT = S_ORDER_CNT + 1, S_REMOTE_CNT = S_REMOTE_CNT + 0 WHERE S_I_ID = 81125 AND S_W_ID = 1

EXPLAIN Plan:

Update on stock  (cost=0.42..8.45 rows=0 width=0) (actual time=0.113..0.114 rows=0 loops=1)

  ->  Index Scan using stock_pkey on stock  (cost=0.42..8.45 rows=1 width=32) (actual time=0.027..0.028 rows=1 loops=1)

        Index Cond: ((s_w_id = 1) AND (s_i_id = 81125))

Planning Time: 0.103 ms

Execution Time: 0.142 ms
Failed SQL 2988: UPDATE STOCK SET S_QUANTITY = 44, S_YTD = S_YTD + 8, S_ORDER_CNT = S_ORDER_CNT + 1, S_REMOTE_CNT = S_REMOTE_CNT + 0 WHERE S_I_ID = 81125 AND S_W_ID = 1
Error Message: Cannot invoke "java.util.List.get(int)" because the return value of "sg.edu.nus.autotune.DB2DATA.getAllIndexes()" is null


===== Query 2989 =====

SQL: SELECT I_PRICE, I_NAME , I_DATA FROM ITEM WHERE I_ID = 48866

EXPLAIN Plan:

Index Scan using item_pkey on item  (cost=0.29..8.31 rows=1 width=61) (actual time=0.068..0.071 rows=1 loops=1)

  Index Cond: (i_id = 48866)

Planning Time: 0.086 ms

Execution Time: 0.092 ms
Failed SQL 2989: SELECT I_PRICE, I_NAME , I_DATA FROM ITEM WHERE I_ID = 48866
Error Message: Cannot invoke "java.util.List.get(int)" because the return value of "sg.edu.nus.autotune.DB2DATA.getAllIndexes()" is null


===== Query 2990 =====

SQL: SELECT S_QUANTITY, S_DATA, S_DIST_01, S_DIST_02, S_DIST_03, S_DIST_04, S_DIST_05, S_DIST_06, S_DIST_07, S_DIST_08, S_DIST_09, S_DIST_10 FROM STOCK WHERE S_I_ID = 48866 AND S_W_ID = 1

EXPLAIN Plan:

Index Scan using stock_pkey on stock  (cost=0.42..8.44 rows=1 width=291) (actual time=0.815..0.818 rows=1 loops=1)

  Index Cond: ((s_w_id = 1) AND (s_i_id = 48866))

Planning Time: 0.089 ms

Execution Time: 0.847 ms
Failed SQL 2990: SELECT S_QUANTITY, S_DATA, S_DIST_01, S_DIST_02, S_DIST_03, S_DIST_04, S_DIST_05, S_DIST_06, S_DIST_07, S_DIST_08, S_DIST_09, S_DIST_10 FROM STOCK WHERE S_I_ID = 48866 AND S_W_ID = 1
Error Message: Cannot invoke "java.util.List.get(int)" because the return value of "sg.edu.nus.autotune.DB2DATA.getAllIndexes()" is null


===== Query 2991 =====

SQL: UPDATE STOCK SET S_QUANTITY = 15, S_YTD = S_YTD + 10, S_ORDER_CNT = S_ORDER_CNT + 1, S_REMOTE_CNT = S_REMOTE_CNT + 0 WHERE S_I_ID = 48866 AND S_W_ID = 1

EXPLAIN Plan:

Update on stock  (cost=0.42..8.45 rows=0 width=0) (actual time=0.168..0.168 rows=0 loops=1)

  ->  Index Scan using stock_pkey on stock  (cost=0.42..8.45 rows=1 width=32) (actual time=0.034..0.037 rows=1 loops=1)

        Index Cond: ((s_w_id = 1) AND (s_i_id = 48866))

Planning Time: 0.172 ms

Execution Time: 0.212 ms
Failed SQL 2991: UPDATE STOCK SET S_QUANTITY = 15, S_YTD = S_YTD + 10, S_ORDER_CNT = S_ORDER_CNT + 1, S_REMOTE_CNT = S_REMOTE_CNT + 0 WHERE S_I_ID = 48866 AND S_W_ID = 1
Error Message: Cannot invoke "java.util.List.get(int)" because the return value of "sg.edu.nus.autotune.DB2DATA.getAllIndexes()" is null


===== Query 2992 =====

SQL: SELECT I_PRICE, I_NAME , I_DATA FROM ITEM WHERE I_ID = 16103

EXPLAIN Plan:

Index Scan using item_pkey on item  (cost=0.29..8.31 rows=1 width=61) (actual time=0.074..0.076 rows=1 loops=1)

  Index Cond: (i_id = 16103)

Planning Time: 0.081 ms

Execution Time: 0.104 ms
Failed SQL 2992: SELECT I_PRICE, I_NAME , I_DATA FROM ITEM WHERE I_ID = 16103
Error Message: Cannot invoke "java.util.List.get(int)" because the return value of "sg.edu.nus.autotune.DB2DATA.getAllIndexes()" is null


===== Query 2993 =====

SQL: SELECT S_QUANTITY, S_DATA, S_DIST_01, S_DIST_02, S_DIST_03, S_DIST_04, S_DIST_05, S_DIST_06, S_DIST_07, S_DIST_08, S_DIST_09, S_DIST_10 FROM STOCK WHERE S_I_ID = 16103 AND S_W_ID = 1

EXPLAIN Plan:

Index Scan using stock_pkey on stock  (cost=0.42..8.44 rows=1 width=291) (actual time=0.075..0.077 rows=1 loops=1)

  Index Cond: ((s_w_id = 1) AND (s_i_id = 16103))

Planning Time: 0.152 ms

Execution Time: 0.104 ms
Failed SQL 2993: SELECT S_QUANTITY, S_DATA, S_DIST_01, S_DIST_02, S_DIST_03, S_DIST_04, S_DIST_05, S_DIST_06, S_DIST_07, S_DIST_08, S_DIST_09, S_DIST_10 FROM STOCK WHERE S_I_ID = 16103 AND S_W_ID = 1
Error Message: Cannot invoke "java.util.List.get(int)" because the return value of "sg.edu.nus.autotune.DB2DATA.getAllIndexes()" is null


===== Query 2994 =====

SQL: UPDATE STOCK SET S_QUANTITY = 33, S_YTD = S_YTD + 5, S_ORDER_CNT = S_ORDER_CNT + 1, S_REMOTE_CNT = S_REMOTE_CNT + 0 WHERE S_I_ID = 16103 AND S_W_ID = 1

EXPLAIN Plan:

Update on stock  (cost=0.42..8.45 rows=0 width=0) (actual time=0.091..0.092 rows=0 loops=1)

  ->  Index Scan using stock_pkey on stock  (cost=0.42..8.45 rows=1 width=32) (actual time=0.040..0.041 rows=1 loops=1)

        Index Cond: ((s_w_id = 1) AND (s_i_id = 16103))

Planning Time: 0.100 ms

Execution Time: 0.119 ms
Failed SQL 2994: UPDATE STOCK SET S_QUANTITY = 33, S_YTD = S_YTD + 5, S_ORDER_CNT = S_ORDER_CNT + 1, S_REMOTE_CNT = S_REMOTE_CNT + 0 WHERE S_I_ID = 16103 AND S_W_ID = 1
Error Message: Cannot invoke "java.util.List.get(int)" because the return value of "sg.edu.nus.autotune.DB2DATA.getAllIndexes()" is null


===== Query 2995 =====

SQL: SELECT I_PRICE, I_NAME , I_DATA FROM ITEM WHERE I_ID = 4934

EXPLAIN Plan:

Index Scan using item_pkey on item  (cost=0.29..8.31 rows=1 width=61) (actual time=0.037..0.038 rows=1 loops=1)

  Index Cond: (i_id = 4934)

Planning Time: 0.047 ms

Execution Time: 0.048 ms
Failed SQL 2995: SELECT I_PRICE, I_NAME , I_DATA FROM ITEM WHERE I_ID = 4934
Error Message: Cannot invoke "java.util.List.get(int)" because the return value of "sg.edu.nus.autotune.DB2DATA.getAllIndexes()" is null


===== Query 2996 =====

SQL: SELECT S_QUANTITY, S_DATA, S_DIST_01, S_DIST_02, S_DIST_03, S_DIST_04, S_DIST_05, S_DIST_06, S_DIST_07, S_DIST_08, S_DIST_09, S_DIST_10 FROM STOCK WHERE S_I_ID = 4934 AND S_W_ID = 1

EXPLAIN Plan:

Index Scan using stock_pkey on stock  (cost=0.42..8.44 rows=1 width=291) (actual time=0.940..0.943 rows=1 loops=1)

  Index Cond: ((s_w_id = 1) AND (s_i_id = 4934))

Planning Time: 0.110 ms

Execution Time: 0.966 ms
Failed SQL 2996: SELECT S_QUANTITY, S_DATA, S_DIST_01, S_DIST_02, S_DIST_03, S_DIST_04, S_DIST_05, S_DIST_06, S_DIST_07, S_DIST_08, S_DIST_09, S_DIST_10 FROM STOCK WHERE S_I_ID = 4934 AND S_W_ID = 1
Error Message: Cannot invoke "java.util.List.get(int)" because the return value of "sg.edu.nus.autotune.DB2DATA.getAllIndexes()" is null


===== Query 2997 =====

SQL: UPDATE STOCK SET S_QUANTITY = 46, S_YTD = S_YTD + 6, S_ORDER_CNT = S_ORDER_CNT + 1, S_REMOTE_CNT = S_REMOTE_CNT + 0 WHERE S_I_ID = 4934 AND S_W_ID = 1

EXPLAIN Plan:

Update on stock  (cost=0.42..8.45 rows=0 width=0) (actual time=0.107..0.108 rows=0 loops=1)

  ->  Index Scan using stock_pkey on stock  (cost=0.42..8.45 rows=1 width=32) (actual time=0.029..0.031 rows=1 loops=1)

        Index Cond: ((s_w_id = 1) AND (s_i_id = 4934))

Planning Time: 0.120 ms

Execution Time: 0.136 ms
Failed SQL 2997: UPDATE STOCK SET S_QUANTITY = 46, S_YTD = S_YTD + 6, S_ORDER_CNT = S_ORDER_CNT + 1, S_REMOTE_CNT = S_REMOTE_CNT + 0 WHERE S_I_ID = 4934 AND S_W_ID = 1
Error Message: Cannot invoke "java.util.List.get(int)" because the return value of "sg.edu.nus.autotune.DB2DATA.getAllIndexes()" is null


===== Query 2998 =====

SQL: SELECT I_PRICE, I_NAME , I_DATA FROM ITEM WHERE I_ID = 1727

EXPLAIN Plan:

Index Scan using item_pkey on item  (cost=0.29..8.31 rows=1 width=61) (actual time=1.159..1.162 rows=1 loops=1)

  Index Cond: (i_id = 1727)

Planning Time: 0.087 ms

Execution Time: 1.184 ms
Failed SQL 2998: SELECT I_PRICE, I_NAME , I_DATA FROM ITEM WHERE I_ID = 1727
Error Message: Cannot invoke "java.util.List.get(int)" because the return value of "sg.edu.nus.autotune.DB2DATA.getAllIndexes()" is null


===== Query 2999 =====

SQL: SELECT C_DISCOUNT, C_LAST, C_CREDIT, W_TAX FROM CUSTOMER, WAREHOUSE WHERE W_ID = 2 AND C_W_ID = 2 AND C_D_ID = 1 AND C_ID = 259

EXPLAIN Plan:

Nested Loop  (cost=4.56..16.61 rows=1 width=26) (actual time=0.058..0.059 rows=1 loops=1)

  ->  Index Scan using customer_pkey on customer  (cost=0.42..8.44 rows=1 width=21) (actual time=0.046..0.046 rows=1 loops=1)

        Index Cond: ((c_w_id = 2) AND (c_d_id = 1) AND (c_id = 259))

  ->  Bitmap Heap Scan on warehouse  (cost=4.14..8.15 rows=1 width=5) (actual time=0.007..0.007 rows=1 loops=1)

        Recheck Cond: (w_id = 2)

        Heap Blocks: exact=1

        ->  Bitmap Index Scan on warehouse_pkey  (cost=0.00..4.14 rows=1 width=0) (actual time=0.004..0.004 rows=1 loops=1)

              Index Cond: (w_id = 2)

Planning Time: 0.094 ms

Execution Time: 0.093 ms
Failed SQL 2999: SELECT C_DISCOUNT, C_LAST, C_CREDIT, W_TAX FROM CUSTOMER, WAREHOUSE WHERE W_ID = 2 AND C_W_ID = 2 AND C_D_ID = 1 AND C_ID = 259
Error Message: Cannot invoke "java.util.List.get(int)" because the return value of "sg.edu.nus.autotune.DB2DATA.getAllIndexes()" is null


===== Query 3000 =====

SQL: SELECT S_QUANTITY, S_DATA, S_DIST_01, S_DIST_02, S_DIST_03, S_DIST_04, S_DIST_05, S_DIST_06, S_DIST_07, S_DIST_08, S_DIST_09, S_DIST_10 FROM STOCK WHERE S_I_ID = 1727 AND S_W_ID = 1

EXPLAIN Plan:

Index Scan using stock_pkey on stock  (cost=0.42..8.44 rows=1 width=291) (actual time=0.299..0.300 rows=1 loops=1)

  Index Cond: ((s_w_id = 1) AND (s_i_id = 1727))

Planning Time: 0.057 ms

Execution Time: 0.314 ms
Failed SQL 3000: SELECT S_QUANTITY, S_DATA, S_DIST_01, S_DIST_02, S_DIST_03, S_DIST_04, S_DIST_05, S_DIST_06, S_DIST_07, S_DIST_08, S_DIST_09, S_DIST_10 FROM STOCK WHERE S_I_ID = 1727 AND S_W_ID = 1
Error Message: Cannot invoke "java.util.List.get(int)" because the return value of "sg.edu.nus.autotune.DB2DATA.getAllIndexes()" is null


===== Query 3001 =====

SQL: UPDATE STOCK SET S_QUANTITY = 13, S_YTD = S_YTD + 1, S_ORDER_CNT = S_ORDER_CNT + 1, S_REMOTE_CNT = S_REMOTE_CNT + 0 WHERE S_I_ID = 1727 AND S_W_ID = 1

EXPLAIN Plan:

Update on stock  (cost=0.42..8.45 rows=0 width=0) (actual time=0.074..0.075 rows=0 loops=1)

  ->  Index Scan using stock_pkey on stock  (cost=0.42..8.45 rows=1 width=32) (actual time=0.026..0.028 rows=1 loops=1)

        Index Cond: ((s_w_id = 1) AND (s_i_id = 1727))

Planning Time: 0.109 ms

Execution Time: 0.104 ms
Failed SQL 3001: UPDATE STOCK SET S_QUANTITY = 13, S_YTD = S_YTD + 1, S_ORDER_CNT = S_ORDER_CNT + 1, S_REMOTE_CNT = S_REMOTE_CNT + 0 WHERE S_I_ID = 1727 AND S_W_ID = 1
Error Message: Cannot invoke "java.util.List.get(int)" because the return value of "sg.edu.nus.autotune.DB2DATA.getAllIndexes()" is null
